[1.826s] DEBUG:colcon:Command line arguments: ['/usr/bin/colcon', 'build']
[1.826s] DEBUG:colcon:Parsed command line arguments: Namespace(allow_overriding=[], ament_cmake_args=None, base_paths=['.'], build_base='build', catkin_cmake_args=None, catkin_skip_building_tests=False, cmake_args=None, cmake_clean_cache=False, cmake_clean_first=False, cmake_force_configure=False, cmake_target=None, cmake_target_skip_unavailable=False, continue_on_error=False, event_handlers=None, executor='parallel', ignore_user_meta=False, install_base='install', log_base=None, log_level=None, main=<bound method BuildVerb.main of <colcon_core.verb.build.BuildVerb object at 0xffffa6b7b130>>, merge_install=False, metas=['./colcon.meta'], mixin=None, mixin_files=None, mixin_verb=('build',), packages_above=None, packages_above_and_dependencies=None, packages_above_depth=None, packages_end=None, packages_ignore=None, packages_ignore_regex=None, packages_select=None, packages_select_build_failed=False, packages_select_by_dep=None, packages_select_regex=None, packages_select_test_failures=False, packages_skip=None, packages_skip_build_finished=False, packages_skip_by_dep=None, packages_skip_regex=None, packages_skip_test_passed=False, packages_skip_up_to=None, packages_start=None, packages_up_to=None, packages_up_to_regex=None, parallel_workers=4, paths=None, symlink_install=False, test_result_base=None, verb_extension=<colcon_core.verb.build.BuildVerb object at 0xffffa6b7b130>, verb_name='build', verb_parser=<colcon_mixin.mixin.mixin_argument.MixinArgumentDecorator object at 0xffffa6acefd0>)
[2.648s] Level 1:colcon.colcon_core.package_discovery:discover_packages(colcon_meta) check parameters
[2.649s] Level 1:colcon.colcon_core.package_discovery:discover_packages(recursive) check parameters
[2.649s] Level 1:colcon.colcon_core.package_discovery:discover_packages(ignore) check parameters
[2.649s] Level 1:colcon.colcon_core.package_discovery:discover_packages(path) check parameters
[2.649s] Level 1:colcon.colcon_core.package_discovery:discover_packages(colcon_meta) discover
[2.650s] Level 1:colcon.colcon_core.package_discovery:discover_packages(recursive) discover
[2.650s] INFO:colcon.colcon_core.package_discovery:Crawling recursively for packages in '/home/pi/ydlidar_ros2_ws'
[2.650s] Level 1:colcon.colcon_core.package_identification:_identify(.) by extensions ['ignore', 'ignore_ament_install']
[2.651s] Level 1:colcon.colcon_core.package_identification:_identify(.) by extension 'ignore'
[2.651s] Level 1:colcon.colcon_core.package_identification:_identify(.) by extension 'ignore_ament_install'
[2.652s] Level 1:colcon.colcon_core.package_identification:_identify(.) by extensions ['colcon_pkg']
[2.652s] Level 1:colcon.colcon_core.package_identification:_identify(.) by extension 'colcon_pkg'
[2.652s] Level 1:colcon.colcon_core.package_identification:_identify(.) by extensions ['colcon_meta']
[2.652s] Level 1:colcon.colcon_core.package_identification:_identify(.) by extension 'colcon_meta'
[2.652s] Level 1:colcon.colcon_core.package_identification:_identify(.) by extensions ['ros']
[2.653s] Level 1:colcon.colcon_core.package_identification:_identify(.) by extension 'ros'
[2.720s] Level 1:colcon.colcon_core.package_identification:_identify(.) by extensions ['cmake', 'python']
[2.720s] Level 1:colcon.colcon_core.package_identification:_identify(.) by extension 'cmake'
[2.720s] Level 1:colcon.colcon_core.package_identification:_identify(.) by extension 'python'
[2.720s] Level 1:colcon.colcon_core.package_identification:_identify(.) by extensions ['python_setup_py']
[2.720s] Level 1:colcon.colcon_core.package_identification:_identify(.) by extension 'python_setup_py'
[2.721s] Level 1:colcon.colcon_core.package_identification:_identify(build) by extensions ['ignore', 'ignore_ament_install']
[2.721s] Level 1:colcon.colcon_core.package_identification:_identify(build) by extension 'ignore'
[2.721s] Level 1:colcon.colcon_core.package_identification:_identify(build) ignored
[2.722s] Level 1:colcon.colcon_core.package_identification:_identify(install) by extensions ['ignore', 'ignore_ament_install']
[2.722s] Level 1:colcon.colcon_core.package_identification:_identify(install) by extension 'ignore'
[2.722s] Level 1:colcon.colcon_core.package_identification:_identify(install) ignored
[2.724s] Level 1:colcon.colcon_core.package_identification:_identify(log) by extensions ['ignore', 'ignore_ament_install']
[2.724s] Level 1:colcon.colcon_core.package_identification:_identify(log) by extension 'ignore'
[2.724s] Level 1:colcon.colcon_core.package_identification:_identify(log) ignored
[2.725s] Level 1:colcon.colcon_core.package_identification:_identify(src) by extensions ['ignore', 'ignore_ament_install']
[2.726s] Level 1:colcon.colcon_core.package_identification:_identify(src) by extension 'ignore'
[2.726s] Level 1:colcon.colcon_core.package_identification:_identify(src) by extension 'ignore_ament_install'
[2.726s] Level 1:colcon.colcon_core.package_identification:_identify(src) by extensions ['colcon_pkg']
[2.726s] Level 1:colcon.colcon_core.package_identification:_identify(src) by extension 'colcon_pkg'
[2.726s] Level 1:colcon.colcon_core.package_identification:_identify(src) by extensions ['colcon_meta']
[2.726s] Level 1:colcon.colcon_core.package_identification:_identify(src) by extension 'colcon_meta'
[2.727s] Level 1:colcon.colcon_core.package_identification:_identify(src) by extensions ['ros']
[2.727s] Level 1:colcon.colcon_core.package_identification:_identify(src) by extension 'ros'
[2.727s] Level 1:colcon.colcon_core.package_identification:_identify(src) by extensions ['cmake', 'python']
[2.727s] Level 1:colcon.colcon_core.package_identification:_identify(src) by extension 'cmake'
[2.727s] Level 1:colcon.colcon_core.package_identification:_identify(src) by extension 'python'
[2.727s] Level 1:colcon.colcon_core.package_identification:_identify(src) by extensions ['python_setup_py']
[2.728s] Level 1:colcon.colcon_core.package_identification:_identify(src) by extension 'python_setup_py'
[2.733s] Level 1:colcon.colcon_core.package_identification:_identify(src/jdamr200_node) by extensions ['ignore', 'ignore_ament_install']
[2.733s] Level 1:colcon.colcon_core.package_identification:_identify(src/jdamr200_node) by extension 'ignore'
[2.733s] Level 1:colcon.colcon_core.package_identification:_identify(src/jdamr200_node) by extension 'ignore_ament_install'
[2.734s] Level 1:colcon.colcon_core.package_identification:_identify(src/jdamr200_node) by extensions ['colcon_pkg']
[2.734s] Level 1:colcon.colcon_core.package_identification:_identify(src/jdamr200_node) by extension 'colcon_pkg'
[2.734s] Level 1:colcon.colcon_core.package_identification:_identify(src/jdamr200_node) by extensions ['colcon_meta']
[2.734s] Level 1:colcon.colcon_core.package_identification:_identify(src/jdamr200_node) by extension 'colcon_meta'
[2.734s] Level 1:colcon.colcon_core.package_identification:_identify(src/jdamr200_node) by extensions ['ros']
[2.734s] Level 1:colcon.colcon_core.package_identification:_identify(src/jdamr200_node) by extension 'ros'
[2.748s] DEBUG:colcon.colcon_core.package_identification:Package 'src/jdamr200_node' with type 'ros.ament_python' and name 'jdamr200_node'
[2.750s] Level 1:colcon.colcon_core.package_identification:_identify(src/jdamr200_teleop) by extensions ['ignore', 'ignore_ament_install']
[2.750s] Level 1:colcon.colcon_core.package_identification:_identify(src/jdamr200_teleop) by extension 'ignore'
[2.751s] Level 1:colcon.colcon_core.package_identification:_identify(src/jdamr200_teleop) by extension 'ignore_ament_install'
[2.751s] Level 1:colcon.colcon_core.package_identification:_identify(src/jdamr200_teleop) by extensions ['colcon_pkg']
[2.752s] Level 1:colcon.colcon_core.package_identification:_identify(src/jdamr200_teleop) by extension 'colcon_pkg'
[2.752s] Level 1:colcon.colcon_core.package_identification:_identify(src/jdamr200_teleop) by extensions ['colcon_meta']
[2.752s] Level 1:colcon.colcon_core.package_identification:_identify(src/jdamr200_teleop) by extension 'colcon_meta'
[2.752s] Level 1:colcon.colcon_core.package_identification:_identify(src/jdamr200_teleop) by extensions ['ros']
[2.753s] Level 1:colcon.colcon_core.package_identification:_identify(src/jdamr200_teleop) by extension 'ros'
[2.756s] DEBUG:colcon.colcon_core.package_identification:Package 'src/jdamr200_teleop' with type 'ros.ament_python' and name 'jdamr200_teleop'
[2.757s] Level 1:colcon.colcon_core.package_identification:_identify(src/myagv_bringup) by extensions ['ignore', 'ignore_ament_install']
[2.758s] Level 1:colcon.colcon_core.package_identification:_identify(src/myagv_bringup) by extension 'ignore'
[2.758s] Level 1:colcon.colcon_core.package_identification:_identify(src/myagv_bringup) by extension 'ignore_ament_install'
[2.758s] Level 1:colcon.colcon_core.package_identification:_identify(src/myagv_bringup) by extensions ['colcon_pkg']
[2.758s] Level 1:colcon.colcon_core.package_identification:_identify(src/myagv_bringup) by extension 'colcon_pkg'
[2.759s] Level 1:colcon.colcon_core.package_identification:_identify(src/myagv_bringup) by extensions ['colcon_meta']
[2.759s] Level 1:colcon.colcon_core.package_identification:_identify(src/myagv_bringup) by extension 'colcon_meta'
[2.759s] Level 1:colcon.colcon_core.package_identification:_identify(src/myagv_bringup) by extensions ['ros']
[2.759s] Level 1:colcon.colcon_core.package_identification:_identify(src/myagv_bringup) by extension 'ros'
[2.762s] DEBUG:colcon.colcon_core.package_identification:Package 'src/myagv_bringup' with type 'ros.ament_cmake' and name 'myagv_bringup'
[2.763s] Level 1:colcon.colcon_core.package_identification:_identify(src/myagv_description) by extensions ['ignore', 'ignore_ament_install']
[2.764s] Level 1:colcon.colcon_core.package_identification:_identify(src/myagv_description) by extension 'ignore'
[2.764s] Level 1:colcon.colcon_core.package_identification:_identify(src/myagv_description) by extension 'ignore_ament_install'
[2.764s] Level 1:colcon.colcon_core.package_identification:_identify(src/myagv_description) by extensions ['colcon_pkg']
[2.764s] Level 1:colcon.colcon_core.package_identification:_identify(src/myagv_description) by extension 'colcon_pkg'
[2.764s] Level 1:colcon.colcon_core.package_identification:_identify(src/myagv_description) by extensions ['colcon_meta']
[2.765s] Level 1:colcon.colcon_core.package_identification:_identify(src/myagv_description) by extension 'colcon_meta'
[2.765s] Level 1:colcon.colcon_core.package_identification:_identify(src/myagv_description) by extensions ['ros']
[2.765s] Level 1:colcon.colcon_core.package_identification:_identify(src/myagv_description) by extension 'ros'
[2.768s] DEBUG:colcon.colcon_core.package_identification:Package 'src/myagv_description' with type 'ros.ament_cmake' and name 'myagv_description'
[2.769s] Level 1:colcon.colcon_core.package_identification:_identify(src/myagv_navigation2) by extensions ['ignore', 'ignore_ament_install']
[2.769s] Level 1:colcon.colcon_core.package_identification:_identify(src/myagv_navigation2) by extension 'ignore'
[2.770s] Level 1:colcon.colcon_core.package_identification:_identify(src/myagv_navigation2) by extension 'ignore_ament_install'
[2.770s] Level 1:colcon.colcon_core.package_identification:_identify(src/myagv_navigation2) by extensions ['colcon_pkg']
[2.770s] Level 1:colcon.colcon_core.package_identification:_identify(src/myagv_navigation2) by extension 'colcon_pkg'
[2.770s] Level 1:colcon.colcon_core.package_identification:_identify(src/myagv_navigation2) by extensions ['colcon_meta']
[2.770s] Level 1:colcon.colcon_core.package_identification:_identify(src/myagv_navigation2) by extension 'colcon_meta'
[2.771s] Level 1:colcon.colcon_core.package_identification:_identify(src/myagv_navigation2) by extensions ['ros']
[2.771s] Level 1:colcon.colcon_core.package_identification:_identify(src/myagv_navigation2) by extension 'ros'
[2.773s] DEBUG:colcon.colcon_core.package_identification:Package 'src/myagv_navigation2' with type 'ros.ament_cmake' and name 'myagv_navigation2'
[2.774s] Level 1:colcon.colcon_core.package_identification:_identify(src/ps2_controller) by extensions ['ignore', 'ignore_ament_install']
[2.775s] Level 1:colcon.colcon_core.package_identification:_identify(src/ps2_controller) by extension 'ignore'
[2.775s] Level 1:colcon.colcon_core.package_identification:_identify(src/ps2_controller) by extension 'ignore_ament_install'
[2.776s] Level 1:colcon.colcon_core.package_identification:_identify(src/ps2_controller) by extensions ['colcon_pkg']
[2.776s] Level 1:colcon.colcon_core.package_identification:_identify(src/ps2_controller) by extension 'colcon_pkg'
[2.776s] Level 1:colcon.colcon_core.package_identification:_identify(src/ps2_controller) by extensions ['colcon_meta']
[2.776s] Level 1:colcon.colcon_core.package_identification:_identify(src/ps2_controller) by extension 'colcon_meta'
[2.776s] Level 1:colcon.colcon_core.package_identification:_identify(src/ps2_controller) by extensions ['ros']
[2.776s] Level 1:colcon.colcon_core.package_identification:_identify(src/ps2_controller) by extension 'ros'
[2.780s] DEBUG:colcon.colcon_core.package_identification:Package 'src/ps2_controller' with type 'ros.ament_cmake' and name 'ps2_controller'
[2.781s] Level 1:colcon.colcon_core.package_identification:_identify(src/ydlidar_ros2_driver) by extensions ['ignore', 'ignore_ament_install']
[2.782s] Level 1:colcon.colcon_core.package_identification:_identify(src/ydlidar_ros2_driver) by extension 'ignore'
[2.782s] Level 1:colcon.colcon_core.package_identification:_identify(src/ydlidar_ros2_driver) by extension 'ignore_ament_install'
[2.782s] Level 1:colcon.colcon_core.package_identification:_identify(src/ydlidar_ros2_driver) by extensions ['colcon_pkg']
[2.782s] Level 1:colcon.colcon_core.package_identification:_identify(src/ydlidar_ros2_driver) by extension 'colcon_pkg'
[2.782s] Level 1:colcon.colcon_core.package_identification:_identify(src/ydlidar_ros2_driver) by extensions ['colcon_meta']
[2.782s] Level 1:colcon.colcon_core.package_identification:_identify(src/ydlidar_ros2_driver) by extension 'colcon_meta'
[2.783s] Level 1:colcon.colcon_core.package_identification:_identify(src/ydlidar_ros2_driver) by extensions ['ros']
[2.783s] Level 1:colcon.colcon_core.package_identification:_identify(src/ydlidar_ros2_driver) by extension 'ros'
[2.786s] DEBUG:colcon.colcon_core.package_identification:Package 'src/ydlidar_ros2_driver' with type 'ros.ament_cmake' and name 'ydlidar_ros2_driver'
[2.786s] Level 1:colcon.colcon_core.package_discovery:discover_packages(recursive) using defaults
[2.786s] Level 1:colcon.colcon_core.package_discovery:discover_packages(ignore) discover
[2.786s] Level 1:colcon.colcon_core.package_discovery:discover_packages(ignore) using defaults
[2.787s] Level 1:colcon.colcon_core.package_discovery:discover_packages(path) discover
[2.787s] Level 1:colcon.colcon_core.package_discovery:discover_packages(path) using defaults
[2.882s] Level 1:colcon.colcon_core.package_discovery:discover_packages(prefix_path) check parameters
[2.882s] Level 1:colcon.colcon_core.package_discovery:discover_packages(prefix_path) discover
[2.911s] DEBUG:colcon.colcon_installed_package_information.package_discovery:Found 296 installed packages in /opt/ros/foxy
[2.956s] Level 1:colcon.colcon_core.package_discovery:discover_packages(prefix_path) using defaults
[3.626s] Level 5:colcon.colcon_core.verb:set package 'jdamr200_node' build argument 'cmake_args' from command line to 'None'
[3.627s] Level 5:colcon.colcon_core.verb:set package 'jdamr200_node' build argument 'cmake_target' from command line to 'None'
[3.627s] Level 5:colcon.colcon_core.verb:set package 'jdamr200_node' build argument 'cmake_target_skip_unavailable' from command line to 'False'
[3.627s] Level 5:colcon.colcon_core.verb:set package 'jdamr200_node' build argument 'cmake_clean_cache' from command line to 'False'
[3.627s] Level 5:colcon.colcon_core.verb:set package 'jdamr200_node' build argument 'cmake_clean_first' from command line to 'False'
[3.627s] Level 5:colcon.colcon_core.verb:set package 'jdamr200_node' build argument 'cmake_force_configure' from command line to 'False'
[3.627s] Level 5:colcon.colcon_core.verb:set package 'jdamr200_node' build argument 'ament_cmake_args' from command line to 'None'
[3.627s] Level 5:colcon.colcon_core.verb:set package 'jdamr200_node' build argument 'catkin_cmake_args' from command line to 'None'
[3.627s] Level 5:colcon.colcon_core.verb:set package 'jdamr200_node' build argument 'catkin_skip_building_tests' from command line to 'False'
[3.628s] DEBUG:colcon.colcon_core.verb:Building package 'jdamr200_node' with the following arguments: {'ament_cmake_args': None, 'build_base': '/home/pi/ydlidar_ros2_ws/build/jdamr200_node', 'catkin_cmake_args': None, 'catkin_skip_building_tests': False, 'cmake_args': None, 'cmake_clean_cache': False, 'cmake_clean_first': False, 'cmake_force_configure': False, 'cmake_target': None, 'cmake_target_skip_unavailable': False, 'install_base': '/home/pi/ydlidar_ros2_ws/install/jdamr200_node', 'merge_install': False, 'path': '/home/pi/ydlidar_ros2_ws/src/jdamr200_node', 'symlink_install': False, 'test_result_base': None}
[3.629s] Level 5:colcon.colcon_core.verb:set package 'jdamr200_teleop' build argument 'cmake_args' from command line to 'None'
[3.629s] Level 5:colcon.colcon_core.verb:set package 'jdamr200_teleop' build argument 'cmake_target' from command line to 'None'
[3.629s] Level 5:colcon.colcon_core.verb:set package 'jdamr200_teleop' build argument 'cmake_target_skip_unavailable' from command line to 'False'
[3.629s] Level 5:colcon.colcon_core.verb:set package 'jdamr200_teleop' build argument 'cmake_clean_cache' from command line to 'False'
[3.630s] Level 5:colcon.colcon_core.verb:set package 'jdamr200_teleop' build argument 'cmake_clean_first' from command line to 'False'
[3.630s] Level 5:colcon.colcon_core.verb:set package 'jdamr200_teleop' build argument 'cmake_force_configure' from command line to 'False'
[3.630s] Level 5:colcon.colcon_core.verb:set package 'jdamr200_teleop' build argument 'ament_cmake_args' from command line to 'None'
[3.630s] Level 5:colcon.colcon_core.verb:set package 'jdamr200_teleop' build argument 'catkin_cmake_args' from command line to 'None'
[3.630s] Level 5:colcon.colcon_core.verb:set package 'jdamr200_teleop' build argument 'catkin_skip_building_tests' from command line to 'False'
[3.630s] DEBUG:colcon.colcon_core.verb:Building package 'jdamr200_teleop' with the following arguments: {'ament_cmake_args': None, 'build_base': '/home/pi/ydlidar_ros2_ws/build/jdamr200_teleop', 'catkin_cmake_args': None, 'catkin_skip_building_tests': False, 'cmake_args': None, 'cmake_clean_cache': False, 'cmake_clean_first': False, 'cmake_force_configure': False, 'cmake_target': None, 'cmake_target_skip_unavailable': False, 'install_base': '/home/pi/ydlidar_ros2_ws/install/jdamr200_teleop', 'merge_install': False, 'path': '/home/pi/ydlidar_ros2_ws/src/jdamr200_teleop', 'symlink_install': False, 'test_result_base': None}
[3.631s] Level 5:colcon.colcon_core.verb:set package 'myagv_description' build argument 'cmake_args' from command line to 'None'
[3.632s] Level 5:colcon.colcon_core.verb:set package 'myagv_description' build argument 'cmake_target' from command line to 'None'
[3.632s] Level 5:colcon.colcon_core.verb:set package 'myagv_description' build argument 'cmake_target_skip_unavailable' from command line to 'False'
[3.632s] Level 5:colcon.colcon_core.verb:set package 'myagv_description' build argument 'cmake_clean_cache' from command line to 'False'
[3.632s] Level 5:colcon.colcon_core.verb:set package 'myagv_description' build argument 'cmake_clean_first' from command line to 'False'
[3.632s] Level 5:colcon.colcon_core.verb:set package 'myagv_description' build argument 'cmake_force_configure' from command line to 'False'
[3.632s] Level 5:colcon.colcon_core.verb:set package 'myagv_description' build argument 'ament_cmake_args' from command line to 'None'
[3.632s] Level 5:colcon.colcon_core.verb:set package 'myagv_description' build argument 'catkin_cmake_args' from command line to 'None'
[3.632s] Level 5:colcon.colcon_core.verb:set package 'myagv_description' build argument 'catkin_skip_building_tests' from command line to 'False'
[3.632s] DEBUG:colcon.colcon_core.verb:Building package 'myagv_description' with the following arguments: {'ament_cmake_args': None, 'build_base': '/home/pi/ydlidar_ros2_ws/build/myagv_description', 'catkin_cmake_args': None, 'catkin_skip_building_tests': False, 'cmake_args': None, 'cmake_clean_cache': False, 'cmake_clean_first': False, 'cmake_force_configure': False, 'cmake_target': None, 'cmake_target_skip_unavailable': False, 'install_base': '/home/pi/ydlidar_ros2_ws/install/myagv_description', 'merge_install': False, 'path': '/home/pi/ydlidar_ros2_ws/src/myagv_description', 'symlink_install': False, 'test_result_base': None}
[3.634s] Level 5:colcon.colcon_core.verb:set package 'myagv_navigation2' build argument 'cmake_args' from command line to 'None'
[3.634s] Level 5:colcon.colcon_core.verb:set package 'myagv_navigation2' build argument 'cmake_target' from command line to 'None'
[3.634s] Level 5:colcon.colcon_core.verb:set package 'myagv_navigation2' build argument 'cmake_target_skip_unavailable' from command line to 'False'
[3.634s] Level 5:colcon.colcon_core.verb:set package 'myagv_navigation2' build argument 'cmake_clean_cache' from command line to 'False'
[3.634s] Level 5:colcon.colcon_core.verb:set package 'myagv_navigation2' build argument 'cmake_clean_first' from command line to 'False'
[3.634s] Level 5:colcon.colcon_core.verb:set package 'myagv_navigation2' build argument 'cmake_force_configure' from command line to 'False'
[3.635s] Level 5:colcon.colcon_core.verb:set package 'myagv_navigation2' build argument 'ament_cmake_args' from command line to 'None'
[3.635s] Level 5:colcon.colcon_core.verb:set package 'myagv_navigation2' build argument 'catkin_cmake_args' from command line to 'None'
[3.635s] Level 5:colcon.colcon_core.verb:set package 'myagv_navigation2' build argument 'catkin_skip_building_tests' from command line to 'False'
[3.635s] DEBUG:colcon.colcon_core.verb:Building package 'myagv_navigation2' with the following arguments: {'ament_cmake_args': None, 'build_base': '/home/pi/ydlidar_ros2_ws/build/myagv_navigation2', 'catkin_cmake_args': None, 'catkin_skip_building_tests': False, 'cmake_args': None, 'cmake_clean_cache': False, 'cmake_clean_first': False, 'cmake_force_configure': False, 'cmake_target': None, 'cmake_target_skip_unavailable': False, 'install_base': '/home/pi/ydlidar_ros2_ws/install/myagv_navigation2', 'merge_install': False, 'path': '/home/pi/ydlidar_ros2_ws/src/myagv_navigation2', 'symlink_install': False, 'test_result_base': None}
[3.636s] Level 5:colcon.colcon_core.verb:set package 'ps2_controller' build argument 'cmake_args' from command line to 'None'
[3.636s] Level 5:colcon.colcon_core.verb:set package 'ps2_controller' build argument 'cmake_target' from command line to 'None'
[3.637s] Level 5:colcon.colcon_core.verb:set package 'ps2_controller' build argument 'cmake_target_skip_unavailable' from command line to 'False'
[3.637s] Level 5:colcon.colcon_core.verb:set package 'ps2_controller' build argument 'cmake_clean_cache' from command line to 'False'
[3.637s] Level 5:colcon.colcon_core.verb:set package 'ps2_controller' build argument 'cmake_clean_first' from command line to 'False'
[3.637s] Level 5:colcon.colcon_core.verb:set package 'ps2_controller' build argument 'cmake_force_configure' from command line to 'False'
[3.637s] Level 5:colcon.colcon_core.verb:set package 'ps2_controller' build argument 'ament_cmake_args' from command line to 'None'
[3.637s] Level 5:colcon.colcon_core.verb:set package 'ps2_controller' build argument 'catkin_cmake_args' from command line to 'None'
[3.637s] Level 5:colcon.colcon_core.verb:set package 'ps2_controller' build argument 'catkin_skip_building_tests' from command line to 'False'
[3.637s] DEBUG:colcon.colcon_core.verb:Building package 'ps2_controller' with the following arguments: {'ament_cmake_args': None, 'build_base': '/home/pi/ydlidar_ros2_ws/build/ps2_controller', 'catkin_cmake_args': None, 'catkin_skip_building_tests': False, 'cmake_args': None, 'cmake_clean_cache': False, 'cmake_clean_first': False, 'cmake_force_configure': False, 'cmake_target': None, 'cmake_target_skip_unavailable': False, 'install_base': '/home/pi/ydlidar_ros2_ws/install/ps2_controller', 'merge_install': False, 'path': '/home/pi/ydlidar_ros2_ws/src/ps2_controller', 'symlink_install': False, 'test_result_base': None}
[3.639s] Level 5:colcon.colcon_core.verb:set package 'ydlidar_ros2_driver' build argument 'cmake_args' from command line to 'None'
[3.639s] Level 5:colcon.colcon_core.verb:set package 'ydlidar_ros2_driver' build argument 'cmake_target' from command line to 'None'
[3.639s] Level 5:colcon.colcon_core.verb:set package 'ydlidar_ros2_driver' build argument 'cmake_target_skip_unavailable' from command line to 'False'
[3.639s] Level 5:colcon.colcon_core.verb:set package 'ydlidar_ros2_driver' build argument 'cmake_clean_cache' from command line to 'False'
[3.639s] Level 5:colcon.colcon_core.verb:set package 'ydlidar_ros2_driver' build argument 'cmake_clean_first' from command line to 'False'
[3.639s] Level 5:colcon.colcon_core.verb:set package 'ydlidar_ros2_driver' build argument 'cmake_force_configure' from command line to 'False'
[3.639s] Level 5:colcon.colcon_core.verb:set package 'ydlidar_ros2_driver' build argument 'ament_cmake_args' from command line to 'None'
[3.639s] Level 5:colcon.colcon_core.verb:set package 'ydlidar_ros2_driver' build argument 'catkin_cmake_args' from command line to 'None'
[3.639s] Level 5:colcon.colcon_core.verb:set package 'ydlidar_ros2_driver' build argument 'catkin_skip_building_tests' from command line to 'False'
[3.640s] DEBUG:colcon.colcon_core.verb:Building package 'ydlidar_ros2_driver' with the following arguments: {'ament_cmake_args': None, 'build_base': '/home/pi/ydlidar_ros2_ws/build/ydlidar_ros2_driver', 'catkin_cmake_args': None, 'catkin_skip_building_tests': False, 'cmake_args': None, 'cmake_clean_cache': False, 'cmake_clean_first': False, 'cmake_force_configure': False, 'cmake_target': None, 'cmake_target_skip_unavailable': False, 'install_base': '/home/pi/ydlidar_ros2_ws/install/ydlidar_ros2_driver', 'merge_install': False, 'path': '/home/pi/ydlidar_ros2_ws/src/ydlidar_ros2_driver', 'symlink_install': False, 'test_result_base': None}
[3.641s] Level 5:colcon.colcon_core.verb:set package 'myagv_bringup' build argument 'cmake_args' from command line to 'None'
[3.641s] Level 5:colcon.colcon_core.verb:set package 'myagv_bringup' build argument 'cmake_target' from command line to 'None'
[3.641s] Level 5:colcon.colcon_core.verb:set package 'myagv_bringup' build argument 'cmake_target_skip_unavailable' from command line to 'False'
[3.641s] Level 5:colcon.colcon_core.verb:set package 'myagv_bringup' build argument 'cmake_clean_cache' from command line to 'False'
[3.641s] Level 5:colcon.colcon_core.verb:set package 'myagv_bringup' build argument 'cmake_clean_first' from command line to 'False'
[3.641s] Level 5:colcon.colcon_core.verb:set package 'myagv_bringup' build argument 'cmake_force_configure' from command line to 'False'
[3.642s] Level 5:colcon.colcon_core.verb:set package 'myagv_bringup' build argument 'ament_cmake_args' from command line to 'None'
[3.642s] Level 5:colcon.colcon_core.verb:set package 'myagv_bringup' build argument 'catkin_cmake_args' from command line to 'None'
[3.642s] Level 5:colcon.colcon_core.verb:set package 'myagv_bringup' build argument 'catkin_skip_building_tests' from command line to 'False'
[3.642s] DEBUG:colcon.colcon_core.verb:Building package 'myagv_bringup' with the following arguments: {'ament_cmake_args': None, 'build_base': '/home/pi/ydlidar_ros2_ws/build/myagv_bringup', 'catkin_cmake_args': None, 'catkin_skip_building_tests': False, 'cmake_args': None, 'cmake_clean_cache': False, 'cmake_clean_first': False, 'cmake_force_configure': False, 'cmake_target': None, 'cmake_target_skip_unavailable': False, 'install_base': '/home/pi/ydlidar_ros2_ws/install/myagv_bringup', 'merge_install': False, 'path': '/home/pi/ydlidar_ros2_ws/src/myagv_bringup', 'symlink_install': False, 'test_result_base': None}
[3.642s] INFO:colcon.colcon_core.executor:Executing jobs using 'parallel' executor
[3.646s] DEBUG:colcon.colcon_parallel_executor.executor.parallel:run_until_complete
[3.647s] INFO:colcon.colcon_ros.task.ament_cmake.build:Building ROS package in '/home/pi/ydlidar_ros2_ws/src/myagv_description' with build type 'ament_cmake'
[3.648s] INFO:colcon.colcon_cmake.task.cmake.build:Building CMake package in '/home/pi/ydlidar_ros2_ws/src/myagv_description'
[3.665s] INFO:colcon.colcon_core.plugin_system:Skipping extension 'colcon_core.shell.bat': Not used on non-Windows systems
[3.666s] INFO:colcon.colcon_core.shell:Skip shell extension 'powershell' for command environment: Not usable outside of PowerShell
[3.666s] DEBUG:colcon.colcon_core.shell:Skip shell extension 'dsv' for command environment
[3.690s] INFO:colcon.colcon_ros.task.ament_python.build:Building ROS package in '/home/pi/ydlidar_ros2_ws/src/jdamr200_node' with build type 'ament_python'
[3.691s] Level 1:colcon.colcon_core.shell:create_environment_hook('jdamr200_node', 'ament_prefix_path')
[3.693s] INFO:colcon.colcon_core.shell:Creating environment hook '/home/pi/ydlidar_ros2_ws/install/jdamr200_node/share/jdamr200_node/hook/ament_prefix_path.ps1'
[3.699s] INFO:colcon.colcon_core.shell:Creating environment descriptor '/home/pi/ydlidar_ros2_ws/install/jdamr200_node/share/jdamr200_node/hook/ament_prefix_path.dsv'
[3.702s] INFO:colcon.colcon_core.shell:Creating environment hook '/home/pi/ydlidar_ros2_ws/install/jdamr200_node/share/jdamr200_node/hook/ament_prefix_path.sh'
[3.707s] INFO:colcon.colcon_core.shell:Skip shell extension 'powershell' for command environment: Not usable outside of PowerShell
[3.707s] DEBUG:colcon.colcon_core.shell:Skip shell extension 'dsv' for command environment
[3.728s] INFO:colcon.colcon_ros.task.ament_python.build:Building ROS package in '/home/pi/ydlidar_ros2_ws/src/jdamr200_teleop' with build type 'ament_python'
[3.729s] Level 1:colcon.colcon_core.shell:create_environment_hook('jdamr200_teleop', 'ament_prefix_path')
[3.730s] INFO:colcon.colcon_core.shell:Creating environment hook '/home/pi/ydlidar_ros2_ws/install/jdamr200_teleop/share/jdamr200_teleop/hook/ament_prefix_path.ps1'
[3.735s] INFO:colcon.colcon_core.shell:Creating environment descriptor '/home/pi/ydlidar_ros2_ws/install/jdamr200_teleop/share/jdamr200_teleop/hook/ament_prefix_path.dsv'
[3.737s] INFO:colcon.colcon_core.shell:Creating environment hook '/home/pi/ydlidar_ros2_ws/install/jdamr200_teleop/share/jdamr200_teleop/hook/ament_prefix_path.sh'
[3.740s] INFO:colcon.colcon_core.shell:Skip shell extension 'powershell' for command environment: Not usable outside of PowerShell
[3.741s] DEBUG:colcon.colcon_core.shell:Skip shell extension 'dsv' for command environment
[3.761s] INFO:colcon.colcon_ros.task.ament_cmake.build:Building ROS package in '/home/pi/ydlidar_ros2_ws/src/myagv_navigation2' with build type 'ament_cmake'
[3.762s] INFO:colcon.colcon_cmake.task.cmake.build:Building CMake package in '/home/pi/ydlidar_ros2_ws/src/myagv_navigation2'
[3.764s] INFO:colcon.colcon_core.shell:Skip shell extension 'powershell' for command environment: Not usable outside of PowerShell
[3.765s] DEBUG:colcon.colcon_core.shell:Skip shell extension 'dsv' for command environment
[3.818s] DEBUG:colcon.colcon_core.event_handler.log_command:Invoking command in '/home/pi/ydlidar_ros2_ws/build/myagv_description': CMAKE_PREFIX_PATH=/opt/ros/foxy /usr/bin/cmake --build /home/pi/ydlidar_ros2_ws/build/myagv_description -- -j4 -l4
[4.896s] INFO:colcon.colcon_core.task.python.build:Building Python package in '/home/pi/ydlidar_ros2_ws/src/jdamr200_node'
[4.898s] INFO:colcon.colcon_core.shell:Skip shell extension 'powershell' for command environment: Not usable outside of PowerShell
[4.898s] DEBUG:colcon.colcon_core.shell:Skip shell extension 'dsv' for command environment
[5.878s] INFO:colcon.colcon_core.task.python.build:Building Python package in '/home/pi/ydlidar_ros2_ws/src/jdamr200_teleop'
[5.879s] INFO:colcon.colcon_core.shell:Skip shell extension 'powershell' for command environment: Not usable outside of PowerShell
[5.880s] DEBUG:colcon.colcon_core.shell:Skip shell extension 'dsv' for command environment
[5.920s] DEBUG:colcon.colcon_core.event_handler.log_command:Invoking command in '/home/pi/ydlidar_ros2_ws/build/myagv_navigation2': CMAKE_PREFIX_PATH=/opt/ros/foxy /usr/bin/cmake --build /home/pi/ydlidar_ros2_ws/build/myagv_navigation2 -- -j4 -l4
[5.934s] DEBUG:colcon.colcon_core.event_handler.log_command:Invoked command in '/home/pi/ydlidar_ros2_ws/build/myagv_description' returned '0': CMAKE_PREFIX_PATH=/opt/ros/foxy /usr/bin/cmake --build /home/pi/ydlidar_ros2_ws/build/myagv_description -- -j4 -l4
[6.140s] DEBUG:colcon.colcon_core.event_handler.log_command:Invoking command in '/home/pi/ydlidar_ros2_ws/build/myagv_description': CMAKE_PREFIX_PATH=/opt/ros/foxy /usr/bin/cmake --install /home/pi/ydlidar_ros2_ws/build/myagv_description
[6.158s] DEBUG:colcon.colcon_core.event_handler.log_command:Invoked command in '/home/pi/ydlidar_ros2_ws/build/myagv_navigation2' returned '0': CMAKE_PREFIX_PATH=/opt/ros/foxy /usr/bin/cmake --build /home/pi/ydlidar_ros2_ws/build/myagv_navigation2 -- -j4 -l4
[6.324s] DEBUG:colcon.colcon_core.event_handler.log_command:Invoking command in '/home/pi/ydlidar_ros2_ws/build/myagv_navigation2': CMAKE_PREFIX_PATH=/opt/ros/foxy /usr/bin/cmake --install /home/pi/ydlidar_ros2_ws/build/myagv_navigation2
[6.350s] Level 1:colcon.colcon_core.environment:create_environment_scripts_only(myagv_description)
[6.355s] DEBUG:colcon.colcon_core.event_handler.log_command:Invoked command in '/home/pi/ydlidar_ros2_ws/build/myagv_description' returned '0': CMAKE_PREFIX_PATH=/opt/ros/foxy /usr/bin/cmake --install /home/pi/ydlidar_ros2_ws/build/myagv_description
[6.391s] Level 1:colcon.colcon_core.environment:checking '/home/pi/ydlidar_ros2_ws/install/myagv_description' for CMake module files
[6.396s] Level 1:colcon.colcon_core.environment:checking '/home/pi/ydlidar_ros2_ws/install/myagv_description' for CMake config files
[6.403s] Level 1:colcon.colcon_core.shell:create_environment_hook('myagv_description', 'cmake_prefix_path')
[6.404s] INFO:colcon.colcon_core.shell:Creating environment hook '/home/pi/ydlidar_ros2_ws/install/myagv_description/share/myagv_description/hook/cmake_prefix_path.ps1'
[6.414s] INFO:colcon.colcon_core.shell:Creating environment descriptor '/home/pi/ydlidar_ros2_ws/install/myagv_description/share/myagv_description/hook/cmake_prefix_path.dsv'
[6.418s] INFO:colcon.colcon_core.shell:Creating environment hook '/home/pi/ydlidar_ros2_ws/install/myagv_description/share/myagv_description/hook/cmake_prefix_path.sh'
[6.428s] Level 1:colcon.colcon_core.environment:checking '/home/pi/ydlidar_ros2_ws/install/myagv_description/bin'
[6.429s] Level 1:colcon.colcon_core.environment:checking '/home/pi/ydlidar_ros2_ws/install/myagv_description/lib/pkgconfig/myagv_description.pc'
[6.431s] Level 1:colcon.colcon_core.environment:checking '/home/pi/ydlidar_ros2_ws/install/myagv_description/lib/python3.8/site-packages'
[6.433s] Level 1:colcon.colcon_core.environment:checking '/home/pi/ydlidar_ros2_ws/install/myagv_description/bin'
[6.437s] INFO:colcon.colcon_core.shell:Creating package script '/home/pi/ydlidar_ros2_ws/install/myagv_description/share/myagv_description/package.ps1'
[6.456s] INFO:colcon.colcon_core.shell:Creating package descriptor '/home/pi/ydlidar_ros2_ws/install/myagv_description/share/myagv_description/package.dsv'
[6.461s] INFO:colcon.colcon_core.shell:Creating package script '/home/pi/ydlidar_ros2_ws/install/myagv_description/share/myagv_description/package.sh'
[6.467s] INFO:colcon.colcon_core.shell:Creating package script '/home/pi/ydlidar_ros2_ws/install/myagv_description/share/myagv_description/package.bash'
[6.472s] INFO:colcon.colcon_core.shell:Creating package script '/home/pi/ydlidar_ros2_ws/install/myagv_description/share/myagv_description/package.zsh'
[6.477s] Level 1:colcon.colcon_core.environment:create_file_with_runtime_dependencies(/home/pi/ydlidar_ros2_ws/install/myagv_description/share/colcon-core/packages/myagv_description)
[6.494s] Level 1:colcon.colcon_core.environment:create_environment_scripts_only(myagv_navigation2)
[6.496s] Level 1:colcon.colcon_core.environment:checking '/home/pi/ydlidar_ros2_ws/install/myagv_navigation2' for CMake module files
[6.499s] DEBUG:colcon.colcon_core.event_handler.log_command:Invoked command in '/home/pi/ydlidar_ros2_ws/build/myagv_navigation2' returned '0': CMAKE_PREFIX_PATH=/opt/ros/foxy /usr/bin/cmake --install /home/pi/ydlidar_ros2_ws/build/myagv_navigation2
[6.502s] Level 1:colcon.colcon_core.environment:checking '/home/pi/ydlidar_ros2_ws/install/myagv_navigation2' for CMake config files
[6.506s] Level 1:colcon.colcon_core.shell:create_environment_hook('myagv_navigation2', 'cmake_prefix_path')
[6.507s] INFO:colcon.colcon_core.shell:Creating environment hook '/home/pi/ydlidar_ros2_ws/install/myagv_navigation2/share/myagv_navigation2/hook/cmake_prefix_path.ps1'
[6.510s] INFO:colcon.colcon_core.shell:Creating environment descriptor '/home/pi/ydlidar_ros2_ws/install/myagv_navigation2/share/myagv_navigation2/hook/cmake_prefix_path.dsv'
[6.513s] INFO:colcon.colcon_core.shell:Creating environment hook '/home/pi/ydlidar_ros2_ws/install/myagv_navigation2/share/myagv_navigation2/hook/cmake_prefix_path.sh'
[6.518s] Level 1:colcon.colcon_core.environment:checking '/home/pi/ydlidar_ros2_ws/install/myagv_navigation2/bin'
[6.518s] Level 1:colcon.colcon_core.environment:checking '/home/pi/ydlidar_ros2_ws/install/myagv_navigation2/lib/pkgconfig/myagv_navigation2.pc'
[6.520s] Level 1:colcon.colcon_core.environment:checking '/home/pi/ydlidar_ros2_ws/install/myagv_navigation2/lib/python3.8/site-packages'
[6.521s] Level 1:colcon.colcon_core.environment:checking '/home/pi/ydlidar_ros2_ws/install/myagv_navigation2/bin'
[6.523s] INFO:colcon.colcon_core.shell:Creating package script '/home/pi/ydlidar_ros2_ws/install/myagv_navigation2/share/myagv_navigation2/package.ps1'
[6.526s] INFO:colcon.colcon_core.shell:Creating package descriptor '/home/pi/ydlidar_ros2_ws/install/myagv_navigation2/share/myagv_navigation2/package.dsv'
[6.529s] INFO:colcon.colcon_core.shell:Creating package script '/home/pi/ydlidar_ros2_ws/install/myagv_navigation2/share/myagv_navigation2/package.sh'
[6.533s] INFO:colcon.colcon_core.shell:Creating package script '/home/pi/ydlidar_ros2_ws/install/myagv_navigation2/share/myagv_navigation2/package.bash'
[6.536s] INFO:colcon.colcon_core.shell:Creating package script '/home/pi/ydlidar_ros2_ws/install/myagv_navigation2/share/myagv_navigation2/package.zsh'
[6.538s] Level 1:colcon.colcon_core.environment:create_file_with_runtime_dependencies(/home/pi/ydlidar_ros2_ws/install/myagv_navigation2/share/colcon-core/packages/myagv_navigation2)
[6.618s] Level 1:colcon.colcon_core.environment:create_environment_scripts_only(myagv_description)
[6.620s] Level 1:colcon.colcon_core.environment:checking '/home/pi/ydlidar_ros2_ws/install/myagv_description' for CMake module files
[6.623s] Level 1:colcon.colcon_core.environment:checking '/home/pi/ydlidar_ros2_ws/install/myagv_description' for CMake config files
[6.625s] Level 1:colcon.colcon_core.shell:create_environment_hook('myagv_description', 'cmake_prefix_path')
[6.626s] INFO:colcon.colcon_core.shell:Creating environment hook '/home/pi/ydlidar_ros2_ws/install/myagv_description/share/myagv_description/hook/cmake_prefix_path.ps1'
[6.629s] INFO:colcon.colcon_core.shell:Creating environment descriptor '/home/pi/ydlidar_ros2_ws/install/myagv_description/share/myagv_description/hook/cmake_prefix_path.dsv'
[6.632s] INFO:colcon.colcon_core.shell:Creating environment hook '/home/pi/ydlidar_ros2_ws/install/myagv_description/share/myagv_description/hook/cmake_prefix_path.sh'
[6.636s] Level 1:colcon.colcon_core.environment:checking '/home/pi/ydlidar_ros2_ws/install/myagv_description/bin'
[6.637s] Level 1:colcon.colcon_core.environment:checking '/home/pi/ydlidar_ros2_ws/install/myagv_description/lib/pkgconfig/myagv_description.pc'
[6.638s] Level 1:colcon.colcon_core.environment:checking '/home/pi/ydlidar_ros2_ws/install/myagv_description/lib/python3.8/site-packages'
[6.639s] Level 1:colcon.colcon_core.environment:checking '/home/pi/ydlidar_ros2_ws/install/myagv_description/bin'
[6.641s] INFO:colcon.colcon_core.shell:Creating package script '/home/pi/ydlidar_ros2_ws/install/myagv_description/share/myagv_description/package.ps1'
[6.645s] INFO:colcon.colcon_core.shell:Creating package descriptor '/home/pi/ydlidar_ros2_ws/install/myagv_description/share/myagv_description/package.dsv'
[6.648s] INFO:colcon.colcon_core.shell:Creating package script '/home/pi/ydlidar_ros2_ws/install/myagv_description/share/myagv_description/package.sh'
[6.653s] INFO:colcon.colcon_core.shell:Creating package script '/home/pi/ydlidar_ros2_ws/install/myagv_description/share/myagv_description/package.bash'
[6.656s] INFO:colcon.colcon_core.shell:Creating package script '/home/pi/ydlidar_ros2_ws/install/myagv_description/share/myagv_description/package.zsh'
[6.659s] Level 1:colcon.colcon_core.environment:create_file_with_runtime_dependencies(/home/pi/ydlidar_ros2_ws/install/myagv_description/share/colcon-core/packages/myagv_description)
[6.666s] INFO:colcon.colcon_ros.task.ament_cmake.build:Building ROS package in '/home/pi/ydlidar_ros2_ws/src/ps2_controller' with build type 'ament_cmake'
[6.669s] INFO:colcon.colcon_cmake.task.cmake.build:Building CMake package in '/home/pi/ydlidar_ros2_ws/src/ps2_controller'
[6.671s] INFO:colcon.colcon_core.shell:Skip shell extension 'powershell' for command environment: Not usable outside of PowerShell
[6.671s] DEBUG:colcon.colcon_core.shell:Skip shell extension 'dsv' for command environment
[6.699s] Level 1:colcon.colcon_core.environment:create_environment_scripts_only(myagv_navigation2)
[6.701s] Level 1:colcon.colcon_core.environment:checking '/home/pi/ydlidar_ros2_ws/install/myagv_navigation2' for CMake module files
[6.704s] Level 1:colcon.colcon_core.environment:checking '/home/pi/ydlidar_ros2_ws/install/myagv_navigation2' for CMake config files
[6.707s] Level 1:colcon.colcon_core.shell:create_environment_hook('myagv_navigation2', 'cmake_prefix_path')
[6.708s] INFO:colcon.colcon_core.shell:Creating environment hook '/home/pi/ydlidar_ros2_ws/install/myagv_navigation2/share/myagv_navigation2/hook/cmake_prefix_path.ps1'
[6.711s] INFO:colcon.colcon_core.shell:Creating environment descriptor '/home/pi/ydlidar_ros2_ws/install/myagv_navigation2/share/myagv_navigation2/hook/cmake_prefix_path.dsv'
[6.713s] INFO:colcon.colcon_core.shell:Creating environment hook '/home/pi/ydlidar_ros2_ws/install/myagv_navigation2/share/myagv_navigation2/hook/cmake_prefix_path.sh'
[6.717s] Level 1:colcon.colcon_core.environment:checking '/home/pi/ydlidar_ros2_ws/install/myagv_navigation2/bin'
[6.717s] Level 1:colcon.colcon_core.environment:checking '/home/pi/ydlidar_ros2_ws/install/myagv_navigation2/lib/pkgconfig/myagv_navigation2.pc'
[6.718s] Level 1:colcon.colcon_core.environment:checking '/home/pi/ydlidar_ros2_ws/install/myagv_navigation2/lib/python3.8/site-packages'
[6.719s] Level 1:colcon.colcon_core.environment:checking '/home/pi/ydlidar_ros2_ws/install/myagv_navigation2/bin'
[6.721s] INFO:colcon.colcon_core.shell:Creating package script '/home/pi/ydlidar_ros2_ws/install/myagv_navigation2/share/myagv_navigation2/package.ps1'
[6.724s] INFO:colcon.colcon_core.shell:Creating package descriptor '/home/pi/ydlidar_ros2_ws/install/myagv_navigation2/share/myagv_navigation2/package.dsv'
[6.727s] INFO:colcon.colcon_core.shell:Creating package script '/home/pi/ydlidar_ros2_ws/install/myagv_navigation2/share/myagv_navigation2/package.sh'
[6.731s] INFO:colcon.colcon_core.shell:Creating package script '/home/pi/ydlidar_ros2_ws/install/myagv_navigation2/share/myagv_navigation2/package.bash'
[6.734s] INFO:colcon.colcon_core.shell:Creating package script '/home/pi/ydlidar_ros2_ws/install/myagv_navigation2/share/myagv_navigation2/package.zsh'
[6.736s] Level 1:colcon.colcon_core.environment:create_file_with_runtime_dependencies(/home/pi/ydlidar_ros2_ws/install/myagv_navigation2/share/colcon-core/packages/myagv_navigation2)
[6.741s] INFO:colcon.colcon_ros.task.ament_cmake.build:Building ROS package in '/home/pi/ydlidar_ros2_ws/src/ydlidar_ros2_driver' with build type 'ament_cmake'
[6.741s] INFO:colcon.colcon_cmake.task.cmake.build:Building CMake package in '/home/pi/ydlidar_ros2_ws/src/ydlidar_ros2_driver'
[6.743s] INFO:colcon.colcon_core.shell:Skip shell extension 'powershell' for command environment: Not usable outside of PowerShell
[6.743s] DEBUG:colcon.colcon_core.shell:Skip shell extension 'dsv' for command environment
[6.796s] DEBUG:colcon.colcon_core.event_handler.log_command:Invoking command in '/home/pi/ydlidar_ros2_ws/build/ps2_controller': CMAKE_PREFIX_PATH=/opt/ros/foxy /usr/bin/cmake --build /home/pi/ydlidar_ros2_ws/build/ps2_controller -- -j4 -l4
[6.834s] DEBUG:colcon.colcon_core.event_handler.log_command:Invoking command in '/home/pi/ydlidar_ros2_ws/build/ydlidar_ros2_driver': CMAKE_PREFIX_PATH=/opt/ros/foxy /usr/bin/cmake --build /home/pi/ydlidar_ros2_ws/build/ydlidar_ros2_driver -- -j4 -l4
[7.407s] DEBUG:colcon.colcon_core.event_handler.log_command:Invoked command in '/home/pi/ydlidar_ros2_ws/build/ps2_controller' returned '0': CMAKE_PREFIX_PATH=/opt/ros/foxy /usr/bin/cmake --build /home/pi/ydlidar_ros2_ws/build/ps2_controller -- -j4 -l4
[7.421s] DEBUG:colcon.colcon_core.event_handler.log_command:Invoked command in '/home/pi/ydlidar_ros2_ws/build/ydlidar_ros2_driver' returned '0': CMAKE_PREFIX_PATH=/opt/ros/foxy /usr/bin/cmake --build /home/pi/ydlidar_ros2_ws/build/ydlidar_ros2_driver -- -j4 -l4
[7.577s] DEBUG:colcon.colcon_core.event_handler.log_command:Invoking command in '/home/pi/ydlidar_ros2_ws/build/ps2_controller': CMAKE_PREFIX_PATH=/opt/ros/foxy /usr/bin/cmake --install /home/pi/ydlidar_ros2_ws/build/ps2_controller
[7.608s] DEBUG:colcon.colcon_core.event_handler.log_command:Invoking command in '/home/pi/ydlidar_ros2_ws/build/ydlidar_ros2_driver': CMAKE_PREFIX_PATH=/opt/ros/foxy /usr/bin/cmake --install /home/pi/ydlidar_ros2_ws/build/ydlidar_ros2_driver
[7.677s] Level 1:colcon.colcon_core.environment:create_environment_scripts_only(ps2_controller)
[7.680s] Level 1:colcon.colcon_core.environment:checking '/home/pi/ydlidar_ros2_ws/install/ps2_controller' for CMake module files
[7.685s] DEBUG:colcon.colcon_core.event_handler.log_command:Invoked command in '/home/pi/ydlidar_ros2_ws/build/ps2_controller' returned '0': CMAKE_PREFIX_PATH=/opt/ros/foxy /usr/bin/cmake --install /home/pi/ydlidar_ros2_ws/build/ps2_controller
[7.690s] Level 1:colcon.colcon_core.environment:checking '/home/pi/ydlidar_ros2_ws/install/ps2_controller' for CMake config files
[7.702s] Level 1:colcon.colcon_core.shell:create_environment_hook('ps2_controller', 'cmake_prefix_path')
[7.704s] INFO:colcon.colcon_core.shell:Creating environment hook '/home/pi/ydlidar_ros2_ws/install/ps2_controller/share/ps2_controller/hook/cmake_prefix_path.ps1'
[7.714s] INFO:colcon.colcon_core.shell:Creating environment descriptor '/home/pi/ydlidar_ros2_ws/install/ps2_controller/share/ps2_controller/hook/cmake_prefix_path.dsv'
[7.717s] INFO:colcon.colcon_core.shell:Creating environment hook '/home/pi/ydlidar_ros2_ws/install/ps2_controller/share/ps2_controller/hook/cmake_prefix_path.sh'
[7.724s] Level 1:colcon.colcon_core.environment:checking '/home/pi/ydlidar_ros2_ws/install/ps2_controller/lib'
[7.726s] Level 1:colcon.colcon_core.environment:checking '/home/pi/ydlidar_ros2_ws/install/ps2_controller/bin'
[7.727s] Level 1:colcon.colcon_core.environment:checking '/home/pi/ydlidar_ros2_ws/install/ps2_controller/lib/pkgconfig/ps2_controller.pc'
[7.728s] Level 1:colcon.colcon_core.environment:checking '/home/pi/ydlidar_ros2_ws/install/ps2_controller/lib/python3.8/site-packages'
[7.730s] Level 1:colcon.colcon_core.environment:checking '/home/pi/ydlidar_ros2_ws/install/ps2_controller/bin'
[7.732s] INFO:colcon.colcon_core.shell:Creating package script '/home/pi/ydlidar_ros2_ws/install/ps2_controller/share/ps2_controller/package.ps1'
[7.740s] INFO:colcon.colcon_core.shell:Creating package descriptor '/home/pi/ydlidar_ros2_ws/install/ps2_controller/share/ps2_controller/package.dsv'
[7.744s] INFO:colcon.colcon_core.shell:Creating package script '/home/pi/ydlidar_ros2_ws/install/ps2_controller/share/ps2_controller/package.sh'
[7.746s] INFO:colcon.colcon_core.shell:Creating package script '/home/pi/ydlidar_ros2_ws/install/ps2_controller/share/ps2_controller/package.bash'
[7.749s] INFO:colcon.colcon_core.shell:Creating package script '/home/pi/ydlidar_ros2_ws/install/ps2_controller/share/ps2_controller/package.zsh'
[7.751s] Level 1:colcon.colcon_core.environment:create_file_with_runtime_dependencies(/home/pi/ydlidar_ros2_ws/install/ps2_controller/share/colcon-core/packages/ps2_controller)
[7.768s] Level 1:colcon.colcon_core.environment:create_environment_scripts_only(ydlidar_ros2_driver)
[7.771s] DEBUG:colcon.colcon_core.event_handler.log_command:Invoked command in '/home/pi/ydlidar_ros2_ws/build/ydlidar_ros2_driver' returned '0': CMAKE_PREFIX_PATH=/opt/ros/foxy /usr/bin/cmake --install /home/pi/ydlidar_ros2_ws/build/ydlidar_ros2_driver
[7.772s] Level 1:colcon.colcon_core.environment:checking '/home/pi/ydlidar_ros2_ws/install/ydlidar_ros2_driver' for CMake module files
[7.780s] Level 1:colcon.colcon_core.environment:checking '/home/pi/ydlidar_ros2_ws/install/ydlidar_ros2_driver' for CMake config files
[7.787s] Level 1:colcon.colcon_core.shell:create_environment_hook('ydlidar_ros2_driver', 'cmake_prefix_path')
[7.789s] INFO:colcon.colcon_core.shell:Creating environment hook '/home/pi/ydlidar_ros2_ws/install/ydlidar_ros2_driver/share/ydlidar_ros2_driver/hook/cmake_prefix_path.ps1'
[7.792s] INFO:colcon.colcon_core.shell:Creating environment descriptor '/home/pi/ydlidar_ros2_ws/install/ydlidar_ros2_driver/share/ydlidar_ros2_driver/hook/cmake_prefix_path.dsv'
[7.797s] INFO:colcon.colcon_core.shell:Creating environment hook '/home/pi/ydlidar_ros2_ws/install/ydlidar_ros2_driver/share/ydlidar_ros2_driver/hook/cmake_prefix_path.sh'
[7.802s] Level 1:colcon.colcon_core.environment:checking '/home/pi/ydlidar_ros2_ws/install/ydlidar_ros2_driver/lib'
[7.803s] Level 1:colcon.colcon_core.environment:checking '/home/pi/ydlidar_ros2_ws/install/ydlidar_ros2_driver/bin'
[7.803s] Level 1:colcon.colcon_core.environment:checking '/home/pi/ydlidar_ros2_ws/install/ydlidar_ros2_driver/lib/pkgconfig/ydlidar_ros2_driver.pc'
[7.805s] Level 1:colcon.colcon_core.environment:checking '/home/pi/ydlidar_ros2_ws/install/ydlidar_ros2_driver/lib/python3.8/site-packages'
[7.806s] Level 1:colcon.colcon_core.environment:checking '/home/pi/ydlidar_ros2_ws/install/ydlidar_ros2_driver/bin'
[7.809s] INFO:colcon.colcon_core.shell:Creating package script '/home/pi/ydlidar_ros2_ws/install/ydlidar_ros2_driver/share/ydlidar_ros2_driver/package.ps1'
[7.812s] INFO:colcon.colcon_core.shell:Creating package descriptor '/home/pi/ydlidar_ros2_ws/install/ydlidar_ros2_driver/share/ydlidar_ros2_driver/package.dsv'
[7.815s] INFO:colcon.colcon_core.shell:Creating package script '/home/pi/ydlidar_ros2_ws/install/ydlidar_ros2_driver/share/ydlidar_ros2_driver/package.sh'
[7.818s] INFO:colcon.colcon_core.shell:Creating package script '/home/pi/ydlidar_ros2_ws/install/ydlidar_ros2_driver/share/ydlidar_ros2_driver/package.bash'
[7.820s] INFO:colcon.colcon_core.shell:Creating package script '/home/pi/ydlidar_ros2_ws/install/ydlidar_ros2_driver/share/ydlidar_ros2_driver/package.zsh'
[7.822s] Level 1:colcon.colcon_core.environment:create_file_with_runtime_dependencies(/home/pi/ydlidar_ros2_ws/install/ydlidar_ros2_driver/share/colcon-core/packages/ydlidar_ros2_driver)
[7.918s] Level 1:colcon.colcon_core.environment:create_environment_scripts_only(ps2_controller)
[7.921s] Level 1:colcon.colcon_core.environment:checking '/home/pi/ydlidar_ros2_ws/install/ps2_controller' for CMake module files
[7.926s] Level 1:colcon.colcon_core.environment:checking '/home/pi/ydlidar_ros2_ws/install/ps2_controller' for CMake config files
[7.930s] Level 1:colcon.colcon_core.shell:create_environment_hook('ps2_controller', 'cmake_prefix_path')
[7.931s] INFO:colcon.colcon_core.shell:Creating environment hook '/home/pi/ydlidar_ros2_ws/install/ps2_controller/share/ps2_controller/hook/cmake_prefix_path.ps1'
[7.935s] INFO:colcon.colcon_core.shell:Creating environment descriptor '/home/pi/ydlidar_ros2_ws/install/ps2_controller/share/ps2_controller/hook/cmake_prefix_path.dsv'
[7.937s] INFO:colcon.colcon_core.shell:Creating environment hook '/home/pi/ydlidar_ros2_ws/install/ps2_controller/share/ps2_controller/hook/cmake_prefix_path.sh'
[7.941s] Level 1:colcon.colcon_core.environment:checking '/home/pi/ydlidar_ros2_ws/install/ps2_controller/lib'
[7.942s] Level 1:colcon.colcon_core.environment:checking '/home/pi/ydlidar_ros2_ws/install/ps2_controller/bin'
[7.943s] Level 1:colcon.colcon_core.environment:checking '/home/pi/ydlidar_ros2_ws/install/ps2_controller/lib/pkgconfig/ps2_controller.pc'
[7.944s] Level 1:colcon.colcon_core.environment:checking '/home/pi/ydlidar_ros2_ws/install/ps2_controller/lib/python3.8/site-packages'
[7.945s] Level 1:colcon.colcon_core.environment:checking '/home/pi/ydlidar_ros2_ws/install/ps2_controller/bin'
[7.947s] INFO:colcon.colcon_core.shell:Creating package script '/home/pi/ydlidar_ros2_ws/install/ps2_controller/share/ps2_controller/package.ps1'
[7.950s] INFO:colcon.colcon_core.shell:Creating package descriptor '/home/pi/ydlidar_ros2_ws/install/ps2_controller/share/ps2_controller/package.dsv'
[7.953s] INFO:colcon.colcon_core.shell:Creating package script '/home/pi/ydlidar_ros2_ws/install/ps2_controller/share/ps2_controller/package.sh'
[7.956s] INFO:colcon.colcon_core.shell:Creating package script '/home/pi/ydlidar_ros2_ws/install/ps2_controller/share/ps2_controller/package.bash'
[7.959s] INFO:colcon.colcon_core.shell:Creating package script '/home/pi/ydlidar_ros2_ws/install/ps2_controller/share/ps2_controller/package.zsh'
[7.962s] Level 1:colcon.colcon_core.environment:create_file_with_runtime_dependencies(/home/pi/ydlidar_ros2_ws/install/ps2_controller/share/colcon-core/packages/ps2_controller)
[7.967s] INFO:colcon.colcon_ros.task.ament_cmake.build:Building ROS package in '/home/pi/ydlidar_ros2_ws/src/myagv_bringup' with build type 'ament_cmake'
[7.969s] INFO:colcon.colcon_cmake.task.cmake.build:Building CMake package in '/home/pi/ydlidar_ros2_ws/src/myagv_bringup'
[7.970s] INFO:colcon.colcon_core.shell:Skip shell extension 'powershell' for command environment: Not usable outside of PowerShell
[7.971s] DEBUG:colcon.colcon_core.shell:Skip shell extension 'dsv' for command environment
[8.002s] Level 1:colcon.colcon_core.environment:create_environment_scripts_only(ydlidar_ros2_driver)
[8.003s] Level 1:colcon.colcon_core.environment:checking '/home/pi/ydlidar_ros2_ws/install/ydlidar_ros2_driver' for CMake module files
[8.007s] Level 1:colcon.colcon_core.environment:checking '/home/pi/ydlidar_ros2_ws/install/ydlidar_ros2_driver' for CMake config files
[8.009s] Level 1:colcon.colcon_core.shell:create_environment_hook('ydlidar_ros2_driver', 'cmake_prefix_path')
[8.011s] INFO:colcon.colcon_core.shell:Creating environment hook '/home/pi/ydlidar_ros2_ws/install/ydlidar_ros2_driver/share/ydlidar_ros2_driver/hook/cmake_prefix_path.ps1'
[8.014s] INFO:colcon.colcon_core.shell:Creating environment descriptor '/home/pi/ydlidar_ros2_ws/install/ydlidar_ros2_driver/share/ydlidar_ros2_driver/hook/cmake_prefix_path.dsv'
[8.017s] INFO:colcon.colcon_core.shell:Creating environment hook '/home/pi/ydlidar_ros2_ws/install/ydlidar_ros2_driver/share/ydlidar_ros2_driver/hook/cmake_prefix_path.sh'
[8.021s] Level 1:colcon.colcon_core.environment:checking '/home/pi/ydlidar_ros2_ws/install/ydlidar_ros2_driver/lib'
[8.022s] Level 1:colcon.colcon_core.environment:checking '/home/pi/ydlidar_ros2_ws/install/ydlidar_ros2_driver/bin'
[8.022s] Level 1:colcon.colcon_core.environment:checking '/home/pi/ydlidar_ros2_ws/install/ydlidar_ros2_driver/lib/pkgconfig/ydlidar_ros2_driver.pc'
[8.023s] Level 1:colcon.colcon_core.environment:checking '/home/pi/ydlidar_ros2_ws/install/ydlidar_ros2_driver/lib/python3.8/site-packages'
[8.024s] Level 1:colcon.colcon_core.environment:checking '/home/pi/ydlidar_ros2_ws/install/ydlidar_ros2_driver/bin'
[8.026s] INFO:colcon.colcon_core.shell:Creating package script '/home/pi/ydlidar_ros2_ws/install/ydlidar_ros2_driver/share/ydlidar_ros2_driver/package.ps1'
[8.029s] INFO:colcon.colcon_core.shell:Creating package descriptor '/home/pi/ydlidar_ros2_ws/install/ydlidar_ros2_driver/share/ydlidar_ros2_driver/package.dsv'
[8.033s] INFO:colcon.colcon_core.shell:Creating package script '/home/pi/ydlidar_ros2_ws/install/ydlidar_ros2_driver/share/ydlidar_ros2_driver/package.sh'
[8.037s] INFO:colcon.colcon_core.shell:Creating package script '/home/pi/ydlidar_ros2_ws/install/ydlidar_ros2_driver/share/ydlidar_ros2_driver/package.bash'
[8.043s] INFO:colcon.colcon_core.shell:Creating package script '/home/pi/ydlidar_ros2_ws/install/ydlidar_ros2_driver/share/ydlidar_ros2_driver/package.zsh'
[8.047s] Level 1:colcon.colcon_core.environment:create_file_with_runtime_dependencies(/home/pi/ydlidar_ros2_ws/install/ydlidar_ros2_driver/share/colcon-core/packages/ydlidar_ros2_driver)
[8.075s] DEBUG:colcon.colcon_core.event_handler.log_command:Invoking command in '/home/pi/ydlidar_ros2_ws/build/myagv_bringup': AMENT_PREFIX_PATH=/home/pi/ydlidar_ros2_ws/install/myagv_description:${AMENT_PREFIX_PATH} CMAKE_PREFIX_PATH=/home/pi/ydlidar_ros2_ws/install/myagv_description:/opt/ros/foxy /usr/bin/cmake --build /home/pi/ydlidar_ros2_ws/build/myagv_bringup -- -j4 -l4
[8.291s] DEBUG:colcon.colcon_core.event_handler.log_command:Invoked command in '/home/pi/ydlidar_ros2_ws/build/myagv_bringup' returned '0': AMENT_PREFIX_PATH=/home/pi/ydlidar_ros2_ws/install/myagv_description:${AMENT_PREFIX_PATH} CMAKE_PREFIX_PATH=/home/pi/ydlidar_ros2_ws/install/myagv_description:/opt/ros/foxy /usr/bin/cmake --build /home/pi/ydlidar_ros2_ws/build/myagv_bringup -- -j4 -l4
[8.430s] DEBUG:colcon.colcon_core.event_handler.log_command:Invoking command in '/home/pi/ydlidar_ros2_ws/build/myagv_bringup': AMENT_PREFIX_PATH=/home/pi/ydlidar_ros2_ws/install/myagv_description:${AMENT_PREFIX_PATH} CMAKE_PREFIX_PATH=/home/pi/ydlidar_ros2_ws/install/myagv_description:/opt/ros/foxy /usr/bin/cmake --install /home/pi/ydlidar_ros2_ws/build/myagv_bringup
[8.496s] Level 1:colcon.colcon_core.environment:create_environment_scripts_only(myagv_bringup)
[8.498s] Level 1:colcon.colcon_core.environment:checking '/home/pi/ydlidar_ros2_ws/install/myagv_bringup' for CMake module files
[8.501s] DEBUG:colcon.colcon_core.event_handler.log_command:Invoked command in '/home/pi/ydlidar_ros2_ws/build/myagv_bringup' returned '0': AMENT_PREFIX_PATH=/home/pi/ydlidar_ros2_ws/install/myagv_description:${AMENT_PREFIX_PATH} CMAKE_PREFIX_PATH=/home/pi/ydlidar_ros2_ws/install/myagv_description:/opt/ros/foxy /usr/bin/cmake --install /home/pi/ydlidar_ros2_ws/build/myagv_bringup
[8.504s] Level 1:colcon.colcon_core.environment:checking '/home/pi/ydlidar_ros2_ws/install/myagv_bringup' for CMake config files
[8.507s] Level 1:colcon.colcon_core.shell:create_environment_hook('myagv_bringup', 'cmake_prefix_path')
[8.509s] INFO:colcon.colcon_core.shell:Creating environment hook '/home/pi/ydlidar_ros2_ws/install/myagv_bringup/share/myagv_bringup/hook/cmake_prefix_path.ps1'
[8.511s] INFO:colcon.colcon_core.shell:Creating environment descriptor '/home/pi/ydlidar_ros2_ws/install/myagv_bringup/share/myagv_bringup/hook/cmake_prefix_path.dsv'
[8.515s] INFO:colcon.colcon_core.shell:Creating environment hook '/home/pi/ydlidar_ros2_ws/install/myagv_bringup/share/myagv_bringup/hook/cmake_prefix_path.sh'
[8.519s] Level 1:colcon.colcon_core.environment:checking '/home/pi/ydlidar_ros2_ws/install/myagv_bringup/bin'
[8.520s] Level 1:colcon.colcon_core.environment:checking '/home/pi/ydlidar_ros2_ws/install/myagv_bringup/lib/pkgconfig/myagv_bringup.pc'
[8.521s] Level 1:colcon.colcon_core.environment:checking '/home/pi/ydlidar_ros2_ws/install/myagv_bringup/lib/python3.8/site-packages'
[8.522s] Level 1:colcon.colcon_core.environment:checking '/home/pi/ydlidar_ros2_ws/install/myagv_bringup/bin'
[8.524s] INFO:colcon.colcon_core.shell:Creating package script '/home/pi/ydlidar_ros2_ws/install/myagv_bringup/share/myagv_bringup/package.ps1'
[8.527s] INFO:colcon.colcon_core.shell:Creating package descriptor '/home/pi/ydlidar_ros2_ws/install/myagv_bringup/share/myagv_bringup/package.dsv'
[8.529s] INFO:colcon.colcon_core.shell:Creating package script '/home/pi/ydlidar_ros2_ws/install/myagv_bringup/share/myagv_bringup/package.sh'
[8.532s] INFO:colcon.colcon_core.shell:Creating package script '/home/pi/ydlidar_ros2_ws/install/myagv_bringup/share/myagv_bringup/package.bash'
[8.535s] INFO:colcon.colcon_core.shell:Creating package script '/home/pi/ydlidar_ros2_ws/install/myagv_bringup/share/myagv_bringup/package.zsh'
[8.537s] Level 1:colcon.colcon_core.environment:create_file_with_runtime_dependencies(/home/pi/ydlidar_ros2_ws/install/myagv_bringup/share/colcon-core/packages/myagv_bringup)
[8.708s] Level 1:colcon.colcon_core.environment:create_environment_scripts_only(myagv_bringup)
[8.713s] Level 1:colcon.colcon_core.environment:checking '/home/pi/ydlidar_ros2_ws/install/myagv_bringup' for CMake module files
[8.719s] Level 1:colcon.colcon_core.environment:checking '/home/pi/ydlidar_ros2_ws/install/myagv_bringup' for CMake config files
[8.722s] Level 1:colcon.colcon_core.shell:create_environment_hook('myagv_bringup', 'cmake_prefix_path')
[8.724s] INFO:colcon.colcon_core.shell:Creating environment hook '/home/pi/ydlidar_ros2_ws/install/myagv_bringup/share/myagv_bringup/hook/cmake_prefix_path.ps1'
[8.730s] INFO:colcon.colcon_core.shell:Creating environment descriptor '/home/pi/ydlidar_ros2_ws/install/myagv_bringup/share/myagv_bringup/hook/cmake_prefix_path.dsv'
[8.735s] INFO:colcon.colcon_core.shell:Creating environment hook '/home/pi/ydlidar_ros2_ws/install/myagv_bringup/share/myagv_bringup/hook/cmake_prefix_path.sh'
[8.743s] Level 1:colcon.colcon_core.environment:checking '/home/pi/ydlidar_ros2_ws/install/myagv_bringup/bin'
[8.744s] Level 1:colcon.colcon_core.environment:checking '/home/pi/ydlidar_ros2_ws/install/myagv_bringup/lib/pkgconfig/myagv_bringup.pc'
[8.746s] Level 1:colcon.colcon_core.environment:checking '/home/pi/ydlidar_ros2_ws/install/myagv_bringup/lib/python3.8/site-packages'
[8.747s] Level 1:colcon.colcon_core.environment:checking '/home/pi/ydlidar_ros2_ws/install/myagv_bringup/bin'
[8.752s] INFO:colcon.colcon_core.shell:Creating package script '/home/pi/ydlidar_ros2_ws/install/myagv_bringup/share/myagv_bringup/package.ps1'
[8.760s] INFO:colcon.colcon_core.shell:Creating package descriptor '/home/pi/ydlidar_ros2_ws/install/myagv_bringup/share/myagv_bringup/package.dsv'
[8.766s] INFO:colcon.colcon_core.shell:Creating package script '/home/pi/ydlidar_ros2_ws/install/myagv_bringup/share/myagv_bringup/package.sh'
[8.774s] INFO:colcon.colcon_core.shell:Creating package script '/home/pi/ydlidar_ros2_ws/install/myagv_bringup/share/myagv_bringup/package.bash'
[8.781s] INFO:colcon.colcon_core.shell:Creating package script '/home/pi/ydlidar_ros2_ws/install/myagv_bringup/share/myagv_bringup/package.zsh'
[8.791s] Level 1:colcon.colcon_core.environment:create_file_with_runtime_dependencies(/home/pi/ydlidar_ros2_ws/install/myagv_bringup/share/colcon-core/packages/myagv_bringup)
[8.836s] DEBUG:colcon.colcon_core.event_handler.log_command:Invoking command in '/home/pi/ydlidar_ros2_ws/src/jdamr200_node': PYTHONPATH=/home/pi/ydlidar_ros2_ws/build/jdamr200_node/prefix_override:/usr/lib/python3/dist-packages/colcon_core/task/python/colcon_distutils_commands:/home/pi/ydlidar_ros2_ws/install/jdamr200_node/lib/python3.8/site-packages:${PYTHONPATH} /usr/bin/python3 -W ignore:setup.py install is deprecated setup.py egg_info --egg-base ../../build/jdamr200_node build --build-base /home/pi/ydlidar_ros2_ws/build/jdamr200_node/build install --record /home/pi/ydlidar_ros2_ws/build/jdamr200_node/install.log --single-version-externally-managed install_data
[8.859s] DEBUG:colcon.colcon_core.event_handler.log_command:Invoking command in '/home/pi/ydlidar_ros2_ws/src/jdamr200_teleop': PYTHONPATH=/home/pi/ydlidar_ros2_ws/build/jdamr200_teleop/prefix_override:/usr/lib/python3/dist-packages/colcon_core/task/python/colcon_distutils_commands:/home/pi/ydlidar_ros2_ws/install/jdamr200_teleop/lib/python3.8/site-packages:${PYTHONPATH} /usr/bin/python3 -W ignore:setup.py install is deprecated setup.py egg_info --egg-base ../../build/jdamr200_teleop build --build-base /home/pi/ydlidar_ros2_ws/build/jdamr200_teleop/build install --record /home/pi/ydlidar_ros2_ws/build/jdamr200_teleop/install.log --single-version-externally-managed install_data
[10.292s] Level 1:colcon.colcon_core.environment:checking '/home/pi/ydlidar_ros2_ws/install/jdamr200_teleop' for CMake module files
[10.294s] DEBUG:colcon.colcon_core.event_handler.log_command:Invoked command in '/home/pi/ydlidar_ros2_ws/src/jdamr200_teleop' returned '0': PYTHONPATH=/home/pi/ydlidar_ros2_ws/build/jdamr200_teleop/prefix_override:/usr/lib/python3/dist-packages/colcon_core/task/python/colcon_distutils_commands:/home/pi/ydlidar_ros2_ws/install/jdamr200_teleop/lib/python3.8/site-packages:${PYTHONPATH} /usr/bin/python3 -W ignore:setup.py install is deprecated setup.py egg_info --egg-base ../../build/jdamr200_teleop build --build-base /home/pi/ydlidar_ros2_ws/build/jdamr200_teleop/build install --record /home/pi/ydlidar_ros2_ws/build/jdamr200_teleop/install.log --single-version-externally-managed install_data
[10.296s] Level 1:colcon.colcon_core.environment:checking '/home/pi/ydlidar_ros2_ws/install/jdamr200_teleop' for CMake config files
[10.300s] Level 1:colcon.colcon_core.environment:checking '/home/pi/ydlidar_ros2_ws/install/jdamr200_teleop/lib'
[10.300s] Level 1:colcon.colcon_core.environment:checking '/home/pi/ydlidar_ros2_ws/install/jdamr200_teleop/bin'
[10.301s] Level 1:colcon.colcon_core.environment:checking '/home/pi/ydlidar_ros2_ws/install/jdamr200_teleop/lib/pkgconfig/jdamr200_teleop.pc'
[10.301s] Level 1:colcon.colcon_core.environment:checking '/home/pi/ydlidar_ros2_ws/install/jdamr200_teleop/lib/python3.8/site-packages'
[10.302s] Level 1:colcon.colcon_core.shell:create_environment_hook('jdamr200_teleop', 'pythonpath')
[10.303s] INFO:colcon.colcon_core.shell:Creating environment hook '/home/pi/ydlidar_ros2_ws/install/jdamr200_teleop/share/jdamr200_teleop/hook/pythonpath.ps1'
[10.305s] INFO:colcon.colcon_core.shell:Creating environment descriptor '/home/pi/ydlidar_ros2_ws/install/jdamr200_teleop/share/jdamr200_teleop/hook/pythonpath.dsv'
[10.307s] INFO:colcon.colcon_core.shell:Creating environment hook '/home/pi/ydlidar_ros2_ws/install/jdamr200_teleop/share/jdamr200_teleop/hook/pythonpath.sh'
[10.309s] Level 1:colcon.colcon_core.environment:checking '/home/pi/ydlidar_ros2_ws/install/jdamr200_teleop/bin'
[10.309s] Level 1:colcon.colcon_core.environment:create_environment_scripts_only(jdamr200_teleop)
[10.311s] INFO:colcon.colcon_core.shell:Creating package script '/home/pi/ydlidar_ros2_ws/install/jdamr200_teleop/share/jdamr200_teleop/package.ps1'
[10.314s] INFO:colcon.colcon_core.shell:Creating package descriptor '/home/pi/ydlidar_ros2_ws/install/jdamr200_teleop/share/jdamr200_teleop/package.dsv'
[10.316s] INFO:colcon.colcon_core.shell:Creating package script '/home/pi/ydlidar_ros2_ws/install/jdamr200_teleop/share/jdamr200_teleop/package.sh'
[10.318s] INFO:colcon.colcon_core.shell:Creating package script '/home/pi/ydlidar_ros2_ws/install/jdamr200_teleop/share/jdamr200_teleop/package.bash'
[10.320s] INFO:colcon.colcon_core.shell:Creating package script '/home/pi/ydlidar_ros2_ws/install/jdamr200_teleop/share/jdamr200_teleop/package.zsh'
[10.321s] Level 1:colcon.colcon_core.environment:create_file_with_runtime_dependencies(/home/pi/ydlidar_ros2_ws/install/jdamr200_teleop/share/colcon-core/packages/jdamr200_teleop)
[10.324s] Level 1:colcon.colcon_core.environment:checking '/home/pi/ydlidar_ros2_ws/install/jdamr200_node' for CMake module files
[10.327s] DEBUG:colcon.colcon_core.event_handler.log_command:Invoked command in '/home/pi/ydlidar_ros2_ws/src/jdamr200_node' returned '0': PYTHONPATH=/home/pi/ydlidar_ros2_ws/build/jdamr200_node/prefix_override:/usr/lib/python3/dist-packages/colcon_core/task/python/colcon_distutils_commands:/home/pi/ydlidar_ros2_ws/install/jdamr200_node/lib/python3.8/site-packages:${PYTHONPATH} /usr/bin/python3 -W ignore:setup.py install is deprecated setup.py egg_info --egg-base ../../build/jdamr200_node build --build-base /home/pi/ydlidar_ros2_ws/build/jdamr200_node/build install --record /home/pi/ydlidar_ros2_ws/build/jdamr200_node/install.log --single-version-externally-managed install_data
[10.328s] Level 1:colcon.colcon_core.environment:checking '/home/pi/ydlidar_ros2_ws/install/jdamr200_node' for CMake config files
[10.335s] Level 1:colcon.colcon_core.environment:checking '/home/pi/ydlidar_ros2_ws/install/jdamr200_node/lib'
[10.336s] Level 1:colcon.colcon_core.environment:checking '/home/pi/ydlidar_ros2_ws/install/jdamr200_node/bin'
[10.336s] Level 1:colcon.colcon_core.environment:checking '/home/pi/ydlidar_ros2_ws/install/jdamr200_node/lib/pkgconfig/jdamr200_node.pc'
[10.337s] Level 1:colcon.colcon_core.environment:checking '/home/pi/ydlidar_ros2_ws/install/jdamr200_node/lib/python3.8/site-packages'
[10.337s] Level 1:colcon.colcon_core.shell:create_environment_hook('jdamr200_node', 'pythonpath')
[10.338s] INFO:colcon.colcon_core.shell:Creating environment hook '/home/pi/ydlidar_ros2_ws/install/jdamr200_node/share/jdamr200_node/hook/pythonpath.ps1'
[10.341s] INFO:colcon.colcon_core.shell:Creating environment descriptor '/home/pi/ydlidar_ros2_ws/install/jdamr200_node/share/jdamr200_node/hook/pythonpath.dsv'
[10.343s] INFO:colcon.colcon_core.shell:Creating environment hook '/home/pi/ydlidar_ros2_ws/install/jdamr200_node/share/jdamr200_node/hook/pythonpath.sh'
[10.346s] Level 1:colcon.colcon_core.environment:checking '/home/pi/ydlidar_ros2_ws/install/jdamr200_node/bin'
[10.347s] Level 1:colcon.colcon_core.environment:create_environment_scripts_only(jdamr200_node)
[10.348s] INFO:colcon.colcon_core.shell:Creating package script '/home/pi/ydlidar_ros2_ws/install/jdamr200_node/share/jdamr200_node/package.ps1'
[10.350s] INFO:colcon.colcon_core.shell:Creating package descriptor '/home/pi/ydlidar_ros2_ws/install/jdamr200_node/share/jdamr200_node/package.dsv'
[10.352s] INFO:colcon.colcon_core.shell:Creating package script '/home/pi/ydlidar_ros2_ws/install/jdamr200_node/share/jdamr200_node/package.sh'
[10.354s] INFO:colcon.colcon_core.shell:Creating package script '/home/pi/ydlidar_ros2_ws/install/jdamr200_node/share/jdamr200_node/package.bash'
[10.356s] INFO:colcon.colcon_core.shell:Creating package script '/home/pi/ydlidar_ros2_ws/install/jdamr200_node/share/jdamr200_node/package.zsh'
[10.358s] Level 1:colcon.colcon_core.environment:create_file_with_runtime_dependencies(/home/pi/ydlidar_ros2_ws/install/jdamr200_node/share/colcon-core/packages/jdamr200_node)
[10.359s] DEBUG:colcon.colcon_parallel_executor.executor.parallel:closing loop
[10.360s] DEBUG:colcon.colcon_parallel_executor.executor.parallel:loop closed
[10.360s] DEBUG:colcon.colcon_parallel_executor.executor.parallel:run_until_complete finished with '0'
[10.361s] DEBUG:colcon.colcon_core.event_reactor:joining thread
[10.403s] INFO:colcon.colcon_core.plugin_system:Skipping extension 'colcon_notification.desktop_notification.terminal_notifier': Not used on non-Darwin systems
[10.404s] INFO:colcon.colcon_core.plugin_system:Skipping extension 'colcon_notification.desktop_notification.win32': Not used on non-Windows systems
[10.404s] INFO:colcon.colcon_notification.desktop_notification:Sending desktop notification using 'notify2'
[10.479s] DEBUG:colcon.colcon_core.event_reactor:joined thread
[10.482s] INFO:colcon.colcon_core.shell:Creating prefix script '/home/pi/ydlidar_ros2_ws/install/local_setup.ps1'
[10.488s] INFO:colcon.colcon_core.shell:Creating prefix util module '/home/pi/ydlidar_ros2_ws/install/_local_setup_util_ps1.py'
[10.497s] INFO:colcon.colcon_core.shell:Creating prefix chain script '/home/pi/ydlidar_ros2_ws/install/setup.ps1'
[10.505s] INFO:colcon.colcon_core.shell:Creating prefix script '/home/pi/ydlidar_ros2_ws/install/local_setup.sh'
[10.512s] INFO:colcon.colcon_core.shell:Creating prefix util module '/home/pi/ydlidar_ros2_ws/install/_local_setup_util_sh.py'
[10.516s] INFO:colcon.colcon_core.shell:Creating prefix chain script '/home/pi/ydlidar_ros2_ws/install/setup.sh'
[10.521s] INFO:colcon.colcon_core.shell:Creating prefix script '/home/pi/ydlidar_ros2_ws/install/local_setup.bash'
[10.525s] INFO:colcon.colcon_core.shell:Creating prefix chain script '/home/pi/ydlidar_ros2_ws/install/setup.bash'
[10.529s] INFO:colcon.colcon_core.shell:Creating prefix script '/home/pi/ydlidar_ros2_ws/install/local_setup.zsh'
[10.533s] INFO:colcon.colcon_core.shell:Creating prefix chain script '/home/pi/ydlidar_ros2_ws/install/setup.zsh'
