[3.115s] Invoking command in '/home/pi/finalagv_ros2_ws/src/agv': PYTHONPATH=/home/pi/finalagv_ros2_ws/build/agv/prefix_override:/usr/lib/python3/dist-packages/colcon_core/task/python/colcon_distutils_commands:/home/pi/finalagv_ros2_ws/install/agv/lib/python3.8/site-packages:${PYTHONPATH} /usr/bin/python3 -W ignore:setup.py install is deprecated setup.py egg_info --egg-base ../../build/agv build --build-base /home/pi/finalagv_ros2_ws/build/agv/build install --record /home/pi/finalagv_ros2_ws/build/agv/install.log --install-scripts $base/lib/agv --single-version-externally-managed install_data
[4.184s] running egg_info
[4.187s] writing ../../build/agv/agv.egg-info/PKG-INFO
[4.191s] writing dependency_links to ../../build/agv/agv.egg-info/dependency_links.txt
[4.194s] writing entry points to ../../build/agv/agv.egg-info/entry_points.txt
[4.194s] writing requirements to ../../build/agv/agv.egg-info/requires.txt
[4.195s] writing top-level names to ../../build/agv/agv.egg-info/top_level.txt
[4.343s] reading manifest file '../../build/agv/agv.egg-info/SOURCES.txt'
[4.347s] writing manifest file '../../build/agv/agv.egg-info/SOURCES.txt'
[4.348s] running build
[4.348s] running build_py
[4.352s] copying agv/return_sub.py -> /home/pi/finalagv_ros2_ws/build/agv/build/lib/agv
[4.355s] running install
[4.358s] running install_lib
[4.364s] copying /home/pi/finalagv_ros2_ws/build/agv/build/lib/agv/return_sub.py -> /home/pi/finalagv_ros2_ws/install/agv/lib/python3.8/site-packages/agv
[4.370s] byte-compiling /home/pi/finalagv_ros2_ws/install/agv/lib/python3.8/site-packages/agv/return_sub.py to return_sub.cpython-38.pyc
[4.381s] running install_data
[4.387s] running install_egg_info
[4.394s] removing '/home/pi/finalagv_ros2_ws/install/agv/lib/python3.8/site-packages/agv-0.0.0-py3.8.egg-info' (and everything under it)
[4.396s] Copying ../../build/agv/agv.egg-info to /home/pi/finalagv_ros2_ws/install/agv/lib/python3.8/site-packages/agv-0.0.0-py3.8.egg-info
[4.402s] running install_scripts
[4.465s] Installing pub script to /home/pi/finalagv_ros2_ws/install/agv/lib/agv
[4.466s] Installing pub2 script to /home/pi/finalagv_ros2_ws/install/agv/lib/agv
[4.467s] Installing pub4 script to /home/pi/finalagv_ros2_ws/install/agv/lib/agv
[4.467s] Installing return script to /home/pi/finalagv_ros2_ws/install/agv/lib/agv
[4.468s] Installing sub script to /home/pi/finalagv_ros2_ws/install/agv/lib/agv
[4.469s] Installing sub2 script to /home/pi/finalagv_ros2_ws/install/agv/lib/agv
[4.470s] Installing tel script to /home/pi/finalagv_ros2_ws/install/agv/lib/agv
[4.471s] Installing udp script to /home/pi/finalagv_ros2_ws/install/agv/lib/agv
[4.473s] writing list of installed files to '/home/pi/finalagv_ros2_ws/build/agv/install.log'
[4.571s] Invoked command in '/home/pi/finalagv_ros2_ws/src/agv' returned '0': PYTHONPATH=/home/pi/finalagv_ros2_ws/build/agv/prefix_override:/usr/lib/python3/dist-packages/colcon_core/task/python/colcon_distutils_commands:/home/pi/finalagv_ros2_ws/install/agv/lib/python3.8/site-packages:${PYTHONPATH} /usr/bin/python3 -W ignore:setup.py install is deprecated setup.py egg_info --egg-base ../../build/agv build --build-base /home/pi/finalagv_ros2_ws/build/agv/build install --record /home/pi/finalagv_ros2_ws/build/agv/install.log --install-scripts $base/lib/agv --single-version-externally-managed install_data
