[4.848s] Invoking command in '/home/pi/ydlidar_ros2_ws/src/jdamr200_node': PYTHONPATH=/home/pi/ydlidar_ros2_ws/build/jdamr200_node/prefix_override:/usr/lib/python3/dist-packages/colcon_core/task/python/colcon_distutils_commands:/home/pi/ydlidar_ros2_ws/install/jdamr200_node/lib/python3.8/site-packages:${PYTHONPATH} /usr/bin/python3 -W ignore:setup.py install is deprecated setup.py egg_info --egg-base ../../build/jdamr200_node build --build-base /home/pi/ydlidar_ros2_ws/build/jdamr200_node/build install --record /home/pi/ydlidar_ros2_ws/build/jdamr200_node/install.log --single-version-externally-managed install_data
[5.982s] running egg_info
[5.985s] writing ../../build/jdamr200_node/jdamr200_node.egg-info/PKG-INFO
[5.987s] writing dependency_links to ../../build/jdamr200_node/jdamr200_node.egg-info/dependency_links.txt
[5.989s] writing entry points to ../../build/jdamr200_node/jdamr200_node.egg-info/entry_points.txt
[5.990s] writing requirements to ../../build/jdamr200_node/jdamr200_node.egg-info/requires.txt
[5.992s] writing top-level names to ../../build/jdamr200_node/jdamr200_node.egg-info/top_level.txt
[6.164s] reading manifest file '../../build/jdamr200_node/jdamr200_node.egg-info/SOURCES.txt'
[6.169s] writing manifest file '../../build/jdamr200_node/jdamr200_node.egg-info/SOURCES.txt'
[6.170s] running build
[6.171s] running build_py
[6.172s] running install
[6.177s] running install_lib
[6.187s] running install_data
[6.188s] running install_egg_info
[6.197s] removing '/home/pi/ydlidar_ros2_ws/install/jdamr200_node/lib/python3.8/site-packages/jdamr200_node-0.0.0-py3.8.egg-info' (and everything under it)
[6.199s] Copying ../../build/jdamr200_node/jdamr200_node.egg-info to /home/pi/ydlidar_ros2_ws/install/jdamr200_node/lib/python3.8/site-packages/jdamr200_node-0.0.0-py3.8.egg-info
[6.207s] running install_scripts
[6.305s] Installing jdamr200_node script to /home/pi/ydlidar_ros2_ws/install/jdamr200_node/lib/jdamr200_node
[6.309s] writing list of installed files to '/home/pi/ydlidar_ros2_ws/build/jdamr200_node/install.log'
[6.475s] Invoked command in '/home/pi/ydlidar_ros2_ws/src/jdamr200_node' returned '0': PYTHONPATH=/home/pi/ydlidar_ros2_ws/build/jdamr200_node/prefix_override:/usr/lib/python3/dist-packages/colcon_core/task/python/colcon_distutils_commands:/home/pi/ydlidar_ros2_ws/install/jdamr200_node/lib/python3.8/site-packages:${PYTHONPATH} /usr/bin/python3 -W ignore:setup.py install is deprecated setup.py egg_info --egg-base ../../build/jdamr200_node build --build-base /home/pi/ydlidar_ros2_ws/build/jdamr200_node/build install --record /home/pi/ydlidar_ros2_ws/build/jdamr200_node/install.log --single-version-externally-managed install_data
