[0.793s] DEBUG:colcon:Command line arguments: ['/usr/bin/colcon', 'build']
[0.793s] DEBUG:colcon:Parsed command line arguments: Namespace(allow_overriding=[], ament_cmake_args=None, base_paths=['.'], build_base='build', catkin_cmake_args=None, catkin_skip_building_tests=False, cmake_args=None, cmake_clean_cache=False, cmake_clean_first=False, cmake_force_configure=False, cmake_target=None, cmake_target_skip_unavailable=False, continue_on_error=False, event_handlers=None, executor='parallel', ignore_user_meta=False, install_base='install', log_base=None, log_level=None, main=<bound method BuildVerb.main of <colcon_core.verb.build.BuildVerb object at 0xffffb03d8d30>>, merge_install=False, metas=['./colcon.meta'], mixin=None, mixin_files=None, mixin_verb=('build',), packages_above=None, packages_above_and_dependencies=None, packages_above_depth=None, packages_end=None, packages_ignore=None, packages_ignore_regex=None, packages_select=None, packages_select_build_failed=False, packages_select_by_dep=None, packages_select_regex=None, packages_select_test_failures=False, packages_skip=None, packages_skip_build_finished=False, packages_skip_by_dep=None, packages_skip_regex=None, packages_skip_test_passed=False, packages_skip_up_to=None, packages_start=None, packages_up_to=None, packages_up_to_regex=None, parallel_workers=4, paths=None, symlink_install=False, test_result_base=None, verb_extension=<colcon_core.verb.build.BuildVerb object at 0xffffb03d8d30>, verb_name='build', verb_parser=<colcon_mixin.mixin.mixin_argument.MixinArgumentDecorator object at 0xffffb02bdc10>)
[1.444s] Level 1:colcon.colcon_core.package_discovery:discover_packages(colcon_meta) check parameters
[1.445s] Level 1:colcon.colcon_core.package_discovery:discover_packages(recursive) check parameters
[1.445s] Level 1:colcon.colcon_core.package_discovery:discover_packages(ignore) check parameters
[1.445s] Level 1:colcon.colcon_core.package_discovery:discover_packages(path) check parameters
[1.445s] Level 1:colcon.colcon_core.package_discovery:discover_packages(colcon_meta) discover
[1.445s] Level 1:colcon.colcon_core.package_discovery:discover_packages(recursive) discover
[1.445s] INFO:colcon.colcon_core.package_discovery:Crawling recursively for packages in '/home/pi/ydlidar_ros2_ws'
[1.446s] Level 1:colcon.colcon_core.package_identification:_identify(.) by extensions ['ignore', 'ignore_ament_install']
[1.446s] Level 1:colcon.colcon_core.package_identification:_identify(.) by extension 'ignore'
[1.446s] Level 1:colcon.colcon_core.package_identification:_identify(.) by extension 'ignore_ament_install'
[1.446s] Level 1:colcon.colcon_core.package_identification:_identify(.) by extensions ['colcon_pkg']
[1.447s] Level 1:colcon.colcon_core.package_identification:_identify(.) by extension 'colcon_pkg'
[1.447s] Level 1:colcon.colcon_core.package_identification:_identify(.) by extensions ['colcon_meta']
[1.447s] Level 1:colcon.colcon_core.package_identification:_identify(.) by extension 'colcon_meta'
[1.447s] Level 1:colcon.colcon_core.package_identification:_identify(.) by extensions ['ros']
[1.447s] Level 1:colcon.colcon_core.package_identification:_identify(.) by extension 'ros'
[1.490s] Level 1:colcon.colcon_core.package_identification:_identify(.) by extensions ['cmake', 'python']
[1.491s] Level 1:colcon.colcon_core.package_identification:_identify(.) by extension 'cmake'
[1.491s] Level 1:colcon.colcon_core.package_identification:_identify(.) by extension 'python'
[1.491s] Level 1:colcon.colcon_core.package_identification:_identify(.) by extensions ['python_setup_py']
[1.491s] Level 1:colcon.colcon_core.package_identification:_identify(.) by extension 'python_setup_py'
[1.492s] Level 1:colcon.colcon_core.package_identification:_identify(build) by extensions ['ignore', 'ignore_ament_install']
[1.492s] Level 1:colcon.colcon_core.package_identification:_identify(build) by extension 'ignore'
[1.492s] Level 1:colcon.colcon_core.package_identification:_identify(build) ignored
[1.493s] Level 1:colcon.colcon_core.package_identification:_identify(install) by extensions ['ignore', 'ignore_ament_install']
[1.493s] Level 1:colcon.colcon_core.package_identification:_identify(install) by extension 'ignore'
[1.493s] Level 1:colcon.colcon_core.package_identification:_identify(install) ignored
[1.495s] Level 1:colcon.colcon_core.package_identification:_identify(log) by extensions ['ignore', 'ignore_ament_install']
[1.495s] Level 1:colcon.colcon_core.package_identification:_identify(log) by extension 'ignore'
[1.495s] Level 1:colcon.colcon_core.package_identification:_identify(log) ignored
[1.495s] Level 1:colcon.colcon_core.package_identification:_identify(src) by extensions ['ignore', 'ignore_ament_install']
[1.496s] Level 1:colcon.colcon_core.package_identification:_identify(src) by extension 'ignore'
[1.496s] Level 1:colcon.colcon_core.package_identification:_identify(src) by extension 'ignore_ament_install'
[1.496s] Level 1:colcon.colcon_core.package_identification:_identify(src) by extensions ['colcon_pkg']
[1.496s] Level 1:colcon.colcon_core.package_identification:_identify(src) by extension 'colcon_pkg'
[1.496s] Level 1:colcon.colcon_core.package_identification:_identify(src) by extensions ['colcon_meta']
[1.497s] Level 1:colcon.colcon_core.package_identification:_identify(src) by extension 'colcon_meta'
[1.497s] Level 1:colcon.colcon_core.package_identification:_identify(src) by extensions ['ros']
[1.497s] Level 1:colcon.colcon_core.package_identification:_identify(src) by extension 'ros'
[1.497s] Level 1:colcon.colcon_core.package_identification:_identify(src) by extensions ['cmake', 'python']
[1.497s] Level 1:colcon.colcon_core.package_identification:_identify(src) by extension 'cmake'
[1.497s] Level 1:colcon.colcon_core.package_identification:_identify(src) by extension 'python'
[1.497s] Level 1:colcon.colcon_core.package_identification:_identify(src) by extensions ['python_setup_py']
[1.498s] Level 1:colcon.colcon_core.package_identification:_identify(src) by extension 'python_setup_py'
[1.498s] Level 1:colcon.colcon_core.package_identification:_identify(src/jdamr200_node) by extensions ['ignore', 'ignore_ament_install']
[1.498s] Level 1:colcon.colcon_core.package_identification:_identify(src/jdamr200_node) by extension 'ignore'
[1.498s] Level 1:colcon.colcon_core.package_identification:_identify(src/jdamr200_node) by extension 'ignore_ament_install'
[1.499s] Level 1:colcon.colcon_core.package_identification:_identify(src/jdamr200_node) by extensions ['colcon_pkg']
[1.499s] Level 1:colcon.colcon_core.package_identification:_identify(src/jdamr200_node) by extension 'colcon_pkg'
[1.499s] Level 1:colcon.colcon_core.package_identification:_identify(src/jdamr200_node) by extensions ['colcon_meta']
[1.499s] Level 1:colcon.colcon_core.package_identification:_identify(src/jdamr200_node) by extension 'colcon_meta'
[1.499s] Level 1:colcon.colcon_core.package_identification:_identify(src/jdamr200_node) by extensions ['ros']
[1.499s] Level 1:colcon.colcon_core.package_identification:_identify(src/jdamr200_node) by extension 'ros'
[1.508s] DEBUG:colcon.colcon_core.package_identification:Package 'src/jdamr200_node' with type 'ros.ament_python' and name 'jdamr200_node'
[1.508s] Level 1:colcon.colcon_core.package_identification:_identify(src/jdamr200_teleop) by extensions ['ignore', 'ignore_ament_install']
[1.509s] Level 1:colcon.colcon_core.package_identification:_identify(src/jdamr200_teleop) by extension 'ignore'
[1.509s] Level 1:colcon.colcon_core.package_identification:_identify(src/jdamr200_teleop) by extension 'ignore_ament_install'
[1.509s] Level 1:colcon.colcon_core.package_identification:_identify(src/jdamr200_teleop) by extensions ['colcon_pkg']
[1.509s] Level 1:colcon.colcon_core.package_identification:_identify(src/jdamr200_teleop) by extension 'colcon_pkg'
[1.509s] Level 1:colcon.colcon_core.package_identification:_identify(src/jdamr200_teleop) by extensions ['colcon_meta']
[1.510s] Level 1:colcon.colcon_core.package_identification:_identify(src/jdamr200_teleop) by extension 'colcon_meta'
[1.510s] Level 1:colcon.colcon_core.package_identification:_identify(src/jdamr200_teleop) by extensions ['ros']
[1.510s] Level 1:colcon.colcon_core.package_identification:_identify(src/jdamr200_teleop) by extension 'ros'
[1.512s] DEBUG:colcon.colcon_core.package_identification:Package 'src/jdamr200_teleop' with type 'ros.ament_python' and name 'jdamr200_teleop'
[1.512s] Level 1:colcon.colcon_core.package_identification:_identify(src/myagv_bringup) by extensions ['ignore', 'ignore_ament_install']
[1.513s] Level 1:colcon.colcon_core.package_identification:_identify(src/myagv_bringup) by extension 'ignore'
[1.513s] Level 1:colcon.colcon_core.package_identification:_identify(src/myagv_bringup) by extension 'ignore_ament_install'
[1.513s] Level 1:colcon.colcon_core.package_identification:_identify(src/myagv_bringup) by extensions ['colcon_pkg']
[1.513s] Level 1:colcon.colcon_core.package_identification:_identify(src/myagv_bringup) by extension 'colcon_pkg'
[1.513s] Level 1:colcon.colcon_core.package_identification:_identify(src/myagv_bringup) by extensions ['colcon_meta']
[1.514s] Level 1:colcon.colcon_core.package_identification:_identify(src/myagv_bringup) by extension 'colcon_meta'
[1.514s] Level 1:colcon.colcon_core.package_identification:_identify(src/myagv_bringup) by extensions ['ros']
[1.514s] Level 1:colcon.colcon_core.package_identification:_identify(src/myagv_bringup) by extension 'ros'
[1.516s] DEBUG:colcon.colcon_core.package_identification:Package 'src/myagv_bringup' with type 'ros.ament_cmake' and name 'myagv_bringup'
[1.516s] Level 1:colcon.colcon_core.package_identification:_identify(src/myagv_description) by extensions ['ignore', 'ignore_ament_install']
[1.517s] Level 1:colcon.colcon_core.package_identification:_identify(src/myagv_description) by extension 'ignore'
[1.517s] Level 1:colcon.colcon_core.package_identification:_identify(src/myagv_description) by extension 'ignore_ament_install'
[1.517s] Level 1:colcon.colcon_core.package_identification:_identify(src/myagv_description) by extensions ['colcon_pkg']
[1.517s] Level 1:colcon.colcon_core.package_identification:_identify(src/myagv_description) by extension 'colcon_pkg'
[1.517s] Level 1:colcon.colcon_core.package_identification:_identify(src/myagv_description) by extensions ['colcon_meta']
[1.517s] Level 1:colcon.colcon_core.package_identification:_identify(src/myagv_description) by extension 'colcon_meta'
[1.518s] Level 1:colcon.colcon_core.package_identification:_identify(src/myagv_description) by extensions ['ros']
[1.518s] Level 1:colcon.colcon_core.package_identification:_identify(src/myagv_description) by extension 'ros'
[1.520s] DEBUG:colcon.colcon_core.package_identification:Package 'src/myagv_description' with type 'ros.ament_cmake' and name 'myagv_description'
[1.520s] Level 1:colcon.colcon_core.package_identification:_identify(src/myagv_navigation2) by extensions ['ignore', 'ignore_ament_install']
[1.521s] Level 1:colcon.colcon_core.package_identification:_identify(src/myagv_navigation2) by extension 'ignore'
[1.521s] Level 1:colcon.colcon_core.package_identification:_identify(src/myagv_navigation2) by extension 'ignore_ament_install'
[1.521s] Level 1:colcon.colcon_core.package_identification:_identify(src/myagv_navigation2) by extensions ['colcon_pkg']
[1.521s] Level 1:colcon.colcon_core.package_identification:_identify(src/myagv_navigation2) by extension 'colcon_pkg'
[1.521s] Level 1:colcon.colcon_core.package_identification:_identify(src/myagv_navigation2) by extensions ['colcon_meta']
[1.522s] Level 1:colcon.colcon_core.package_identification:_identify(src/myagv_navigation2) by extension 'colcon_meta'
[1.522s] Level 1:colcon.colcon_core.package_identification:_identify(src/myagv_navigation2) by extensions ['ros']
[1.522s] Level 1:colcon.colcon_core.package_identification:_identify(src/myagv_navigation2) by extension 'ros'
[1.524s] DEBUG:colcon.colcon_core.package_identification:Package 'src/myagv_navigation2' with type 'ros.ament_cmake' and name 'myagv_navigation2'
[1.524s] Level 1:colcon.colcon_core.package_identification:_identify(src/ps2_controller) by extensions ['ignore', 'ignore_ament_install']
[1.525s] Level 1:colcon.colcon_core.package_identification:_identify(src/ps2_controller) by extension 'ignore'
[1.525s] Level 1:colcon.colcon_core.package_identification:_identify(src/ps2_controller) by extension 'ignore_ament_install'
[1.525s] Level 1:colcon.colcon_core.package_identification:_identify(src/ps2_controller) by extensions ['colcon_pkg']
[1.525s] Level 1:colcon.colcon_core.package_identification:_identify(src/ps2_controller) by extension 'colcon_pkg'
[1.525s] Level 1:colcon.colcon_core.package_identification:_identify(src/ps2_controller) by extensions ['colcon_meta']
[1.526s] Level 1:colcon.colcon_core.package_identification:_identify(src/ps2_controller) by extension 'colcon_meta'
[1.526s] Level 1:colcon.colcon_core.package_identification:_identify(src/ps2_controller) by extensions ['ros']
[1.526s] Level 1:colcon.colcon_core.package_identification:_identify(src/ps2_controller) by extension 'ros'
[1.529s] DEBUG:colcon.colcon_core.package_identification:Package 'src/ps2_controller' with type 'ros.ament_cmake' and name 'ps2_controller'
[1.529s] Level 1:colcon.colcon_core.package_identification:_identify(src/ydlidar_ros2_driver) by extensions ['ignore', 'ignore_ament_install']
[1.530s] Level 1:colcon.colcon_core.package_identification:_identify(src/ydlidar_ros2_driver) by extension 'ignore'
[1.530s] Level 1:colcon.colcon_core.package_identification:_identify(src/ydlidar_ros2_driver) by extension 'ignore_ament_install'
[1.530s] Level 1:colcon.colcon_core.package_identification:_identify(src/ydlidar_ros2_driver) by extensions ['colcon_pkg']
[1.530s] Level 1:colcon.colcon_core.package_identification:_identify(src/ydlidar_ros2_driver) by extension 'colcon_pkg'
[1.530s] Level 1:colcon.colcon_core.package_identification:_identify(src/ydlidar_ros2_driver) by extensions ['colcon_meta']
[1.530s] Level 1:colcon.colcon_core.package_identification:_identify(src/ydlidar_ros2_driver) by extension 'colcon_meta'
[1.531s] Level 1:colcon.colcon_core.package_identification:_identify(src/ydlidar_ros2_driver) by extensions ['ros']
[1.531s] Level 1:colcon.colcon_core.package_identification:_identify(src/ydlidar_ros2_driver) by extension 'ros'
[1.533s] DEBUG:colcon.colcon_core.package_identification:Package 'src/ydlidar_ros2_driver' with type 'ros.ament_cmake' and name 'ydlidar_ros2_driver'
[1.533s] Level 1:colcon.colcon_core.package_discovery:discover_packages(recursive) using defaults
[1.533s] Level 1:colcon.colcon_core.package_discovery:discover_packages(ignore) discover
[1.534s] Level 1:colcon.colcon_core.package_discovery:discover_packages(ignore) using defaults
[1.534s] Level 1:colcon.colcon_core.package_discovery:discover_packages(path) discover
[1.534s] Level 1:colcon.colcon_core.package_discovery:discover_packages(path) using defaults
[1.593s] Level 1:colcon.colcon_core.package_discovery:discover_packages(prefix_path) check parameters
[1.593s] Level 1:colcon.colcon_core.package_discovery:discover_packages(prefix_path) discover
[1.611s] DEBUG:colcon.colcon_installed_package_information.package_discovery:Found 296 installed packages in /opt/ros/foxy
[1.655s] Level 1:colcon.colcon_core.package_discovery:discover_packages(prefix_path) using defaults
[2.001s] Level 5:colcon.colcon_core.verb:set package 'jdamr200_node' build argument 'cmake_args' from command line to 'None'
[2.001s] Level 5:colcon.colcon_core.verb:set package 'jdamr200_node' build argument 'cmake_target' from command line to 'None'
[2.001s] Level 5:colcon.colcon_core.verb:set package 'jdamr200_node' build argument 'cmake_target_skip_unavailable' from command line to 'False'
[2.001s] Level 5:colcon.colcon_core.verb:set package 'jdamr200_node' build argument 'cmake_clean_cache' from command line to 'False'
[2.001s] Level 5:colcon.colcon_core.verb:set package 'jdamr200_node' build argument 'cmake_clean_first' from command line to 'False'
[2.001s] Level 5:colcon.colcon_core.verb:set package 'jdamr200_node' build argument 'cmake_force_configure' from command line to 'False'
[2.002s] Level 5:colcon.colcon_core.verb:set package 'jdamr200_node' build argument 'ament_cmake_args' from command line to 'None'
[2.002s] Level 5:colcon.colcon_core.verb:set package 'jdamr200_node' build argument 'catkin_cmake_args' from command line to 'None'
[2.002s] Level 5:colcon.colcon_core.verb:set package 'jdamr200_node' build argument 'catkin_skip_building_tests' from command line to 'False'
[2.002s] DEBUG:colcon.colcon_core.verb:Building package 'jdamr200_node' with the following arguments: {'ament_cmake_args': None, 'build_base': '/home/pi/ydlidar_ros2_ws/build/jdamr200_node', 'catkin_cmake_args': None, 'catkin_skip_building_tests': False, 'cmake_args': None, 'cmake_clean_cache': False, 'cmake_clean_first': False, 'cmake_force_configure': False, 'cmake_target': None, 'cmake_target_skip_unavailable': False, 'install_base': '/home/pi/ydlidar_ros2_ws/install/jdamr200_node', 'merge_install': False, 'path': '/home/pi/ydlidar_ros2_ws/src/jdamr200_node', 'symlink_install': False, 'test_result_base': None}
[2.003s] Level 5:colcon.colcon_core.verb:set package 'jdamr200_teleop' build argument 'cmake_args' from command line to 'None'
[2.004s] Level 5:colcon.colcon_core.verb:set package 'jdamr200_teleop' build argument 'cmake_target' from command line to 'None'
[2.004s] Level 5:colcon.colcon_core.verb:set package 'jdamr200_teleop' build argument 'cmake_target_skip_unavailable' from command line to 'False'
[2.004s] Level 5:colcon.colcon_core.verb:set package 'jdamr200_teleop' build argument 'cmake_clean_cache' from command line to 'False'
[2.004s] Level 5:colcon.colcon_core.verb:set package 'jdamr200_teleop' build argument 'cmake_clean_first' from command line to 'False'
[2.004s] Level 5:colcon.colcon_core.verb:set package 'jdamr200_teleop' build argument 'cmake_force_configure' from command line to 'False'
[2.004s] Level 5:colcon.colcon_core.verb:set package 'jdamr200_teleop' build argument 'ament_cmake_args' from command line to 'None'
[2.004s] Level 5:colcon.colcon_core.verb:set package 'jdamr200_teleop' build argument 'catkin_cmake_args' from command line to 'None'
[2.004s] Level 5:colcon.colcon_core.verb:set package 'jdamr200_teleop' build argument 'catkin_skip_building_tests' from command line to 'False'
[2.004s] DEBUG:colcon.colcon_core.verb:Building package 'jdamr200_teleop' with the following arguments: {'ament_cmake_args': None, 'build_base': '/home/pi/ydlidar_ros2_ws/build/jdamr200_teleop', 'catkin_cmake_args': None, 'catkin_skip_building_tests': False, 'cmake_args': None, 'cmake_clean_cache': False, 'cmake_clean_first': False, 'cmake_force_configure': False, 'cmake_target': None, 'cmake_target_skip_unavailable': False, 'install_base': '/home/pi/ydlidar_ros2_ws/install/jdamr200_teleop', 'merge_install': False, 'path': '/home/pi/ydlidar_ros2_ws/src/jdamr200_teleop', 'symlink_install': False, 'test_result_base': None}
[2.006s] Level 5:colcon.colcon_core.verb:set package 'myagv_description' build argument 'cmake_args' from command line to 'None'
[2.006s] Level 5:colcon.colcon_core.verb:set package 'myagv_description' build argument 'cmake_target' from command line to 'None'
[2.006s] Level 5:colcon.colcon_core.verb:set package 'myagv_description' build argument 'cmake_target_skip_unavailable' from command line to 'False'
[2.006s] Level 5:colcon.colcon_core.verb:set package 'myagv_description' build argument 'cmake_clean_cache' from command line to 'False'
[2.006s] Level 5:colcon.colcon_core.verb:set package 'myagv_description' build argument 'cmake_clean_first' from command line to 'False'
[2.006s] Level 5:colcon.colcon_core.verb:set package 'myagv_description' build argument 'cmake_force_configure' from command line to 'False'
[2.006s] Level 5:colcon.colcon_core.verb:set package 'myagv_description' build argument 'ament_cmake_args' from command line to 'None'
[2.006s] Level 5:colcon.colcon_core.verb:set package 'myagv_description' build argument 'catkin_cmake_args' from command line to 'None'
[2.007s] Level 5:colcon.colcon_core.verb:set package 'myagv_description' build argument 'catkin_skip_building_tests' from command line to 'False'
[2.007s] DEBUG:colcon.colcon_core.verb:Building package 'myagv_description' with the following arguments: {'ament_cmake_args': None, 'build_base': '/home/pi/ydlidar_ros2_ws/build/myagv_description', 'catkin_cmake_args': None, 'catkin_skip_building_tests': False, 'cmake_args': None, 'cmake_clean_cache': False, 'cmake_clean_first': False, 'cmake_force_configure': False, 'cmake_target': None, 'cmake_target_skip_unavailable': False, 'install_base': '/home/pi/ydlidar_ros2_ws/install/myagv_description', 'merge_install': False, 'path': '/home/pi/ydlidar_ros2_ws/src/myagv_description', 'symlink_install': False, 'test_result_base': None}
[2.008s] Level 5:colcon.colcon_core.verb:set package 'myagv_navigation2' build argument 'cmake_args' from command line to 'None'
[2.008s] Level 5:colcon.colcon_core.verb:set package 'myagv_navigation2' build argument 'cmake_target' from command line to 'None'
[2.009s] Level 5:colcon.colcon_core.verb:set package 'myagv_navigation2' build argument 'cmake_target_skip_unavailable' from command line to 'False'
[2.009s] Level 5:colcon.colcon_core.verb:set package 'myagv_navigation2' build argument 'cmake_clean_cache' from command line to 'False'
[2.009s] Level 5:colcon.colcon_core.verb:set package 'myagv_navigation2' build argument 'cmake_clean_first' from command line to 'False'
[2.009s] Level 5:colcon.colcon_core.verb:set package 'myagv_navigation2' build argument 'cmake_force_configure' from command line to 'False'
[2.009s] Level 5:colcon.colcon_core.verb:set package 'myagv_navigation2' build argument 'ament_cmake_args' from command line to 'None'
[2.009s] Level 5:colcon.colcon_core.verb:set package 'myagv_navigation2' build argument 'catkin_cmake_args' from command line to 'None'
[2.009s] Level 5:colcon.colcon_core.verb:set package 'myagv_navigation2' build argument 'catkin_skip_building_tests' from command line to 'False'
[2.009s] DEBUG:colcon.colcon_core.verb:Building package 'myagv_navigation2' with the following arguments: {'ament_cmake_args': None, 'build_base': '/home/pi/ydlidar_ros2_ws/build/myagv_navigation2', 'catkin_cmake_args': None, 'catkin_skip_building_tests': False, 'cmake_args': None, 'cmake_clean_cache': False, 'cmake_clean_first': False, 'cmake_force_configure': False, 'cmake_target': None, 'cmake_target_skip_unavailable': False, 'install_base': '/home/pi/ydlidar_ros2_ws/install/myagv_navigation2', 'merge_install': False, 'path': '/home/pi/ydlidar_ros2_ws/src/myagv_navigation2', 'symlink_install': False, 'test_result_base': None}
[2.011s] Level 5:colcon.colcon_core.verb:set package 'ps2_controller' build argument 'cmake_args' from command line to 'None'
[2.011s] Level 5:colcon.colcon_core.verb:set package 'ps2_controller' build argument 'cmake_target' from command line to 'None'
[2.011s] Level 5:colcon.colcon_core.verb:set package 'ps2_controller' build argument 'cmake_target_skip_unavailable' from command line to 'False'
[2.011s] Level 5:colcon.colcon_core.verb:set package 'ps2_controller' build argument 'cmake_clean_cache' from command line to 'False'
[2.011s] Level 5:colcon.colcon_core.verb:set package 'ps2_controller' build argument 'cmake_clean_first' from command line to 'False'
[2.011s] Level 5:colcon.colcon_core.verb:set package 'ps2_controller' build argument 'cmake_force_configure' from command line to 'False'
[2.011s] Level 5:colcon.colcon_core.verb:set package 'ps2_controller' build argument 'ament_cmake_args' from command line to 'None'
[2.011s] Level 5:colcon.colcon_core.verb:set package 'ps2_controller' build argument 'catkin_cmake_args' from command line to 'None'
[2.011s] Level 5:colcon.colcon_core.verb:set package 'ps2_controller' build argument 'catkin_skip_building_tests' from command line to 'False'
[2.011s] DEBUG:colcon.colcon_core.verb:Building package 'ps2_controller' with the following arguments: {'ament_cmake_args': None, 'build_base': '/home/pi/ydlidar_ros2_ws/build/ps2_controller', 'catkin_cmake_args': None, 'catkin_skip_building_tests': False, 'cmake_args': None, 'cmake_clean_cache': False, 'cmake_clean_first': False, 'cmake_force_configure': False, 'cmake_target': None, 'cmake_target_skip_unavailable': False, 'install_base': '/home/pi/ydlidar_ros2_ws/install/ps2_controller', 'merge_install': False, 'path': '/home/pi/ydlidar_ros2_ws/src/ps2_controller', 'symlink_install': False, 'test_result_base': None}
[2.013s] Level 5:colcon.colcon_core.verb:set package 'ydlidar_ros2_driver' build argument 'cmake_args' from command line to 'None'
[2.013s] Level 5:colcon.colcon_core.verb:set package 'ydlidar_ros2_driver' build argument 'cmake_target' from command line to 'None'
[2.013s] Level 5:colcon.colcon_core.verb:set package 'ydlidar_ros2_driver' build argument 'cmake_target_skip_unavailable' from command line to 'False'
[2.013s] Level 5:colcon.colcon_core.verb:set package 'ydlidar_ros2_driver' build argument 'cmake_clean_cache' from command line to 'False'
[2.013s] Level 5:colcon.colcon_core.verb:set package 'ydlidar_ros2_driver' build argument 'cmake_clean_first' from command line to 'False'
[2.013s] Level 5:colcon.colcon_core.verb:set package 'ydlidar_ros2_driver' build argument 'cmake_force_configure' from command line to 'False'
[2.014s] Level 5:colcon.colcon_core.verb:set package 'ydlidar_ros2_driver' build argument 'ament_cmake_args' from command line to 'None'
[2.014s] Level 5:colcon.colcon_core.verb:set package 'ydlidar_ros2_driver' build argument 'catkin_cmake_args' from command line to 'None'
[2.014s] Level 5:colcon.colcon_core.verb:set package 'ydlidar_ros2_driver' build argument 'catkin_skip_building_tests' from command line to 'False'
[2.014s] DEBUG:colcon.colcon_core.verb:Building package 'ydlidar_ros2_driver' with the following arguments: {'ament_cmake_args': None, 'build_base': '/home/pi/ydlidar_ros2_ws/build/ydlidar_ros2_driver', 'catkin_cmake_args': None, 'catkin_skip_building_tests': False, 'cmake_args': None, 'cmake_clean_cache': False, 'cmake_clean_first': False, 'cmake_force_configure': False, 'cmake_target': None, 'cmake_target_skip_unavailable': False, 'install_base': '/home/pi/ydlidar_ros2_ws/install/ydlidar_ros2_driver', 'merge_install': False, 'path': '/home/pi/ydlidar_ros2_ws/src/ydlidar_ros2_driver', 'symlink_install': False, 'test_result_base': None}
[2.015s] Level 5:colcon.colcon_core.verb:set package 'myagv_bringup' build argument 'cmake_args' from command line to 'None'
[2.015s] Level 5:colcon.colcon_core.verb:set package 'myagv_bringup' build argument 'cmake_target' from command line to 'None'
[2.015s] Level 5:colcon.colcon_core.verb:set package 'myagv_bringup' build argument 'cmake_target_skip_unavailable' from command line to 'False'
[2.016s] Level 5:colcon.colcon_core.verb:set package 'myagv_bringup' build argument 'cmake_clean_cache' from command line to 'False'
[2.016s] Level 5:colcon.colcon_core.verb:set package 'myagv_bringup' build argument 'cmake_clean_first' from command line to 'False'
[2.016s] Level 5:colcon.colcon_core.verb:set package 'myagv_bringup' build argument 'cmake_force_configure' from command line to 'False'
[2.016s] Level 5:colcon.colcon_core.verb:set package 'myagv_bringup' build argument 'ament_cmake_args' from command line to 'None'
[2.016s] Level 5:colcon.colcon_core.verb:set package 'myagv_bringup' build argument 'catkin_cmake_args' from command line to 'None'
[2.016s] Level 5:colcon.colcon_core.verb:set package 'myagv_bringup' build argument 'catkin_skip_building_tests' from command line to 'False'
[2.016s] DEBUG:colcon.colcon_core.verb:Building package 'myagv_bringup' with the following arguments: {'ament_cmake_args': None, 'build_base': '/home/pi/ydlidar_ros2_ws/build/myagv_bringup', 'catkin_cmake_args': None, 'catkin_skip_building_tests': False, 'cmake_args': None, 'cmake_clean_cache': False, 'cmake_clean_first': False, 'cmake_force_configure': False, 'cmake_target': None, 'cmake_target_skip_unavailable': False, 'install_base': '/home/pi/ydlidar_ros2_ws/install/myagv_bringup', 'merge_install': False, 'path': '/home/pi/ydlidar_ros2_ws/src/myagv_bringup', 'symlink_install': False, 'test_result_base': None}
[2.017s] INFO:colcon.colcon_core.executor:Executing jobs using 'parallel' executor
[2.020s] DEBUG:colcon.colcon_parallel_executor.executor.parallel:run_until_complete
[2.021s] INFO:colcon.colcon_ros.task.ament_cmake.build:Building ROS package in '/home/pi/ydlidar_ros2_ws/src/myagv_description' with build type 'ament_cmake'
[2.022s] INFO:colcon.colcon_cmake.task.cmake.build:Building CMake package in '/home/pi/ydlidar_ros2_ws/src/myagv_description'
[2.030s] INFO:colcon.colcon_core.plugin_system:Skipping extension 'colcon_core.shell.bat': Not used on non-Windows systems
[2.031s] INFO:colcon.colcon_core.shell:Skip shell extension 'powershell' for command environment: Not usable outside of PowerShell
[2.031s] DEBUG:colcon.colcon_core.shell:Skip shell extension 'dsv' for command environment
[2.051s] INFO:colcon.colcon_ros.task.ament_python.build:Building ROS package in '/home/pi/ydlidar_ros2_ws/src/jdamr200_node' with build type 'ament_python'
[2.052s] Level 1:colcon.colcon_core.shell:create_environment_hook('jdamr200_node', 'ament_prefix_path')
[2.054s] INFO:colcon.colcon_core.shell:Creating environment hook '/home/pi/ydlidar_ros2_ws/install/jdamr200_node/share/jdamr200_node/hook/ament_prefix_path.ps1'
[2.058s] INFO:colcon.colcon_core.shell:Creating environment descriptor '/home/pi/ydlidar_ros2_ws/install/jdamr200_node/share/jdamr200_node/hook/ament_prefix_path.dsv'
[2.060s] INFO:colcon.colcon_core.shell:Creating environment hook '/home/pi/ydlidar_ros2_ws/install/jdamr200_node/share/jdamr200_node/hook/ament_prefix_path.sh'
[2.064s] INFO:colcon.colcon_core.shell:Skip shell extension 'powershell' for command environment: Not usable outside of PowerShell
[2.064s] DEBUG:colcon.colcon_core.shell:Skip shell extension 'dsv' for command environment
[2.083s] INFO:colcon.colcon_ros.task.ament_python.build:Building ROS package in '/home/pi/ydlidar_ros2_ws/src/jdamr200_teleop' with build type 'ament_python'
[2.084s] Level 1:colcon.colcon_core.shell:create_environment_hook('jdamr200_teleop', 'ament_prefix_path')
[2.086s] INFO:colcon.colcon_core.shell:Creating environment hook '/home/pi/ydlidar_ros2_ws/install/jdamr200_teleop/share/jdamr200_teleop/hook/ament_prefix_path.ps1'
[2.089s] INFO:colcon.colcon_core.shell:Creating environment descriptor '/home/pi/ydlidar_ros2_ws/install/jdamr200_teleop/share/jdamr200_teleop/hook/ament_prefix_path.dsv'
[2.091s] INFO:colcon.colcon_core.shell:Creating environment hook '/home/pi/ydlidar_ros2_ws/install/jdamr200_teleop/share/jdamr200_teleop/hook/ament_prefix_path.sh'
[2.094s] INFO:colcon.colcon_core.shell:Skip shell extension 'powershell' for command environment: Not usable outside of PowerShell
[2.095s] DEBUG:colcon.colcon_core.shell:Skip shell extension 'dsv' for command environment
[2.113s] INFO:colcon.colcon_ros.task.ament_cmake.build:Building ROS package in '/home/pi/ydlidar_ros2_ws/src/myagv_navigation2' with build type 'ament_cmake'
[2.114s] INFO:colcon.colcon_cmake.task.cmake.build:Building CMake package in '/home/pi/ydlidar_ros2_ws/src/myagv_navigation2'
[2.116s] INFO:colcon.colcon_core.shell:Skip shell extension 'powershell' for command environment: Not usable outside of PowerShell
[2.117s] DEBUG:colcon.colcon_core.shell:Skip shell extension 'dsv' for command environment
[2.158s] DEBUG:colcon.colcon_core.event_handler.log_command:Invoking command in '/home/pi/ydlidar_ros2_ws/build/myagv_description': CMAKE_PREFIX_PATH=/opt/ros/foxy /usr/bin/cmake --build /home/pi/ydlidar_ros2_ws/build/myagv_description -- -j4 -l4
[3.143s] INFO:colcon.colcon_core.task.python.build:Building Python package in '/home/pi/ydlidar_ros2_ws/src/jdamr200_node'
[3.145s] INFO:colcon.colcon_core.shell:Skip shell extension 'powershell' for command environment: Not usable outside of PowerShell
[3.145s] DEBUG:colcon.colcon_core.shell:Skip shell extension 'dsv' for command environment
[4.108s] INFO:colcon.colcon_core.task.python.build:Building Python package in '/home/pi/ydlidar_ros2_ws/src/jdamr200_teleop'
[4.109s] INFO:colcon.colcon_core.shell:Skip shell extension 'powershell' for command environment: Not usable outside of PowerShell
[4.109s] DEBUG:colcon.colcon_core.shell:Skip shell extension 'dsv' for command environment
[4.145s] DEBUG:colcon.colcon_core.event_handler.log_command:Invoking command in '/home/pi/ydlidar_ros2_ws/build/myagv_navigation2': CMAKE_PREFIX_PATH=/opt/ros/foxy /usr/bin/cmake --build /home/pi/ydlidar_ros2_ws/build/myagv_navigation2 -- -j4 -l4
[4.158s] DEBUG:colcon.colcon_core.event_handler.log_command:Invoked command in '/home/pi/ydlidar_ros2_ws/build/myagv_description' returned '0': CMAKE_PREFIX_PATH=/opt/ros/foxy /usr/bin/cmake --build /home/pi/ydlidar_ros2_ws/build/myagv_description -- -j4 -l4
[4.355s] DEBUG:colcon.colcon_core.event_handler.log_command:Invoking command in '/home/pi/ydlidar_ros2_ws/build/myagv_description': CMAKE_PREFIX_PATH=/opt/ros/foxy /usr/bin/cmake --install /home/pi/ydlidar_ros2_ws/build/myagv_description
[4.371s] DEBUG:colcon.colcon_core.event_handler.log_command:Invoked command in '/home/pi/ydlidar_ros2_ws/build/myagv_navigation2' returned '0': CMAKE_PREFIX_PATH=/opt/ros/foxy /usr/bin/cmake --build /home/pi/ydlidar_ros2_ws/build/myagv_navigation2 -- -j4 -l4
[4.507s] Level 1:colcon.colcon_core.environment:create_environment_scripts_only(myagv_description)
[4.517s] DEBUG:colcon.colcon_core.event_handler.log_command:Invoked command in '/home/pi/ydlidar_ros2_ws/build/myagv_description' returned '0': CMAKE_PREFIX_PATH=/opt/ros/foxy /usr/bin/cmake --install /home/pi/ydlidar_ros2_ws/build/myagv_description
[4.527s] Level 1:colcon.colcon_core.environment:checking '/home/pi/ydlidar_ros2_ws/install/myagv_description' for CMake module files
[4.530s] Level 1:colcon.colcon_core.environment:checking '/home/pi/ydlidar_ros2_ws/install/myagv_description' for CMake config files
[4.534s] Level 1:colcon.colcon_core.shell:create_environment_hook('myagv_description', 'cmake_prefix_path')
[4.535s] INFO:colcon.colcon_core.shell:Creating environment hook '/home/pi/ydlidar_ros2_ws/install/myagv_description/share/myagv_description/hook/cmake_prefix_path.ps1'
[4.542s] INFO:colcon.colcon_core.shell:Creating environment descriptor '/home/pi/ydlidar_ros2_ws/install/myagv_description/share/myagv_description/hook/cmake_prefix_path.dsv'
[4.546s] INFO:colcon.colcon_core.shell:Creating environment hook '/home/pi/ydlidar_ros2_ws/install/myagv_description/share/myagv_description/hook/cmake_prefix_path.sh'
[4.550s] Level 1:colcon.colcon_core.environment:checking '/home/pi/ydlidar_ros2_ws/install/myagv_description/bin'
[4.550s] Level 1:colcon.colcon_core.environment:checking '/home/pi/ydlidar_ros2_ws/install/myagv_description/lib/pkgconfig/myagv_description.pc'
[4.551s] Level 1:colcon.colcon_core.environment:checking '/home/pi/ydlidar_ros2_ws/install/myagv_description/lib/python3.8/site-packages'
[4.552s] Level 1:colcon.colcon_core.environment:checking '/home/pi/ydlidar_ros2_ws/install/myagv_description/bin'
[4.554s] INFO:colcon.colcon_core.shell:Creating package script '/home/pi/ydlidar_ros2_ws/install/myagv_description/share/myagv_description/package.ps1'
[4.558s] INFO:colcon.colcon_core.shell:Creating package descriptor '/home/pi/ydlidar_ros2_ws/install/myagv_description/share/myagv_description/package.dsv'
[4.561s] INFO:colcon.colcon_core.shell:Creating package script '/home/pi/ydlidar_ros2_ws/install/myagv_description/share/myagv_description/package.sh'
[4.566s] INFO:colcon.colcon_core.shell:Creating package script '/home/pi/ydlidar_ros2_ws/install/myagv_description/share/myagv_description/package.bash'
[4.571s] INFO:colcon.colcon_core.shell:Creating package script '/home/pi/ydlidar_ros2_ws/install/myagv_description/share/myagv_description/package.zsh'
[4.575s] Level 1:colcon.colcon_core.environment:create_file_with_runtime_dependencies(/home/pi/ydlidar_ros2_ws/install/myagv_description/share/colcon-core/packages/myagv_description)
[4.595s] DEBUG:colcon.colcon_core.event_handler.log_command:Invoking command in '/home/pi/ydlidar_ros2_ws/build/myagv_navigation2': CMAKE_PREFIX_PATH=/opt/ros/foxy /usr/bin/cmake --install /home/pi/ydlidar_ros2_ws/build/myagv_navigation2
[4.676s] Level 1:colcon.colcon_core.environment:create_environment_scripts_only(myagv_navigation2)
[4.678s] Level 1:colcon.colcon_core.environment:checking '/home/pi/ydlidar_ros2_ws/install/myagv_navigation2' for CMake module files
[4.688s] DEBUG:colcon.colcon_core.event_handler.log_command:Invoked command in '/home/pi/ydlidar_ros2_ws/build/myagv_navigation2' returned '0': CMAKE_PREFIX_PATH=/opt/ros/foxy /usr/bin/cmake --install /home/pi/ydlidar_ros2_ws/build/myagv_navigation2
[4.690s] Level 1:colcon.colcon_core.environment:checking '/home/pi/ydlidar_ros2_ws/install/myagv_navigation2' for CMake config files
[4.692s] Level 1:colcon.colcon_core.shell:create_environment_hook('myagv_navigation2', 'cmake_prefix_path')
[4.693s] INFO:colcon.colcon_core.shell:Creating environment hook '/home/pi/ydlidar_ros2_ws/install/myagv_navigation2/share/myagv_navigation2/hook/cmake_prefix_path.ps1'
[4.696s] INFO:colcon.colcon_core.shell:Creating environment descriptor '/home/pi/ydlidar_ros2_ws/install/myagv_navigation2/share/myagv_navigation2/hook/cmake_prefix_path.dsv'
[4.699s] INFO:colcon.colcon_core.shell:Creating environment hook '/home/pi/ydlidar_ros2_ws/install/myagv_navigation2/share/myagv_navigation2/hook/cmake_prefix_path.sh'
[4.703s] Level 1:colcon.colcon_core.environment:checking '/home/pi/ydlidar_ros2_ws/install/myagv_navigation2/bin'
[4.704s] Level 1:colcon.colcon_core.environment:checking '/home/pi/ydlidar_ros2_ws/install/myagv_navigation2/lib/pkgconfig/myagv_navigation2.pc'
[4.705s] Level 1:colcon.colcon_core.environment:checking '/home/pi/ydlidar_ros2_ws/install/myagv_navigation2/lib/python3.8/site-packages'
[4.706s] Level 1:colcon.colcon_core.environment:checking '/home/pi/ydlidar_ros2_ws/install/myagv_navigation2/bin'
[4.708s] INFO:colcon.colcon_core.shell:Creating package script '/home/pi/ydlidar_ros2_ws/install/myagv_navigation2/share/myagv_navigation2/package.ps1'
[4.711s] INFO:colcon.colcon_core.shell:Creating package descriptor '/home/pi/ydlidar_ros2_ws/install/myagv_navigation2/share/myagv_navigation2/package.dsv'
[4.714s] INFO:colcon.colcon_core.shell:Creating package script '/home/pi/ydlidar_ros2_ws/install/myagv_navigation2/share/myagv_navigation2/package.sh'
[4.716s] INFO:colcon.colcon_core.shell:Creating package script '/home/pi/ydlidar_ros2_ws/install/myagv_navigation2/share/myagv_navigation2/package.bash'
[4.719s] INFO:colcon.colcon_core.shell:Creating package script '/home/pi/ydlidar_ros2_ws/install/myagv_navigation2/share/myagv_navigation2/package.zsh'
[4.725s] Level 1:colcon.colcon_core.environment:create_file_with_runtime_dependencies(/home/pi/ydlidar_ros2_ws/install/myagv_navigation2/share/colcon-core/packages/myagv_navigation2)
[4.743s] Level 1:colcon.colcon_core.environment:create_environment_scripts_only(myagv_description)
[4.745s] Level 1:colcon.colcon_core.environment:checking '/home/pi/ydlidar_ros2_ws/install/myagv_description' for CMake module files
[4.748s] Level 1:colcon.colcon_core.environment:checking '/home/pi/ydlidar_ros2_ws/install/myagv_description' for CMake config files
[4.750s] Level 1:colcon.colcon_core.shell:create_environment_hook('myagv_description', 'cmake_prefix_path')
[4.752s] INFO:colcon.colcon_core.shell:Creating environment hook '/home/pi/ydlidar_ros2_ws/install/myagv_description/share/myagv_description/hook/cmake_prefix_path.ps1'
[4.755s] INFO:colcon.colcon_core.shell:Creating environment descriptor '/home/pi/ydlidar_ros2_ws/install/myagv_description/share/myagv_description/hook/cmake_prefix_path.dsv'
[4.758s] INFO:colcon.colcon_core.shell:Creating environment hook '/home/pi/ydlidar_ros2_ws/install/myagv_description/share/myagv_description/hook/cmake_prefix_path.sh'
[4.762s] Level 1:colcon.colcon_core.environment:checking '/home/pi/ydlidar_ros2_ws/install/myagv_description/bin'
[4.763s] Level 1:colcon.colcon_core.environment:checking '/home/pi/ydlidar_ros2_ws/install/myagv_description/lib/pkgconfig/myagv_description.pc'
[4.764s] Level 1:colcon.colcon_core.environment:checking '/home/pi/ydlidar_ros2_ws/install/myagv_description/lib/python3.8/site-packages'
[4.765s] Level 1:colcon.colcon_core.environment:checking '/home/pi/ydlidar_ros2_ws/install/myagv_description/bin'
[4.767s] INFO:colcon.colcon_core.shell:Creating package script '/home/pi/ydlidar_ros2_ws/install/myagv_description/share/myagv_description/package.ps1'
[4.770s] INFO:colcon.colcon_core.shell:Creating package descriptor '/home/pi/ydlidar_ros2_ws/install/myagv_description/share/myagv_description/package.dsv'
[4.774s] INFO:colcon.colcon_core.shell:Creating package script '/home/pi/ydlidar_ros2_ws/install/myagv_description/share/myagv_description/package.sh'
[4.779s] INFO:colcon.colcon_core.shell:Creating package script '/home/pi/ydlidar_ros2_ws/install/myagv_description/share/myagv_description/package.bash'
[4.781s] INFO:colcon.colcon_core.shell:Creating package script '/home/pi/ydlidar_ros2_ws/install/myagv_description/share/myagv_description/package.zsh'
[4.784s] Level 1:colcon.colcon_core.environment:create_file_with_runtime_dependencies(/home/pi/ydlidar_ros2_ws/install/myagv_description/share/colcon-core/packages/myagv_description)
[4.792s] INFO:colcon.colcon_ros.task.ament_cmake.build:Building ROS package in '/home/pi/ydlidar_ros2_ws/src/ps2_controller' with build type 'ament_cmake'
[4.793s] INFO:colcon.colcon_cmake.task.cmake.build:Building CMake package in '/home/pi/ydlidar_ros2_ws/src/ps2_controller'
[4.795s] INFO:colcon.colcon_core.shell:Skip shell extension 'powershell' for command environment: Not usable outside of PowerShell
[4.795s] DEBUG:colcon.colcon_core.shell:Skip shell extension 'dsv' for command environment
[4.854s] DEBUG:colcon.colcon_core.event_handler.log_command:Invoking command in '/home/pi/ydlidar_ros2_ws/build/ps2_controller': CMAKE_PREFIX_PATH=/opt/ros/foxy /usr/bin/cmake --build /home/pi/ydlidar_ros2_ws/build/ps2_controller -- -j4 -l4
[4.862s] Level 1:colcon.colcon_core.environment:create_environment_scripts_only(myagv_navigation2)
[4.863s] Level 1:colcon.colcon_core.environment:checking '/home/pi/ydlidar_ros2_ws/install/myagv_navigation2' for CMake module files
[4.867s] Level 1:colcon.colcon_core.environment:checking '/home/pi/ydlidar_ros2_ws/install/myagv_navigation2' for CMake config files
[4.870s] Level 1:colcon.colcon_core.shell:create_environment_hook('myagv_navigation2', 'cmake_prefix_path')
[4.871s] INFO:colcon.colcon_core.shell:Creating environment hook '/home/pi/ydlidar_ros2_ws/install/myagv_navigation2/share/myagv_navigation2/hook/cmake_prefix_path.ps1'
[4.875s] INFO:colcon.colcon_core.shell:Creating environment descriptor '/home/pi/ydlidar_ros2_ws/install/myagv_navigation2/share/myagv_navigation2/hook/cmake_prefix_path.dsv'
[4.878s] INFO:colcon.colcon_core.shell:Creating environment hook '/home/pi/ydlidar_ros2_ws/install/myagv_navigation2/share/myagv_navigation2/hook/cmake_prefix_path.sh'
[4.882s] Level 1:colcon.colcon_core.environment:checking '/home/pi/ydlidar_ros2_ws/install/myagv_navigation2/bin'
[4.883s] Level 1:colcon.colcon_core.environment:checking '/home/pi/ydlidar_ros2_ws/install/myagv_navigation2/lib/pkgconfig/myagv_navigation2.pc'
[4.884s] Level 1:colcon.colcon_core.environment:checking '/home/pi/ydlidar_ros2_ws/install/myagv_navigation2/lib/python3.8/site-packages'
[4.885s] Level 1:colcon.colcon_core.environment:checking '/home/pi/ydlidar_ros2_ws/install/myagv_navigation2/bin'
[4.887s] INFO:colcon.colcon_core.shell:Creating package script '/home/pi/ydlidar_ros2_ws/install/myagv_navigation2/share/myagv_navigation2/package.ps1'
[4.891s] INFO:colcon.colcon_core.shell:Creating package descriptor '/home/pi/ydlidar_ros2_ws/install/myagv_navigation2/share/myagv_navigation2/package.dsv'
[4.894s] INFO:colcon.colcon_core.shell:Creating package script '/home/pi/ydlidar_ros2_ws/install/myagv_navigation2/share/myagv_navigation2/package.sh'
[4.898s] INFO:colcon.colcon_core.shell:Creating package script '/home/pi/ydlidar_ros2_ws/install/myagv_navigation2/share/myagv_navigation2/package.bash'
[4.901s] INFO:colcon.colcon_core.shell:Creating package script '/home/pi/ydlidar_ros2_ws/install/myagv_navigation2/share/myagv_navigation2/package.zsh'
[4.906s] Level 1:colcon.colcon_core.environment:create_file_with_runtime_dependencies(/home/pi/ydlidar_ros2_ws/install/myagv_navigation2/share/colcon-core/packages/myagv_navigation2)
[4.911s] INFO:colcon.colcon_ros.task.ament_cmake.build:Building ROS package in '/home/pi/ydlidar_ros2_ws/src/ydlidar_ros2_driver' with build type 'ament_cmake'
[4.912s] INFO:colcon.colcon_cmake.task.cmake.build:Building CMake package in '/home/pi/ydlidar_ros2_ws/src/ydlidar_ros2_driver'
[4.914s] INFO:colcon.colcon_core.shell:Skip shell extension 'powershell' for command environment: Not usable outside of PowerShell
[4.914s] DEBUG:colcon.colcon_core.shell:Skip shell extension 'dsv' for command environment
[4.965s] DEBUG:colcon.colcon_core.event_handler.log_command:Invoking command in '/home/pi/ydlidar_ros2_ws/build/ydlidar_ros2_driver': CMAKE_PREFIX_PATH=/opt/ros/foxy /usr/bin/cmake --build /home/pi/ydlidar_ros2_ws/build/ydlidar_ros2_driver -- -j4 -l4
[5.305s] DEBUG:colcon.colcon_core.event_handler.log_command:Invoked command in '/home/pi/ydlidar_ros2_ws/build/ps2_controller' returned '0': CMAKE_PREFIX_PATH=/opt/ros/foxy /usr/bin/cmake --build /home/pi/ydlidar_ros2_ws/build/ps2_controller -- -j4 -l4
[5.489s] DEBUG:colcon.colcon_core.event_handler.log_command:Invoked command in '/home/pi/ydlidar_ros2_ws/build/ydlidar_ros2_driver' returned '0': CMAKE_PREFIX_PATH=/opt/ros/foxy /usr/bin/cmake --build /home/pi/ydlidar_ros2_ws/build/ydlidar_ros2_driver -- -j4 -l4
[5.506s] DEBUG:colcon.colcon_core.event_handler.log_command:Invoking command in '/home/pi/ydlidar_ros2_ws/build/ps2_controller': CMAKE_PREFIX_PATH=/opt/ros/foxy /usr/bin/cmake --install /home/pi/ydlidar_ros2_ws/build/ps2_controller
[5.579s] Level 1:colcon.colcon_core.environment:create_environment_scripts_only(ps2_controller)
[5.581s] Level 1:colcon.colcon_core.environment:checking '/home/pi/ydlidar_ros2_ws/install/ps2_controller' for CMake module files
[5.584s] DEBUG:colcon.colcon_core.event_handler.log_command:Invoked command in '/home/pi/ydlidar_ros2_ws/build/ps2_controller' returned '0': CMAKE_PREFIX_PATH=/opt/ros/foxy /usr/bin/cmake --install /home/pi/ydlidar_ros2_ws/build/ps2_controller
[5.588s] Level 1:colcon.colcon_core.environment:checking '/home/pi/ydlidar_ros2_ws/install/ps2_controller' for CMake config files
[5.590s] Level 1:colcon.colcon_core.shell:create_environment_hook('ps2_controller', 'cmake_prefix_path')
[5.592s] INFO:colcon.colcon_core.shell:Creating environment hook '/home/pi/ydlidar_ros2_ws/install/ps2_controller/share/ps2_controller/hook/cmake_prefix_path.ps1'
[5.595s] INFO:colcon.colcon_core.shell:Creating environment descriptor '/home/pi/ydlidar_ros2_ws/install/ps2_controller/share/ps2_controller/hook/cmake_prefix_path.dsv'
[5.598s] INFO:colcon.colcon_core.shell:Creating environment hook '/home/pi/ydlidar_ros2_ws/install/ps2_controller/share/ps2_controller/hook/cmake_prefix_path.sh'
[5.602s] Level 1:colcon.colcon_core.environment:checking '/home/pi/ydlidar_ros2_ws/install/ps2_controller/lib'
[5.604s] Level 1:colcon.colcon_core.environment:checking '/home/pi/ydlidar_ros2_ws/install/ps2_controller/bin'
[5.604s] Level 1:colcon.colcon_core.environment:checking '/home/pi/ydlidar_ros2_ws/install/ps2_controller/lib/pkgconfig/ps2_controller.pc'
[5.605s] Level 1:colcon.colcon_core.environment:checking '/home/pi/ydlidar_ros2_ws/install/ps2_controller/lib/python3.8/site-packages'
[5.606s] Level 1:colcon.colcon_core.environment:checking '/home/pi/ydlidar_ros2_ws/install/ps2_controller/bin'
[5.608s] INFO:colcon.colcon_core.shell:Creating package script '/home/pi/ydlidar_ros2_ws/install/ps2_controller/share/ps2_controller/package.ps1'
[5.611s] INFO:colcon.colcon_core.shell:Creating package descriptor '/home/pi/ydlidar_ros2_ws/install/ps2_controller/share/ps2_controller/package.dsv'
[5.614s] INFO:colcon.colcon_core.shell:Creating package script '/home/pi/ydlidar_ros2_ws/install/ps2_controller/share/ps2_controller/package.sh'
[5.617s] INFO:colcon.colcon_core.shell:Creating package script '/home/pi/ydlidar_ros2_ws/install/ps2_controller/share/ps2_controller/package.bash'
[5.620s] INFO:colcon.colcon_core.shell:Creating package script '/home/pi/ydlidar_ros2_ws/install/ps2_controller/share/ps2_controller/package.zsh'
[5.623s] Level 1:colcon.colcon_core.environment:create_file_with_runtime_dependencies(/home/pi/ydlidar_ros2_ws/install/ps2_controller/share/colcon-core/packages/ps2_controller)
[5.682s] DEBUG:colcon.colcon_core.event_handler.log_command:Invoking command in '/home/pi/ydlidar_ros2_ws/build/ydlidar_ros2_driver': CMAKE_PREFIX_PATH=/opt/ros/foxy /usr/bin/cmake --install /home/pi/ydlidar_ros2_ws/build/ydlidar_ros2_driver
[5.758s] Level 1:colcon.colcon_core.environment:create_environment_scripts_only(ydlidar_ros2_driver)
[5.760s] Level 1:colcon.colcon_core.environment:checking '/home/pi/ydlidar_ros2_ws/install/ydlidar_ros2_driver' for CMake module files
[5.764s] Level 1:colcon.colcon_core.environment:checking '/home/pi/ydlidar_ros2_ws/install/ydlidar_ros2_driver' for CMake config files
[5.767s] Level 1:colcon.colcon_core.shell:create_environment_hook('ydlidar_ros2_driver', 'cmake_prefix_path')
[5.768s] INFO:colcon.colcon_core.shell:Creating environment hook '/home/pi/ydlidar_ros2_ws/install/ydlidar_ros2_driver/share/ydlidar_ros2_driver/hook/cmake_prefix_path.ps1'
[5.779s] INFO:colcon.colcon_core.shell:Creating environment descriptor '/home/pi/ydlidar_ros2_ws/install/ydlidar_ros2_driver/share/ydlidar_ros2_driver/hook/cmake_prefix_path.dsv'
[5.793s] INFO:colcon.colcon_core.shell:Creating environment hook '/home/pi/ydlidar_ros2_ws/install/ydlidar_ros2_driver/share/ydlidar_ros2_driver/hook/cmake_prefix_path.sh'
[5.806s] DEBUG:colcon.colcon_core.event_handler.log_command:Invoked command in '/home/pi/ydlidar_ros2_ws/build/ydlidar_ros2_driver' returned '0': CMAKE_PREFIX_PATH=/opt/ros/foxy /usr/bin/cmake --install /home/pi/ydlidar_ros2_ws/build/ydlidar_ros2_driver
[5.810s] Level 1:colcon.colcon_core.environment:checking '/home/pi/ydlidar_ros2_ws/install/ydlidar_ros2_driver/lib'
[5.811s] Level 1:colcon.colcon_core.environment:checking '/home/pi/ydlidar_ros2_ws/install/ydlidar_ros2_driver/bin'
[5.812s] Level 1:colcon.colcon_core.environment:checking '/home/pi/ydlidar_ros2_ws/install/ydlidar_ros2_driver/lib/pkgconfig/ydlidar_ros2_driver.pc'
[5.813s] Level 1:colcon.colcon_core.environment:checking '/home/pi/ydlidar_ros2_ws/install/ydlidar_ros2_driver/lib/python3.8/site-packages'
[5.814s] Level 1:colcon.colcon_core.environment:checking '/home/pi/ydlidar_ros2_ws/install/ydlidar_ros2_driver/bin'
[5.815s] INFO:colcon.colcon_core.shell:Creating package script '/home/pi/ydlidar_ros2_ws/install/ydlidar_ros2_driver/share/ydlidar_ros2_driver/package.ps1'
[5.818s] INFO:colcon.colcon_core.shell:Creating package descriptor '/home/pi/ydlidar_ros2_ws/install/ydlidar_ros2_driver/share/ydlidar_ros2_driver/package.dsv'
[5.822s] INFO:colcon.colcon_core.shell:Creating package script '/home/pi/ydlidar_ros2_ws/install/ydlidar_ros2_driver/share/ydlidar_ros2_driver/package.sh'
[5.825s] INFO:colcon.colcon_core.shell:Creating package script '/home/pi/ydlidar_ros2_ws/install/ydlidar_ros2_driver/share/ydlidar_ros2_driver/package.bash'
[5.828s] INFO:colcon.colcon_core.shell:Creating package script '/home/pi/ydlidar_ros2_ws/install/ydlidar_ros2_driver/share/ydlidar_ros2_driver/package.zsh'
[5.833s] Level 1:colcon.colcon_core.environment:create_file_with_runtime_dependencies(/home/pi/ydlidar_ros2_ws/install/ydlidar_ros2_driver/share/colcon-core/packages/ydlidar_ros2_driver)
[5.852s] Level 1:colcon.colcon_core.environment:create_environment_scripts_only(ps2_controller)
[5.853s] Level 1:colcon.colcon_core.environment:checking '/home/pi/ydlidar_ros2_ws/install/ps2_controller' for CMake module files
[5.857s] Level 1:colcon.colcon_core.environment:checking '/home/pi/ydlidar_ros2_ws/install/ps2_controller' for CMake config files
[5.860s] Level 1:colcon.colcon_core.shell:create_environment_hook('ps2_controller', 'cmake_prefix_path')
[5.862s] INFO:colcon.colcon_core.shell:Creating environment hook '/home/pi/ydlidar_ros2_ws/install/ps2_controller/share/ps2_controller/hook/cmake_prefix_path.ps1'
[5.866s] INFO:colcon.colcon_core.shell:Creating environment descriptor '/home/pi/ydlidar_ros2_ws/install/ps2_controller/share/ps2_controller/hook/cmake_prefix_path.dsv'
[5.869s] INFO:colcon.colcon_core.shell:Creating environment hook '/home/pi/ydlidar_ros2_ws/install/ps2_controller/share/ps2_controller/hook/cmake_prefix_path.sh'
[5.874s] Level 1:colcon.colcon_core.environment:checking '/home/pi/ydlidar_ros2_ws/install/ps2_controller/lib'
[5.875s] Level 1:colcon.colcon_core.environment:checking '/home/pi/ydlidar_ros2_ws/install/ps2_controller/bin'
[5.876s] Level 1:colcon.colcon_core.environment:checking '/home/pi/ydlidar_ros2_ws/install/ps2_controller/lib/pkgconfig/ps2_controller.pc'
[5.877s] Level 1:colcon.colcon_core.environment:checking '/home/pi/ydlidar_ros2_ws/install/ps2_controller/lib/python3.8/site-packages'
[5.878s] Level 1:colcon.colcon_core.environment:checking '/home/pi/ydlidar_ros2_ws/install/ps2_controller/bin'
[5.881s] INFO:colcon.colcon_core.shell:Creating package script '/home/pi/ydlidar_ros2_ws/install/ps2_controller/share/ps2_controller/package.ps1'
[5.886s] INFO:colcon.colcon_core.shell:Creating package descriptor '/home/pi/ydlidar_ros2_ws/install/ps2_controller/share/ps2_controller/package.dsv'
[5.892s] INFO:colcon.colcon_core.shell:Creating package script '/home/pi/ydlidar_ros2_ws/install/ps2_controller/share/ps2_controller/package.sh'
[5.895s] INFO:colcon.colcon_core.shell:Creating package script '/home/pi/ydlidar_ros2_ws/install/ps2_controller/share/ps2_controller/package.bash'
[5.898s] INFO:colcon.colcon_core.shell:Creating package script '/home/pi/ydlidar_ros2_ws/install/ps2_controller/share/ps2_controller/package.zsh'
[5.901s] Level 1:colcon.colcon_core.environment:create_file_with_runtime_dependencies(/home/pi/ydlidar_ros2_ws/install/ps2_controller/share/colcon-core/packages/ps2_controller)
[5.907s] INFO:colcon.colcon_ros.task.ament_cmake.build:Building ROS package in '/home/pi/ydlidar_ros2_ws/src/myagv_bringup' with build type 'ament_cmake'
[5.908s] INFO:colcon.colcon_cmake.task.cmake.build:Building CMake package in '/home/pi/ydlidar_ros2_ws/src/myagv_bringup'
[5.910s] INFO:colcon.colcon_core.shell:Skip shell extension 'powershell' for command environment: Not usable outside of PowerShell
[5.910s] DEBUG:colcon.colcon_core.shell:Skip shell extension 'dsv' for command environment
[5.959s] DEBUG:colcon.colcon_core.event_handler.log_command:Invoking command in '/home/pi/ydlidar_ros2_ws/build/myagv_bringup': AMENT_PREFIX_PATH=/home/pi/ydlidar_ros2_ws/install/myagv_description:${AMENT_PREFIX_PATH} CMAKE_PREFIX_PATH=/home/pi/ydlidar_ros2_ws/install/myagv_description:/opt/ros/foxy /usr/bin/cmake --build /home/pi/ydlidar_ros2_ws/build/myagv_bringup -- -j4 -l4
[6.004s] Level 1:colcon.colcon_core.environment:create_environment_scripts_only(ydlidar_ros2_driver)
[6.006s] Level 1:colcon.colcon_core.environment:checking '/home/pi/ydlidar_ros2_ws/install/ydlidar_ros2_driver' for CMake module files
[6.009s] Level 1:colcon.colcon_core.environment:checking '/home/pi/ydlidar_ros2_ws/install/ydlidar_ros2_driver' for CMake config files
[6.012s] Level 1:colcon.colcon_core.shell:create_environment_hook('ydlidar_ros2_driver', 'cmake_prefix_path')
[6.013s] INFO:colcon.colcon_core.shell:Creating environment hook '/home/pi/ydlidar_ros2_ws/install/ydlidar_ros2_driver/share/ydlidar_ros2_driver/hook/cmake_prefix_path.ps1'
[6.016s] INFO:colcon.colcon_core.shell:Creating environment descriptor '/home/pi/ydlidar_ros2_ws/install/ydlidar_ros2_driver/share/ydlidar_ros2_driver/hook/cmake_prefix_path.dsv'
[6.020s] INFO:colcon.colcon_core.shell:Creating environment hook '/home/pi/ydlidar_ros2_ws/install/ydlidar_ros2_driver/share/ydlidar_ros2_driver/hook/cmake_prefix_path.sh'
[6.024s] Level 1:colcon.colcon_core.environment:checking '/home/pi/ydlidar_ros2_ws/install/ydlidar_ros2_driver/lib'
[6.025s] Level 1:colcon.colcon_core.environment:checking '/home/pi/ydlidar_ros2_ws/install/ydlidar_ros2_driver/bin'
[6.025s] Level 1:colcon.colcon_core.environment:checking '/home/pi/ydlidar_ros2_ws/install/ydlidar_ros2_driver/lib/pkgconfig/ydlidar_ros2_driver.pc'
[6.026s] Level 1:colcon.colcon_core.environment:checking '/home/pi/ydlidar_ros2_ws/install/ydlidar_ros2_driver/lib/python3.8/site-packages'
[6.028s] Level 1:colcon.colcon_core.environment:checking '/home/pi/ydlidar_ros2_ws/install/ydlidar_ros2_driver/bin'
[6.030s] INFO:colcon.colcon_core.shell:Creating package script '/home/pi/ydlidar_ros2_ws/install/ydlidar_ros2_driver/share/ydlidar_ros2_driver/package.ps1'
[6.033s] INFO:colcon.colcon_core.shell:Creating package descriptor '/home/pi/ydlidar_ros2_ws/install/ydlidar_ros2_driver/share/ydlidar_ros2_driver/package.dsv'
[6.037s] INFO:colcon.colcon_core.shell:Creating package script '/home/pi/ydlidar_ros2_ws/install/ydlidar_ros2_driver/share/ydlidar_ros2_driver/package.sh'
[6.041s] INFO:colcon.colcon_core.shell:Creating package script '/home/pi/ydlidar_ros2_ws/install/ydlidar_ros2_driver/share/ydlidar_ros2_driver/package.bash'
[6.047s] INFO:colcon.colcon_core.shell:Creating package script '/home/pi/ydlidar_ros2_ws/install/ydlidar_ros2_driver/share/ydlidar_ros2_driver/package.zsh'
[6.052s] Level 1:colcon.colcon_core.environment:create_file_with_runtime_dependencies(/home/pi/ydlidar_ros2_ws/install/ydlidar_ros2_driver/share/colcon-core/packages/ydlidar_ros2_driver)
[6.158s] DEBUG:colcon.colcon_core.event_handler.log_command:Invoked command in '/home/pi/ydlidar_ros2_ws/build/myagv_bringup' returned '0': AMENT_PREFIX_PATH=/home/pi/ydlidar_ros2_ws/install/myagv_description:${AMENT_PREFIX_PATH} CMAKE_PREFIX_PATH=/home/pi/ydlidar_ros2_ws/install/myagv_description:/opt/ros/foxy /usr/bin/cmake --build /home/pi/ydlidar_ros2_ws/build/myagv_bringup -- -j4 -l4
[6.276s] DEBUG:colcon.colcon_core.event_handler.log_command:Invoking command in '/home/pi/ydlidar_ros2_ws/build/myagv_bringup': AMENT_PREFIX_PATH=/home/pi/ydlidar_ros2_ws/install/myagv_description:${AMENT_PREFIX_PATH} CMAKE_PREFIX_PATH=/home/pi/ydlidar_ros2_ws/install/myagv_description:/opt/ros/foxy /usr/bin/cmake --install /home/pi/ydlidar_ros2_ws/build/myagv_bringup
[6.331s] Level 1:colcon.colcon_core.environment:create_environment_scripts_only(myagv_bringup)
[6.333s] Level 1:colcon.colcon_core.environment:checking '/home/pi/ydlidar_ros2_ws/install/myagv_bringup' for CMake module files
[6.336s] Level 1:colcon.colcon_core.environment:checking '/home/pi/ydlidar_ros2_ws/install/myagv_bringup' for CMake config files
[6.338s] Level 1:colcon.colcon_core.shell:create_environment_hook('myagv_bringup', 'cmake_prefix_path')
[6.339s] INFO:colcon.colcon_core.shell:Creating environment hook '/home/pi/ydlidar_ros2_ws/install/myagv_bringup/share/myagv_bringup/hook/cmake_prefix_path.ps1'
[6.347s] INFO:colcon.colcon_core.shell:Creating environment descriptor '/home/pi/ydlidar_ros2_ws/install/myagv_bringup/share/myagv_bringup/hook/cmake_prefix_path.dsv'
[6.352s] INFO:colcon.colcon_core.shell:Creating environment hook '/home/pi/ydlidar_ros2_ws/install/myagv_bringup/share/myagv_bringup/hook/cmake_prefix_path.sh'
[6.353s] DEBUG:colcon.colcon_core.event_handler.log_command:Invoked command in '/home/pi/ydlidar_ros2_ws/build/myagv_bringup' returned '0': AMENT_PREFIX_PATH=/home/pi/ydlidar_ros2_ws/install/myagv_description:${AMENT_PREFIX_PATH} CMAKE_PREFIX_PATH=/home/pi/ydlidar_ros2_ws/install/myagv_description:/opt/ros/foxy /usr/bin/cmake --install /home/pi/ydlidar_ros2_ws/build/myagv_bringup
[6.356s] Level 1:colcon.colcon_core.environment:checking '/home/pi/ydlidar_ros2_ws/install/myagv_bringup/bin'
[6.356s] Level 1:colcon.colcon_core.environment:checking '/home/pi/ydlidar_ros2_ws/install/myagv_bringup/lib/pkgconfig/myagv_bringup.pc'
[6.358s] Level 1:colcon.colcon_core.environment:checking '/home/pi/ydlidar_ros2_ws/install/myagv_bringup/lib/python3.8/site-packages'
[6.359s] Level 1:colcon.colcon_core.environment:checking '/home/pi/ydlidar_ros2_ws/install/myagv_bringup/bin'
[6.360s] INFO:colcon.colcon_core.shell:Creating package script '/home/pi/ydlidar_ros2_ws/install/myagv_bringup/share/myagv_bringup/package.ps1'
[6.363s] INFO:colcon.colcon_core.shell:Creating package descriptor '/home/pi/ydlidar_ros2_ws/install/myagv_bringup/share/myagv_bringup/package.dsv'
[6.366s] INFO:colcon.colcon_core.shell:Creating package script '/home/pi/ydlidar_ros2_ws/install/myagv_bringup/share/myagv_bringup/package.sh'
[6.371s] INFO:colcon.colcon_core.shell:Creating package script '/home/pi/ydlidar_ros2_ws/install/myagv_bringup/share/myagv_bringup/package.bash'
[6.376s] INFO:colcon.colcon_core.shell:Creating package script '/home/pi/ydlidar_ros2_ws/install/myagv_bringup/share/myagv_bringup/package.zsh'
[6.381s] Level 1:colcon.colcon_core.environment:create_file_with_runtime_dependencies(/home/pi/ydlidar_ros2_ws/install/myagv_bringup/share/colcon-core/packages/myagv_bringup)
[6.539s] Level 1:colcon.colcon_core.environment:create_environment_scripts_only(myagv_bringup)
[6.542s] Level 1:colcon.colcon_core.environment:checking '/home/pi/ydlidar_ros2_ws/install/myagv_bringup' for CMake module files
[6.548s] Level 1:colcon.colcon_core.environment:checking '/home/pi/ydlidar_ros2_ws/install/myagv_bringup' for CMake config files
[6.554s] Level 1:colcon.colcon_core.shell:create_environment_hook('myagv_bringup', 'cmake_prefix_path')
[6.557s] INFO:colcon.colcon_core.shell:Creating environment hook '/home/pi/ydlidar_ros2_ws/install/myagv_bringup/share/myagv_bringup/hook/cmake_prefix_path.ps1'
[6.565s] INFO:colcon.colcon_core.shell:Creating environment descriptor '/home/pi/ydlidar_ros2_ws/install/myagv_bringup/share/myagv_bringup/hook/cmake_prefix_path.dsv'
[6.572s] INFO:colcon.colcon_core.shell:Creating environment hook '/home/pi/ydlidar_ros2_ws/install/myagv_bringup/share/myagv_bringup/hook/cmake_prefix_path.sh'
[6.583s] Level 1:colcon.colcon_core.environment:checking '/home/pi/ydlidar_ros2_ws/install/myagv_bringup/bin'
[6.584s] Level 1:colcon.colcon_core.environment:checking '/home/pi/ydlidar_ros2_ws/install/myagv_bringup/lib/pkgconfig/myagv_bringup.pc'
[6.586s] Level 1:colcon.colcon_core.environment:checking '/home/pi/ydlidar_ros2_ws/install/myagv_bringup/lib/python3.8/site-packages'
[6.588s] Level 1:colcon.colcon_core.environment:checking '/home/pi/ydlidar_ros2_ws/install/myagv_bringup/bin'
[6.591s] INFO:colcon.colcon_core.shell:Creating package script '/home/pi/ydlidar_ros2_ws/install/myagv_bringup/share/myagv_bringup/package.ps1'
[6.597s] INFO:colcon.colcon_core.shell:Creating package descriptor '/home/pi/ydlidar_ros2_ws/install/myagv_bringup/share/myagv_bringup/package.dsv'
[6.602s] INFO:colcon.colcon_core.shell:Creating package script '/home/pi/ydlidar_ros2_ws/install/myagv_bringup/share/myagv_bringup/package.sh'
[6.606s] INFO:colcon.colcon_core.shell:Creating package script '/home/pi/ydlidar_ros2_ws/install/myagv_bringup/share/myagv_bringup/package.bash'
[6.609s] INFO:colcon.colcon_core.shell:Creating package script '/home/pi/ydlidar_ros2_ws/install/myagv_bringup/share/myagv_bringup/package.zsh'
[6.613s] Level 1:colcon.colcon_core.environment:create_file_with_runtime_dependencies(/home/pi/ydlidar_ros2_ws/install/myagv_bringup/share/colcon-core/packages/myagv_bringup)
[6.648s] DEBUG:colcon.colcon_core.event_handler.log_command:Invoking command in '/home/pi/ydlidar_ros2_ws/src/jdamr200_node': PYTHONPATH=/home/pi/ydlidar_ros2_ws/build/jdamr200_node/prefix_override:/usr/lib/python3/dist-packages/colcon_core/task/python/colcon_distutils_commands:/home/pi/ydlidar_ros2_ws/install/jdamr200_node/lib/python3.8/site-packages:${PYTHONPATH} /usr/bin/python3 -W ignore:setup.py install is deprecated setup.py egg_info --egg-base ../../build/jdamr200_node build --build-base /home/pi/ydlidar_ros2_ws/build/jdamr200_node/build install --record /home/pi/ydlidar_ros2_ws/build/jdamr200_node/install.log --single-version-externally-managed install_data
[6.678s] DEBUG:colcon.colcon_core.event_handler.log_command:Invoking command in '/home/pi/ydlidar_ros2_ws/src/jdamr200_teleop': PYTHONPATH=/home/pi/ydlidar_ros2_ws/build/jdamr200_teleop/prefix_override:/usr/lib/python3/dist-packages/colcon_core/task/python/colcon_distutils_commands:/home/pi/ydlidar_ros2_ws/install/jdamr200_teleop/lib/python3.8/site-packages:${PYTHONPATH} /usr/bin/python3 -W ignore:setup.py install is deprecated setup.py egg_info --egg-base ../../build/jdamr200_teleop build --build-base /home/pi/ydlidar_ros2_ws/build/jdamr200_teleop/build install --record /home/pi/ydlidar_ros2_ws/build/jdamr200_teleop/install.log --single-version-externally-managed install_data
[8.043s] Level 1:colcon.colcon_core.environment:checking '/home/pi/ydlidar_ros2_ws/install/jdamr200_node' for CMake module files
[8.046s] DEBUG:colcon.colcon_core.event_handler.log_command:Invoked command in '/home/pi/ydlidar_ros2_ws/src/jdamr200_node' returned '0': PYTHONPATH=/home/pi/ydlidar_ros2_ws/build/jdamr200_node/prefix_override:/usr/lib/python3/dist-packages/colcon_core/task/python/colcon_distutils_commands:/home/pi/ydlidar_ros2_ws/install/jdamr200_node/lib/python3.8/site-packages:${PYTHONPATH} /usr/bin/python3 -W ignore:setup.py install is deprecated setup.py egg_info --egg-base ../../build/jdamr200_node build --build-base /home/pi/ydlidar_ros2_ws/build/jdamr200_node/build install --record /home/pi/ydlidar_ros2_ws/build/jdamr200_node/install.log --single-version-externally-managed install_data
[8.049s] Level 1:colcon.colcon_core.environment:checking '/home/pi/ydlidar_ros2_ws/install/jdamr200_node' for CMake config files
[8.055s] Level 1:colcon.colcon_core.environment:checking '/home/pi/ydlidar_ros2_ws/install/jdamr200_node/lib'
[8.056s] Level 1:colcon.colcon_core.environment:checking '/home/pi/ydlidar_ros2_ws/install/jdamr200_node/bin'
[8.057s] Level 1:colcon.colcon_core.environment:checking '/home/pi/ydlidar_ros2_ws/install/jdamr200_node/lib/pkgconfig/jdamr200_node.pc'
[8.058s] Level 1:colcon.colcon_core.environment:checking '/home/pi/ydlidar_ros2_ws/install/jdamr200_node/lib/python3.8/site-packages'
[8.059s] Level 1:colcon.colcon_core.shell:create_environment_hook('jdamr200_node', 'pythonpath')
[8.061s] INFO:colcon.colcon_core.shell:Creating environment hook '/home/pi/ydlidar_ros2_ws/install/jdamr200_node/share/jdamr200_node/hook/pythonpath.ps1'
[8.064s] INFO:colcon.colcon_core.shell:Creating environment descriptor '/home/pi/ydlidar_ros2_ws/install/jdamr200_node/share/jdamr200_node/hook/pythonpath.dsv'
[8.065s] INFO:colcon.colcon_core.shell:Creating environment hook '/home/pi/ydlidar_ros2_ws/install/jdamr200_node/share/jdamr200_node/hook/pythonpath.sh'
[8.068s] Level 1:colcon.colcon_core.environment:checking '/home/pi/ydlidar_ros2_ws/install/jdamr200_node/bin'
[8.068s] Level 1:colcon.colcon_core.environment:create_environment_scripts_only(jdamr200_node)
[8.069s] INFO:colcon.colcon_core.shell:Creating package script '/home/pi/ydlidar_ros2_ws/install/jdamr200_node/share/jdamr200_node/package.ps1'
[8.072s] INFO:colcon.colcon_core.shell:Creating package descriptor '/home/pi/ydlidar_ros2_ws/install/jdamr200_node/share/jdamr200_node/package.dsv'
[8.074s] INFO:colcon.colcon_core.shell:Creating package script '/home/pi/ydlidar_ros2_ws/install/jdamr200_node/share/jdamr200_node/package.sh'
[8.076s] INFO:colcon.colcon_core.shell:Creating package script '/home/pi/ydlidar_ros2_ws/install/jdamr200_node/share/jdamr200_node/package.bash'
[8.078s] INFO:colcon.colcon_core.shell:Creating package script '/home/pi/ydlidar_ros2_ws/install/jdamr200_node/share/jdamr200_node/package.zsh'
[8.079s] Level 1:colcon.colcon_core.environment:create_file_with_runtime_dependencies(/home/pi/ydlidar_ros2_ws/install/jdamr200_node/share/colcon-core/packages/jdamr200_node)
[8.083s] Level 1:colcon.colcon_core.environment:checking '/home/pi/ydlidar_ros2_ws/install/jdamr200_teleop' for CMake module files
[8.086s] DEBUG:colcon.colcon_core.event_handler.log_command:Invoked command in '/home/pi/ydlidar_ros2_ws/src/jdamr200_teleop' returned '0': PYTHONPATH=/home/pi/ydlidar_ros2_ws/build/jdamr200_teleop/prefix_override:/usr/lib/python3/dist-packages/colcon_core/task/python/colcon_distutils_commands:/home/pi/ydlidar_ros2_ws/install/jdamr200_teleop/lib/python3.8/site-packages:${PYTHONPATH} /usr/bin/python3 -W ignore:setup.py install is deprecated setup.py egg_info --egg-base ../../build/jdamr200_teleop build --build-base /home/pi/ydlidar_ros2_ws/build/jdamr200_teleop/build install --record /home/pi/ydlidar_ros2_ws/build/jdamr200_teleop/install.log --single-version-externally-managed install_data
[8.087s] Level 1:colcon.colcon_core.environment:checking '/home/pi/ydlidar_ros2_ws/install/jdamr200_teleop' for CMake config files
[8.090s] Level 1:colcon.colcon_core.environment:checking '/home/pi/ydlidar_ros2_ws/install/jdamr200_teleop/lib'
[8.090s] Level 1:colcon.colcon_core.environment:checking '/home/pi/ydlidar_ros2_ws/install/jdamr200_teleop/bin'
[8.091s] Level 1:colcon.colcon_core.environment:checking '/home/pi/ydlidar_ros2_ws/install/jdamr200_teleop/lib/pkgconfig/jdamr200_teleop.pc'
[8.092s] Level 1:colcon.colcon_core.environment:checking '/home/pi/ydlidar_ros2_ws/install/jdamr200_teleop/lib/python3.8/site-packages'
[8.092s] Level 1:colcon.colcon_core.shell:create_environment_hook('jdamr200_teleop', 'pythonpath')
[8.093s] INFO:colcon.colcon_core.shell:Creating environment hook '/home/pi/ydlidar_ros2_ws/install/jdamr200_teleop/share/jdamr200_teleop/hook/pythonpath.ps1'
[8.095s] INFO:colcon.colcon_core.shell:Creating environment descriptor '/home/pi/ydlidar_ros2_ws/install/jdamr200_teleop/share/jdamr200_teleop/hook/pythonpath.dsv'
[8.096s] INFO:colcon.colcon_core.shell:Creating environment hook '/home/pi/ydlidar_ros2_ws/install/jdamr200_teleop/share/jdamr200_teleop/hook/pythonpath.sh'
[8.099s] Level 1:colcon.colcon_core.environment:checking '/home/pi/ydlidar_ros2_ws/install/jdamr200_teleop/bin'
[8.099s] Level 1:colcon.colcon_core.environment:create_environment_scripts_only(jdamr200_teleop)
[8.100s] INFO:colcon.colcon_core.shell:Creating package script '/home/pi/ydlidar_ros2_ws/install/jdamr200_teleop/share/jdamr200_teleop/package.ps1'
[8.103s] INFO:colcon.colcon_core.shell:Creating package descriptor '/home/pi/ydlidar_ros2_ws/install/jdamr200_teleop/share/jdamr200_teleop/package.dsv'
[8.105s] INFO:colcon.colcon_core.shell:Creating package script '/home/pi/ydlidar_ros2_ws/install/jdamr200_teleop/share/jdamr200_teleop/package.sh'
[8.107s] INFO:colcon.colcon_core.shell:Creating package script '/home/pi/ydlidar_ros2_ws/install/jdamr200_teleop/share/jdamr200_teleop/package.bash'
[8.109s] INFO:colcon.colcon_core.shell:Creating package script '/home/pi/ydlidar_ros2_ws/install/jdamr200_teleop/share/jdamr200_teleop/package.zsh'
[8.110s] Level 1:colcon.colcon_core.environment:create_file_with_runtime_dependencies(/home/pi/ydlidar_ros2_ws/install/jdamr200_teleop/share/colcon-core/packages/jdamr200_teleop)
[8.112s] DEBUG:colcon.colcon_parallel_executor.executor.parallel:closing loop
[8.112s] DEBUG:colcon.colcon_parallel_executor.executor.parallel:loop closed
[8.113s] DEBUG:colcon.colcon_parallel_executor.executor.parallel:run_until_complete finished with '0'
[8.113s] DEBUG:colcon.colcon_core.event_reactor:joining thread
[8.136s] INFO:colcon.colcon_core.plugin_system:Skipping extension 'colcon_notification.desktop_notification.terminal_notifier': Not used on non-Darwin systems
[8.136s] INFO:colcon.colcon_core.plugin_system:Skipping extension 'colcon_notification.desktop_notification.win32': Not used on non-Windows systems
[8.136s] INFO:colcon.colcon_notification.desktop_notification:Sending desktop notification using 'notify2'
[8.150s] DEBUG:colcon.colcon_core.event_reactor:joined thread
[8.151s] INFO:colcon.colcon_core.shell:Creating prefix script '/home/pi/ydlidar_ros2_ws/install/local_setup.ps1'
[8.156s] INFO:colcon.colcon_core.shell:Creating prefix util module '/home/pi/ydlidar_ros2_ws/install/_local_setup_util_ps1.py'
[8.163s] INFO:colcon.colcon_core.shell:Creating prefix chain script '/home/pi/ydlidar_ros2_ws/install/setup.ps1'
[8.168s] INFO:colcon.colcon_core.shell:Creating prefix script '/home/pi/ydlidar_ros2_ws/install/local_setup.sh'
[8.170s] INFO:colcon.colcon_core.shell:Creating prefix util module '/home/pi/ydlidar_ros2_ws/install/_local_setup_util_sh.py'
[8.173s] INFO:colcon.colcon_core.shell:Creating prefix chain script '/home/pi/ydlidar_ros2_ws/install/setup.sh'
[8.177s] INFO:colcon.colcon_core.shell:Creating prefix script '/home/pi/ydlidar_ros2_ws/install/local_setup.bash'
[8.179s] INFO:colcon.colcon_core.shell:Creating prefix chain script '/home/pi/ydlidar_ros2_ws/install/setup.bash'
[8.183s] INFO:colcon.colcon_core.shell:Creating prefix script '/home/pi/ydlidar_ros2_ws/install/local_setup.zsh'
[8.186s] INFO:colcon.colcon_core.shell:Creating prefix chain script '/home/pi/ydlidar_ros2_ws/install/setup.zsh'
