[0.223s] Invoking command in '/home/pi/ydlidar_ros2_ws/build/myagv_description': CMAKE_PREFIX_PATH=${CMAKE_PREFIX_PATH}:/home/pi/ydlidar_ros2_ws/install/jdamr200_teleop:/home/pi/ydlidar_ros2_ws/install/jdamr200_node:/home/pi/finalagv_ros2_ws/install/agv:/opt/ros/foxy /usr/bin/cmake --build /home/pi/ydlidar_ros2_ws/build/myagv_description -- -j4 -l4
[2.661s] Invoked command in '/home/pi/ydlidar_ros2_ws/build/myagv_description' returned '0': CMAKE_PREFIX_PATH=${CMAKE_PREFIX_PATH}:/home/pi/ydlidar_ros2_ws/install/jdamr200_teleop:/home/pi/ydlidar_ros2_ws/install/jdamr200_node:/home/pi/finalagv_ros2_ws/install/agv:/opt/ros/foxy /usr/bin/cmake --build /home/pi/ydlidar_ros2_ws/build/myagv_description -- -j4 -l4
[2.891s] Invoking command in '/home/pi/ydlidar_ros2_ws/build/myagv_description': CMAKE_PREFIX_PATH=${CMAKE_PREFIX_PATH}:/home/pi/ydlidar_ros2_ws/install/jdamr200_teleop:/home/pi/ydlidar_ros2_ws/install/jdamr200_node:/home/pi/finalagv_ros2_ws/install/agv:/opt/ros/foxy /usr/bin/cmake --install /home/pi/ydlidar_ros2_ws/build/myagv_description
[2.967s] -- Install configuration: ""
[2.969s] -- Up-to-date: /home/pi/ydlidar_ros2_ws/install/myagv_description/share/myagv_description/urdf
[2.971s] -- Up-to-date: /home/pi/ydlidar_ros2_ws/install/myagv_description/share/myagv_description/urdf/myAGV.urdf
[2.973s] -- Up-to-date: /home/pi/ydlidar_ros2_ws/install/myagv_description/share/myagv_description/meshes
[2.977s] -- Up-to-date: /home/pi/ydlidar_ros2_ws/install/myagv_description/share/myagv_description/meshes/myagv_up.dae
[2.979s] -- Up-to-date: /home/pi/ydlidar_ros2_ws/install/myagv_description/share/myagv_description/meshes/myagv_base.dae
[2.981s] -- Up-to-date: /home/pi/ydlidar_ros2_ws/install/myagv_description/share/myagv_description/meshes/myagv_all.dae
[2.984s] -- Up-to-date: /home/pi/ydlidar_ros2_ws/install/myagv_description/share/ament_index/resource_index/package_run_dependencies/myagv_description
[2.987s] -- Up-to-date: /home/pi/ydlidar_ros2_ws/install/myagv_description/share/ament_index/resource_index/parent_prefix_path/myagv_description
[2.990s] -- Up-to-date: /home/pi/ydlidar_ros2_ws/install/myagv_description/share/myagv_description/environment/ament_prefix_path.sh
[2.992s] -- Up-to-date: /home/pi/ydlidar_ros2_ws/install/myagv_description/share/myagv_description/environment/ament_prefix_path.dsv
[2.994s] -- Up-to-date: /home/pi/ydlidar_ros2_ws/install/myagv_description/share/myagv_description/environment/path.sh
[2.996s] -- Up-to-date: /home/pi/ydlidar_ros2_ws/install/myagv_description/share/myagv_description/environment/path.dsv
[2.999s] -- Up-to-date: /home/pi/ydlidar_ros2_ws/install/myagv_description/share/myagv_description/local_setup.bash
[3.001s] -- Up-to-date: /home/pi/ydlidar_ros2_ws/install/myagv_description/share/myagv_description/local_setup.sh
[3.002s] -- Up-to-date: /home/pi/ydlidar_ros2_ws/install/myagv_description/share/myagv_description/local_setup.zsh
[3.004s] -- Up-to-date: /home/pi/ydlidar_ros2_ws/install/myagv_description/share/myagv_description/local_setup.dsv
[3.006s] -- Installing: /home/pi/ydlidar_ros2_ws/install/myagv_description/share/myagv_description/package.dsv
[3.010s] -- Up-to-date: /home/pi/ydlidar_ros2_ws/install/myagv_description/share/ament_index/resource_index/packages/myagv_description
[3.011s] -- Up-to-date: /home/pi/ydlidar_ros2_ws/install/myagv_description/share/myagv_description/cmake/myagv_descriptionConfig.cmake
[3.013s] -- Up-to-date: /home/pi/ydlidar_ros2_ws/install/myagv_description/share/myagv_description/cmake/myagv_descriptionConfig-version.cmake
[3.015s] -- Up-to-date: /home/pi/ydlidar_ros2_ws/install/myagv_description/share/myagv_description/package.xml
[3.026s] Invoked command in '/home/pi/ydlidar_ros2_ws/build/myagv_description' returned '0': CMAKE_PREFIX_PATH=${CMAKE_PREFIX_PATH}:/home/pi/ydlidar_ros2_ws/install/jdamr200_teleop:/home/pi/ydlidar_ros2_ws/install/jdamr200_node:/home/pi/finalagv_ros2_ws/install/agv:/opt/ros/foxy /usr/bin/cmake --install /home/pi/ydlidar_ros2_ws/build/myagv_description
