[4.759s] Invoking command in '/home/pi/ydlidar_ros2_ws/src/jdamr200_teleop': PYTHONPATH=/home/pi/ydlidar_ros2_ws/build/jdamr200_teleop/prefix_override:/usr/lib/python3/dist-packages/colcon_core/task/python/colcon_distutils_commands:/home/pi/ydlidar_ros2_ws/install/jdamr200_teleop/lib/python3.8/site-packages:${PYTHONPATH} /usr/bin/python3 -W ignore:setup.py install is deprecated setup.py egg_info --egg-base ../../build/jdamr200_teleop build --build-base /home/pi/ydlidar_ros2_ws/build/jdamr200_teleop/build install --record /home/pi/ydlidar_ros2_ws/build/jdamr200_teleop/install.log --single-version-externally-managed install_data
[5.819s] running egg_info
[5.821s] writing ../../build/jdamr200_teleop/jdamr200_teleop.egg-info/PKG-INFO
[5.822s] writing dependency_links to ../../build/jdamr200_teleop/jdamr200_teleop.egg-info/dependency_links.txt
[5.823s] writing entry points to ../../build/jdamr200_teleop/jdamr200_teleop.egg-info/entry_points.txt
[5.824s] writing requirements to ../../build/jdamr200_teleop/jdamr200_teleop.egg-info/requires.txt
[5.825s] writing top-level names to ../../build/jdamr200_teleop/jdamr200_teleop.egg-info/top_level.txt
[5.966s] reading manifest file '../../build/jdamr200_teleop/jdamr200_teleop.egg-info/SOURCES.txt'
[5.970s] writing manifest file '../../build/jdamr200_teleop/jdamr200_teleop.egg-info/SOURCES.txt'
[5.970s] running build
[5.971s] running build_py
[5.972s] running install
[5.975s] running install_lib
[5.982s] running install_data
[5.982s] running install_egg_info
[5.991s] removing '/home/pi/ydlidar_ros2_ws/install/jdamr200_teleop/lib/python3.8/site-packages/jdamr200_teleop-0.0.0-py3.8.egg-info' (and everything under it)
[5.993s] Copying ../../build/jdamr200_teleop/jdamr200_teleop.egg-info to /home/pi/ydlidar_ros2_ws/install/jdamr200_teleop/lib/python3.8/site-packages/jdamr200_teleop-0.0.0-py3.8.egg-info
[5.998s] running install_scripts
[6.073s] Installing jdamr_teleop script to /home/pi/ydlidar_ros2_ws/install/jdamr200_teleop/lib/jdamr200_teleop
[6.075s] writing list of installed files to '/home/pi/ydlidar_ros2_ws/build/jdamr200_teleop/install.log'
[6.219s] Invoked command in '/home/pi/ydlidar_ros2_ws/src/jdamr200_teleop' returned '0': PYTHONPATH=/home/pi/ydlidar_ros2_ws/build/jdamr200_teleop/prefix_override:/usr/lib/python3/dist-packages/colcon_core/task/python/colcon_distutils_commands:/home/pi/ydlidar_ros2_ws/install/jdamr200_teleop/lib/python3.8/site-packages:${PYTHONPATH} /usr/bin/python3 -W ignore:setup.py install is deprecated setup.py egg_info --egg-base ../../build/jdamr200_teleop build --build-base /home/pi/ydlidar_ros2_ws/build/jdamr200_teleop/build install --record /home/pi/ydlidar_ros2_ws/build/jdamr200_teleop/install.log --single-version-externally-managed install_data
