[2.668s] Invoking command in '/home/pi/finalagv_ros2_ws/src/agv': PYTHONPATH=/home/pi/finalagv_ros2_ws/build/agv/prefix_override:/usr/lib/python3/dist-packages/colcon_core/task/python/colcon_distutils_commands:/home/pi/finalagv_ros2_ws/install/agv/lib/python3.8/site-packages:${PYTHONPATH} /usr/bin/python3 -W ignore:setup.py install is deprecated setup.py egg_info --egg-base ../../build/agv build --build-base /home/pi/finalagv_ros2_ws/build/agv/build install --record /home/pi/finalagv_ros2_ws/build/agv/install.log --install-scripts $base/lib/agv --single-version-externally-managed install_data
[3.588s] running egg_info
[3.590s] writing ../../build/agv/agv.egg-info/PKG-INFO
[3.591s] writing dependency_links to ../../build/agv/agv.egg-info/dependency_links.txt
[3.592s] writing entry points to ../../build/agv/agv.egg-info/entry_points.txt
[3.593s] writing requirements to ../../build/agv/agv.egg-info/requires.txt
[3.593s] writing top-level names to ../../build/agv/agv.egg-info/top_level.txt
[3.722s] reading manifest file '../../build/agv/agv.egg-info/SOURCES.txt'
[3.725s] writing manifest file '../../build/agv/agv.egg-info/SOURCES.txt'
[3.726s] running build
[3.726s] running build_py
[3.727s] copying agv/pub.py -> /home/pi/finalagv_ros2_ws/build/agv/build/lib/agv
[3.729s] running install
[3.732s] running install_lib
[3.735s] copying /home/pi/finalagv_ros2_ws/build/agv/build/lib/agv/pub.py -> /home/pi/finalagv_ros2_ws/install/agv/lib/python3.8/site-packages/agv
[3.738s] byte-compiling /home/pi/finalagv_ros2_ws/install/agv/lib/python3.8/site-packages/agv/pub.py to pub.cpython-38.pyc
[3.746s] running install_data
[3.747s] running install_egg_info
[3.754s] removing '/home/pi/finalagv_ros2_ws/install/agv/lib/python3.8/site-packages/agv-0.0.0-py3.8.egg-info' (and everything under it)
[3.756s] Copying ../../build/agv/agv.egg-info to /home/pi/finalagv_ros2_ws/install/agv/lib/python3.8/site-packages/agv-0.0.0-py3.8.egg-info
[3.760s] running install_scripts
[3.823s] Installing pub script to /home/pi/finalagv_ros2_ws/install/agv/lib/agv
[3.824s] Installing sub script to /home/pi/finalagv_ros2_ws/install/agv/lib/agv
[3.825s] Installing tel script to /home/pi/finalagv_ros2_ws/install/agv/lib/agv
[3.827s] writing list of installed files to '/home/pi/finalagv_ros2_ws/build/agv/install.log'
[3.929s] Invoked command in '/home/pi/finalagv_ros2_ws/src/agv' returned '0': PYTHONPATH=/home/pi/finalagv_ros2_ws/build/agv/prefix_override:/usr/lib/python3/dist-packages/colcon_core/task/python/colcon_distutils_commands:/home/pi/finalagv_ros2_ws/install/agv/lib/python3.8/site-packages:${PYTHONPATH} /usr/bin/python3 -W ignore:setup.py install is deprecated setup.py egg_info --egg-base ../../build/agv build --build-base /home/pi/finalagv_ros2_ws/build/agv/build install --record /home/pi/finalagv_ros2_ws/build/agv/install.log --install-scripts $base/lib/agv --single-version-externally-managed install_data
