[0.136s] Invoking command in '/home/pi/nav_ws/build/agv_cartographer': CMAKE_PREFIX_PATH=${CMAKE_PREFIX_PATH}:/home/pi/nav_ws/install/agv_bringup:/opt/ros/foxy /usr/bin/cmake --build /home/pi/nav_ws/build/agv_cartographer -- -j4 -l4
[0.378s] Invoked command in '/home/pi/nav_ws/build/agv_cartographer' returned '0': CMAKE_PREFIX_PATH=${CMAKE_PREFIX_PATH}:/home/pi/nav_ws/install/agv_bringup:/opt/ros/foxy /usr/bin/cmake --build /home/pi/nav_ws/build/agv_cartographer -- -j4 -l4
[0.754s] Invoking command in '/home/pi/nav_ws/build/agv_cartographer': CMAKE_PREFIX_PATH=${CMAKE_PREFIX_PATH}:/home/pi/nav_ws/install/agv_bringup:/opt/ros/foxy /usr/bin/cmake --install /home/pi/nav_ws/build/agv_cartographer
[0.823s] -- Install configuration: ""
[0.824s] -- Up-to-date: /home/pi/nav_ws/install/agv_cartographer/share/agv_cartographer/config
[0.825s] -- Up-to-date: /home/pi/nav_ws/install/agv_cartographer/share/agv_cartographer/config/agv_lidar.lua
[0.827s] -- Up-to-date: /home/pi/nav_ws/install/agv_cartographer/share/agv_cartographer/launch
[0.828s] -- Up-to-date: /home/pi/nav_ws/install/agv_cartographer/share/agv_cartographer/launch/cartographer_rviz.launch.py
[0.830s] -- Up-to-date: /home/pi/nav_ws/install/agv_cartographer/share/agv_cartographer/launch/cartographer.launch.py
[0.833s] -- Up-to-date: /home/pi/nav_ws/install/agv_cartographer/share/agv_cartographer/launch/occupancy_grid.launch.py
[0.835s] -- Up-to-date: /home/pi/nav_ws/install/agv_cartographer/share/agv_cartographer/rviz
[0.835s] -- Up-to-date: /home/pi/nav_ws/install/agv_cartographer/share/agv_cartographer/rviz/agv_cartographer.rviz
[0.836s] -- Up-to-date: /home/pi/nav_ws/install/agv_cartographer/share/ament_index/resource_index/package_run_dependencies/agv_cartographer
[0.837s] -- Up-to-date: /home/pi/nav_ws/install/agv_cartographer/share/ament_index/resource_index/parent_prefix_path/agv_cartographer
[0.839s] -- Up-to-date: /home/pi/nav_ws/install/agv_cartographer/share/agv_cartographer/environment/ament_prefix_path.sh
[0.842s] -- Up-to-date: /home/pi/nav_ws/install/agv_cartographer/share/agv_cartographer/environment/ament_prefix_path.dsv
[0.844s] -- Up-to-date: /home/pi/nav_ws/install/agv_cartographer/share/agv_cartographer/environment/path.sh
[0.845s] -- Up-to-date: /home/pi/nav_ws/install/agv_cartographer/share/agv_cartographer/environment/path.dsv
[0.846s] -- Up-to-date: /home/pi/nav_ws/install/agv_cartographer/share/agv_cartographer/local_setup.bash
[0.847s] -- Up-to-date: /home/pi/nav_ws/install/agv_cartographer/share/agv_cartographer/local_setup.sh
[0.848s] -- Up-to-date: /home/pi/nav_ws/install/agv_cartographer/share/agv_cartographer/local_setup.zsh
[0.850s] -- Up-to-date: /home/pi/nav_ws/install/agv_cartographer/share/agv_cartographer/local_setup.dsv
[0.851s] -- Installing: /home/pi/nav_ws/install/agv_cartographer/share/agv_cartographer/package.dsv
[0.851s] -- Up-to-date: /home/pi/nav_ws/install/agv_cartographer/share/ament_index/resource_index/packages/agv_cartographer
[0.853s] -- Up-to-date: /home/pi/nav_ws/install/agv_cartographer/share/agv_cartographer/cmake/agv_cartographerConfig.cmake
[0.855s] -- Up-to-date: /home/pi/nav_ws/install/agv_cartographer/share/agv_cartographer/cmake/agv_cartographerConfig-version.cmake
[0.856s] -- Up-to-date: /home/pi/nav_ws/install/agv_cartographer/share/agv_cartographer/package.xml
[0.879s] Invoked command in '/home/pi/nav_ws/build/agv_cartographer' returned '0': CMAKE_PREFIX_PATH=${CMAKE_PREFIX_PATH}:/home/pi/nav_ws/install/agv_bringup:/opt/ros/foxy /usr/bin/cmake --install /home/pi/nav_ws/build/agv_cartographer
