[2.267s] Invoking command in '/home/pi/ydlidar_ros2_ws/build/myagv_navigation2': CMAKE_PREFIX_PATH=${CMAKE_PREFIX_PATH}:/home/pi/ydlidar_ros2_ws/install/jdamr200_teleop:/home/pi/ydlidar_ros2_ws/install/jdamr200_node:/home/pi/finalagv_ros2_ws/install/agv:/opt/ros/foxy /usr/bin/cmake --build /home/pi/ydlidar_ros2_ws/build/myagv_navigation2 -- -j4 -l4
[2.533s] Invoked command in '/home/pi/ydlidar_ros2_ws/build/myagv_navigation2' returned '0': CMAKE_PREFIX_PATH=${CMAKE_PREFIX_PATH}:/home/pi/ydlidar_ros2_ws/install/jdamr200_teleop:/home/pi/ydlidar_ros2_ws/install/jdamr200_node:/home/pi/finalagv_ros2_ws/install/agv:/opt/ros/foxy /usr/bin/cmake --build /home/pi/ydlidar_ros2_ws/build/myagv_navigation2 -- -j4 -l4
[2.704s] Invoking command in '/home/pi/ydlidar_ros2_ws/build/myagv_navigation2': CMAKE_PREFIX_PATH=${CMAKE_PREFIX_PATH}:/home/pi/ydlidar_ros2_ws/install/jdamr200_teleop:/home/pi/ydlidar_ros2_ws/install/jdamr200_node:/home/pi/finalagv_ros2_ws/install/agv:/opt/ros/foxy /usr/bin/cmake --install /home/pi/ydlidar_ros2_ws/build/myagv_navigation2
[2.771s] -- Install configuration: ""
[2.773s] -- Up-to-date: /home/pi/ydlidar_ros2_ws/install/myagv_navigation2/share/myagv_navigation2/launch
[2.774s] -- Up-to-date: /home/pi/ydlidar_ros2_ws/install/myagv_navigation2/share/myagv_navigation2/launch/navigation2.launch.py
[2.775s] -- Up-to-date: /home/pi/ydlidar_ros2_ws/install/myagv_navigation2/share/myagv_navigation2/map
[2.777s] -- Up-to-date: /home/pi/ydlidar_ros2_ws/install/myagv_navigation2/share/myagv_navigation2/map/test1_map.pgm
[2.778s] -- Up-to-date: /home/pi/ydlidar_ros2_ws/install/myagv_navigation2/share/myagv_navigation2/map/test1_map.yaml
[2.779s] -- Up-to-date: /home/pi/ydlidar_ros2_ws/install/myagv_navigation2/share/myagv_navigation2/param
[2.781s] -- Up-to-date: /home/pi/ydlidar_ros2_ws/install/myagv_navigation2/share/myagv_navigation2/param/follow_point_bt.xml
[2.782s] -- Up-to-date: /home/pi/ydlidar_ros2_ws/install/myagv_navigation2/share/myagv_navigation2/param/myagv.yaml
[2.791s] -- Up-to-date: /home/pi/ydlidar_ros2_ws/install/myagv_navigation2/share/myagv_navigation2/rviz
[2.796s] -- Up-to-date: /home/pi/ydlidar_ros2_ws/install/myagv_navigation2/share/myagv_navigation2/rviz/nav2_config_object_following.rviz
[2.797s] -- Up-to-date: /home/pi/ydlidar_ros2_ws/install/myagv_navigation2/share/ament_index/resource_index/package_run_dependencies/myagv_navigation2
[2.798s] -- Up-to-date: /home/pi/ydlidar_ros2_ws/install/myagv_navigation2/share/ament_index/resource_index/parent_prefix_path/myagv_navigation2
[2.799s] -- Up-to-date: /home/pi/ydlidar_ros2_ws/install/myagv_navigation2/share/myagv_navigation2/environment/ament_prefix_path.sh
[2.801s] -- Up-to-date: /home/pi/ydlidar_ros2_ws/install/myagv_navigation2/share/myagv_navigation2/environment/ament_prefix_path.dsv
[2.802s] -- Up-to-date: /home/pi/ydlidar_ros2_ws/install/myagv_navigation2/share/myagv_navigation2/environment/path.sh
[2.803s] -- Up-to-date: /home/pi/ydlidar_ros2_ws/install/myagv_navigation2/share/myagv_navigation2/environment/path.dsv
[2.805s] -- Up-to-date: /home/pi/ydlidar_ros2_ws/install/myagv_navigation2/share/myagv_navigation2/local_setup.bash
[2.810s] -- Up-to-date: /home/pi/ydlidar_ros2_ws/install/myagv_navigation2/share/myagv_navigation2/local_setup.sh
[2.811s] -- Up-to-date: /home/pi/ydlidar_ros2_ws/install/myagv_navigation2/share/myagv_navigation2/local_setup.zsh
[2.812s] -- Up-to-date: /home/pi/ydlidar_ros2_ws/install/myagv_navigation2/share/myagv_navigation2/local_setup.dsv
[2.814s] -- Installing: /home/pi/ydlidar_ros2_ws/install/myagv_navigation2/share/myagv_navigation2/package.dsv
[2.816s] -- Up-to-date: /home/pi/ydlidar_ros2_ws/install/myagv_navigation2/share/ament_index/resource_index/packages/myagv_navigation2
[2.817s] -- Up-to-date: /home/pi/ydlidar_ros2_ws/install/myagv_navigation2/share/myagv_navigation2/cmake/myagv_navigation2Config.cmake
[2.817s] -- Up-to-date: /home/pi/ydlidar_ros2_ws/install/myagv_navigation2/share/myagv_navigation2/cmake/myagv_navigation2Config-version.cmake
[2.819s] -- Up-to-date: /home/pi/ydlidar_ros2_ws/install/myagv_navigation2/share/myagv_navigation2/package.xml
[2.821s] Invoked command in '/home/pi/ydlidar_ros2_ws/build/myagv_navigation2' returned '0': CMAKE_PREFIX_PATH=${CMAKE_PREFIX_PATH}:/home/pi/ydlidar_ros2_ws/install/jdamr200_teleop:/home/pi/ydlidar_ros2_ws/install/jdamr200_node:/home/pi/finalagv_ros2_ws/install/agv:/opt/ros/foxy /usr/bin/cmake --install /home/pi/ydlidar_ros2_ws/build/myagv_navigation2
