[2.525s] Invoking command in '/home/pi/finalagv_ros2_ws/src/agv': PYTHONPATH=/home/pi/finalagv_ros2_ws/build/agv/prefix_override:/usr/lib/python3/dist-packages/colcon_core/task/python/colcon_distutils_commands:/home/pi/finalagv_ros2_ws/install/agv/lib/python3.8/site-packages:${PYTHONPATH} /usr/bin/python3 -W ignore:setup.py install is deprecated setup.py egg_info --egg-base ../../build/agv build --build-base /home/pi/finalagv_ros2_ws/build/agv/build install --record /home/pi/finalagv_ros2_ws/build/agv/install.log --install-scripts $base/lib/agv --single-version-externally-managed install_data
[3.383s] running egg_info
[3.385s] writing ../../build/agv/agv.egg-info/PKG-INFO
[3.386s] writing dependency_links to ../../build/agv/agv.egg-info/dependency_links.txt
[3.387s] writing entry points to ../../build/agv/agv.egg-info/entry_points.txt
[3.387s] writing requirements to ../../build/agv/agv.egg-info/requires.txt
[3.388s] writing top-level names to ../../build/agv/agv.egg-info/top_level.txt
[3.512s] reading manifest file '../../build/agv/agv.egg-info/SOURCES.txt'
[3.516s] writing manifest file '../../build/agv/agv.egg-info/SOURCES.txt'
[3.516s] running build
[3.517s] running build_py
[3.518s] copying agv/return_sub.py -> /home/pi/finalagv_ros2_ws/build/agv/build/lib/agv
[3.521s] running install
[3.523s] running install_lib
[3.528s] copying /home/pi/finalagv_ros2_ws/build/agv/build/lib/agv/return_sub.py -> /home/pi/finalagv_ros2_ws/install/agv/lib/python3.8/site-packages/agv
[3.532s] byte-compiling /home/pi/finalagv_ros2_ws/install/agv/lib/python3.8/site-packages/agv/return_sub.py to return_sub.cpython-38.pyc
[3.540s] running install_data
[3.540s] running install_egg_info
[3.546s] removing '/home/pi/finalagv_ros2_ws/install/agv/lib/python3.8/site-packages/agv-0.0.0-py3.8.egg-info' (and everything under it)
[3.547s] Copying ../../build/agv/agv.egg-info to /home/pi/finalagv_ros2_ws/install/agv/lib/python3.8/site-packages/agv-0.0.0-py3.8.egg-info
[3.551s] running install_scripts
[3.612s] Installing pub script to /home/pi/finalagv_ros2_ws/install/agv/lib/agv
[3.612s] Installing pub2 script to /home/pi/finalagv_ros2_ws/install/agv/lib/agv
[3.613s] Installing pub4 script to /home/pi/finalagv_ros2_ws/install/agv/lib/agv
[3.614s] Installing return script to /home/pi/finalagv_ros2_ws/install/agv/lib/agv
[3.614s] Installing sub script to /home/pi/finalagv_ros2_ws/install/agv/lib/agv
[3.615s] Installing sub2 script to /home/pi/finalagv_ros2_ws/install/agv/lib/agv
[3.616s] Installing tel script to /home/pi/finalagv_ros2_ws/install/agv/lib/agv
[3.617s] Installing udp script to /home/pi/finalagv_ros2_ws/install/agv/lib/agv
[3.619s] writing list of installed files to '/home/pi/finalagv_ros2_ws/build/agv/install.log'
[3.712s] Invoked command in '/home/pi/finalagv_ros2_ws/src/agv' returned '0': PYTHONPATH=/home/pi/finalagv_ros2_ws/build/agv/prefix_override:/usr/lib/python3/dist-packages/colcon_core/task/python/colcon_distutils_commands:/home/pi/finalagv_ros2_ws/install/agv/lib/python3.8/site-packages:${PYTHONPATH} /usr/bin/python3 -W ignore:setup.py install is deprecated setup.py egg_info --egg-base ../../build/agv build --build-base /home/pi/finalagv_ros2_ws/build/agv/build install --record /home/pi/finalagv_ros2_ws/build/agv/install.log --install-scripts $base/lib/agv --single-version-externally-managed install_data
