[0.141s] Invoking command in '/home/pi/nav_ws/build/agv_cartographer': CMAKE_PREFIX_PATH=${CMAKE_PREFIX_PATH}:/home/pi/ydlidar_ros2_ws/install/nav2_gazebo_spawner:/home/pi/ydlidar_ros2_ws/install/jdamr200_teleop:/home/pi/ydlidar_ros2_ws/install/jdamr200_node:/home/pi/nav_ws/install/agv_bringup:/opt/ros/foxy /usr/bin/cmake --build /home/pi/nav_ws/build/agv_cartographer -- -j4 -l4
[0.361s] Invoked command in '/home/pi/nav_ws/build/agv_cartographer' returned '0': CMAKE_PREFIX_PATH=${CMAKE_PREFIX_PATH}:/home/pi/ydlidar_ros2_ws/install/nav2_gazebo_spawner:/home/pi/ydlidar_ros2_ws/install/jdamr200_teleop:/home/pi/ydlidar_ros2_ws/install/jdamr200_node:/home/pi/nav_ws/install/agv_bringup:/opt/ros/foxy /usr/bin/cmake --build /home/pi/nav_ws/build/agv_cartographer -- -j4 -l4
[0.706s] Invoking command in '/home/pi/nav_ws/build/agv_cartographer': CMAKE_PREFIX_PATH=${CMAKE_PREFIX_PATH}:/home/pi/ydlidar_ros2_ws/install/nav2_gazebo_spawner:/home/pi/ydlidar_ros2_ws/install/jdamr200_teleop:/home/pi/ydlidar_ros2_ws/install/jdamr200_node:/home/pi/nav_ws/install/agv_bringup:/opt/ros/foxy /usr/bin/cmake --install /home/pi/nav_ws/build/agv_cartographer
[0.773s] -- Install configuration: ""
[0.774s] -- Up-to-date: /home/pi/nav_ws/install/agv_cartographer/share/agv_cartographer/config
[0.774s] -- Up-to-date: /home/pi/nav_ws/install/agv_cartographer/share/agv_cartographer/config/agv_lidar.lua
[0.774s] -- Up-to-date: /home/pi/nav_ws/install/agv_cartographer/share/agv_cartographer/launch
[0.775s] -- Up-to-date: /home/pi/nav_ws/install/agv_cartographer/share/agv_cartographer/launch/cartographer_rviz.launch.py
[0.775s] -- Up-to-date: /home/pi/nav_ws/install/agv_cartographer/share/agv_cartographer/launch/cartographer.launch.py
[0.775s] -- Up-to-date: /home/pi/nav_ws/install/agv_cartographer/share/agv_cartographer/launch/occupancy_grid.launch.py
[0.776s] -- Up-to-date: /home/pi/nav_ws/install/agv_cartographer/share/agv_cartographer/rviz
[0.776s] -- Up-to-date: /home/pi/nav_ws/install/agv_cartographer/share/agv_cartographer/rviz/agv_cartographer.rviz
[0.778s] -- Up-to-date: /home/pi/nav_ws/install/agv_cartographer/share/ament_index/resource_index/package_run_dependencies/agv_cartographer
[0.778s] -- Up-to-date: /home/pi/nav_ws/install/agv_cartographer/share/ament_index/resource_index/parent_prefix_path/agv_cartographer
[0.779s] -- Up-to-date: /home/pi/nav_ws/install/agv_cartographer/share/agv_cartographer/environment/ament_prefix_path.sh
[0.779s] -- Up-to-date: /home/pi/nav_ws/install/agv_cartographer/share/agv_cartographer/environment/ament_prefix_path.dsv
[0.780s] -- Up-to-date: /home/pi/nav_ws/install/agv_cartographer/share/agv_cartographer/environment/path.sh
[0.781s] -- Up-to-date: /home/pi/nav_ws/install/agv_cartographer/share/agv_cartographer/environment/path.dsv
[0.784s] -- Up-to-date: /home/pi/nav_ws/install/agv_cartographer/share/agv_cartographer/local_setup.bash
[0.786s] -- Up-to-date: /home/pi/nav_ws/install/agv_cartographer/share/agv_cartographer/local_setup.sh
[0.787s] -- Up-to-date: /home/pi/nav_ws/install/agv_cartographer/share/agv_cartographer/local_setup.zsh
[0.787s] -- Up-to-date: /home/pi/nav_ws/install/agv_cartographer/share/agv_cartographer/local_setup.dsv
[0.788s] -- Installing: /home/pi/nav_ws/install/agv_cartographer/share/agv_cartographer/package.dsv
[0.789s] -- Up-to-date: /home/pi/nav_ws/install/agv_cartographer/share/ament_index/resource_index/packages/agv_cartographer
[0.790s] -- Up-to-date: /home/pi/nav_ws/install/agv_cartographer/share/agv_cartographer/cmake/agv_cartographerConfig.cmake
[0.791s] -- Up-to-date: /home/pi/nav_ws/install/agv_cartographer/share/agv_cartographer/cmake/agv_cartographerConfig-version.cmake
[0.792s] -- Up-to-date: /home/pi/nav_ws/install/agv_cartographer/share/agv_cartographer/package.xml
[0.793s] Invoked command in '/home/pi/nav_ws/build/agv_cartographer' returned '0': CMAKE_PREFIX_PATH=${CMAKE_PREFIX_PATH}:/home/pi/ydlidar_ros2_ws/install/nav2_gazebo_spawner:/home/pi/ydlidar_ros2_ws/install/jdamr200_teleop:/home/pi/ydlidar_ros2_ws/install/jdamr200_node:/home/pi/nav_ws/install/agv_bringup:/opt/ros/foxy /usr/bin/cmake --install /home/pi/nav_ws/build/agv_cartographer
