[0.793s] DEBUG:colcon:Command line arguments: ['/usr/bin/colcon', 'build']
[0.794s] DEBUG:colcon:Parsed command line arguments: Namespace(allow_overriding=[], ament_cmake_args=None, base_paths=['.'], build_base='build', catkin_cmake_args=None, catkin_skip_building_tests=False, cmake_args=None, cmake_clean_cache=False, cmake_clean_first=False, cmake_force_configure=False, cmake_target=None, cmake_target_skip_unavailable=False, continue_on_error=False, event_handlers=None, executor='parallel', ignore_user_meta=False, install_base='install', log_base=None, log_level=None, main=<bound method BuildVerb.main of <colcon_core.verb.build.BuildVerb object at 0xffffa3667190>>, merge_install=False, metas=['./colcon.meta'], mixin=None, mixin_files=None, mixin_verb=('build',), packages_above=None, packages_above_and_dependencies=None, packages_above_depth=None, packages_end=None, packages_ignore=None, packages_ignore_regex=None, packages_select=None, packages_select_build_failed=False, packages_select_by_dep=None, packages_select_regex=None, packages_select_test_failures=False, packages_skip=None, packages_skip_build_finished=False, packages_skip_by_dep=None, packages_skip_regex=None, packages_skip_test_passed=False, packages_skip_up_to=None, packages_start=None, packages_up_to=None, packages_up_to_regex=None, parallel_workers=4, paths=None, symlink_install=False, test_result_base=None, verb_extension=<colcon_core.verb.build.BuildVerb object at 0xffffa3667190>, verb_name='build', verb_parser=<colcon_mixin.mixin.mixin_argument.MixinArgumentDecorator object at 0xffffa3551070>)
[1.449s] Level 1:colcon.colcon_core.package_discovery:discover_packages(colcon_meta) check parameters
[1.449s] Level 1:colcon.colcon_core.package_discovery:discover_packages(recursive) check parameters
[1.449s] Level 1:colcon.colcon_core.package_discovery:discover_packages(ignore) check parameters
[1.449s] Level 1:colcon.colcon_core.package_discovery:discover_packages(path) check parameters
[1.449s] Level 1:colcon.colcon_core.package_discovery:discover_packages(colcon_meta) discover
[1.450s] Level 1:colcon.colcon_core.package_discovery:discover_packages(recursive) discover
[1.450s] INFO:colcon.colcon_core.package_discovery:Crawling recursively for packages in '/home/pi/ydlidar_ros2_ws'
[1.450s] Level 1:colcon.colcon_core.package_identification:_identify(.) by extensions ['ignore', 'ignore_ament_install']
[1.451s] Level 1:colcon.colcon_core.package_identification:_identify(.) by extension 'ignore'
[1.451s] Level 1:colcon.colcon_core.package_identification:_identify(.) by extension 'ignore_ament_install'
[1.451s] Level 1:colcon.colcon_core.package_identification:_identify(.) by extensions ['colcon_pkg']
[1.451s] Level 1:colcon.colcon_core.package_identification:_identify(.) by extension 'colcon_pkg'
[1.451s] Level 1:colcon.colcon_core.package_identification:_identify(.) by extensions ['colcon_meta']
[1.451s] Level 1:colcon.colcon_core.package_identification:_identify(.) by extension 'colcon_meta'
[1.451s] Level 1:colcon.colcon_core.package_identification:_identify(.) by extensions ['ros']
[1.452s] Level 1:colcon.colcon_core.package_identification:_identify(.) by extension 'ros'
[1.495s] Level 1:colcon.colcon_core.package_identification:_identify(.) by extensions ['cmake', 'python']
[1.496s] Level 1:colcon.colcon_core.package_identification:_identify(.) by extension 'cmake'
[1.496s] Level 1:colcon.colcon_core.package_identification:_identify(.) by extension 'python'
[1.496s] Level 1:colcon.colcon_core.package_identification:_identify(.) by extensions ['python_setup_py']
[1.496s] Level 1:colcon.colcon_core.package_identification:_identify(.) by extension 'python_setup_py'
[1.497s] Level 1:colcon.colcon_core.package_identification:_identify(build) by extensions ['ignore', 'ignore_ament_install']
[1.497s] Level 1:colcon.colcon_core.package_identification:_identify(build) by extension 'ignore'
[1.497s] Level 1:colcon.colcon_core.package_identification:_identify(build) ignored
[1.498s] Level 1:colcon.colcon_core.package_identification:_identify(install) by extensions ['ignore', 'ignore_ament_install']
[1.498s] Level 1:colcon.colcon_core.package_identification:_identify(install) by extension 'ignore'
[1.498s] Level 1:colcon.colcon_core.package_identification:_identify(install) ignored
[1.499s] Level 1:colcon.colcon_core.package_identification:_identify(log) by extensions ['ignore', 'ignore_ament_install']
[1.499s] Level 1:colcon.colcon_core.package_identification:_identify(log) by extension 'ignore'
[1.499s] Level 1:colcon.colcon_core.package_identification:_identify(log) ignored
[1.500s] Level 1:colcon.colcon_core.package_identification:_identify(src) by extensions ['ignore', 'ignore_ament_install']
[1.500s] Level 1:colcon.colcon_core.package_identification:_identify(src) by extension 'ignore'
[1.500s] Level 1:colcon.colcon_core.package_identification:_identify(src) by extension 'ignore_ament_install'
[1.500s] Level 1:colcon.colcon_core.package_identification:_identify(src) by extensions ['colcon_pkg']
[1.500s] Level 1:colcon.colcon_core.package_identification:_identify(src) by extension 'colcon_pkg'
[1.500s] Level 1:colcon.colcon_core.package_identification:_identify(src) by extensions ['colcon_meta']
[1.501s] Level 1:colcon.colcon_core.package_identification:_identify(src) by extension 'colcon_meta'
[1.501s] Level 1:colcon.colcon_core.package_identification:_identify(src) by extensions ['ros']
[1.501s] Level 1:colcon.colcon_core.package_identification:_identify(src) by extension 'ros'
[1.501s] Level 1:colcon.colcon_core.package_identification:_identify(src) by extensions ['cmake', 'python']
[1.501s] Level 1:colcon.colcon_core.package_identification:_identify(src) by extension 'cmake'
[1.501s] Level 1:colcon.colcon_core.package_identification:_identify(src) by extension 'python'
[1.502s] Level 1:colcon.colcon_core.package_identification:_identify(src) by extensions ['python_setup_py']
[1.502s] Level 1:colcon.colcon_core.package_identification:_identify(src) by extension 'python_setup_py'
[1.502s] Level 1:colcon.colcon_core.package_identification:_identify(src/jdamr200_node) by extensions ['ignore', 'ignore_ament_install']
[1.502s] Level 1:colcon.colcon_core.package_identification:_identify(src/jdamr200_node) by extension 'ignore'
[1.503s] Level 1:colcon.colcon_core.package_identification:_identify(src/jdamr200_node) by extension 'ignore_ament_install'
[1.503s] Level 1:colcon.colcon_core.package_identification:_identify(src/jdamr200_node) by extensions ['colcon_pkg']
[1.503s] Level 1:colcon.colcon_core.package_identification:_identify(src/jdamr200_node) by extension 'colcon_pkg'
[1.503s] Level 1:colcon.colcon_core.package_identification:_identify(src/jdamr200_node) by extensions ['colcon_meta']
[1.503s] Level 1:colcon.colcon_core.package_identification:_identify(src/jdamr200_node) by extension 'colcon_meta'
[1.503s] Level 1:colcon.colcon_core.package_identification:_identify(src/jdamr200_node) by extensions ['ros']
[1.503s] Level 1:colcon.colcon_core.package_identification:_identify(src/jdamr200_node) by extension 'ros'
[1.511s] DEBUG:colcon.colcon_core.package_identification:Package 'src/jdamr200_node' with type 'ros.ament_python' and name 'jdamr200_node'
[1.512s] Level 1:colcon.colcon_core.package_identification:_identify(src/jdamr200_teleop) by extensions ['ignore', 'ignore_ament_install']
[1.512s] Level 1:colcon.colcon_core.package_identification:_identify(src/jdamr200_teleop) by extension 'ignore'
[1.513s] Level 1:colcon.colcon_core.package_identification:_identify(src/jdamr200_teleop) by extension 'ignore_ament_install'
[1.513s] Level 1:colcon.colcon_core.package_identification:_identify(src/jdamr200_teleop) by extensions ['colcon_pkg']
[1.513s] Level 1:colcon.colcon_core.package_identification:_identify(src/jdamr200_teleop) by extension 'colcon_pkg'
[1.513s] Level 1:colcon.colcon_core.package_identification:_identify(src/jdamr200_teleop) by extensions ['colcon_meta']
[1.513s] Level 1:colcon.colcon_core.package_identification:_identify(src/jdamr200_teleop) by extension 'colcon_meta'
[1.513s] Level 1:colcon.colcon_core.package_identification:_identify(src/jdamr200_teleop) by extensions ['ros']
[1.514s] Level 1:colcon.colcon_core.package_identification:_identify(src/jdamr200_teleop) by extension 'ros'
[1.516s] DEBUG:colcon.colcon_core.package_identification:Package 'src/jdamr200_teleop' with type 'ros.ament_python' and name 'jdamr200_teleop'
[1.517s] Level 1:colcon.colcon_core.package_identification:_identify(src/ydlidar_ros2_driver) by extensions ['ignore', 'ignore_ament_install']
[1.517s] Level 1:colcon.colcon_core.package_identification:_identify(src/ydlidar_ros2_driver) by extension 'ignore'
[1.517s] Level 1:colcon.colcon_core.package_identification:_identify(src/ydlidar_ros2_driver) by extension 'ignore_ament_install'
[1.517s] Level 1:colcon.colcon_core.package_identification:_identify(src/ydlidar_ros2_driver) by extensions ['colcon_pkg']
[1.518s] Level 1:colcon.colcon_core.package_identification:_identify(src/ydlidar_ros2_driver) by extension 'colcon_pkg'
[1.518s] Level 1:colcon.colcon_core.package_identification:_identify(src/ydlidar_ros2_driver) by extensions ['colcon_meta']
[1.518s] Level 1:colcon.colcon_core.package_identification:_identify(src/ydlidar_ros2_driver) by extension 'colcon_meta'
[1.518s] Level 1:colcon.colcon_core.package_identification:_identify(src/ydlidar_ros2_driver) by extensions ['ros']
[1.518s] Level 1:colcon.colcon_core.package_identification:_identify(src/ydlidar_ros2_driver) by extension 'ros'
[1.521s] DEBUG:colcon.colcon_core.package_identification:Package 'src/ydlidar_ros2_driver' with type 'ros.ament_cmake' and name 'ydlidar_ros2_driver'
[1.521s] Level 1:colcon.colcon_core.package_discovery:discover_packages(recursive) using defaults
[1.521s] Level 1:colcon.colcon_core.package_discovery:discover_packages(ignore) discover
[1.521s] Level 1:colcon.colcon_core.package_discovery:discover_packages(ignore) using defaults
[1.521s] Level 1:colcon.colcon_core.package_discovery:discover_packages(path) discover
[1.521s] Level 1:colcon.colcon_core.package_discovery:discover_packages(path) using defaults
[1.578s] Level 1:colcon.colcon_core.package_discovery:discover_packages(prefix_path) check parameters
[1.579s] Level 1:colcon.colcon_core.package_discovery:discover_packages(prefix_path) discover
[1.591s] DEBUG:colcon.colcon_installed_package_information.package_discovery:Found 296 installed packages in /opt/ros/foxy
[1.641s] Level 1:colcon.colcon_core.package_discovery:discover_packages(prefix_path) using defaults
[1.982s] Level 5:colcon.colcon_core.verb:set package 'jdamr200_node' build argument 'cmake_args' from command line to 'None'
[1.982s] Level 5:colcon.colcon_core.verb:set package 'jdamr200_node' build argument 'cmake_target' from command line to 'None'
[1.982s] Level 5:colcon.colcon_core.verb:set package 'jdamr200_node' build argument 'cmake_target_skip_unavailable' from command line to 'False'
[1.982s] Level 5:colcon.colcon_core.verb:set package 'jdamr200_node' build argument 'cmake_clean_cache' from command line to 'False'
[1.982s] Level 5:colcon.colcon_core.verb:set package 'jdamr200_node' build argument 'cmake_clean_first' from command line to 'False'
[1.982s] Level 5:colcon.colcon_core.verb:set package 'jdamr200_node' build argument 'cmake_force_configure' from command line to 'False'
[1.982s] Level 5:colcon.colcon_core.verb:set package 'jdamr200_node' build argument 'ament_cmake_args' from command line to 'None'
[1.983s] Level 5:colcon.colcon_core.verb:set package 'jdamr200_node' build argument 'catkin_cmake_args' from command line to 'None'
[1.983s] Level 5:colcon.colcon_core.verb:set package 'jdamr200_node' build argument 'catkin_skip_building_tests' from command line to 'False'
[1.983s] DEBUG:colcon.colcon_core.verb:Building package 'jdamr200_node' with the following arguments: {'ament_cmake_args': None, 'build_base': '/home/pi/ydlidar_ros2_ws/build/jdamr200_node', 'catkin_cmake_args': None, 'catkin_skip_building_tests': False, 'cmake_args': None, 'cmake_clean_cache': False, 'cmake_clean_first': False, 'cmake_force_configure': False, 'cmake_target': None, 'cmake_target_skip_unavailable': False, 'install_base': '/home/pi/ydlidar_ros2_ws/install/jdamr200_node', 'merge_install': False, 'path': '/home/pi/ydlidar_ros2_ws/src/jdamr200_node', 'symlink_install': False, 'test_result_base': None}
[1.984s] Level 5:colcon.colcon_core.verb:set package 'jdamr200_teleop' build argument 'cmake_args' from command line to 'None'
[1.984s] Level 5:colcon.colcon_core.verb:set package 'jdamr200_teleop' build argument 'cmake_target' from command line to 'None'
[1.985s] Level 5:colcon.colcon_core.verb:set package 'jdamr200_teleop' build argument 'cmake_target_skip_unavailable' from command line to 'False'
[1.985s] Level 5:colcon.colcon_core.verb:set package 'jdamr200_teleop' build argument 'cmake_clean_cache' from command line to 'False'
[1.985s] Level 5:colcon.colcon_core.verb:set package 'jdamr200_teleop' build argument 'cmake_clean_first' from command line to 'False'
[1.985s] Level 5:colcon.colcon_core.verb:set package 'jdamr200_teleop' build argument 'cmake_force_configure' from command line to 'False'
[1.985s] Level 5:colcon.colcon_core.verb:set package 'jdamr200_teleop' build argument 'ament_cmake_args' from command line to 'None'
[1.985s] Level 5:colcon.colcon_core.verb:set package 'jdamr200_teleop' build argument 'catkin_cmake_args' from command line to 'None'
[1.985s] Level 5:colcon.colcon_core.verb:set package 'jdamr200_teleop' build argument 'catkin_skip_building_tests' from command line to 'False'
[1.985s] DEBUG:colcon.colcon_core.verb:Building package 'jdamr200_teleop' with the following arguments: {'ament_cmake_args': None, 'build_base': '/home/pi/ydlidar_ros2_ws/build/jdamr200_teleop', 'catkin_cmake_args': None, 'catkin_skip_building_tests': False, 'cmake_args': None, 'cmake_clean_cache': False, 'cmake_clean_first': False, 'cmake_force_configure': False, 'cmake_target': None, 'cmake_target_skip_unavailable': False, 'install_base': '/home/pi/ydlidar_ros2_ws/install/jdamr200_teleop', 'merge_install': False, 'path': '/home/pi/ydlidar_ros2_ws/src/jdamr200_teleop', 'symlink_install': False, 'test_result_base': None}
[1.987s] Level 5:colcon.colcon_core.verb:set package 'ydlidar_ros2_driver' build argument 'cmake_args' from command line to 'None'
[1.987s] Level 5:colcon.colcon_core.verb:set package 'ydlidar_ros2_driver' build argument 'cmake_target' from command line to 'None'
[1.987s] Level 5:colcon.colcon_core.verb:set package 'ydlidar_ros2_driver' build argument 'cmake_target_skip_unavailable' from command line to 'False'
[1.987s] Level 5:colcon.colcon_core.verb:set package 'ydlidar_ros2_driver' build argument 'cmake_clean_cache' from command line to 'False'
[1.987s] Level 5:colcon.colcon_core.verb:set package 'ydlidar_ros2_driver' build argument 'cmake_clean_first' from command line to 'False'
[1.987s] Level 5:colcon.colcon_core.verb:set package 'ydlidar_ros2_driver' build argument 'cmake_force_configure' from command line to 'False'
[1.987s] Level 5:colcon.colcon_core.verb:set package 'ydlidar_ros2_driver' build argument 'ament_cmake_args' from command line to 'None'
[1.987s] Level 5:colcon.colcon_core.verb:set package 'ydlidar_ros2_driver' build argument 'catkin_cmake_args' from command line to 'None'
[1.987s] Level 5:colcon.colcon_core.verb:set package 'ydlidar_ros2_driver' build argument 'catkin_skip_building_tests' from command line to 'False'
[1.988s] DEBUG:colcon.colcon_core.verb:Building package 'ydlidar_ros2_driver' with the following arguments: {'ament_cmake_args': None, 'build_base': '/home/pi/ydlidar_ros2_ws/build/ydlidar_ros2_driver', 'catkin_cmake_args': None, 'catkin_skip_building_tests': False, 'cmake_args': None, 'cmake_clean_cache': False, 'cmake_clean_first': False, 'cmake_force_configure': False, 'cmake_target': None, 'cmake_target_skip_unavailable': False, 'install_base': '/home/pi/ydlidar_ros2_ws/install/ydlidar_ros2_driver', 'merge_install': False, 'path': '/home/pi/ydlidar_ros2_ws/src/ydlidar_ros2_driver', 'symlink_install': False, 'test_result_base': None}
[1.988s] INFO:colcon.colcon_core.executor:Executing jobs using 'parallel' executor
[1.991s] DEBUG:colcon.colcon_parallel_executor.executor.parallel:run_until_complete
[1.992s] INFO:colcon.colcon_ros.task.ament_python.build:Building ROS package in '/home/pi/ydlidar_ros2_ws/src/jdamr200_node' with build type 'ament_python'
[1.993s] Level 1:colcon.colcon_core.shell:create_environment_hook('jdamr200_node', 'ament_prefix_path')
[2.001s] INFO:colcon.colcon_core.plugin_system:Skipping extension 'colcon_core.shell.bat': Not used on non-Windows systems
[2.002s] INFO:colcon.colcon_core.shell:Creating environment hook '/home/pi/ydlidar_ros2_ws/install/jdamr200_node/share/jdamr200_node/hook/ament_prefix_path.ps1'
[2.005s] INFO:colcon.colcon_core.shell:Creating environment descriptor '/home/pi/ydlidar_ros2_ws/install/jdamr200_node/share/jdamr200_node/hook/ament_prefix_path.dsv'
[2.007s] INFO:colcon.colcon_core.shell:Creating environment hook '/home/pi/ydlidar_ros2_ws/install/jdamr200_node/share/jdamr200_node/hook/ament_prefix_path.sh'
[2.010s] INFO:colcon.colcon_core.shell:Skip shell extension 'powershell' for command environment: Not usable outside of PowerShell
[2.011s] DEBUG:colcon.colcon_core.shell:Skip shell extension 'dsv' for command environment
[2.030s] INFO:colcon.colcon_ros.task.ament_python.build:Building ROS package in '/home/pi/ydlidar_ros2_ws/src/jdamr200_teleop' with build type 'ament_python'
[2.031s] Level 1:colcon.colcon_core.shell:create_environment_hook('jdamr200_teleop', 'ament_prefix_path')
[2.033s] INFO:colcon.colcon_core.shell:Creating environment hook '/home/pi/ydlidar_ros2_ws/install/jdamr200_teleop/share/jdamr200_teleop/hook/ament_prefix_path.ps1'
[2.036s] INFO:colcon.colcon_core.shell:Creating environment descriptor '/home/pi/ydlidar_ros2_ws/install/jdamr200_teleop/share/jdamr200_teleop/hook/ament_prefix_path.dsv'
[2.038s] INFO:colcon.colcon_core.shell:Creating environment hook '/home/pi/ydlidar_ros2_ws/install/jdamr200_teleop/share/jdamr200_teleop/hook/ament_prefix_path.sh'
[2.042s] INFO:colcon.colcon_core.shell:Skip shell extension 'powershell' for command environment: Not usable outside of PowerShell
[2.042s] DEBUG:colcon.colcon_core.shell:Skip shell extension 'dsv' for command environment
[2.066s] INFO:colcon.colcon_ros.task.ament_cmake.build:Building ROS package in '/home/pi/ydlidar_ros2_ws/src/ydlidar_ros2_driver' with build type 'ament_cmake'
[2.067s] INFO:colcon.colcon_cmake.task.cmake.build:Building CMake package in '/home/pi/ydlidar_ros2_ws/src/ydlidar_ros2_driver'
[2.068s] INFO:colcon.colcon_core.shell:Skip shell extension 'powershell' for command environment: Not usable outside of PowerShell
[2.069s] DEBUG:colcon.colcon_core.shell:Skip shell extension 'dsv' for command environment
[3.079s] INFO:colcon.colcon_core.task.python.build:Building Python package in '/home/pi/ydlidar_ros2_ws/src/jdamr200_node'
[3.080s] INFO:colcon.colcon_core.shell:Skip shell extension 'powershell' for command environment: Not usable outside of PowerShell
[3.081s] DEBUG:colcon.colcon_core.shell:Skip shell extension 'dsv' for command environment
[4.066s] INFO:colcon.colcon_core.task.python.build:Building Python package in '/home/pi/ydlidar_ros2_ws/src/jdamr200_teleop'
[4.067s] INFO:colcon.colcon_core.shell:Skip shell extension 'powershell' for command environment: Not usable outside of PowerShell
[4.067s] DEBUG:colcon.colcon_core.shell:Skip shell extension 'dsv' for command environment
[4.102s] DEBUG:colcon.colcon_core.event_handler.log_command:Invoking command in '/home/pi/ydlidar_ros2_ws/build/ydlidar_ros2_driver': CMAKE_PREFIX_PATH=/opt/ros/foxy /usr/bin/cmake --build /home/pi/ydlidar_ros2_ws/build/ydlidar_ros2_driver -- -j4 -l4
[4.517s] DEBUG:colcon.colcon_core.event_handler.log_command:Invoked command in '/home/pi/ydlidar_ros2_ws/build/ydlidar_ros2_driver' returned '0': CMAKE_PREFIX_PATH=/opt/ros/foxy /usr/bin/cmake --build /home/pi/ydlidar_ros2_ws/build/ydlidar_ros2_driver -- -j4 -l4
[4.705s] DEBUG:colcon.colcon_core.event_handler.log_command:Invoking command in '/home/pi/ydlidar_ros2_ws/build/ydlidar_ros2_driver': CMAKE_PREFIX_PATH=/opt/ros/foxy /usr/bin/cmake --install /home/pi/ydlidar_ros2_ws/build/ydlidar_ros2_driver
[4.779s] Level 1:colcon.colcon_core.environment:create_environment_scripts_only(ydlidar_ros2_driver)
[4.801s] Level 1:colcon.colcon_core.environment:checking '/home/pi/ydlidar_ros2_ws/install/ydlidar_ros2_driver' for CMake module files
[4.804s] Level 1:colcon.colcon_core.environment:checking '/home/pi/ydlidar_ros2_ws/install/ydlidar_ros2_driver' for CMake config files
[4.806s] Level 1:colcon.colcon_core.shell:create_environment_hook('ydlidar_ros2_driver', 'cmake_prefix_path')
[4.811s] INFO:colcon.colcon_core.shell:Creating environment hook '/home/pi/ydlidar_ros2_ws/install/ydlidar_ros2_driver/share/ydlidar_ros2_driver/hook/cmake_prefix_path.ps1'
[4.809s] DEBUG:colcon.colcon_core.event_handler.log_command:Invoked command in '/home/pi/ydlidar_ros2_ws/build/ydlidar_ros2_driver' returned '0': CMAKE_PREFIX_PATH=/opt/ros/foxy /usr/bin/cmake --install /home/pi/ydlidar_ros2_ws/build/ydlidar_ros2_driver
[4.814s] INFO:colcon.colcon_core.shell:Creating environment descriptor '/home/pi/ydlidar_ros2_ws/install/ydlidar_ros2_driver/share/ydlidar_ros2_driver/hook/cmake_prefix_path.dsv'
[4.816s] INFO:colcon.colcon_core.shell:Creating environment hook '/home/pi/ydlidar_ros2_ws/install/ydlidar_ros2_driver/share/ydlidar_ros2_driver/hook/cmake_prefix_path.sh'
[4.821s] Level 1:colcon.colcon_core.environment:checking '/home/pi/ydlidar_ros2_ws/install/ydlidar_ros2_driver/lib'
[4.822s] Level 1:colcon.colcon_core.environment:checking '/home/pi/ydlidar_ros2_ws/install/ydlidar_ros2_driver/bin'
[4.822s] Level 1:colcon.colcon_core.environment:checking '/home/pi/ydlidar_ros2_ws/install/ydlidar_ros2_driver/lib/pkgconfig/ydlidar_ros2_driver.pc'
[4.823s] Level 1:colcon.colcon_core.environment:checking '/home/pi/ydlidar_ros2_ws/install/ydlidar_ros2_driver/lib/python3.8/site-packages'
[4.824s] Level 1:colcon.colcon_core.environment:checking '/home/pi/ydlidar_ros2_ws/install/ydlidar_ros2_driver/bin'
[4.826s] INFO:colcon.colcon_core.shell:Creating package script '/home/pi/ydlidar_ros2_ws/install/ydlidar_ros2_driver/share/ydlidar_ros2_driver/package.ps1'
[4.831s] INFO:colcon.colcon_core.shell:Creating package descriptor '/home/pi/ydlidar_ros2_ws/install/ydlidar_ros2_driver/share/ydlidar_ros2_driver/package.dsv'
[4.834s] INFO:colcon.colcon_core.shell:Creating package script '/home/pi/ydlidar_ros2_ws/install/ydlidar_ros2_driver/share/ydlidar_ros2_driver/package.sh'
[4.838s] INFO:colcon.colcon_core.shell:Creating package script '/home/pi/ydlidar_ros2_ws/install/ydlidar_ros2_driver/share/ydlidar_ros2_driver/package.bash'
[4.842s] INFO:colcon.colcon_core.shell:Creating package script '/home/pi/ydlidar_ros2_ws/install/ydlidar_ros2_driver/share/ydlidar_ros2_driver/package.zsh'
[4.846s] Level 1:colcon.colcon_core.environment:create_file_with_runtime_dependencies(/home/pi/ydlidar_ros2_ws/install/ydlidar_ros2_driver/share/colcon-core/packages/ydlidar_ros2_driver)
[4.984s] Level 1:colcon.colcon_core.environment:create_environment_scripts_only(ydlidar_ros2_driver)
[4.985s] Level 1:colcon.colcon_core.environment:checking '/home/pi/ydlidar_ros2_ws/install/ydlidar_ros2_driver' for CMake module files
[4.989s] Level 1:colcon.colcon_core.environment:checking '/home/pi/ydlidar_ros2_ws/install/ydlidar_ros2_driver' for CMake config files
[4.991s] Level 1:colcon.colcon_core.shell:create_environment_hook('ydlidar_ros2_driver', 'cmake_prefix_path')
[4.992s] INFO:colcon.colcon_core.shell:Creating environment hook '/home/pi/ydlidar_ros2_ws/install/ydlidar_ros2_driver/share/ydlidar_ros2_driver/hook/cmake_prefix_path.ps1'
[4.995s] INFO:colcon.colcon_core.shell:Creating environment descriptor '/home/pi/ydlidar_ros2_ws/install/ydlidar_ros2_driver/share/ydlidar_ros2_driver/hook/cmake_prefix_path.dsv'
[4.997s] INFO:colcon.colcon_core.shell:Creating environment hook '/home/pi/ydlidar_ros2_ws/install/ydlidar_ros2_driver/share/ydlidar_ros2_driver/hook/cmake_prefix_path.sh'
[5.001s] Level 1:colcon.colcon_core.environment:checking '/home/pi/ydlidar_ros2_ws/install/ydlidar_ros2_driver/lib'
[5.001s] Level 1:colcon.colcon_core.environment:checking '/home/pi/ydlidar_ros2_ws/install/ydlidar_ros2_driver/bin'
[5.002s] Level 1:colcon.colcon_core.environment:checking '/home/pi/ydlidar_ros2_ws/install/ydlidar_ros2_driver/lib/pkgconfig/ydlidar_ros2_driver.pc'
[5.003s] Level 1:colcon.colcon_core.environment:checking '/home/pi/ydlidar_ros2_ws/install/ydlidar_ros2_driver/lib/python3.8/site-packages'
[5.004s] Level 1:colcon.colcon_core.environment:checking '/home/pi/ydlidar_ros2_ws/install/ydlidar_ros2_driver/bin'
[5.005s] INFO:colcon.colcon_core.shell:Creating package script '/home/pi/ydlidar_ros2_ws/install/ydlidar_ros2_driver/share/ydlidar_ros2_driver/package.ps1'
[5.008s] INFO:colcon.colcon_core.shell:Creating package descriptor '/home/pi/ydlidar_ros2_ws/install/ydlidar_ros2_driver/share/ydlidar_ros2_driver/package.dsv'
[5.011s] INFO:colcon.colcon_core.shell:Creating package script '/home/pi/ydlidar_ros2_ws/install/ydlidar_ros2_driver/share/ydlidar_ros2_driver/package.sh'
[5.014s] INFO:colcon.colcon_core.shell:Creating package script '/home/pi/ydlidar_ros2_ws/install/ydlidar_ros2_driver/share/ydlidar_ros2_driver/package.bash'
[5.016s] INFO:colcon.colcon_core.shell:Creating package script '/home/pi/ydlidar_ros2_ws/install/ydlidar_ros2_driver/share/ydlidar_ros2_driver/package.zsh'
[5.019s] Level 1:colcon.colcon_core.environment:create_file_with_runtime_dependencies(/home/pi/ydlidar_ros2_ws/install/ydlidar_ros2_driver/share/colcon-core/packages/ydlidar_ros2_driver)
[6.176s] DEBUG:colcon.colcon_core.event_handler.log_command:Invoking command in '/home/pi/ydlidar_ros2_ws/src/jdamr200_node': PYTHONPATH=/home/pi/ydlidar_ros2_ws/build/jdamr200_node/prefix_override:/usr/lib/python3/dist-packages/colcon_core/task/python/colcon_distutils_commands:/home/pi/ydlidar_ros2_ws/install/jdamr200_node/lib/python3.8/site-packages:${PYTHONPATH} /usr/bin/python3 -W ignore:setup.py install is deprecated setup.py egg_info --egg-base ../../build/jdamr200_node build --build-base /home/pi/ydlidar_ros2_ws/build/jdamr200_node/build install --record /home/pi/ydlidar_ros2_ws/build/jdamr200_node/install.log --single-version-externally-managed install_data
[6.193s] DEBUG:colcon.colcon_core.event_handler.log_command:Invoking command in '/home/pi/ydlidar_ros2_ws/src/jdamr200_teleop': PYTHONPATH=/home/pi/ydlidar_ros2_ws/build/jdamr200_teleop/prefix_override:/usr/lib/python3/dist-packages/colcon_core/task/python/colcon_distutils_commands:/home/pi/ydlidar_ros2_ws/install/jdamr200_teleop/lib/python3.8/site-packages:${PYTHONPATH} /usr/bin/python3 -W ignore:setup.py install is deprecated setup.py egg_info --egg-base ../../build/jdamr200_teleop build --build-base /home/pi/ydlidar_ros2_ws/build/jdamr200_teleop/build install --record /home/pi/ydlidar_ros2_ws/build/jdamr200_teleop/install.log --single-version-externally-managed install_data
[7.581s] Level 1:colcon.colcon_core.environment:checking '/home/pi/ydlidar_ros2_ws/install/jdamr200_node' for CMake module files
[7.585s] DEBUG:colcon.colcon_core.event_handler.log_command:Invoked command in '/home/pi/ydlidar_ros2_ws/src/jdamr200_node' returned '0': PYTHONPATH=/home/pi/ydlidar_ros2_ws/build/jdamr200_node/prefix_override:/usr/lib/python3/dist-packages/colcon_core/task/python/colcon_distutils_commands:/home/pi/ydlidar_ros2_ws/install/jdamr200_node/lib/python3.8/site-packages:${PYTHONPATH} /usr/bin/python3 -W ignore:setup.py install is deprecated setup.py egg_info --egg-base ../../build/jdamr200_node build --build-base /home/pi/ydlidar_ros2_ws/build/jdamr200_node/build install --record /home/pi/ydlidar_ros2_ws/build/jdamr200_node/install.log --single-version-externally-managed install_data
[7.587s] Level 1:colcon.colcon_core.environment:checking '/home/pi/ydlidar_ros2_ws/install/jdamr200_node' for CMake config files
[7.593s] Level 1:colcon.colcon_core.environment:checking '/home/pi/ydlidar_ros2_ws/install/jdamr200_node/lib'
[7.594s] Level 1:colcon.colcon_core.environment:checking '/home/pi/ydlidar_ros2_ws/install/jdamr200_node/bin'
[7.594s] Level 1:colcon.colcon_core.environment:checking '/home/pi/ydlidar_ros2_ws/install/jdamr200_node/lib/pkgconfig/jdamr200_node.pc'
[7.596s] Level 1:colcon.colcon_core.environment:checking '/home/pi/ydlidar_ros2_ws/install/jdamr200_node/lib/python3.8/site-packages'
[7.596s] Level 1:colcon.colcon_core.shell:create_environment_hook('jdamr200_node', 'pythonpath')
[7.598s] INFO:colcon.colcon_core.shell:Creating environment hook '/home/pi/ydlidar_ros2_ws/install/jdamr200_node/share/jdamr200_node/hook/pythonpath.ps1'
[7.601s] INFO:colcon.colcon_core.shell:Creating environment descriptor '/home/pi/ydlidar_ros2_ws/install/jdamr200_node/share/jdamr200_node/hook/pythonpath.dsv'
[7.604s] INFO:colcon.colcon_core.shell:Creating environment hook '/home/pi/ydlidar_ros2_ws/install/jdamr200_node/share/jdamr200_node/hook/pythonpath.sh'
[7.606s] Level 1:colcon.colcon_core.environment:checking '/home/pi/ydlidar_ros2_ws/install/jdamr200_node/bin'
[7.607s] Level 1:colcon.colcon_core.environment:create_environment_scripts_only(jdamr200_node)
[7.608s] INFO:colcon.colcon_core.shell:Creating package script '/home/pi/ydlidar_ros2_ws/install/jdamr200_node/share/jdamr200_node/package.ps1'
[7.610s] INFO:colcon.colcon_core.shell:Creating package descriptor '/home/pi/ydlidar_ros2_ws/install/jdamr200_node/share/jdamr200_node/package.dsv'
[7.612s] INFO:colcon.colcon_core.shell:Creating package script '/home/pi/ydlidar_ros2_ws/install/jdamr200_node/share/jdamr200_node/package.sh'
[7.614s] INFO:colcon.colcon_core.shell:Creating package script '/home/pi/ydlidar_ros2_ws/install/jdamr200_node/share/jdamr200_node/package.bash'
[7.616s] INFO:colcon.colcon_core.shell:Creating package script '/home/pi/ydlidar_ros2_ws/install/jdamr200_node/share/jdamr200_node/package.zsh'
[7.618s] Level 1:colcon.colcon_core.environment:create_file_with_runtime_dependencies(/home/pi/ydlidar_ros2_ws/install/jdamr200_node/share/colcon-core/packages/jdamr200_node)
[7.622s] Level 1:colcon.colcon_core.environment:checking '/home/pi/ydlidar_ros2_ws/install/jdamr200_teleop' for CMake module files
[7.624s] DEBUG:colcon.colcon_core.event_handler.log_command:Invoked command in '/home/pi/ydlidar_ros2_ws/src/jdamr200_teleop' returned '0': PYTHONPATH=/home/pi/ydlidar_ros2_ws/build/jdamr200_teleop/prefix_override:/usr/lib/python3/dist-packages/colcon_core/task/python/colcon_distutils_commands:/home/pi/ydlidar_ros2_ws/install/jdamr200_teleop/lib/python3.8/site-packages:${PYTHONPATH} /usr/bin/python3 -W ignore:setup.py install is deprecated setup.py egg_info --egg-base ../../build/jdamr200_teleop build --build-base /home/pi/ydlidar_ros2_ws/build/jdamr200_teleop/build install --record /home/pi/ydlidar_ros2_ws/build/jdamr200_teleop/install.log --single-version-externally-managed install_data
[7.625s] Level 1:colcon.colcon_core.environment:checking '/home/pi/ydlidar_ros2_ws/install/jdamr200_teleop' for CMake config files
[7.628s] Level 1:colcon.colcon_core.environment:checking '/home/pi/ydlidar_ros2_ws/install/jdamr200_teleop/lib'
[7.629s] Level 1:colcon.colcon_core.environment:checking '/home/pi/ydlidar_ros2_ws/install/jdamr200_teleop/bin'
[7.629s] Level 1:colcon.colcon_core.environment:checking '/home/pi/ydlidar_ros2_ws/install/jdamr200_teleop/lib/pkgconfig/jdamr200_teleop.pc'
[7.630s] Level 1:colcon.colcon_core.environment:checking '/home/pi/ydlidar_ros2_ws/install/jdamr200_teleop/lib/python3.8/site-packages'
[7.630s] Level 1:colcon.colcon_core.shell:create_environment_hook('jdamr200_teleop', 'pythonpath')
[7.632s] INFO:colcon.colcon_core.shell:Creating environment hook '/home/pi/ydlidar_ros2_ws/install/jdamr200_teleop/share/jdamr200_teleop/hook/pythonpath.ps1'
[7.634s] INFO:colcon.colcon_core.shell:Creating environment descriptor '/home/pi/ydlidar_ros2_ws/install/jdamr200_teleop/share/jdamr200_teleop/hook/pythonpath.dsv'
[7.636s] INFO:colcon.colcon_core.shell:Creating environment hook '/home/pi/ydlidar_ros2_ws/install/jdamr200_teleop/share/jdamr200_teleop/hook/pythonpath.sh'
[7.640s] Level 1:colcon.colcon_core.environment:checking '/home/pi/ydlidar_ros2_ws/install/jdamr200_teleop/bin'
[7.640s] Level 1:colcon.colcon_core.environment:create_environment_scripts_only(jdamr200_teleop)
[7.642s] INFO:colcon.colcon_core.shell:Creating package script '/home/pi/ydlidar_ros2_ws/install/jdamr200_teleop/share/jdamr200_teleop/package.ps1'
[7.644s] INFO:colcon.colcon_core.shell:Creating package descriptor '/home/pi/ydlidar_ros2_ws/install/jdamr200_teleop/share/jdamr200_teleop/package.dsv'
[7.646s] INFO:colcon.colcon_core.shell:Creating package script '/home/pi/ydlidar_ros2_ws/install/jdamr200_teleop/share/jdamr200_teleop/package.sh'
[7.649s] INFO:colcon.colcon_core.shell:Creating package script '/home/pi/ydlidar_ros2_ws/install/jdamr200_teleop/share/jdamr200_teleop/package.bash'
[7.651s] INFO:colcon.colcon_core.shell:Creating package script '/home/pi/ydlidar_ros2_ws/install/jdamr200_teleop/share/jdamr200_teleop/package.zsh'
[7.653s] Level 1:colcon.colcon_core.environment:create_file_with_runtime_dependencies(/home/pi/ydlidar_ros2_ws/install/jdamr200_teleop/share/colcon-core/packages/jdamr200_teleop)
[7.654s] DEBUG:colcon.colcon_parallel_executor.executor.parallel:closing loop
[7.655s] DEBUG:colcon.colcon_parallel_executor.executor.parallel:loop closed
[7.655s] DEBUG:colcon.colcon_parallel_executor.executor.parallel:run_until_complete finished with '0'
[7.656s] DEBUG:colcon.colcon_core.event_reactor:joining thread
[7.684s] INFO:colcon.colcon_core.plugin_system:Skipping extension 'colcon_notification.desktop_notification.terminal_notifier': Not used on non-Darwin systems
[7.684s] INFO:colcon.colcon_core.plugin_system:Skipping extension 'colcon_notification.desktop_notification.win32': Not used on non-Windows systems
[7.684s] INFO:colcon.colcon_notification.desktop_notification:Sending desktop notification using 'notify2'
[7.699s] DEBUG:colcon.colcon_core.event_reactor:joined thread
[7.701s] INFO:colcon.colcon_core.shell:Creating prefix script '/home/pi/ydlidar_ros2_ws/install/local_setup.ps1'
[7.708s] INFO:colcon.colcon_core.shell:Creating prefix util module '/home/pi/ydlidar_ros2_ws/install/_local_setup_util_ps1.py'
[7.716s] INFO:colcon.colcon_core.shell:Creating prefix chain script '/home/pi/ydlidar_ros2_ws/install/setup.ps1'
[7.724s] INFO:colcon.colcon_core.shell:Creating prefix script '/home/pi/ydlidar_ros2_ws/install/local_setup.sh'
[7.727s] INFO:colcon.colcon_core.shell:Creating prefix util module '/home/pi/ydlidar_ros2_ws/install/_local_setup_util_sh.py'
[7.729s] INFO:colcon.colcon_core.shell:Creating prefix chain script '/home/pi/ydlidar_ros2_ws/install/setup.sh'
[7.733s] INFO:colcon.colcon_core.shell:Creating prefix script '/home/pi/ydlidar_ros2_ws/install/local_setup.bash'
[7.738s] INFO:colcon.colcon_core.shell:Creating prefix chain script '/home/pi/ydlidar_ros2_ws/install/setup.bash'
[7.742s] INFO:colcon.colcon_core.shell:Creating prefix script '/home/pi/ydlidar_ros2_ws/install/local_setup.zsh'
[7.744s] INFO:colcon.colcon_core.shell:Creating prefix chain script '/home/pi/ydlidar_ros2_ws/install/setup.zsh'
