[3.238s] Invoking command in '/home/pi/finalagv_ros2_ws/src/agv': PYTHONPATH=/home/pi/finalagv_ros2_ws/build/agv/prefix_override:/usr/lib/python3/dist-packages/colcon_core/task/python/colcon_distutils_commands:/home/pi/finalagv_ros2_ws/install/agv/lib/python3.8/site-packages:${PYTHONPATH} /usr/bin/python3 -W ignore:setup.py install is deprecated setup.py egg_info --egg-base ../../build/agv build --build-base /home/pi/finalagv_ros2_ws/build/agv/build install --record /home/pi/finalagv_ros2_ws/build/agv/install.log --install-scripts $base/lib/agv --single-version-externally-managed install_data
[4.200s] running egg_info
[4.202s] writing ../../build/agv/agv.egg-info/PKG-INFO
[4.204s] writing dependency_links to ../../build/agv/agv.egg-info/dependency_links.txt
[4.205s] writing entry points to ../../build/agv/agv.egg-info/entry_points.txt
[4.205s] writing requirements to ../../build/agv/agv.egg-info/requires.txt
[4.206s] writing top-level names to ../../build/agv/agv.egg-info/top_level.txt
[4.343s] reading manifest file '../../build/agv/agv.egg-info/SOURCES.txt'
[4.347s] writing manifest file '../../build/agv/agv.egg-info/SOURCES.txt'
[4.348s] running build
[4.349s] running build_py
[4.351s] copying agv/sub2.py -> /home/pi/finalagv_ros2_ws/build/agv/build/lib/agv
[4.363s] running install
[4.368s] running install_lib
[4.374s] copying /home/pi/finalagv_ros2_ws/build/agv/build/lib/agv/sub2.py -> /home/pi/finalagv_ros2_ws/install/agv/lib/python3.8/site-packages/agv
[4.381s] byte-compiling /home/pi/finalagv_ros2_ws/install/agv/lib/python3.8/site-packages/agv/sub2.py to sub2.cpython-38.pyc
[4.390s] running install_data
[4.396s] running install_egg_info
[4.403s] removing '/home/pi/finalagv_ros2_ws/install/agv/lib/python3.8/site-packages/agv-0.0.0-py3.8.egg-info' (and everything under it)
[4.405s] Copying ../../build/agv/agv.egg-info to /home/pi/finalagv_ros2_ws/install/agv/lib/python3.8/site-packages/agv-0.0.0-py3.8.egg-info
[4.411s] running install_scripts
[4.490s] Installing pub script to /home/pi/finalagv_ros2_ws/install/agv/lib/agv
[4.492s] Installing pub2 script to /home/pi/finalagv_ros2_ws/install/agv/lib/agv
[4.493s] Installing pub4 script to /home/pi/finalagv_ros2_ws/install/agv/lib/agv
[4.494s] Installing return script to /home/pi/finalagv_ros2_ws/install/agv/lib/agv
[4.494s] Installing sub script to /home/pi/finalagv_ros2_ws/install/agv/lib/agv
[4.495s] Installing sub2 script to /home/pi/finalagv_ros2_ws/install/agv/lib/agv
[4.496s] Installing tel script to /home/pi/finalagv_ros2_ws/install/agv/lib/agv
[4.497s] Installing udp script to /home/pi/finalagv_ros2_ws/install/agv/lib/agv
[4.499s] writing list of installed files to '/home/pi/finalagv_ros2_ws/build/agv/install.log'
[4.600s] Invoked command in '/home/pi/finalagv_ros2_ws/src/agv' returned '0': PYTHONPATH=/home/pi/finalagv_ros2_ws/build/agv/prefix_override:/usr/lib/python3/dist-packages/colcon_core/task/python/colcon_distutils_commands:/home/pi/finalagv_ros2_ws/install/agv/lib/python3.8/site-packages:${PYTHONPATH} /usr/bin/python3 -W ignore:setup.py install is deprecated setup.py egg_info --egg-base ../../build/agv build --build-base /home/pi/finalagv_ros2_ws/build/agv/build install --record /home/pi/finalagv_ros2_ws/build/agv/install.log --install-scripts $base/lib/agv --single-version-externally-managed install_data
