[0.054s] Invoking command in '/home/pi/ydlidar_ros2_ws/build/ps2_controller': CMAKE_PREFIX_PATH=/opt/ros/foxy /usr/bin/cmake --build /home/pi/ydlidar_ros2_ws/build/ps2_controller -- -j4 -l4
[0.405s] [100%] Built target ps2_controller_node
[0.487s] Invoked command in '/home/pi/ydlidar_ros2_ws/build/ps2_controller' returned '0': CMAKE_PREFIX_PATH=/opt/ros/foxy /usr/bin/cmake --build /home/pi/ydlidar_ros2_ws/build/ps2_controller -- -j4 -l4
[0.745s] Invoking command in '/home/pi/ydlidar_ros2_ws/build/ps2_controller': CMAKE_PREFIX_PATH=/opt/ros/foxy /usr/bin/cmake --install /home/pi/ydlidar_ros2_ws/build/ps2_controller
[0.799s] -- Install configuration: ""
[0.801s] -- Up-to-date: /home/pi/ydlidar_ros2_ws/install/ps2_controller/lib/ps2_controller/ps2_controller_node
[0.804s] -- Up-to-date: /home/pi/ydlidar_ros2_ws/install/ps2_controller/include/
[0.805s] -- Up-to-date: /home/pi/ydlidar_ros2_ws/install/ps2_controller/include//ps2_controller
[0.807s] -- Up-to-date: /home/pi/ydlidar_ros2_ws/install/ps2_controller/include//ps2_controller/ps2_controller_node.hpp
[0.808s] -- Up-to-date: /home/pi/ydlidar_ros2_ws/install/ps2_controller/include//ps2_controller/ps2_controller.h
[0.810s] -- Up-to-date: /home/pi/ydlidar_ros2_ws/install/ps2_controller/share/ament_index/resource_index/package_run_dependencies/ps2_controller
[0.812s] -- Up-to-date: /home/pi/ydlidar_ros2_ws/install/ps2_controller/share/ament_index/resource_index/parent_prefix_path/ps2_controller
[0.813s] -- Up-to-date: /home/pi/ydlidar_ros2_ws/install/ps2_controller/share/ps2_controller/environment/ament_prefix_path.sh
[0.816s] -- Up-to-date: /home/pi/ydlidar_ros2_ws/install/ps2_controller/share/ps2_controller/environment/ament_prefix_path.dsv
[0.817s] -- Up-to-date: /home/pi/ydlidar_ros2_ws/install/ps2_controller/share/ps2_controller/environment/path.sh
[0.818s] -- Up-to-date: /home/pi/ydlidar_ros2_ws/install/ps2_controller/share/ps2_controller/environment/path.dsv
[0.820s] -- Up-to-date: /home/pi/ydlidar_ros2_ws/install/ps2_controller/share/ps2_controller/local_setup.bash
[0.821s] -- Up-to-date: /home/pi/ydlidar_ros2_ws/install/ps2_controller/share/ps2_controller/local_setup.sh
[0.823s] -- Up-to-date: /home/pi/ydlidar_ros2_ws/install/ps2_controller/share/ps2_controller/local_setup.zsh
[0.824s] -- Up-to-date: /home/pi/ydlidar_ros2_ws/install/ps2_controller/share/ps2_controller/local_setup.dsv
[0.824s] -- Installing: /home/pi/ydlidar_ros2_ws/install/ps2_controller/share/ps2_controller/package.dsv
[0.825s] -- Up-to-date: /home/pi/ydlidar_ros2_ws/install/ps2_controller/share/ament_index/resource_index/packages/ps2_controller
[0.826s] -- Up-to-date: /home/pi/ydlidar_ros2_ws/install/ps2_controller/share/ps2_controller/cmake/ps2_controllerConfig.cmake
[0.827s] -- Up-to-date: /home/pi/ydlidar_ros2_ws/install/ps2_controller/share/ps2_controller/cmake/ps2_controllerConfig-version.cmake
[0.843s] -- Up-to-date: /home/pi/ydlidar_ros2_ws/install/ps2_controller/share/ps2_controller/package.xml
[0.844s] Invoked command in '/home/pi/ydlidar_ros2_ws/build/ps2_controller' returned '0': CMAKE_PREFIX_PATH=/opt/ros/foxy /usr/bin/cmake --install /home/pi/ydlidar_ros2_ws/build/ps2_controller
