[2.645s] Invoking command in '/home/pi/finalagv_ros2_ws/src/agv': PYTHONPATH=/home/pi/finalagv_ros2_ws/build/agv/prefix_override:/usr/lib/python3/dist-packages/colcon_core/task/python/colcon_distutils_commands:/home/pi/finalagv_ros2_ws/install/agv/lib/python3.8/site-packages:${PYTHONPATH} /usr/bin/python3 -W ignore:setup.py install is deprecated setup.py egg_info --egg-base ../../build/agv build --build-base /home/pi/finalagv_ros2_ws/build/agv/build install --record /home/pi/finalagv_ros2_ws/build/agv/install.log --install-scripts $base/lib/agv --single-version-externally-managed install_data
[3.563s] running egg_info
[3.565s] writing ../../build/agv/agv.egg-info/PKG-INFO
[3.567s] writing dependency_links to ../../build/agv/agv.egg-info/dependency_links.txt
[3.568s] writing entry points to ../../build/agv/agv.egg-info/entry_points.txt
[3.569s] writing requirements to ../../build/agv/agv.egg-info/requires.txt
[3.570s] writing top-level names to ../../build/agv/agv.egg-info/top_level.txt
[3.698s] reading manifest file '../../build/agv/agv.egg-info/SOURCES.txt'
[3.702s] writing manifest file '../../build/agv/agv.egg-info/SOURCES.txt'
[3.703s] running build
[3.703s] running build_py
[3.708s] running install
[3.711s] running install_lib
[3.721s] running install_data
[3.723s] running install_egg_info
[3.730s] removing '/home/pi/finalagv_ros2_ws/install/agv/lib/python3.8/site-packages/agv-0.0.0-py3.8.egg-info' (and everything under it)
[3.732s] Copying ../../build/agv/agv.egg-info to /home/pi/finalagv_ros2_ws/install/agv/lib/python3.8/site-packages/agv-0.0.0-py3.8.egg-info
[3.737s] running install_scripts
[3.798s] Installing pub script to /home/pi/finalagv_ros2_ws/install/agv/lib/agv
[3.800s] Installing pub2 script to /home/pi/finalagv_ros2_ws/install/agv/lib/agv
[3.800s] Installing pub4 script to /home/pi/finalagv_ros2_ws/install/agv/lib/agv
[3.801s] Installing return script to /home/pi/finalagv_ros2_ws/install/agv/lib/agv
[3.802s] Installing sub script to /home/pi/finalagv_ros2_ws/install/agv/lib/agv
[3.803s] Installing sub2 script to /home/pi/finalagv_ros2_ws/install/agv/lib/agv
[3.804s] Installing tel script to /home/pi/finalagv_ros2_ws/install/agv/lib/agv
[3.804s] Installing udp script to /home/pi/finalagv_ros2_ws/install/agv/lib/agv
[3.806s] writing list of installed files to '/home/pi/finalagv_ros2_ws/build/agv/install.log'
[3.899s] Invoked command in '/home/pi/finalagv_ros2_ws/src/agv' returned '0': PYTHONPATH=/home/pi/finalagv_ros2_ws/build/agv/prefix_override:/usr/lib/python3/dist-packages/colcon_core/task/python/colcon_distutils_commands:/home/pi/finalagv_ros2_ws/install/agv/lib/python3.8/site-packages:${PYTHONPATH} /usr/bin/python3 -W ignore:setup.py install is deprecated setup.py egg_info --egg-base ../../build/agv build --build-base /home/pi/finalagv_ros2_ws/build/agv/build install --record /home/pi/finalagv_ros2_ws/build/agv/install.log --install-scripts $base/lib/agv --single-version-externally-managed install_data
