[2.038s] DEBUG:colcon:Command line arguments: ['/usr/bin/colcon', 'build']
[2.039s] DEBUG:colcon:Parsed command line arguments: Namespace(allow_overriding=[], ament_cmake_args=None, base_paths=['.'], build_base='build', catkin_cmake_args=None, catkin_skip_building_tests=False, cmake_args=None, cmake_clean_cache=False, cmake_clean_first=False, cmake_force_configure=False, cmake_target=None, cmake_target_skip_unavailable=False, continue_on_error=False, event_handlers=None, executor='parallel', ignore_user_meta=False, install_base='install', log_base=None, log_level=None, main=<bound method BuildVerb.main of <colcon_core.verb.build.BuildVerb object at 0xffff82f57490>>, merge_install=False, metas=['./colcon.meta'], mixin=None, mixin_files=None, mixin_verb=('build',), packages_above=None, packages_above_and_dependencies=None, packages_above_depth=None, packages_end=None, packages_ignore=None, packages_ignore_regex=None, packages_select=None, packages_select_build_failed=False, packages_select_by_dep=None, packages_select_regex=None, packages_select_test_failures=False, packages_skip=None, packages_skip_build_finished=False, packages_skip_by_dep=None, packages_skip_regex=None, packages_skip_test_passed=False, packages_skip_up_to=None, packages_start=None, packages_up_to=None, packages_up_to_regex=None, parallel_workers=4, paths=None, symlink_install=False, test_result_base=None, verb_extension=<colcon_core.verb.build.BuildVerb object at 0xffff82f57490>, verb_name='build', verb_parser=<colcon_mixin.mixin.mixin_argument.MixinArgumentDecorator object at 0xffff82e41370>)
[2.989s] Level 1:colcon.colcon_core.package_discovery:discover_packages(colcon_meta) check parameters
[2.990s] Level 1:colcon.colcon_core.package_discovery:discover_packages(recursive) check parameters
[2.990s] Level 1:colcon.colcon_core.package_discovery:discover_packages(ignore) check parameters
[2.990s] Level 1:colcon.colcon_core.package_discovery:discover_packages(path) check parameters
[2.990s] Level 1:colcon.colcon_core.package_discovery:discover_packages(colcon_meta) discover
[2.991s] Level 1:colcon.colcon_core.package_discovery:discover_packages(recursive) discover
[2.991s] INFO:colcon.colcon_core.package_discovery:Crawling recursively for packages in '/home/pi/finalagv_ros2_ws'
[2.992s] Level 1:colcon.colcon_core.package_identification:_identify(.) by extensions ['ignore', 'ignore_ament_install']
[2.992s] Level 1:colcon.colcon_core.package_identification:_identify(.) by extension 'ignore'
[2.992s] Level 1:colcon.colcon_core.package_identification:_identify(.) by extension 'ignore_ament_install'
[2.993s] Level 1:colcon.colcon_core.package_identification:_identify(.) by extensions ['colcon_pkg']
[2.993s] Level 1:colcon.colcon_core.package_identification:_identify(.) by extension 'colcon_pkg'
[2.993s] Level 1:colcon.colcon_core.package_identification:_identify(.) by extensions ['colcon_meta']
[2.993s] Level 1:colcon.colcon_core.package_identification:_identify(.) by extension 'colcon_meta'
[2.993s] Level 1:colcon.colcon_core.package_identification:_identify(.) by extensions ['ros']
[2.994s] Level 1:colcon.colcon_core.package_identification:_identify(.) by extension 'ros'
[3.066s] Level 1:colcon.colcon_core.package_identification:_identify(.) by extensions ['cmake', 'python']
[3.067s] Level 1:colcon.colcon_core.package_identification:_identify(.) by extension 'cmake'
[3.067s] Level 1:colcon.colcon_core.package_identification:_identify(.) by extension 'python'
[3.068s] Level 1:colcon.colcon_core.package_identification:_identify(.) by extensions ['python_setup_py']
[3.068s] Level 1:colcon.colcon_core.package_identification:_identify(.) by extension 'python_setup_py'
[3.069s] Level 1:colcon.colcon_core.package_identification:_identify(build) by extensions ['ignore', 'ignore_ament_install']
[3.070s] Level 1:colcon.colcon_core.package_identification:_identify(build) by extension 'ignore'
[3.070s] Level 1:colcon.colcon_core.package_identification:_identify(build) ignored
[3.071s] Level 1:colcon.colcon_core.package_identification:_identify(install) by extensions ['ignore', 'ignore_ament_install']
[3.072s] Level 1:colcon.colcon_core.package_identification:_identify(install) by extension 'ignore'
[3.072s] Level 1:colcon.colcon_core.package_identification:_identify(install) ignored
[3.073s] Level 1:colcon.colcon_core.package_identification:_identify(log) by extensions ['ignore', 'ignore_ament_install']
[3.074s] Level 1:colcon.colcon_core.package_identification:_identify(log) by extension 'ignore'
[3.074s] Level 1:colcon.colcon_core.package_identification:_identify(log) ignored
[3.074s] Level 1:colcon.colcon_core.package_identification:_identify(src) by extensions ['ignore', 'ignore_ament_install']
[3.075s] Level 1:colcon.colcon_core.package_identification:_identify(src) by extension 'ignore'
[3.075s] Level 1:colcon.colcon_core.package_identification:_identify(src) by extension 'ignore_ament_install'
[3.075s] Level 1:colcon.colcon_core.package_identification:_identify(src) by extensions ['colcon_pkg']
[3.075s] Level 1:colcon.colcon_core.package_identification:_identify(src) by extension 'colcon_pkg'
[3.075s] Level 1:colcon.colcon_core.package_identification:_identify(src) by extensions ['colcon_meta']
[3.076s] Level 1:colcon.colcon_core.package_identification:_identify(src) by extension 'colcon_meta'
[3.076s] Level 1:colcon.colcon_core.package_identification:_identify(src) by extensions ['ros']
[3.076s] Level 1:colcon.colcon_core.package_identification:_identify(src) by extension 'ros'
[3.076s] Level 1:colcon.colcon_core.package_identification:_identify(src) by extensions ['cmake', 'python']
[3.076s] Level 1:colcon.colcon_core.package_identification:_identify(src) by extension 'cmake'
[3.077s] Level 1:colcon.colcon_core.package_identification:_identify(src) by extension 'python'
[3.077s] Level 1:colcon.colcon_core.package_identification:_identify(src) by extensions ['python_setup_py']
[3.077s] Level 1:colcon.colcon_core.package_identification:_identify(src) by extension 'python_setup_py'
[3.077s] Level 1:colcon.colcon_core.package_identification:_identify(src/agv) by extensions ['ignore', 'ignore_ament_install']
[3.078s] Level 1:colcon.colcon_core.package_identification:_identify(src/agv) by extension 'ignore'
[3.078s] Level 1:colcon.colcon_core.package_identification:_identify(src/agv) by extension 'ignore_ament_install'
[3.078s] Level 1:colcon.colcon_core.package_identification:_identify(src/agv) by extensions ['colcon_pkg']
[3.078s] Level 1:colcon.colcon_core.package_identification:_identify(src/agv) by extension 'colcon_pkg'
[3.078s] Level 1:colcon.colcon_core.package_identification:_identify(src/agv) by extensions ['colcon_meta']
[3.079s] Level 1:colcon.colcon_core.package_identification:_identify(src/agv) by extension 'colcon_meta'
[3.079s] Level 1:colcon.colcon_core.package_identification:_identify(src/agv) by extensions ['ros']
[3.079s] Level 1:colcon.colcon_core.package_identification:_identify(src/agv) by extension 'ros'
[3.093s] DEBUG:colcon.colcon_core.package_identification:Package 'src/agv' with type 'ros.ament_python' and name 'agv'
[3.094s] Level 1:colcon.colcon_core.package_discovery:discover_packages(recursive) using defaults
[3.094s] Level 1:colcon.colcon_core.package_discovery:discover_packages(ignore) discover
[3.094s] Level 1:colcon.colcon_core.package_discovery:discover_packages(ignore) using defaults
[3.094s] Level 1:colcon.colcon_core.package_discovery:discover_packages(path) discover
[3.094s] Level 1:colcon.colcon_core.package_discovery:discover_packages(path) using defaults
[3.209s] Level 1:colcon.colcon_core.package_discovery:discover_packages(prefix_path) check parameters
[3.209s] Level 1:colcon.colcon_core.package_discovery:discover_packages(prefix_path) discover
[3.225s] DEBUG:colcon.colcon_installed_package_information.package_discovery:Found 1 installed packages in /home/pi/finalagv_ros2_ws/install
[3.239s] DEBUG:colcon.colcon_installed_package_information.package_discovery:Found 296 installed packages in /opt/ros/foxy
[3.289s] Level 1:colcon.colcon_core.package_discovery:discover_packages(prefix_path) using defaults
[3.966s] Level 5:colcon.colcon_core.verb:set package 'agv' build argument 'cmake_args' from command line to 'None'
[3.966s] Level 5:colcon.colcon_core.verb:set package 'agv' build argument 'cmake_target' from command line to 'None'
[3.966s] Level 5:colcon.colcon_core.verb:set package 'agv' build argument 'cmake_target_skip_unavailable' from command line to 'False'
[3.966s] Level 5:colcon.colcon_core.verb:set package 'agv' build argument 'cmake_clean_cache' from command line to 'False'
[3.966s] Level 5:colcon.colcon_core.verb:set package 'agv' build argument 'cmake_clean_first' from command line to 'False'
[3.966s] Level 5:colcon.colcon_core.verb:set package 'agv' build argument 'cmake_force_configure' from command line to 'False'
[3.967s] Level 5:colcon.colcon_core.verb:set package 'agv' build argument 'ament_cmake_args' from command line to 'None'
[3.967s] Level 5:colcon.colcon_core.verb:set package 'agv' build argument 'catkin_cmake_args' from command line to 'None'
[3.967s] Level 5:colcon.colcon_core.verb:set package 'agv' build argument 'catkin_skip_building_tests' from command line to 'False'
[3.967s] DEBUG:colcon.colcon_core.verb:Building package 'agv' with the following arguments: {'ament_cmake_args': None, 'build_base': '/home/pi/finalagv_ros2_ws/build/agv', 'catkin_cmake_args': None, 'catkin_skip_building_tests': False, 'cmake_args': None, 'cmake_clean_cache': False, 'cmake_clean_first': False, 'cmake_force_configure': False, 'cmake_target': None, 'cmake_target_skip_unavailable': False, 'install_base': '/home/pi/finalagv_ros2_ws/install/agv', 'merge_install': False, 'path': '/home/pi/finalagv_ros2_ws/src/agv', 'symlink_install': False, 'test_result_base': None}
[3.968s] INFO:colcon.colcon_core.executor:Executing jobs using 'parallel' executor
[3.971s] DEBUG:colcon.colcon_parallel_executor.executor.parallel:run_until_complete
[3.972s] INFO:colcon.colcon_ros.task.ament_python.build:Building ROS package in '/home/pi/finalagv_ros2_ws/src/agv' with build type 'ament_python'
[3.973s] Level 1:colcon.colcon_core.shell:create_environment_hook('agv', 'ament_prefix_path')
[3.991s] INFO:colcon.colcon_core.plugin_system:Skipping extension 'colcon_core.shell.bat': Not used on non-Windows systems
[3.992s] INFO:colcon.colcon_core.shell:Creating environment hook '/home/pi/finalagv_ros2_ws/install/agv/share/agv/hook/ament_prefix_path.ps1'
[3.998s] INFO:colcon.colcon_core.shell:Creating environment descriptor '/home/pi/finalagv_ros2_ws/install/agv/share/agv/hook/ament_prefix_path.dsv'
[4.001s] INFO:colcon.colcon_core.shell:Creating environment hook '/home/pi/finalagv_ros2_ws/install/agv/share/agv/hook/ament_prefix_path.sh'
[4.007s] INFO:colcon.colcon_core.shell:Skip shell extension 'powershell' for command environment: Not usable outside of PowerShell
[4.007s] DEBUG:colcon.colcon_core.shell:Skip shell extension 'dsv' for command environment
[5.339s] INFO:colcon.colcon_core.task.python.build:Building Python package in '/home/pi/finalagv_ros2_ws/src/agv'
[5.341s] INFO:colcon.colcon_core.shell:Skip shell extension 'powershell' for command environment: Not usable outside of PowerShell
[5.341s] DEBUG:colcon.colcon_core.shell:Skip shell extension 'dsv' for command environment
[7.356s] DEBUG:colcon.colcon_core.event_handler.log_command:Invoking command in '/home/pi/finalagv_ros2_ws/src/agv': PYTHONPATH=/home/pi/finalagv_ros2_ws/build/agv/prefix_override:/usr/lib/python3/dist-packages/colcon_core/task/python/colcon_distutils_commands:/home/pi/finalagv_ros2_ws/install/agv/lib/python3.8/site-packages:${PYTHONPATH} /usr/bin/python3 -W ignore:setup.py install is deprecated setup.py egg_info --egg-base ../../build/agv build --build-base /home/pi/finalagv_ros2_ws/build/agv/build install --record /home/pi/finalagv_ros2_ws/build/agv/install.log --install-scripts $base/lib/agv --single-version-externally-managed install_data
[8.645s] DEBUG:colcon.colcon_core.event_handler.log_command:Invoked command in '/home/pi/finalagv_ros2_ws/src/agv' returned '0': PYTHONPATH=/home/pi/finalagv_ros2_ws/build/agv/prefix_override:/usr/lib/python3/dist-packages/colcon_core/task/python/colcon_distutils_commands:/home/pi/finalagv_ros2_ws/install/agv/lib/python3.8/site-packages:${PYTHONPATH} /usr/bin/python3 -W ignore:setup.py install is deprecated setup.py egg_info --egg-base ../../build/agv build --build-base /home/pi/finalagv_ros2_ws/build/agv/build install --record /home/pi/finalagv_ros2_ws/build/agv/install.log --install-scripts $base/lib/agv --single-version-externally-managed install_data
[8.668s] Level 1:colcon.colcon_core.environment:checking '/home/pi/finalagv_ros2_ws/install/agv' for CMake module files
[8.671s] Level 1:colcon.colcon_core.environment:checking '/home/pi/finalagv_ros2_ws/install/agv' for CMake config files
[8.677s] Level 1:colcon.colcon_core.environment:checking '/home/pi/finalagv_ros2_ws/install/agv/lib'
[8.678s] Level 1:colcon.colcon_core.environment:checking '/home/pi/finalagv_ros2_ws/install/agv/bin'
[8.679s] Level 1:colcon.colcon_core.environment:checking '/home/pi/finalagv_ros2_ws/install/agv/lib/pkgconfig/agv.pc'
[8.680s] Level 1:colcon.colcon_core.environment:checking '/home/pi/finalagv_ros2_ws/install/agv/lib/python3.8/site-packages'
[8.680s] Level 1:colcon.colcon_core.shell:create_environment_hook('agv', 'pythonpath')
[8.682s] INFO:colcon.colcon_core.shell:Creating environment hook '/home/pi/finalagv_ros2_ws/install/agv/share/agv/hook/pythonpath.ps1'
[8.685s] INFO:colcon.colcon_core.shell:Creating environment descriptor '/home/pi/finalagv_ros2_ws/install/agv/share/agv/hook/pythonpath.dsv'
[8.687s] INFO:colcon.colcon_core.shell:Creating environment hook '/home/pi/finalagv_ros2_ws/install/agv/share/agv/hook/pythonpath.sh'
[8.691s] Level 1:colcon.colcon_core.environment:checking '/home/pi/finalagv_ros2_ws/install/agv/bin'
[8.692s] Level 1:colcon.colcon_core.environment:create_environment_scripts_only(agv)
[8.693s] INFO:colcon.colcon_core.shell:Creating package script '/home/pi/finalagv_ros2_ws/install/agv/share/agv/package.ps1'
[8.699s] INFO:colcon.colcon_core.shell:Creating package descriptor '/home/pi/finalagv_ros2_ws/install/agv/share/agv/package.dsv'
[8.703s] INFO:colcon.colcon_core.shell:Creating package script '/home/pi/finalagv_ros2_ws/install/agv/share/agv/package.sh'
[8.709s] INFO:colcon.colcon_core.shell:Creating package script '/home/pi/finalagv_ros2_ws/install/agv/share/agv/package.bash'
[8.718s] INFO:colcon.colcon_core.shell:Creating package script '/home/pi/finalagv_ros2_ws/install/agv/share/agv/package.zsh'
[8.726s] Level 1:colcon.colcon_core.environment:create_file_with_runtime_dependencies(/home/pi/finalagv_ros2_ws/install/agv/share/colcon-core/packages/agv)
[8.729s] DEBUG:colcon.colcon_parallel_executor.executor.parallel:closing loop
[8.730s] DEBUG:colcon.colcon_parallel_executor.executor.parallel:loop closed
[8.731s] DEBUG:colcon.colcon_parallel_executor.executor.parallel:run_until_complete finished with '0'
[8.732s] DEBUG:colcon.colcon_core.event_reactor:joining thread
[8.822s] INFO:colcon.colcon_core.plugin_system:Skipping extension 'colcon_notification.desktop_notification.terminal_notifier': Not used on non-Darwin systems
[8.823s] INFO:colcon.colcon_core.plugin_system:Skipping extension 'colcon_notification.desktop_notification.win32': Not used on non-Windows systems
[8.824s] INFO:colcon.colcon_notification.desktop_notification:Sending desktop notification using 'notify2'
[8.883s] DEBUG:colcon.colcon_core.event_reactor:joined thread
[8.885s] INFO:colcon.colcon_core.shell:Creating prefix script '/home/pi/finalagv_ros2_ws/install/local_setup.ps1'
[8.892s] INFO:colcon.colcon_core.shell:Creating prefix util module '/home/pi/finalagv_ros2_ws/install/_local_setup_util_ps1.py'
[8.921s] INFO:colcon.colcon_core.shell:Creating prefix chain script '/home/pi/finalagv_ros2_ws/install/setup.ps1'
[8.949s] INFO:colcon.colcon_core.shell:Creating prefix script '/home/pi/finalagv_ros2_ws/install/local_setup.sh'
[8.957s] INFO:colcon.colcon_core.shell:Creating prefix util module '/home/pi/finalagv_ros2_ws/install/_local_setup_util_sh.py'
[8.981s] INFO:colcon.colcon_core.shell:Creating prefix chain script '/home/pi/finalagv_ros2_ws/install/setup.sh'
[8.995s] INFO:colcon.colcon_core.shell:Creating prefix script '/home/pi/finalagv_ros2_ws/install/local_setup.bash'
[9.011s] INFO:colcon.colcon_core.shell:Creating prefix chain script '/home/pi/finalagv_ros2_ws/install/setup.bash'
[9.036s] INFO:colcon.colcon_core.shell:Creating prefix script '/home/pi/finalagv_ros2_ws/install/local_setup.zsh'
[9.042s] INFO:colcon.colcon_core.shell:Creating prefix chain script '/home/pi/finalagv_ros2_ws/install/setup.zsh'
