[3.033s] Invoking command in '/home/pi/finalagv_ros2_ws/src/agv': PYTHONPATH=/home/pi/finalagv_ros2_ws/build/agv/prefix_override:/usr/lib/python3/dist-packages/colcon_core/task/python/colcon_distutils_commands:/home/pi/finalagv_ros2_ws/install/agv/lib/python3.8/site-packages:${PYTHONPATH} /usr/bin/python3 -W ignore:setup.py install is deprecated setup.py egg_info --egg-base ../../build/agv build --build-base /home/pi/finalagv_ros2_ws/build/agv/build install --record /home/pi/finalagv_ros2_ws/build/agv/install.log --install-scripts $base/lib/agv --single-version-externally-managed install_data
[3.960s] running egg_info
[3.963s] writing ../../build/agv/agv.egg-info/PKG-INFO
[3.964s] writing dependency_links to ../../build/agv/agv.egg-info/dependency_links.txt
[3.965s] writing entry points to ../../build/agv/agv.egg-info/entry_points.txt
[3.966s] writing requirements to ../../build/agv/agv.egg-info/requires.txt
[3.966s] writing top-level names to ../../build/agv/agv.egg-info/top_level.txt
[4.144s] reading manifest file '../../build/agv/agv.egg-info/SOURCES.txt'
[4.148s] writing manifest file '../../build/agv/agv.egg-info/SOURCES.txt'
[4.149s] running build
[4.149s] running build_py
[4.151s] copying agv/sub2.py -> /home/pi/finalagv_ros2_ws/build/agv/build/lib/agv
[4.159s] copying agv/pub4.py -> /home/pi/finalagv_ros2_ws/build/agv/build/lib/agv
[4.162s] running install
[4.166s] running install_lib
[4.172s] copying /home/pi/finalagv_ros2_ws/build/agv/build/lib/agv/sub2.py -> /home/pi/finalagv_ros2_ws/install/agv/lib/python3.8/site-packages/agv
[4.175s] copying /home/pi/finalagv_ros2_ws/build/agv/build/lib/agv/pub4.py -> /home/pi/finalagv_ros2_ws/install/agv/lib/python3.8/site-packages/agv
[4.178s] byte-compiling /home/pi/finalagv_ros2_ws/install/agv/lib/python3.8/site-packages/agv/sub2.py to sub2.cpython-38.pyc
[4.187s] byte-compiling /home/pi/finalagv_ros2_ws/install/agv/lib/python3.8/site-packages/agv/pub4.py to pub4.cpython-38.pyc
[4.192s] running install_data
[4.197s] running install_egg_info
[4.204s] removing '/home/pi/finalagv_ros2_ws/install/agv/lib/python3.8/site-packages/agv-0.0.0-py3.8.egg-info' (and everything under it)
[4.207s] Copying ../../build/agv/agv.egg-info to /home/pi/finalagv_ros2_ws/install/agv/lib/python3.8/site-packages/agv-0.0.0-py3.8.egg-info
[4.212s] running install_scripts
[4.276s] Installing pub script to /home/pi/finalagv_ros2_ws/install/agv/lib/agv
[4.277s] Installing pub2 script to /home/pi/finalagv_ros2_ws/install/agv/lib/agv
[4.278s] Installing pub4 script to /home/pi/finalagv_ros2_ws/install/agv/lib/agv
[4.279s] Installing return script to /home/pi/finalagv_ros2_ws/install/agv/lib/agv
[4.279s] Installing sub script to /home/pi/finalagv_ros2_ws/install/agv/lib/agv
[4.281s] Installing sub2 script to /home/pi/finalagv_ros2_ws/install/agv/lib/agv
[4.281s] Installing tel script to /home/pi/finalagv_ros2_ws/install/agv/lib/agv
[4.282s] Installing udp script to /home/pi/finalagv_ros2_ws/install/agv/lib/agv
[4.284s] writing list of installed files to '/home/pi/finalagv_ros2_ws/build/agv/install.log'
[4.390s] Invoked command in '/home/pi/finalagv_ros2_ws/src/agv' returned '0': PYTHONPATH=/home/pi/finalagv_ros2_ws/build/agv/prefix_override:/usr/lib/python3/dist-packages/colcon_core/task/python/colcon_distutils_commands:/home/pi/finalagv_ros2_ws/install/agv/lib/python3.8/site-packages:${PYTHONPATH} /usr/bin/python3 -W ignore:setup.py install is deprecated setup.py egg_info --egg-base ../../build/agv build --build-base /home/pi/finalagv_ros2_ws/build/agv/build install --record /home/pi/finalagv_ros2_ws/build/agv/install.log --install-scripts $base/lib/agv --single-version-externally-managed install_data
