[3.606s] Invoking command in '/home/pi/finalagv_ros2_ws/src/agv': PYTHONPATH=/home/pi/finalagv_ros2_ws/build/agv/prefix_override:/usr/lib/python3/dist-packages/colcon_core/task/python/colcon_distutils_commands:/home/pi/finalagv_ros2_ws/install/agv/lib/python3.8/site-packages:${PYTHONPATH} /usr/bin/python3 -W ignore:setup.py install is deprecated setup.py egg_info --egg-base ../../build/agv build --build-base /home/pi/finalagv_ros2_ws/build/agv/build install --record /home/pi/finalagv_ros2_ws/build/agv/install.log --install-scripts $base/lib/agv --single-version-externally-managed install_data
[4.635s] running egg_info
[4.637s] writing ../../build/agv/agv.egg-info/PKG-INFO
[4.639s] writing dependency_links to ../../build/agv/agv.egg-info/dependency_links.txt
[4.640s] writing entry points to ../../build/agv/agv.egg-info/entry_points.txt
[4.640s] writing requirements to ../../build/agv/agv.egg-info/requires.txt
[4.641s] writing top-level names to ../../build/agv/agv.egg-info/top_level.txt
[4.796s] reading manifest file '../../build/agv/agv.egg-info/SOURCES.txt'
[4.801s] writing manifest file '../../build/agv/agv.egg-info/SOURCES.txt'
[4.802s] running build
[4.802s] running build_py
[4.806s] running install
[4.809s] running install_lib
[4.817s] running install_data
[4.824s] running install_egg_info
[4.832s] removing '/home/pi/finalagv_ros2_ws/install/agv/lib/python3.8/site-packages/agv-0.0.0-py3.8.egg-info' (and everything under it)
[4.834s] Copying ../../build/agv/agv.egg-info to /home/pi/finalagv_ros2_ws/install/agv/lib/python3.8/site-packages/agv-0.0.0-py3.8.egg-info
[4.841s] running install_scripts
[4.910s] Installing pub script to /home/pi/finalagv_ros2_ws/install/agv/lib/agv
[4.911s] Installing sub script to /home/pi/finalagv_ros2_ws/install/agv/lib/agv
[4.912s] Installing tel script to /home/pi/finalagv_ros2_ws/install/agv/lib/agv
[4.913s] writing list of installed files to '/home/pi/finalagv_ros2_ws/build/agv/install.log'
[5.017s] Invoked command in '/home/pi/finalagv_ros2_ws/src/agv' returned '0': PYTHONPATH=/home/pi/finalagv_ros2_ws/build/agv/prefix_override:/usr/lib/python3/dist-packages/colcon_core/task/python/colcon_distutils_commands:/home/pi/finalagv_ros2_ws/install/agv/lib/python3.8/site-packages:${PYTHONPATH} /usr/bin/python3 -W ignore:setup.py install is deprecated setup.py egg_info --egg-base ../../build/agv build --build-base /home/pi/finalagv_ros2_ws/build/agv/build install --record /home/pi/finalagv_ros2_ws/build/agv/install.log --install-scripts $base/lib/agv --single-version-externally-managed install_data
