[2.617s] Invoking command in '/home/pi/finalagv_ros2_ws/src/agv': PYTHONPATH=/home/pi/finalagv_ros2_ws/build/agv/prefix_override:/usr/lib/python3/dist-packages/colcon_core/task/python/colcon_distutils_commands:/home/pi/finalagv_ros2_ws/install/agv/lib/python3.8/site-packages:${PYTHONPATH} /usr/bin/python3 -W ignore:setup.py install is deprecated setup.py egg_info --egg-base ../../build/agv build --build-base /home/pi/finalagv_ros2_ws/build/agv/build install --record /home/pi/finalagv_ros2_ws/build/agv/install.log --install-scripts $base/lib/agv --single-version-externally-managed install_data
[3.484s] running egg_info
[3.486s] writing ../../build/agv/agv.egg-info/PKG-INFO
[3.487s] writing dependency_links to ../../build/agv/agv.egg-info/dependency_links.txt
[3.488s] writing entry points to ../../build/agv/agv.egg-info/entry_points.txt
[3.489s] writing requirements to ../../build/agv/agv.egg-info/requires.txt
[3.489s] writing top-level names to ../../build/agv/agv.egg-info/top_level.txt
[3.614s] reading manifest file '../../build/agv/agv.egg-info/SOURCES.txt'
[3.618s] writing manifest file '../../build/agv/agv.egg-info/SOURCES.txt'
[3.618s] running build
[3.619s] running build_py
[3.620s] copying agv/return_sub.py -> /home/pi/finalagv_ros2_ws/build/agv/build/lib/agv
[3.623s] running install
[3.626s] running install_lib
[3.630s] copying /home/pi/finalagv_ros2_ws/build/agv/build/lib/agv/return_sub.py -> /home/pi/finalagv_ros2_ws/install/agv/lib/python3.8/site-packages/agv
[3.634s] byte-compiling /home/pi/finalagv_ros2_ws/install/agv/lib/python3.8/site-packages/agv/return_sub.py to return_sub.cpython-38.pyc
[3.642s] running install_data
[3.642s] running install_egg_info
[3.648s] removing '/home/pi/finalagv_ros2_ws/install/agv/lib/python3.8/site-packages/agv-0.0.0-py3.8.egg-info' (and everything under it)
[3.649s] Copying ../../build/agv/agv.egg-info to /home/pi/finalagv_ros2_ws/install/agv/lib/python3.8/site-packages/agv-0.0.0-py3.8.egg-info
[3.654s] running install_scripts
[3.714s] Installing pub script to /home/pi/finalagv_ros2_ws/install/agv/lib/agv
[3.714s] Installing pub2 script to /home/pi/finalagv_ros2_ws/install/agv/lib/agv
[3.715s] Installing pub4 script to /home/pi/finalagv_ros2_ws/install/agv/lib/agv
[3.716s] Installing return script to /home/pi/finalagv_ros2_ws/install/agv/lib/agv
[3.717s] Installing sub script to /home/pi/finalagv_ros2_ws/install/agv/lib/agv
[3.717s] Installing sub2 script to /home/pi/finalagv_ros2_ws/install/agv/lib/agv
[3.718s] Installing tel script to /home/pi/finalagv_ros2_ws/install/agv/lib/agv
[3.719s] Installing udp script to /home/pi/finalagv_ros2_ws/install/agv/lib/agv
[3.721s] writing list of installed files to '/home/pi/finalagv_ros2_ws/build/agv/install.log'
[3.814s] Invoked command in '/home/pi/finalagv_ros2_ws/src/agv' returned '0': PYTHONPATH=/home/pi/finalagv_ros2_ws/build/agv/prefix_override:/usr/lib/python3/dist-packages/colcon_core/task/python/colcon_distutils_commands:/home/pi/finalagv_ros2_ws/install/agv/lib/python3.8/site-packages:${PYTHONPATH} /usr/bin/python3 -W ignore:setup.py install is deprecated setup.py egg_info --egg-base ../../build/agv build --build-base /home/pi/finalagv_ros2_ws/build/agv/build install --record /home/pi/finalagv_ros2_ws/build/agv/install.log --install-scripts $base/lib/agv --single-version-externally-managed install_data
