[0.221s] Invoking command in '/home/pi/ydlidar_ros2_ws/build/nav_2d_msgs': CMAKE_PREFIX_PATH=${CMAKE_PREFIX_PATH}:/home/pi/ydlidar_ros2_ws/install/jdamr200_teleop:/home/pi/ydlidar_ros2_ws/install/jdamr200_node:/home/pi/finalagv_ros2_ws/install/agv:/opt/ros/foxy /usr/bin/cmake /home/pi/ydlidar_ros2_ws/src/navigation2/nav2_dwb_controller/nav_2d_msgs -DAMENT_CMAKE_SYMLINK_INSTALL=1 -DCMAKE_INSTALL_PREFIX=/home/pi/ydlidar_ros2_ws/install/nav_2d_msgs
[2.053s] -- The C compiler identification is GNU 9.4.0
[2.054s] -- The CXX compiler identification is GNU 9.4.0
[2.055s] -- Check for working C compiler: /usr/bin/cc
[2.055s] -- Check for working C compiler: /usr/bin/cc -- works
[2.056s] -- Detecting C compiler ABI info
[2.465s] -- Detecting C compiler ABI info - done
[2.536s] -- Detecting C compile features
[2.539s] -- Detecting C compile features - done
[2.553s] -- Check for working CXX compiler: /usr/bin/c++
[3.180s] -- Check for working CXX compiler: /usr/bin/c++ -- works
[3.185s] -- Detecting CXX compiler ABI info
[4.112s] -- Detecting CXX compiler ABI info - done
[4.171s] -- Detecting CXX compile features
[4.176s] -- Detecting CXX compile features - done
[4.203s] -- Found geometry_msgs: 2.0.5 (/opt/ros/foxy/share/geometry_msgs/cmake)
[4.431s] -- Found PythonInterp: /usr/bin/python3 (found suitable version "3.8.10", minimum required is "3") 
[4.433s] -- Using PYTHON_EXECUTABLE: /usr/bin/python3
[5.999s] -- Override CMake install command with custom implementation using symlinks instead of copying resources
[6.669s] -- Using all available rosidl_typesupport_c: rosidl_typesupport_fastrtps_c;rosidl_typesupport_introspection_c
[6.749s] -- Found rosidl_adapter: 1.3.1 (/opt/ros/foxy/share/rosidl_adapter/cmake)
[7.556s] -- Found OpenSSL: /usr/lib/aarch64-linux-gnu/libcrypto.so (found version "1.1.1f")  
[7.881s] -- Found FastRTPS: /opt/ros/foxy/include  
[8.966s] -- Using all available rosidl_typesupport_cpp: rosidl_typesupport_fastrtps_cpp;rosidl_typesupport_introspection_cpp
[9.621s] -- Found rosidl_default_generators: 1.0.1 (/opt/ros/foxy/share/rosidl_default_generators/cmake)
[10.015s] -- Found PythonInterp: /usr/bin/python3 (found version "3.8.10") 
[11.505s] -- Found ament_cmake_ros: 0.9.2 (/opt/ros/foxy/share/ament_cmake_ros/cmake)
[14.294s] -- Using all available rosidl_typesupport_c: rosidl_typesupport_fastrtps_c;rosidl_typesupport_introspection_c
[14.887s] -- Using all available rosidl_typesupport_cpp: rosidl_typesupport_fastrtps_cpp;rosidl_typesupport_introspection_cpp
[15.063s] -- Found PythonInterp: /usr/bin/python3 (found suitable version "3.8.10", minimum required is "3.5") 
[15.089s] -- Found python_cmake_module: 0.8.1 (/opt/ros/foxy/share/python_cmake_module/cmake)
[15.279s] -- Found PythonLibs: /usr/lib/aarch64-linux-gnu/libpython3.8.so (found suitable version "3.8.10", minimum required is "3.5") 
[15.281s] -- Using PYTHON_EXECUTABLE: /usr/bin/python3
[15.283s] -- Using PYTHON_INCLUDE_DIRS: /usr/include/python3.8
[15.284s] -- Using PYTHON_LIBRARIES: /usr/lib/aarch64-linux-gnu/libpython3.8.so
[15.456s] -- Found PythonExtra: .so  
[16.096s] -- Configuring done
[16.440s] -- Generating done
[16.456s] -- Build files have been written to: /home/pi/ydlidar_ros2_ws/build/nav_2d_msgs
[16.501s] Invoked command in '/home/pi/ydlidar_ros2_ws/build/nav_2d_msgs' returned '0': CMAKE_PREFIX_PATH=${CMAKE_PREFIX_PATH}:/home/pi/ydlidar_ros2_ws/install/jdamr200_teleop:/home/pi/ydlidar_ros2_ws/install/jdamr200_node:/home/pi/finalagv_ros2_ws/install/agv:/opt/ros/foxy /usr/bin/cmake /home/pi/ydlidar_ros2_ws/src/navigation2/nav2_dwb_controller/nav_2d_msgs -DAMENT_CMAKE_SYMLINK_INSTALL=1 -DCMAKE_INSTALL_PREFIX=/home/pi/ydlidar_ros2_ws/install/nav_2d_msgs
[16.504s] Invoking command in '/home/pi/ydlidar_ros2_ws/build/nav_2d_msgs': CMAKE_PREFIX_PATH=${CMAKE_PREFIX_PATH}:/home/pi/ydlidar_ros2_ws/install/jdamr200_teleop:/home/pi/ydlidar_ros2_ws/install/jdamr200_node:/home/pi/finalagv_ros2_ws/install/agv:/opt/ros/foxy /usr/bin/cmake --build /home/pi/ydlidar_ros2_ws/build/nav_2d_msgs -- -j4 -l4
[16.744s] [  1%] [34m[1mGenerating C code for ROS interfaces[0m
[16.760s] [35m[1mScanning dependencies of target nav_2d_msgs__cpp[0m
[16.890s] [  2%] [34m[1mGenerating C++ code for ROS interfaces[0m
[21.436s] [35m[1mScanning dependencies of target nav_2d_msgs__rosidl_generator_c[0m
[21.704s] [  4%] [32mBuilding C object CMakeFiles/nav_2d_msgs__rosidl_generator_c.dir/rosidl_generator_c/nav_2d_msgs/msg/detail/pose2_d32__functions.c.o[0m
[21.713s] [  5%] [32mBuilding C object CMakeFiles/nav_2d_msgs__rosidl_generator_c.dir/rosidl_generator_c/nav_2d_msgs/msg/detail/path2_d__functions.c.o[0m
[21.722s] [  5%] Built target nav_2d_msgs__cpp
[21.730s] [  7%] [32mBuilding C object CMakeFiles/nav_2d_msgs__rosidl_generator_c.dir/rosidl_generator_c/nav_2d_msgs/msg/detail/pose2_d_stamped__functions.c.o[0m
[21.833s] [  8%] [34m[1mGenerating C++ type support dispatch for ROS interfaces[0m
[22.175s] [  9%] [32mBuilding C object CMakeFiles/nav_2d_msgs__rosidl_generator_c.dir/rosidl_generator_c/nav_2d_msgs/msg/detail/twist2_d32__functions.c.o[0m
[22.217s] [ 11%] [32mBuilding C object CMakeFiles/nav_2d_msgs__rosidl_generator_c.dir/rosidl_generator_c/nav_2d_msgs/msg/detail/twist2_d__functions.c.o[0m
[22.267s] [ 12%] [32mBuilding C object CMakeFiles/nav_2d_msgs__rosidl_generator_c.dir/rosidl_generator_c/nav_2d_msgs/msg/detail/twist2_d_stamped__functions.c.o[0m
[22.558s] [ 14%] [34m[1mGenerating C++ introspection for ROS interfaces[0m
[22.657s] [ 15%] [34m[1mGenerating C++ type support for eProsima Fast-RTPS[0m
[22.731s] [ 16%] [32m[1mLinking C shared library libnav_2d_msgs__rosidl_generator_c.so[0m
[23.315s] [ 16%] Built target nav_2d_msgs__rosidl_generator_c
[23.562s] [ 18%] [34m[1mGenerating C type support dispatch for ROS interfaces[0m
[25.482s] [35m[1mScanning dependencies of target nav_2d_msgs__rosidl_typesupport_cpp[0m
[25.727s] [ 19%] [32mBuilding CXX object CMakeFiles/nav_2d_msgs__rosidl_typesupport_cpp.dir/rosidl_typesupport_cpp/nav_2d_msgs/msg/path2_d__type_support.cpp.o[0m
[26.791s] make[2]: *** Deleting file 'rosidl_typesupport_c/nav_2d_msgs/msg/path2_d__type_support.cpp'
[26.792s] make[2]: *** Deleting file 'rosidl_typesupport_fastrtps_cpp/nav_2d_msgs/msg/detail/pose2_d32__rosidl_typesupport_fastrtps_cpp.hpp'
[26.794s] make[2]: *** Deleting file 'rosidl_typesupport_introspection_cpp/nav_2d_msgs/msg/detail/pose2_d32__type_support.cpp'
[26.799s] make[2]: *** [CMakeFiles/nav_2d_msgs__rosidl_typesupport_cpp.dir/build.make:154: CMakeFiles/nav_2d_msgs__rosidl_typesupport_cpp.dir/rosidl_typesupport_cpp/nav_2d_msgs/msg/path2_d__type_support.cpp.o] Interrupt
[26.801s] make[1]: *** [CMakeFiles/Makefile2:301: CMakeFiles/nav_2d_msgs__rosidl_typesupport_cpp.dir/all] Interrupt
[26.813s] make[2]: *** [CMakeFiles/nav_2d_msgs__rosidl_typesupport_introspection_cpp.dir/build.make:157: rosidl_typesupport_introspection_cpp/nav_2d_msgs/msg/detail/pose2_d32__type_support.cpp] Interrupt
[26.813s] make[1]: *** [CMakeFiles/Makefile2:381: CMakeFiles/nav_2d_msgs__rosidl_typesupport_introspection_cpp.dir/all] Interrupt
[26.814s] make[2]: *** [CMakeFiles/nav_2d_msgs__rosidl_typesupport_fastrtps_cpp.dir/build.make:145: rosidl_typesupport_fastrtps_cpp/nav_2d_msgs/msg/detail/pose2_d32__rosidl_typesupport_fastrtps_cpp.hpp] Interrupt
[26.814s] make[1]: *** [CMakeFiles/Makefile2:468: CMakeFiles/nav_2d_msgs__rosidl_typesupport_fastrtps_cpp.dir/all] Interrupt
[26.815s] make[2]: *** [CMakeFiles/nav_2d_msgs__rosidl_typesupport_c.dir/build.make:134: rosidl_typesupport_c/nav_2d_msgs/msg/path2_d__type_support.cpp] Interrupt
[26.815s] make[1]: *** [CMakeFiles/Makefile2:525: CMakeFiles/nav_2d_msgs__rosidl_typesupport_c.dir/all] Interrupt
[26.816s] make: *** [Makefile:141: all] Interrupt
