[0.815s] DEBUG:colcon:Command line arguments: ['/usr/bin/colcon', 'build']
[0.815s] DEBUG:colcon:Parsed command line arguments: Namespace(allow_overriding=[], ament_cmake_args=None, base_paths=['.'], build_base='build', catkin_cmake_args=None, catkin_skip_building_tests=False, cmake_args=None, cmake_clean_cache=False, cmake_clean_first=False, cmake_force_configure=False, cmake_target=None, cmake_target_skip_unavailable=False, continue_on_error=False, event_handlers=None, executor='parallel', ignore_user_meta=False, install_base='install', log_base=None, log_level=None, main=<bound method BuildVerb.main of <colcon_core.verb.build.BuildVerb object at 0xffffbb658f70>>, merge_install=False, metas=['./colcon.meta'], mixin=None, mixin_files=None, mixin_verb=('build',), packages_above=None, packages_above_and_dependencies=None, packages_above_depth=None, packages_end=None, packages_ignore=None, packages_ignore_regex=None, packages_select=None, packages_select_build_failed=False, packages_select_by_dep=None, packages_select_regex=None, packages_select_test_failures=False, packages_skip=None, packages_skip_build_finished=False, packages_skip_by_dep=None, packages_skip_regex=None, packages_skip_test_passed=False, packages_skip_up_to=None, packages_start=None, packages_up_to=None, packages_up_to_regex=None, parallel_workers=4, paths=None, symlink_install=False, test_result_base=None, verb_extension=<colcon_core.verb.build.BuildVerb object at 0xffffbb658f70>, verb_name='build', verb_parser=<colcon_mixin.mixin.mixin_argument.MixinArgumentDecorator object at 0xffffbb5bae50>)
[1.496s] Level 1:colcon.colcon_core.package_discovery:discover_packages(colcon_meta) check parameters
[1.497s] Level 1:colcon.colcon_core.package_discovery:discover_packages(recursive) check parameters
[1.497s] Level 1:colcon.colcon_core.package_discovery:discover_packages(ignore) check parameters
[1.497s] Level 1:colcon.colcon_core.package_discovery:discover_packages(path) check parameters
[1.497s] Level 1:colcon.colcon_core.package_discovery:discover_packages(colcon_meta) discover
[1.497s] Level 1:colcon.colcon_core.package_discovery:discover_packages(recursive) discover
[1.497s] INFO:colcon.colcon_core.package_discovery:Crawling recursively for packages in '/home/pi/nav_ws'
[1.498s] Level 1:colcon.colcon_core.package_identification:_identify(.) by extensions ['ignore', 'ignore_ament_install']
[1.498s] Level 1:colcon.colcon_core.package_identification:_identify(.) by extension 'ignore'
[1.499s] Level 1:colcon.colcon_core.package_identification:_identify(.) by extension 'ignore_ament_install'
[1.499s] Level 1:colcon.colcon_core.package_identification:_identify(.) by extensions ['colcon_pkg']
[1.499s] Level 1:colcon.colcon_core.package_identification:_identify(.) by extension 'colcon_pkg'
[1.499s] Level 1:colcon.colcon_core.package_identification:_identify(.) by extensions ['colcon_meta']
[1.499s] Level 1:colcon.colcon_core.package_identification:_identify(.) by extension 'colcon_meta'
[1.499s] Level 1:colcon.colcon_core.package_identification:_identify(.) by extensions ['ros']
[1.500s] Level 1:colcon.colcon_core.package_identification:_identify(.) by extension 'ros'
[1.544s] Level 1:colcon.colcon_core.package_identification:_identify(.) by extensions ['cmake', 'python']
[1.544s] Level 1:colcon.colcon_core.package_identification:_identify(.) by extension 'cmake'
[1.544s] Level 1:colcon.colcon_core.package_identification:_identify(.) by extension 'python'
[1.545s] Level 1:colcon.colcon_core.package_identification:_identify(.) by extensions ['python_setup_py']
[1.545s] Level 1:colcon.colcon_core.package_identification:_identify(.) by extension 'python_setup_py'
[1.545s] Level 1:colcon.colcon_core.package_identification:_identify(build) by extensions ['ignore', 'ignore_ament_install']
[1.546s] Level 1:colcon.colcon_core.package_identification:_identify(build) by extension 'ignore'
[1.546s] Level 1:colcon.colcon_core.package_identification:_identify(build) ignored
[1.547s] Level 1:colcon.colcon_core.package_identification:_identify(install) by extensions ['ignore', 'ignore_ament_install']
[1.547s] Level 1:colcon.colcon_core.package_identification:_identify(install) by extension 'ignore'
[1.547s] Level 1:colcon.colcon_core.package_identification:_identify(install) ignored
[1.548s] Level 1:colcon.colcon_core.package_identification:_identify(log) by extensions ['ignore', 'ignore_ament_install']
[1.548s] Level 1:colcon.colcon_core.package_identification:_identify(log) by extension 'ignore'
[1.548s] Level 1:colcon.colcon_core.package_identification:_identify(log) ignored
[1.549s] Level 1:colcon.colcon_core.package_identification:_identify(src) by extensions ['ignore', 'ignore_ament_install']
[1.549s] Level 1:colcon.colcon_core.package_identification:_identify(src) by extension 'ignore'
[1.549s] Level 1:colcon.colcon_core.package_identification:_identify(src) by extension 'ignore_ament_install'
[1.550s] Level 1:colcon.colcon_core.package_identification:_identify(src) by extensions ['colcon_pkg']
[1.550s] Level 1:colcon.colcon_core.package_identification:_identify(src) by extension 'colcon_pkg'
[1.550s] Level 1:colcon.colcon_core.package_identification:_identify(src) by extensions ['colcon_meta']
[1.550s] Level 1:colcon.colcon_core.package_identification:_identify(src) by extension 'colcon_meta'
[1.550s] Level 1:colcon.colcon_core.package_identification:_identify(src) by extensions ['ros']
[1.550s] Level 1:colcon.colcon_core.package_identification:_identify(src) by extension 'ros'
[1.551s] Level 1:colcon.colcon_core.package_identification:_identify(src) by extensions ['cmake', 'python']
[1.551s] Level 1:colcon.colcon_core.package_identification:_identify(src) by extension 'cmake'
[1.551s] Level 1:colcon.colcon_core.package_identification:_identify(src) by extension 'python'
[1.551s] Level 1:colcon.colcon_core.package_identification:_identify(src) by extensions ['python_setup_py']
[1.551s] Level 1:colcon.colcon_core.package_identification:_identify(src) by extension 'python_setup_py'
[1.552s] Level 1:colcon.colcon_core.package_identification:_identify(src/agv) by extensions ['ignore', 'ignore_ament_install']
[1.552s] Level 1:colcon.colcon_core.package_identification:_identify(src/agv) by extension 'ignore'
[1.552s] Level 1:colcon.colcon_core.package_identification:_identify(src/agv) by extension 'ignore_ament_install'
[1.552s] Level 1:colcon.colcon_core.package_identification:_identify(src/agv) by extensions ['colcon_pkg']
[1.553s] Level 1:colcon.colcon_core.package_identification:_identify(src/agv) by extension 'colcon_pkg'
[1.553s] Level 1:colcon.colcon_core.package_identification:_identify(src/agv) by extensions ['colcon_meta']
[1.553s] Level 1:colcon.colcon_core.package_identification:_identify(src/agv) by extension 'colcon_meta'
[1.553s] Level 1:colcon.colcon_core.package_identification:_identify(src/agv) by extensions ['ros']
[1.553s] Level 1:colcon.colcon_core.package_identification:_identify(src/agv) by extension 'ros'
[1.562s] DEBUG:colcon.colcon_core.package_identification:Package 'src/agv' with type 'ros.ament_cmake' and name 'agv'
[1.562s] Level 1:colcon.colcon_core.package_identification:_identify(src/agv_bringup) by extensions ['ignore', 'ignore_ament_install']
[1.563s] Level 1:colcon.colcon_core.package_identification:_identify(src/agv_bringup) by extension 'ignore'
[1.563s] Level 1:colcon.colcon_core.package_identification:_identify(src/agv_bringup) by extension 'ignore_ament_install'
[1.563s] Level 1:colcon.colcon_core.package_identification:_identify(src/agv_bringup) by extensions ['colcon_pkg']
[1.564s] Level 1:colcon.colcon_core.package_identification:_identify(src/agv_bringup) by extension 'colcon_pkg'
[1.564s] Level 1:colcon.colcon_core.package_identification:_identify(src/agv_bringup) by extensions ['colcon_meta']
[1.564s] Level 1:colcon.colcon_core.package_identification:_identify(src/agv_bringup) by extension 'colcon_meta'
[1.564s] Level 1:colcon.colcon_core.package_identification:_identify(src/agv_bringup) by extensions ['ros']
[1.564s] Level 1:colcon.colcon_core.package_identification:_identify(src/agv_bringup) by extension 'ros'
[1.567s] DEBUG:colcon.colcon_core.package_identification:Package 'src/agv_bringup' with type 'ros.ament_python' and name 'agv_bringup'
[1.568s] Level 1:colcon.colcon_core.package_identification:_identify(src/agv_cartographer) by extensions ['ignore', 'ignore_ament_install']
[1.568s] Level 1:colcon.colcon_core.package_identification:_identify(src/agv_cartographer) by extension 'ignore'
[1.568s] Level 1:colcon.colcon_core.package_identification:_identify(src/agv_cartographer) by extension 'ignore_ament_install'
[1.569s] Level 1:colcon.colcon_core.package_identification:_identify(src/agv_cartographer) by extensions ['colcon_pkg']
[1.569s] Level 1:colcon.colcon_core.package_identification:_identify(src/agv_cartographer) by extension 'colcon_pkg'
[1.569s] Level 1:colcon.colcon_core.package_identification:_identify(src/agv_cartographer) by extensions ['colcon_meta']
[1.569s] Level 1:colcon.colcon_core.package_identification:_identify(src/agv_cartographer) by extension 'colcon_meta'
[1.569s] Level 1:colcon.colcon_core.package_identification:_identify(src/agv_cartographer) by extensions ['ros']
[1.570s] Level 1:colcon.colcon_core.package_identification:_identify(src/agv_cartographer) by extension 'ros'
[1.571s] DEBUG:colcon.colcon_core.package_identification:Package 'src/agv_cartographer' with type 'ros.ament_cmake' and name 'agv_cartographer'
[1.572s] Level 1:colcon.colcon_core.package_identification:_identify(src/agv_description) by extensions ['ignore', 'ignore_ament_install']
[1.573s] Level 1:colcon.colcon_core.package_identification:_identify(src/agv_description) by extension 'ignore'
[1.573s] Level 1:colcon.colcon_core.package_identification:_identify(src/agv_description) by extension 'ignore_ament_install'
[1.574s] Level 1:colcon.colcon_core.package_identification:_identify(src/agv_description) by extensions ['colcon_pkg']
[1.574s] Level 1:colcon.colcon_core.package_identification:_identify(src/agv_description) by extension 'colcon_pkg'
[1.574s] Level 1:colcon.colcon_core.package_identification:_identify(src/agv_description) by extensions ['colcon_meta']
[1.575s] Level 1:colcon.colcon_core.package_identification:_identify(src/agv_description) by extension 'colcon_meta'
[1.575s] Level 1:colcon.colcon_core.package_identification:_identify(src/agv_description) by extensions ['ros']
[1.576s] Level 1:colcon.colcon_core.package_identification:_identify(src/agv_description) by extension 'ros'
[1.578s] DEBUG:colcon.colcon_core.package_identification:Package 'src/agv_description' with type 'ros.ament_cmake' and name 'agv_description'
[1.579s] Level 1:colcon.colcon_core.package_identification:_identify(src/agv_interfaces) by extensions ['ignore', 'ignore_ament_install']
[1.579s] Level 1:colcon.colcon_core.package_identification:_identify(src/agv_interfaces) by extension 'ignore'
[1.580s] Level 1:colcon.colcon_core.package_identification:_identify(src/agv_interfaces) by extension 'ignore_ament_install'
[1.580s] Level 1:colcon.colcon_core.package_identification:_identify(src/agv_interfaces) by extensions ['colcon_pkg']
[1.580s] Level 1:colcon.colcon_core.package_identification:_identify(src/agv_interfaces) by extension 'colcon_pkg'
[1.580s] Level 1:colcon.colcon_core.package_identification:_identify(src/agv_interfaces) by extensions ['colcon_meta']
[1.580s] Level 1:colcon.colcon_core.package_identification:_identify(src/agv_interfaces) by extension 'colcon_meta'
[1.580s] Level 1:colcon.colcon_core.package_identification:_identify(src/agv_interfaces) by extensions ['ros']
[1.581s] Level 1:colcon.colcon_core.package_identification:_identify(src/agv_interfaces) by extension 'ros'
[1.583s] DEBUG:colcon.colcon_core.package_identification:Package 'src/agv_interfaces' with type 'ros.ament_cmake' and name 'agv_interfaces'
[1.584s] Level 1:colcon.colcon_core.package_identification:_identify(src/agv_navigation2) by extensions ['ignore', 'ignore_ament_install']
[1.584s] Level 1:colcon.colcon_core.package_identification:_identify(src/agv_navigation2) by extension 'ignore'
[1.584s] Level 1:colcon.colcon_core.package_identification:_identify(src/agv_navigation2) by extension 'ignore_ament_install'
[1.584s] Level 1:colcon.colcon_core.package_identification:_identify(src/agv_navigation2) by extensions ['colcon_pkg']
[1.585s] Level 1:colcon.colcon_core.package_identification:_identify(src/agv_navigation2) by extension 'colcon_pkg'
[1.585s] Level 1:colcon.colcon_core.package_identification:_identify(src/agv_navigation2) by extensions ['colcon_meta']
[1.585s] Level 1:colcon.colcon_core.package_identification:_identify(src/agv_navigation2) by extension 'colcon_meta'
[1.585s] Level 1:colcon.colcon_core.package_identification:_identify(src/agv_navigation2) by extensions ['ros']
[1.585s] Level 1:colcon.colcon_core.package_identification:_identify(src/agv_navigation2) by extension 'ros'
[1.587s] DEBUG:colcon.colcon_core.package_identification:Package 'src/agv_navigation2' with type 'ros.ament_cmake' and name 'agv_navigation2'
[1.588s] Level 1:colcon.colcon_core.package_identification:_identify(src/ydlidar_ros2_driver) by extensions ['ignore', 'ignore_ament_install']
[1.588s] Level 1:colcon.colcon_core.package_identification:_identify(src/ydlidar_ros2_driver) by extension 'ignore'
[1.589s] Level 1:colcon.colcon_core.package_identification:_identify(src/ydlidar_ros2_driver) by extension 'ignore_ament_install'
[1.589s] Level 1:colcon.colcon_core.package_identification:_identify(src/ydlidar_ros2_driver) by extensions ['colcon_pkg']
[1.589s] Level 1:colcon.colcon_core.package_identification:_identify(src/ydlidar_ros2_driver) by extension 'colcon_pkg'
[1.589s] Level 1:colcon.colcon_core.package_identification:_identify(src/ydlidar_ros2_driver) by extensions ['colcon_meta']
[1.589s] Level 1:colcon.colcon_core.package_identification:_identify(src/ydlidar_ros2_driver) by extension 'colcon_meta'
[1.589s] Level 1:colcon.colcon_core.package_identification:_identify(src/ydlidar_ros2_driver) by extensions ['ros']
[1.590s] Level 1:colcon.colcon_core.package_identification:_identify(src/ydlidar_ros2_driver) by extension 'ros'
[1.592s] DEBUG:colcon.colcon_core.package_identification:Package 'src/ydlidar_ros2_driver' with type 'ros.ament_cmake' and name 'ydlidar_ros2_driver'
[1.592s] Level 1:colcon.colcon_core.package_discovery:discover_packages(recursive) using defaults
[1.593s] Level 1:colcon.colcon_core.package_discovery:discover_packages(ignore) discover
[1.593s] Level 1:colcon.colcon_core.package_discovery:discover_packages(ignore) using defaults
[1.593s] Level 1:colcon.colcon_core.package_discovery:discover_packages(path) discover
[1.593s] Level 1:colcon.colcon_core.package_discovery:discover_packages(path) using defaults
[1.659s] Level 1:colcon.colcon_core.package_discovery:discover_packages(prefix_path) check parameters
[1.659s] Level 1:colcon.colcon_core.package_discovery:discover_packages(prefix_path) discover
[1.669s] DEBUG:colcon.colcon_installed_package_information.package_discovery:Found 7 installed packages in /home/pi/nav_ws/install
[1.677s] DEBUG:colcon.colcon_installed_package_information.package_discovery:Found 296 installed packages in /opt/ros/foxy
[1.721s] Level 1:colcon.colcon_core.package_discovery:discover_packages(prefix_path) using defaults
[2.077s] Level 5:colcon.colcon_core.verb:set package 'agv_cartographer' build argument 'cmake_args' from command line to 'None'
[2.077s] Level 5:colcon.colcon_core.verb:set package 'agv_cartographer' build argument 'cmake_target' from command line to 'None'
[2.082s] Level 5:colcon.colcon_core.verb:set package 'agv_cartographer' build argument 'cmake_target_skip_unavailable' from command line to 'False'
[2.082s] Level 5:colcon.colcon_core.verb:set package 'agv_cartographer' build argument 'cmake_clean_cache' from command line to 'False'
[2.083s] Level 5:colcon.colcon_core.verb:set package 'agv_cartographer' build argument 'cmake_clean_first' from command line to 'False'
[2.083s] Level 5:colcon.colcon_core.verb:set package 'agv_cartographer' build argument 'cmake_force_configure' from command line to 'False'
[2.083s] Level 5:colcon.colcon_core.verb:set package 'agv_cartographer' build argument 'ament_cmake_args' from command line to 'None'
[2.083s] Level 5:colcon.colcon_core.verb:set package 'agv_cartographer' build argument 'catkin_cmake_args' from command line to 'None'
[2.083s] Level 5:colcon.colcon_core.verb:set package 'agv_cartographer' build argument 'catkin_skip_building_tests' from command line to 'False'
[2.083s] DEBUG:colcon.colcon_core.verb:Building package 'agv_cartographer' with the following arguments: {'ament_cmake_args': None, 'build_base': '/home/pi/nav_ws/build/agv_cartographer', 'catkin_cmake_args': None, 'catkin_skip_building_tests': False, 'cmake_args': None, 'cmake_clean_cache': False, 'cmake_clean_first': False, 'cmake_force_configure': False, 'cmake_target': None, 'cmake_target_skip_unavailable': False, 'install_base': '/home/pi/nav_ws/install/agv_cartographer', 'merge_install': False, 'path': '/home/pi/nav_ws/src/agv_cartographer', 'symlink_install': False, 'test_result_base': None}
[2.085s] Level 5:colcon.colcon_core.verb:set package 'agv_description' build argument 'cmake_args' from command line to 'None'
[2.085s] Level 5:colcon.colcon_core.verb:set package 'agv_description' build argument 'cmake_target' from command line to 'None'
[2.086s] Level 5:colcon.colcon_core.verb:set package 'agv_description' build argument 'cmake_target_skip_unavailable' from command line to 'False'
[2.086s] Level 5:colcon.colcon_core.verb:set package 'agv_description' build argument 'cmake_clean_cache' from command line to 'False'
[2.086s] Level 5:colcon.colcon_core.verb:set package 'agv_description' build argument 'cmake_clean_first' from command line to 'False'
[2.086s] Level 5:colcon.colcon_core.verb:set package 'agv_description' build argument 'cmake_force_configure' from command line to 'False'
[2.086s] Level 5:colcon.colcon_core.verb:set package 'agv_description' build argument 'ament_cmake_args' from command line to 'None'
[2.086s] Level 5:colcon.colcon_core.verb:set package 'agv_description' build argument 'catkin_cmake_args' from command line to 'None'
[2.086s] Level 5:colcon.colcon_core.verb:set package 'agv_description' build argument 'catkin_skip_building_tests' from command line to 'False'
[2.087s] DEBUG:colcon.colcon_core.verb:Building package 'agv_description' with the following arguments: {'ament_cmake_args': None, 'build_base': '/home/pi/nav_ws/build/agv_description', 'catkin_cmake_args': None, 'catkin_skip_building_tests': False, 'cmake_args': None, 'cmake_clean_cache': False, 'cmake_clean_first': False, 'cmake_force_configure': False, 'cmake_target': None, 'cmake_target_skip_unavailable': False, 'install_base': '/home/pi/nav_ws/install/agv_description', 'merge_install': False, 'path': '/home/pi/nav_ws/src/agv_description', 'symlink_install': False, 'test_result_base': None}
[2.089s] Level 5:colcon.colcon_core.verb:set package 'agv_interfaces' build argument 'cmake_args' from command line to 'None'
[2.089s] Level 5:colcon.colcon_core.verb:set package 'agv_interfaces' build argument 'cmake_target' from command line to 'None'
[2.089s] Level 5:colcon.colcon_core.verb:set package 'agv_interfaces' build argument 'cmake_target_skip_unavailable' from command line to 'False'
[2.089s] Level 5:colcon.colcon_core.verb:set package 'agv_interfaces' build argument 'cmake_clean_cache' from command line to 'False'
[2.089s] Level 5:colcon.colcon_core.verb:set package 'agv_interfaces' build argument 'cmake_clean_first' from command line to 'False'
[2.090s] Level 5:colcon.colcon_core.verb:set package 'agv_interfaces' build argument 'cmake_force_configure' from command line to 'False'
[2.090s] Level 5:colcon.colcon_core.verb:set package 'agv_interfaces' build argument 'ament_cmake_args' from command line to 'None'
[2.090s] Level 5:colcon.colcon_core.verb:set package 'agv_interfaces' build argument 'catkin_cmake_args' from command line to 'None'
[2.090s] Level 5:colcon.colcon_core.verb:set package 'agv_interfaces' build argument 'catkin_skip_building_tests' from command line to 'False'
[2.090s] DEBUG:colcon.colcon_core.verb:Building package 'agv_interfaces' with the following arguments: {'ament_cmake_args': None, 'build_base': '/home/pi/nav_ws/build/agv_interfaces', 'catkin_cmake_args': None, 'catkin_skip_building_tests': False, 'cmake_args': None, 'cmake_clean_cache': False, 'cmake_clean_first': False, 'cmake_force_configure': False, 'cmake_target': None, 'cmake_target_skip_unavailable': False, 'install_base': '/home/pi/nav_ws/install/agv_interfaces', 'merge_install': False, 'path': '/home/pi/nav_ws/src/agv_interfaces', 'symlink_install': False, 'test_result_base': None}
[2.092s] Level 5:colcon.colcon_core.verb:set package 'agv_navigation2' build argument 'cmake_args' from command line to 'None'
[2.093s] Level 5:colcon.colcon_core.verb:set package 'agv_navigation2' build argument 'cmake_target' from command line to 'None'
[2.093s] Level 5:colcon.colcon_core.verb:set package 'agv_navigation2' build argument 'cmake_target_skip_unavailable' from command line to 'False'
[2.093s] Level 5:colcon.colcon_core.verb:set package 'agv_navigation2' build argument 'cmake_clean_cache' from command line to 'False'
[2.093s] Level 5:colcon.colcon_core.verb:set package 'agv_navigation2' build argument 'cmake_clean_first' from command line to 'False'
[2.093s] Level 5:colcon.colcon_core.verb:set package 'agv_navigation2' build argument 'cmake_force_configure' from command line to 'False'
[2.093s] Level 5:colcon.colcon_core.verb:set package 'agv_navigation2' build argument 'ament_cmake_args' from command line to 'None'
[2.093s] Level 5:colcon.colcon_core.verb:set package 'agv_navigation2' build argument 'catkin_cmake_args' from command line to 'None'
[2.093s] Level 5:colcon.colcon_core.verb:set package 'agv_navigation2' build argument 'catkin_skip_building_tests' from command line to 'False'
[2.094s] DEBUG:colcon.colcon_core.verb:Building package 'agv_navigation2' with the following arguments: {'ament_cmake_args': None, 'build_base': '/home/pi/nav_ws/build/agv_navigation2', 'catkin_cmake_args': None, 'catkin_skip_building_tests': False, 'cmake_args': None, 'cmake_clean_cache': False, 'cmake_clean_first': False, 'cmake_force_configure': False, 'cmake_target': None, 'cmake_target_skip_unavailable': False, 'install_base': '/home/pi/nav_ws/install/agv_navigation2', 'merge_install': False, 'path': '/home/pi/nav_ws/src/agv_navigation2', 'symlink_install': False, 'test_result_base': None}
[2.095s] Level 5:colcon.colcon_core.verb:set package 'ydlidar_ros2_driver' build argument 'cmake_args' from command line to 'None'
[2.096s] Level 5:colcon.colcon_core.verb:set package 'ydlidar_ros2_driver' build argument 'cmake_target' from command line to 'None'
[2.096s] Level 5:colcon.colcon_core.verb:set package 'ydlidar_ros2_driver' build argument 'cmake_target_skip_unavailable' from command line to 'False'
[2.096s] Level 5:colcon.colcon_core.verb:set package 'ydlidar_ros2_driver' build argument 'cmake_clean_cache' from command line to 'False'
[2.096s] Level 5:colcon.colcon_core.verb:set package 'ydlidar_ros2_driver' build argument 'cmake_clean_first' from command line to 'False'
[2.096s] Level 5:colcon.colcon_core.verb:set package 'ydlidar_ros2_driver' build argument 'cmake_force_configure' from command line to 'False'
[2.096s] Level 5:colcon.colcon_core.verb:set package 'ydlidar_ros2_driver' build argument 'ament_cmake_args' from command line to 'None'
[2.096s] Level 5:colcon.colcon_core.verb:set package 'ydlidar_ros2_driver' build argument 'catkin_cmake_args' from command line to 'None'
[2.096s] Level 5:colcon.colcon_core.verb:set package 'ydlidar_ros2_driver' build argument 'catkin_skip_building_tests' from command line to 'False'
[2.097s] DEBUG:colcon.colcon_core.verb:Building package 'ydlidar_ros2_driver' with the following arguments: {'ament_cmake_args': None, 'build_base': '/home/pi/nav_ws/build/ydlidar_ros2_driver', 'catkin_cmake_args': None, 'catkin_skip_building_tests': False, 'cmake_args': None, 'cmake_clean_cache': False, 'cmake_clean_first': False, 'cmake_force_configure': False, 'cmake_target': None, 'cmake_target_skip_unavailable': False, 'install_base': '/home/pi/nav_ws/install/ydlidar_ros2_driver', 'merge_install': False, 'path': '/home/pi/nav_ws/src/ydlidar_ros2_driver', 'symlink_install': False, 'test_result_base': None}
[2.098s] Level 5:colcon.colcon_core.verb:set package 'agv_bringup' build argument 'cmake_args' from command line to 'None'
[2.098s] Level 5:colcon.colcon_core.verb:set package 'agv_bringup' build argument 'cmake_target' from command line to 'None'
[2.098s] Level 5:colcon.colcon_core.verb:set package 'agv_bringup' build argument 'cmake_target_skip_unavailable' from command line to 'False'
[2.098s] Level 5:colcon.colcon_core.verb:set package 'agv_bringup' build argument 'cmake_clean_cache' from command line to 'False'
[2.099s] Level 5:colcon.colcon_core.verb:set package 'agv_bringup' build argument 'cmake_clean_first' from command line to 'False'
[2.099s] Level 5:colcon.colcon_core.verb:set package 'agv_bringup' build argument 'cmake_force_configure' from command line to 'False'
[2.099s] Level 5:colcon.colcon_core.verb:set package 'agv_bringup' build argument 'ament_cmake_args' from command line to 'None'
[2.099s] Level 5:colcon.colcon_core.verb:set package 'agv_bringup' build argument 'catkin_cmake_args' from command line to 'None'
[2.099s] Level 5:colcon.colcon_core.verb:set package 'agv_bringup' build argument 'catkin_skip_building_tests' from command line to 'False'
[2.099s] DEBUG:colcon.colcon_core.verb:Building package 'agv_bringup' with the following arguments: {'ament_cmake_args': None, 'build_base': '/home/pi/nav_ws/build/agv_bringup', 'catkin_cmake_args': None, 'catkin_skip_building_tests': False, 'cmake_args': None, 'cmake_clean_cache': False, 'cmake_clean_first': False, 'cmake_force_configure': False, 'cmake_target': None, 'cmake_target_skip_unavailable': False, 'install_base': '/home/pi/nav_ws/install/agv_bringup', 'merge_install': False, 'path': '/home/pi/nav_ws/src/agv_bringup', 'symlink_install': False, 'test_result_base': None}
[2.101s] Level 5:colcon.colcon_core.verb:set package 'agv' build argument 'cmake_args' from command line to 'None'
[2.101s] Level 5:colcon.colcon_core.verb:set package 'agv' build argument 'cmake_target' from command line to 'None'
[2.101s] Level 5:colcon.colcon_core.verb:set package 'agv' build argument 'cmake_target_skip_unavailable' from command line to 'False'
[2.101s] Level 5:colcon.colcon_core.verb:set package 'agv' build argument 'cmake_clean_cache' from command line to 'False'
[2.102s] Level 5:colcon.colcon_core.verb:set package 'agv' build argument 'cmake_clean_first' from command line to 'False'
[2.102s] Level 5:colcon.colcon_core.verb:set package 'agv' build argument 'cmake_force_configure' from command line to 'False'
[2.102s] Level 5:colcon.colcon_core.verb:set package 'agv' build argument 'ament_cmake_args' from command line to 'None'
[2.102s] Level 5:colcon.colcon_core.verb:set package 'agv' build argument 'catkin_cmake_args' from command line to 'None'
[2.102s] Level 5:colcon.colcon_core.verb:set package 'agv' build argument 'catkin_skip_building_tests' from command line to 'False'
[2.102s] DEBUG:colcon.colcon_core.verb:Building package 'agv' with the following arguments: {'ament_cmake_args': None, 'build_base': '/home/pi/nav_ws/build/agv', 'catkin_cmake_args': None, 'catkin_skip_building_tests': False, 'cmake_args': None, 'cmake_clean_cache': False, 'cmake_clean_first': False, 'cmake_force_configure': False, 'cmake_target': None, 'cmake_target_skip_unavailable': False, 'install_base': '/home/pi/nav_ws/install/agv', 'merge_install': False, 'path': '/home/pi/nav_ws/src/agv', 'symlink_install': False, 'test_result_base': None}
[2.103s] INFO:colcon.colcon_core.executor:Executing jobs using 'parallel' executor
[2.107s] DEBUG:colcon.colcon_parallel_executor.executor.parallel:run_until_complete
[2.108s] INFO:colcon.colcon_ros.task.ament_cmake.build:Building ROS package in '/home/pi/nav_ws/src/agv_description' with build type 'ament_cmake'
[2.109s] INFO:colcon.colcon_cmake.task.cmake.build:Building CMake package in '/home/pi/nav_ws/src/agv_description'
[2.117s] INFO:colcon.colcon_core.plugin_system:Skipping extension 'colcon_core.shell.bat': Not used on non-Windows systems
[2.119s] INFO:colcon.colcon_core.shell:Skip shell extension 'powershell' for command environment: Not usable outside of PowerShell
[2.119s] DEBUG:colcon.colcon_core.shell:Skip shell extension 'dsv' for command environment
[2.144s] INFO:colcon.colcon_ros.task.ament_cmake.build:Building ROS package in '/home/pi/nav_ws/src/agv_interfaces' with build type 'ament_cmake'
[2.145s] INFO:colcon.colcon_cmake.task.cmake.build:Building CMake package in '/home/pi/nav_ws/src/agv_interfaces'
[2.147s] INFO:colcon.colcon_core.shell:Skip shell extension 'powershell' for command environment: Not usable outside of PowerShell
[2.148s] DEBUG:colcon.colcon_core.shell:Skip shell extension 'dsv' for command environment
[2.173s] INFO:colcon.colcon_ros.task.ament_cmake.build:Building ROS package in '/home/pi/nav_ws/src/agv_cartographer' with build type 'ament_cmake'
[2.174s] INFO:colcon.colcon_cmake.task.cmake.build:Building CMake package in '/home/pi/nav_ws/src/agv_cartographer'
[2.176s] INFO:colcon.colcon_core.shell:Skip shell extension 'powershell' for command environment: Not usable outside of PowerShell
[2.177s] DEBUG:colcon.colcon_core.shell:Skip shell extension 'dsv' for command environment
[2.202s] INFO:colcon.colcon_ros.task.ament_cmake.build:Building ROS package in '/home/pi/nav_ws/src/agv_navigation2' with build type 'ament_cmake'
[2.204s] INFO:colcon.colcon_cmake.task.cmake.build:Building CMake package in '/home/pi/nav_ws/src/agv_navigation2'
[2.205s] INFO:colcon.colcon_core.shell:Skip shell extension 'powershell' for command environment: Not usable outside of PowerShell
[2.206s] DEBUG:colcon.colcon_core.shell:Skip shell extension 'dsv' for command environment
[2.252s] DEBUG:colcon.colcon_core.event_handler.log_command:Invoking command in '/home/pi/nav_ws/build/agv_description': CMAKE_PREFIX_PATH=${CMAKE_PREFIX_PATH}:/home/pi/nav_ws/install/agv_bringup:/opt/ros/foxy /usr/bin/cmake --build /home/pi/nav_ws/build/agv_description -- -j4 -l4
[2.284s] DEBUG:colcon.colcon_core.event_handler.log_command:Invoking command in '/home/pi/nav_ws/build/agv_interfaces': CMAKE_PREFIX_PATH=${CMAKE_PREFIX_PATH}:/home/pi/nav_ws/install/agv_bringup:/opt/ros/foxy /usr/bin/cmake --build /home/pi/nav_ws/build/agv_interfaces -- -j4 -l4
[2.306s] DEBUG:colcon.colcon_core.event_handler.log_command:Invoking command in '/home/pi/nav_ws/build/agv_cartographer': CMAKE_PREFIX_PATH=${CMAKE_PREFIX_PATH}:/home/pi/nav_ws/install/agv_bringup:/opt/ros/foxy /usr/bin/cmake --build /home/pi/nav_ws/build/agv_cartographer -- -j4 -l4
[2.347s] DEBUG:colcon.colcon_core.event_handler.log_command:Invoking command in '/home/pi/nav_ws/build/agv_navigation2': CMAKE_PREFIX_PATH=${CMAKE_PREFIX_PATH}:/home/pi/nav_ws/install/agv_bringup:/opt/ros/foxy /usr/bin/cmake --build /home/pi/nav_ws/build/agv_navigation2 -- -j4 -l4
[2.523s] DEBUG:colcon.colcon_core.event_handler.log_command:Invoked command in '/home/pi/nav_ws/build/agv_description' returned '0': CMAKE_PREFIX_PATH=${CMAKE_PREFIX_PATH}:/home/pi/nav_ws/install/agv_bringup:/opt/ros/foxy /usr/bin/cmake --build /home/pi/nav_ws/build/agv_description -- -j4 -l4
[2.588s] DEBUG:colcon.colcon_core.event_handler.log_command:Invoked command in '/home/pi/nav_ws/build/agv_cartographer' returned '0': CMAKE_PREFIX_PATH=${CMAKE_PREFIX_PATH}:/home/pi/nav_ws/install/agv_bringup:/opt/ros/foxy /usr/bin/cmake --build /home/pi/nav_ws/build/agv_cartographer -- -j4 -l4
[2.625s] DEBUG:colcon.colcon_core.event_handler.log_command:Invoked command in '/home/pi/nav_ws/build/agv_navigation2' returned '0': CMAKE_PREFIX_PATH=${CMAKE_PREFIX_PATH}:/home/pi/nav_ws/install/agv_bringup:/opt/ros/foxy /usr/bin/cmake --build /home/pi/nav_ws/build/agv_navigation2 -- -j4 -l4
[2.872s] DEBUG:colcon.colcon_core.event_handler.log_command:Invoking command in '/home/pi/nav_ws/build/agv_description': CMAKE_PREFIX_PATH=${CMAKE_PREFIX_PATH}:/home/pi/nav_ws/install/agv_bringup:/opt/ros/foxy /usr/bin/cmake --install /home/pi/nav_ws/build/agv_description
[2.895s] DEBUG:colcon.colcon_core.event_handler.log_command:Invoking command in '/home/pi/nav_ws/build/agv_cartographer': CMAKE_PREFIX_PATH=${CMAKE_PREFIX_PATH}:/home/pi/nav_ws/install/agv_bringup:/opt/ros/foxy /usr/bin/cmake --install /home/pi/nav_ws/build/agv_cartographer
[2.926s] DEBUG:colcon.colcon_core.event_handler.log_command:Invoking command in '/home/pi/nav_ws/build/agv_navigation2': CMAKE_PREFIX_PATH=${CMAKE_PREFIX_PATH}:/home/pi/nav_ws/install/agv_bringup:/opt/ros/foxy /usr/bin/cmake --install /home/pi/nav_ws/build/agv_navigation2
[2.958s] Level 1:colcon.colcon_core.environment:create_environment_scripts_only(agv_description)
[2.983s] Level 1:colcon.colcon_core.environment:checking '/home/pi/nav_ws/install/agv_description' for CMake module files
[2.987s] DEBUG:colcon.colcon_core.event_handler.log_command:Invoked command in '/home/pi/nav_ws/build/agv_description' returned '0': CMAKE_PREFIX_PATH=${CMAKE_PREFIX_PATH}:/home/pi/nav_ws/install/agv_bringup:/opt/ros/foxy /usr/bin/cmake --install /home/pi/nav_ws/build/agv_description
[3.003s] Level 1:colcon.colcon_core.environment:checking '/home/pi/nav_ws/install/agv_description' for CMake config files
[3.007s] Level 1:colcon.colcon_core.shell:create_environment_hook('agv_description', 'cmake_prefix_path')
[3.009s] INFO:colcon.colcon_core.shell:Creating environment hook '/home/pi/nav_ws/install/agv_description/share/agv_description/hook/cmake_prefix_path.ps1'
[3.033s] INFO:colcon.colcon_core.shell:Creating environment descriptor '/home/pi/nav_ws/install/agv_description/share/agv_description/hook/cmake_prefix_path.dsv'
[3.040s] INFO:colcon.colcon_core.shell:Creating environment hook '/home/pi/nav_ws/install/agv_description/share/agv_description/hook/cmake_prefix_path.sh'
[3.052s] Level 1:colcon.colcon_core.environment:checking '/home/pi/nav_ws/install/agv_description/bin'
[3.053s] Level 1:colcon.colcon_core.environment:checking '/home/pi/nav_ws/install/agv_description/lib/pkgconfig/agv_description.pc'
[3.054s] Level 1:colcon.colcon_core.environment:checking '/home/pi/nav_ws/install/agv_description/lib/python3.8/site-packages'
[3.055s] Level 1:colcon.colcon_core.environment:checking '/home/pi/nav_ws/install/agv_description/bin'
[3.057s] INFO:colcon.colcon_core.shell:Creating package script '/home/pi/nav_ws/install/agv_description/share/agv_description/package.ps1'
[3.063s] INFO:colcon.colcon_core.shell:Creating package descriptor '/home/pi/nav_ws/install/agv_description/share/agv_description/package.dsv'
[3.068s] INFO:colcon.colcon_core.shell:Creating package script '/home/pi/nav_ws/install/agv_description/share/agv_description/package.sh'
[3.073s] INFO:colcon.colcon_core.shell:Creating package script '/home/pi/nav_ws/install/agv_description/share/agv_description/package.bash'
[3.079s] INFO:colcon.colcon_core.shell:Creating package script '/home/pi/nav_ws/install/agv_description/share/agv_description/package.zsh'
[3.085s] Level 1:colcon.colcon_core.environment:create_file_with_runtime_dependencies(/home/pi/nav_ws/install/agv_description/share/colcon-core/packages/agv_description)
[3.101s] Level 1:colcon.colcon_core.environment:create_environment_scripts_only(agv_cartographer)
[3.103s] Level 1:colcon.colcon_core.environment:checking '/home/pi/nav_ws/install/agv_cartographer' for CMake module files
[3.106s] DEBUG:colcon.colcon_core.event_handler.log_command:Invoked command in '/home/pi/nav_ws/build/agv_cartographer' returned '0': CMAKE_PREFIX_PATH=${CMAKE_PREFIX_PATH}:/home/pi/nav_ws/install/agv_bringup:/opt/ros/foxy /usr/bin/cmake --install /home/pi/nav_ws/build/agv_cartographer
[3.108s] Level 1:colcon.colcon_core.environment:checking '/home/pi/nav_ws/install/agv_cartographer' for CMake config files
[3.110s] Level 1:colcon.colcon_core.shell:create_environment_hook('agv_cartographer', 'cmake_prefix_path')
[3.112s] INFO:colcon.colcon_core.shell:Creating environment hook '/home/pi/nav_ws/install/agv_cartographer/share/agv_cartographer/hook/cmake_prefix_path.ps1'
[3.117s] INFO:colcon.colcon_core.shell:Creating environment descriptor '/home/pi/nav_ws/install/agv_cartographer/share/agv_cartographer/hook/cmake_prefix_path.dsv'
[3.121s] INFO:colcon.colcon_core.shell:Creating environment hook '/home/pi/nav_ws/install/agv_cartographer/share/agv_cartographer/hook/cmake_prefix_path.sh'
[3.126s] Level 1:colcon.colcon_core.environment:checking '/home/pi/nav_ws/install/agv_cartographer/bin'
[3.127s] Level 1:colcon.colcon_core.environment:checking '/home/pi/nav_ws/install/agv_cartographer/lib/pkgconfig/agv_cartographer.pc'
[3.128s] Level 1:colcon.colcon_core.environment:checking '/home/pi/nav_ws/install/agv_cartographer/lib/python3.8/site-packages'
[3.129s] Level 1:colcon.colcon_core.environment:checking '/home/pi/nav_ws/install/agv_cartographer/bin'
[3.132s] INFO:colcon.colcon_core.shell:Creating package script '/home/pi/nav_ws/install/agv_cartographer/share/agv_cartographer/package.ps1'
[3.135s] INFO:colcon.colcon_core.shell:Creating package descriptor '/home/pi/nav_ws/install/agv_cartographer/share/agv_cartographer/package.dsv'
[3.138s] INFO:colcon.colcon_core.shell:Creating package script '/home/pi/nav_ws/install/agv_cartographer/share/agv_cartographer/package.sh'
[3.143s] INFO:colcon.colcon_core.shell:Creating package script '/home/pi/nav_ws/install/agv_cartographer/share/agv_cartographer/package.bash'
[3.146s] INFO:colcon.colcon_core.shell:Creating package script '/home/pi/nav_ws/install/agv_cartographer/share/agv_cartographer/package.zsh'
[3.148s] Level 1:colcon.colcon_core.environment:create_file_with_runtime_dependencies(/home/pi/nav_ws/install/agv_cartographer/share/colcon-core/packages/agv_cartographer)
[3.162s] Level 1:colcon.colcon_core.environment:create_environment_scripts_only(agv_navigation2)
[3.164s] Level 1:colcon.colcon_core.environment:checking '/home/pi/nav_ws/install/agv_navigation2' for CMake module files
[3.166s] DEBUG:colcon.colcon_core.event_handler.log_command:Invoked command in '/home/pi/nav_ws/build/agv_navigation2' returned '0': CMAKE_PREFIX_PATH=${CMAKE_PREFIX_PATH}:/home/pi/nav_ws/install/agv_bringup:/opt/ros/foxy /usr/bin/cmake --install /home/pi/nav_ws/build/agv_navigation2
[3.170s] Level 1:colcon.colcon_core.environment:checking '/home/pi/nav_ws/install/agv_navigation2' for CMake config files
[3.173s] Level 1:colcon.colcon_core.shell:create_environment_hook('agv_navigation2', 'cmake_prefix_path')
[3.175s] INFO:colcon.colcon_core.shell:Creating environment hook '/home/pi/nav_ws/install/agv_navigation2/share/agv_navigation2/hook/cmake_prefix_path.ps1'
[3.179s] INFO:colcon.colcon_core.shell:Creating environment descriptor '/home/pi/nav_ws/install/agv_navigation2/share/agv_navigation2/hook/cmake_prefix_path.dsv'
[3.182s] INFO:colcon.colcon_core.shell:Creating environment hook '/home/pi/nav_ws/install/agv_navigation2/share/agv_navigation2/hook/cmake_prefix_path.sh'
[3.187s] Level 1:colcon.colcon_core.environment:checking '/home/pi/nav_ws/install/agv_navigation2/bin'
[3.188s] Level 1:colcon.colcon_core.environment:checking '/home/pi/nav_ws/install/agv_navigation2/lib/pkgconfig/agv_navigation2.pc'
[3.190s] Level 1:colcon.colcon_core.environment:checking '/home/pi/nav_ws/install/agv_navigation2/lib/python3.8/site-packages'
[3.191s] Level 1:colcon.colcon_core.environment:checking '/home/pi/nav_ws/install/agv_navigation2/bin'
[3.193s] INFO:colcon.colcon_core.shell:Creating package script '/home/pi/nav_ws/install/agv_navigation2/share/agv_navigation2/package.ps1'
[3.197s] INFO:colcon.colcon_core.shell:Creating package descriptor '/home/pi/nav_ws/install/agv_navigation2/share/agv_navigation2/package.dsv'
[3.199s] INFO:colcon.colcon_core.shell:Creating package script '/home/pi/nav_ws/install/agv_navigation2/share/agv_navigation2/package.sh'
[3.202s] INFO:colcon.colcon_core.shell:Creating package script '/home/pi/nav_ws/install/agv_navigation2/share/agv_navigation2/package.bash'
[3.205s] INFO:colcon.colcon_core.shell:Creating package script '/home/pi/nav_ws/install/agv_navigation2/share/agv_navigation2/package.zsh'
[3.209s] Level 1:colcon.colcon_core.environment:create_file_with_runtime_dependencies(/home/pi/nav_ws/install/agv_navigation2/share/colcon-core/packages/agv_navigation2)
[3.231s] Level 1:colcon.colcon_core.environment:create_environment_scripts_only(agv_description)
[3.233s] Level 1:colcon.colcon_core.environment:checking '/home/pi/nav_ws/install/agv_description' for CMake module files
[3.237s] Level 1:colcon.colcon_core.environment:checking '/home/pi/nav_ws/install/agv_description' for CMake config files
[3.244s] Level 1:colcon.colcon_core.shell:create_environment_hook('agv_description', 'cmake_prefix_path')
[3.246s] INFO:colcon.colcon_core.shell:Creating environment hook '/home/pi/nav_ws/install/agv_description/share/agv_description/hook/cmake_prefix_path.ps1'
[3.250s] INFO:colcon.colcon_core.shell:Creating environment descriptor '/home/pi/nav_ws/install/agv_description/share/agv_description/hook/cmake_prefix_path.dsv'
[3.252s] INFO:colcon.colcon_core.shell:Creating environment hook '/home/pi/nav_ws/install/agv_description/share/agv_description/hook/cmake_prefix_path.sh'
[3.257s] Level 1:colcon.colcon_core.environment:checking '/home/pi/nav_ws/install/agv_description/bin'
[3.258s] Level 1:colcon.colcon_core.environment:checking '/home/pi/nav_ws/install/agv_description/lib/pkgconfig/agv_description.pc'
[3.260s] Level 1:colcon.colcon_core.environment:checking '/home/pi/nav_ws/install/agv_description/lib/python3.8/site-packages'
[3.261s] Level 1:colcon.colcon_core.environment:checking '/home/pi/nav_ws/install/agv_description/bin'
[3.263s] INFO:colcon.colcon_core.shell:Creating package script '/home/pi/nav_ws/install/agv_description/share/agv_description/package.ps1'
[3.266s] INFO:colcon.colcon_core.shell:Creating package descriptor '/home/pi/nav_ws/install/agv_description/share/agv_description/package.dsv'
[3.269s] INFO:colcon.colcon_core.shell:Creating package script '/home/pi/nav_ws/install/agv_description/share/agv_description/package.sh'
[3.272s] INFO:colcon.colcon_core.shell:Creating package script '/home/pi/nav_ws/install/agv_description/share/agv_description/package.bash'
[3.275s] INFO:colcon.colcon_core.shell:Creating package script '/home/pi/nav_ws/install/agv_description/share/agv_description/package.zsh'
[3.278s] Level 1:colcon.colcon_core.environment:create_file_with_runtime_dependencies(/home/pi/nav_ws/install/agv_description/share/colcon-core/packages/agv_description)
[3.285s] INFO:colcon.colcon_ros.task.ament_cmake.build:Building ROS package in '/home/pi/nav_ws/src/ydlidar_ros2_driver' with build type 'ament_cmake'
[3.287s] INFO:colcon.colcon_cmake.task.cmake.build:Building CMake package in '/home/pi/nav_ws/src/ydlidar_ros2_driver'
[3.288s] INFO:colcon.colcon_core.shell:Skip shell extension 'powershell' for command environment: Not usable outside of PowerShell
[3.288s] DEBUG:colcon.colcon_core.shell:Skip shell extension 'dsv' for command environment
[3.323s] Level 1:colcon.colcon_core.environment:create_environment_scripts_only(agv_cartographer)
[3.324s] Level 1:colcon.colcon_core.environment:checking '/home/pi/nav_ws/install/agv_cartographer' for CMake module files
[3.327s] Level 1:colcon.colcon_core.environment:checking '/home/pi/nav_ws/install/agv_cartographer' for CMake config files
[3.329s] Level 1:colcon.colcon_core.shell:create_environment_hook('agv_cartographer', 'cmake_prefix_path')
[3.330s] INFO:colcon.colcon_core.shell:Creating environment hook '/home/pi/nav_ws/install/agv_cartographer/share/agv_cartographer/hook/cmake_prefix_path.ps1'
[3.332s] INFO:colcon.colcon_core.shell:Creating environment descriptor '/home/pi/nav_ws/install/agv_cartographer/share/agv_cartographer/hook/cmake_prefix_path.dsv'
[3.334s] INFO:colcon.colcon_core.shell:Creating environment hook '/home/pi/nav_ws/install/agv_cartographer/share/agv_cartographer/hook/cmake_prefix_path.sh'
[3.337s] Level 1:colcon.colcon_core.environment:checking '/home/pi/nav_ws/install/agv_cartographer/bin'
[3.338s] Level 1:colcon.colcon_core.environment:checking '/home/pi/nav_ws/install/agv_cartographer/lib/pkgconfig/agv_cartographer.pc'
[3.339s] Level 1:colcon.colcon_core.environment:checking '/home/pi/nav_ws/install/agv_cartographer/lib/python3.8/site-packages'
[3.340s] Level 1:colcon.colcon_core.environment:checking '/home/pi/nav_ws/install/agv_cartographer/bin'
[3.342s] INFO:colcon.colcon_core.shell:Creating package script '/home/pi/nav_ws/install/agv_cartographer/share/agv_cartographer/package.ps1'
[3.345s] INFO:colcon.colcon_core.shell:Creating package descriptor '/home/pi/nav_ws/install/agv_cartographer/share/agv_cartographer/package.dsv'
[3.348s] INFO:colcon.colcon_core.shell:Creating package script '/home/pi/nav_ws/install/agv_cartographer/share/agv_cartographer/package.sh'
[3.354s] INFO:colcon.colcon_core.shell:Creating package script '/home/pi/nav_ws/install/agv_cartographer/share/agv_cartographer/package.bash'
[3.358s] INFO:colcon.colcon_core.shell:Creating package script '/home/pi/nav_ws/install/agv_cartographer/share/agv_cartographer/package.zsh'
[3.361s] Level 1:colcon.colcon_core.environment:create_file_with_runtime_dependencies(/home/pi/nav_ws/install/agv_cartographer/share/colcon-core/packages/agv_cartographer)
[3.372s] Level 1:colcon.colcon_core.environment:create_environment_scripts_only(agv_navigation2)
[3.374s] Level 1:colcon.colcon_core.environment:checking '/home/pi/nav_ws/install/agv_navigation2' for CMake module files
[3.378s] Level 1:colcon.colcon_core.environment:checking '/home/pi/nav_ws/install/agv_navigation2' for CMake config files
[3.381s] Level 1:colcon.colcon_core.shell:create_environment_hook('agv_navigation2', 'cmake_prefix_path')
[3.383s] INFO:colcon.colcon_core.shell:Creating environment hook '/home/pi/nav_ws/install/agv_navigation2/share/agv_navigation2/hook/cmake_prefix_path.ps1'
[3.387s] INFO:colcon.colcon_core.shell:Creating environment descriptor '/home/pi/nav_ws/install/agv_navigation2/share/agv_navigation2/hook/cmake_prefix_path.dsv'
[3.390s] INFO:colcon.colcon_core.shell:Creating environment hook '/home/pi/nav_ws/install/agv_navigation2/share/agv_navigation2/hook/cmake_prefix_path.sh'
[3.396s] Level 1:colcon.colcon_core.environment:checking '/home/pi/nav_ws/install/agv_navigation2/bin'
[3.397s] Level 1:colcon.colcon_core.environment:checking '/home/pi/nav_ws/install/agv_navigation2/lib/pkgconfig/agv_navigation2.pc'
[3.398s] Level 1:colcon.colcon_core.environment:checking '/home/pi/nav_ws/install/agv_navigation2/lib/python3.8/site-packages'
[3.400s] Level 1:colcon.colcon_core.environment:checking '/home/pi/nav_ws/install/agv_navigation2/bin'
[3.402s] INFO:colcon.colcon_core.shell:Creating package script '/home/pi/nav_ws/install/agv_navigation2/share/agv_navigation2/package.ps1'
[3.406s] INFO:colcon.colcon_core.shell:Creating package descriptor '/home/pi/nav_ws/install/agv_navigation2/share/agv_navigation2/package.dsv'
[3.410s] INFO:colcon.colcon_core.shell:Creating package script '/home/pi/nav_ws/install/agv_navigation2/share/agv_navigation2/package.sh'
[3.414s] INFO:colcon.colcon_core.shell:Creating package script '/home/pi/nav_ws/install/agv_navigation2/share/agv_navigation2/package.bash'
[3.419s] INFO:colcon.colcon_core.shell:Creating package script '/home/pi/nav_ws/install/agv_navigation2/share/agv_navigation2/package.zsh'
[3.424s] Level 1:colcon.colcon_core.environment:create_file_with_runtime_dependencies(/home/pi/nav_ws/install/agv_navigation2/share/colcon-core/packages/agv_navigation2)
[3.457s] DEBUG:colcon.colcon_core.event_handler.log_command:Invoking command in '/home/pi/nav_ws/build/ydlidar_ros2_driver': CMAKE_PREFIX_PATH=${CMAKE_PREFIX_PATH}:/home/pi/nav_ws/install/agv_bringup:/opt/ros/foxy /usr/bin/cmake --build /home/pi/nav_ws/build/ydlidar_ros2_driver -- -j4 -l4
[3.834s] DEBUG:colcon.colcon_core.event_handler.log_command:Invoked command in '/home/pi/nav_ws/build/agv_interfaces' returned '0': CMAKE_PREFIX_PATH=${CMAKE_PREFIX_PATH}:/home/pi/nav_ws/install/agv_bringup:/opt/ros/foxy /usr/bin/cmake --build /home/pi/nav_ws/build/agv_interfaces -- -j4 -l4
[3.974s] DEBUG:colcon.colcon_core.event_handler.log_command:Invoked command in '/home/pi/nav_ws/build/ydlidar_ros2_driver' returned '0': CMAKE_PREFIX_PATH=${CMAKE_PREFIX_PATH}:/home/pi/nav_ws/install/agv_bringup:/opt/ros/foxy /usr/bin/cmake --build /home/pi/nav_ws/build/ydlidar_ros2_driver -- -j4 -l4
[4.109s] DEBUG:colcon.colcon_core.event_handler.log_command:Invoking command in '/home/pi/nav_ws/build/ydlidar_ros2_driver': CMAKE_PREFIX_PATH=${CMAKE_PREFIX_PATH}:/home/pi/nav_ws/install/agv_bringup:/opt/ros/foxy /usr/bin/cmake --install /home/pi/nav_ws/build/ydlidar_ros2_driver
[4.165s] Level 1:colcon.colcon_core.environment:create_environment_scripts_only(ydlidar_ros2_driver)
[4.167s] Level 1:colcon.colcon_core.environment:checking '/home/pi/nav_ws/install/ydlidar_ros2_driver' for CMake module files
[4.176s] Level 1:colcon.colcon_core.environment:checking '/home/pi/nav_ws/install/ydlidar_ros2_driver' for CMake config files
[4.179s] DEBUG:colcon.colcon_core.event_handler.log_command:Invoked command in '/home/pi/nav_ws/build/ydlidar_ros2_driver' returned '0': CMAKE_PREFIX_PATH=${CMAKE_PREFIX_PATH}:/home/pi/nav_ws/install/agv_bringup:/opt/ros/foxy /usr/bin/cmake --install /home/pi/nav_ws/build/ydlidar_ros2_driver
[4.181s] Level 1:colcon.colcon_core.shell:create_environment_hook('ydlidar_ros2_driver', 'cmake_prefix_path')
[4.182s] INFO:colcon.colcon_core.shell:Creating environment hook '/home/pi/nav_ws/install/ydlidar_ros2_driver/share/ydlidar_ros2_driver/hook/cmake_prefix_path.ps1'
[4.184s] INFO:colcon.colcon_core.shell:Creating environment descriptor '/home/pi/nav_ws/install/ydlidar_ros2_driver/share/ydlidar_ros2_driver/hook/cmake_prefix_path.dsv'
[4.187s] INFO:colcon.colcon_core.shell:Creating environment hook '/home/pi/nav_ws/install/ydlidar_ros2_driver/share/ydlidar_ros2_driver/hook/cmake_prefix_path.sh'
[4.190s] Level 1:colcon.colcon_core.environment:checking '/home/pi/nav_ws/install/ydlidar_ros2_driver/lib'
[4.192s] Level 1:colcon.colcon_core.environment:checking '/home/pi/nav_ws/install/ydlidar_ros2_driver/bin'
[4.192s] Level 1:colcon.colcon_core.environment:checking '/home/pi/nav_ws/install/ydlidar_ros2_driver/lib/pkgconfig/ydlidar_ros2_driver.pc'
[4.193s] Level 1:colcon.colcon_core.environment:checking '/home/pi/nav_ws/install/ydlidar_ros2_driver/lib/python3.8/site-packages'
[4.194s] Level 1:colcon.colcon_core.environment:checking '/home/pi/nav_ws/install/ydlidar_ros2_driver/bin'
[4.195s] INFO:colcon.colcon_core.shell:Creating package script '/home/pi/nav_ws/install/ydlidar_ros2_driver/share/ydlidar_ros2_driver/package.ps1'
[4.198s] INFO:colcon.colcon_core.shell:Creating package descriptor '/home/pi/nav_ws/install/ydlidar_ros2_driver/share/ydlidar_ros2_driver/package.dsv'
[4.201s] INFO:colcon.colcon_core.shell:Creating package script '/home/pi/nav_ws/install/ydlidar_ros2_driver/share/ydlidar_ros2_driver/package.sh'
[4.203s] INFO:colcon.colcon_core.shell:Creating package script '/home/pi/nav_ws/install/ydlidar_ros2_driver/share/ydlidar_ros2_driver/package.bash'
[4.206s] INFO:colcon.colcon_core.shell:Creating package script '/home/pi/nav_ws/install/ydlidar_ros2_driver/share/ydlidar_ros2_driver/package.zsh'
[4.208s] Level 1:colcon.colcon_core.environment:create_file_with_runtime_dependencies(/home/pi/nav_ws/install/ydlidar_ros2_driver/share/colcon-core/packages/ydlidar_ros2_driver)
[4.336s] Level 1:colcon.colcon_core.environment:create_environment_scripts_only(ydlidar_ros2_driver)
[4.338s] Level 1:colcon.colcon_core.environment:checking '/home/pi/nav_ws/install/ydlidar_ros2_driver' for CMake module files
[4.342s] Level 1:colcon.colcon_core.environment:checking '/home/pi/nav_ws/install/ydlidar_ros2_driver' for CMake config files
[4.344s] Level 1:colcon.colcon_core.shell:create_environment_hook('ydlidar_ros2_driver', 'cmake_prefix_path')
[4.346s] INFO:colcon.colcon_core.shell:Creating environment hook '/home/pi/nav_ws/install/ydlidar_ros2_driver/share/ydlidar_ros2_driver/hook/cmake_prefix_path.ps1'
[4.348s] INFO:colcon.colcon_core.shell:Creating environment descriptor '/home/pi/nav_ws/install/ydlidar_ros2_driver/share/ydlidar_ros2_driver/hook/cmake_prefix_path.dsv'
[4.353s] INFO:colcon.colcon_core.shell:Creating environment hook '/home/pi/nav_ws/install/ydlidar_ros2_driver/share/ydlidar_ros2_driver/hook/cmake_prefix_path.sh'
[4.356s] Level 1:colcon.colcon_core.environment:checking '/home/pi/nav_ws/install/ydlidar_ros2_driver/lib'
[4.357s] Level 1:colcon.colcon_core.environment:checking '/home/pi/nav_ws/install/ydlidar_ros2_driver/bin'
[4.357s] Level 1:colcon.colcon_core.environment:checking '/home/pi/nav_ws/install/ydlidar_ros2_driver/lib/pkgconfig/ydlidar_ros2_driver.pc'
[4.358s] Level 1:colcon.colcon_core.environment:checking '/home/pi/nav_ws/install/ydlidar_ros2_driver/lib/python3.8/site-packages'
[4.359s] Level 1:colcon.colcon_core.environment:checking '/home/pi/nav_ws/install/ydlidar_ros2_driver/bin'
[4.361s] INFO:colcon.colcon_core.shell:Creating package script '/home/pi/nav_ws/install/ydlidar_ros2_driver/share/ydlidar_ros2_driver/package.ps1'
[4.364s] INFO:colcon.colcon_core.shell:Creating package descriptor '/home/pi/nav_ws/install/ydlidar_ros2_driver/share/ydlidar_ros2_driver/package.dsv'
[4.366s] INFO:colcon.colcon_core.shell:Creating package script '/home/pi/nav_ws/install/ydlidar_ros2_driver/share/ydlidar_ros2_driver/package.sh'
[4.369s] INFO:colcon.colcon_core.shell:Creating package script '/home/pi/nav_ws/install/ydlidar_ros2_driver/share/ydlidar_ros2_driver/package.bash'
[4.371s] INFO:colcon.colcon_core.shell:Creating package script '/home/pi/nav_ws/install/ydlidar_ros2_driver/share/ydlidar_ros2_driver/package.zsh'
[4.374s] Level 1:colcon.colcon_core.environment:create_file_with_runtime_dependencies(/home/pi/nav_ws/install/ydlidar_ros2_driver/share/colcon-core/packages/ydlidar_ros2_driver)
[4.572s] DEBUG:colcon.colcon_core.event_handler.log_command:Invoking command in '/home/pi/nav_ws/build/agv_interfaces': CMAKE_PREFIX_PATH=${CMAKE_PREFIX_PATH}:/home/pi/nav_ws/install/agv_bringup:/opt/ros/foxy /usr/bin/cmake --install /home/pi/nav_ws/build/agv_interfaces
[4.844s] Level 1:colcon.colcon_core.environment:create_environment_scripts_only(agv_interfaces)
[4.845s] Level 1:colcon.colcon_core.environment:checking '/home/pi/nav_ws/install/agv_interfaces' for CMake module files
[4.847s] DEBUG:colcon.colcon_core.event_handler.log_command:Invoked command in '/home/pi/nav_ws/build/agv_interfaces' returned '0': CMAKE_PREFIX_PATH=${CMAKE_PREFIX_PATH}:/home/pi/nav_ws/install/agv_bringup:/opt/ros/foxy /usr/bin/cmake --install /home/pi/nav_ws/build/agv_interfaces
[4.849s] Level 1:colcon.colcon_core.environment:checking '/home/pi/nav_ws/install/agv_interfaces' for CMake config files
[4.855s] Level 1:colcon.colcon_core.shell:create_environment_hook('agv_interfaces', 'cmake_prefix_path')
[4.856s] INFO:colcon.colcon_core.shell:Creating environment hook '/home/pi/nav_ws/install/agv_interfaces/share/agv_interfaces/hook/cmake_prefix_path.ps1'
[4.858s] INFO:colcon.colcon_core.shell:Creating environment descriptor '/home/pi/nav_ws/install/agv_interfaces/share/agv_interfaces/hook/cmake_prefix_path.dsv'
[4.860s] INFO:colcon.colcon_core.shell:Creating environment hook '/home/pi/nav_ws/install/agv_interfaces/share/agv_interfaces/hook/cmake_prefix_path.sh'
[4.863s] Level 1:colcon.colcon_core.environment:checking '/home/pi/nav_ws/install/agv_interfaces/lib'
[4.863s] Level 1:colcon.colcon_core.shell:create_environment_hook('agv_interfaces', 'ld_library_path_lib')
[4.864s] INFO:colcon.colcon_core.shell:Creating environment hook '/home/pi/nav_ws/install/agv_interfaces/share/agv_interfaces/hook/ld_library_path_lib.ps1'
[4.866s] INFO:colcon.colcon_core.shell:Creating environment descriptor '/home/pi/nav_ws/install/agv_interfaces/share/agv_interfaces/hook/ld_library_path_lib.dsv'
[4.868s] INFO:colcon.colcon_core.shell:Creating environment hook '/home/pi/nav_ws/install/agv_interfaces/share/agv_interfaces/hook/ld_library_path_lib.sh'
[4.870s] Level 1:colcon.colcon_core.environment:checking '/home/pi/nav_ws/install/agv_interfaces/bin'
[4.870s] Level 1:colcon.colcon_core.environment:checking '/home/pi/nav_ws/install/agv_interfaces/lib/pkgconfig/agv_interfaces.pc'
[4.871s] Level 1:colcon.colcon_core.environment:checking '/home/pi/nav_ws/install/agv_interfaces/lib/python3.8/site-packages'
[4.872s] Level 1:colcon.colcon_core.shell:create_environment_hook('agv_interfaces', 'pythonpath')
[4.873s] INFO:colcon.colcon_core.shell:Creating environment hook '/home/pi/nav_ws/install/agv_interfaces/share/agv_interfaces/hook/pythonpath.ps1'
[4.874s] INFO:colcon.colcon_core.shell:Creating environment descriptor '/home/pi/nav_ws/install/agv_interfaces/share/agv_interfaces/hook/pythonpath.dsv'
[4.876s] INFO:colcon.colcon_core.shell:Creating environment hook '/home/pi/nav_ws/install/agv_interfaces/share/agv_interfaces/hook/pythonpath.sh'
[4.879s] Level 1:colcon.colcon_core.environment:checking '/home/pi/nav_ws/install/agv_interfaces/bin'
[4.880s] INFO:colcon.colcon_core.shell:Creating package script '/home/pi/nav_ws/install/agv_interfaces/share/agv_interfaces/package.ps1'
[4.883s] INFO:colcon.colcon_core.shell:Creating package descriptor '/home/pi/nav_ws/install/agv_interfaces/share/agv_interfaces/package.dsv'
[4.885s] INFO:colcon.colcon_core.shell:Creating package script '/home/pi/nav_ws/install/agv_interfaces/share/agv_interfaces/package.sh'
[4.887s] INFO:colcon.colcon_core.shell:Creating package script '/home/pi/nav_ws/install/agv_interfaces/share/agv_interfaces/package.bash'
[4.889s] INFO:colcon.colcon_core.shell:Creating package script '/home/pi/nav_ws/install/agv_interfaces/share/agv_interfaces/package.zsh'
[4.891s] Level 1:colcon.colcon_core.environment:create_file_with_runtime_dependencies(/home/pi/nav_ws/install/agv_interfaces/share/colcon-core/packages/agv_interfaces)
[5.677s] Level 1:colcon.colcon_core.environment:create_environment_scripts_only(agv_interfaces)
[5.678s] Level 1:colcon.colcon_core.environment:checking '/home/pi/nav_ws/install/agv_interfaces' for CMake module files
[5.683s] Level 1:colcon.colcon_core.environment:checking '/home/pi/nav_ws/install/agv_interfaces' for CMake config files
[5.689s] Level 1:colcon.colcon_core.shell:create_environment_hook('agv_interfaces', 'cmake_prefix_path')
[5.690s] INFO:colcon.colcon_core.shell:Creating environment hook '/home/pi/nav_ws/install/agv_interfaces/share/agv_interfaces/hook/cmake_prefix_path.ps1'
[5.692s] INFO:colcon.colcon_core.shell:Creating environment descriptor '/home/pi/nav_ws/install/agv_interfaces/share/agv_interfaces/hook/cmake_prefix_path.dsv'
[5.693s] INFO:colcon.colcon_core.shell:Creating environment hook '/home/pi/nav_ws/install/agv_interfaces/share/agv_interfaces/hook/cmake_prefix_path.sh'
[5.696s] Level 1:colcon.colcon_core.environment:checking '/home/pi/nav_ws/install/agv_interfaces/lib'
[5.697s] Level 1:colcon.colcon_core.shell:create_environment_hook('agv_interfaces', 'ld_library_path_lib')
[5.698s] INFO:colcon.colcon_core.shell:Creating environment hook '/home/pi/nav_ws/install/agv_interfaces/share/agv_interfaces/hook/ld_library_path_lib.ps1'
[5.700s] INFO:colcon.colcon_core.shell:Creating environment descriptor '/home/pi/nav_ws/install/agv_interfaces/share/agv_interfaces/hook/ld_library_path_lib.dsv'
[5.701s] INFO:colcon.colcon_core.shell:Creating environment hook '/home/pi/nav_ws/install/agv_interfaces/share/agv_interfaces/hook/ld_library_path_lib.sh'
[5.704s] Level 1:colcon.colcon_core.environment:checking '/home/pi/nav_ws/install/agv_interfaces/bin'
[5.704s] Level 1:colcon.colcon_core.environment:checking '/home/pi/nav_ws/install/agv_interfaces/lib/pkgconfig/agv_interfaces.pc'
[5.705s] Level 1:colcon.colcon_core.environment:checking '/home/pi/nav_ws/install/agv_interfaces/lib/python3.8/site-packages'
[5.705s] Level 1:colcon.colcon_core.shell:create_environment_hook('agv_interfaces', 'pythonpath')
[5.706s] INFO:colcon.colcon_core.shell:Creating environment hook '/home/pi/nav_ws/install/agv_interfaces/share/agv_interfaces/hook/pythonpath.ps1'
[5.708s] INFO:colcon.colcon_core.shell:Creating environment descriptor '/home/pi/nav_ws/install/agv_interfaces/share/agv_interfaces/hook/pythonpath.dsv'
[5.710s] INFO:colcon.colcon_core.shell:Creating environment hook '/home/pi/nav_ws/install/agv_interfaces/share/agv_interfaces/hook/pythonpath.sh'
[5.712s] Level 1:colcon.colcon_core.environment:checking '/home/pi/nav_ws/install/agv_interfaces/bin'
[5.714s] INFO:colcon.colcon_core.shell:Creating package script '/home/pi/nav_ws/install/agv_interfaces/share/agv_interfaces/package.ps1'
[5.717s] INFO:colcon.colcon_core.shell:Creating package descriptor '/home/pi/nav_ws/install/agv_interfaces/share/agv_interfaces/package.dsv'
[5.719s] INFO:colcon.colcon_core.shell:Creating package script '/home/pi/nav_ws/install/agv_interfaces/share/agv_interfaces/package.sh'
[5.721s] INFO:colcon.colcon_core.shell:Creating package script '/home/pi/nav_ws/install/agv_interfaces/share/agv_interfaces/package.bash'
[5.724s] INFO:colcon.colcon_core.shell:Creating package script '/home/pi/nav_ws/install/agv_interfaces/share/agv_interfaces/package.zsh'
[5.726s] Level 1:colcon.colcon_core.environment:create_file_with_runtime_dependencies(/home/pi/nav_ws/install/agv_interfaces/share/colcon-core/packages/agv_interfaces)
[5.728s] INFO:colcon.colcon_ros.task.ament_python.build:Building ROS package in '/home/pi/nav_ws/src/agv_bringup' with build type 'ament_python'
[5.728s] Level 1:colcon.colcon_core.shell:create_environment_hook('agv_bringup', 'ament_prefix_path')
[5.729s] INFO:colcon.colcon_core.shell:Creating environment hook '/home/pi/nav_ws/install/agv_bringup/share/agv_bringup/hook/ament_prefix_path.ps1'
[5.732s] INFO:colcon.colcon_core.shell:Creating environment descriptor '/home/pi/nav_ws/install/agv_bringup/share/agv_bringup/hook/ament_prefix_path.dsv'
[5.735s] INFO:colcon.colcon_core.shell:Creating environment hook '/home/pi/nav_ws/install/agv_bringup/share/agv_bringup/hook/ament_prefix_path.sh'
[5.738s] INFO:colcon.colcon_core.shell:Skip shell extension 'powershell' for command environment: Not usable outside of PowerShell
[5.738s] DEBUG:colcon.colcon_core.shell:Skip shell extension 'dsv' for command environment
[6.773s] INFO:colcon.colcon_core.task.python.build:Building Python package in '/home/pi/nav_ws/src/agv_bringup'
[6.775s] INFO:colcon.colcon_core.shell:Skip shell extension 'powershell' for command environment: Not usable outside of PowerShell
[6.775s] DEBUG:colcon.colcon_core.shell:Skip shell extension 'dsv' for command environment
[8.402s] DEBUG:colcon.colcon_core.event_handler.log_command:Invoking command in '/home/pi/nav_ws/src/agv_bringup': CMAKE_PREFIX_PATH=/home/pi/nav_ws/install/agv_interfaces:/home/pi/nav_ws/install/agv_description:/home/pi/nav_ws/install/ydlidar_ros2_driver:/home/pi/nav_ws/install/agv:/home/pi/nav_ws/install/agv_navigation2:/home/pi/nav_ws/install/agv_cartographer PYTHONPATH=/home/pi/nav_ws/build/agv_bringup/prefix_override:/usr/lib/python3/dist-packages/colcon_core/task/python/colcon_distutils_commands:/home/pi/nav_ws/install/agv_bringup/lib/python3.8/site-packages:${PYTHONPATH} /usr/bin/python3 -W ignore:setup.py install is deprecated setup.py egg_info --egg-base ../../build/agv_bringup build --build-base /home/pi/nav_ws/build/agv_bringup/build install --record /home/pi/nav_ws/build/agv_bringup/install.log --install-scripts $base/lib/omo_r1mini_bringup --single-version-externally-managed install_data
[9.627s] Level 1:colcon.colcon_core.environment:checking '/home/pi/nav_ws/install/agv_bringup' for CMake module files
[9.629s] DEBUG:colcon.colcon_core.event_handler.log_command:Invoked command in '/home/pi/nav_ws/src/agv_bringup' returned '0': CMAKE_PREFIX_PATH=/home/pi/nav_ws/install/agv_interfaces:/home/pi/nav_ws/install/agv_description:/home/pi/nav_ws/install/ydlidar_ros2_driver:/home/pi/nav_ws/install/agv:/home/pi/nav_ws/install/agv_navigation2:/home/pi/nav_ws/install/agv_cartographer PYTHONPATH=/home/pi/nav_ws/build/agv_bringup/prefix_override:/usr/lib/python3/dist-packages/colcon_core/task/python/colcon_distutils_commands:/home/pi/nav_ws/install/agv_bringup/lib/python3.8/site-packages:${PYTHONPATH} /usr/bin/python3 -W ignore:setup.py install is deprecated setup.py egg_info --egg-base ../../build/agv_bringup build --build-base /home/pi/nav_ws/build/agv_bringup/build install --record /home/pi/nav_ws/build/agv_bringup/install.log --install-scripts $base/lib/omo_r1mini_bringup --single-version-externally-managed install_data
[9.630s] Level 1:colcon.colcon_core.environment:checking '/home/pi/nav_ws/install/agv_bringup' for CMake config files
[9.636s] Level 1:colcon.colcon_core.environment:checking '/home/pi/nav_ws/install/agv_bringup/lib'
[9.636s] Level 1:colcon.colcon_core.environment:checking '/home/pi/nav_ws/install/agv_bringup/bin'
[9.637s] Level 1:colcon.colcon_core.environment:checking '/home/pi/nav_ws/install/agv_bringup/lib/pkgconfig/agv_bringup.pc'
[9.638s] Level 1:colcon.colcon_core.environment:checking '/home/pi/nav_ws/install/agv_bringup/lib/python3.8/site-packages'
[9.638s] Level 1:colcon.colcon_core.shell:create_environment_hook('agv_bringup', 'pythonpath')
[9.640s] INFO:colcon.colcon_core.shell:Creating environment hook '/home/pi/nav_ws/install/agv_bringup/share/agv_bringup/hook/pythonpath.ps1'
[9.643s] INFO:colcon.colcon_core.shell:Creating environment descriptor '/home/pi/nav_ws/install/agv_bringup/share/agv_bringup/hook/pythonpath.dsv'
[9.645s] INFO:colcon.colcon_core.shell:Creating environment hook '/home/pi/nav_ws/install/agv_bringup/share/agv_bringup/hook/pythonpath.sh'
[9.648s] Level 1:colcon.colcon_core.environment:checking '/home/pi/nav_ws/install/agv_bringup/bin'
[9.648s] Level 1:colcon.colcon_core.environment:create_environment_scripts_only(agv_bringup)
[9.649s] INFO:colcon.colcon_core.shell:Creating package script '/home/pi/nav_ws/install/agv_bringup/share/agv_bringup/package.ps1'
[9.652s] INFO:colcon.colcon_core.shell:Creating package descriptor '/home/pi/nav_ws/install/agv_bringup/share/agv_bringup/package.dsv'
[9.654s] INFO:colcon.colcon_core.shell:Creating package script '/home/pi/nav_ws/install/agv_bringup/share/agv_bringup/package.sh'
[9.656s] INFO:colcon.colcon_core.shell:Creating package script '/home/pi/nav_ws/install/agv_bringup/share/agv_bringup/package.bash'
[9.658s] INFO:colcon.colcon_core.shell:Creating package script '/home/pi/nav_ws/install/agv_bringup/share/agv_bringup/package.zsh'
[9.660s] Level 1:colcon.colcon_core.environment:create_file_with_runtime_dependencies(/home/pi/nav_ws/install/agv_bringup/share/colcon-core/packages/agv_bringup)
[9.661s] INFO:colcon.colcon_ros.task.ament_cmake.build:Building ROS package in '/home/pi/nav_ws/src/agv' with build type 'ament_cmake'
[9.662s] INFO:colcon.colcon_cmake.task.cmake.build:Building CMake package in '/home/pi/nav_ws/src/agv'
[9.663s] INFO:colcon.colcon_core.shell:Skip shell extension 'powershell' for command environment: Not usable outside of PowerShell
[9.663s] DEBUG:colcon.colcon_core.shell:Skip shell extension 'dsv' for command environment
[9.735s] DEBUG:colcon.colcon_core.event_handler.log_command:Invoking command in '/home/pi/nav_ws/build/agv': AMENT_PREFIX_PATH=/home/pi/nav_ws/install/agv_bringup:/home/pi/nav_ws/install/agv_interfaces:/home/pi/nav_ws/install/ydlidar_ros2_driver:/home/pi/nav_ws/install/agv:/home/pi/nav_ws/install/agv_navigation2:/home/pi/nav_ws/install/agv_description:/home/pi/nav_ws/install/agv_cartographer:/opt/ros/foxy CMAKE_PREFIX_PATH=/home/pi/nav_ws/install/agv_navigation2:/home/pi/nav_ws/install/agv_interfaces:/home/pi/nav_ws/install/agv_description:/home/pi/nav_ws/install/agv_cartographer:/home/pi/nav_ws/install/ydlidar_ros2_driver:/home/pi/nav_ws/install/agv:/home/pi/nav_ws/install/agv_bringup:/opt/ros/foxy PYTHONPATH=/home/pi/nav_ws/install/agv_bringup/lib/python3.8/site-packages:/home/pi/nav_ws/install/agv_interfaces/lib/python3.8/site-packages:/opt/ros/foxy/lib/python3.8/site-packages /usr/bin/cmake --build /home/pi/nav_ws/build/agv -- -j4 -l4
[9.880s] DEBUG:colcon.colcon_core.event_handler.log_command:Invoked command in '/home/pi/nav_ws/build/agv' returned '0': AMENT_PREFIX_PATH=/home/pi/nav_ws/install/agv_bringup:/home/pi/nav_ws/install/agv_interfaces:/home/pi/nav_ws/install/ydlidar_ros2_driver:/home/pi/nav_ws/install/agv:/home/pi/nav_ws/install/agv_navigation2:/home/pi/nav_ws/install/agv_description:/home/pi/nav_ws/install/agv_cartographer:/opt/ros/foxy CMAKE_PREFIX_PATH=/home/pi/nav_ws/install/agv_navigation2:/home/pi/nav_ws/install/agv_interfaces:/home/pi/nav_ws/install/agv_description:/home/pi/nav_ws/install/agv_cartographer:/home/pi/nav_ws/install/ydlidar_ros2_driver:/home/pi/nav_ws/install/agv:/home/pi/nav_ws/install/agv_bringup:/opt/ros/foxy PYTHONPATH=/home/pi/nav_ws/install/agv_bringup/lib/python3.8/site-packages:/home/pi/nav_ws/install/agv_interfaces/lib/python3.8/site-packages:/opt/ros/foxy/lib/python3.8/site-packages /usr/bin/cmake --build /home/pi/nav_ws/build/agv -- -j4 -l4
[9.990s] DEBUG:colcon.colcon_core.event_handler.log_command:Invoking command in '/home/pi/nav_ws/build/agv': AMENT_PREFIX_PATH=/home/pi/nav_ws/install/agv_bringup:/home/pi/nav_ws/install/agv_interfaces:/home/pi/nav_ws/install/ydlidar_ros2_driver:/home/pi/nav_ws/install/agv:/home/pi/nav_ws/install/agv_navigation2:/home/pi/nav_ws/install/agv_description:/home/pi/nav_ws/install/agv_cartographer:/opt/ros/foxy CMAKE_PREFIX_PATH=/home/pi/nav_ws/install/agv_navigation2:/home/pi/nav_ws/install/agv_interfaces:/home/pi/nav_ws/install/agv_description:/home/pi/nav_ws/install/agv_cartographer:/home/pi/nav_ws/install/ydlidar_ros2_driver:/home/pi/nav_ws/install/agv:/home/pi/nav_ws/install/agv_bringup:/opt/ros/foxy PYTHONPATH=/home/pi/nav_ws/install/agv_bringup/lib/python3.8/site-packages:/home/pi/nav_ws/install/agv_interfaces/lib/python3.8/site-packages:/opt/ros/foxy/lib/python3.8/site-packages /usr/bin/cmake --install /home/pi/nav_ws/build/agv
[10.034s] Level 1:colcon.colcon_core.environment:create_environment_scripts_only(agv)
[10.036s] Level 1:colcon.colcon_core.environment:checking '/home/pi/nav_ws/install/agv' for CMake module files
[10.038s] DEBUG:colcon.colcon_core.event_handler.log_command:Invoked command in '/home/pi/nav_ws/build/agv' returned '0': AMENT_PREFIX_PATH=/home/pi/nav_ws/install/agv_bringup:/home/pi/nav_ws/install/agv_interfaces:/home/pi/nav_ws/install/ydlidar_ros2_driver:/home/pi/nav_ws/install/agv:/home/pi/nav_ws/install/agv_navigation2:/home/pi/nav_ws/install/agv_description:/home/pi/nav_ws/install/agv_cartographer:/opt/ros/foxy CMAKE_PREFIX_PATH=/home/pi/nav_ws/install/agv_navigation2:/home/pi/nav_ws/install/agv_interfaces:/home/pi/nav_ws/install/agv_description:/home/pi/nav_ws/install/agv_cartographer:/home/pi/nav_ws/install/ydlidar_ros2_driver:/home/pi/nav_ws/install/agv:/home/pi/nav_ws/install/agv_bringup:/opt/ros/foxy PYTHONPATH=/home/pi/nav_ws/install/agv_bringup/lib/python3.8/site-packages:/home/pi/nav_ws/install/agv_interfaces/lib/python3.8/site-packages:/opt/ros/foxy/lib/python3.8/site-packages /usr/bin/cmake --install /home/pi/nav_ws/build/agv
[10.039s] Level 1:colcon.colcon_core.environment:checking '/home/pi/nav_ws/install/agv' for CMake config files
[10.041s] Level 1:colcon.colcon_core.shell:create_environment_hook('agv', 'cmake_prefix_path')
[10.042s] INFO:colcon.colcon_core.shell:Creating environment hook '/home/pi/nav_ws/install/agv/share/agv/hook/cmake_prefix_path.ps1'
[10.044s] INFO:colcon.colcon_core.shell:Creating environment descriptor '/home/pi/nav_ws/install/agv/share/agv/hook/cmake_prefix_path.dsv'
[10.046s] INFO:colcon.colcon_core.shell:Creating environment hook '/home/pi/nav_ws/install/agv/share/agv/hook/cmake_prefix_path.sh'
[10.048s] Level 1:colcon.colcon_core.environment:checking '/home/pi/nav_ws/install/agv/bin'
[10.049s] Level 1:colcon.colcon_core.environment:checking '/home/pi/nav_ws/install/agv/lib/pkgconfig/agv.pc'
[10.050s] Level 1:colcon.colcon_core.environment:checking '/home/pi/nav_ws/install/agv/lib/python3.8/site-packages'
[10.050s] Level 1:colcon.colcon_core.environment:checking '/home/pi/nav_ws/install/agv/bin'
[10.052s] INFO:colcon.colcon_core.shell:Creating package script '/home/pi/nav_ws/install/agv/share/agv/package.ps1'
[10.054s] INFO:colcon.colcon_core.shell:Creating package descriptor '/home/pi/nav_ws/install/agv/share/agv/package.dsv'
[10.056s] INFO:colcon.colcon_core.shell:Creating package script '/home/pi/nav_ws/install/agv/share/agv/package.sh'
[10.058s] INFO:colcon.colcon_core.shell:Creating package script '/home/pi/nav_ws/install/agv/share/agv/package.bash'
[10.060s] INFO:colcon.colcon_core.shell:Creating package script '/home/pi/nav_ws/install/agv/share/agv/package.zsh'
[10.063s] Level 1:colcon.colcon_core.environment:create_file_with_runtime_dependencies(/home/pi/nav_ws/install/agv/share/colcon-core/packages/agv)
[10.165s] Level 1:colcon.colcon_core.environment:create_environment_scripts_only(agv)
[10.167s] Level 1:colcon.colcon_core.environment:checking '/home/pi/nav_ws/install/agv' for CMake module files
[10.169s] Level 1:colcon.colcon_core.environment:checking '/home/pi/nav_ws/install/agv' for CMake config files
[10.171s] Level 1:colcon.colcon_core.shell:create_environment_hook('agv', 'cmake_prefix_path')
[10.172s] INFO:colcon.colcon_core.shell:Creating environment hook '/home/pi/nav_ws/install/agv/share/agv/hook/cmake_prefix_path.ps1'
[10.175s] INFO:colcon.colcon_core.shell:Creating environment descriptor '/home/pi/nav_ws/install/agv/share/agv/hook/cmake_prefix_path.dsv'
[10.178s] INFO:colcon.colcon_core.shell:Creating environment hook '/home/pi/nav_ws/install/agv/share/agv/hook/cmake_prefix_path.sh'
[10.181s] Level 1:colcon.colcon_core.environment:checking '/home/pi/nav_ws/install/agv/bin'
[10.181s] Level 1:colcon.colcon_core.environment:checking '/home/pi/nav_ws/install/agv/lib/pkgconfig/agv.pc'
[10.182s] Level 1:colcon.colcon_core.environment:checking '/home/pi/nav_ws/install/agv/lib/python3.8/site-packages'
[10.183s] Level 1:colcon.colcon_core.environment:checking '/home/pi/nav_ws/install/agv/bin'
[10.184s] INFO:colcon.colcon_core.shell:Creating package script '/home/pi/nav_ws/install/agv/share/agv/package.ps1'
[10.187s] INFO:colcon.colcon_core.shell:Creating package descriptor '/home/pi/nav_ws/install/agv/share/agv/package.dsv'
[10.190s] INFO:colcon.colcon_core.shell:Creating package script '/home/pi/nav_ws/install/agv/share/agv/package.sh'
[10.192s] INFO:colcon.colcon_core.shell:Creating package script '/home/pi/nav_ws/install/agv/share/agv/package.bash'
[10.195s] INFO:colcon.colcon_core.shell:Creating package script '/home/pi/nav_ws/install/agv/share/agv/package.zsh'
[10.201s] Level 1:colcon.colcon_core.environment:create_file_with_runtime_dependencies(/home/pi/nav_ws/install/agv/share/colcon-core/packages/agv)
[10.203s] DEBUG:colcon.colcon_parallel_executor.executor.parallel:closing loop
[10.204s] DEBUG:colcon.colcon_parallel_executor.executor.parallel:loop closed
[10.205s] DEBUG:colcon.colcon_parallel_executor.executor.parallel:run_until_complete finished with '0'
[10.207s] DEBUG:colcon.colcon_core.event_reactor:joining thread
[10.229s] INFO:colcon.colcon_core.plugin_system:Skipping extension 'colcon_notification.desktop_notification.terminal_notifier': Not used on non-Darwin systems
[10.229s] INFO:colcon.colcon_core.plugin_system:Skipping extension 'colcon_notification.desktop_notification.win32': Not used on non-Windows systems
[10.230s] INFO:colcon.colcon_notification.desktop_notification:Sending desktop notification using 'notify2'
[10.247s] DEBUG:colcon.colcon_core.event_reactor:joined thread
[10.248s] INFO:colcon.colcon_core.shell:Creating prefix script '/home/pi/nav_ws/install/local_setup.ps1'
[10.253s] INFO:colcon.colcon_core.shell:Creating prefix util module '/home/pi/nav_ws/install/_local_setup_util_ps1.py'
[10.260s] INFO:colcon.colcon_core.shell:Creating prefix chain script '/home/pi/nav_ws/install/setup.ps1'
[10.267s] INFO:colcon.colcon_core.shell:Creating prefix script '/home/pi/nav_ws/install/local_setup.sh'
[10.270s] INFO:colcon.colcon_core.shell:Creating prefix util module '/home/pi/nav_ws/install/_local_setup_util_sh.py'
[10.273s] INFO:colcon.colcon_core.shell:Creating prefix chain script '/home/pi/nav_ws/install/setup.sh'
[10.279s] INFO:colcon.colcon_core.shell:Creating prefix script '/home/pi/nav_ws/install/local_setup.bash'
[10.282s] INFO:colcon.colcon_core.shell:Creating prefix chain script '/home/pi/nav_ws/install/setup.bash'
[10.289s] INFO:colcon.colcon_core.shell:Creating prefix script '/home/pi/nav_ws/install/local_setup.zsh'
[10.291s] INFO:colcon.colcon_core.shell:Creating prefix chain script '/home/pi/nav_ws/install/setup.zsh'
