[5.690s] Invoking command in '/home/pi/ydlidar_ros2_ws/src/jdamr200_teleop': PYTHONPATH=/home/pi/ydlidar_ros2_ws/build/jdamr200_teleop/prefix_override:/usr/lib/python3/dist-packages/colcon_core/task/python/colcon_distutils_commands:/home/pi/ydlidar_ros2_ws/install/jdamr200_teleop/lib/python3.8/site-packages:${PYTHONPATH} /usr/bin/python3 -W ignore:setup.py install is deprecated setup.py egg_info --egg-base ../../build/jdamr200_teleop build --build-base /home/pi/ydlidar_ros2_ws/build/jdamr200_teleop/build install --record /home/pi/ydlidar_ros2_ws/build/jdamr200_teleop/install.log --single-version-externally-managed install_data
[7.062s] running egg_info
[7.066s] writing ../../build/jdamr200_teleop/jdamr200_teleop.egg-info/PKG-INFO
[7.073s] writing dependency_links to ../../build/jdamr200_teleop/jdamr200_teleop.egg-info/dependency_links.txt
[7.076s] writing entry points to ../../build/jdamr200_teleop/jdamr200_teleop.egg-info/entry_points.txt
[7.076s] writing requirements to ../../build/jdamr200_teleop/jdamr200_teleop.egg-info/requires.txt
[7.077s] writing top-level names to ../../build/jdamr200_teleop/jdamr200_teleop.egg-info/top_level.txt
[7.217s] reading manifest file '../../build/jdamr200_teleop/jdamr200_teleop.egg-info/SOURCES.txt'
[7.222s] writing manifest file '../../build/jdamr200_teleop/jdamr200_teleop.egg-info/SOURCES.txt'
[7.223s] running build
[7.224s] running build_py
[7.227s] running install
[7.231s] running install_lib
[7.239s] running install_data
[7.241s] running install_egg_info
[7.251s] removing '/home/pi/ydlidar_ros2_ws/install/jdamr200_teleop/lib/python3.8/site-packages/jdamr200_teleop-0.0.0-py3.8.egg-info' (and everything under it)
[7.252s] Copying ../../build/jdamr200_teleop/jdamr200_teleop.egg-info to /home/pi/ydlidar_ros2_ws/install/jdamr200_teleop/lib/python3.8/site-packages/jdamr200_teleop-0.0.0-py3.8.egg-info
[7.260s] running install_scripts
[7.369s] Installing jdamr_teleop script to /home/pi/ydlidar_ros2_ws/install/jdamr200_teleop/lib/jdamr200_teleop
[7.374s] writing list of installed files to '/home/pi/ydlidar_ros2_ws/build/jdamr200_teleop/install.log'
[7.518s] Invoked command in '/home/pi/ydlidar_ros2_ws/src/jdamr200_teleop' returned '0': PYTHONPATH=/home/pi/ydlidar_ros2_ws/build/jdamr200_teleop/prefix_override:/usr/lib/python3/dist-packages/colcon_core/task/python/colcon_distutils_commands:/home/pi/ydlidar_ros2_ws/install/jdamr200_teleop/lib/python3.8/site-packages:${PYTHONPATH} /usr/bin/python3 -W ignore:setup.py install is deprecated setup.py egg_info --egg-base ../../build/jdamr200_teleop build --build-base /home/pi/ydlidar_ros2_ws/build/jdamr200_teleop/build install --record /home/pi/ydlidar_ros2_ws/build/jdamr200_teleop/install.log --single-version-externally-managed install_data
