[0.819s] DEBUG:colcon:Command line arguments: ['/usr/bin/colcon', 'build']
[0.819s] DEBUG:colcon:Parsed command line arguments: Namespace(allow_overriding=[], ament_cmake_args=None, base_paths=['.'], build_base='build', catkin_cmake_args=None, catkin_skip_building_tests=False, cmake_args=None, cmake_clean_cache=False, cmake_clean_first=False, cmake_force_configure=False, cmake_target=None, cmake_target_skip_unavailable=False, continue_on_error=False, event_handlers=None, executor='parallel', ignore_user_meta=False, install_base='install', log_base=None, log_level=None, main=<bound method BuildVerb.main of <colcon_core.verb.build.BuildVerb object at 0xffffa249a2b0>>, merge_install=False, metas=['./colcon.meta'], mixin=None, mixin_files=None, mixin_verb=('build',), packages_above=None, packages_above_and_dependencies=None, packages_above_depth=None, packages_end=None, packages_ignore=None, packages_ignore_regex=None, packages_select=None, packages_select_build_failed=False, packages_select_by_dep=None, packages_select_regex=None, packages_select_test_failures=False, packages_skip=None, packages_skip_build_finished=False, packages_skip_by_dep=None, packages_skip_regex=None, packages_skip_test_passed=False, packages_skip_up_to=None, packages_start=None, packages_up_to=None, packages_up_to_regex=None, parallel_workers=4, paths=None, symlink_install=False, test_result_base=None, verb_extension=<colcon_core.verb.build.BuildVerb object at 0xffffa249a2b0>, verb_name='build', verb_parser=<colcon_mixin.mixin.mixin_argument.MixinArgumentDecorator object at 0xffffa238fc70>)
[1.489s] Level 1:colcon.colcon_core.package_discovery:discover_packages(colcon_meta) check parameters
[1.489s] Level 1:colcon.colcon_core.package_discovery:discover_packages(recursive) check parameters
[1.489s] Level 1:colcon.colcon_core.package_discovery:discover_packages(ignore) check parameters
[1.489s] Level 1:colcon.colcon_core.package_discovery:discover_packages(path) check parameters
[1.489s] Level 1:colcon.colcon_core.package_discovery:discover_packages(colcon_meta) discover
[1.490s] Level 1:colcon.colcon_core.package_discovery:discover_packages(recursive) discover
[1.490s] INFO:colcon.colcon_core.package_discovery:Crawling recursively for packages in '/home/pi/nav_ws'
[1.490s] Level 1:colcon.colcon_core.package_identification:_identify(.) by extensions ['ignore', 'ignore_ament_install']
[1.490s] Level 1:colcon.colcon_core.package_identification:_identify(.) by extension 'ignore'
[1.491s] Level 1:colcon.colcon_core.package_identification:_identify(.) by extension 'ignore_ament_install'
[1.491s] Level 1:colcon.colcon_core.package_identification:_identify(.) by extensions ['colcon_pkg']
[1.491s] Level 1:colcon.colcon_core.package_identification:_identify(.) by extension 'colcon_pkg'
[1.491s] Level 1:colcon.colcon_core.package_identification:_identify(.) by extensions ['colcon_meta']
[1.491s] Level 1:colcon.colcon_core.package_identification:_identify(.) by extension 'colcon_meta'
[1.491s] Level 1:colcon.colcon_core.package_identification:_identify(.) by extensions ['ros']
[1.491s] Level 1:colcon.colcon_core.package_identification:_identify(.) by extension 'ros'
[1.535s] Level 1:colcon.colcon_core.package_identification:_identify(.) by extensions ['cmake', 'python']
[1.535s] Level 1:colcon.colcon_core.package_identification:_identify(.) by extension 'cmake'
[1.535s] Level 1:colcon.colcon_core.package_identification:_identify(.) by extension 'python'
[1.535s] Level 1:colcon.colcon_core.package_identification:_identify(.) by extensions ['python_setup_py']
[1.535s] Level 1:colcon.colcon_core.package_identification:_identify(.) by extension 'python_setup_py'
[1.536s] Level 1:colcon.colcon_core.package_identification:_identify(build) by extensions ['ignore', 'ignore_ament_install']
[1.536s] Level 1:colcon.colcon_core.package_identification:_identify(build) by extension 'ignore'
[1.536s] Level 1:colcon.colcon_core.package_identification:_identify(build) ignored
[1.537s] Level 1:colcon.colcon_core.package_identification:_identify(install) by extensions ['ignore', 'ignore_ament_install']
[1.537s] Level 1:colcon.colcon_core.package_identification:_identify(install) by extension 'ignore'
[1.538s] Level 1:colcon.colcon_core.package_identification:_identify(install) ignored
[1.538s] Level 1:colcon.colcon_core.package_identification:_identify(log) by extensions ['ignore', 'ignore_ament_install']
[1.538s] Level 1:colcon.colcon_core.package_identification:_identify(log) by extension 'ignore'
[1.538s] Level 1:colcon.colcon_core.package_identification:_identify(log) ignored
[1.539s] Level 1:colcon.colcon_core.package_identification:_identify(src) by extensions ['ignore', 'ignore_ament_install']
[1.539s] Level 1:colcon.colcon_core.package_identification:_identify(src) by extension 'ignore'
[1.539s] Level 1:colcon.colcon_core.package_identification:_identify(src) by extension 'ignore_ament_install'
[1.539s] Level 1:colcon.colcon_core.package_identification:_identify(src) by extensions ['colcon_pkg']
[1.540s] Level 1:colcon.colcon_core.package_identification:_identify(src) by extension 'colcon_pkg'
[1.540s] Level 1:colcon.colcon_core.package_identification:_identify(src) by extensions ['colcon_meta']
[1.540s] Level 1:colcon.colcon_core.package_identification:_identify(src) by extension 'colcon_meta'
[1.540s] Level 1:colcon.colcon_core.package_identification:_identify(src) by extensions ['ros']
[1.540s] Level 1:colcon.colcon_core.package_identification:_identify(src) by extension 'ros'
[1.540s] Level 1:colcon.colcon_core.package_identification:_identify(src) by extensions ['cmake', 'python']
[1.541s] Level 1:colcon.colcon_core.package_identification:_identify(src) by extension 'cmake'
[1.541s] Level 1:colcon.colcon_core.package_identification:_identify(src) by extension 'python'
[1.541s] Level 1:colcon.colcon_core.package_identification:_identify(src) by extensions ['python_setup_py']
[1.541s] Level 1:colcon.colcon_core.package_identification:_identify(src) by extension 'python_setup_py'
[1.541s] Level 1:colcon.colcon_core.package_identification:_identify(src/agv) by extensions ['ignore', 'ignore_ament_install']
[1.542s] Level 1:colcon.colcon_core.package_identification:_identify(src/agv) by extension 'ignore'
[1.542s] Level 1:colcon.colcon_core.package_identification:_identify(src/agv) by extension 'ignore_ament_install'
[1.542s] Level 1:colcon.colcon_core.package_identification:_identify(src/agv) by extensions ['colcon_pkg']
[1.542s] Level 1:colcon.colcon_core.package_identification:_identify(src/agv) by extension 'colcon_pkg'
[1.542s] Level 1:colcon.colcon_core.package_identification:_identify(src/agv) by extensions ['colcon_meta']
[1.542s] Level 1:colcon.colcon_core.package_identification:_identify(src/agv) by extension 'colcon_meta'
[1.542s] Level 1:colcon.colcon_core.package_identification:_identify(src/agv) by extensions ['ros']
[1.543s] Level 1:colcon.colcon_core.package_identification:_identify(src/agv) by extension 'ros'
[1.551s] DEBUG:colcon.colcon_core.package_identification:Package 'src/agv' with type 'ros.ament_cmake' and name 'agv'
[1.552s] Level 1:colcon.colcon_core.package_identification:_identify(src/agv_bringup) by extensions ['ignore', 'ignore_ament_install']
[1.552s] Level 1:colcon.colcon_core.package_identification:_identify(src/agv_bringup) by extension 'ignore'
[1.552s] Level 1:colcon.colcon_core.package_identification:_identify(src/agv_bringup) by extension 'ignore_ament_install'
[1.553s] Level 1:colcon.colcon_core.package_identification:_identify(src/agv_bringup) by extensions ['colcon_pkg']
[1.553s] Level 1:colcon.colcon_core.package_identification:_identify(src/agv_bringup) by extension 'colcon_pkg'
[1.553s] Level 1:colcon.colcon_core.package_identification:_identify(src/agv_bringup) by extensions ['colcon_meta']
[1.553s] Level 1:colcon.colcon_core.package_identification:_identify(src/agv_bringup) by extension 'colcon_meta'
[1.553s] Level 1:colcon.colcon_core.package_identification:_identify(src/agv_bringup) by extensions ['ros']
[1.553s] Level 1:colcon.colcon_core.package_identification:_identify(src/agv_bringup) by extension 'ros'
[1.556s] DEBUG:colcon.colcon_core.package_identification:Package 'src/agv_bringup' with type 'ros.ament_python' and name 'agv_bringup'
[1.557s] Level 1:colcon.colcon_core.package_identification:_identify(src/agv_cartographer) by extensions ['ignore', 'ignore_ament_install']
[1.557s] Level 1:colcon.colcon_core.package_identification:_identify(src/agv_cartographer) by extension 'ignore'
[1.557s] Level 1:colcon.colcon_core.package_identification:_identify(src/agv_cartographer) by extension 'ignore_ament_install'
[1.557s] Level 1:colcon.colcon_core.package_identification:_identify(src/agv_cartographer) by extensions ['colcon_pkg']
[1.558s] Level 1:colcon.colcon_core.package_identification:_identify(src/agv_cartographer) by extension 'colcon_pkg'
[1.558s] Level 1:colcon.colcon_core.package_identification:_identify(src/agv_cartographer) by extensions ['colcon_meta']
[1.558s] Level 1:colcon.colcon_core.package_identification:_identify(src/agv_cartographer) by extension 'colcon_meta'
[1.558s] Level 1:colcon.colcon_core.package_identification:_identify(src/agv_cartographer) by extensions ['ros']
[1.558s] Level 1:colcon.colcon_core.package_identification:_identify(src/agv_cartographer) by extension 'ros'
[1.560s] DEBUG:colcon.colcon_core.package_identification:Package 'src/agv_cartographer' with type 'ros.ament_cmake' and name 'agv_cartographer'
[1.561s] Level 1:colcon.colcon_core.package_identification:_identify(src/agv_description) by extensions ['ignore', 'ignore_ament_install']
[1.561s] Level 1:colcon.colcon_core.package_identification:_identify(src/agv_description) by extension 'ignore'
[1.561s] Level 1:colcon.colcon_core.package_identification:_identify(src/agv_description) by extension 'ignore_ament_install'
[1.561s] Level 1:colcon.colcon_core.package_identification:_identify(src/agv_description) by extensions ['colcon_pkg']
[1.561s] Level 1:colcon.colcon_core.package_identification:_identify(src/agv_description) by extension 'colcon_pkg'
[1.562s] Level 1:colcon.colcon_core.package_identification:_identify(src/agv_description) by extensions ['colcon_meta']
[1.562s] Level 1:colcon.colcon_core.package_identification:_identify(src/agv_description) by extension 'colcon_meta'
[1.562s] Level 1:colcon.colcon_core.package_identification:_identify(src/agv_description) by extensions ['ros']
[1.562s] Level 1:colcon.colcon_core.package_identification:_identify(src/agv_description) by extension 'ros'
[1.565s] DEBUG:colcon.colcon_core.package_identification:Package 'src/agv_description' with type 'ros.ament_cmake' and name 'agv_description'
[1.565s] Level 1:colcon.colcon_core.package_identification:_identify(src/agv_interfaces) by extensions ['ignore', 'ignore_ament_install']
[1.565s] Level 1:colcon.colcon_core.package_identification:_identify(src/agv_interfaces) by extension 'ignore'
[1.566s] Level 1:colcon.colcon_core.package_identification:_identify(src/agv_interfaces) by extension 'ignore_ament_install'
[1.566s] Level 1:colcon.colcon_core.package_identification:_identify(src/agv_interfaces) by extensions ['colcon_pkg']
[1.566s] Level 1:colcon.colcon_core.package_identification:_identify(src/agv_interfaces) by extension 'colcon_pkg'
[1.566s] Level 1:colcon.colcon_core.package_identification:_identify(src/agv_interfaces) by extensions ['colcon_meta']
[1.566s] Level 1:colcon.colcon_core.package_identification:_identify(src/agv_interfaces) by extension 'colcon_meta'
[1.566s] Level 1:colcon.colcon_core.package_identification:_identify(src/agv_interfaces) by extensions ['ros']
[1.566s] Level 1:colcon.colcon_core.package_identification:_identify(src/agv_interfaces) by extension 'ros'
[1.568s] DEBUG:colcon.colcon_core.package_identification:Package 'src/agv_interfaces' with type 'ros.ament_cmake' and name 'agv_interfaces'
[1.569s] Level 1:colcon.colcon_core.package_identification:_identify(src/agv_navigation2) by extensions ['ignore', 'ignore_ament_install']
[1.569s] Level 1:colcon.colcon_core.package_identification:_identify(src/agv_navigation2) by extension 'ignore'
[1.570s] Level 1:colcon.colcon_core.package_identification:_identify(src/agv_navigation2) by extension 'ignore_ament_install'
[1.570s] Level 1:colcon.colcon_core.package_identification:_identify(src/agv_navigation2) by extensions ['colcon_pkg']
[1.570s] Level 1:colcon.colcon_core.package_identification:_identify(src/agv_navigation2) by extension 'colcon_pkg'
[1.570s] Level 1:colcon.colcon_core.package_identification:_identify(src/agv_navigation2) by extensions ['colcon_meta']
[1.570s] Level 1:colcon.colcon_core.package_identification:_identify(src/agv_navigation2) by extension 'colcon_meta'
[1.570s] Level 1:colcon.colcon_core.package_identification:_identify(src/agv_navigation2) by extensions ['ros']
[1.570s] Level 1:colcon.colcon_core.package_identification:_identify(src/agv_navigation2) by extension 'ros'
[1.572s] DEBUG:colcon.colcon_core.package_identification:Package 'src/agv_navigation2' with type 'ros.ament_cmake' and name 'agv_navigation2'
[1.573s] Level 1:colcon.colcon_core.package_identification:_identify(src/ydlidar_ros2_driver) by extensions ['ignore', 'ignore_ament_install']
[1.573s] Level 1:colcon.colcon_core.package_identification:_identify(src/ydlidar_ros2_driver) by extension 'ignore'
[1.574s] Level 1:colcon.colcon_core.package_identification:_identify(src/ydlidar_ros2_driver) by extension 'ignore_ament_install'
[1.574s] Level 1:colcon.colcon_core.package_identification:_identify(src/ydlidar_ros2_driver) by extensions ['colcon_pkg']
[1.574s] Level 1:colcon.colcon_core.package_identification:_identify(src/ydlidar_ros2_driver) by extension 'colcon_pkg'
[1.574s] Level 1:colcon.colcon_core.package_identification:_identify(src/ydlidar_ros2_driver) by extensions ['colcon_meta']
[1.574s] Level 1:colcon.colcon_core.package_identification:_identify(src/ydlidar_ros2_driver) by extension 'colcon_meta'
[1.574s] Level 1:colcon.colcon_core.package_identification:_identify(src/ydlidar_ros2_driver) by extensions ['ros']
[1.574s] Level 1:colcon.colcon_core.package_identification:_identify(src/ydlidar_ros2_driver) by extension 'ros'
[1.577s] DEBUG:colcon.colcon_core.package_identification:Package 'src/ydlidar_ros2_driver' with type 'ros.ament_cmake' and name 'ydlidar_ros2_driver'
[1.577s] Level 1:colcon.colcon_core.package_discovery:discover_packages(recursive) using defaults
[1.577s] Level 1:colcon.colcon_core.package_discovery:discover_packages(ignore) discover
[1.577s] Level 1:colcon.colcon_core.package_discovery:discover_packages(ignore) using defaults
[1.577s] Level 1:colcon.colcon_core.package_discovery:discover_packages(path) discover
[1.577s] Level 1:colcon.colcon_core.package_discovery:discover_packages(path) using defaults
[1.646s] Level 1:colcon.colcon_core.package_discovery:discover_packages(prefix_path) check parameters
[1.646s] Level 1:colcon.colcon_core.package_discovery:discover_packages(prefix_path) discover
[1.697s] DEBUG:colcon.colcon_installed_package_information.package_discovery:Found 9 installed packages in /home/pi/ydlidar_ros2_ws/install
[1.700s] DEBUG:colcon.colcon_installed_package_information.package_discovery:Found 7 installed packages in /home/pi/nav_ws/install
[1.709s] DEBUG:colcon.colcon_installed_package_information.package_discovery:Found 296 installed packages in /opt/ros/foxy
[1.716s] Level 1:colcon.colcon_core.package_discovery:discover_packages(prefix_path) using defaults
[2.068s] Level 5:colcon.colcon_core.verb:set package 'agv_cartographer' build argument 'cmake_args' from command line to 'None'
[2.068s] Level 5:colcon.colcon_core.verb:set package 'agv_cartographer' build argument 'cmake_target' from command line to 'None'
[2.068s] Level 5:colcon.colcon_core.verb:set package 'agv_cartographer' build argument 'cmake_target_skip_unavailable' from command line to 'False'
[2.068s] Level 5:colcon.colcon_core.verb:set package 'agv_cartographer' build argument 'cmake_clean_cache' from command line to 'False'
[2.068s] Level 5:colcon.colcon_core.verb:set package 'agv_cartographer' build argument 'cmake_clean_first' from command line to 'False'
[2.068s] Level 5:colcon.colcon_core.verb:set package 'agv_cartographer' build argument 'cmake_force_configure' from command line to 'False'
[2.068s] Level 5:colcon.colcon_core.verb:set package 'agv_cartographer' build argument 'ament_cmake_args' from command line to 'None'
[2.069s] Level 5:colcon.colcon_core.verb:set package 'agv_cartographer' build argument 'catkin_cmake_args' from command line to 'None'
[2.069s] Level 5:colcon.colcon_core.verb:set package 'agv_cartographer' build argument 'catkin_skip_building_tests' from command line to 'False'
[2.069s] DEBUG:colcon.colcon_core.verb:Building package 'agv_cartographer' with the following arguments: {'ament_cmake_args': None, 'build_base': '/home/pi/nav_ws/build/agv_cartographer', 'catkin_cmake_args': None, 'catkin_skip_building_tests': False, 'cmake_args': None, 'cmake_clean_cache': False, 'cmake_clean_first': False, 'cmake_force_configure': False, 'cmake_target': None, 'cmake_target_skip_unavailable': False, 'install_base': '/home/pi/nav_ws/install/agv_cartographer', 'merge_install': False, 'path': '/home/pi/nav_ws/src/agv_cartographer', 'symlink_install': False, 'test_result_base': None}
[2.070s] Level 5:colcon.colcon_core.verb:set package 'agv_description' build argument 'cmake_args' from command line to 'None'
[2.071s] Level 5:colcon.colcon_core.verb:set package 'agv_description' build argument 'cmake_target' from command line to 'None'
[2.071s] Level 5:colcon.colcon_core.verb:set package 'agv_description' build argument 'cmake_target_skip_unavailable' from command line to 'False'
[2.071s] Level 5:colcon.colcon_core.verb:set package 'agv_description' build argument 'cmake_clean_cache' from command line to 'False'
[2.071s] Level 5:colcon.colcon_core.verb:set package 'agv_description' build argument 'cmake_clean_first' from command line to 'False'
[2.071s] Level 5:colcon.colcon_core.verb:set package 'agv_description' build argument 'cmake_force_configure' from command line to 'False'
[2.071s] Level 5:colcon.colcon_core.verb:set package 'agv_description' build argument 'ament_cmake_args' from command line to 'None'
[2.071s] Level 5:colcon.colcon_core.verb:set package 'agv_description' build argument 'catkin_cmake_args' from command line to 'None'
[2.071s] Level 5:colcon.colcon_core.verb:set package 'agv_description' build argument 'catkin_skip_building_tests' from command line to 'False'
[2.071s] DEBUG:colcon.colcon_core.verb:Building package 'agv_description' with the following arguments: {'ament_cmake_args': None, 'build_base': '/home/pi/nav_ws/build/agv_description', 'catkin_cmake_args': None, 'catkin_skip_building_tests': False, 'cmake_args': None, 'cmake_clean_cache': False, 'cmake_clean_first': False, 'cmake_force_configure': False, 'cmake_target': None, 'cmake_target_skip_unavailable': False, 'install_base': '/home/pi/nav_ws/install/agv_description', 'merge_install': False, 'path': '/home/pi/nav_ws/src/agv_description', 'symlink_install': False, 'test_result_base': None}
[2.073s] Level 5:colcon.colcon_core.verb:set package 'agv_interfaces' build argument 'cmake_args' from command line to 'None'
[2.073s] Level 5:colcon.colcon_core.verb:set package 'agv_interfaces' build argument 'cmake_target' from command line to 'None'
[2.073s] Level 5:colcon.colcon_core.verb:set package 'agv_interfaces' build argument 'cmake_target_skip_unavailable' from command line to 'False'
[2.073s] Level 5:colcon.colcon_core.verb:set package 'agv_interfaces' build argument 'cmake_clean_cache' from command line to 'False'
[2.073s] Level 5:colcon.colcon_core.verb:set package 'agv_interfaces' build argument 'cmake_clean_first' from command line to 'False'
[2.073s] Level 5:colcon.colcon_core.verb:set package 'agv_interfaces' build argument 'cmake_force_configure' from command line to 'False'
[2.073s] Level 5:colcon.colcon_core.verb:set package 'agv_interfaces' build argument 'ament_cmake_args' from command line to 'None'
[2.073s] Level 5:colcon.colcon_core.verb:set package 'agv_interfaces' build argument 'catkin_cmake_args' from command line to 'None'
[2.074s] Level 5:colcon.colcon_core.verb:set package 'agv_interfaces' build argument 'catkin_skip_building_tests' from command line to 'False'
[2.074s] DEBUG:colcon.colcon_core.verb:Building package 'agv_interfaces' with the following arguments: {'ament_cmake_args': None, 'build_base': '/home/pi/nav_ws/build/agv_interfaces', 'catkin_cmake_args': None, 'catkin_skip_building_tests': False, 'cmake_args': None, 'cmake_clean_cache': False, 'cmake_clean_first': False, 'cmake_force_configure': False, 'cmake_target': None, 'cmake_target_skip_unavailable': False, 'install_base': '/home/pi/nav_ws/install/agv_interfaces', 'merge_install': False, 'path': '/home/pi/nav_ws/src/agv_interfaces', 'symlink_install': False, 'test_result_base': None}
[2.075s] Level 5:colcon.colcon_core.verb:set package 'agv_navigation2' build argument 'cmake_args' from command line to 'None'
[2.075s] Level 5:colcon.colcon_core.verb:set package 'agv_navigation2' build argument 'cmake_target' from command line to 'None'
[2.075s] Level 5:colcon.colcon_core.verb:set package 'agv_navigation2' build argument 'cmake_target_skip_unavailable' from command line to 'False'
[2.075s] Level 5:colcon.colcon_core.verb:set package 'agv_navigation2' build argument 'cmake_clean_cache' from command line to 'False'
[2.075s] Level 5:colcon.colcon_core.verb:set package 'agv_navigation2' build argument 'cmake_clean_first' from command line to 'False'
[2.076s] Level 5:colcon.colcon_core.verb:set package 'agv_navigation2' build argument 'cmake_force_configure' from command line to 'False'
[2.076s] Level 5:colcon.colcon_core.verb:set package 'agv_navigation2' build argument 'ament_cmake_args' from command line to 'None'
[2.076s] Level 5:colcon.colcon_core.verb:set package 'agv_navigation2' build argument 'catkin_cmake_args' from command line to 'None'
[2.076s] Level 5:colcon.colcon_core.verb:set package 'agv_navigation2' build argument 'catkin_skip_building_tests' from command line to 'False'
[2.076s] DEBUG:colcon.colcon_core.verb:Building package 'agv_navigation2' with the following arguments: {'ament_cmake_args': None, 'build_base': '/home/pi/nav_ws/build/agv_navigation2', 'catkin_cmake_args': None, 'catkin_skip_building_tests': False, 'cmake_args': None, 'cmake_clean_cache': False, 'cmake_clean_first': False, 'cmake_force_configure': False, 'cmake_target': None, 'cmake_target_skip_unavailable': False, 'install_base': '/home/pi/nav_ws/install/agv_navigation2', 'merge_install': False, 'path': '/home/pi/nav_ws/src/agv_navigation2', 'symlink_install': False, 'test_result_base': None}
[2.077s] Level 5:colcon.colcon_core.verb:set package 'ydlidar_ros2_driver' build argument 'cmake_args' from command line to 'None'
[2.078s] Level 5:colcon.colcon_core.verb:set package 'ydlidar_ros2_driver' build argument 'cmake_target' from command line to 'None'
[2.078s] Level 5:colcon.colcon_core.verb:set package 'ydlidar_ros2_driver' build argument 'cmake_target_skip_unavailable' from command line to 'False'
[2.078s] Level 5:colcon.colcon_core.verb:set package 'ydlidar_ros2_driver' build argument 'cmake_clean_cache' from command line to 'False'
[2.078s] Level 5:colcon.colcon_core.verb:set package 'ydlidar_ros2_driver' build argument 'cmake_clean_first' from command line to 'False'
[2.078s] Level 5:colcon.colcon_core.verb:set package 'ydlidar_ros2_driver' build argument 'cmake_force_configure' from command line to 'False'
[2.078s] Level 5:colcon.colcon_core.verb:set package 'ydlidar_ros2_driver' build argument 'ament_cmake_args' from command line to 'None'
[2.078s] Level 5:colcon.colcon_core.verb:set package 'ydlidar_ros2_driver' build argument 'catkin_cmake_args' from command line to 'None'
[2.078s] Level 5:colcon.colcon_core.verb:set package 'ydlidar_ros2_driver' build argument 'catkin_skip_building_tests' from command line to 'False'
[2.078s] DEBUG:colcon.colcon_core.verb:Building package 'ydlidar_ros2_driver' with the following arguments: {'ament_cmake_args': None, 'build_base': '/home/pi/nav_ws/build/ydlidar_ros2_driver', 'catkin_cmake_args': None, 'catkin_skip_building_tests': False, 'cmake_args': None, 'cmake_clean_cache': False, 'cmake_clean_first': False, 'cmake_force_configure': False, 'cmake_target': None, 'cmake_target_skip_unavailable': False, 'install_base': '/home/pi/nav_ws/install/ydlidar_ros2_driver', 'merge_install': False, 'path': '/home/pi/nav_ws/src/ydlidar_ros2_driver', 'symlink_install': False, 'test_result_base': None}
[2.080s] Level 5:colcon.colcon_core.verb:set package 'agv_bringup' build argument 'cmake_args' from command line to 'None'
[2.080s] Level 5:colcon.colcon_core.verb:set package 'agv_bringup' build argument 'cmake_target' from command line to 'None'
[2.080s] Level 5:colcon.colcon_core.verb:set package 'agv_bringup' build argument 'cmake_target_skip_unavailable' from command line to 'False'
[2.080s] Level 5:colcon.colcon_core.verb:set package 'agv_bringup' build argument 'cmake_clean_cache' from command line to 'False'
[2.080s] Level 5:colcon.colcon_core.verb:set package 'agv_bringup' build argument 'cmake_clean_first' from command line to 'False'
[2.080s] Level 5:colcon.colcon_core.verb:set package 'agv_bringup' build argument 'cmake_force_configure' from command line to 'False'
[2.080s] Level 5:colcon.colcon_core.verb:set package 'agv_bringup' build argument 'ament_cmake_args' from command line to 'None'
[2.080s] Level 5:colcon.colcon_core.verb:set package 'agv_bringup' build argument 'catkin_cmake_args' from command line to 'None'
[2.081s] Level 5:colcon.colcon_core.verb:set package 'agv_bringup' build argument 'catkin_skip_building_tests' from command line to 'False'
[2.081s] DEBUG:colcon.colcon_core.verb:Building package 'agv_bringup' with the following arguments: {'ament_cmake_args': None, 'build_base': '/home/pi/nav_ws/build/agv_bringup', 'catkin_cmake_args': None, 'catkin_skip_building_tests': False, 'cmake_args': None, 'cmake_clean_cache': False, 'cmake_clean_first': False, 'cmake_force_configure': False, 'cmake_target': None, 'cmake_target_skip_unavailable': False, 'install_base': '/home/pi/nav_ws/install/agv_bringup', 'merge_install': False, 'path': '/home/pi/nav_ws/src/agv_bringup', 'symlink_install': False, 'test_result_base': None}
[2.082s] Level 5:colcon.colcon_core.verb:set package 'agv' build argument 'cmake_args' from command line to 'None'
[2.082s] Level 5:colcon.colcon_core.verb:set package 'agv' build argument 'cmake_target' from command line to 'None'
[2.082s] Level 5:colcon.colcon_core.verb:set package 'agv' build argument 'cmake_target_skip_unavailable' from command line to 'False'
[2.082s] Level 5:colcon.colcon_core.verb:set package 'agv' build argument 'cmake_clean_cache' from command line to 'False'
[2.083s] Level 5:colcon.colcon_core.verb:set package 'agv' build argument 'cmake_clean_first' from command line to 'False'
[2.083s] Level 5:colcon.colcon_core.verb:set package 'agv' build argument 'cmake_force_configure' from command line to 'False'
[2.083s] Level 5:colcon.colcon_core.verb:set package 'agv' build argument 'ament_cmake_args' from command line to 'None'
[2.083s] Level 5:colcon.colcon_core.verb:set package 'agv' build argument 'catkin_cmake_args' from command line to 'None'
[2.083s] Level 5:colcon.colcon_core.verb:set package 'agv' build argument 'catkin_skip_building_tests' from command line to 'False'
[2.083s] DEBUG:colcon.colcon_core.verb:Building package 'agv' with the following arguments: {'ament_cmake_args': None, 'build_base': '/home/pi/nav_ws/build/agv', 'catkin_cmake_args': None, 'catkin_skip_building_tests': False, 'cmake_args': None, 'cmake_clean_cache': False, 'cmake_clean_first': False, 'cmake_force_configure': False, 'cmake_target': None, 'cmake_target_skip_unavailable': False, 'install_base': '/home/pi/nav_ws/install/agv', 'merge_install': False, 'path': '/home/pi/nav_ws/src/agv', 'symlink_install': False, 'test_result_base': None}
[2.083s] INFO:colcon.colcon_core.executor:Executing jobs using 'parallel' executor
[2.087s] DEBUG:colcon.colcon_parallel_executor.executor.parallel:run_until_complete
[2.088s] INFO:colcon.colcon_ros.task.ament_cmake.build:Building ROS package in '/home/pi/nav_ws/src/agv_description' with build type 'ament_cmake'
[2.089s] INFO:colcon.colcon_cmake.task.cmake.build:Building CMake package in '/home/pi/nav_ws/src/agv_description'
[2.098s] INFO:colcon.colcon_core.plugin_system:Skipping extension 'colcon_core.shell.bat': Not used on non-Windows systems
[2.099s] INFO:colcon.colcon_core.shell:Skip shell extension 'powershell' for command environment: Not usable outside of PowerShell
[2.099s] DEBUG:colcon.colcon_core.shell:Skip shell extension 'dsv' for command environment
[2.129s] INFO:colcon.colcon_ros.task.ament_cmake.build:Building ROS package in '/home/pi/nav_ws/src/agv_interfaces' with build type 'ament_cmake'
[2.130s] INFO:colcon.colcon_cmake.task.cmake.build:Building CMake package in '/home/pi/nav_ws/src/agv_interfaces'
[2.132s] INFO:colcon.colcon_core.shell:Skip shell extension 'powershell' for command environment: Not usable outside of PowerShell
[2.132s] DEBUG:colcon.colcon_core.shell:Skip shell extension 'dsv' for command environment
[2.164s] INFO:colcon.colcon_ros.task.ament_cmake.build:Building ROS package in '/home/pi/nav_ws/src/agv_cartographer' with build type 'ament_cmake'
[2.165s] INFO:colcon.colcon_cmake.task.cmake.build:Building CMake package in '/home/pi/nav_ws/src/agv_cartographer'
[2.167s] INFO:colcon.colcon_core.shell:Skip shell extension 'powershell' for command environment: Not usable outside of PowerShell
[2.167s] DEBUG:colcon.colcon_core.shell:Skip shell extension 'dsv' for command environment
[2.200s] INFO:colcon.colcon_ros.task.ament_cmake.build:Building ROS package in '/home/pi/nav_ws/src/agv_navigation2' with build type 'ament_cmake'
[2.201s] INFO:colcon.colcon_cmake.task.cmake.build:Building CMake package in '/home/pi/nav_ws/src/agv_navigation2'
[2.203s] INFO:colcon.colcon_core.shell:Skip shell extension 'powershell' for command environment: Not usable outside of PowerShell
[2.203s] DEBUG:colcon.colcon_core.shell:Skip shell extension 'dsv' for command environment
[2.254s] DEBUG:colcon.colcon_core.event_handler.log_command:Invoking command in '/home/pi/nav_ws/build/agv_description': CMAKE_PREFIX_PATH=${CMAKE_PREFIX_PATH}:/home/pi/ydlidar_ros2_ws/install/nav2_gazebo_spawner:/home/pi/ydlidar_ros2_ws/install/jdamr200_teleop:/home/pi/ydlidar_ros2_ws/install/jdamr200_node:/home/pi/nav_ws/install/agv_bringup:/opt/ros/foxy /usr/bin/cmake --build /home/pi/nav_ws/build/agv_description -- -j4 -l4
[2.289s] DEBUG:colcon.colcon_core.event_handler.log_command:Invoking command in '/home/pi/nav_ws/build/agv_interfaces': CMAKE_PREFIX_PATH=${CMAKE_PREFIX_PATH}:/home/pi/ydlidar_ros2_ws/install/nav2_gazebo_spawner:/home/pi/ydlidar_ros2_ws/install/jdamr200_teleop:/home/pi/ydlidar_ros2_ws/install/jdamr200_node:/home/pi/nav_ws/install/agv_bringup:/opt/ros/foxy /usr/bin/cmake --build /home/pi/nav_ws/build/agv_interfaces -- -j4 -l4
[2.314s] DEBUG:colcon.colcon_core.event_handler.log_command:Invoking command in '/home/pi/nav_ws/build/agv_cartographer': CMAKE_PREFIX_PATH=${CMAKE_PREFIX_PATH}:/home/pi/ydlidar_ros2_ws/install/nav2_gazebo_spawner:/home/pi/ydlidar_ros2_ws/install/jdamr200_teleop:/home/pi/ydlidar_ros2_ws/install/jdamr200_node:/home/pi/nav_ws/install/agv_bringup:/opt/ros/foxy /usr/bin/cmake --build /home/pi/nav_ws/build/agv_cartographer -- -j4 -l4
[2.367s] DEBUG:colcon.colcon_core.event_handler.log_command:Invoking command in '/home/pi/nav_ws/build/agv_navigation2': CMAKE_PREFIX_PATH=${CMAKE_PREFIX_PATH}:/home/pi/ydlidar_ros2_ws/install/nav2_gazebo_spawner:/home/pi/ydlidar_ros2_ws/install/jdamr200_teleop:/home/pi/ydlidar_ros2_ws/install/jdamr200_node:/home/pi/nav_ws/install/agv_bringup:/opt/ros/foxy /usr/bin/cmake --build /home/pi/nav_ws/build/agv_navigation2 -- -j4 -l4
[2.465s] DEBUG:colcon.colcon_core.event_handler.log_command:Invoked command in '/home/pi/nav_ws/build/agv_description' returned '0': CMAKE_PREFIX_PATH=${CMAKE_PREFIX_PATH}:/home/pi/ydlidar_ros2_ws/install/nav2_gazebo_spawner:/home/pi/ydlidar_ros2_ws/install/jdamr200_teleop:/home/pi/ydlidar_ros2_ws/install/jdamr200_node:/home/pi/nav_ws/install/agv_bringup:/opt/ros/foxy /usr/bin/cmake --build /home/pi/nav_ws/build/agv_description -- -j4 -l4
[2.526s] DEBUG:colcon.colcon_core.event_handler.log_command:Invoked command in '/home/pi/nav_ws/build/agv_cartographer' returned '0': CMAKE_PREFIX_PATH=${CMAKE_PREFIX_PATH}:/home/pi/ydlidar_ros2_ws/install/nav2_gazebo_spawner:/home/pi/ydlidar_ros2_ws/install/jdamr200_teleop:/home/pi/ydlidar_ros2_ws/install/jdamr200_node:/home/pi/nav_ws/install/agv_bringup:/opt/ros/foxy /usr/bin/cmake --build /home/pi/nav_ws/build/agv_cartographer -- -j4 -l4
[2.568s] DEBUG:colcon.colcon_core.event_handler.log_command:Invoked command in '/home/pi/nav_ws/build/agv_navigation2' returned '0': CMAKE_PREFIX_PATH=${CMAKE_PREFIX_PATH}:/home/pi/ydlidar_ros2_ws/install/nav2_gazebo_spawner:/home/pi/ydlidar_ros2_ws/install/jdamr200_teleop:/home/pi/ydlidar_ros2_ws/install/jdamr200_node:/home/pi/nav_ws/install/agv_bringup:/opt/ros/foxy /usr/bin/cmake --build /home/pi/nav_ws/build/agv_navigation2 -- -j4 -l4
[2.685s] DEBUG:colcon.colcon_core.event_handler.log_command:Invoking command in '/home/pi/nav_ws/build/agv_description': CMAKE_PREFIX_PATH=${CMAKE_PREFIX_PATH}:/home/pi/ydlidar_ros2_ws/install/nav2_gazebo_spawner:/home/pi/ydlidar_ros2_ws/install/jdamr200_teleop:/home/pi/ydlidar_ros2_ws/install/jdamr200_node:/home/pi/nav_ws/install/agv_bringup:/opt/ros/foxy /usr/bin/cmake --install /home/pi/nav_ws/build/agv_description
[2.789s] DEBUG:colcon.colcon_core.event_handler.log_command:Invoking command in '/home/pi/nav_ws/build/agv_cartographer': CMAKE_PREFIX_PATH=${CMAKE_PREFIX_PATH}:/home/pi/ydlidar_ros2_ws/install/nav2_gazebo_spawner:/home/pi/ydlidar_ros2_ws/install/jdamr200_teleop:/home/pi/ydlidar_ros2_ws/install/jdamr200_node:/home/pi/nav_ws/install/agv_bringup:/opt/ros/foxy /usr/bin/cmake --install /home/pi/nav_ws/build/agv_cartographer
[2.815s] Level 1:colcon.colcon_core.environment:create_environment_scripts_only(agv_description)
[2.819s] DEBUG:colcon.colcon_core.event_handler.log_command:Invoked command in '/home/pi/nav_ws/build/agv_description' returned '0': CMAKE_PREFIX_PATH=${CMAKE_PREFIX_PATH}:/home/pi/ydlidar_ros2_ws/install/nav2_gazebo_spawner:/home/pi/ydlidar_ros2_ws/install/jdamr200_teleop:/home/pi/ydlidar_ros2_ws/install/jdamr200_node:/home/pi/nav_ws/install/agv_bringup:/opt/ros/foxy /usr/bin/cmake --install /home/pi/nav_ws/build/agv_description
[2.843s] Level 1:colcon.colcon_core.environment:checking '/home/pi/nav_ws/install/agv_description' for CMake module files
[2.848s] Level 1:colcon.colcon_core.environment:checking '/home/pi/nav_ws/install/agv_description' for CMake config files
[2.851s] Level 1:colcon.colcon_core.shell:create_environment_hook('agv_description', 'cmake_prefix_path')
[2.853s] INFO:colcon.colcon_core.shell:Creating environment hook '/home/pi/nav_ws/install/agv_description/share/agv_description/hook/cmake_prefix_path.ps1'
[2.858s] INFO:colcon.colcon_core.shell:Creating environment descriptor '/home/pi/nav_ws/install/agv_description/share/agv_description/hook/cmake_prefix_path.dsv'
[2.866s] INFO:colcon.colcon_core.shell:Creating environment hook '/home/pi/nav_ws/install/agv_description/share/agv_description/hook/cmake_prefix_path.sh'
[2.886s] Level 1:colcon.colcon_core.environment:checking '/home/pi/nav_ws/install/agv_description/bin'
[2.888s] Level 1:colcon.colcon_core.environment:checking '/home/pi/nav_ws/install/agv_description/lib/pkgconfig/agv_description.pc'
[2.890s] Level 1:colcon.colcon_core.environment:checking '/home/pi/nav_ws/install/agv_description/lib/python3.8/site-packages'
[2.891s] Level 1:colcon.colcon_core.environment:checking '/home/pi/nav_ws/install/agv_description/bin'
[2.893s] INFO:colcon.colcon_core.shell:Creating package script '/home/pi/nav_ws/install/agv_description/share/agv_description/package.ps1'
[2.899s] INFO:colcon.colcon_core.shell:Creating package descriptor '/home/pi/nav_ws/install/agv_description/share/agv_description/package.dsv'
[2.904s] INFO:colcon.colcon_core.shell:Creating package script '/home/pi/nav_ws/install/agv_description/share/agv_description/package.sh'
[2.909s] INFO:colcon.colcon_core.shell:Creating package script '/home/pi/nav_ws/install/agv_description/share/agv_description/package.bash'
[2.912s] INFO:colcon.colcon_core.shell:Creating package script '/home/pi/nav_ws/install/agv_description/share/agv_description/package.zsh'
[2.915s] Level 1:colcon.colcon_core.environment:create_file_with_runtime_dependencies(/home/pi/nav_ws/install/agv_description/share/colcon-core/packages/agv_description)
[2.936s] Level 1:colcon.colcon_core.environment:create_environment_scripts_only(agv_cartographer)
[2.939s] Level 1:colcon.colcon_core.environment:checking '/home/pi/nav_ws/install/agv_cartographer' for CMake module files
[2.942s] DEBUG:colcon.colcon_core.event_handler.log_command:Invoked command in '/home/pi/nav_ws/build/agv_cartographer' returned '0': CMAKE_PREFIX_PATH=${CMAKE_PREFIX_PATH}:/home/pi/ydlidar_ros2_ws/install/nav2_gazebo_spawner:/home/pi/ydlidar_ros2_ws/install/jdamr200_teleop:/home/pi/ydlidar_ros2_ws/install/jdamr200_node:/home/pi/nav_ws/install/agv_bringup:/opt/ros/foxy /usr/bin/cmake --install /home/pi/nav_ws/build/agv_cartographer
[2.945s] Level 1:colcon.colcon_core.environment:checking '/home/pi/nav_ws/install/agv_cartographer' for CMake config files
[2.948s] Level 1:colcon.colcon_core.shell:create_environment_hook('agv_cartographer', 'cmake_prefix_path')
[2.950s] INFO:colcon.colcon_core.shell:Creating environment hook '/home/pi/nav_ws/install/agv_cartographer/share/agv_cartographer/hook/cmake_prefix_path.ps1'
[2.953s] INFO:colcon.colcon_core.shell:Creating environment descriptor '/home/pi/nav_ws/install/agv_cartographer/share/agv_cartographer/hook/cmake_prefix_path.dsv'
[2.957s] INFO:colcon.colcon_core.shell:Creating environment hook '/home/pi/nav_ws/install/agv_cartographer/share/agv_cartographer/hook/cmake_prefix_path.sh'
[2.964s] Level 1:colcon.colcon_core.environment:checking '/home/pi/nav_ws/install/agv_cartographer/bin'
[2.965s] Level 1:colcon.colcon_core.environment:checking '/home/pi/nav_ws/install/agv_cartographer/lib/pkgconfig/agv_cartographer.pc'
[2.966s] Level 1:colcon.colcon_core.environment:checking '/home/pi/nav_ws/install/agv_cartographer/lib/python3.8/site-packages'
[2.967s] Level 1:colcon.colcon_core.environment:checking '/home/pi/nav_ws/install/agv_cartographer/bin'
[2.968s] INFO:colcon.colcon_core.shell:Creating package script '/home/pi/nav_ws/install/agv_cartographer/share/agv_cartographer/package.ps1'
[2.971s] INFO:colcon.colcon_core.shell:Creating package descriptor '/home/pi/nav_ws/install/agv_cartographer/share/agv_cartographer/package.dsv'
[2.974s] INFO:colcon.colcon_core.shell:Creating package script '/home/pi/nav_ws/install/agv_cartographer/share/agv_cartographer/package.sh'
[2.977s] INFO:colcon.colcon_core.shell:Creating package script '/home/pi/nav_ws/install/agv_cartographer/share/agv_cartographer/package.bash'
[2.979s] INFO:colcon.colcon_core.shell:Creating package script '/home/pi/nav_ws/install/agv_cartographer/share/agv_cartographer/package.zsh'
[2.981s] Level 1:colcon.colcon_core.environment:create_file_with_runtime_dependencies(/home/pi/nav_ws/install/agv_cartographer/share/colcon-core/packages/agv_cartographer)
[3.009s] DEBUG:colcon.colcon_core.event_handler.log_command:Invoking command in '/home/pi/nav_ws/build/agv_navigation2': CMAKE_PREFIX_PATH=${CMAKE_PREFIX_PATH}:/home/pi/ydlidar_ros2_ws/install/nav2_gazebo_spawner:/home/pi/ydlidar_ros2_ws/install/jdamr200_teleop:/home/pi/ydlidar_ros2_ws/install/jdamr200_node:/home/pi/nav_ws/install/agv_bringup:/opt/ros/foxy /usr/bin/cmake --install /home/pi/nav_ws/build/agv_navigation2
[3.069s] Level 1:colcon.colcon_core.environment:create_environment_scripts_only(agv_navigation2)
[3.071s] Level 1:colcon.colcon_core.environment:checking '/home/pi/nav_ws/install/agv_navigation2' for CMake module files
[3.085s] DEBUG:colcon.colcon_core.event_handler.log_command:Invoked command in '/home/pi/nav_ws/build/agv_navigation2' returned '0': CMAKE_PREFIX_PATH=${CMAKE_PREFIX_PATH}:/home/pi/ydlidar_ros2_ws/install/nav2_gazebo_spawner:/home/pi/ydlidar_ros2_ws/install/jdamr200_teleop:/home/pi/ydlidar_ros2_ws/install/jdamr200_node:/home/pi/nav_ws/install/agv_bringup:/opt/ros/foxy /usr/bin/cmake --install /home/pi/nav_ws/build/agv_navigation2
[3.085s] Level 1:colcon.colcon_core.environment:checking '/home/pi/nav_ws/install/agv_navigation2' for CMake config files
[3.087s] Level 1:colcon.colcon_core.shell:create_environment_hook('agv_navigation2', 'cmake_prefix_path')
[3.089s] INFO:colcon.colcon_core.shell:Creating environment hook '/home/pi/nav_ws/install/agv_navigation2/share/agv_navigation2/hook/cmake_prefix_path.ps1'
[3.091s] INFO:colcon.colcon_core.shell:Creating environment descriptor '/home/pi/nav_ws/install/agv_navigation2/share/agv_navigation2/hook/cmake_prefix_path.dsv'
[3.094s] INFO:colcon.colcon_core.shell:Creating environment hook '/home/pi/nav_ws/install/agv_navigation2/share/agv_navigation2/hook/cmake_prefix_path.sh'
[3.098s] Level 1:colcon.colcon_core.environment:checking '/home/pi/nav_ws/install/agv_navigation2/bin'
[3.098s] Level 1:colcon.colcon_core.environment:checking '/home/pi/nav_ws/install/agv_navigation2/lib/pkgconfig/agv_navigation2.pc'
[3.099s] Level 1:colcon.colcon_core.environment:checking '/home/pi/nav_ws/install/agv_navigation2/lib/python3.8/site-packages'
[3.101s] Level 1:colcon.colcon_core.environment:checking '/home/pi/nav_ws/install/agv_navigation2/bin'
[3.102s] INFO:colcon.colcon_core.shell:Creating package script '/home/pi/nav_ws/install/agv_navigation2/share/agv_navigation2/package.ps1'
[3.106s] INFO:colcon.colcon_core.shell:Creating package descriptor '/home/pi/nav_ws/install/agv_navigation2/share/agv_navigation2/package.dsv'
[3.109s] INFO:colcon.colcon_core.shell:Creating package script '/home/pi/nav_ws/install/agv_navigation2/share/agv_navigation2/package.sh'
[3.113s] INFO:colcon.colcon_core.shell:Creating package script '/home/pi/nav_ws/install/agv_navigation2/share/agv_navigation2/package.bash'
[3.116s] INFO:colcon.colcon_core.shell:Creating package script '/home/pi/nav_ws/install/agv_navigation2/share/agv_navigation2/package.zsh'
[3.118s] Level 1:colcon.colcon_core.environment:create_file_with_runtime_dependencies(/home/pi/nav_ws/install/agv_navigation2/share/colcon-core/packages/agv_navigation2)
[3.134s] Level 1:colcon.colcon_core.environment:create_environment_scripts_only(agv_description)
[3.136s] Level 1:colcon.colcon_core.environment:checking '/home/pi/nav_ws/install/agv_description' for CMake module files
[3.139s] Level 1:colcon.colcon_core.environment:checking '/home/pi/nav_ws/install/agv_description' for CMake config files
[3.142s] Level 1:colcon.colcon_core.shell:create_environment_hook('agv_description', 'cmake_prefix_path')
[3.144s] INFO:colcon.colcon_core.shell:Creating environment hook '/home/pi/nav_ws/install/agv_description/share/agv_description/hook/cmake_prefix_path.ps1'
[3.147s] INFO:colcon.colcon_core.shell:Creating environment descriptor '/home/pi/nav_ws/install/agv_description/share/agv_description/hook/cmake_prefix_path.dsv'
[3.150s] INFO:colcon.colcon_core.shell:Creating environment hook '/home/pi/nav_ws/install/agv_description/share/agv_description/hook/cmake_prefix_path.sh'
[3.154s] Level 1:colcon.colcon_core.environment:checking '/home/pi/nav_ws/install/agv_description/bin'
[3.155s] Level 1:colcon.colcon_core.environment:checking '/home/pi/nav_ws/install/agv_description/lib/pkgconfig/agv_description.pc'
[3.156s] Level 1:colcon.colcon_core.environment:checking '/home/pi/nav_ws/install/agv_description/lib/python3.8/site-packages'
[3.157s] Level 1:colcon.colcon_core.environment:checking '/home/pi/nav_ws/install/agv_description/bin'
[3.159s] INFO:colcon.colcon_core.shell:Creating package script '/home/pi/nav_ws/install/agv_description/share/agv_description/package.ps1'
[3.164s] INFO:colcon.colcon_core.shell:Creating package descriptor '/home/pi/nav_ws/install/agv_description/share/agv_description/package.dsv'
[3.167s] INFO:colcon.colcon_core.shell:Creating package script '/home/pi/nav_ws/install/agv_description/share/agv_description/package.sh'
[3.170s] INFO:colcon.colcon_core.shell:Creating package script '/home/pi/nav_ws/install/agv_description/share/agv_description/package.bash'
[3.173s] INFO:colcon.colcon_core.shell:Creating package script '/home/pi/nav_ws/install/agv_description/share/agv_description/package.zsh'
[3.175s] Level 1:colcon.colcon_core.environment:create_file_with_runtime_dependencies(/home/pi/nav_ws/install/agv_description/share/colcon-core/packages/agv_description)
[3.178s] Level 1:colcon.colcon_core.environment:create_environment_scripts_only(agv_cartographer)
[3.179s] Level 1:colcon.colcon_core.environment:checking '/home/pi/nav_ws/install/agv_cartographer' for CMake module files
[3.185s] Level 1:colcon.colcon_core.environment:checking '/home/pi/nav_ws/install/agv_cartographer' for CMake config files
[3.186s] Level 1:colcon.colcon_core.shell:create_environment_hook('agv_cartographer', 'cmake_prefix_path')
[3.188s] INFO:colcon.colcon_core.shell:Creating environment hook '/home/pi/nav_ws/install/agv_cartographer/share/agv_cartographer/hook/cmake_prefix_path.ps1'
[3.190s] INFO:colcon.colcon_core.shell:Creating environment descriptor '/home/pi/nav_ws/install/agv_cartographer/share/agv_cartographer/hook/cmake_prefix_path.dsv'
[3.193s] INFO:colcon.colcon_core.shell:Creating environment hook '/home/pi/nav_ws/install/agv_cartographer/share/agv_cartographer/hook/cmake_prefix_path.sh'
[3.197s] Level 1:colcon.colcon_core.environment:checking '/home/pi/nav_ws/install/agv_cartographer/bin'
[3.197s] Level 1:colcon.colcon_core.environment:checking '/home/pi/nav_ws/install/agv_cartographer/lib/pkgconfig/agv_cartographer.pc'
[3.198s] Level 1:colcon.colcon_core.environment:checking '/home/pi/nav_ws/install/agv_cartographer/lib/python3.8/site-packages'
[3.199s] Level 1:colcon.colcon_core.environment:checking '/home/pi/nav_ws/install/agv_cartographer/bin'
[3.201s] INFO:colcon.colcon_core.shell:Creating package script '/home/pi/nav_ws/install/agv_cartographer/share/agv_cartographer/package.ps1'
[3.205s] INFO:colcon.colcon_core.shell:Creating package descriptor '/home/pi/nav_ws/install/agv_cartographer/share/agv_cartographer/package.dsv'
[3.208s] INFO:colcon.colcon_core.shell:Creating package script '/home/pi/nav_ws/install/agv_cartographer/share/agv_cartographer/package.sh'
[3.211s] INFO:colcon.colcon_core.shell:Creating package script '/home/pi/nav_ws/install/agv_cartographer/share/agv_cartographer/package.bash'
[3.214s] INFO:colcon.colcon_core.shell:Creating package script '/home/pi/nav_ws/install/agv_cartographer/share/agv_cartographer/package.zsh'
[3.217s] Level 1:colcon.colcon_core.environment:create_file_with_runtime_dependencies(/home/pi/nav_ws/install/agv_cartographer/share/colcon-core/packages/agv_cartographer)
[3.220s] INFO:colcon.colcon_ros.task.ament_cmake.build:Building ROS package in '/home/pi/nav_ws/src/ydlidar_ros2_driver' with build type 'ament_cmake'
[3.221s] INFO:colcon.colcon_cmake.task.cmake.build:Building CMake package in '/home/pi/nav_ws/src/ydlidar_ros2_driver'
[3.223s] INFO:colcon.colcon_core.shell:Skip shell extension 'powershell' for command environment: Not usable outside of PowerShell
[3.223s] DEBUG:colcon.colcon_core.shell:Skip shell extension 'dsv' for command environment
[3.266s] Level 1:colcon.colcon_core.environment:create_environment_scripts_only(agv_navigation2)
[3.267s] Level 1:colcon.colcon_core.environment:checking '/home/pi/nav_ws/install/agv_navigation2' for CMake module files
[3.270s] Level 1:colcon.colcon_core.environment:checking '/home/pi/nav_ws/install/agv_navigation2' for CMake config files
[3.271s] Level 1:colcon.colcon_core.shell:create_environment_hook('agv_navigation2', 'cmake_prefix_path')
[3.272s] INFO:colcon.colcon_core.shell:Creating environment hook '/home/pi/nav_ws/install/agv_navigation2/share/agv_navigation2/hook/cmake_prefix_path.ps1'
[3.275s] INFO:colcon.colcon_core.shell:Creating environment descriptor '/home/pi/nav_ws/install/agv_navigation2/share/agv_navigation2/hook/cmake_prefix_path.dsv'
[3.277s] INFO:colcon.colcon_core.shell:Creating environment hook '/home/pi/nav_ws/install/agv_navigation2/share/agv_navigation2/hook/cmake_prefix_path.sh'
[3.281s] Level 1:colcon.colcon_core.environment:checking '/home/pi/nav_ws/install/agv_navigation2/bin'
[3.281s] Level 1:colcon.colcon_core.environment:checking '/home/pi/nav_ws/install/agv_navigation2/lib/pkgconfig/agv_navigation2.pc'
[3.282s] Level 1:colcon.colcon_core.environment:checking '/home/pi/nav_ws/install/agv_navigation2/lib/python3.8/site-packages'
[3.283s] Level 1:colcon.colcon_core.environment:checking '/home/pi/nav_ws/install/agv_navigation2/bin'
[3.284s] INFO:colcon.colcon_core.shell:Creating package script '/home/pi/nav_ws/install/agv_navigation2/share/agv_navigation2/package.ps1'
[3.287s] INFO:colcon.colcon_core.shell:Creating package descriptor '/home/pi/nav_ws/install/agv_navigation2/share/agv_navigation2/package.dsv'
[3.290s] INFO:colcon.colcon_core.shell:Creating package script '/home/pi/nav_ws/install/agv_navigation2/share/agv_navigation2/package.sh'
[3.293s] INFO:colcon.colcon_core.shell:Creating package script '/home/pi/nav_ws/install/agv_navigation2/share/agv_navigation2/package.bash'
[3.296s] INFO:colcon.colcon_core.shell:Creating package script '/home/pi/nav_ws/install/agv_navigation2/share/agv_navigation2/package.zsh'
[3.299s] Level 1:colcon.colcon_core.environment:create_file_with_runtime_dependencies(/home/pi/nav_ws/install/agv_navigation2/share/colcon-core/packages/agv_navigation2)
[3.322s] DEBUG:colcon.colcon_core.event_handler.log_command:Invoking command in '/home/pi/nav_ws/build/ydlidar_ros2_driver': CMAKE_PREFIX_PATH=${CMAKE_PREFIX_PATH}:/home/pi/ydlidar_ros2_ws/install/nav2_gazebo_spawner:/home/pi/ydlidar_ros2_ws/install/jdamr200_teleop:/home/pi/ydlidar_ros2_ws/install/jdamr200_node:/home/pi/nav_ws/install/agv_bringup:/opt/ros/foxy /usr/bin/cmake --build /home/pi/nav_ws/build/ydlidar_ros2_driver -- -j4 -l4
[3.643s] DEBUG:colcon.colcon_core.event_handler.log_command:Invoked command in '/home/pi/nav_ws/build/agv_interfaces' returned '0': CMAKE_PREFIX_PATH=${CMAKE_PREFIX_PATH}:/home/pi/ydlidar_ros2_ws/install/nav2_gazebo_spawner:/home/pi/ydlidar_ros2_ws/install/jdamr200_teleop:/home/pi/ydlidar_ros2_ws/install/jdamr200_node:/home/pi/nav_ws/install/agv_bringup:/opt/ros/foxy /usr/bin/cmake --build /home/pi/nav_ws/build/agv_interfaces -- -j4 -l4
[3.715s] DEBUG:colcon.colcon_core.event_handler.log_command:Invoked command in '/home/pi/nav_ws/build/ydlidar_ros2_driver' returned '0': CMAKE_PREFIX_PATH=${CMAKE_PREFIX_PATH}:/home/pi/ydlidar_ros2_ws/install/nav2_gazebo_spawner:/home/pi/ydlidar_ros2_ws/install/jdamr200_teleop:/home/pi/ydlidar_ros2_ws/install/jdamr200_node:/home/pi/nav_ws/install/agv_bringup:/opt/ros/foxy /usr/bin/cmake --build /home/pi/nav_ws/build/ydlidar_ros2_driver -- -j4 -l4
[3.870s] DEBUG:colcon.colcon_core.event_handler.log_command:Invoking command in '/home/pi/nav_ws/build/ydlidar_ros2_driver': CMAKE_PREFIX_PATH=${CMAKE_PREFIX_PATH}:/home/pi/ydlidar_ros2_ws/install/nav2_gazebo_spawner:/home/pi/ydlidar_ros2_ws/install/jdamr200_teleop:/home/pi/ydlidar_ros2_ws/install/jdamr200_node:/home/pi/nav_ws/install/agv_bringup:/opt/ros/foxy /usr/bin/cmake --install /home/pi/nav_ws/build/ydlidar_ros2_driver
[3.926s] Level 1:colcon.colcon_core.environment:create_environment_scripts_only(ydlidar_ros2_driver)
[3.928s] Level 1:colcon.colcon_core.environment:checking '/home/pi/nav_ws/install/ydlidar_ros2_driver' for CMake module files
[3.936s] DEBUG:colcon.colcon_core.event_handler.log_command:Invoked command in '/home/pi/nav_ws/build/ydlidar_ros2_driver' returned '0': CMAKE_PREFIX_PATH=${CMAKE_PREFIX_PATH}:/home/pi/ydlidar_ros2_ws/install/nav2_gazebo_spawner:/home/pi/ydlidar_ros2_ws/install/jdamr200_teleop:/home/pi/ydlidar_ros2_ws/install/jdamr200_node:/home/pi/nav_ws/install/agv_bringup:/opt/ros/foxy /usr/bin/cmake --install /home/pi/nav_ws/build/ydlidar_ros2_driver
[3.937s] Level 1:colcon.colcon_core.environment:checking '/home/pi/nav_ws/install/ydlidar_ros2_driver' for CMake config files
[3.940s] Level 1:colcon.colcon_core.shell:create_environment_hook('ydlidar_ros2_driver', 'cmake_prefix_path')
[3.941s] INFO:colcon.colcon_core.shell:Creating environment hook '/home/pi/nav_ws/install/ydlidar_ros2_driver/share/ydlidar_ros2_driver/hook/cmake_prefix_path.ps1'
[3.944s] INFO:colcon.colcon_core.shell:Creating environment descriptor '/home/pi/nav_ws/install/ydlidar_ros2_driver/share/ydlidar_ros2_driver/hook/cmake_prefix_path.dsv'
[3.946s] INFO:colcon.colcon_core.shell:Creating environment hook '/home/pi/nav_ws/install/ydlidar_ros2_driver/share/ydlidar_ros2_driver/hook/cmake_prefix_path.sh'
[3.949s] Level 1:colcon.colcon_core.environment:checking '/home/pi/nav_ws/install/ydlidar_ros2_driver/lib'
[3.950s] Level 1:colcon.colcon_core.environment:checking '/home/pi/nav_ws/install/ydlidar_ros2_driver/bin'
[3.951s] Level 1:colcon.colcon_core.environment:checking '/home/pi/nav_ws/install/ydlidar_ros2_driver/lib/pkgconfig/ydlidar_ros2_driver.pc'
[3.952s] Level 1:colcon.colcon_core.environment:checking '/home/pi/nav_ws/install/ydlidar_ros2_driver/lib/python3.8/site-packages'
[3.953s] Level 1:colcon.colcon_core.environment:checking '/home/pi/nav_ws/install/ydlidar_ros2_driver/bin'
[3.954s] INFO:colcon.colcon_core.shell:Creating package script '/home/pi/nav_ws/install/ydlidar_ros2_driver/share/ydlidar_ros2_driver/package.ps1'
[3.956s] INFO:colcon.colcon_core.shell:Creating package descriptor '/home/pi/nav_ws/install/ydlidar_ros2_driver/share/ydlidar_ros2_driver/package.dsv'
[3.959s] INFO:colcon.colcon_core.shell:Creating package script '/home/pi/nav_ws/install/ydlidar_ros2_driver/share/ydlidar_ros2_driver/package.sh'
[3.961s] INFO:colcon.colcon_core.shell:Creating package script '/home/pi/nav_ws/install/ydlidar_ros2_driver/share/ydlidar_ros2_driver/package.bash'
[3.963s] INFO:colcon.colcon_core.shell:Creating package script '/home/pi/nav_ws/install/ydlidar_ros2_driver/share/ydlidar_ros2_driver/package.zsh'
[3.965s] Level 1:colcon.colcon_core.environment:create_file_with_runtime_dependencies(/home/pi/nav_ws/install/ydlidar_ros2_driver/share/colcon-core/packages/ydlidar_ros2_driver)
[4.103s] Level 1:colcon.colcon_core.environment:create_environment_scripts_only(ydlidar_ros2_driver)
[4.104s] Level 1:colcon.colcon_core.environment:checking '/home/pi/nav_ws/install/ydlidar_ros2_driver' for CMake module files
[4.107s] Level 1:colcon.colcon_core.environment:checking '/home/pi/nav_ws/install/ydlidar_ros2_driver' for CMake config files
[4.109s] Level 1:colcon.colcon_core.shell:create_environment_hook('ydlidar_ros2_driver', 'cmake_prefix_path')
[4.110s] INFO:colcon.colcon_core.shell:Creating environment hook '/home/pi/nav_ws/install/ydlidar_ros2_driver/share/ydlidar_ros2_driver/hook/cmake_prefix_path.ps1'
[4.114s] INFO:colcon.colcon_core.shell:Creating environment descriptor '/home/pi/nav_ws/install/ydlidar_ros2_driver/share/ydlidar_ros2_driver/hook/cmake_prefix_path.dsv'
[4.116s] INFO:colcon.colcon_core.shell:Creating environment hook '/home/pi/nav_ws/install/ydlidar_ros2_driver/share/ydlidar_ros2_driver/hook/cmake_prefix_path.sh'
[4.119s] Level 1:colcon.colcon_core.environment:checking '/home/pi/nav_ws/install/ydlidar_ros2_driver/lib'
[4.119s] Level 1:colcon.colcon_core.environment:checking '/home/pi/nav_ws/install/ydlidar_ros2_driver/bin'
[4.120s] Level 1:colcon.colcon_core.environment:checking '/home/pi/nav_ws/install/ydlidar_ros2_driver/lib/pkgconfig/ydlidar_ros2_driver.pc'
[4.121s] Level 1:colcon.colcon_core.environment:checking '/home/pi/nav_ws/install/ydlidar_ros2_driver/lib/python3.8/site-packages'
[4.122s] Level 1:colcon.colcon_core.environment:checking '/home/pi/nav_ws/install/ydlidar_ros2_driver/bin'
[4.123s] INFO:colcon.colcon_core.shell:Creating package script '/home/pi/nav_ws/install/ydlidar_ros2_driver/share/ydlidar_ros2_driver/package.ps1'
[4.125s] INFO:colcon.colcon_core.shell:Creating package descriptor '/home/pi/nav_ws/install/ydlidar_ros2_driver/share/ydlidar_ros2_driver/package.dsv'
[4.128s] INFO:colcon.colcon_core.shell:Creating package script '/home/pi/nav_ws/install/ydlidar_ros2_driver/share/ydlidar_ros2_driver/package.sh'
[4.130s] INFO:colcon.colcon_core.shell:Creating package script '/home/pi/nav_ws/install/ydlidar_ros2_driver/share/ydlidar_ros2_driver/package.bash'
[4.133s] INFO:colcon.colcon_core.shell:Creating package script '/home/pi/nav_ws/install/ydlidar_ros2_driver/share/ydlidar_ros2_driver/package.zsh'
[4.135s] Level 1:colcon.colcon_core.environment:create_file_with_runtime_dependencies(/home/pi/nav_ws/install/ydlidar_ros2_driver/share/colcon-core/packages/ydlidar_ros2_driver)
[4.468s] DEBUG:colcon.colcon_core.event_handler.log_command:Invoking command in '/home/pi/nav_ws/build/agv_interfaces': CMAKE_PREFIX_PATH=${CMAKE_PREFIX_PATH}:/home/pi/ydlidar_ros2_ws/install/nav2_gazebo_spawner:/home/pi/ydlidar_ros2_ws/install/jdamr200_teleop:/home/pi/ydlidar_ros2_ws/install/jdamr200_node:/home/pi/nav_ws/install/agv_bringup:/opt/ros/foxy /usr/bin/cmake --install /home/pi/nav_ws/build/agv_interfaces
[4.757s] Level 1:colcon.colcon_core.environment:create_environment_scripts_only(agv_interfaces)
[4.758s] Level 1:colcon.colcon_core.environment:checking '/home/pi/nav_ws/install/agv_interfaces' for CMake module files
[4.760s] DEBUG:colcon.colcon_core.event_handler.log_command:Invoked command in '/home/pi/nav_ws/build/agv_interfaces' returned '0': CMAKE_PREFIX_PATH=${CMAKE_PREFIX_PATH}:/home/pi/ydlidar_ros2_ws/install/nav2_gazebo_spawner:/home/pi/ydlidar_ros2_ws/install/jdamr200_teleop:/home/pi/ydlidar_ros2_ws/install/jdamr200_node:/home/pi/nav_ws/install/agv_bringup:/opt/ros/foxy /usr/bin/cmake --install /home/pi/nav_ws/build/agv_interfaces
[4.763s] Level 1:colcon.colcon_core.environment:checking '/home/pi/nav_ws/install/agv_interfaces' for CMake config files
[4.767s] Level 1:colcon.colcon_core.shell:create_environment_hook('agv_interfaces', 'cmake_prefix_path')
[4.768s] INFO:colcon.colcon_core.shell:Creating environment hook '/home/pi/nav_ws/install/agv_interfaces/share/agv_interfaces/hook/cmake_prefix_path.ps1'
[4.771s] INFO:colcon.colcon_core.shell:Creating environment descriptor '/home/pi/nav_ws/install/agv_interfaces/share/agv_interfaces/hook/cmake_prefix_path.dsv'
[4.773s] INFO:colcon.colcon_core.shell:Creating environment hook '/home/pi/nav_ws/install/agv_interfaces/share/agv_interfaces/hook/cmake_prefix_path.sh'
[4.776s] Level 1:colcon.colcon_core.environment:checking '/home/pi/nav_ws/install/agv_interfaces/lib'
[4.776s] Level 1:colcon.colcon_core.shell:create_environment_hook('agv_interfaces', 'ld_library_path_lib')
[4.777s] INFO:colcon.colcon_core.shell:Creating environment hook '/home/pi/nav_ws/install/agv_interfaces/share/agv_interfaces/hook/ld_library_path_lib.ps1'
[4.779s] INFO:colcon.colcon_core.shell:Creating environment descriptor '/home/pi/nav_ws/install/agv_interfaces/share/agv_interfaces/hook/ld_library_path_lib.dsv'
[4.781s] INFO:colcon.colcon_core.shell:Creating environment hook '/home/pi/nav_ws/install/agv_interfaces/share/agv_interfaces/hook/ld_library_path_lib.sh'
[4.783s] Level 1:colcon.colcon_core.environment:checking '/home/pi/nav_ws/install/agv_interfaces/bin'
[4.784s] Level 1:colcon.colcon_core.environment:checking '/home/pi/nav_ws/install/agv_interfaces/lib/pkgconfig/agv_interfaces.pc'
[4.784s] Level 1:colcon.colcon_core.environment:checking '/home/pi/nav_ws/install/agv_interfaces/lib/python3.8/site-packages'
[4.785s] Level 1:colcon.colcon_core.shell:create_environment_hook('agv_interfaces', 'pythonpath')
[4.786s] INFO:colcon.colcon_core.shell:Creating environment hook '/home/pi/nav_ws/install/agv_interfaces/share/agv_interfaces/hook/pythonpath.ps1'
[4.787s] INFO:colcon.colcon_core.shell:Creating environment descriptor '/home/pi/nav_ws/install/agv_interfaces/share/agv_interfaces/hook/pythonpath.dsv'
[4.789s] INFO:colcon.colcon_core.shell:Creating environment hook '/home/pi/nav_ws/install/agv_interfaces/share/agv_interfaces/hook/pythonpath.sh'
[4.792s] Level 1:colcon.colcon_core.environment:checking '/home/pi/nav_ws/install/agv_interfaces/bin'
[4.793s] INFO:colcon.colcon_core.shell:Creating package script '/home/pi/nav_ws/install/agv_interfaces/share/agv_interfaces/package.ps1'
[4.796s] INFO:colcon.colcon_core.shell:Creating package descriptor '/home/pi/nav_ws/install/agv_interfaces/share/agv_interfaces/package.dsv'
[4.798s] INFO:colcon.colcon_core.shell:Creating package script '/home/pi/nav_ws/install/agv_interfaces/share/agv_interfaces/package.sh'
[4.800s] INFO:colcon.colcon_core.shell:Creating package script '/home/pi/nav_ws/install/agv_interfaces/share/agv_interfaces/package.bash'
[4.802s] INFO:colcon.colcon_core.shell:Creating package script '/home/pi/nav_ws/install/agv_interfaces/share/agv_interfaces/package.zsh'
[4.804s] Level 1:colcon.colcon_core.environment:create_file_with_runtime_dependencies(/home/pi/nav_ws/install/agv_interfaces/share/colcon-core/packages/agv_interfaces)
[5.673s] Level 1:colcon.colcon_core.environment:create_environment_scripts_only(agv_interfaces)
[5.674s] Level 1:colcon.colcon_core.environment:checking '/home/pi/nav_ws/install/agv_interfaces' for CMake module files
[5.678s] Level 1:colcon.colcon_core.environment:checking '/home/pi/nav_ws/install/agv_interfaces' for CMake config files
[5.683s] Level 1:colcon.colcon_core.shell:create_environment_hook('agv_interfaces', 'cmake_prefix_path')
[5.684s] INFO:colcon.colcon_core.shell:Creating environment hook '/home/pi/nav_ws/install/agv_interfaces/share/agv_interfaces/hook/cmake_prefix_path.ps1'
[5.686s] INFO:colcon.colcon_core.shell:Creating environment descriptor '/home/pi/nav_ws/install/agv_interfaces/share/agv_interfaces/hook/cmake_prefix_path.dsv'
[5.687s] INFO:colcon.colcon_core.shell:Creating environment hook '/home/pi/nav_ws/install/agv_interfaces/share/agv_interfaces/hook/cmake_prefix_path.sh'
[5.690s] Level 1:colcon.colcon_core.environment:checking '/home/pi/nav_ws/install/agv_interfaces/lib'
[5.691s] Level 1:colcon.colcon_core.shell:create_environment_hook('agv_interfaces', 'ld_library_path_lib')
[5.691s] INFO:colcon.colcon_core.shell:Creating environment hook '/home/pi/nav_ws/install/agv_interfaces/share/agv_interfaces/hook/ld_library_path_lib.ps1'
[5.693s] INFO:colcon.colcon_core.shell:Creating environment descriptor '/home/pi/nav_ws/install/agv_interfaces/share/agv_interfaces/hook/ld_library_path_lib.dsv'
[5.695s] INFO:colcon.colcon_core.shell:Creating environment hook '/home/pi/nav_ws/install/agv_interfaces/share/agv_interfaces/hook/ld_library_path_lib.sh'
[5.697s] Level 1:colcon.colcon_core.environment:checking '/home/pi/nav_ws/install/agv_interfaces/bin'
[5.697s] Level 1:colcon.colcon_core.environment:checking '/home/pi/nav_ws/install/agv_interfaces/lib/pkgconfig/agv_interfaces.pc'
[5.698s] Level 1:colcon.colcon_core.environment:checking '/home/pi/nav_ws/install/agv_interfaces/lib/python3.8/site-packages'
[5.698s] Level 1:colcon.colcon_core.shell:create_environment_hook('agv_interfaces', 'pythonpath')
[5.699s] INFO:colcon.colcon_core.shell:Creating environment hook '/home/pi/nav_ws/install/agv_interfaces/share/agv_interfaces/hook/pythonpath.ps1'
[5.701s] INFO:colcon.colcon_core.shell:Creating environment descriptor '/home/pi/nav_ws/install/agv_interfaces/share/agv_interfaces/hook/pythonpath.dsv'
[5.703s] INFO:colcon.colcon_core.shell:Creating environment hook '/home/pi/nav_ws/install/agv_interfaces/share/agv_interfaces/hook/pythonpath.sh'
[5.705s] Level 1:colcon.colcon_core.environment:checking '/home/pi/nav_ws/install/agv_interfaces/bin'
[5.706s] INFO:colcon.colcon_core.shell:Creating package script '/home/pi/nav_ws/install/agv_interfaces/share/agv_interfaces/package.ps1'
[5.709s] INFO:colcon.colcon_core.shell:Creating package descriptor '/home/pi/nav_ws/install/agv_interfaces/share/agv_interfaces/package.dsv'
[5.711s] INFO:colcon.colcon_core.shell:Creating package script '/home/pi/nav_ws/install/agv_interfaces/share/agv_interfaces/package.sh'
[5.714s] INFO:colcon.colcon_core.shell:Creating package script '/home/pi/nav_ws/install/agv_interfaces/share/agv_interfaces/package.bash'
[5.716s] INFO:colcon.colcon_core.shell:Creating package script '/home/pi/nav_ws/install/agv_interfaces/share/agv_interfaces/package.zsh'
[5.718s] Level 1:colcon.colcon_core.environment:create_file_with_runtime_dependencies(/home/pi/nav_ws/install/agv_interfaces/share/colcon-core/packages/agv_interfaces)
[5.719s] INFO:colcon.colcon_ros.task.ament_python.build:Building ROS package in '/home/pi/nav_ws/src/agv_bringup' with build type 'ament_python'
[5.720s] Level 1:colcon.colcon_core.shell:create_environment_hook('agv_bringup', 'ament_prefix_path')
[5.721s] INFO:colcon.colcon_core.shell:Creating environment hook '/home/pi/nav_ws/install/agv_bringup/share/agv_bringup/hook/ament_prefix_path.ps1'
[5.723s] INFO:colcon.colcon_core.shell:Creating environment descriptor '/home/pi/nav_ws/install/agv_bringup/share/agv_bringup/hook/ament_prefix_path.dsv'
[5.726s] INFO:colcon.colcon_core.shell:Creating environment hook '/home/pi/nav_ws/install/agv_bringup/share/agv_bringup/hook/ament_prefix_path.sh'
[5.729s] INFO:colcon.colcon_core.shell:Skip shell extension 'powershell' for command environment: Not usable outside of PowerShell
[5.729s] DEBUG:colcon.colcon_core.shell:Skip shell extension 'dsv' for command environment
[6.792s] INFO:colcon.colcon_core.task.python.build:Building Python package in '/home/pi/nav_ws/src/agv_bringup'
[6.794s] INFO:colcon.colcon_core.shell:Skip shell extension 'powershell' for command environment: Not usable outside of PowerShell
[6.794s] DEBUG:colcon.colcon_core.shell:Skip shell extension 'dsv' for command environment
[8.458s] DEBUG:colcon.colcon_core.event_handler.log_command:Invoking command in '/home/pi/nav_ws/src/agv_bringup': CMAKE_PREFIX_PATH=/home/pi/nav_ws/install/agv_interfaces:/home/pi/nav_ws/install/agv_description:/home/pi/ydlidar_ros2_ws/install/ydlidar_ros2_driver:/home/pi/ydlidar_ros2_ws/install/ps2_controller:/home/pi/ydlidar_ros2_ws/install/nav2_common:/home/pi/ydlidar_ros2_ws/install/myagv_navigation2:/home/pi/ydlidar_ros2_ws/install/myagv_bringup:/home/pi/ydlidar_ros2_ws/install/myagv_description:/home/pi/nav_ws/install/ydlidar_ros2_driver:/home/pi/nav_ws/install/agv:/home/pi/nav_ws/install/agv_navigation2:/home/pi/nav_ws/install/agv_cartographer PYTHONPATH=/home/pi/nav_ws/build/agv_bringup/prefix_override:/usr/lib/python3/dist-packages/colcon_core/task/python/colcon_distutils_commands:/home/pi/nav_ws/install/agv_bringup/lib/python3.8/site-packages:/home/pi/nav_ws/install/agv_interfaces/lib/python3.8/site-packages:/home/pi/ydlidar_ros2_ws/build/nav2_gazebo_spawner:/home/pi/ydlidar_ros2_ws/install/nav2_gazebo_spawner/lib/python3.8/site-packages:/home/pi/ydlidar_ros2_ws/install/nav2_common/lib/python3.8/site-packages:/home/pi/ydlidar_ros2_ws/install/jdamr200_teleop/lib/python3.8/site-packages:/home/pi/ydlidar_ros2_ws/install/jdamr200_node/lib/python3.8/site-packages:/home/pi/nav_ws/install/agv_bringup/lib/python3.8/site-packages:/opt/ros/foxy/lib/python3.8/site-packages /usr/bin/python3 -W ignore:setup.py install is deprecated setup.py egg_info --egg-base ../../build/agv_bringup build --build-base /home/pi/nav_ws/build/agv_bringup/build install --record /home/pi/nav_ws/build/agv_bringup/install.log --install-scripts $base/lib/omo_r1mini_bringup --single-version-externally-managed install_data
[9.706s] Level 1:colcon.colcon_core.environment:checking '/home/pi/nav_ws/install/agv_bringup' for CMake module files
[9.708s] DEBUG:colcon.colcon_core.event_handler.log_command:Invoked command in '/home/pi/nav_ws/src/agv_bringup' returned '0': CMAKE_PREFIX_PATH=/home/pi/nav_ws/install/agv_interfaces:/home/pi/nav_ws/install/agv_description:/home/pi/ydlidar_ros2_ws/install/ydlidar_ros2_driver:/home/pi/ydlidar_ros2_ws/install/ps2_controller:/home/pi/ydlidar_ros2_ws/install/nav2_common:/home/pi/ydlidar_ros2_ws/install/myagv_navigation2:/home/pi/ydlidar_ros2_ws/install/myagv_bringup:/home/pi/ydlidar_ros2_ws/install/myagv_description:/home/pi/nav_ws/install/ydlidar_ros2_driver:/home/pi/nav_ws/install/agv:/home/pi/nav_ws/install/agv_navigation2:/home/pi/nav_ws/install/agv_cartographer PYTHONPATH=/home/pi/nav_ws/build/agv_bringup/prefix_override:/usr/lib/python3/dist-packages/colcon_core/task/python/colcon_distutils_commands:/home/pi/nav_ws/install/agv_bringup/lib/python3.8/site-packages:/home/pi/nav_ws/install/agv_interfaces/lib/python3.8/site-packages:/home/pi/ydlidar_ros2_ws/build/nav2_gazebo_spawner:/home/pi/ydlidar_ros2_ws/install/nav2_gazebo_spawner/lib/python3.8/site-packages:/home/pi/ydlidar_ros2_ws/install/nav2_common/lib/python3.8/site-packages:/home/pi/ydlidar_ros2_ws/install/jdamr200_teleop/lib/python3.8/site-packages:/home/pi/ydlidar_ros2_ws/install/jdamr200_node/lib/python3.8/site-packages:/home/pi/nav_ws/install/agv_bringup/lib/python3.8/site-packages:/opt/ros/foxy/lib/python3.8/site-packages /usr/bin/python3 -W ignore:setup.py install is deprecated setup.py egg_info --egg-base ../../build/agv_bringup build --build-base /home/pi/nav_ws/build/agv_bringup/build install --record /home/pi/nav_ws/build/agv_bringup/install.log --install-scripts $base/lib/omo_r1mini_bringup --single-version-externally-managed install_data
[9.709s] Level 1:colcon.colcon_core.environment:checking '/home/pi/nav_ws/install/agv_bringup' for CMake config files
[9.713s] Level 1:colcon.colcon_core.environment:checking '/home/pi/nav_ws/install/agv_bringup/lib'
[9.714s] Level 1:colcon.colcon_core.environment:checking '/home/pi/nav_ws/install/agv_bringup/bin'
[9.714s] Level 1:colcon.colcon_core.environment:checking '/home/pi/nav_ws/install/agv_bringup/lib/pkgconfig/agv_bringup.pc'
[9.715s] Level 1:colcon.colcon_core.environment:checking '/home/pi/nav_ws/install/agv_bringup/lib/python3.8/site-packages'
[9.715s] Level 1:colcon.colcon_core.shell:create_environment_hook('agv_bringup', 'pythonpath')
[9.716s] INFO:colcon.colcon_core.shell:Creating environment hook '/home/pi/nav_ws/install/agv_bringup/share/agv_bringup/hook/pythonpath.ps1'
[9.718s] INFO:colcon.colcon_core.shell:Creating environment descriptor '/home/pi/nav_ws/install/agv_bringup/share/agv_bringup/hook/pythonpath.dsv'
[9.720s] INFO:colcon.colcon_core.shell:Creating environment hook '/home/pi/nav_ws/install/agv_bringup/share/agv_bringup/hook/pythonpath.sh'
[9.722s] Level 1:colcon.colcon_core.environment:checking '/home/pi/nav_ws/install/agv_bringup/bin'
[9.723s] Level 1:colcon.colcon_core.environment:create_environment_scripts_only(agv_bringup)
[9.724s] INFO:colcon.colcon_core.shell:Creating package script '/home/pi/nav_ws/install/agv_bringup/share/agv_bringup/package.ps1'
[9.727s] INFO:colcon.colcon_core.shell:Creating package descriptor '/home/pi/nav_ws/install/agv_bringup/share/agv_bringup/package.dsv'
[9.729s] INFO:colcon.colcon_core.shell:Creating package script '/home/pi/nav_ws/install/agv_bringup/share/agv_bringup/package.sh'
[9.731s] INFO:colcon.colcon_core.shell:Creating package script '/home/pi/nav_ws/install/agv_bringup/share/agv_bringup/package.bash'
[9.733s] INFO:colcon.colcon_core.shell:Creating package script '/home/pi/nav_ws/install/agv_bringup/share/agv_bringup/package.zsh'
[9.734s] Level 1:colcon.colcon_core.environment:create_file_with_runtime_dependencies(/home/pi/nav_ws/install/agv_bringup/share/colcon-core/packages/agv_bringup)
[9.736s] INFO:colcon.colcon_ros.task.ament_cmake.build:Building ROS package in '/home/pi/nav_ws/src/agv' with build type 'ament_cmake'
[9.737s] INFO:colcon.colcon_cmake.task.cmake.build:Building CMake package in '/home/pi/nav_ws/src/agv'
[9.738s] INFO:colcon.colcon_core.shell:Skip shell extension 'powershell' for command environment: Not usable outside of PowerShell
[9.738s] DEBUG:colcon.colcon_core.shell:Skip shell extension 'dsv' for command environment
[9.815s] DEBUG:colcon.colcon_core.event_handler.log_command:Invoking command in '/home/pi/nav_ws/build/agv': AMENT_PREFIX_PATH=/home/pi/nav_ws/install/agv_bringup:/home/pi/ydlidar_ros2_ws/install/ydlidar_ros2_driver:/home/pi/ydlidar_ros2_ws/install/ps2_controller:/home/pi/ydlidar_ros2_ws/install/nav2_gazebo_spawner:/home/pi/ydlidar_ros2_ws/install/nav2_common:/home/pi/ydlidar_ros2_ws/install/myagv_navigation2:/home/pi/ydlidar_ros2_ws/install/myagv_bringup:/home/pi/ydlidar_ros2_ws/install/myagv_description:/home/pi/ydlidar_ros2_ws/install/jdamr200_teleop:/home/pi/ydlidar_ros2_ws/install/jdamr200_node:/home/pi/nav_ws/install/ydlidar_ros2_driver:/home/pi/nav_ws/install/agv:/home/pi/nav_ws/install/agv_navigation2:/home/pi/nav_ws/install/agv_interfaces:/home/pi/nav_ws/install/agv_description:/home/pi/nav_ws/install/agv_cartographer:/opt/ros/foxy CMAKE_PREFIX_PATH=/home/pi/nav_ws/install/agv_navigation2:/home/pi/nav_ws/install/agv_interfaces:/home/pi/nav_ws/install/agv_description:/home/pi/nav_ws/install/agv_cartographer:/home/pi/ydlidar_ros2_ws/install/ydlidar_ros2_driver:/home/pi/ydlidar_ros2_ws/install/ps2_controller:/home/pi/ydlidar_ros2_ws/install/nav2_common:/home/pi/ydlidar_ros2_ws/install/myagv_navigation2:/home/pi/ydlidar_ros2_ws/install/myagv_bringup:/home/pi/ydlidar_ros2_ws/install/myagv_description:/home/pi/nav_ws/install/ydlidar_ros2_driver:/home/pi/nav_ws/install/agv:/home/pi/ydlidar_ros2_ws/install/nav2_gazebo_spawner:/home/pi/ydlidar_ros2_ws/install/jdamr200_teleop:/home/pi/ydlidar_ros2_ws/install/jdamr200_node:/home/pi/nav_ws/install/agv_bringup:/opt/ros/foxy PYTHONPATH=/home/pi/nav_ws/install/agv_bringup/lib/python3.8/site-packages:/home/pi/nav_ws/install/agv_interfaces/lib/python3.8/site-packages:/home/pi/ydlidar_ros2_ws/build/nav2_gazebo_spawner:/home/pi/ydlidar_ros2_ws/install/nav2_gazebo_spawner/lib/python3.8/site-packages:/home/pi/ydlidar_ros2_ws/install/nav2_common/lib/python3.8/site-packages:/home/pi/ydlidar_ros2_ws/install/jdamr200_teleop/lib/python3.8/site-packages:/home/pi/ydlidar_ros2_ws/install/jdamr200_node/lib/python3.8/site-packages:/opt/ros/foxy/lib/python3.8/site-packages /usr/bin/cmake --build /home/pi/nav_ws/build/agv -- -j4 -l4
[9.965s] DEBUG:colcon.colcon_core.event_handler.log_command:Invoked command in '/home/pi/nav_ws/build/agv' returned '0': AMENT_PREFIX_PATH=/home/pi/nav_ws/install/agv_bringup:/home/pi/ydlidar_ros2_ws/install/ydlidar_ros2_driver:/home/pi/ydlidar_ros2_ws/install/ps2_controller:/home/pi/ydlidar_ros2_ws/install/nav2_gazebo_spawner:/home/pi/ydlidar_ros2_ws/install/nav2_common:/home/pi/ydlidar_ros2_ws/install/myagv_navigation2:/home/pi/ydlidar_ros2_ws/install/myagv_bringup:/home/pi/ydlidar_ros2_ws/install/myagv_description:/home/pi/ydlidar_ros2_ws/install/jdamr200_teleop:/home/pi/ydlidar_ros2_ws/install/jdamr200_node:/home/pi/nav_ws/install/ydlidar_ros2_driver:/home/pi/nav_ws/install/agv:/home/pi/nav_ws/install/agv_navigation2:/home/pi/nav_ws/install/agv_interfaces:/home/pi/nav_ws/install/agv_description:/home/pi/nav_ws/install/agv_cartographer:/opt/ros/foxy CMAKE_PREFIX_PATH=/home/pi/nav_ws/install/agv_navigation2:/home/pi/nav_ws/install/agv_interfaces:/home/pi/nav_ws/install/agv_description:/home/pi/nav_ws/install/agv_cartographer:/home/pi/ydlidar_ros2_ws/install/ydlidar_ros2_driver:/home/pi/ydlidar_ros2_ws/install/ps2_controller:/home/pi/ydlidar_ros2_ws/install/nav2_common:/home/pi/ydlidar_ros2_ws/install/myagv_navigation2:/home/pi/ydlidar_ros2_ws/install/myagv_bringup:/home/pi/ydlidar_ros2_ws/install/myagv_description:/home/pi/nav_ws/install/ydlidar_ros2_driver:/home/pi/nav_ws/install/agv:/home/pi/ydlidar_ros2_ws/install/nav2_gazebo_spawner:/home/pi/ydlidar_ros2_ws/install/jdamr200_teleop:/home/pi/ydlidar_ros2_ws/install/jdamr200_node:/home/pi/nav_ws/install/agv_bringup:/opt/ros/foxy PYTHONPATH=/home/pi/nav_ws/install/agv_bringup/lib/python3.8/site-packages:/home/pi/nav_ws/install/agv_interfaces/lib/python3.8/site-packages:/home/pi/ydlidar_ros2_ws/build/nav2_gazebo_spawner:/home/pi/ydlidar_ros2_ws/install/nav2_gazebo_spawner/lib/python3.8/site-packages:/home/pi/ydlidar_ros2_ws/install/nav2_common/lib/python3.8/site-packages:/home/pi/ydlidar_ros2_ws/install/jdamr200_teleop/lib/python3.8/site-packages:/home/pi/ydlidar_ros2_ws/install/jdamr200_node/lib/python3.8/site-packages:/opt/ros/foxy/lib/python3.8/site-packages /usr/bin/cmake --build /home/pi/nav_ws/build/agv -- -j4 -l4
[10.083s] DEBUG:colcon.colcon_core.event_handler.log_command:Invoking command in '/home/pi/nav_ws/build/agv': AMENT_PREFIX_PATH=/home/pi/nav_ws/install/agv_bringup:/home/pi/ydlidar_ros2_ws/install/ydlidar_ros2_driver:/home/pi/ydlidar_ros2_ws/install/ps2_controller:/home/pi/ydlidar_ros2_ws/install/nav2_gazebo_spawner:/home/pi/ydlidar_ros2_ws/install/nav2_common:/home/pi/ydlidar_ros2_ws/install/myagv_navigation2:/home/pi/ydlidar_ros2_ws/install/myagv_bringup:/home/pi/ydlidar_ros2_ws/install/myagv_description:/home/pi/ydlidar_ros2_ws/install/jdamr200_teleop:/home/pi/ydlidar_ros2_ws/install/jdamr200_node:/home/pi/nav_ws/install/ydlidar_ros2_driver:/home/pi/nav_ws/install/agv:/home/pi/nav_ws/install/agv_navigation2:/home/pi/nav_ws/install/agv_interfaces:/home/pi/nav_ws/install/agv_description:/home/pi/nav_ws/install/agv_cartographer:/opt/ros/foxy CMAKE_PREFIX_PATH=/home/pi/nav_ws/install/agv_navigation2:/home/pi/nav_ws/install/agv_interfaces:/home/pi/nav_ws/install/agv_description:/home/pi/nav_ws/install/agv_cartographer:/home/pi/ydlidar_ros2_ws/install/ydlidar_ros2_driver:/home/pi/ydlidar_ros2_ws/install/ps2_controller:/home/pi/ydlidar_ros2_ws/install/nav2_common:/home/pi/ydlidar_ros2_ws/install/myagv_navigation2:/home/pi/ydlidar_ros2_ws/install/myagv_bringup:/home/pi/ydlidar_ros2_ws/install/myagv_description:/home/pi/nav_ws/install/ydlidar_ros2_driver:/home/pi/nav_ws/install/agv:/home/pi/ydlidar_ros2_ws/install/nav2_gazebo_spawner:/home/pi/ydlidar_ros2_ws/install/jdamr200_teleop:/home/pi/ydlidar_ros2_ws/install/jdamr200_node:/home/pi/nav_ws/install/agv_bringup:/opt/ros/foxy PYTHONPATH=/home/pi/nav_ws/install/agv_bringup/lib/python3.8/site-packages:/home/pi/nav_ws/install/agv_interfaces/lib/python3.8/site-packages:/home/pi/ydlidar_ros2_ws/build/nav2_gazebo_spawner:/home/pi/ydlidar_ros2_ws/install/nav2_gazebo_spawner/lib/python3.8/site-packages:/home/pi/ydlidar_ros2_ws/install/nav2_common/lib/python3.8/site-packages:/home/pi/ydlidar_ros2_ws/install/jdamr200_teleop/lib/python3.8/site-packages:/home/pi/ydlidar_ros2_ws/install/jdamr200_node/lib/python3.8/site-packages:/opt/ros/foxy/lib/python3.8/site-packages /usr/bin/cmake --install /home/pi/nav_ws/build/agv
[10.125s] Level 1:colcon.colcon_core.environment:create_environment_scripts_only(agv)
[10.126s] Level 1:colcon.colcon_core.environment:checking '/home/pi/nav_ws/install/agv' for CMake module files
[10.128s] DEBUG:colcon.colcon_core.event_handler.log_command:Invoked command in '/home/pi/nav_ws/build/agv' returned '0': AMENT_PREFIX_PATH=/home/pi/nav_ws/install/agv_bringup:/home/pi/ydlidar_ros2_ws/install/ydlidar_ros2_driver:/home/pi/ydlidar_ros2_ws/install/ps2_controller:/home/pi/ydlidar_ros2_ws/install/nav2_gazebo_spawner:/home/pi/ydlidar_ros2_ws/install/nav2_common:/home/pi/ydlidar_ros2_ws/install/myagv_navigation2:/home/pi/ydlidar_ros2_ws/install/myagv_bringup:/home/pi/ydlidar_ros2_ws/install/myagv_description:/home/pi/ydlidar_ros2_ws/install/jdamr200_teleop:/home/pi/ydlidar_ros2_ws/install/jdamr200_node:/home/pi/nav_ws/install/ydlidar_ros2_driver:/home/pi/nav_ws/install/agv:/home/pi/nav_ws/install/agv_navigation2:/home/pi/nav_ws/install/agv_interfaces:/home/pi/nav_ws/install/agv_description:/home/pi/nav_ws/install/agv_cartographer:/opt/ros/foxy CMAKE_PREFIX_PATH=/home/pi/nav_ws/install/agv_navigation2:/home/pi/nav_ws/install/agv_interfaces:/home/pi/nav_ws/install/agv_description:/home/pi/nav_ws/install/agv_cartographer:/home/pi/ydlidar_ros2_ws/install/ydlidar_ros2_driver:/home/pi/ydlidar_ros2_ws/install/ps2_controller:/home/pi/ydlidar_ros2_ws/install/nav2_common:/home/pi/ydlidar_ros2_ws/install/myagv_navigation2:/home/pi/ydlidar_ros2_ws/install/myagv_bringup:/home/pi/ydlidar_ros2_ws/install/myagv_description:/home/pi/nav_ws/install/ydlidar_ros2_driver:/home/pi/nav_ws/install/agv:/home/pi/ydlidar_ros2_ws/install/nav2_gazebo_spawner:/home/pi/ydlidar_ros2_ws/install/jdamr200_teleop:/home/pi/ydlidar_ros2_ws/install/jdamr200_node:/home/pi/nav_ws/install/agv_bringup:/opt/ros/foxy PYTHONPATH=/home/pi/nav_ws/install/agv_bringup/lib/python3.8/site-packages:/home/pi/nav_ws/install/agv_interfaces/lib/python3.8/site-packages:/home/pi/ydlidar_ros2_ws/build/nav2_gazebo_spawner:/home/pi/ydlidar_ros2_ws/install/nav2_gazebo_spawner/lib/python3.8/site-packages:/home/pi/ydlidar_ros2_ws/install/nav2_common/lib/python3.8/site-packages:/home/pi/ydlidar_ros2_ws/install/jdamr200_teleop/lib/python3.8/site-packages:/home/pi/ydlidar_ros2_ws/install/jdamr200_node/lib/python3.8/site-packages:/opt/ros/foxy/lib/python3.8/site-packages /usr/bin/cmake --install /home/pi/nav_ws/build/agv
[10.130s] Level 1:colcon.colcon_core.environment:checking '/home/pi/nav_ws/install/agv' for CMake config files
[10.131s] Level 1:colcon.colcon_core.shell:create_environment_hook('agv', 'cmake_prefix_path')
[10.132s] INFO:colcon.colcon_core.shell:Creating environment hook '/home/pi/nav_ws/install/agv/share/agv/hook/cmake_prefix_path.ps1'
[10.134s] INFO:colcon.colcon_core.shell:Creating environment descriptor '/home/pi/nav_ws/install/agv/share/agv/hook/cmake_prefix_path.dsv'
[10.136s] INFO:colcon.colcon_core.shell:Creating environment hook '/home/pi/nav_ws/install/agv/share/agv/hook/cmake_prefix_path.sh'
[10.139s] Level 1:colcon.colcon_core.environment:checking '/home/pi/nav_ws/install/agv/bin'
[10.139s] Level 1:colcon.colcon_core.environment:checking '/home/pi/nav_ws/install/agv/lib/pkgconfig/agv.pc'
[10.140s] Level 1:colcon.colcon_core.environment:checking '/home/pi/nav_ws/install/agv/lib/python3.8/site-packages'
[10.141s] Level 1:colcon.colcon_core.environment:checking '/home/pi/nav_ws/install/agv/bin'
[10.142s] INFO:colcon.colcon_core.shell:Creating package script '/home/pi/nav_ws/install/agv/share/agv/package.ps1'
[10.144s] INFO:colcon.colcon_core.shell:Creating package descriptor '/home/pi/nav_ws/install/agv/share/agv/package.dsv'
[10.146s] INFO:colcon.colcon_core.shell:Creating package script '/home/pi/nav_ws/install/agv/share/agv/package.sh'
[10.148s] INFO:colcon.colcon_core.shell:Creating package script '/home/pi/nav_ws/install/agv/share/agv/package.bash'
[10.150s] INFO:colcon.colcon_core.shell:Creating package script '/home/pi/nav_ws/install/agv/share/agv/package.zsh'
[10.152s] Level 1:colcon.colcon_core.environment:create_file_with_runtime_dependencies(/home/pi/nav_ws/install/agv/share/colcon-core/packages/agv)
[10.256s] Level 1:colcon.colcon_core.environment:create_environment_scripts_only(agv)
[10.258s] Level 1:colcon.colcon_core.environment:checking '/home/pi/nav_ws/install/agv' for CMake module files
[10.262s] Level 1:colcon.colcon_core.environment:checking '/home/pi/nav_ws/install/agv' for CMake config files
[10.264s] Level 1:colcon.colcon_core.shell:create_environment_hook('agv', 'cmake_prefix_path')
[10.265s] INFO:colcon.colcon_core.shell:Creating environment hook '/home/pi/nav_ws/install/agv/share/agv/hook/cmake_prefix_path.ps1'
[10.268s] INFO:colcon.colcon_core.shell:Creating environment descriptor '/home/pi/nav_ws/install/agv/share/agv/hook/cmake_prefix_path.dsv'
[10.270s] INFO:colcon.colcon_core.shell:Creating environment hook '/home/pi/nav_ws/install/agv/share/agv/hook/cmake_prefix_path.sh'
[10.272s] Level 1:colcon.colcon_core.environment:checking '/home/pi/nav_ws/install/agv/bin'
[10.273s] Level 1:colcon.colcon_core.environment:checking '/home/pi/nav_ws/install/agv/lib/pkgconfig/agv.pc'
[10.273s] Level 1:colcon.colcon_core.environment:checking '/home/pi/nav_ws/install/agv/lib/python3.8/site-packages'
[10.274s] Level 1:colcon.colcon_core.environment:checking '/home/pi/nav_ws/install/agv/bin'
[10.275s] INFO:colcon.colcon_core.shell:Creating package script '/home/pi/nav_ws/install/agv/share/agv/package.ps1'
[10.278s] INFO:colcon.colcon_core.shell:Creating package descriptor '/home/pi/nav_ws/install/agv/share/agv/package.dsv'
[10.280s] INFO:colcon.colcon_core.shell:Creating package script '/home/pi/nav_ws/install/agv/share/agv/package.sh'
[10.282s] INFO:colcon.colcon_core.shell:Creating package script '/home/pi/nav_ws/install/agv/share/agv/package.bash'
[10.284s] INFO:colcon.colcon_core.shell:Creating package script '/home/pi/nav_ws/install/agv/share/agv/package.zsh'
[10.286s] Level 1:colcon.colcon_core.environment:create_file_with_runtime_dependencies(/home/pi/nav_ws/install/agv/share/colcon-core/packages/agv)
[10.287s] DEBUG:colcon.colcon_parallel_executor.executor.parallel:closing loop
[10.288s] DEBUG:colcon.colcon_parallel_executor.executor.parallel:loop closed
[10.289s] DEBUG:colcon.colcon_parallel_executor.executor.parallel:run_until_complete finished with '0'
[10.289s] DEBUG:colcon.colcon_core.event_reactor:joining thread
[10.310s] INFO:colcon.colcon_core.plugin_system:Skipping extension 'colcon_notification.desktop_notification.terminal_notifier': Not used on non-Darwin systems
[10.311s] INFO:colcon.colcon_core.plugin_system:Skipping extension 'colcon_notification.desktop_notification.win32': Not used on non-Windows systems
[10.311s] INFO:colcon.colcon_notification.desktop_notification:Sending desktop notification using 'notify2'
[10.324s] DEBUG:colcon.colcon_core.event_reactor:joined thread
[10.326s] INFO:colcon.colcon_core.shell:Creating prefix script '/home/pi/nav_ws/install/local_setup.ps1'
[10.331s] INFO:colcon.colcon_core.shell:Creating prefix util module '/home/pi/nav_ws/install/_local_setup_util_ps1.py'
[10.339s] INFO:colcon.colcon_core.shell:Creating prefix chain script '/home/pi/nav_ws/install/setup.ps1'
[10.348s] INFO:colcon.colcon_core.shell:Creating prefix script '/home/pi/nav_ws/install/local_setup.sh'
[10.350s] INFO:colcon.colcon_core.shell:Creating prefix util module '/home/pi/nav_ws/install/_local_setup_util_sh.py'
[10.353s] INFO:colcon.colcon_core.shell:Creating prefix chain script '/home/pi/nav_ws/install/setup.sh'
[10.361s] INFO:colcon.colcon_core.shell:Creating prefix script '/home/pi/nav_ws/install/local_setup.bash'
[10.363s] INFO:colcon.colcon_core.shell:Creating prefix chain script '/home/pi/nav_ws/install/setup.bash'
[10.371s] INFO:colcon.colcon_core.shell:Creating prefix script '/home/pi/nav_ws/install/local_setup.zsh'
[10.373s] INFO:colcon.colcon_core.shell:Creating prefix chain script '/home/pi/nav_ws/install/setup.zsh'
