[2.843s] Invoking command in '/home/pi/finalagv_ros2_ws/src/agv': PYTHONPATH=/home/pi/finalagv_ros2_ws/build/agv/prefix_override:/usr/lib/python3/dist-packages/colcon_core/task/python/colcon_distutils_commands:/home/pi/finalagv_ros2_ws/install/agv/lib/python3.8/site-packages:${PYTHONPATH} /usr/bin/python3 -W ignore:setup.py install is deprecated setup.py egg_info --egg-base ../../build/agv build --build-base /home/pi/finalagv_ros2_ws/build/agv/build install --record /home/pi/finalagv_ros2_ws/build/agv/install.log --install-scripts $base/lib/agv --single-version-externally-managed install_data
[3.755s] running egg_info
[3.757s] writing ../../build/agv/agv.egg-info/PKG-INFO
[3.758s] writing dependency_links to ../../build/agv/agv.egg-info/dependency_links.txt
[3.759s] writing entry points to ../../build/agv/agv.egg-info/entry_points.txt
[3.760s] writing requirements to ../../build/agv/agv.egg-info/requires.txt
[3.761s] writing top-level names to ../../build/agv/agv.egg-info/top_level.txt
[3.891s] reading manifest file '../../build/agv/agv.egg-info/SOURCES.txt'
[3.895s] writing manifest file '../../build/agv/agv.egg-info/SOURCES.txt'
[3.896s] running build
[3.896s] running build_py
[3.897s] copying agv/sub2.py -> /home/pi/finalagv_ros2_ws/build/agv/build/lib/agv
[3.898s] copying agv/pub2.py -> /home/pi/finalagv_ros2_ws/build/agv/build/lib/agv
[3.900s] running install
[3.903s] running install_lib
[3.907s] copying /home/pi/finalagv_ros2_ws/build/agv/build/lib/agv/sub2.py -> /home/pi/finalagv_ros2_ws/install/agv/lib/python3.8/site-packages/agv
[3.908s] copying /home/pi/finalagv_ros2_ws/build/agv/build/lib/agv/pub2.py -> /home/pi/finalagv_ros2_ws/install/agv/lib/python3.8/site-packages/agv
[3.911s] byte-compiling /home/pi/finalagv_ros2_ws/install/agv/lib/python3.8/site-packages/agv/sub2.py to sub2.cpython-38.pyc
[3.920s] byte-compiling /home/pi/finalagv_ros2_ws/install/agv/lib/python3.8/site-packages/agv/pub2.py to pub2.cpython-38.pyc
[3.925s] running install_data
[3.926s] running install_egg_info
[3.932s] removing '/home/pi/finalagv_ros2_ws/install/agv/lib/python3.8/site-packages/agv-0.0.0-py3.8.egg-info' (and everything under it)
[3.934s] Copying ../../build/agv/agv.egg-info to /home/pi/finalagv_ros2_ws/install/agv/lib/python3.8/site-packages/agv-0.0.0-py3.8.egg-info
[3.939s] running install_scripts
[4.001s] Installing pub script to /home/pi/finalagv_ros2_ws/install/agv/lib/agv
[4.002s] Installing pub2 script to /home/pi/finalagv_ros2_ws/install/agv/lib/agv
[4.002s] Installing sub script to /home/pi/finalagv_ros2_ws/install/agv/lib/agv
[4.003s] Installing sub2 script to /home/pi/finalagv_ros2_ws/install/agv/lib/agv
[4.004s] Installing tel script to /home/pi/finalagv_ros2_ws/install/agv/lib/agv
[4.005s] Installing udp script to /home/pi/finalagv_ros2_ws/install/agv/lib/agv
[4.007s] writing list of installed files to '/home/pi/finalagv_ros2_ws/build/agv/install.log'
[4.113s] Invoked command in '/home/pi/finalagv_ros2_ws/src/agv' returned '0': PYTHONPATH=/home/pi/finalagv_ros2_ws/build/agv/prefix_override:/usr/lib/python3/dist-packages/colcon_core/task/python/colcon_distutils_commands:/home/pi/finalagv_ros2_ws/install/agv/lib/python3.8/site-packages:${PYTHONPATH} /usr/bin/python3 -W ignore:setup.py install is deprecated setup.py egg_info --egg-base ../../build/agv build --build-base /home/pi/finalagv_ros2_ws/build/agv/build install --record /home/pi/finalagv_ros2_ws/build/agv/install.log --install-scripts $base/lib/agv --single-version-externally-managed install_data
