[0.100s] Invoking command in '/home/pi/ydlidar_ros2_ws/build/myagv_bringup': AMENT_PREFIX_PATH=/home/pi/ydlidar_ros2_ws/install/myagv_description:${AMENT_PREFIX_PATH} CMAKE_PREFIX_PATH=/home/pi/ydlidar_ros2_ws/install/myagv_description:/opt/ros/foxy /usr/bin/cmake --build /home/pi/ydlidar_ros2_ws/build/myagv_bringup -- -j4 -l4
[0.299s] Invoked command in '/home/pi/ydlidar_ros2_ws/build/myagv_bringup' returned '0': AMENT_PREFIX_PATH=/home/pi/ydlidar_ros2_ws/install/myagv_description:${AMENT_PREFIX_PATH} CMAKE_PREFIX_PATH=/home/pi/ydlidar_ros2_ws/install/myagv_description:/opt/ros/foxy /usr/bin/cmake --build /home/pi/ydlidar_ros2_ws/build/myagv_bringup -- -j4 -l4
[0.411s] Invoking command in '/home/pi/ydlidar_ros2_ws/build/myagv_bringup': AMENT_PREFIX_PATH=/home/pi/ydlidar_ros2_ws/install/myagv_description:${AMENT_PREFIX_PATH} CMAKE_PREFIX_PATH=/home/pi/ydlidar_ros2_ws/install/myagv_description:/opt/ros/foxy /usr/bin/cmake --install /home/pi/ydlidar_ros2_ws/build/myagv_bringup
[0.448s] -- Install configuration: ""
[0.451s] -- Up-to-date: /home/pi/ydlidar_ros2_ws/install/myagv_bringup/share/myagv_bringup/launch
[0.458s] -- Up-to-date: /home/pi/ydlidar_ros2_ws/install/myagv_bringup/share/myagv_bringup/launch/myagv_state_publisher.launch.py
[0.461s] -- Up-to-date: /home/pi/ydlidar_ros2_ws/install/myagv_bringup/share/myagv_bringup/launch/myagv.launch.py
[0.462s] -- Up-to-date: /home/pi/ydlidar_ros2_ws/install/myagv_bringup/share/ament_index/resource_index/package_run_dependencies/myagv_bringup
[0.463s] -- Up-to-date: /home/pi/ydlidar_ros2_ws/install/myagv_bringup/share/ament_index/resource_index/parent_prefix_path/myagv_bringup
[0.465s] -- Up-to-date: /home/pi/ydlidar_ros2_ws/install/myagv_bringup/share/myagv_bringup/environment/ament_prefix_path.sh
[0.465s] -- Up-to-date: /home/pi/ydlidar_ros2_ws/install/myagv_bringup/share/myagv_bringup/environment/ament_prefix_path.dsv
[0.466s] -- Up-to-date: /home/pi/ydlidar_ros2_ws/install/myagv_bringup/share/myagv_bringup/environment/path.sh
[0.467s] -- Up-to-date: /home/pi/ydlidar_ros2_ws/install/myagv_bringup/share/myagv_bringup/environment/path.dsv
[0.468s] -- Up-to-date: /home/pi/ydlidar_ros2_ws/install/myagv_bringup/share/myagv_bringup/local_setup.bash
[0.468s] -- Up-to-date: /home/pi/ydlidar_ros2_ws/install/myagv_bringup/share/myagv_bringup/local_setup.sh
[0.469s] -- Up-to-date: /home/pi/ydlidar_ros2_ws/install/myagv_bringup/share/myagv_bringup/local_setup.zsh
[0.470s] -- Up-to-date: /home/pi/ydlidar_ros2_ws/install/myagv_bringup/share/myagv_bringup/local_setup.dsv
[0.470s] -- Installing: /home/pi/ydlidar_ros2_ws/install/myagv_bringup/share/myagv_bringup/package.dsv
[0.472s] -- Up-to-date: /home/pi/ydlidar_ros2_ws/install/myagv_bringup/share/ament_index/resource_index/packages/myagv_bringup
[0.475s] -- Up-to-date: /home/pi/ydlidar_ros2_ws/install/myagv_bringup/share/myagv_bringup/cmake/myagv_bringupConfig.cmake
[0.476s] -- Up-to-date: /home/pi/ydlidar_ros2_ws/install/myagv_bringup/share/myagv_bringup/cmake/myagv_bringupConfig-version.cmake
[0.477s] -- Up-to-date: /home/pi/ydlidar_ros2_ws/install/myagv_bringup/share/myagv_bringup/package.xml
[0.484s] Invoked command in '/home/pi/ydlidar_ros2_ws/build/myagv_bringup' returned '0': AMENT_PREFIX_PATH=/home/pi/ydlidar_ros2_ws/install/myagv_description:${AMENT_PREFIX_PATH} CMAKE_PREFIX_PATH=/home/pi/ydlidar_ros2_ws/install/myagv_description:/opt/ros/foxy /usr/bin/cmake --install /home/pi/ydlidar_ros2_ws/build/myagv_bringup
