[4.609s] Invoking command in '/home/pi/ydlidar_ros2_ws/src/jdamr200_teleop': PYTHONPATH=/home/pi/ydlidar_ros2_ws/build/jdamr200_teleop/prefix_override:/usr/lib/python3/dist-packages/colcon_core/task/python/colcon_distutils_commands:/home/pi/ydlidar_ros2_ws/install/jdamr200_teleop/lib/python3.8/site-packages:${PYTHONPATH} /usr/bin/python3 -W ignore:setup.py install is deprecated setup.py egg_info --egg-base ../../build/jdamr200_teleop build --build-base /home/pi/ydlidar_ros2_ws/build/jdamr200_teleop/build install --record /home/pi/ydlidar_ros2_ws/build/jdamr200_teleop/install.log --single-version-externally-managed install_data
[5.637s] running egg_info
[5.640s] writing ../../build/jdamr200_teleop/jdamr200_teleop.egg-info/PKG-INFO
[5.641s] writing dependency_links to ../../build/jdamr200_teleop/jdamr200_teleop.egg-info/dependency_links.txt
[5.642s] writing entry points to ../../build/jdamr200_teleop/jdamr200_teleop.egg-info/entry_points.txt
[5.643s] writing requirements to ../../build/jdamr200_teleop/jdamr200_teleop.egg-info/requires.txt
[5.644s] writing top-level names to ../../build/jdamr200_teleop/jdamr200_teleop.egg-info/top_level.txt
[5.778s] reading manifest file '../../build/jdamr200_teleop/jdamr200_teleop.egg-info/SOURCES.txt'
[5.781s] writing manifest file '../../build/jdamr200_teleop/jdamr200_teleop.egg-info/SOURCES.txt'
[5.783s] running build
[5.783s] running build_py
[5.784s] running install
[5.788s] running install_lib
[5.793s] running install_data
[5.794s] running install_egg_info
[5.802s] removing '/home/pi/ydlidar_ros2_ws/install/jdamr200_teleop/lib/python3.8/site-packages/jdamr200_teleop-0.0.0-py3.8.egg-info' (and everything under it)
[5.804s] Copying ../../build/jdamr200_teleop/jdamr200_teleop.egg-info to /home/pi/ydlidar_ros2_ws/install/jdamr200_teleop/lib/python3.8/site-packages/jdamr200_teleop-0.0.0-py3.8.egg-info
[5.810s] running install_scripts
[5.892s] Installing jdamr_teleop script to /home/pi/ydlidar_ros2_ws/install/jdamr200_teleop/lib/jdamr200_teleop
[5.895s] writing list of installed files to '/home/pi/ydlidar_ros2_ws/build/jdamr200_teleop/install.log'
[6.051s] Invoked command in '/home/pi/ydlidar_ros2_ws/src/jdamr200_teleop' returned '0': PYTHONPATH=/home/pi/ydlidar_ros2_ws/build/jdamr200_teleop/prefix_override:/usr/lib/python3/dist-packages/colcon_core/task/python/colcon_distutils_commands:/home/pi/ydlidar_ros2_ws/install/jdamr200_teleop/lib/python3.8/site-packages:${PYTHONPATH} /usr/bin/python3 -W ignore:setup.py install is deprecated setup.py egg_info --egg-base ../../build/jdamr200_teleop build --build-base /home/pi/ydlidar_ros2_ws/build/jdamr200_teleop/build install --record /home/pi/ydlidar_ros2_ws/build/jdamr200_teleop/install.log --single-version-externally-managed install_data
