[0.803s] DEBUG:colcon:Command line arguments: ['/usr/bin/colcon', 'build']
[0.803s] DEBUG:colcon:Parsed command line arguments: Namespace(allow_overriding=[], ament_cmake_args=None, base_paths=['.'], build_base='build', catkin_cmake_args=None, catkin_skip_building_tests=False, cmake_args=None, cmake_clean_cache=False, cmake_clean_first=False, cmake_force_configure=False, cmake_target=None, cmake_target_skip_unavailable=False, continue_on_error=False, event_handlers=None, executor='parallel', ignore_user_meta=False, install_base='install', log_base=None, log_level=None, main=<bound method BuildVerb.main of <colcon_core.verb.build.BuildVerb object at 0xffffa59cffd0>>, merge_install=False, metas=['./colcon.meta'], mixin=None, mixin_files=None, mixin_verb=('build',), packages_above=None, packages_above_and_dependencies=None, packages_above_depth=None, packages_end=None, packages_ignore=None, packages_ignore_regex=None, packages_select=None, packages_select_build_failed=False, packages_select_by_dep=None, packages_select_regex=None, packages_select_test_failures=False, packages_skip=None, packages_skip_build_finished=False, packages_skip_by_dep=None, packages_skip_regex=None, packages_skip_test_passed=False, packages_skip_up_to=None, packages_start=None, packages_up_to=None, packages_up_to_regex=None, parallel_workers=4, paths=None, symlink_install=False, test_result_base=None, verb_extension=<colcon_core.verb.build.BuildVerb object at 0xffffa59cffd0>, verb_name='build', verb_parser=<colcon_mixin.mixin.mixin_argument.MixinArgumentDecorator object at 0xffffa5930ee0>)
[1.461s] Level 1:colcon.colcon_core.package_discovery:discover_packages(colcon_meta) check parameters
[1.462s] Level 1:colcon.colcon_core.package_discovery:discover_packages(recursive) check parameters
[1.462s] Level 1:colcon.colcon_core.package_discovery:discover_packages(ignore) check parameters
[1.462s] Level 1:colcon.colcon_core.package_discovery:discover_packages(path) check parameters
[1.462s] Level 1:colcon.colcon_core.package_discovery:discover_packages(colcon_meta) discover
[1.462s] Level 1:colcon.colcon_core.package_discovery:discover_packages(recursive) discover
[1.462s] INFO:colcon.colcon_core.package_discovery:Crawling recursively for packages in '/home/pi/ydlidar_ros2_ws'
[1.463s] Level 1:colcon.colcon_core.package_identification:_identify(.) by extensions ['ignore', 'ignore_ament_install']
[1.463s] Level 1:colcon.colcon_core.package_identification:_identify(.) by extension 'ignore'
[1.463s] Level 1:colcon.colcon_core.package_identification:_identify(.) by extension 'ignore_ament_install'
[1.464s] Level 1:colcon.colcon_core.package_identification:_identify(.) by extensions ['colcon_pkg']
[1.464s] Level 1:colcon.colcon_core.package_identification:_identify(.) by extension 'colcon_pkg'
[1.464s] Level 1:colcon.colcon_core.package_identification:_identify(.) by extensions ['colcon_meta']
[1.464s] Level 1:colcon.colcon_core.package_identification:_identify(.) by extension 'colcon_meta'
[1.464s] Level 1:colcon.colcon_core.package_identification:_identify(.) by extensions ['ros']
[1.464s] Level 1:colcon.colcon_core.package_identification:_identify(.) by extension 'ros'
[1.508s] Level 1:colcon.colcon_core.package_identification:_identify(.) by extensions ['cmake', 'python']
[1.508s] Level 1:colcon.colcon_core.package_identification:_identify(.) by extension 'cmake'
[1.509s] Level 1:colcon.colcon_core.package_identification:_identify(.) by extension 'python'
[1.509s] Level 1:colcon.colcon_core.package_identification:_identify(.) by extensions ['python_setup_py']
[1.509s] Level 1:colcon.colcon_core.package_identification:_identify(.) by extension 'python_setup_py'
[1.509s] Level 1:colcon.colcon_core.package_identification:_identify(build) by extensions ['ignore', 'ignore_ament_install']
[1.510s] Level 1:colcon.colcon_core.package_identification:_identify(build) by extension 'ignore'
[1.510s] Level 1:colcon.colcon_core.package_identification:_identify(build) ignored
[1.510s] Level 1:colcon.colcon_core.package_identification:_identify(install) by extensions ['ignore', 'ignore_ament_install']
[1.511s] Level 1:colcon.colcon_core.package_identification:_identify(install) by extension 'ignore'
[1.511s] Level 1:colcon.colcon_core.package_identification:_identify(install) ignored
[1.511s] Level 1:colcon.colcon_core.package_identification:_identify(log) by extensions ['ignore', 'ignore_ament_install']
[1.512s] Level 1:colcon.colcon_core.package_identification:_identify(log) by extension 'ignore'
[1.512s] Level 1:colcon.colcon_core.package_identification:_identify(log) ignored
[1.512s] Level 1:colcon.colcon_core.package_identification:_identify(src) by extensions ['ignore', 'ignore_ament_install']
[1.512s] Level 1:colcon.colcon_core.package_identification:_identify(src) by extension 'ignore'
[1.513s] Level 1:colcon.colcon_core.package_identification:_identify(src) by extension 'ignore_ament_install'
[1.513s] Level 1:colcon.colcon_core.package_identification:_identify(src) by extensions ['colcon_pkg']
[1.513s] Level 1:colcon.colcon_core.package_identification:_identify(src) by extension 'colcon_pkg'
[1.513s] Level 1:colcon.colcon_core.package_identification:_identify(src) by extensions ['colcon_meta']
[1.513s] Level 1:colcon.colcon_core.package_identification:_identify(src) by extension 'colcon_meta'
[1.513s] Level 1:colcon.colcon_core.package_identification:_identify(src) by extensions ['ros']
[1.513s] Level 1:colcon.colcon_core.package_identification:_identify(src) by extension 'ros'
[1.514s] Level 1:colcon.colcon_core.package_identification:_identify(src) by extensions ['cmake', 'python']
[1.514s] Level 1:colcon.colcon_core.package_identification:_identify(src) by extension 'cmake'
[1.514s] Level 1:colcon.colcon_core.package_identification:_identify(src) by extension 'python'
[1.514s] Level 1:colcon.colcon_core.package_identification:_identify(src) by extensions ['python_setup_py']
[1.514s] Level 1:colcon.colcon_core.package_identification:_identify(src) by extension 'python_setup_py'
[1.515s] Level 1:colcon.colcon_core.package_identification:_identify(src/ydlidar_ros2_driver) by extensions ['ignore', 'ignore_ament_install']
[1.515s] Level 1:colcon.colcon_core.package_identification:_identify(src/ydlidar_ros2_driver) by extension 'ignore'
[1.515s] Level 1:colcon.colcon_core.package_identification:_identify(src/ydlidar_ros2_driver) by extension 'ignore_ament_install'
[1.516s] Level 1:colcon.colcon_core.package_identification:_identify(src/ydlidar_ros2_driver) by extensions ['colcon_pkg']
[1.516s] Level 1:colcon.colcon_core.package_identification:_identify(src/ydlidar_ros2_driver) by extension 'colcon_pkg'
[1.516s] Level 1:colcon.colcon_core.package_identification:_identify(src/ydlidar_ros2_driver) by extensions ['colcon_meta']
[1.516s] Level 1:colcon.colcon_core.package_identification:_identify(src/ydlidar_ros2_driver) by extension 'colcon_meta'
[1.516s] Level 1:colcon.colcon_core.package_identification:_identify(src/ydlidar_ros2_driver) by extensions ['ros']
[1.516s] Level 1:colcon.colcon_core.package_identification:_identify(src/ydlidar_ros2_driver) by extension 'ros'
[1.525s] DEBUG:colcon.colcon_core.package_identification:Package 'src/ydlidar_ros2_driver' with type 'ros.ament_cmake' and name 'ydlidar_ros2_driver'
[1.525s] Level 1:colcon.colcon_core.package_discovery:discover_packages(recursive) using defaults
[1.525s] Level 1:colcon.colcon_core.package_discovery:discover_packages(ignore) discover
[1.525s] Level 1:colcon.colcon_core.package_discovery:discover_packages(ignore) using defaults
[1.525s] Level 1:colcon.colcon_core.package_discovery:discover_packages(path) discover
[1.526s] Level 1:colcon.colcon_core.package_discovery:discover_packages(path) using defaults
[1.583s] Level 1:colcon.colcon_core.package_discovery:discover_packages(prefix_path) check parameters
[1.583s] Level 1:colcon.colcon_core.package_discovery:discover_packages(prefix_path) discover
[1.590s] DEBUG:colcon.colcon_installed_package_information.package_discovery:Found 1 installed packages in /home/pi/ydlidar_ros2_ws/install
[1.598s] DEBUG:colcon.colcon_installed_package_information.package_discovery:Found 296 installed packages in /opt/ros/foxy
[1.611s] Level 1:colcon.colcon_core.package_discovery:discover_packages(prefix_path) using defaults
[2.002s] Level 5:colcon.colcon_core.verb:set package 'ydlidar_ros2_driver' build argument 'cmake_args' from command line to 'None'
[2.002s] Level 5:colcon.colcon_core.verb:set package 'ydlidar_ros2_driver' build argument 'cmake_target' from command line to 'None'
[2.002s] Level 5:colcon.colcon_core.verb:set package 'ydlidar_ros2_driver' build argument 'cmake_target_skip_unavailable' from command line to 'False'
[2.002s] Level 5:colcon.colcon_core.verb:set package 'ydlidar_ros2_driver' build argument 'cmake_clean_cache' from command line to 'False'
[2.003s] Level 5:colcon.colcon_core.verb:set package 'ydlidar_ros2_driver' build argument 'cmake_clean_first' from command line to 'False'
[2.003s] Level 5:colcon.colcon_core.verb:set package 'ydlidar_ros2_driver' build argument 'cmake_force_configure' from command line to 'False'
[2.003s] Level 5:colcon.colcon_core.verb:set package 'ydlidar_ros2_driver' build argument 'ament_cmake_args' from command line to 'None'
[2.003s] Level 5:colcon.colcon_core.verb:set package 'ydlidar_ros2_driver' build argument 'catkin_cmake_args' from command line to 'None'
[2.003s] Level 5:colcon.colcon_core.verb:set package 'ydlidar_ros2_driver' build argument 'catkin_skip_building_tests' from command line to 'False'
[2.003s] DEBUG:colcon.colcon_core.verb:Building package 'ydlidar_ros2_driver' with the following arguments: {'ament_cmake_args': None, 'build_base': '/home/pi/ydlidar_ros2_ws/build/ydlidar_ros2_driver', 'catkin_cmake_args': None, 'catkin_skip_building_tests': False, 'cmake_args': None, 'cmake_clean_cache': False, 'cmake_clean_first': False, 'cmake_force_configure': False, 'cmake_target': None, 'cmake_target_skip_unavailable': False, 'install_base': '/home/pi/ydlidar_ros2_ws/install/ydlidar_ros2_driver', 'merge_install': False, 'path': '/home/pi/ydlidar_ros2_ws/src/ydlidar_ros2_driver', 'symlink_install': False, 'test_result_base': None}
[2.004s] INFO:colcon.colcon_core.executor:Executing jobs using 'parallel' executor
[2.007s] DEBUG:colcon.colcon_parallel_executor.executor.parallel:run_until_complete
[2.008s] INFO:colcon.colcon_ros.task.ament_cmake.build:Building ROS package in '/home/pi/ydlidar_ros2_ws/src/ydlidar_ros2_driver' with build type 'ament_cmake'
[2.009s] INFO:colcon.colcon_cmake.task.cmake.build:Building CMake package in '/home/pi/ydlidar_ros2_ws/src/ydlidar_ros2_driver'
[2.016s] INFO:colcon.colcon_core.plugin_system:Skipping extension 'colcon_core.shell.bat': Not used on non-Windows systems
[2.017s] INFO:colcon.colcon_core.shell:Skip shell extension 'powershell' for command environment: Not usable outside of PowerShell
[2.017s] DEBUG:colcon.colcon_core.shell:Skip shell extension 'dsv' for command environment
[2.065s] DEBUG:colcon.colcon_core.event_handler.log_command:Invoking command in '/home/pi/ydlidar_ros2_ws/build/ydlidar_ros2_driver': CMAKE_PREFIX_PATH=${CMAKE_PREFIX_PATH}:/opt/ros/foxy /usr/bin/cmake --build /home/pi/ydlidar_ros2_ws/build/ydlidar_ros2_driver -- -j4 -l4
[2.411s] DEBUG:colcon.colcon_core.event_handler.log_command:Invoked command in '/home/pi/ydlidar_ros2_ws/build/ydlidar_ros2_driver' returned '0': CMAKE_PREFIX_PATH=${CMAKE_PREFIX_PATH}:/opt/ros/foxy /usr/bin/cmake --build /home/pi/ydlidar_ros2_ws/build/ydlidar_ros2_driver -- -j4 -l4
[2.592s] DEBUG:colcon.colcon_core.event_handler.log_command:Invoking command in '/home/pi/ydlidar_ros2_ws/build/ydlidar_ros2_driver': CMAKE_PREFIX_PATH=${CMAKE_PREFIX_PATH}:/opt/ros/foxy /usr/bin/cmake --install /home/pi/ydlidar_ros2_ws/build/ydlidar_ros2_driver
[2.645s] Level 1:colcon.colcon_core.environment:create_environment_scripts_only(ydlidar_ros2_driver)
[2.647s] DEBUG:colcon.colcon_core.event_handler.log_command:Invoked command in '/home/pi/ydlidar_ros2_ws/build/ydlidar_ros2_driver' returned '0': CMAKE_PREFIX_PATH=${CMAKE_PREFIX_PATH}:/opt/ros/foxy /usr/bin/cmake --install /home/pi/ydlidar_ros2_ws/build/ydlidar_ros2_driver
[2.658s] Level 1:colcon.colcon_core.environment:checking '/home/pi/ydlidar_ros2_ws/install/ydlidar_ros2_driver' for CMake module files
[2.662s] Level 1:colcon.colcon_core.environment:checking '/home/pi/ydlidar_ros2_ws/install/ydlidar_ros2_driver' for CMake config files
[2.665s] Level 1:colcon.colcon_core.shell:create_environment_hook('ydlidar_ros2_driver', 'cmake_prefix_path')
[2.666s] INFO:colcon.colcon_core.shell:Creating environment hook '/home/pi/ydlidar_ros2_ws/install/ydlidar_ros2_driver/share/ydlidar_ros2_driver/hook/cmake_prefix_path.ps1'
[2.668s] INFO:colcon.colcon_core.shell:Creating environment descriptor '/home/pi/ydlidar_ros2_ws/install/ydlidar_ros2_driver/share/ydlidar_ros2_driver/hook/cmake_prefix_path.dsv'
[2.670s] INFO:colcon.colcon_core.shell:Creating environment hook '/home/pi/ydlidar_ros2_ws/install/ydlidar_ros2_driver/share/ydlidar_ros2_driver/hook/cmake_prefix_path.sh'
[2.674s] Level 1:colcon.colcon_core.environment:checking '/home/pi/ydlidar_ros2_ws/install/ydlidar_ros2_driver/lib'
[2.675s] Level 1:colcon.colcon_core.environment:checking '/home/pi/ydlidar_ros2_ws/install/ydlidar_ros2_driver/bin'
[2.675s] Level 1:colcon.colcon_core.environment:checking '/home/pi/ydlidar_ros2_ws/install/ydlidar_ros2_driver/lib/pkgconfig/ydlidar_ros2_driver.pc'
[2.676s] Level 1:colcon.colcon_core.environment:checking '/home/pi/ydlidar_ros2_ws/install/ydlidar_ros2_driver/lib/python3.8/site-packages'
[2.676s] Level 1:colcon.colcon_core.environment:checking '/home/pi/ydlidar_ros2_ws/install/ydlidar_ros2_driver/bin'
[2.678s] INFO:colcon.colcon_core.shell:Creating package script '/home/pi/ydlidar_ros2_ws/install/ydlidar_ros2_driver/share/ydlidar_ros2_driver/package.ps1'
[2.681s] INFO:colcon.colcon_core.shell:Creating package descriptor '/home/pi/ydlidar_ros2_ws/install/ydlidar_ros2_driver/share/ydlidar_ros2_driver/package.dsv'
[2.683s] INFO:colcon.colcon_core.shell:Creating package script '/home/pi/ydlidar_ros2_ws/install/ydlidar_ros2_driver/share/ydlidar_ros2_driver/package.sh'
[2.686s] INFO:colcon.colcon_core.shell:Creating package script '/home/pi/ydlidar_ros2_ws/install/ydlidar_ros2_driver/share/ydlidar_ros2_driver/package.bash'
[2.689s] INFO:colcon.colcon_core.shell:Creating package script '/home/pi/ydlidar_ros2_ws/install/ydlidar_ros2_driver/share/ydlidar_ros2_driver/package.zsh'
[2.692s] Level 1:colcon.colcon_core.environment:create_file_with_runtime_dependencies(/home/pi/ydlidar_ros2_ws/install/ydlidar_ros2_driver/share/colcon-core/packages/ydlidar_ros2_driver)
[2.824s] Level 1:colcon.colcon_core.environment:create_environment_scripts_only(ydlidar_ros2_driver)
[2.825s] Level 1:colcon.colcon_core.environment:checking '/home/pi/ydlidar_ros2_ws/install/ydlidar_ros2_driver' for CMake module files
[2.829s] Level 1:colcon.colcon_core.environment:checking '/home/pi/ydlidar_ros2_ws/install/ydlidar_ros2_driver' for CMake config files
[2.831s] Level 1:colcon.colcon_core.shell:create_environment_hook('ydlidar_ros2_driver', 'cmake_prefix_path')
[2.832s] INFO:colcon.colcon_core.shell:Creating environment hook '/home/pi/ydlidar_ros2_ws/install/ydlidar_ros2_driver/share/ydlidar_ros2_driver/hook/cmake_prefix_path.ps1'
[2.835s] INFO:colcon.colcon_core.shell:Creating environment descriptor '/home/pi/ydlidar_ros2_ws/install/ydlidar_ros2_driver/share/ydlidar_ros2_driver/hook/cmake_prefix_path.dsv'
[2.837s] INFO:colcon.colcon_core.shell:Creating environment hook '/home/pi/ydlidar_ros2_ws/install/ydlidar_ros2_driver/share/ydlidar_ros2_driver/hook/cmake_prefix_path.sh'
[2.840s] Level 1:colcon.colcon_core.environment:checking '/home/pi/ydlidar_ros2_ws/install/ydlidar_ros2_driver/lib'
[2.841s] Level 1:colcon.colcon_core.environment:checking '/home/pi/ydlidar_ros2_ws/install/ydlidar_ros2_driver/bin'
[2.841s] Level 1:colcon.colcon_core.environment:checking '/home/pi/ydlidar_ros2_ws/install/ydlidar_ros2_driver/lib/pkgconfig/ydlidar_ros2_driver.pc'
[2.842s] Level 1:colcon.colcon_core.environment:checking '/home/pi/ydlidar_ros2_ws/install/ydlidar_ros2_driver/lib/python3.8/site-packages'
[2.843s] Level 1:colcon.colcon_core.environment:checking '/home/pi/ydlidar_ros2_ws/install/ydlidar_ros2_driver/bin'
[2.844s] INFO:colcon.colcon_core.shell:Creating package script '/home/pi/ydlidar_ros2_ws/install/ydlidar_ros2_driver/share/ydlidar_ros2_driver/package.ps1'
[2.847s] INFO:colcon.colcon_core.shell:Creating package descriptor '/home/pi/ydlidar_ros2_ws/install/ydlidar_ros2_driver/share/ydlidar_ros2_driver/package.dsv'
[2.849s] INFO:colcon.colcon_core.shell:Creating package script '/home/pi/ydlidar_ros2_ws/install/ydlidar_ros2_driver/share/ydlidar_ros2_driver/package.sh'
[2.851s] INFO:colcon.colcon_core.shell:Creating package script '/home/pi/ydlidar_ros2_ws/install/ydlidar_ros2_driver/share/ydlidar_ros2_driver/package.bash'
[2.853s] INFO:colcon.colcon_core.shell:Creating package script '/home/pi/ydlidar_ros2_ws/install/ydlidar_ros2_driver/share/ydlidar_ros2_driver/package.zsh'
[2.855s] Level 1:colcon.colcon_core.environment:create_file_with_runtime_dependencies(/home/pi/ydlidar_ros2_ws/install/ydlidar_ros2_driver/share/colcon-core/packages/ydlidar_ros2_driver)
[2.857s] DEBUG:colcon.colcon_parallel_executor.executor.parallel:closing loop
[2.858s] DEBUG:colcon.colcon_parallel_executor.executor.parallel:loop closed
[2.858s] DEBUG:colcon.colcon_parallel_executor.executor.parallel:run_until_complete finished with '0'
[2.858s] DEBUG:colcon.colcon_core.event_reactor:joining thread
[2.885s] INFO:colcon.colcon_core.plugin_system:Skipping extension 'colcon_notification.desktop_notification.terminal_notifier': Not used on non-Darwin systems
[2.886s] INFO:colcon.colcon_core.plugin_system:Skipping extension 'colcon_notification.desktop_notification.win32': Not used on non-Windows systems
[2.886s] INFO:colcon.colcon_notification.desktop_notification:Sending desktop notification using 'notify2'
[2.901s] DEBUG:colcon.colcon_core.event_reactor:joined thread
[2.903s] INFO:colcon.colcon_core.shell:Creating prefix script '/home/pi/ydlidar_ros2_ws/install/local_setup.ps1'
[2.908s] INFO:colcon.colcon_core.shell:Creating prefix util module '/home/pi/ydlidar_ros2_ws/install/_local_setup_util_ps1.py'
[2.918s] INFO:colcon.colcon_core.shell:Creating prefix chain script '/home/pi/ydlidar_ros2_ws/install/setup.ps1'
[2.923s] INFO:colcon.colcon_core.shell:Creating prefix script '/home/pi/ydlidar_ros2_ws/install/local_setup.sh'
[2.926s] INFO:colcon.colcon_core.shell:Creating prefix util module '/home/pi/ydlidar_ros2_ws/install/_local_setup_util_sh.py'
[2.928s] INFO:colcon.colcon_core.shell:Creating prefix chain script '/home/pi/ydlidar_ros2_ws/install/setup.sh'
[2.933s] INFO:colcon.colcon_core.shell:Creating prefix script '/home/pi/ydlidar_ros2_ws/install/local_setup.bash'
[2.935s] INFO:colcon.colcon_core.shell:Creating prefix chain script '/home/pi/ydlidar_ros2_ws/install/setup.bash'
[2.939s] INFO:colcon.colcon_core.shell:Creating prefix script '/home/pi/ydlidar_ros2_ws/install/local_setup.zsh'
[2.941s] INFO:colcon.colcon_core.shell:Creating prefix chain script '/home/pi/ydlidar_ros2_ws/install/setup.zsh'
