[0.167s] Invoking command in '/home/pi/ydlidar_ros2_ws/build/myagv_description': CMAKE_PREFIX_PATH=/opt/ros/foxy /usr/bin/cmake --build /home/pi/ydlidar_ros2_ws/build/myagv_description -- -j4 -l4
[2.188s] Invoked command in '/home/pi/ydlidar_ros2_ws/build/myagv_description' returned '0': CMAKE_PREFIX_PATH=/opt/ros/foxy /usr/bin/cmake --build /home/pi/ydlidar_ros2_ws/build/myagv_description -- -j4 -l4
[2.374s] Invoking command in '/home/pi/ydlidar_ros2_ws/build/myagv_description': CMAKE_PREFIX_PATH=/opt/ros/foxy /usr/bin/cmake --install /home/pi/ydlidar_ros2_ws/build/myagv_description
[2.429s] -- Install configuration: ""
[2.434s] -- Execute custom install script
[2.444s] -- Up-to-date symlink: /home/pi/ydlidar_ros2_ws/install/myagv_description/share/myagv_description/urdf/myAGV.urdf
[2.451s] -- Up-to-date symlink: /home/pi/ydlidar_ros2_ws/install/myagv_description/share/myagv_description/meshes/myagv_all.dae
[2.453s] -- Up-to-date symlink: /home/pi/ydlidar_ros2_ws/install/myagv_description/share/myagv_description/meshes/myagv_base.dae
[2.457s] -- Up-to-date symlink: /home/pi/ydlidar_ros2_ws/install/myagv_description/share/myagv_description/meshes/myagv_up.dae
[2.463s] -- Up-to-date symlink: /home/pi/ydlidar_ros2_ws/install/myagv_description/share/ament_index/resource_index/package_run_dependencies/myagv_description
[2.469s] -- Up-to-date symlink: /home/pi/ydlidar_ros2_ws/install/myagv_description/share/ament_index/resource_index/parent_prefix_path/myagv_description
[2.475s] -- Up-to-date symlink: /home/pi/ydlidar_ros2_ws/install/myagv_description/share/myagv_description/environment/ament_prefix_path.sh
[2.478s] -- Up-to-date symlink: /home/pi/ydlidar_ros2_ws/install/myagv_description/share/myagv_description/environment/ament_prefix_path.dsv
[2.481s] -- Up-to-date symlink: /home/pi/ydlidar_ros2_ws/install/myagv_description/share/myagv_description/environment/path.sh
[2.484s] -- Up-to-date symlink: /home/pi/ydlidar_ros2_ws/install/myagv_description/share/myagv_description/environment/path.dsv
[2.486s] -- Up-to-date symlink: /home/pi/ydlidar_ros2_ws/install/myagv_description/share/myagv_description/local_setup.bash
[2.489s] -- Up-to-date symlink: /home/pi/ydlidar_ros2_ws/install/myagv_description/share/myagv_description/local_setup.sh
[2.492s] -- Up-to-date symlink: /home/pi/ydlidar_ros2_ws/install/myagv_description/share/myagv_description/local_setup.zsh
[2.494s] -- Up-to-date symlink: /home/pi/ydlidar_ros2_ws/install/myagv_description/share/myagv_description/local_setup.dsv
[2.496s] -- Symlinking: /home/pi/ydlidar_ros2_ws/install/myagv_description/share/myagv_description/package.dsv
[2.551s] -- Up-to-date symlink: /home/pi/ydlidar_ros2_ws/install/myagv_description/share/ament_index/resource_index/packages/myagv_description
[2.554s] -- Up-to-date symlink: /home/pi/ydlidar_ros2_ws/install/myagv_description/share/myagv_description/cmake/myagv_descriptionConfig.cmake
[2.559s] -- Up-to-date symlink: /home/pi/ydlidar_ros2_ws/install/myagv_description/share/myagv_description/cmake/myagv_descriptionConfig-version.cmake
[2.560s] -- Up-to-date symlink: /home/pi/ydlidar_ros2_ws/install/myagv_description/share/myagv_description/package.xml
[2.571s] Invoked command in '/home/pi/ydlidar_ros2_ws/build/myagv_description' returned '0': CMAKE_PREFIX_PATH=/opt/ros/foxy /usr/bin/cmake --install /home/pi/ydlidar_ros2_ws/build/myagv_description
