[5.960s] Invoking command in '/home/pi/finalagv_ros2_ws/src/agv': PYTHONPATH=/home/pi/finalagv_ros2_ws/build/agv/prefix_override:/usr/lib/python3/dist-packages/colcon_core/task/python/colcon_distutils_commands:/home/pi/finalagv_ros2_ws/install/agv/lib/python3.8/site-packages:${PYTHONPATH} /usr/bin/python3 -W ignore:setup.py install is deprecated setup.py egg_info --egg-base ../../build/agv build --build-base /home/pi/finalagv_ros2_ws/build/agv/build install --record /home/pi/finalagv_ros2_ws/build/agv/install.log --install-scripts $base/lib/agv --single-version-externally-managed install_data
[7.622s] running egg_info
[7.624s] writing ../../build/agv/agv.egg-info/PKG-INFO
[7.626s] writing dependency_links to ../../build/agv/agv.egg-info/dependency_links.txt
[7.627s] writing entry points to ../../build/agv/agv.egg-info/entry_points.txt
[7.627s] writing requirements to ../../build/agv/agv.egg-info/requires.txt
[7.628s] writing top-level names to ../../build/agv/agv.egg-info/top_level.txt
[7.773s] reading manifest file '../../build/agv/agv.egg-info/SOURCES.txt'
[7.779s] writing manifest file '../../build/agv/agv.egg-info/SOURCES.txt'
[7.783s] running build
[7.783s] running build_py
[7.784s] copying agv/sub2.py -> /home/pi/finalagv_ros2_ws/build/agv/build/lib/agv
[7.786s] copying agv/pub4.py -> /home/pi/finalagv_ros2_ws/build/agv/build/lib/agv
[7.789s] running install
[7.792s] running install_lib
[7.795s] copying /home/pi/finalagv_ros2_ws/build/agv/build/lib/agv/sub2.py -> /home/pi/finalagv_ros2_ws/install/agv/lib/python3.8/site-packages/agv
[7.798s] copying /home/pi/finalagv_ros2_ws/build/agv/build/lib/agv/pub4.py -> /home/pi/finalagv_ros2_ws/install/agv/lib/python3.8/site-packages/agv
[7.802s] byte-compiling /home/pi/finalagv_ros2_ws/install/agv/lib/python3.8/site-packages/agv/sub2.py to sub2.cpython-38.pyc
[7.813s] byte-compiling /home/pi/finalagv_ros2_ws/install/agv/lib/python3.8/site-packages/agv/pub4.py to pub4.cpython-38.pyc
[7.819s] running install_data
[7.825s] running install_egg_info
[7.833s] removing '/home/pi/finalagv_ros2_ws/install/agv/lib/python3.8/site-packages/agv-0.0.0-py3.8.egg-info' (and everything under it)
[7.836s] Copying ../../build/agv/agv.egg-info to /home/pi/finalagv_ros2_ws/install/agv/lib/python3.8/site-packages/agv-0.0.0-py3.8.egg-info
[7.843s] running install_scripts
[7.917s] Installing pub script to /home/pi/finalagv_ros2_ws/install/agv/lib/agv
[7.918s] Installing pub2 script to /home/pi/finalagv_ros2_ws/install/agv/lib/agv
[7.919s] Installing pub4 script to /home/pi/finalagv_ros2_ws/install/agv/lib/agv
[7.920s] Installing return script to /home/pi/finalagv_ros2_ws/install/agv/lib/agv
[7.920s] Installing sub script to /home/pi/finalagv_ros2_ws/install/agv/lib/agv
[7.921s] Installing sub2 script to /home/pi/finalagv_ros2_ws/install/agv/lib/agv
[7.922s] Installing tel script to /home/pi/finalagv_ros2_ws/install/agv/lib/agv
[7.923s] Installing udp script to /home/pi/finalagv_ros2_ws/install/agv/lib/agv
[7.925s] writing list of installed files to '/home/pi/finalagv_ros2_ws/build/agv/install.log'
[8.049s] Invoked command in '/home/pi/finalagv_ros2_ws/src/agv' returned '0': PYTHONPATH=/home/pi/finalagv_ros2_ws/build/agv/prefix_override:/usr/lib/python3/dist-packages/colcon_core/task/python/colcon_distutils_commands:/home/pi/finalagv_ros2_ws/install/agv/lib/python3.8/site-packages:${PYTHONPATH} /usr/bin/python3 -W ignore:setup.py install is deprecated setup.py egg_info --egg-base ../../build/agv build --build-base /home/pi/finalagv_ros2_ws/build/agv/build install --record /home/pi/finalagv_ros2_ws/build/agv/install.log --install-scripts $base/lib/agv --single-version-externally-managed install_data
