[2.956s] Invoking command in '/home/pi/finalagv_ros2_ws/src/agv': PYTHONPATH=/home/pi/finalagv_ros2_ws/build/agv/prefix_override:/usr/lib/python3/dist-packages/colcon_core/task/python/colcon_distutils_commands:/home/pi/finalagv_ros2_ws/install/agv/lib/python3.8/site-packages:${PYTHONPATH} /usr/bin/python3 -W ignore:setup.py install is deprecated setup.py egg_info --egg-base ../../build/agv build --build-base /home/pi/finalagv_ros2_ws/build/agv/build install --record /home/pi/finalagv_ros2_ws/build/agv/install.log --install-scripts $base/lib/agv --single-version-externally-managed install_data
[3.830s] running egg_info
[3.832s] writing ../../build/agv/agv.egg-info/PKG-INFO
[3.834s] writing dependency_links to ../../build/agv/agv.egg-info/dependency_links.txt
[3.835s] writing entry points to ../../build/agv/agv.egg-info/entry_points.txt
[3.836s] writing requirements to ../../build/agv/agv.egg-info/requires.txt
[3.837s] writing top-level names to ../../build/agv/agv.egg-info/top_level.txt
[3.972s] reading manifest file '../../build/agv/agv.egg-info/SOURCES.txt'
[3.976s] writing manifest file '../../build/agv/agv.egg-info/SOURCES.txt'
[3.976s] running build
[3.977s] running build_py
[3.980s] running install
[3.983s] running install_lib
[3.990s] running install_data
[3.996s] running install_egg_info
[4.004s] removing '/home/pi/finalagv_ros2_ws/install/agv/lib/python3.8/site-packages/agv-0.0.0-py3.8.egg-info' (and everything under it)
[4.007s] Copying ../../build/agv/agv.egg-info to /home/pi/finalagv_ros2_ws/install/agv/lib/python3.8/site-packages/agv-0.0.0-py3.8.egg-info
[4.012s] running install_scripts
[4.074s] Installing pub script to /home/pi/finalagv_ros2_ws/install/agv/lib/agv
[4.075s] Installing sub script to /home/pi/finalagv_ros2_ws/install/agv/lib/agv
[4.076s] Installing tel script to /home/pi/finalagv_ros2_ws/install/agv/lib/agv
[4.077s] Installing udp script to /home/pi/finalagv_ros2_ws/install/agv/lib/agv
[4.079s] writing list of installed files to '/home/pi/finalagv_ros2_ws/build/agv/install.log'
[4.174s] Invoked command in '/home/pi/finalagv_ros2_ws/src/agv' returned '0': PYTHONPATH=/home/pi/finalagv_ros2_ws/build/agv/prefix_override:/usr/lib/python3/dist-packages/colcon_core/task/python/colcon_distutils_commands:/home/pi/finalagv_ros2_ws/install/agv/lib/python3.8/site-packages:${PYTHONPATH} /usr/bin/python3 -W ignore:setup.py install is deprecated setup.py egg_info --egg-base ../../build/agv build --build-base /home/pi/finalagv_ros2_ws/build/agv/build install --record /home/pi/finalagv_ros2_ws/build/agv/install.log --install-scripts $base/lib/agv --single-version-externally-managed install_data
