[2.693s] Invoking command in '/home/pi/finalagv_ros2_ws/src/agv': PYTHONPATH=/home/pi/finalagv_ros2_ws/build/agv/prefix_override:/usr/lib/python3/dist-packages/colcon_core/task/python/colcon_distutils_commands:/home/pi/finalagv_ros2_ws/install/agv/lib/python3.8/site-packages:${PYTHONPATH} /usr/bin/python3 -W ignore:setup.py install is deprecated setup.py egg_info --egg-base ../../build/agv build --build-base /home/pi/finalagv_ros2_ws/build/agv/build install --record /home/pi/finalagv_ros2_ws/build/agv/install.log --install-scripts $base/lib/agv --single-version-externally-managed install_data
[3.609s] running egg_info
[3.611s] writing ../../build/agv/agv.egg-info/PKG-INFO
[3.612s] writing dependency_links to ../../build/agv/agv.egg-info/dependency_links.txt
[3.613s] writing entry points to ../../build/agv/agv.egg-info/entry_points.txt
[3.613s] writing requirements to ../../build/agv/agv.egg-info/requires.txt
[3.614s] writing top-level names to ../../build/agv/agv.egg-info/top_level.txt
[3.742s] reading manifest file '../../build/agv/agv.egg-info/SOURCES.txt'
[3.746s] writing manifest file '../../build/agv/agv.egg-info/SOURCES.txt'
[3.746s] running build
[3.746s] running build_py
[3.747s] copying agv/sub2.py -> /home/pi/finalagv_ros2_ws/build/agv/build/lib/agv
[3.748s] copying agv/pub2.py -> /home/pi/finalagv_ros2_ws/build/agv/build/lib/agv
[3.750s] running install
[3.754s] running install_lib
[3.759s] copying /home/pi/finalagv_ros2_ws/build/agv/build/lib/agv/sub2.py -> /home/pi/finalagv_ros2_ws/install/agv/lib/python3.8/site-packages/agv
[3.760s] copying /home/pi/finalagv_ros2_ws/build/agv/build/lib/agv/pub2.py -> /home/pi/finalagv_ros2_ws/install/agv/lib/python3.8/site-packages/agv
[3.763s] byte-compiling /home/pi/finalagv_ros2_ws/install/agv/lib/python3.8/site-packages/agv/sub2.py to sub2.cpython-38.pyc
[3.771s] byte-compiling /home/pi/finalagv_ros2_ws/install/agv/lib/python3.8/site-packages/agv/pub2.py to pub2.cpython-38.pyc
[3.777s] running install_data
[3.778s] running install_egg_info
[3.784s] removing '/home/pi/finalagv_ros2_ws/install/agv/lib/python3.8/site-packages/agv-0.0.0-py3.8.egg-info' (and everything under it)
[3.785s] Copying ../../build/agv/agv.egg-info to /home/pi/finalagv_ros2_ws/install/agv/lib/python3.8/site-packages/agv-0.0.0-py3.8.egg-info
[3.790s] running install_scripts
[3.851s] Installing pub script to /home/pi/finalagv_ros2_ws/install/agv/lib/agv
[3.853s] Installing pub2 script to /home/pi/finalagv_ros2_ws/install/agv/lib/agv
[3.853s] Installing sub script to /home/pi/finalagv_ros2_ws/install/agv/lib/agv
[3.855s] Installing sub2 script to /home/pi/finalagv_ros2_ws/install/agv/lib/agv
[3.856s] Installing tel script to /home/pi/finalagv_ros2_ws/install/agv/lib/agv
[3.856s] Installing udp script to /home/pi/finalagv_ros2_ws/install/agv/lib/agv
[3.858s] writing list of installed files to '/home/pi/finalagv_ros2_ws/build/agv/install.log'
[3.956s] Invoked command in '/home/pi/finalagv_ros2_ws/src/agv' returned '0': PYTHONPATH=/home/pi/finalagv_ros2_ws/build/agv/prefix_override:/usr/lib/python3/dist-packages/colcon_core/task/python/colcon_distutils_commands:/home/pi/finalagv_ros2_ws/install/agv/lib/python3.8/site-packages:${PYTHONPATH} /usr/bin/python3 -W ignore:setup.py install is deprecated setup.py egg_info --egg-base ../../build/agv build --build-base /home/pi/finalagv_ros2_ws/build/agv/build install --record /home/pi/finalagv_ros2_ws/build/agv/install.log --install-scripts $base/lib/agv --single-version-externally-managed install_data
