[1.230s] DEBUG:colcon:Command line arguments: ['/usr/bin/colcon', 'build']
[1.230s] DEBUG:colcon:Parsed command line arguments: Namespace(allow_overriding=[], ament_cmake_args=None, base_paths=['.'], build_base='build', catkin_cmake_args=None, catkin_skip_building_tests=False, cmake_args=None, cmake_clean_cache=False, cmake_clean_first=False, cmake_force_configure=False, cmake_target=None, cmake_target_skip_unavailable=False, continue_on_error=False, event_handlers=None, executor='parallel', ignore_user_meta=False, install_base='install', log_base=None, log_level=None, main=<bound method BuildVerb.main of <colcon_core.verb.build.BuildVerb object at 0xffffa3ac4220>>, merge_install=False, metas=['./colcon.meta'], mixin=None, mixin_files=None, mixin_verb=('build',), packages_above=None, packages_above_and_dependencies=None, packages_above_depth=None, packages_end=None, packages_ignore=None, packages_ignore_regex=None, packages_select=None, packages_select_build_failed=False, packages_select_by_dep=None, packages_select_regex=None, packages_select_test_failures=False, packages_skip=None, packages_skip_build_finished=False, packages_skip_by_dep=None, packages_skip_regex=None, packages_skip_test_passed=False, packages_skip_up_to=None, packages_start=None, packages_up_to=None, packages_up_to_regex=None, parallel_workers=4, paths=None, symlink_install=False, test_result_base=None, verb_extension=<colcon_core.verb.build.BuildVerb object at 0xffffa3ac4220>, verb_name='build', verb_parser=<colcon_mixin.mixin.mixin_argument.MixinArgumentDecorator object at 0xffffa39ad100>)
[1.985s] Level 1:colcon.colcon_core.package_discovery:discover_packages(colcon_meta) check parameters
[1.986s] Level 1:colcon.colcon_core.package_discovery:discover_packages(recursive) check parameters
[1.986s] Level 1:colcon.colcon_core.package_discovery:discover_packages(ignore) check parameters
[1.986s] Level 1:colcon.colcon_core.package_discovery:discover_packages(path) check parameters
[1.986s] Level 1:colcon.colcon_core.package_discovery:discover_packages(colcon_meta) discover
[1.986s] Level 1:colcon.colcon_core.package_discovery:discover_packages(recursive) discover
[1.986s] INFO:colcon.colcon_core.package_discovery:Crawling recursively for packages in '/home/pi/ydlidar_ros2_ws'
[1.987s] Level 1:colcon.colcon_core.package_identification:_identify(.) by extensions ['ignore', 'ignore_ament_install']
[1.987s] Level 1:colcon.colcon_core.package_identification:_identify(.) by extension 'ignore'
[1.988s] Level 1:colcon.colcon_core.package_identification:_identify(.) by extension 'ignore_ament_install'
[1.988s] Level 1:colcon.colcon_core.package_identification:_identify(.) by extensions ['colcon_pkg']
[1.988s] Level 1:colcon.colcon_core.package_identification:_identify(.) by extension 'colcon_pkg'
[1.988s] Level 1:colcon.colcon_core.package_identification:_identify(.) by extensions ['colcon_meta']
[1.988s] Level 1:colcon.colcon_core.package_identification:_identify(.) by extension 'colcon_meta'
[1.989s] Level 1:colcon.colcon_core.package_identification:_identify(.) by extensions ['ros']
[1.989s] Level 1:colcon.colcon_core.package_identification:_identify(.) by extension 'ros'
[2.059s] Level 1:colcon.colcon_core.package_identification:_identify(.) by extensions ['cmake', 'python']
[2.060s] Level 1:colcon.colcon_core.package_identification:_identify(.) by extension 'cmake'
[2.060s] Level 1:colcon.colcon_core.package_identification:_identify(.) by extension 'python'
[2.060s] Level 1:colcon.colcon_core.package_identification:_identify(.) by extensions ['python_setup_py']
[2.060s] Level 1:colcon.colcon_core.package_identification:_identify(.) by extension 'python_setup_py'
[2.061s] Level 1:colcon.colcon_core.package_identification:_identify(build) by extensions ['ignore', 'ignore_ament_install']
[2.061s] Level 1:colcon.colcon_core.package_identification:_identify(build) by extension 'ignore'
[2.061s] Level 1:colcon.colcon_core.package_identification:_identify(build) ignored
[2.062s] Level 1:colcon.colcon_core.package_identification:_identify(install) by extensions ['ignore', 'ignore_ament_install']
[2.062s] Level 1:colcon.colcon_core.package_identification:_identify(install) by extension 'ignore'
[2.062s] Level 1:colcon.colcon_core.package_identification:_identify(install) ignored
[2.064s] Level 1:colcon.colcon_core.package_identification:_identify(log) by extensions ['ignore', 'ignore_ament_install']
[2.064s] Level 1:colcon.colcon_core.package_identification:_identify(log) by extension 'ignore'
[2.064s] Level 1:colcon.colcon_core.package_identification:_identify(log) ignored
[2.065s] Level 1:colcon.colcon_core.package_identification:_identify(src) by extensions ['ignore', 'ignore_ament_install']
[2.066s] Level 1:colcon.colcon_core.package_identification:_identify(src) by extension 'ignore'
[2.066s] Level 1:colcon.colcon_core.package_identification:_identify(src) by extension 'ignore_ament_install'
[2.066s] Level 1:colcon.colcon_core.package_identification:_identify(src) by extensions ['colcon_pkg']
[2.066s] Level 1:colcon.colcon_core.package_identification:_identify(src) by extension 'colcon_pkg'
[2.066s] Level 1:colcon.colcon_core.package_identification:_identify(src) by extensions ['colcon_meta']
[2.066s] Level 1:colcon.colcon_core.package_identification:_identify(src) by extension 'colcon_meta'
[2.067s] Level 1:colcon.colcon_core.package_identification:_identify(src) by extensions ['ros']
[2.067s] Level 1:colcon.colcon_core.package_identification:_identify(src) by extension 'ros'
[2.067s] Level 1:colcon.colcon_core.package_identification:_identify(src) by extensions ['cmake', 'python']
[2.067s] Level 1:colcon.colcon_core.package_identification:_identify(src) by extension 'cmake'
[2.067s] Level 1:colcon.colcon_core.package_identification:_identify(src) by extension 'python'
[2.068s] Level 1:colcon.colcon_core.package_identification:_identify(src) by extensions ['python_setup_py']
[2.068s] Level 1:colcon.colcon_core.package_identification:_identify(src) by extension 'python_setup_py'
[2.073s] Level 1:colcon.colcon_core.package_identification:_identify(src/jdamr200_node) by extensions ['ignore', 'ignore_ament_install']
[2.073s] Level 1:colcon.colcon_core.package_identification:_identify(src/jdamr200_node) by extension 'ignore'
[2.073s] Level 1:colcon.colcon_core.package_identification:_identify(src/jdamr200_node) by extension 'ignore_ament_install'
[2.073s] Level 1:colcon.colcon_core.package_identification:_identify(src/jdamr200_node) by extensions ['colcon_pkg']
[2.074s] Level 1:colcon.colcon_core.package_identification:_identify(src/jdamr200_node) by extension 'colcon_pkg'
[2.074s] Level 1:colcon.colcon_core.package_identification:_identify(src/jdamr200_node) by extensions ['colcon_meta']
[2.074s] Level 1:colcon.colcon_core.package_identification:_identify(src/jdamr200_node) by extension 'colcon_meta'
[2.074s] Level 1:colcon.colcon_core.package_identification:_identify(src/jdamr200_node) by extensions ['ros']
[2.074s] Level 1:colcon.colcon_core.package_identification:_identify(src/jdamr200_node) by extension 'ros'
[2.088s] DEBUG:colcon.colcon_core.package_identification:Package 'src/jdamr200_node' with type 'ros.ament_python' and name 'jdamr200_node'
[2.089s] Level 1:colcon.colcon_core.package_identification:_identify(src/jdamr200_teleop) by extensions ['ignore', 'ignore_ament_install']
[2.090s] Level 1:colcon.colcon_core.package_identification:_identify(src/jdamr200_teleop) by extension 'ignore'
[2.090s] Level 1:colcon.colcon_core.package_identification:_identify(src/jdamr200_teleop) by extension 'ignore_ament_install'
[2.090s] Level 1:colcon.colcon_core.package_identification:_identify(src/jdamr200_teleop) by extensions ['colcon_pkg']
[2.090s] Level 1:colcon.colcon_core.package_identification:_identify(src/jdamr200_teleop) by extension 'colcon_pkg'
[2.090s] Level 1:colcon.colcon_core.package_identification:_identify(src/jdamr200_teleop) by extensions ['colcon_meta']
[2.091s] Level 1:colcon.colcon_core.package_identification:_identify(src/jdamr200_teleop) by extension 'colcon_meta'
[2.091s] Level 1:colcon.colcon_core.package_identification:_identify(src/jdamr200_teleop) by extensions ['ros']
[2.091s] Level 1:colcon.colcon_core.package_identification:_identify(src/jdamr200_teleop) by extension 'ros'
[2.094s] DEBUG:colcon.colcon_core.package_identification:Package 'src/jdamr200_teleop' with type 'ros.ament_python' and name 'jdamr200_teleop'
[2.095s] Level 1:colcon.colcon_core.package_identification:_identify(src/myagv_bringup) by extensions ['ignore', 'ignore_ament_install']
[2.095s] Level 1:colcon.colcon_core.package_identification:_identify(src/myagv_bringup) by extension 'ignore'
[2.096s] Level 1:colcon.colcon_core.package_identification:_identify(src/myagv_bringup) by extension 'ignore_ament_install'
[2.096s] Level 1:colcon.colcon_core.package_identification:_identify(src/myagv_bringup) by extensions ['colcon_pkg']
[2.096s] Level 1:colcon.colcon_core.package_identification:_identify(src/myagv_bringup) by extension 'colcon_pkg'
[2.096s] Level 1:colcon.colcon_core.package_identification:_identify(src/myagv_bringup) by extensions ['colcon_meta']
[2.096s] Level 1:colcon.colcon_core.package_identification:_identify(src/myagv_bringup) by extension 'colcon_meta'
[2.096s] Level 1:colcon.colcon_core.package_identification:_identify(src/myagv_bringup) by extensions ['ros']
[2.097s] Level 1:colcon.colcon_core.package_identification:_identify(src/myagv_bringup) by extension 'ros'
[2.099s] DEBUG:colcon.colcon_core.package_identification:Package 'src/myagv_bringup' with type 'ros.ament_cmake' and name 'myagv_bringup'
[2.101s] Level 1:colcon.colcon_core.package_identification:_identify(src/myagv_description) by extensions ['ignore', 'ignore_ament_install']
[2.101s] Level 1:colcon.colcon_core.package_identification:_identify(src/myagv_description) by extension 'ignore'
[2.101s] Level 1:colcon.colcon_core.package_identification:_identify(src/myagv_description) by extension 'ignore_ament_install'
[2.101s] Level 1:colcon.colcon_core.package_identification:_identify(src/myagv_description) by extensions ['colcon_pkg']
[2.102s] Level 1:colcon.colcon_core.package_identification:_identify(src/myagv_description) by extension 'colcon_pkg'
[2.102s] Level 1:colcon.colcon_core.package_identification:_identify(src/myagv_description) by extensions ['colcon_meta']
[2.102s] Level 1:colcon.colcon_core.package_identification:_identify(src/myagv_description) by extension 'colcon_meta'
[2.102s] Level 1:colcon.colcon_core.package_identification:_identify(src/myagv_description) by extensions ['ros']
[2.102s] Level 1:colcon.colcon_core.package_identification:_identify(src/myagv_description) by extension 'ros'
[2.105s] DEBUG:colcon.colcon_core.package_identification:Package 'src/myagv_description' with type 'ros.ament_cmake' and name 'myagv_description'
[2.106s] Level 1:colcon.colcon_core.package_identification:_identify(src/myagv_navigation2) by extensions ['ignore', 'ignore_ament_install']
[2.107s] Level 1:colcon.colcon_core.package_identification:_identify(src/myagv_navigation2) by extension 'ignore'
[2.107s] Level 1:colcon.colcon_core.package_identification:_identify(src/myagv_navigation2) by extension 'ignore_ament_install'
[2.107s] Level 1:colcon.colcon_core.package_identification:_identify(src/myagv_navigation2) by extensions ['colcon_pkg']
[2.108s] Level 1:colcon.colcon_core.package_identification:_identify(src/myagv_navigation2) by extension 'colcon_pkg'
[2.108s] Level 1:colcon.colcon_core.package_identification:_identify(src/myagv_navigation2) by extensions ['colcon_meta']
[2.108s] Level 1:colcon.colcon_core.package_identification:_identify(src/myagv_navigation2) by extension 'colcon_meta'
[2.108s] Level 1:colcon.colcon_core.package_identification:_identify(src/myagv_navigation2) by extensions ['ros']
[2.108s] Level 1:colcon.colcon_core.package_identification:_identify(src/myagv_navigation2) by extension 'ros'
[2.111s] DEBUG:colcon.colcon_core.package_identification:Package 'src/myagv_navigation2' with type 'ros.ament_cmake' and name 'myagv_navigation2'
[2.112s] Level 1:colcon.colcon_core.package_identification:_identify(src/ps2_controller) by extensions ['ignore', 'ignore_ament_install']
[2.113s] Level 1:colcon.colcon_core.package_identification:_identify(src/ps2_controller) by extension 'ignore'
[2.113s] Level 1:colcon.colcon_core.package_identification:_identify(src/ps2_controller) by extension 'ignore_ament_install'
[2.113s] Level 1:colcon.colcon_core.package_identification:_identify(src/ps2_controller) by extensions ['colcon_pkg']
[2.113s] Level 1:colcon.colcon_core.package_identification:_identify(src/ps2_controller) by extension 'colcon_pkg'
[2.113s] Level 1:colcon.colcon_core.package_identification:_identify(src/ps2_controller) by extensions ['colcon_meta']
[2.114s] Level 1:colcon.colcon_core.package_identification:_identify(src/ps2_controller) by extension 'colcon_meta'
[2.114s] Level 1:colcon.colcon_core.package_identification:_identify(src/ps2_controller) by extensions ['ros']
[2.114s] Level 1:colcon.colcon_core.package_identification:_identify(src/ps2_controller) by extension 'ros'
[2.117s] DEBUG:colcon.colcon_core.package_identification:Package 'src/ps2_controller' with type 'ros.ament_cmake' and name 'ps2_controller'
[2.119s] Level 1:colcon.colcon_core.package_identification:_identify(src/ydlidar_ros2_driver) by extensions ['ignore', 'ignore_ament_install']
[2.119s] Level 1:colcon.colcon_core.package_identification:_identify(src/ydlidar_ros2_driver) by extension 'ignore'
[2.119s] Level 1:colcon.colcon_core.package_identification:_identify(src/ydlidar_ros2_driver) by extension 'ignore_ament_install'
[2.120s] Level 1:colcon.colcon_core.package_identification:_identify(src/ydlidar_ros2_driver) by extensions ['colcon_pkg']
[2.120s] Level 1:colcon.colcon_core.package_identification:_identify(src/ydlidar_ros2_driver) by extension 'colcon_pkg'
[2.120s] Level 1:colcon.colcon_core.package_identification:_identify(src/ydlidar_ros2_driver) by extensions ['colcon_meta']
[2.120s] Level 1:colcon.colcon_core.package_identification:_identify(src/ydlidar_ros2_driver) by extension 'colcon_meta'
[2.120s] Level 1:colcon.colcon_core.package_identification:_identify(src/ydlidar_ros2_driver) by extensions ['ros']
[2.120s] Level 1:colcon.colcon_core.package_identification:_identify(src/ydlidar_ros2_driver) by extension 'ros'
[2.124s] DEBUG:colcon.colcon_core.package_identification:Package 'src/ydlidar_ros2_driver' with type 'ros.ament_cmake' and name 'ydlidar_ros2_driver'
[2.124s] Level 1:colcon.colcon_core.package_discovery:discover_packages(recursive) using defaults
[2.124s] Level 1:colcon.colcon_core.package_discovery:discover_packages(ignore) discover
[2.124s] Level 1:colcon.colcon_core.package_discovery:discover_packages(ignore) using defaults
[2.124s] Level 1:colcon.colcon_core.package_discovery:discover_packages(path) discover
[2.124s] Level 1:colcon.colcon_core.package_discovery:discover_packages(path) using defaults
[2.220s] Level 1:colcon.colcon_core.package_discovery:discover_packages(prefix_path) check parameters
[2.221s] Level 1:colcon.colcon_core.package_discovery:discover_packages(prefix_path) discover
[2.245s] DEBUG:colcon.colcon_installed_package_information.package_discovery:Found 296 installed packages in /opt/ros/foxy
[2.290s] Level 1:colcon.colcon_core.package_discovery:discover_packages(prefix_path) using defaults
[2.703s] Level 5:colcon.colcon_core.verb:set package 'jdamr200_node' build argument 'cmake_args' from command line to 'None'
[2.704s] Level 5:colcon.colcon_core.verb:set package 'jdamr200_node' build argument 'cmake_target' from command line to 'None'
[2.704s] Level 5:colcon.colcon_core.verb:set package 'jdamr200_node' build argument 'cmake_target_skip_unavailable' from command line to 'False'
[2.704s] Level 5:colcon.colcon_core.verb:set package 'jdamr200_node' build argument 'cmake_clean_cache' from command line to 'False'
[2.704s] Level 5:colcon.colcon_core.verb:set package 'jdamr200_node' build argument 'cmake_clean_first' from command line to 'False'
[2.704s] Level 5:colcon.colcon_core.verb:set package 'jdamr200_node' build argument 'cmake_force_configure' from command line to 'False'
[2.704s] Level 5:colcon.colcon_core.verb:set package 'jdamr200_node' build argument 'ament_cmake_args' from command line to 'None'
[2.704s] Level 5:colcon.colcon_core.verb:set package 'jdamr200_node' build argument 'catkin_cmake_args' from command line to 'None'
[2.704s] Level 5:colcon.colcon_core.verb:set package 'jdamr200_node' build argument 'catkin_skip_building_tests' from command line to 'False'
[2.705s] DEBUG:colcon.colcon_core.verb:Building package 'jdamr200_node' with the following arguments: {'ament_cmake_args': None, 'build_base': '/home/pi/ydlidar_ros2_ws/build/jdamr200_node', 'catkin_cmake_args': None, 'catkin_skip_building_tests': False, 'cmake_args': None, 'cmake_clean_cache': False, 'cmake_clean_first': False, 'cmake_force_configure': False, 'cmake_target': None, 'cmake_target_skip_unavailable': False, 'install_base': '/home/pi/ydlidar_ros2_ws/install/jdamr200_node', 'merge_install': False, 'path': '/home/pi/ydlidar_ros2_ws/src/jdamr200_node', 'symlink_install': False, 'test_result_base': None}
[2.706s] Level 5:colcon.colcon_core.verb:set package 'jdamr200_teleop' build argument 'cmake_args' from command line to 'None'
[2.706s] Level 5:colcon.colcon_core.verb:set package 'jdamr200_teleop' build argument 'cmake_target' from command line to 'None'
[2.706s] Level 5:colcon.colcon_core.verb:set package 'jdamr200_teleop' build argument 'cmake_target_skip_unavailable' from command line to 'False'
[2.706s] Level 5:colcon.colcon_core.verb:set package 'jdamr200_teleop' build argument 'cmake_clean_cache' from command line to 'False'
[2.706s] Level 5:colcon.colcon_core.verb:set package 'jdamr200_teleop' build argument 'cmake_clean_first' from command line to 'False'
[2.706s] Level 5:colcon.colcon_core.verb:set package 'jdamr200_teleop' build argument 'cmake_force_configure' from command line to 'False'
[2.707s] Level 5:colcon.colcon_core.verb:set package 'jdamr200_teleop' build argument 'ament_cmake_args' from command line to 'None'
[2.707s] Level 5:colcon.colcon_core.verb:set package 'jdamr200_teleop' build argument 'catkin_cmake_args' from command line to 'None'
[2.707s] Level 5:colcon.colcon_core.verb:set package 'jdamr200_teleop' build argument 'catkin_skip_building_tests' from command line to 'False'
[2.707s] DEBUG:colcon.colcon_core.verb:Building package 'jdamr200_teleop' with the following arguments: {'ament_cmake_args': None, 'build_base': '/home/pi/ydlidar_ros2_ws/build/jdamr200_teleop', 'catkin_cmake_args': None, 'catkin_skip_building_tests': False, 'cmake_args': None, 'cmake_clean_cache': False, 'cmake_clean_first': False, 'cmake_force_configure': False, 'cmake_target': None, 'cmake_target_skip_unavailable': False, 'install_base': '/home/pi/ydlidar_ros2_ws/install/jdamr200_teleop', 'merge_install': False, 'path': '/home/pi/ydlidar_ros2_ws/src/jdamr200_teleop', 'symlink_install': False, 'test_result_base': None}
[2.708s] Level 5:colcon.colcon_core.verb:set package 'myagv_description' build argument 'cmake_args' from command line to 'None'
[2.708s] Level 5:colcon.colcon_core.verb:set package 'myagv_description' build argument 'cmake_target' from command line to 'None'
[2.709s] Level 5:colcon.colcon_core.verb:set package 'myagv_description' build argument 'cmake_target_skip_unavailable' from command line to 'False'
[2.709s] Level 5:colcon.colcon_core.verb:set package 'myagv_description' build argument 'cmake_clean_cache' from command line to 'False'
[2.709s] Level 5:colcon.colcon_core.verb:set package 'myagv_description' build argument 'cmake_clean_first' from command line to 'False'
[2.709s] Level 5:colcon.colcon_core.verb:set package 'myagv_description' build argument 'cmake_force_configure' from command line to 'False'
[2.709s] Level 5:colcon.colcon_core.verb:set package 'myagv_description' build argument 'ament_cmake_args' from command line to 'None'
[2.709s] Level 5:colcon.colcon_core.verb:set package 'myagv_description' build argument 'catkin_cmake_args' from command line to 'None'
[2.709s] Level 5:colcon.colcon_core.verb:set package 'myagv_description' build argument 'catkin_skip_building_tests' from command line to 'False'
[2.709s] DEBUG:colcon.colcon_core.verb:Building package 'myagv_description' with the following arguments: {'ament_cmake_args': None, 'build_base': '/home/pi/ydlidar_ros2_ws/build/myagv_description', 'catkin_cmake_args': None, 'catkin_skip_building_tests': False, 'cmake_args': None, 'cmake_clean_cache': False, 'cmake_clean_first': False, 'cmake_force_configure': False, 'cmake_target': None, 'cmake_target_skip_unavailable': False, 'install_base': '/home/pi/ydlidar_ros2_ws/install/myagv_description', 'merge_install': False, 'path': '/home/pi/ydlidar_ros2_ws/src/myagv_description', 'symlink_install': False, 'test_result_base': None}
[2.711s] Level 5:colcon.colcon_core.verb:set package 'myagv_navigation2' build argument 'cmake_args' from command line to 'None'
[2.711s] Level 5:colcon.colcon_core.verb:set package 'myagv_navigation2' build argument 'cmake_target' from command line to 'None'
[2.711s] Level 5:colcon.colcon_core.verb:set package 'myagv_navigation2' build argument 'cmake_target_skip_unavailable' from command line to 'False'
[2.711s] Level 5:colcon.colcon_core.verb:set package 'myagv_navigation2' build argument 'cmake_clean_cache' from command line to 'False'
[2.711s] Level 5:colcon.colcon_core.verb:set package 'myagv_navigation2' build argument 'cmake_clean_first' from command line to 'False'
[2.711s] Level 5:colcon.colcon_core.verb:set package 'myagv_navigation2' build argument 'cmake_force_configure' from command line to 'False'
[2.711s] Level 5:colcon.colcon_core.verb:set package 'myagv_navigation2' build argument 'ament_cmake_args' from command line to 'None'
[2.711s] Level 5:colcon.colcon_core.verb:set package 'myagv_navigation2' build argument 'catkin_cmake_args' from command line to 'None'
[2.711s] Level 5:colcon.colcon_core.verb:set package 'myagv_navigation2' build argument 'catkin_skip_building_tests' from command line to 'False'
[2.712s] DEBUG:colcon.colcon_core.verb:Building package 'myagv_navigation2' with the following arguments: {'ament_cmake_args': None, 'build_base': '/home/pi/ydlidar_ros2_ws/build/myagv_navigation2', 'catkin_cmake_args': None, 'catkin_skip_building_tests': False, 'cmake_args': None, 'cmake_clean_cache': False, 'cmake_clean_first': False, 'cmake_force_configure': False, 'cmake_target': None, 'cmake_target_skip_unavailable': False, 'install_base': '/home/pi/ydlidar_ros2_ws/install/myagv_navigation2', 'merge_install': False, 'path': '/home/pi/ydlidar_ros2_ws/src/myagv_navigation2', 'symlink_install': False, 'test_result_base': None}
[2.713s] Level 5:colcon.colcon_core.verb:set package 'ps2_controller' build argument 'cmake_args' from command line to 'None'
[2.713s] Level 5:colcon.colcon_core.verb:set package 'ps2_controller' build argument 'cmake_target' from command line to 'None'
[2.713s] Level 5:colcon.colcon_core.verb:set package 'ps2_controller' build argument 'cmake_target_skip_unavailable' from command line to 'False'
[2.713s] Level 5:colcon.colcon_core.verb:set package 'ps2_controller' build argument 'cmake_clean_cache' from command line to 'False'
[2.713s] Level 5:colcon.colcon_core.verb:set package 'ps2_controller' build argument 'cmake_clean_first' from command line to 'False'
[2.713s] Level 5:colcon.colcon_core.verb:set package 'ps2_controller' build argument 'cmake_force_configure' from command line to 'False'
[2.714s] Level 5:colcon.colcon_core.verb:set package 'ps2_controller' build argument 'ament_cmake_args' from command line to 'None'
[2.714s] Level 5:colcon.colcon_core.verb:set package 'ps2_controller' build argument 'catkin_cmake_args' from command line to 'None'
[2.714s] Level 5:colcon.colcon_core.verb:set package 'ps2_controller' build argument 'catkin_skip_building_tests' from command line to 'False'
[2.714s] DEBUG:colcon.colcon_core.verb:Building package 'ps2_controller' with the following arguments: {'ament_cmake_args': None, 'build_base': '/home/pi/ydlidar_ros2_ws/build/ps2_controller', 'catkin_cmake_args': None, 'catkin_skip_building_tests': False, 'cmake_args': None, 'cmake_clean_cache': False, 'cmake_clean_first': False, 'cmake_force_configure': False, 'cmake_target': None, 'cmake_target_skip_unavailable': False, 'install_base': '/home/pi/ydlidar_ros2_ws/install/ps2_controller', 'merge_install': False, 'path': '/home/pi/ydlidar_ros2_ws/src/ps2_controller', 'symlink_install': False, 'test_result_base': None}
[2.715s] Level 5:colcon.colcon_core.verb:set package 'ydlidar_ros2_driver' build argument 'cmake_args' from command line to 'None'
[2.715s] Level 5:colcon.colcon_core.verb:set package 'ydlidar_ros2_driver' build argument 'cmake_target' from command line to 'None'
[2.716s] Level 5:colcon.colcon_core.verb:set package 'ydlidar_ros2_driver' build argument 'cmake_target_skip_unavailable' from command line to 'False'
[2.716s] Level 5:colcon.colcon_core.verb:set package 'ydlidar_ros2_driver' build argument 'cmake_clean_cache' from command line to 'False'
[2.716s] Level 5:colcon.colcon_core.verb:set package 'ydlidar_ros2_driver' build argument 'cmake_clean_first' from command line to 'False'
[2.716s] Level 5:colcon.colcon_core.verb:set package 'ydlidar_ros2_driver' build argument 'cmake_force_configure' from command line to 'False'
[2.716s] Level 5:colcon.colcon_core.verb:set package 'ydlidar_ros2_driver' build argument 'ament_cmake_args' from command line to 'None'
[2.716s] Level 5:colcon.colcon_core.verb:set package 'ydlidar_ros2_driver' build argument 'catkin_cmake_args' from command line to 'None'
[2.716s] Level 5:colcon.colcon_core.verb:set package 'ydlidar_ros2_driver' build argument 'catkin_skip_building_tests' from command line to 'False'
[2.716s] DEBUG:colcon.colcon_core.verb:Building package 'ydlidar_ros2_driver' with the following arguments: {'ament_cmake_args': None, 'build_base': '/home/pi/ydlidar_ros2_ws/build/ydlidar_ros2_driver', 'catkin_cmake_args': None, 'catkin_skip_building_tests': False, 'cmake_args': None, 'cmake_clean_cache': False, 'cmake_clean_first': False, 'cmake_force_configure': False, 'cmake_target': None, 'cmake_target_skip_unavailable': False, 'install_base': '/home/pi/ydlidar_ros2_ws/install/ydlidar_ros2_driver', 'merge_install': False, 'path': '/home/pi/ydlidar_ros2_ws/src/ydlidar_ros2_driver', 'symlink_install': False, 'test_result_base': None}
[2.718s] Level 5:colcon.colcon_core.verb:set package 'myagv_bringup' build argument 'cmake_args' from command line to 'None'
[2.718s] Level 5:colcon.colcon_core.verb:set package 'myagv_bringup' build argument 'cmake_target' from command line to 'None'
[2.718s] Level 5:colcon.colcon_core.verb:set package 'myagv_bringup' build argument 'cmake_target_skip_unavailable' from command line to 'False'
[2.718s] Level 5:colcon.colcon_core.verb:set package 'myagv_bringup' build argument 'cmake_clean_cache' from command line to 'False'
[2.718s] Level 5:colcon.colcon_core.verb:set package 'myagv_bringup' build argument 'cmake_clean_first' from command line to 'False'
[2.718s] Level 5:colcon.colcon_core.verb:set package 'myagv_bringup' build argument 'cmake_force_configure' from command line to 'False'
[2.718s] Level 5:colcon.colcon_core.verb:set package 'myagv_bringup' build argument 'ament_cmake_args' from command line to 'None'
[2.718s] Level 5:colcon.colcon_core.verb:set package 'myagv_bringup' build argument 'catkin_cmake_args' from command line to 'None'
[2.718s] Level 5:colcon.colcon_core.verb:set package 'myagv_bringup' build argument 'catkin_skip_building_tests' from command line to 'False'
[2.718s] DEBUG:colcon.colcon_core.verb:Building package 'myagv_bringup' with the following arguments: {'ament_cmake_args': None, 'build_base': '/home/pi/ydlidar_ros2_ws/build/myagv_bringup', 'catkin_cmake_args': None, 'catkin_skip_building_tests': False, 'cmake_args': None, 'cmake_clean_cache': False, 'cmake_clean_first': False, 'cmake_force_configure': False, 'cmake_target': None, 'cmake_target_skip_unavailable': False, 'install_base': '/home/pi/ydlidar_ros2_ws/install/myagv_bringup', 'merge_install': False, 'path': '/home/pi/ydlidar_ros2_ws/src/myagv_bringup', 'symlink_install': False, 'test_result_base': None}
[2.719s] INFO:colcon.colcon_core.executor:Executing jobs using 'parallel' executor
[2.722s] DEBUG:colcon.colcon_parallel_executor.executor.parallel:run_until_complete
[2.723s] INFO:colcon.colcon_ros.task.ament_cmake.build:Building ROS package in '/home/pi/ydlidar_ros2_ws/src/myagv_description' with build type 'ament_cmake'
[2.724s] INFO:colcon.colcon_cmake.task.cmake.build:Building CMake package in '/home/pi/ydlidar_ros2_ws/src/myagv_description'
[2.742s] INFO:colcon.colcon_core.plugin_system:Skipping extension 'colcon_core.shell.bat': Not used on non-Windows systems
[2.743s] INFO:colcon.colcon_core.shell:Skip shell extension 'powershell' for command environment: Not usable outside of PowerShell
[2.743s] DEBUG:colcon.colcon_core.shell:Skip shell extension 'dsv' for command environment
[2.768s] INFO:colcon.colcon_ros.task.ament_python.build:Building ROS package in '/home/pi/ydlidar_ros2_ws/src/jdamr200_node' with build type 'ament_python'
[2.769s] Level 1:colcon.colcon_core.shell:create_environment_hook('jdamr200_node', 'ament_prefix_path')
[2.771s] INFO:colcon.colcon_core.shell:Creating environment hook '/home/pi/ydlidar_ros2_ws/install/jdamr200_node/share/jdamr200_node/hook/ament_prefix_path.ps1'
[2.778s] INFO:colcon.colcon_core.shell:Creating environment descriptor '/home/pi/ydlidar_ros2_ws/install/jdamr200_node/share/jdamr200_node/hook/ament_prefix_path.dsv'
[2.781s] INFO:colcon.colcon_core.shell:Creating environment hook '/home/pi/ydlidar_ros2_ws/install/jdamr200_node/share/jdamr200_node/hook/ament_prefix_path.sh'
[2.787s] INFO:colcon.colcon_core.shell:Skip shell extension 'powershell' for command environment: Not usable outside of PowerShell
[2.787s] DEBUG:colcon.colcon_core.shell:Skip shell extension 'dsv' for command environment
[2.810s] INFO:colcon.colcon_ros.task.ament_python.build:Building ROS package in '/home/pi/ydlidar_ros2_ws/src/jdamr200_teleop' with build type 'ament_python'
[2.811s] Level 1:colcon.colcon_core.shell:create_environment_hook('jdamr200_teleop', 'ament_prefix_path')
[2.813s] INFO:colcon.colcon_core.shell:Creating environment hook '/home/pi/ydlidar_ros2_ws/install/jdamr200_teleop/share/jdamr200_teleop/hook/ament_prefix_path.ps1'
[2.822s] INFO:colcon.colcon_core.shell:Creating environment descriptor '/home/pi/ydlidar_ros2_ws/install/jdamr200_teleop/share/jdamr200_teleop/hook/ament_prefix_path.dsv'
[2.825s] INFO:colcon.colcon_core.shell:Creating environment hook '/home/pi/ydlidar_ros2_ws/install/jdamr200_teleop/share/jdamr200_teleop/hook/ament_prefix_path.sh'
[2.827s] INFO:colcon.colcon_core.shell:Skip shell extension 'powershell' for command environment: Not usable outside of PowerShell
[2.828s] DEBUG:colcon.colcon_core.shell:Skip shell extension 'dsv' for command environment
[2.852s] INFO:colcon.colcon_ros.task.ament_cmake.build:Building ROS package in '/home/pi/ydlidar_ros2_ws/src/myagv_navigation2' with build type 'ament_cmake'
[2.854s] INFO:colcon.colcon_cmake.task.cmake.build:Building CMake package in '/home/pi/ydlidar_ros2_ws/src/myagv_navigation2'
[2.859s] INFO:colcon.colcon_core.shell:Skip shell extension 'powershell' for command environment: Not usable outside of PowerShell
[2.859s] DEBUG:colcon.colcon_core.shell:Skip shell extension 'dsv' for command environment
[2.924s] DEBUG:colcon.colcon_core.event_handler.log_command:Invoking command in '/home/pi/ydlidar_ros2_ws/build/myagv_description': CMAKE_PREFIX_PATH=/opt/ros/foxy /usr/bin/cmake --build /home/pi/ydlidar_ros2_ws/build/myagv_description -- -j4 -l4
[4.036s] INFO:colcon.colcon_core.task.python.build:Building Python package in '/home/pi/ydlidar_ros2_ws/src/jdamr200_node'
[4.037s] INFO:colcon.colcon_core.shell:Skip shell extension 'powershell' for command environment: Not usable outside of PowerShell
[4.037s] DEBUG:colcon.colcon_core.shell:Skip shell extension 'dsv' for command environment
[5.033s] INFO:colcon.colcon_core.task.python.build:Building Python package in '/home/pi/ydlidar_ros2_ws/src/jdamr200_teleop'
[5.034s] INFO:colcon.colcon_core.shell:Skip shell extension 'powershell' for command environment: Not usable outside of PowerShell
[5.034s] DEBUG:colcon.colcon_core.shell:Skip shell extension 'dsv' for command environment
[5.076s] DEBUG:colcon.colcon_core.event_handler.log_command:Invoking command in '/home/pi/ydlidar_ros2_ws/build/myagv_navigation2': CMAKE_PREFIX_PATH=/opt/ros/foxy /usr/bin/cmake --build /home/pi/ydlidar_ros2_ws/build/myagv_navigation2 -- -j4 -l4
[5.091s] DEBUG:colcon.colcon_core.event_handler.log_command:Invoked command in '/home/pi/ydlidar_ros2_ws/build/myagv_description' returned '0': CMAKE_PREFIX_PATH=/opt/ros/foxy /usr/bin/cmake --build /home/pi/ydlidar_ros2_ws/build/myagv_description -- -j4 -l4
[5.292s] DEBUG:colcon.colcon_core.event_handler.log_command:Invoking command in '/home/pi/ydlidar_ros2_ws/build/myagv_description': CMAKE_PREFIX_PATH=/opt/ros/foxy /usr/bin/cmake --install /home/pi/ydlidar_ros2_ws/build/myagv_description
[5.318s] DEBUG:colcon.colcon_core.event_handler.log_command:Invoked command in '/home/pi/ydlidar_ros2_ws/build/myagv_navigation2' returned '0': CMAKE_PREFIX_PATH=/opt/ros/foxy /usr/bin/cmake --build /home/pi/ydlidar_ros2_ws/build/myagv_navigation2 -- -j4 -l4
[5.510s] DEBUG:colcon.colcon_core.event_handler.log_command:Invoking command in '/home/pi/ydlidar_ros2_ws/build/myagv_navigation2': CMAKE_PREFIX_PATH=/opt/ros/foxy /usr/bin/cmake --install /home/pi/ydlidar_ros2_ws/build/myagv_navigation2
[5.523s] Level 1:colcon.colcon_core.environment:create_environment_scripts_only(myagv_description)
[5.526s] DEBUG:colcon.colcon_core.event_handler.log_command:Invoked command in '/home/pi/ydlidar_ros2_ws/build/myagv_description' returned '0': CMAKE_PREFIX_PATH=/opt/ros/foxy /usr/bin/cmake --install /home/pi/ydlidar_ros2_ws/build/myagv_description
[5.559s] Level 1:colcon.colcon_core.environment:checking '/home/pi/ydlidar_ros2_ws/install/myagv_description' for CMake module files
[5.570s] Level 1:colcon.colcon_core.environment:checking '/home/pi/ydlidar_ros2_ws/install/myagv_description' for CMake config files
[5.583s] Level 1:colcon.colcon_core.shell:create_environment_hook('myagv_description', 'cmake_prefix_path')
[5.584s] INFO:colcon.colcon_core.shell:Creating environment hook '/home/pi/ydlidar_ros2_ws/install/myagv_description/share/myagv_description/hook/cmake_prefix_path.ps1'
[5.592s] INFO:colcon.colcon_core.shell:Creating environment descriptor '/home/pi/ydlidar_ros2_ws/install/myagv_description/share/myagv_description/hook/cmake_prefix_path.dsv'
[5.600s] INFO:colcon.colcon_core.shell:Creating environment hook '/home/pi/ydlidar_ros2_ws/install/myagv_description/share/myagv_description/hook/cmake_prefix_path.sh'
[5.608s] Level 1:colcon.colcon_core.environment:checking '/home/pi/ydlidar_ros2_ws/install/myagv_description/bin'
[5.609s] Level 1:colcon.colcon_core.environment:checking '/home/pi/ydlidar_ros2_ws/install/myagv_description/lib/pkgconfig/myagv_description.pc'
[5.610s] Level 1:colcon.colcon_core.environment:checking '/home/pi/ydlidar_ros2_ws/install/myagv_description/lib/python3.8/site-packages'
[5.612s] Level 1:colcon.colcon_core.environment:checking '/home/pi/ydlidar_ros2_ws/install/myagv_description/bin'
[5.615s] INFO:colcon.colcon_core.shell:Creating package script '/home/pi/ydlidar_ros2_ws/install/myagv_description/share/myagv_description/package.ps1'
[5.630s] INFO:colcon.colcon_core.shell:Creating package descriptor '/home/pi/ydlidar_ros2_ws/install/myagv_description/share/myagv_description/package.dsv'
[5.634s] INFO:colcon.colcon_core.shell:Creating package script '/home/pi/ydlidar_ros2_ws/install/myagv_description/share/myagv_description/package.sh'
[5.639s] INFO:colcon.colcon_core.shell:Creating package script '/home/pi/ydlidar_ros2_ws/install/myagv_description/share/myagv_description/package.bash'
[5.645s] INFO:colcon.colcon_core.shell:Creating package script '/home/pi/ydlidar_ros2_ws/install/myagv_description/share/myagv_description/package.zsh'
[5.650s] Level 1:colcon.colcon_core.environment:create_file_with_runtime_dependencies(/home/pi/ydlidar_ros2_ws/install/myagv_description/share/colcon-core/packages/myagv_description)
[5.669s] Level 1:colcon.colcon_core.environment:create_environment_scripts_only(myagv_navigation2)
[5.672s] DEBUG:colcon.colcon_core.event_handler.log_command:Invoked command in '/home/pi/ydlidar_ros2_ws/build/myagv_navigation2' returned '0': CMAKE_PREFIX_PATH=/opt/ros/foxy /usr/bin/cmake --install /home/pi/ydlidar_ros2_ws/build/myagv_navigation2
[5.673s] Level 1:colcon.colcon_core.environment:checking '/home/pi/ydlidar_ros2_ws/install/myagv_navigation2' for CMake module files
[5.678s] Level 1:colcon.colcon_core.environment:checking '/home/pi/ydlidar_ros2_ws/install/myagv_navigation2' for CMake config files
[5.683s] Level 1:colcon.colcon_core.shell:create_environment_hook('myagv_navigation2', 'cmake_prefix_path')
[5.684s] INFO:colcon.colcon_core.shell:Creating environment hook '/home/pi/ydlidar_ros2_ws/install/myagv_navigation2/share/myagv_navigation2/hook/cmake_prefix_path.ps1'
[5.687s] INFO:colcon.colcon_core.shell:Creating environment descriptor '/home/pi/ydlidar_ros2_ws/install/myagv_navigation2/share/myagv_navigation2/hook/cmake_prefix_path.dsv'
[5.691s] INFO:colcon.colcon_core.shell:Creating environment hook '/home/pi/ydlidar_ros2_ws/install/myagv_navigation2/share/myagv_navigation2/hook/cmake_prefix_path.sh'
[5.695s] Level 1:colcon.colcon_core.environment:checking '/home/pi/ydlidar_ros2_ws/install/myagv_navigation2/bin'
[5.695s] Level 1:colcon.colcon_core.environment:checking '/home/pi/ydlidar_ros2_ws/install/myagv_navigation2/lib/pkgconfig/myagv_navigation2.pc'
[5.697s] Level 1:colcon.colcon_core.environment:checking '/home/pi/ydlidar_ros2_ws/install/myagv_navigation2/lib/python3.8/site-packages'
[5.698s] Level 1:colcon.colcon_core.environment:checking '/home/pi/ydlidar_ros2_ws/install/myagv_navigation2/bin'
[5.700s] INFO:colcon.colcon_core.shell:Creating package script '/home/pi/ydlidar_ros2_ws/install/myagv_navigation2/share/myagv_navigation2/package.ps1'
[5.703s] INFO:colcon.colcon_core.shell:Creating package descriptor '/home/pi/ydlidar_ros2_ws/install/myagv_navigation2/share/myagv_navigation2/package.dsv'
[5.706s] INFO:colcon.colcon_core.shell:Creating package script '/home/pi/ydlidar_ros2_ws/install/myagv_navigation2/share/myagv_navigation2/package.sh'
[5.710s] INFO:colcon.colcon_core.shell:Creating package script '/home/pi/ydlidar_ros2_ws/install/myagv_navigation2/share/myagv_navigation2/package.bash'
[5.713s] INFO:colcon.colcon_core.shell:Creating package script '/home/pi/ydlidar_ros2_ws/install/myagv_navigation2/share/myagv_navigation2/package.zsh'
[5.716s] Level 1:colcon.colcon_core.environment:create_file_with_runtime_dependencies(/home/pi/ydlidar_ros2_ws/install/myagv_navigation2/share/colcon-core/packages/myagv_navigation2)
[5.792s] Level 1:colcon.colcon_core.environment:create_environment_scripts_only(myagv_description)
[5.794s] Level 1:colcon.colcon_core.environment:checking '/home/pi/ydlidar_ros2_ws/install/myagv_description' for CMake module files
[5.799s] Level 1:colcon.colcon_core.environment:checking '/home/pi/ydlidar_ros2_ws/install/myagv_description' for CMake config files
[5.801s] Level 1:colcon.colcon_core.shell:create_environment_hook('myagv_description', 'cmake_prefix_path')
[5.802s] INFO:colcon.colcon_core.shell:Creating environment hook '/home/pi/ydlidar_ros2_ws/install/myagv_description/share/myagv_description/hook/cmake_prefix_path.ps1'
[5.806s] INFO:colcon.colcon_core.shell:Creating environment descriptor '/home/pi/ydlidar_ros2_ws/install/myagv_description/share/myagv_description/hook/cmake_prefix_path.dsv'
[5.812s] INFO:colcon.colcon_core.shell:Creating environment hook '/home/pi/ydlidar_ros2_ws/install/myagv_description/share/myagv_description/hook/cmake_prefix_path.sh'
[5.816s] Level 1:colcon.colcon_core.environment:checking '/home/pi/ydlidar_ros2_ws/install/myagv_description/bin'
[5.817s] Level 1:colcon.colcon_core.environment:checking '/home/pi/ydlidar_ros2_ws/install/myagv_description/lib/pkgconfig/myagv_description.pc'
[5.818s] Level 1:colcon.colcon_core.environment:checking '/home/pi/ydlidar_ros2_ws/install/myagv_description/lib/python3.8/site-packages'
[5.819s] Level 1:colcon.colcon_core.environment:checking '/home/pi/ydlidar_ros2_ws/install/myagv_description/bin'
[5.821s] INFO:colcon.colcon_core.shell:Creating package script '/home/pi/ydlidar_ros2_ws/install/myagv_description/share/myagv_description/package.ps1'
[5.824s] INFO:colcon.colcon_core.shell:Creating package descriptor '/home/pi/ydlidar_ros2_ws/install/myagv_description/share/myagv_description/package.dsv'
[5.828s] INFO:colcon.colcon_core.shell:Creating package script '/home/pi/ydlidar_ros2_ws/install/myagv_description/share/myagv_description/package.sh'
[5.831s] INFO:colcon.colcon_core.shell:Creating package script '/home/pi/ydlidar_ros2_ws/install/myagv_description/share/myagv_description/package.bash'
[5.835s] INFO:colcon.colcon_core.shell:Creating package script '/home/pi/ydlidar_ros2_ws/install/myagv_description/share/myagv_description/package.zsh'
[5.840s] Level 1:colcon.colcon_core.environment:create_file_with_runtime_dependencies(/home/pi/ydlidar_ros2_ws/install/myagv_description/share/colcon-core/packages/myagv_description)
[5.845s] INFO:colcon.colcon_ros.task.ament_cmake.build:Building ROS package in '/home/pi/ydlidar_ros2_ws/src/ps2_controller' with build type 'ament_cmake'
[5.846s] INFO:colcon.colcon_cmake.task.cmake.build:Building CMake package in '/home/pi/ydlidar_ros2_ws/src/ps2_controller'
[5.847s] INFO:colcon.colcon_core.shell:Skip shell extension 'powershell' for command environment: Not usable outside of PowerShell
[5.848s] DEBUG:colcon.colcon_core.shell:Skip shell extension 'dsv' for command environment
[5.894s] Level 1:colcon.colcon_core.environment:create_environment_scripts_only(myagv_navigation2)
[5.895s] Level 1:colcon.colcon_core.environment:checking '/home/pi/ydlidar_ros2_ws/install/myagv_navigation2' for CMake module files
[5.900s] Level 1:colcon.colcon_core.environment:checking '/home/pi/ydlidar_ros2_ws/install/myagv_navigation2' for CMake config files
[5.905s] Level 1:colcon.colcon_core.shell:create_environment_hook('myagv_navigation2', 'cmake_prefix_path')
[5.906s] INFO:colcon.colcon_core.shell:Creating environment hook '/home/pi/ydlidar_ros2_ws/install/myagv_navigation2/share/myagv_navigation2/hook/cmake_prefix_path.ps1'
[5.910s] INFO:colcon.colcon_core.shell:Creating environment descriptor '/home/pi/ydlidar_ros2_ws/install/myagv_navigation2/share/myagv_navigation2/hook/cmake_prefix_path.dsv'
[5.913s] INFO:colcon.colcon_core.shell:Creating environment hook '/home/pi/ydlidar_ros2_ws/install/myagv_navigation2/share/myagv_navigation2/hook/cmake_prefix_path.sh'
[5.920s] Level 1:colcon.colcon_core.environment:checking '/home/pi/ydlidar_ros2_ws/install/myagv_navigation2/bin'
[5.921s] Level 1:colcon.colcon_core.environment:checking '/home/pi/ydlidar_ros2_ws/install/myagv_navigation2/lib/pkgconfig/myagv_navigation2.pc'
[5.922s] Level 1:colcon.colcon_core.environment:checking '/home/pi/ydlidar_ros2_ws/install/myagv_navigation2/lib/python3.8/site-packages'
[5.923s] Level 1:colcon.colcon_core.environment:checking '/home/pi/ydlidar_ros2_ws/install/myagv_navigation2/bin'
[5.925s] INFO:colcon.colcon_core.shell:Creating package script '/home/pi/ydlidar_ros2_ws/install/myagv_navigation2/share/myagv_navigation2/package.ps1'
[5.928s] INFO:colcon.colcon_core.shell:Creating package descriptor '/home/pi/ydlidar_ros2_ws/install/myagv_navigation2/share/myagv_navigation2/package.dsv'
[5.931s] INFO:colcon.colcon_core.shell:Creating package script '/home/pi/ydlidar_ros2_ws/install/myagv_navigation2/share/myagv_navigation2/package.sh'
[5.933s] INFO:colcon.colcon_core.shell:Creating package script '/home/pi/ydlidar_ros2_ws/install/myagv_navigation2/share/myagv_navigation2/package.bash'
[5.936s] INFO:colcon.colcon_core.shell:Creating package script '/home/pi/ydlidar_ros2_ws/install/myagv_navigation2/share/myagv_navigation2/package.zsh'
[5.939s] Level 1:colcon.colcon_core.environment:create_file_with_runtime_dependencies(/home/pi/ydlidar_ros2_ws/install/myagv_navigation2/share/colcon-core/packages/myagv_navigation2)
[5.944s] INFO:colcon.colcon_ros.task.ament_cmake.build:Building ROS package in '/home/pi/ydlidar_ros2_ws/src/ydlidar_ros2_driver' with build type 'ament_cmake'
[5.946s] INFO:colcon.colcon_cmake.task.cmake.build:Building CMake package in '/home/pi/ydlidar_ros2_ws/src/ydlidar_ros2_driver'
[5.947s] INFO:colcon.colcon_core.shell:Skip shell extension 'powershell' for command environment: Not usable outside of PowerShell
[5.948s] DEBUG:colcon.colcon_core.shell:Skip shell extension 'dsv' for command environment
[6.020s] DEBUG:colcon.colcon_core.event_handler.log_command:Invoking command in '/home/pi/ydlidar_ros2_ws/build/ps2_controller': CMAKE_PREFIX_PATH=/opt/ros/foxy /usr/bin/cmake --build /home/pi/ydlidar_ros2_ws/build/ps2_controller -- -j4 -l4
[6.069s] DEBUG:colcon.colcon_core.event_handler.log_command:Invoking command in '/home/pi/ydlidar_ros2_ws/build/ydlidar_ros2_driver': CMAKE_PREFIX_PATH=/opt/ros/foxy /usr/bin/cmake --build /home/pi/ydlidar_ros2_ws/build/ydlidar_ros2_driver -- -j4 -l4
[6.662s] DEBUG:colcon.colcon_core.event_handler.log_command:Invoked command in '/home/pi/ydlidar_ros2_ws/build/ps2_controller' returned '0': CMAKE_PREFIX_PATH=/opt/ros/foxy /usr/bin/cmake --build /home/pi/ydlidar_ros2_ws/build/ps2_controller -- -j4 -l4
[6.690s] DEBUG:colcon.colcon_core.event_handler.log_command:Invoked command in '/home/pi/ydlidar_ros2_ws/build/ydlidar_ros2_driver' returned '0': CMAKE_PREFIX_PATH=/opt/ros/foxy /usr/bin/cmake --build /home/pi/ydlidar_ros2_ws/build/ydlidar_ros2_driver -- -j4 -l4
[6.849s] DEBUG:colcon.colcon_core.event_handler.log_command:Invoking command in '/home/pi/ydlidar_ros2_ws/build/ps2_controller': CMAKE_PREFIX_PATH=/opt/ros/foxy /usr/bin/cmake --install /home/pi/ydlidar_ros2_ws/build/ps2_controller
[6.891s] DEBUG:colcon.colcon_core.event_handler.log_command:Invoking command in '/home/pi/ydlidar_ros2_ws/build/ydlidar_ros2_driver': CMAKE_PREFIX_PATH=/opt/ros/foxy /usr/bin/cmake --install /home/pi/ydlidar_ros2_ws/build/ydlidar_ros2_driver
[6.959s] Level 1:colcon.colcon_core.environment:create_environment_scripts_only(ps2_controller)
[6.961s] Level 1:colcon.colcon_core.environment:checking '/home/pi/ydlidar_ros2_ws/install/ps2_controller' for CMake module files
[6.963s] DEBUG:colcon.colcon_core.event_handler.log_command:Invoked command in '/home/pi/ydlidar_ros2_ws/build/ps2_controller' returned '0': CMAKE_PREFIX_PATH=/opt/ros/foxy /usr/bin/cmake --install /home/pi/ydlidar_ros2_ws/build/ps2_controller
[6.966s] Level 1:colcon.colcon_core.environment:checking '/home/pi/ydlidar_ros2_ws/install/ps2_controller' for CMake config files
[6.980s] Level 1:colcon.colcon_core.shell:create_environment_hook('ps2_controller', 'cmake_prefix_path')
[6.981s] INFO:colcon.colcon_core.shell:Creating environment hook '/home/pi/ydlidar_ros2_ws/install/ps2_controller/share/ps2_controller/hook/cmake_prefix_path.ps1'
[6.984s] INFO:colcon.colcon_core.shell:Creating environment descriptor '/home/pi/ydlidar_ros2_ws/install/ps2_controller/share/ps2_controller/hook/cmake_prefix_path.dsv'
[6.992s] INFO:colcon.colcon_core.shell:Creating environment hook '/home/pi/ydlidar_ros2_ws/install/ps2_controller/share/ps2_controller/hook/cmake_prefix_path.sh'
[7.008s] Level 1:colcon.colcon_core.environment:checking '/home/pi/ydlidar_ros2_ws/install/ps2_controller/lib'
[7.013s] Level 1:colcon.colcon_core.environment:checking '/home/pi/ydlidar_ros2_ws/install/ps2_controller/bin'
[7.016s] Level 1:colcon.colcon_core.environment:checking '/home/pi/ydlidar_ros2_ws/install/ps2_controller/lib/pkgconfig/ps2_controller.pc'
[7.020s] Level 1:colcon.colcon_core.environment:checking '/home/pi/ydlidar_ros2_ws/install/ps2_controller/lib/python3.8/site-packages'
[7.022s] Level 1:colcon.colcon_core.environment:checking '/home/pi/ydlidar_ros2_ws/install/ps2_controller/bin'
[7.024s] INFO:colcon.colcon_core.shell:Creating package script '/home/pi/ydlidar_ros2_ws/install/ps2_controller/share/ps2_controller/package.ps1'
[7.035s] INFO:colcon.colcon_core.shell:Creating package descriptor '/home/pi/ydlidar_ros2_ws/install/ps2_controller/share/ps2_controller/package.dsv'
[7.040s] INFO:colcon.colcon_core.shell:Creating package script '/home/pi/ydlidar_ros2_ws/install/ps2_controller/share/ps2_controller/package.sh'
[7.047s] INFO:colcon.colcon_core.shell:Creating package script '/home/pi/ydlidar_ros2_ws/install/ps2_controller/share/ps2_controller/package.bash'
[7.051s] INFO:colcon.colcon_core.shell:Creating package script '/home/pi/ydlidar_ros2_ws/install/ps2_controller/share/ps2_controller/package.zsh'
[7.055s] Level 1:colcon.colcon_core.environment:create_file_with_runtime_dependencies(/home/pi/ydlidar_ros2_ws/install/ps2_controller/share/colcon-core/packages/ps2_controller)
[7.076s] Level 1:colcon.colcon_core.environment:create_environment_scripts_only(ydlidar_ros2_driver)
[7.079s] Level 1:colcon.colcon_core.environment:checking '/home/pi/ydlidar_ros2_ws/install/ydlidar_ros2_driver' for CMake module files
[7.082s] DEBUG:colcon.colcon_core.event_handler.log_command:Invoked command in '/home/pi/ydlidar_ros2_ws/build/ydlidar_ros2_driver' returned '0': CMAKE_PREFIX_PATH=/opt/ros/foxy /usr/bin/cmake --install /home/pi/ydlidar_ros2_ws/build/ydlidar_ros2_driver
[7.085s] Level 1:colcon.colcon_core.environment:checking '/home/pi/ydlidar_ros2_ws/install/ydlidar_ros2_driver' for CMake config files
[7.090s] Level 1:colcon.colcon_core.shell:create_environment_hook('ydlidar_ros2_driver', 'cmake_prefix_path')
[7.091s] INFO:colcon.colcon_core.shell:Creating environment hook '/home/pi/ydlidar_ros2_ws/install/ydlidar_ros2_driver/share/ydlidar_ros2_driver/hook/cmake_prefix_path.ps1'
[7.095s] INFO:colcon.colcon_core.shell:Creating environment descriptor '/home/pi/ydlidar_ros2_ws/install/ydlidar_ros2_driver/share/ydlidar_ros2_driver/hook/cmake_prefix_path.dsv'
[7.099s] INFO:colcon.colcon_core.shell:Creating environment hook '/home/pi/ydlidar_ros2_ws/install/ydlidar_ros2_driver/share/ydlidar_ros2_driver/hook/cmake_prefix_path.sh'
[7.104s] Level 1:colcon.colcon_core.environment:checking '/home/pi/ydlidar_ros2_ws/install/ydlidar_ros2_driver/lib'
[7.105s] Level 1:colcon.colcon_core.environment:checking '/home/pi/ydlidar_ros2_ws/install/ydlidar_ros2_driver/bin'
[7.105s] Level 1:colcon.colcon_core.environment:checking '/home/pi/ydlidar_ros2_ws/install/ydlidar_ros2_driver/lib/pkgconfig/ydlidar_ros2_driver.pc'
[7.107s] Level 1:colcon.colcon_core.environment:checking '/home/pi/ydlidar_ros2_ws/install/ydlidar_ros2_driver/lib/python3.8/site-packages'
[7.108s] Level 1:colcon.colcon_core.environment:checking '/home/pi/ydlidar_ros2_ws/install/ydlidar_ros2_driver/bin'
[7.110s] INFO:colcon.colcon_core.shell:Creating package script '/home/pi/ydlidar_ros2_ws/install/ydlidar_ros2_driver/share/ydlidar_ros2_driver/package.ps1'
[7.113s] INFO:colcon.colcon_core.shell:Creating package descriptor '/home/pi/ydlidar_ros2_ws/install/ydlidar_ros2_driver/share/ydlidar_ros2_driver/package.dsv'
[7.116s] INFO:colcon.colcon_core.shell:Creating package script '/home/pi/ydlidar_ros2_ws/install/ydlidar_ros2_driver/share/ydlidar_ros2_driver/package.sh'
[7.118s] INFO:colcon.colcon_core.shell:Creating package script '/home/pi/ydlidar_ros2_ws/install/ydlidar_ros2_driver/share/ydlidar_ros2_driver/package.bash'
[7.121s] INFO:colcon.colcon_core.shell:Creating package script '/home/pi/ydlidar_ros2_ws/install/ydlidar_ros2_driver/share/ydlidar_ros2_driver/package.zsh'
[7.125s] Level 1:colcon.colcon_core.environment:create_file_with_runtime_dependencies(/home/pi/ydlidar_ros2_ws/install/ydlidar_ros2_driver/share/colcon-core/packages/ydlidar_ros2_driver)
[7.250s] Level 1:colcon.colcon_core.environment:create_environment_scripts_only(ps2_controller)
[7.251s] Level 1:colcon.colcon_core.environment:checking '/home/pi/ydlidar_ros2_ws/install/ps2_controller' for CMake module files
[7.255s] Level 1:colcon.colcon_core.environment:checking '/home/pi/ydlidar_ros2_ws/install/ps2_controller' for CMake config files
[7.261s] Level 1:colcon.colcon_core.shell:create_environment_hook('ps2_controller', 'cmake_prefix_path')
[7.263s] INFO:colcon.colcon_core.shell:Creating environment hook '/home/pi/ydlidar_ros2_ws/install/ps2_controller/share/ps2_controller/hook/cmake_prefix_path.ps1'
[7.267s] INFO:colcon.colcon_core.shell:Creating environment descriptor '/home/pi/ydlidar_ros2_ws/install/ps2_controller/share/ps2_controller/hook/cmake_prefix_path.dsv'
[7.272s] INFO:colcon.colcon_core.shell:Creating environment hook '/home/pi/ydlidar_ros2_ws/install/ps2_controller/share/ps2_controller/hook/cmake_prefix_path.sh'
[7.277s] Level 1:colcon.colcon_core.environment:checking '/home/pi/ydlidar_ros2_ws/install/ps2_controller/lib'
[7.277s] Level 1:colcon.colcon_core.environment:checking '/home/pi/ydlidar_ros2_ws/install/ps2_controller/bin'
[7.278s] Level 1:colcon.colcon_core.environment:checking '/home/pi/ydlidar_ros2_ws/install/ps2_controller/lib/pkgconfig/ps2_controller.pc'
[7.279s] Level 1:colcon.colcon_core.environment:checking '/home/pi/ydlidar_ros2_ws/install/ps2_controller/lib/python3.8/site-packages'
[7.280s] Level 1:colcon.colcon_core.environment:checking '/home/pi/ydlidar_ros2_ws/install/ps2_controller/bin'
[7.282s] INFO:colcon.colcon_core.shell:Creating package script '/home/pi/ydlidar_ros2_ws/install/ps2_controller/share/ps2_controller/package.ps1'
[7.285s] INFO:colcon.colcon_core.shell:Creating package descriptor '/home/pi/ydlidar_ros2_ws/install/ps2_controller/share/ps2_controller/package.dsv'
[7.288s] INFO:colcon.colcon_core.shell:Creating package script '/home/pi/ydlidar_ros2_ws/install/ps2_controller/share/ps2_controller/package.sh'
[7.291s] INFO:colcon.colcon_core.shell:Creating package script '/home/pi/ydlidar_ros2_ws/install/ps2_controller/share/ps2_controller/package.bash'
[7.296s] INFO:colcon.colcon_core.shell:Creating package script '/home/pi/ydlidar_ros2_ws/install/ps2_controller/share/ps2_controller/package.zsh'
[7.300s] Level 1:colcon.colcon_core.environment:create_file_with_runtime_dependencies(/home/pi/ydlidar_ros2_ws/install/ps2_controller/share/colcon-core/packages/ps2_controller)
[7.305s] INFO:colcon.colcon_ros.task.ament_cmake.build:Building ROS package in '/home/pi/ydlidar_ros2_ws/src/myagv_bringup' with build type 'ament_cmake'
[7.306s] INFO:colcon.colcon_cmake.task.cmake.build:Building CMake package in '/home/pi/ydlidar_ros2_ws/src/myagv_bringup'
[7.307s] INFO:colcon.colcon_core.shell:Skip shell extension 'powershell' for command environment: Not usable outside of PowerShell
[7.308s] DEBUG:colcon.colcon_core.shell:Skip shell extension 'dsv' for command environment
[7.344s] Level 1:colcon.colcon_core.environment:create_environment_scripts_only(ydlidar_ros2_driver)
[7.347s] Level 1:colcon.colcon_core.environment:checking '/home/pi/ydlidar_ros2_ws/install/ydlidar_ros2_driver' for CMake module files
[7.353s] Level 1:colcon.colcon_core.environment:checking '/home/pi/ydlidar_ros2_ws/install/ydlidar_ros2_driver' for CMake config files
[7.357s] Level 1:colcon.colcon_core.shell:create_environment_hook('ydlidar_ros2_driver', 'cmake_prefix_path')
[7.358s] INFO:colcon.colcon_core.shell:Creating environment hook '/home/pi/ydlidar_ros2_ws/install/ydlidar_ros2_driver/share/ydlidar_ros2_driver/hook/cmake_prefix_path.ps1'
[7.362s] INFO:colcon.colcon_core.shell:Creating environment descriptor '/home/pi/ydlidar_ros2_ws/install/ydlidar_ros2_driver/share/ydlidar_ros2_driver/hook/cmake_prefix_path.dsv'
[7.364s] INFO:colcon.colcon_core.shell:Creating environment hook '/home/pi/ydlidar_ros2_ws/install/ydlidar_ros2_driver/share/ydlidar_ros2_driver/hook/cmake_prefix_path.sh'
[7.367s] Level 1:colcon.colcon_core.environment:checking '/home/pi/ydlidar_ros2_ws/install/ydlidar_ros2_driver/lib'
[7.368s] Level 1:colcon.colcon_core.environment:checking '/home/pi/ydlidar_ros2_ws/install/ydlidar_ros2_driver/bin'
[7.368s] Level 1:colcon.colcon_core.environment:checking '/home/pi/ydlidar_ros2_ws/install/ydlidar_ros2_driver/lib/pkgconfig/ydlidar_ros2_driver.pc'
[7.369s] Level 1:colcon.colcon_core.environment:checking '/home/pi/ydlidar_ros2_ws/install/ydlidar_ros2_driver/lib/python3.8/site-packages'
[7.370s] Level 1:colcon.colcon_core.environment:checking '/home/pi/ydlidar_ros2_ws/install/ydlidar_ros2_driver/bin'
[7.371s] INFO:colcon.colcon_core.shell:Creating package script '/home/pi/ydlidar_ros2_ws/install/ydlidar_ros2_driver/share/ydlidar_ros2_driver/package.ps1'
[7.375s] INFO:colcon.colcon_core.shell:Creating package descriptor '/home/pi/ydlidar_ros2_ws/install/ydlidar_ros2_driver/share/ydlidar_ros2_driver/package.dsv'
[7.377s] INFO:colcon.colcon_core.shell:Creating package script '/home/pi/ydlidar_ros2_ws/install/ydlidar_ros2_driver/share/ydlidar_ros2_driver/package.sh'
[7.379s] INFO:colcon.colcon_core.shell:Creating package script '/home/pi/ydlidar_ros2_ws/install/ydlidar_ros2_driver/share/ydlidar_ros2_driver/package.bash'
[7.386s] INFO:colcon.colcon_core.shell:Creating package script '/home/pi/ydlidar_ros2_ws/install/ydlidar_ros2_driver/share/ydlidar_ros2_driver/package.zsh'
[7.390s] Level 1:colcon.colcon_core.environment:create_file_with_runtime_dependencies(/home/pi/ydlidar_ros2_ws/install/ydlidar_ros2_driver/share/colcon-core/packages/ydlidar_ros2_driver)
[7.431s] DEBUG:colcon.colcon_core.event_handler.log_command:Invoking command in '/home/pi/ydlidar_ros2_ws/build/myagv_bringup': AMENT_PREFIX_PATH=/home/pi/ydlidar_ros2_ws/install/myagv_description:${AMENT_PREFIX_PATH} CMAKE_PREFIX_PATH=/home/pi/ydlidar_ros2_ws/install/myagv_description:/opt/ros/foxy /usr/bin/cmake --build /home/pi/ydlidar_ros2_ws/build/myagv_bringup -- -j4 -l4
[7.672s] DEBUG:colcon.colcon_core.event_handler.log_command:Invoked command in '/home/pi/ydlidar_ros2_ws/build/myagv_bringup' returned '0': AMENT_PREFIX_PATH=/home/pi/ydlidar_ros2_ws/install/myagv_description:${AMENT_PREFIX_PATH} CMAKE_PREFIX_PATH=/home/pi/ydlidar_ros2_ws/install/myagv_description:/opt/ros/foxy /usr/bin/cmake --build /home/pi/ydlidar_ros2_ws/build/myagv_bringup -- -j4 -l4
[7.793s] DEBUG:colcon.colcon_core.event_handler.log_command:Invoking command in '/home/pi/ydlidar_ros2_ws/build/myagv_bringup': AMENT_PREFIX_PATH=/home/pi/ydlidar_ros2_ws/install/myagv_description:${AMENT_PREFIX_PATH} CMAKE_PREFIX_PATH=/home/pi/ydlidar_ros2_ws/install/myagv_description:/opt/ros/foxy /usr/bin/cmake --install /home/pi/ydlidar_ros2_ws/build/myagv_bringup
[7.930s] Level 1:colcon.colcon_core.environment:create_environment_scripts_only(myagv_bringup)
[7.935s] Level 1:colcon.colcon_core.environment:checking '/home/pi/ydlidar_ros2_ws/install/myagv_bringup' for CMake module files
[7.965s] DEBUG:colcon.colcon_core.event_handler.log_command:Invoked command in '/home/pi/ydlidar_ros2_ws/build/myagv_bringup' returned '0': AMENT_PREFIX_PATH=/home/pi/ydlidar_ros2_ws/install/myagv_description:${AMENT_PREFIX_PATH} CMAKE_PREFIX_PATH=/home/pi/ydlidar_ros2_ws/install/myagv_description:/opt/ros/foxy /usr/bin/cmake --install /home/pi/ydlidar_ros2_ws/build/myagv_bringup
[7.967s] Level 1:colcon.colcon_core.environment:checking '/home/pi/ydlidar_ros2_ws/install/myagv_bringup' for CMake config files
[7.973s] Level 1:colcon.colcon_core.shell:create_environment_hook('myagv_bringup', 'cmake_prefix_path')
[7.975s] INFO:colcon.colcon_core.shell:Creating environment hook '/home/pi/ydlidar_ros2_ws/install/myagv_bringup/share/myagv_bringup/hook/cmake_prefix_path.ps1'
[7.984s] INFO:colcon.colcon_core.shell:Creating environment descriptor '/home/pi/ydlidar_ros2_ws/install/myagv_bringup/share/myagv_bringup/hook/cmake_prefix_path.dsv'
[7.989s] INFO:colcon.colcon_core.shell:Creating environment hook '/home/pi/ydlidar_ros2_ws/install/myagv_bringup/share/myagv_bringup/hook/cmake_prefix_path.sh'
[7.998s] Level 1:colcon.colcon_core.environment:checking '/home/pi/ydlidar_ros2_ws/install/myagv_bringup/bin'
[8.000s] Level 1:colcon.colcon_core.environment:checking '/home/pi/ydlidar_ros2_ws/install/myagv_bringup/lib/pkgconfig/myagv_bringup.pc'
[8.003s] Level 1:colcon.colcon_core.environment:checking '/home/pi/ydlidar_ros2_ws/install/myagv_bringup/lib/python3.8/site-packages'
[8.005s] Level 1:colcon.colcon_core.environment:checking '/home/pi/ydlidar_ros2_ws/install/myagv_bringup/bin'
[8.011s] INFO:colcon.colcon_core.shell:Creating package script '/home/pi/ydlidar_ros2_ws/install/myagv_bringup/share/myagv_bringup/package.ps1'
[8.020s] INFO:colcon.colcon_core.shell:Creating package descriptor '/home/pi/ydlidar_ros2_ws/install/myagv_bringup/share/myagv_bringup/package.dsv'
[8.028s] INFO:colcon.colcon_core.shell:Creating package script '/home/pi/ydlidar_ros2_ws/install/myagv_bringup/share/myagv_bringup/package.sh'
[8.038s] INFO:colcon.colcon_core.shell:Creating package script '/home/pi/ydlidar_ros2_ws/install/myagv_bringup/share/myagv_bringup/package.bash'
[8.045s] INFO:colcon.colcon_core.shell:Creating package script '/home/pi/ydlidar_ros2_ws/install/myagv_bringup/share/myagv_bringup/package.zsh'
[8.051s] Level 1:colcon.colcon_core.environment:create_file_with_runtime_dependencies(/home/pi/ydlidar_ros2_ws/install/myagv_bringup/share/colcon-core/packages/myagv_bringup)
[8.087s] DEBUG:colcon.colcon_core.event_handler.log_command:Invoking command in '/home/pi/ydlidar_ros2_ws/src/jdamr200_node': PYTHONPATH=/home/pi/ydlidar_ros2_ws/build/jdamr200_node/prefix_override:/usr/lib/python3/dist-packages/colcon_core/task/python/colcon_distutils_commands:/home/pi/ydlidar_ros2_ws/install/jdamr200_node/lib/python3.8/site-packages:${PYTHONPATH} /usr/bin/python3 -W ignore:setup.py install is deprecated setup.py egg_info --egg-base ../../build/jdamr200_node build --build-base /home/pi/ydlidar_ros2_ws/build/jdamr200_node/build install --record /home/pi/ydlidar_ros2_ws/build/jdamr200_node/install.log --single-version-externally-managed install_data
[8.107s] DEBUG:colcon.colcon_core.event_handler.log_command:Invoking command in '/home/pi/ydlidar_ros2_ws/src/jdamr200_teleop': PYTHONPATH=/home/pi/ydlidar_ros2_ws/build/jdamr200_teleop/prefix_override:/usr/lib/python3/dist-packages/colcon_core/task/python/colcon_distutils_commands:/home/pi/ydlidar_ros2_ws/install/jdamr200_teleop/lib/python3.8/site-packages:${PYTHONPATH} /usr/bin/python3 -W ignore:setup.py install is deprecated setup.py egg_info --egg-base ../../build/jdamr200_teleop build --build-base /home/pi/ydlidar_ros2_ws/build/jdamr200_teleop/build install --record /home/pi/ydlidar_ros2_ws/build/jdamr200_teleop/install.log --single-version-externally-managed install_data
[8.175s] Level 1:colcon.colcon_core.environment:create_environment_scripts_only(myagv_bringup)
[8.176s] Level 1:colcon.colcon_core.environment:checking '/home/pi/ydlidar_ros2_ws/install/myagv_bringup' for CMake module files
[8.179s] Level 1:colcon.colcon_core.environment:checking '/home/pi/ydlidar_ros2_ws/install/myagv_bringup' for CMake config files
[8.181s] Level 1:colcon.colcon_core.shell:create_environment_hook('myagv_bringup', 'cmake_prefix_path')
[8.182s] INFO:colcon.colcon_core.shell:Creating environment hook '/home/pi/ydlidar_ros2_ws/install/myagv_bringup/share/myagv_bringup/hook/cmake_prefix_path.ps1'
[8.185s] INFO:colcon.colcon_core.shell:Creating environment descriptor '/home/pi/ydlidar_ros2_ws/install/myagv_bringup/share/myagv_bringup/hook/cmake_prefix_path.dsv'
[8.189s] INFO:colcon.colcon_core.shell:Creating environment hook '/home/pi/ydlidar_ros2_ws/install/myagv_bringup/share/myagv_bringup/hook/cmake_prefix_path.sh'
[8.193s] Level 1:colcon.colcon_core.environment:checking '/home/pi/ydlidar_ros2_ws/install/myagv_bringup/bin'
[8.193s] Level 1:colcon.colcon_core.environment:checking '/home/pi/ydlidar_ros2_ws/install/myagv_bringup/lib/pkgconfig/myagv_bringup.pc'
[8.194s] Level 1:colcon.colcon_core.environment:checking '/home/pi/ydlidar_ros2_ws/install/myagv_bringup/lib/python3.8/site-packages'
[8.195s] Level 1:colcon.colcon_core.environment:checking '/home/pi/ydlidar_ros2_ws/install/myagv_bringup/bin'
[8.197s] INFO:colcon.colcon_core.shell:Creating package script '/home/pi/ydlidar_ros2_ws/install/myagv_bringup/share/myagv_bringup/package.ps1'
[8.200s] INFO:colcon.colcon_core.shell:Creating package descriptor '/home/pi/ydlidar_ros2_ws/install/myagv_bringup/share/myagv_bringup/package.dsv'
[8.203s] INFO:colcon.colcon_core.shell:Creating package script '/home/pi/ydlidar_ros2_ws/install/myagv_bringup/share/myagv_bringup/package.sh'
[8.206s] INFO:colcon.colcon_core.shell:Creating package script '/home/pi/ydlidar_ros2_ws/install/myagv_bringup/share/myagv_bringup/package.bash'
[8.209s] INFO:colcon.colcon_core.shell:Creating package script '/home/pi/ydlidar_ros2_ws/install/myagv_bringup/share/myagv_bringup/package.zsh'
[8.211s] Level 1:colcon.colcon_core.environment:create_file_with_runtime_dependencies(/home/pi/ydlidar_ros2_ws/install/myagv_bringup/share/colcon-core/packages/myagv_bringup)
[9.606s] Level 1:colcon.colcon_core.environment:checking '/home/pi/ydlidar_ros2_ws/install/jdamr200_teleop' for CMake module files
[9.608s] DEBUG:colcon.colcon_core.event_handler.log_command:Invoked command in '/home/pi/ydlidar_ros2_ws/src/jdamr200_teleop' returned '0': PYTHONPATH=/home/pi/ydlidar_ros2_ws/build/jdamr200_teleop/prefix_override:/usr/lib/python3/dist-packages/colcon_core/task/python/colcon_distutils_commands:/home/pi/ydlidar_ros2_ws/install/jdamr200_teleop/lib/python3.8/site-packages:${PYTHONPATH} /usr/bin/python3 -W ignore:setup.py install is deprecated setup.py egg_info --egg-base ../../build/jdamr200_teleop build --build-base /home/pi/ydlidar_ros2_ws/build/jdamr200_teleop/build install --record /home/pi/ydlidar_ros2_ws/build/jdamr200_teleop/install.log --single-version-externally-managed install_data
[9.610s] Level 1:colcon.colcon_core.environment:checking '/home/pi/ydlidar_ros2_ws/install/jdamr200_teleop' for CMake config files
[9.615s] Level 1:colcon.colcon_core.environment:checking '/home/pi/ydlidar_ros2_ws/install/jdamr200_teleop/lib'
[9.615s] Level 1:colcon.colcon_core.environment:checking '/home/pi/ydlidar_ros2_ws/install/jdamr200_teleop/bin'
[9.615s] Level 1:colcon.colcon_core.environment:checking '/home/pi/ydlidar_ros2_ws/install/jdamr200_teleop/lib/pkgconfig/jdamr200_teleop.pc'
[9.616s] Level 1:colcon.colcon_core.environment:checking '/home/pi/ydlidar_ros2_ws/install/jdamr200_teleop/lib/python3.8/site-packages'
[9.616s] Level 1:colcon.colcon_core.shell:create_environment_hook('jdamr200_teleop', 'pythonpath')
[9.617s] INFO:colcon.colcon_core.shell:Creating environment hook '/home/pi/ydlidar_ros2_ws/install/jdamr200_teleop/share/jdamr200_teleop/hook/pythonpath.ps1'
[9.619s] INFO:colcon.colcon_core.shell:Creating environment descriptor '/home/pi/ydlidar_ros2_ws/install/jdamr200_teleop/share/jdamr200_teleop/hook/pythonpath.dsv'
[9.621s] INFO:colcon.colcon_core.shell:Creating environment hook '/home/pi/ydlidar_ros2_ws/install/jdamr200_teleop/share/jdamr200_teleop/hook/pythonpath.sh'
[9.624s] Level 1:colcon.colcon_core.environment:checking '/home/pi/ydlidar_ros2_ws/install/jdamr200_teleop/bin'
[9.624s] Level 1:colcon.colcon_core.environment:create_environment_scripts_only(jdamr200_teleop)
[9.625s] INFO:colcon.colcon_core.shell:Creating package script '/home/pi/ydlidar_ros2_ws/install/jdamr200_teleop/share/jdamr200_teleop/package.ps1'
[9.628s] INFO:colcon.colcon_core.shell:Creating package descriptor '/home/pi/ydlidar_ros2_ws/install/jdamr200_teleop/share/jdamr200_teleop/package.dsv'
[9.631s] INFO:colcon.colcon_core.shell:Creating package script '/home/pi/ydlidar_ros2_ws/install/jdamr200_teleop/share/jdamr200_teleop/package.sh'
[9.633s] INFO:colcon.colcon_core.shell:Creating package script '/home/pi/ydlidar_ros2_ws/install/jdamr200_teleop/share/jdamr200_teleop/package.bash'
[9.635s] INFO:colcon.colcon_core.shell:Creating package script '/home/pi/ydlidar_ros2_ws/install/jdamr200_teleop/share/jdamr200_teleop/package.zsh'
[9.636s] Level 1:colcon.colcon_core.environment:create_file_with_runtime_dependencies(/home/pi/ydlidar_ros2_ws/install/jdamr200_teleop/share/colcon-core/packages/jdamr200_teleop)
[9.640s] Level 1:colcon.colcon_core.environment:checking '/home/pi/ydlidar_ros2_ws/install/jdamr200_node' for CMake module files
[9.643s] DEBUG:colcon.colcon_core.event_handler.log_command:Invoked command in '/home/pi/ydlidar_ros2_ws/src/jdamr200_node' returned '0': PYTHONPATH=/home/pi/ydlidar_ros2_ws/build/jdamr200_node/prefix_override:/usr/lib/python3/dist-packages/colcon_core/task/python/colcon_distutils_commands:/home/pi/ydlidar_ros2_ws/install/jdamr200_node/lib/python3.8/site-packages:${PYTHONPATH} /usr/bin/python3 -W ignore:setup.py install is deprecated setup.py egg_info --egg-base ../../build/jdamr200_node build --build-base /home/pi/ydlidar_ros2_ws/build/jdamr200_node/build install --record /home/pi/ydlidar_ros2_ws/build/jdamr200_node/install.log --single-version-externally-managed install_data
[9.644s] Level 1:colcon.colcon_core.environment:checking '/home/pi/ydlidar_ros2_ws/install/jdamr200_node' for CMake config files
[9.648s] Level 1:colcon.colcon_core.environment:checking '/home/pi/ydlidar_ros2_ws/install/jdamr200_node/lib'
[9.649s] Level 1:colcon.colcon_core.environment:checking '/home/pi/ydlidar_ros2_ws/install/jdamr200_node/bin'
[9.649s] Level 1:colcon.colcon_core.environment:checking '/home/pi/ydlidar_ros2_ws/install/jdamr200_node/lib/pkgconfig/jdamr200_node.pc'
[9.650s] Level 1:colcon.colcon_core.environment:checking '/home/pi/ydlidar_ros2_ws/install/jdamr200_node/lib/python3.8/site-packages'
[9.650s] Level 1:colcon.colcon_core.shell:create_environment_hook('jdamr200_node', 'pythonpath')
[9.651s] INFO:colcon.colcon_core.shell:Creating environment hook '/home/pi/ydlidar_ros2_ws/install/jdamr200_node/share/jdamr200_node/hook/pythonpath.ps1'
[9.653s] INFO:colcon.colcon_core.shell:Creating environment descriptor '/home/pi/ydlidar_ros2_ws/install/jdamr200_node/share/jdamr200_node/hook/pythonpath.dsv'
[9.655s] INFO:colcon.colcon_core.shell:Creating environment hook '/home/pi/ydlidar_ros2_ws/install/jdamr200_node/share/jdamr200_node/hook/pythonpath.sh'
[9.657s] Level 1:colcon.colcon_core.environment:checking '/home/pi/ydlidar_ros2_ws/install/jdamr200_node/bin'
[9.658s] Level 1:colcon.colcon_core.environment:create_environment_scripts_only(jdamr200_node)
[9.659s] INFO:colcon.colcon_core.shell:Creating package script '/home/pi/ydlidar_ros2_ws/install/jdamr200_node/share/jdamr200_node/package.ps1'
[9.662s] INFO:colcon.colcon_core.shell:Creating package descriptor '/home/pi/ydlidar_ros2_ws/install/jdamr200_node/share/jdamr200_node/package.dsv'
[9.664s] INFO:colcon.colcon_core.shell:Creating package script '/home/pi/ydlidar_ros2_ws/install/jdamr200_node/share/jdamr200_node/package.sh'
[9.666s] INFO:colcon.colcon_core.shell:Creating package script '/home/pi/ydlidar_ros2_ws/install/jdamr200_node/share/jdamr200_node/package.bash'
[9.668s] INFO:colcon.colcon_core.shell:Creating package script '/home/pi/ydlidar_ros2_ws/install/jdamr200_node/share/jdamr200_node/package.zsh'
[9.670s] Level 1:colcon.colcon_core.environment:create_file_with_runtime_dependencies(/home/pi/ydlidar_ros2_ws/install/jdamr200_node/share/colcon-core/packages/jdamr200_node)
[9.671s] DEBUG:colcon.colcon_parallel_executor.executor.parallel:closing loop
[9.672s] DEBUG:colcon.colcon_parallel_executor.executor.parallel:loop closed
[9.673s] DEBUG:colcon.colcon_parallel_executor.executor.parallel:run_until_complete finished with '0'
[9.673s] DEBUG:colcon.colcon_core.event_reactor:joining thread
[9.717s] INFO:colcon.colcon_core.plugin_system:Skipping extension 'colcon_notification.desktop_notification.terminal_notifier': Not used on non-Darwin systems
[9.718s] INFO:colcon.colcon_core.plugin_system:Skipping extension 'colcon_notification.desktop_notification.win32': Not used on non-Windows systems
[9.718s] INFO:colcon.colcon_notification.desktop_notification:Sending desktop notification using 'notify2'
[9.871s] DEBUG:colcon.colcon_core.event_reactor:joined thread
[9.873s] INFO:colcon.colcon_core.shell:Creating prefix script '/home/pi/ydlidar_ros2_ws/install/local_setup.ps1'
[9.878s] INFO:colcon.colcon_core.shell:Creating prefix util module '/home/pi/ydlidar_ros2_ws/install/_local_setup_util_ps1.py'
[9.886s] INFO:colcon.colcon_core.shell:Creating prefix chain script '/home/pi/ydlidar_ros2_ws/install/setup.ps1'
[9.894s] INFO:colcon.colcon_core.shell:Creating prefix script '/home/pi/ydlidar_ros2_ws/install/local_setup.sh'
[9.897s] INFO:colcon.colcon_core.shell:Creating prefix util module '/home/pi/ydlidar_ros2_ws/install/_local_setup_util_sh.py'
[9.899s] INFO:colcon.colcon_core.shell:Creating prefix chain script '/home/pi/ydlidar_ros2_ws/install/setup.sh'
[9.904s] INFO:colcon.colcon_core.shell:Creating prefix script '/home/pi/ydlidar_ros2_ws/install/local_setup.bash'
[9.907s] INFO:colcon.colcon_core.shell:Creating prefix chain script '/home/pi/ydlidar_ros2_ws/install/setup.bash'
[9.911s] INFO:colcon.colcon_core.shell:Creating prefix script '/home/pi/ydlidar_ros2_ws/install/local_setup.zsh'
[9.916s] INFO:colcon.colcon_core.shell:Creating prefix chain script '/home/pi/ydlidar_ros2_ws/install/setup.zsh'
