[2.154s] Invoking command in '/home/pi/ydlidar_ros2_ws/build/myagv_navigation2': CMAKE_PREFIX_PATH=${CMAKE_PREFIX_PATH}:/home/pi/ydlidar_ros2_ws/install/nav2_gazebo_spawner:/home/pi/ydlidar_ros2_ws/install/jdamr200_teleop:/home/pi/ydlidar_ros2_ws/install/jdamr200_node:/opt/ros/foxy /usr/bin/cmake --build /home/pi/ydlidar_ros2_ws/build/myagv_navigation2 -- -j4 -l4
[2.387s] Invoked command in '/home/pi/ydlidar_ros2_ws/build/myagv_navigation2' returned '0': CMAKE_PREFIX_PATH=${CMAKE_PREFIX_PATH}:/home/pi/ydlidar_ros2_ws/install/nav2_gazebo_spawner:/home/pi/ydlidar_ros2_ws/install/jdamr200_teleop:/home/pi/ydlidar_ros2_ws/install/jdamr200_node:/opt/ros/foxy /usr/bin/cmake --build /home/pi/ydlidar_ros2_ws/build/myagv_navigation2 -- -j4 -l4
[2.620s] Invoking command in '/home/pi/ydlidar_ros2_ws/build/myagv_navigation2': CMAKE_PREFIX_PATH=${CMAKE_PREFIX_PATH}:/home/pi/ydlidar_ros2_ws/install/nav2_gazebo_spawner:/home/pi/ydlidar_ros2_ws/install/jdamr200_teleop:/home/pi/ydlidar_ros2_ws/install/jdamr200_node:/opt/ros/foxy /usr/bin/cmake --install /home/pi/ydlidar_ros2_ws/build/myagv_navigation2
[2.682s] -- Install configuration: ""
[2.684s] -- Up-to-date: /home/pi/ydlidar_ros2_ws/install/myagv_navigation2/share/myagv_navigation2/launch
[2.685s] -- Up-to-date: /home/pi/ydlidar_ros2_ws/install/myagv_navigation2/share/myagv_navigation2/launch/navigation2.launch.py
[2.687s] -- Up-to-date: /home/pi/ydlidar_ros2_ws/install/myagv_navigation2/share/myagv_navigation2/map
[2.688s] -- Up-to-date: /home/pi/ydlidar_ros2_ws/install/myagv_navigation2/share/myagv_navigation2/map/test1_map.pgm
[2.689s] -- Up-to-date: /home/pi/ydlidar_ros2_ws/install/myagv_navigation2/share/myagv_navigation2/map/test1_map.yaml
[2.690s] -- Up-to-date: /home/pi/ydlidar_ros2_ws/install/myagv_navigation2/share/myagv_navigation2/param
[2.691s] -- Up-to-date: /home/pi/ydlidar_ros2_ws/install/myagv_navigation2/share/myagv_navigation2/param/follow_point_bt.xml
[2.692s] -- Up-to-date: /home/pi/ydlidar_ros2_ws/install/myagv_navigation2/share/myagv_navigation2/param/myagv.yaml
[2.693s] -- Up-to-date: /home/pi/ydlidar_ros2_ws/install/myagv_navigation2/share/myagv_navigation2/rviz
[2.693s] -- Up-to-date: /home/pi/ydlidar_ros2_ws/install/myagv_navigation2/share/myagv_navigation2/rviz/nav2_config_object_following.rviz
[2.694s] -- Up-to-date: /home/pi/ydlidar_ros2_ws/install/myagv_navigation2/share/ament_index/resource_index/package_run_dependencies/myagv_navigation2
[2.695s] -- Up-to-date: /home/pi/ydlidar_ros2_ws/install/myagv_navigation2/share/ament_index/resource_index/parent_prefix_path/myagv_navigation2
[2.696s] -- Up-to-date: /home/pi/ydlidar_ros2_ws/install/myagv_navigation2/share/myagv_navigation2/environment/ament_prefix_path.sh
[2.696s] -- Up-to-date: /home/pi/ydlidar_ros2_ws/install/myagv_navigation2/share/myagv_navigation2/environment/ament_prefix_path.dsv
[2.699s] -- Up-to-date: /home/pi/ydlidar_ros2_ws/install/myagv_navigation2/share/myagv_navigation2/environment/path.sh
[2.700s] -- Up-to-date: /home/pi/ydlidar_ros2_ws/install/myagv_navigation2/share/myagv_navigation2/environment/path.dsv
[2.701s] -- Up-to-date: /home/pi/ydlidar_ros2_ws/install/myagv_navigation2/share/myagv_navigation2/local_setup.bash
[2.701s] -- Up-to-date: /home/pi/ydlidar_ros2_ws/install/myagv_navigation2/share/myagv_navigation2/local_setup.sh
[2.716s] -- Up-to-date: /home/pi/ydlidar_ros2_ws/install/myagv_navigation2/share/myagv_navigation2/local_setup.zsh
[2.717s] -- Up-to-date: /home/pi/ydlidar_ros2_ws/install/myagv_navigation2/share/myagv_navigation2/local_setup.dsv
[2.717s] -- Installing: /home/pi/ydlidar_ros2_ws/install/myagv_navigation2/share/myagv_navigation2/package.dsv
[2.718s] -- Up-to-date: /home/pi/ydlidar_ros2_ws/install/myagv_navigation2/share/ament_index/resource_index/packages/myagv_navigation2
[2.718s] -- Up-to-date: /home/pi/ydlidar_ros2_ws/install/myagv_navigation2/share/myagv_navigation2/cmake/myagv_navigation2Config.cmake
[2.719s] -- Up-to-date: /home/pi/ydlidar_ros2_ws/install/myagv_navigation2/share/myagv_navigation2/cmake/myagv_navigation2Config-version.cmake
[2.719s] -- Up-to-date: /home/pi/ydlidar_ros2_ws/install/myagv_navigation2/share/myagv_navigation2/package.xml
[2.720s] Invoked command in '/home/pi/ydlidar_ros2_ws/build/myagv_navigation2' returned '0': CMAKE_PREFIX_PATH=${CMAKE_PREFIX_PATH}:/home/pi/ydlidar_ros2_ws/install/nav2_gazebo_spawner:/home/pi/ydlidar_ros2_ws/install/jdamr200_teleop:/home/pi/ydlidar_ros2_ws/install/jdamr200_node:/opt/ros/foxy /usr/bin/cmake --install /home/pi/ydlidar_ros2_ws/build/myagv_navigation2
