[0.204s] Invoking command in '/home/pi/nav_ws/build/agv_navigation2': CMAKE_PREFIX_PATH=/opt/ros/foxy /usr/bin/cmake --build /home/pi/nav_ws/build/agv_navigation2 -- -j4 -l4
[0.538s] Invoked command in '/home/pi/nav_ws/build/agv_navigation2' returned '0': CMAKE_PREFIX_PATH=/opt/ros/foxy /usr/bin/cmake --build /home/pi/nav_ws/build/agv_navigation2 -- -j4 -l4
[0.785s] Invoking command in '/home/pi/nav_ws/build/agv_navigation2': CMAKE_PREFIX_PATH=/opt/ros/foxy /usr/bin/cmake --install /home/pi/nav_ws/build/agv_navigation2
[0.845s] -- Install configuration: ""
[0.850s] -- Up-to-date: /home/pi/nav_ws/install/agv_navigation2/share/agv_navigation2/launch
[0.851s] -- Up-to-date: /home/pi/nav_ws/install/agv_navigation2/share/agv_navigation2/launch/navigation2.launch.py
[0.852s] -- Up-to-date: /home/pi/nav_ws/install/agv_navigation2/share/agv_navigation2/launch/navigation2_rviz.launch.py
[0.853s] -- Up-to-date: /home/pi/nav_ws/install/agv_navigation2/share/agv_navigation2/map
[0.867s] -- Up-to-date: /home/pi/nav_ws/install/agv_navigation2/share/agv_navigation2/map/test7_map.yaml
[0.870s] -- Up-to-date: /home/pi/nav_ws/install/agv_navigation2/share/agv_navigation2/map/turtlebot3_world.pgm
[0.871s] -- Up-to-date: /home/pi/nav_ws/install/agv_navigation2/share/agv_navigation2/map/turtlebot3_world.yaml
[0.880s] -- Up-to-date: /home/pi/nav_ws/install/agv_navigation2/share/agv_navigation2/map/test7_map.pgm
[0.883s] -- Up-to-date: /home/pi/nav_ws/install/agv_navigation2/share/agv_navigation2/param
[0.884s] -- Up-to-date: /home/pi/nav_ws/install/agv_navigation2/share/agv_navigation2/param/follow_point_bt.xml
[0.886s] -- Up-to-date: /home/pi/nav_ws/install/agv_navigation2/share/agv_navigation2/param/agv.yaml
[0.887s] -- Up-to-date: /home/pi/nav_ws/install/agv_navigation2/share/agv_navigation2/rviz
[0.887s] -- Up-to-date: /home/pi/nav_ws/install/agv_navigation2/share/agv_navigation2/rviz/tb3_navigation2.rviz
[0.888s] -- Up-to-date: /home/pi/nav_ws/install/agv_navigation2/share/ament_index/resource_index/package_run_dependencies/agv_navigation2
[0.891s] -- Up-to-date: /home/pi/nav_ws/install/agv_navigation2/share/ament_index/resource_index/parent_prefix_path/agv_navigation2
[0.892s] -- Up-to-date: /home/pi/nav_ws/install/agv_navigation2/share/agv_navigation2/environment/ament_prefix_path.sh
[0.893s] -- Up-to-date: /home/pi/nav_ws/install/agv_navigation2/share/agv_navigation2/environment/ament_prefix_path.dsv
[0.893s] -- Up-to-date: /home/pi/nav_ws/install/agv_navigation2/share/agv_navigation2/environment/path.sh
[0.894s] -- Up-to-date: /home/pi/nav_ws/install/agv_navigation2/share/agv_navigation2/environment/path.dsv
[0.895s] -- Up-to-date: /home/pi/nav_ws/install/agv_navigation2/share/agv_navigation2/local_setup.bash
[0.896s] -- Up-to-date: /home/pi/nav_ws/install/agv_navigation2/share/agv_navigation2/local_setup.sh
[0.897s] -- Up-to-date: /home/pi/nav_ws/install/agv_navigation2/share/agv_navigation2/local_setup.zsh
[0.899s] -- Up-to-date: /home/pi/nav_ws/install/agv_navigation2/share/agv_navigation2/local_setup.dsv
[0.900s] -- Installing: /home/pi/nav_ws/install/agv_navigation2/share/agv_navigation2/package.dsv
[0.901s] -- Up-to-date: /home/pi/nav_ws/install/agv_navigation2/share/ament_index/resource_index/packages/agv_navigation2
[0.919s] -- Up-to-date: /home/pi/nav_ws/install/agv_navigation2/share/agv_navigation2/cmake/agv_navigation2Config.cmake
[0.927s] -- Up-to-date: /home/pi/nav_ws/install/agv_navigation2/share/agv_navigation2/cmake/agv_navigation2Config-version.cmake
[0.928s] -- Up-to-date: /home/pi/nav_ws/install/agv_navigation2/share/agv_navigation2/package.xml
[0.932s] Invoked command in '/home/pi/nav_ws/build/agv_navigation2' returned '0': CMAKE_PREFIX_PATH=/opt/ros/foxy /usr/bin/cmake --install /home/pi/nav_ws/build/agv_navigation2
