[2.994s] Invoking command in '/home/pi/finalagv_ros2_ws/src/agv': PYTHONPATH=/home/pi/finalagv_ros2_ws/build/agv/prefix_override:/usr/lib/python3/dist-packages/colcon_core/task/python/colcon_distutils_commands:/home/pi/finalagv_ros2_ws/install/agv/lib/python3.8/site-packages:${PYTHONPATH} /usr/bin/python3 -W ignore:setup.py install is deprecated setup.py egg_info --egg-base ../../build/agv build --build-base /home/pi/finalagv_ros2_ws/build/agv/build install --record /home/pi/finalagv_ros2_ws/build/agv/install.log --install-scripts $base/lib/agv --single-version-externally-managed install_data
[3.917s] running egg_info
[3.919s] writing ../../build/agv/agv.egg-info/PKG-INFO
[3.922s] writing dependency_links to ../../build/agv/agv.egg-info/dependency_links.txt
[3.923s] writing entry points to ../../build/agv/agv.egg-info/entry_points.txt
[3.924s] writing requirements to ../../build/agv/agv.egg-info/requires.txt
[3.925s] writing top-level names to ../../build/agv/agv.egg-info/top_level.txt
[4.063s] reading manifest file '../../build/agv/agv.egg-info/SOURCES.txt'
[4.068s] writing manifest file '../../build/agv/agv.egg-info/SOURCES.txt'
[4.069s] running build
[4.069s] running build_py
[4.074s] copying agv/pub4.py -> /home/pi/finalagv_ros2_ws/build/agv/build/lib/agv
[4.076s] running install
[4.079s] running install_lib
[4.086s] copying /home/pi/finalagv_ros2_ws/build/agv/build/lib/agv/pub4.py -> /home/pi/finalagv_ros2_ws/install/agv/lib/python3.8/site-packages/agv
[4.090s] byte-compiling /home/pi/finalagv_ros2_ws/install/agv/lib/python3.8/site-packages/agv/pub4.py to pub4.cpython-38.pyc
[4.099s] running install_data
[4.105s] running install_egg_info
[4.112s] removing '/home/pi/finalagv_ros2_ws/install/agv/lib/python3.8/site-packages/agv-0.0.0-py3.8.egg-info' (and everything under it)
[4.115s] Copying ../../build/agv/agv.egg-info to /home/pi/finalagv_ros2_ws/install/agv/lib/python3.8/site-packages/agv-0.0.0-py3.8.egg-info
[4.123s] running install_scripts
[4.187s] Installing pub script to /home/pi/finalagv_ros2_ws/install/agv/lib/agv
[4.188s] Installing pub2 script to /home/pi/finalagv_ros2_ws/install/agv/lib/agv
[4.189s] Installing pub4 script to /home/pi/finalagv_ros2_ws/install/agv/lib/agv
[4.190s] Installing return script to /home/pi/finalagv_ros2_ws/install/agv/lib/agv
[4.191s] Installing sub script to /home/pi/finalagv_ros2_ws/install/agv/lib/agv
[4.192s] Installing sub2 script to /home/pi/finalagv_ros2_ws/install/agv/lib/agv
[4.193s] Installing tel script to /home/pi/finalagv_ros2_ws/install/agv/lib/agv
[4.193s] Installing udp script to /home/pi/finalagv_ros2_ws/install/agv/lib/agv
[4.196s] writing list of installed files to '/home/pi/finalagv_ros2_ws/build/agv/install.log'
[4.302s] Invoked command in '/home/pi/finalagv_ros2_ws/src/agv' returned '0': PYTHONPATH=/home/pi/finalagv_ros2_ws/build/agv/prefix_override:/usr/lib/python3/dist-packages/colcon_core/task/python/colcon_distutils_commands:/home/pi/finalagv_ros2_ws/install/agv/lib/python3.8/site-packages:${PYTHONPATH} /usr/bin/python3 -W ignore:setup.py install is deprecated setup.py egg_info --egg-base ../../build/agv build --build-base /home/pi/finalagv_ros2_ws/build/agv/build install --record /home/pi/finalagv_ros2_ws/build/agv/install.log --install-scripts $base/lib/agv --single-version-externally-managed install_data
