[0.188s] Invoking command in '/home/pi/nav_ws/build/agv_interfaces': CMAKE_PREFIX_PATH=${CMAKE_PREFIX_PATH}:/home/pi/nav_ws/install/agv_bringup:/opt/ros/foxy /usr/bin/cmake --build /home/pi/nav_ws/build/agv_interfaces -- -j4 -l4
[0.516s] [  1%] Built target agv_interfaces__cpp
[0.551s] [ 12%] Built target agv_interfaces__rosidl_generator_c
[0.730s] [ 23%] Built target agv_interfaces__rosidl_typesupport_introspection_cpp
[0.797s] [ 35%] Built target agv_interfaces__rosidl_typesupport_introspection_c
[0.798s] [ 46%] Built target agv_interfaces__rosidl_typesupport_cpp
[0.836s] [ 57%] Built target agv_interfaces__rosidl_typesupport_fastrtps_cpp
[0.898s] [ 69%] Built target agv_interfaces__rosidl_typesupport_c
[1.008s] [ 80%] Built target agv_interfaces__rosidl_typesupport_fastrtps_c
[1.116s] [ 80%] Built target agv_interfaces
[1.242s] [ 81%] Built target agv_interfaces__py
[1.427s] [ 91%] Built target agv_interfaces__python
[1.633s] [ 94%] Built target agv_interfaces__rosidl_typesupport_fastrtps_c__pyext
[1.668s] [ 97%] Built target agv_interfaces__rosidl_typesupport_c__pyext
[1.676s] [100%] Built target agv_interfaces__rosidl_typesupport_introspection_c__pyext
[1.752s] Invoked command in '/home/pi/nav_ws/build/agv_interfaces' returned '0': CMAKE_PREFIX_PATH=${CMAKE_PREFIX_PATH}:/home/pi/nav_ws/install/agv_bringup:/opt/ros/foxy /usr/bin/cmake --build /home/pi/nav_ws/build/agv_interfaces -- -j4 -l4
[2.959s] Invoking command in '/home/pi/nav_ws/build/agv_interfaces': CMAKE_PREFIX_PATH=${CMAKE_PREFIX_PATH}:/home/pi/nav_ws/install/agv_bringup:/opt/ros/foxy /usr/bin/cmake --install /home/pi/nav_ws/build/agv_interfaces
[3.012s] -- Install configuration: ""
[3.013s] -- Up-to-date: /home/pi/nav_ws/install/agv_interfaces/share/ament_index/resource_index/rosidl_interfaces/agv_interfaces
[3.014s] -- Up-to-date: /home/pi/nav_ws/install/agv_interfaces/include/agv_interfaces
[3.015s] -- Up-to-date: /home/pi/nav_ws/install/agv_interfaces/include/agv_interfaces/msg
[3.015s] -- Up-to-date: /home/pi/nav_ws/install/agv_interfaces/include/agv_interfaces/msg/rosidl_generator_c__visibility_control.h
[3.017s] -- Up-to-date: /home/pi/nav_ws/install/agv_interfaces/include/agv_interfaces/srv
[3.019s] -- Up-to-date: /home/pi/nav_ws/install/agv_interfaces/include/agv_interfaces/srv/color.h
[3.021s] -- Up-to-date: /home/pi/nav_ws/install/agv_interfaces/include/agv_interfaces/srv/onoff.h
[3.030s] -- Up-to-date: /home/pi/nav_ws/install/agv_interfaces/include/agv_interfaces/srv/detail
[3.031s] -- Up-to-date: /home/pi/nav_ws/install/agv_interfaces/include/agv_interfaces/srv/detail/save_color__struct.h
[3.032s] -- Up-to-date: /home/pi/nav_ws/install/agv_interfaces/include/agv_interfaces/srv/detail/battery__struct.h
[3.032s] -- Up-to-date: /home/pi/nav_ws/install/agv_interfaces/include/agv_interfaces/srv/detail/onoff__functions.h
[3.032s] -- Up-to-date: /home/pi/nav_ws/install/agv_interfaces/include/agv_interfaces/srv/detail/onoff__functions.c
[3.033s] -- Up-to-date: /home/pi/nav_ws/install/agv_interfaces/include/agv_interfaces/srv/detail/battery__type_support.h
[3.034s] -- Up-to-date: /home/pi/nav_ws/install/agv_interfaces/include/agv_interfaces/srv/detail/color__type_support.h
[3.034s] -- Up-to-date: /home/pi/nav_ws/install/agv_interfaces/include/agv_interfaces/srv/detail/reset_odom__functions.h
[3.035s] -- Up-to-date: /home/pi/nav_ws/install/agv_interfaces/include/agv_interfaces/srv/detail/reset_odom__functions.c
[3.035s] -- Up-to-date: /home/pi/nav_ws/install/agv_interfaces/include/agv_interfaces/srv/detail/save_color__functions.h
[3.035s] -- Up-to-date: /home/pi/nav_ws/install/agv_interfaces/include/agv_interfaces/srv/detail/reset_odom__type_support.h
[3.036s] -- Up-to-date: /home/pi/nav_ws/install/agv_interfaces/include/agv_interfaces/srv/detail/calg__functions.c
[3.036s] -- Up-to-date: /home/pi/nav_ws/install/agv_interfaces/include/agv_interfaces/srv/detail/battery__functions.h
[3.037s] -- Up-to-date: /home/pi/nav_ws/install/agv_interfaces/include/agv_interfaces/srv/detail/battery__functions.c
[3.037s] -- Up-to-date: /home/pi/nav_ws/install/agv_interfaces/include/agv_interfaces/srv/detail/calg__functions.h
[3.038s] -- Up-to-date: /home/pi/nav_ws/install/agv_interfaces/include/agv_interfaces/srv/detail/onoff__type_support.h
[3.038s] -- Up-to-date: /home/pi/nav_ws/install/agv_interfaces/include/agv_interfaces/srv/detail/save_color__type_support.h
[3.039s] -- Up-to-date: /home/pi/nav_ws/install/agv_interfaces/include/agv_interfaces/srv/detail/calg__type_support.h
[3.039s] -- Up-to-date: /home/pi/nav_ws/install/agv_interfaces/include/agv_interfaces/srv/detail/color__struct.h
[3.040s] -- Up-to-date: /home/pi/nav_ws/install/agv_interfaces/include/agv_interfaces/srv/detail/color__functions.h
[3.040s] -- Up-to-date: /home/pi/nav_ws/install/agv_interfaces/include/agv_interfaces/srv/detail/reset_odom__struct.h
[3.040s] -- Up-to-date: /home/pi/nav_ws/install/agv_interfaces/include/agv_interfaces/srv/detail/save_color__functions.c
[3.041s] -- Up-to-date: /home/pi/nav_ws/install/agv_interfaces/include/agv_interfaces/srv/detail/color__functions.c
[3.041s] -- Up-to-date: /home/pi/nav_ws/install/agv_interfaces/include/agv_interfaces/srv/detail/onoff__struct.h
[3.042s] -- Up-to-date: /home/pi/nav_ws/install/agv_interfaces/include/agv_interfaces/srv/detail/calg__struct.h
[3.042s] -- Up-to-date: /home/pi/nav_ws/install/agv_interfaces/include/agv_interfaces/srv/reset_odom.h
[3.043s] -- Up-to-date: /home/pi/nav_ws/install/agv_interfaces/include/agv_interfaces/srv/battery.h
[3.044s] -- Up-to-date: /home/pi/nav_ws/install/agv_interfaces/include/agv_interfaces/srv/calg.h
[3.045s] -- Up-to-date: /home/pi/nav_ws/install/agv_interfaces/include/agv_interfaces/srv/save_color.h
[3.046s] -- Up-to-date: /home/pi/nav_ws/install/agv_interfaces/share/agv_interfaces/environment/library_path.sh
[3.047s] -- Up-to-date: /home/pi/nav_ws/install/agv_interfaces/share/agv_interfaces/environment/library_path.dsv
[3.048s] -- Up-to-date: /home/pi/nav_ws/install/agv_interfaces/lib/libagv_interfaces__rosidl_generator_c.so
[3.049s] -- Up-to-date: /home/pi/nav_ws/install/agv_interfaces/include/agv_interfaces
[3.049s] -- Up-to-date: /home/pi/nav_ws/install/agv_interfaces/include/agv_interfaces/msg
[3.050s] -- Up-to-date: /home/pi/nav_ws/install/agv_interfaces/include/agv_interfaces/msg/rosidl_typesupport_fastrtps_c__visibility_control.h
[3.051s] -- Up-to-date: /home/pi/nav_ws/install/agv_interfaces/include/agv_interfaces/srv
[3.051s] -- Up-to-date: /home/pi/nav_ws/install/agv_interfaces/include/agv_interfaces/srv/detail
[3.052s] -- Up-to-date: /home/pi/nav_ws/install/agv_interfaces/include/agv_interfaces/srv/detail/calg__rosidl_typesupport_fastrtps_c.h
[3.053s] -- Up-to-date: /home/pi/nav_ws/install/agv_interfaces/include/agv_interfaces/srv/detail/battery__rosidl_typesupport_fastrtps_c.h
[3.053s] -- Up-to-date: /home/pi/nav_ws/install/agv_interfaces/include/agv_interfaces/srv/detail/color__rosidl_typesupport_fastrtps_c.h
[3.054s] -- Up-to-date: /home/pi/nav_ws/install/agv_interfaces/include/agv_interfaces/srv/detail/onoff__rosidl_typesupport_fastrtps_c.h
[3.055s] -- Up-to-date: /home/pi/nav_ws/install/agv_interfaces/include/agv_interfaces/srv/detail/save_color__rosidl_typesupport_fastrtps_c.h
[3.056s] -- Up-to-date: /home/pi/nav_ws/install/agv_interfaces/include/agv_interfaces/srv/detail/reset_odom__rosidl_typesupport_fastrtps_c.h
[3.057s] -- Up-to-date: /home/pi/nav_ws/install/agv_interfaces/lib/libagv_interfaces__rosidl_typesupport_fastrtps_c.so
[3.058s] -- Up-to-date: /home/pi/nav_ws/install/agv_interfaces/include/agv_interfaces
[3.059s] -- Up-to-date: /home/pi/nav_ws/install/agv_interfaces/include/agv_interfaces/msg
[3.060s] -- Up-to-date: /home/pi/nav_ws/install/agv_interfaces/include/agv_interfaces/msg/rosidl_typesupport_fastrtps_cpp__visibility_control.h
[3.061s] -- Up-to-date: /home/pi/nav_ws/install/agv_interfaces/include/agv_interfaces/srv
[3.062s] -- Up-to-date: /home/pi/nav_ws/install/agv_interfaces/include/agv_interfaces/srv/detail
[3.064s] -- Up-to-date: /home/pi/nav_ws/install/agv_interfaces/include/agv_interfaces/srv/detail/dds_fastrtps
[3.064s] -- Up-to-date: /home/pi/nav_ws/install/agv_interfaces/include/agv_interfaces/srv/detail/onoff__rosidl_typesupport_fastrtps_cpp.hpp
[3.065s] -- Up-to-date: /home/pi/nav_ws/install/agv_interfaces/include/agv_interfaces/srv/detail/color__rosidl_typesupport_fastrtps_cpp.hpp
[3.066s] -- Up-to-date: /home/pi/nav_ws/install/agv_interfaces/include/agv_interfaces/srv/detail/calg__rosidl_typesupport_fastrtps_cpp.hpp
[3.067s] -- Up-to-date: /home/pi/nav_ws/install/agv_interfaces/include/agv_interfaces/srv/detail/reset_odom__rosidl_typesupport_fastrtps_cpp.hpp
[3.068s] -- Up-to-date: /home/pi/nav_ws/install/agv_interfaces/include/agv_interfaces/srv/detail/battery__rosidl_typesupport_fastrtps_cpp.hpp
[3.069s] -- Up-to-date: /home/pi/nav_ws/install/agv_interfaces/include/agv_interfaces/srv/detail/save_color__rosidl_typesupport_fastrtps_cpp.hpp
[3.070s] -- Up-to-date: /home/pi/nav_ws/install/agv_interfaces/lib/libagv_interfaces__rosidl_typesupport_fastrtps_cpp.so
[3.070s] -- Up-to-date: /home/pi/nav_ws/install/agv_interfaces/include/agv_interfaces
[3.071s] -- Up-to-date: /home/pi/nav_ws/install/agv_interfaces/include/agv_interfaces/msg
[3.072s] -- Up-to-date: /home/pi/nav_ws/install/agv_interfaces/include/agv_interfaces/msg/rosidl_typesupport_introspection_c__visibility_control.h
[3.072s] -- Up-to-date: /home/pi/nav_ws/install/agv_interfaces/include/agv_interfaces/srv
[3.073s] -- Up-to-date: /home/pi/nav_ws/install/agv_interfaces/include/agv_interfaces/srv/detail
[3.073s] -- Up-to-date: /home/pi/nav_ws/install/agv_interfaces/include/agv_interfaces/srv/detail/onoff__rosidl_typesupport_introspection_c.h
[3.074s] -- Up-to-date: /home/pi/nav_ws/install/agv_interfaces/include/agv_interfaces/srv/detail/reset_odom__type_support.c
[3.075s] -- Up-to-date: /home/pi/nav_ws/install/agv_interfaces/include/agv_interfaces/srv/detail/battery__type_support.c
[3.076s] -- Up-to-date: /home/pi/nav_ws/install/agv_interfaces/include/agv_interfaces/srv/detail/calg__type_support.c
[3.077s] -- Up-to-date: /home/pi/nav_ws/install/agv_interfaces/include/agv_interfaces/srv/detail/save_color__rosidl_typesupport_introspection_c.h
[3.077s] -- Up-to-date: /home/pi/nav_ws/install/agv_interfaces/include/agv_interfaces/srv/detail/calg__rosidl_typesupport_introspection_c.h
[3.078s] -- Up-to-date: /home/pi/nav_ws/install/agv_interfaces/include/agv_interfaces/srv/detail/save_color__type_support.c
[3.079s] -- Up-to-date: /home/pi/nav_ws/install/agv_interfaces/include/agv_interfaces/srv/detail/reset_odom__rosidl_typesupport_introspection_c.h
[3.079s] -- Up-to-date: /home/pi/nav_ws/install/agv_interfaces/include/agv_interfaces/srv/detail/onoff__type_support.c
[3.080s] -- Up-to-date: /home/pi/nav_ws/install/agv_interfaces/include/agv_interfaces/srv/detail/color__type_support.c
[3.080s] -- Up-to-date: /home/pi/nav_ws/install/agv_interfaces/include/agv_interfaces/srv/detail/battery__rosidl_typesupport_introspection_c.h
[3.081s] -- Up-to-date: /home/pi/nav_ws/install/agv_interfaces/include/agv_interfaces/srv/detail/color__rosidl_typesupport_introspection_c.h
[3.081s] -- Up-to-date: /home/pi/nav_ws/install/agv_interfaces/lib/libagv_interfaces__rosidl_typesupport_introspection_c.so
[3.082s] -- Up-to-date: /home/pi/nav_ws/install/agv_interfaces/lib/libagv_interfaces__rosidl_typesupport_c.so
[3.083s] -- Up-to-date: /home/pi/nav_ws/install/agv_interfaces/include/agv_interfaces
[3.083s] -- Up-to-date: /home/pi/nav_ws/install/agv_interfaces/include/agv_interfaces/msg
[3.084s] -- Up-to-date: /home/pi/nav_ws/install/agv_interfaces/include/agv_interfaces/msg/rosidl_generator_cpp__visibility_control.hpp
[3.084s] -- Up-to-date: /home/pi/nav_ws/install/agv_interfaces/include/agv_interfaces/srv
[3.085s] -- Up-to-date: /home/pi/nav_ws/install/agv_interfaces/include/agv_interfaces/srv/color.hpp
[3.085s] -- Up-to-date: /home/pi/nav_ws/install/agv_interfaces/include/agv_interfaces/srv/save_color.hpp
[3.086s] -- Up-to-date: /home/pi/nav_ws/install/agv_interfaces/include/agv_interfaces/srv/battery.hpp
[3.087s] -- Up-to-date: /home/pi/nav_ws/install/agv_interfaces/include/agv_interfaces/srv/detail
[3.087s] -- Up-to-date: /home/pi/nav_ws/install/agv_interfaces/include/agv_interfaces/srv/detail/battery__traits.hpp
[3.088s] -- Up-to-date: /home/pi/nav_ws/install/agv_interfaces/include/agv_interfaces/srv/detail/calg__traits.hpp
[3.089s] -- Up-to-date: /home/pi/nav_ws/install/agv_interfaces/include/agv_interfaces/srv/detail/save_color__type_support.hpp
[3.089s] -- Up-to-date: /home/pi/nav_ws/install/agv_interfaces/include/agv_interfaces/srv/detail/battery__builder.hpp
[3.090s] -- Up-to-date: /home/pi/nav_ws/install/agv_interfaces/include/agv_interfaces/srv/detail/onoff__type_support.hpp
[3.091s] -- Up-to-date: /home/pi/nav_ws/install/agv_interfaces/include/agv_interfaces/srv/detail/calg__type_support.hpp
[3.092s] -- Up-to-date: /home/pi/nav_ws/install/agv_interfaces/include/agv_interfaces/srv/detail/onoff__builder.hpp
[3.092s] -- Up-to-date: /home/pi/nav_ws/install/agv_interfaces/include/agv_interfaces/srv/detail/reset_odom__struct.hpp
[3.093s] -- Up-to-date: /home/pi/nav_ws/install/agv_interfaces/include/agv_interfaces/srv/detail/reset_odom__type_support.hpp
[3.094s] -- Up-to-date: /home/pi/nav_ws/install/agv_interfaces/include/agv_interfaces/srv/detail/color__traits.hpp
[3.095s] -- Up-to-date: /home/pi/nav_ws/install/agv_interfaces/include/agv_interfaces/srv/detail/color__type_support.hpp
[3.095s] -- Up-to-date: /home/pi/nav_ws/install/agv_interfaces/include/agv_interfaces/srv/detail/onoff__traits.hpp
[3.096s] -- Up-to-date: /home/pi/nav_ws/install/agv_interfaces/include/agv_interfaces/srv/detail/save_color__traits.hpp
[3.097s] -- Up-to-date: /home/pi/nav_ws/install/agv_interfaces/include/agv_interfaces/srv/detail/calg__builder.hpp
[3.098s] -- Up-to-date: /home/pi/nav_ws/install/agv_interfaces/include/agv_interfaces/srv/detail/reset_odom__traits.hpp
[3.099s] -- Up-to-date: /home/pi/nav_ws/install/agv_interfaces/include/agv_interfaces/srv/detail/calg__struct.hpp
[3.099s] -- Up-to-date: /home/pi/nav_ws/install/agv_interfaces/include/agv_interfaces/srv/detail/battery__struct.hpp
[3.100s] -- Up-to-date: /home/pi/nav_ws/install/agv_interfaces/include/agv_interfaces/srv/detail/color__struct.hpp
[3.101s] -- Up-to-date: /home/pi/nav_ws/install/agv_interfaces/include/agv_interfaces/srv/detail/reset_odom__builder.hpp
[3.101s] -- Up-to-date: /home/pi/nav_ws/install/agv_interfaces/include/agv_interfaces/srv/detail/save_color__struct.hpp
[3.102s] -- Up-to-date: /home/pi/nav_ws/install/agv_interfaces/include/agv_interfaces/srv/detail/color__builder.hpp
[3.103s] -- Up-to-date: /home/pi/nav_ws/install/agv_interfaces/include/agv_interfaces/srv/detail/onoff__struct.hpp
[3.103s] -- Up-to-date: /home/pi/nav_ws/install/agv_interfaces/include/agv_interfaces/srv/detail/battery__type_support.hpp
[3.104s] -- Up-to-date: /home/pi/nav_ws/install/agv_interfaces/include/agv_interfaces/srv/detail/save_color__builder.hpp
[3.105s] -- Up-to-date: /home/pi/nav_ws/install/agv_interfaces/include/agv_interfaces/srv/reset_odom.hpp
[3.105s] -- Up-to-date: /home/pi/nav_ws/install/agv_interfaces/include/agv_interfaces/srv/onoff.hpp
[3.106s] -- Up-to-date: /home/pi/nav_ws/install/agv_interfaces/include/agv_interfaces/srv/calg.hpp
[3.107s] -- Up-to-date: /home/pi/nav_ws/install/agv_interfaces/include/agv_interfaces
[3.108s] -- Up-to-date: /home/pi/nav_ws/install/agv_interfaces/include/agv_interfaces/srv
[3.109s] -- Up-to-date: /home/pi/nav_ws/install/agv_interfaces/include/agv_interfaces/srv/detail
[3.111s] -- Up-to-date: /home/pi/nav_ws/install/agv_interfaces/include/agv_interfaces/srv/detail/save_color__rosidl_typesupport_introspection_cpp.hpp
[3.112s] -- Up-to-date: /home/pi/nav_ws/install/agv_interfaces/include/agv_interfaces/srv/detail/calg__type_support.cpp
[3.112s] -- Up-to-date: /home/pi/nav_ws/install/agv_interfaces/include/agv_interfaces/srv/detail/battery__type_support.cpp
[3.113s] -- Up-to-date: /home/pi/nav_ws/install/agv_interfaces/include/agv_interfaces/srv/detail/reset_odom__rosidl_typesupport_introspection_cpp.hpp
[3.115s] -- Up-to-date: /home/pi/nav_ws/install/agv_interfaces/include/agv_interfaces/srv/detail/onoff__rosidl_typesupport_introspection_cpp.hpp
[3.116s] -- Up-to-date: /home/pi/nav_ws/install/agv_interfaces/include/agv_interfaces/srv/detail/save_color__type_support.cpp
[3.118s] -- Up-to-date: /home/pi/nav_ws/install/agv_interfaces/include/agv_interfaces/srv/detail/color__rosidl_typesupport_introspection_cpp.hpp
[3.118s] -- Up-to-date: /home/pi/nav_ws/install/agv_interfaces/include/agv_interfaces/srv/detail/battery__rosidl_typesupport_introspection_cpp.hpp
[3.119s] -- Up-to-date: /home/pi/nav_ws/install/agv_interfaces/include/agv_interfaces/srv/detail/calg__rosidl_typesupport_introspection_cpp.hpp
[3.120s] -- Up-to-date: /home/pi/nav_ws/install/agv_interfaces/include/agv_interfaces/srv/detail/onoff__type_support.cpp
[3.121s] -- Up-to-date: /home/pi/nav_ws/install/agv_interfaces/include/agv_interfaces/srv/detail/reset_odom__type_support.cpp
[3.122s] -- Up-to-date: /home/pi/nav_ws/install/agv_interfaces/include/agv_interfaces/srv/detail/color__type_support.cpp
[3.122s] -- Up-to-date: /home/pi/nav_ws/install/agv_interfaces/lib/libagv_interfaces__rosidl_typesupport_introspection_cpp.so
[3.123s] -- Up-to-date: /home/pi/nav_ws/install/agv_interfaces/lib/libagv_interfaces__rosidl_typesupport_cpp.so
[3.124s] -- Up-to-date: /home/pi/nav_ws/install/agv_interfaces/share/agv_interfaces/environment/pythonpath.sh
[3.124s] -- Up-to-date: /home/pi/nav_ws/install/agv_interfaces/share/agv_interfaces/environment/pythonpath.dsv
[3.126s] -- Up-to-date: /home/pi/nav_ws/install/agv_interfaces/lib/python3.8/site-packages/agv_interfaces/__init__.py
[3.314s] -- Up-to-date: /home/pi/nav_ws/install/agv_interfaces/lib/python3.8/site-packages/agv_interfaces/srv
[3.316s] -- Up-to-date: /home/pi/nav_ws/install/agv_interfaces/lib/python3.8/site-packages/agv_interfaces/srv/_onoff_s.c
[3.317s] -- Up-to-date: /home/pi/nav_ws/install/agv_interfaces/lib/python3.8/site-packages/agv_interfaces/srv/_reset_odom_s.c
[3.317s] -- Up-to-date: /home/pi/nav_ws/install/agv_interfaces/lib/python3.8/site-packages/agv_interfaces/srv/_calg_s.c
[3.322s] -- Up-to-date: /home/pi/nav_ws/install/agv_interfaces/lib/python3.8/site-packages/agv_interfaces/srv/_reset_odom.py
[3.323s] -- Up-to-date: /home/pi/nav_ws/install/agv_interfaces/lib/python3.8/site-packages/agv_interfaces/srv/_save_color_s.c
[3.326s] -- Up-to-date: /home/pi/nav_ws/install/agv_interfaces/lib/python3.8/site-packages/agv_interfaces/srv/_color.py
[3.328s] -- Up-to-date: /home/pi/nav_ws/install/agv_interfaces/lib/python3.8/site-packages/agv_interfaces/srv/_battery.py
[3.329s] -- Up-to-date: /home/pi/nav_ws/install/agv_interfaces/lib/python3.8/site-packages/agv_interfaces/srv/_color_s.c
[3.330s] -- Up-to-date: /home/pi/nav_ws/install/agv_interfaces/lib/python3.8/site-packages/agv_interfaces/srv/_onoff.py
[3.335s] -- Up-to-date: /home/pi/nav_ws/install/agv_interfaces/lib/python3.8/site-packages/agv_interfaces/srv/_battery_s.c
[3.337s] -- Up-to-date: /home/pi/nav_ws/install/agv_interfaces/lib/python3.8/site-packages/agv_interfaces/srv/_calg.py
[3.338s] -- Up-to-date: /home/pi/nav_ws/install/agv_interfaces/lib/python3.8/site-packages/agv_interfaces/srv/_save_color.py
[3.338s] -- Up-to-date: /home/pi/nav_ws/install/agv_interfaces/lib/python3.8/site-packages/agv_interfaces/srv/__init__.py
[3.339s] -- Up-to-date: /home/pi/nav_ws/install/agv_interfaces/lib/python3.8/site-packages/agv_interfaces/agv_interfaces_s__rosidl_typesupport_fastrtps_c.cpython-38-aarch64-linux-gnu.so
[3.340s] -- Up-to-date: /home/pi/nav_ws/install/agv_interfaces/lib/python3.8/site-packages/agv_interfaces/agv_interfaces_s__rosidl_typesupport_introspection_c.cpython-38-aarch64-linux-gnu.so
[3.340s] -- Up-to-date: /home/pi/nav_ws/install/agv_interfaces/lib/python3.8/site-packages/agv_interfaces/agv_interfaces_s__rosidl_typesupport_c.cpython-38-aarch64-linux-gnu.so
[3.341s] -- Up-to-date: /home/pi/nav_ws/install/agv_interfaces/lib/libagv_interfaces__python.so
[3.341s] -- Up-to-date: /home/pi/nav_ws/install/agv_interfaces/share/agv_interfaces/srv/Battery.idl
[3.342s] -- Up-to-date: /home/pi/nav_ws/install/agv_interfaces/share/agv_interfaces/srv/Calg.idl
[3.343s] -- Up-to-date: /home/pi/nav_ws/install/agv_interfaces/share/agv_interfaces/srv/Color.idl
[3.344s] -- Up-to-date: /home/pi/nav_ws/install/agv_interfaces/share/agv_interfaces/srv/Onoff.idl
[3.345s] -- Up-to-date: /home/pi/nav_ws/install/agv_interfaces/share/agv_interfaces/srv/ResetOdom.idl
[3.346s] -- Up-to-date: /home/pi/nav_ws/install/agv_interfaces/share/agv_interfaces/srv/SaveColor.idl
[3.351s] -- Up-to-date: /home/pi/nav_ws/install/agv_interfaces/share/agv_interfaces/srv/Battery.srv
[3.353s] -- Up-to-date: /home/pi/nav_ws/install/agv_interfaces/share/agv_interfaces/srv/Battery_Request.msg
[3.354s] -- Up-to-date: /home/pi/nav_ws/install/agv_interfaces/share/agv_interfaces/srv/Battery_Response.msg
[3.357s] -- Up-to-date: /home/pi/nav_ws/install/agv_interfaces/share/agv_interfaces/srv/Calg.srv
[3.357s] -- Up-to-date: /home/pi/nav_ws/install/agv_interfaces/share/agv_interfaces/srv/Calg_Request.msg
[3.360s] -- Up-to-date: /home/pi/nav_ws/install/agv_interfaces/share/agv_interfaces/srv/Calg_Response.msg
[3.362s] -- Up-to-date: /home/pi/nav_ws/install/agv_interfaces/share/agv_interfaces/srv/Color.srv
[3.363s] -- Up-to-date: /home/pi/nav_ws/install/agv_interfaces/share/agv_interfaces/srv/Color_Request.msg
[3.368s] -- Up-to-date: /home/pi/nav_ws/install/agv_interfaces/share/agv_interfaces/srv/Color_Response.msg
[3.370s] -- Up-to-date: /home/pi/nav_ws/install/agv_interfaces/share/agv_interfaces/srv/Onoff.srv
[3.379s] -- Up-to-date: /home/pi/nav_ws/install/agv_interfaces/share/agv_interfaces/srv/Onoff_Request.msg
[3.394s] -- Up-to-date: /home/pi/nav_ws/install/agv_interfaces/share/agv_interfaces/srv/Onoff_Response.msg
[3.395s] -- Up-to-date: /home/pi/nav_ws/install/agv_interfaces/share/agv_interfaces/srv/ResetOdom.srv
[3.395s] -- Up-to-date: /home/pi/nav_ws/install/agv_interfaces/share/agv_interfaces/srv/ResetOdom_Request.msg
[3.396s] -- Up-to-date: /home/pi/nav_ws/install/agv_interfaces/share/agv_interfaces/srv/ResetOdom_Response.msg
[3.396s] -- Up-to-date: /home/pi/nav_ws/install/agv_interfaces/share/agv_interfaces/srv/SaveColor.srv
[3.397s] -- Up-to-date: /home/pi/nav_ws/install/agv_interfaces/share/agv_interfaces/srv/SaveColor_Request.msg
[3.397s] -- Up-to-date: /home/pi/nav_ws/install/agv_interfaces/share/agv_interfaces/srv/SaveColor_Response.msg
[3.398s] -- Up-to-date: /home/pi/nav_ws/install/agv_interfaces/share/ament_index/resource_index/package_run_dependencies/agv_interfaces
[3.399s] -- Up-to-date: /home/pi/nav_ws/install/agv_interfaces/share/ament_index/resource_index/parent_prefix_path/agv_interfaces
[3.400s] -- Up-to-date: /home/pi/nav_ws/install/agv_interfaces/share/agv_interfaces/environment/ament_prefix_path.sh
[3.401s] -- Up-to-date: /home/pi/nav_ws/install/agv_interfaces/share/agv_interfaces/environment/ament_prefix_path.dsv
[3.401s] -- Up-to-date: /home/pi/nav_ws/install/agv_interfaces/share/agv_interfaces/environment/path.sh
[3.402s] -- Up-to-date: /home/pi/nav_ws/install/agv_interfaces/share/agv_interfaces/environment/path.dsv
[3.403s] -- Up-to-date: /home/pi/nav_ws/install/agv_interfaces/share/agv_interfaces/local_setup.bash
[3.404s] -- Up-to-date: /home/pi/nav_ws/install/agv_interfaces/share/agv_interfaces/local_setup.sh
[3.404s] -- Up-to-date: /home/pi/nav_ws/install/agv_interfaces/share/agv_interfaces/local_setup.zsh
[3.405s] -- Up-to-date: /home/pi/nav_ws/install/agv_interfaces/share/agv_interfaces/local_setup.dsv
[3.405s] -- Installing: /home/pi/nav_ws/install/agv_interfaces/share/agv_interfaces/package.dsv
[3.406s] -- Up-to-date: /home/pi/nav_ws/install/agv_interfaces/share/ament_index/resource_index/packages/agv_interfaces
[3.407s] -- Up-to-date: /home/pi/nav_ws/install/agv_interfaces/share/agv_interfaces/cmake/agv_interfaces__rosidl_generator_cExport.cmake
[3.408s] -- Up-to-date: /home/pi/nav_ws/install/agv_interfaces/share/agv_interfaces/cmake/agv_interfaces__rosidl_generator_cExport-noconfig.cmake
[3.408s] -- Up-to-date: /home/pi/nav_ws/install/agv_interfaces/share/agv_interfaces/cmake/agv_interfaces__rosidl_typesupport_introspection_cExport.cmake
[3.409s] -- Up-to-date: /home/pi/nav_ws/install/agv_interfaces/share/agv_interfaces/cmake/agv_interfaces__rosidl_typesupport_introspection_cExport-noconfig.cmake
[3.410s] -- Up-to-date: /home/pi/nav_ws/install/agv_interfaces/share/agv_interfaces/cmake/agv_interfaces__rosidl_typesupport_cExport.cmake
[3.410s] -- Up-to-date: /home/pi/nav_ws/install/agv_interfaces/share/agv_interfaces/cmake/agv_interfaces__rosidl_typesupport_cExport-noconfig.cmake
[3.411s] -- Up-to-date: /home/pi/nav_ws/install/agv_interfaces/share/agv_interfaces/cmake/agv_interfaces__rosidl_generator_cppExport.cmake
[3.412s] -- Up-to-date: /home/pi/nav_ws/install/agv_interfaces/share/agv_interfaces/cmake/agv_interfaces__rosidl_typesupport_introspection_cppExport.cmake
[3.413s] -- Up-to-date: /home/pi/nav_ws/install/agv_interfaces/share/agv_interfaces/cmake/agv_interfaces__rosidl_typesupport_introspection_cppExport-noconfig.cmake
[3.414s] -- Up-to-date: /home/pi/nav_ws/install/agv_interfaces/share/agv_interfaces/cmake/agv_interfaces__rosidl_typesupport_cppExport.cmake
[3.415s] -- Up-to-date: /home/pi/nav_ws/install/agv_interfaces/share/agv_interfaces/cmake/agv_interfaces__rosidl_typesupport_cppExport-noconfig.cmake
[3.416s] -- Up-to-date: /home/pi/nav_ws/install/agv_interfaces/share/agv_interfaces/cmake/rosidl_cmake-extras.cmake
[3.417s] -- Up-to-date: /home/pi/nav_ws/install/agv_interfaces/share/agv_interfaces/cmake/ament_cmake_export_dependencies-extras.cmake
[3.417s] -- Up-to-date: /home/pi/nav_ws/install/agv_interfaces/share/agv_interfaces/cmake/ament_cmake_export_libraries-extras.cmake
[3.418s] -- Up-to-date: /home/pi/nav_ws/install/agv_interfaces/share/agv_interfaces/cmake/ament_cmake_export_targets-extras.cmake
[3.419s] -- Up-to-date: /home/pi/nav_ws/install/agv_interfaces/share/agv_interfaces/cmake/ament_cmake_export_include_directories-extras.cmake
[3.419s] -- Up-to-date: /home/pi/nav_ws/install/agv_interfaces/share/agv_interfaces/cmake/rosidl_cmake_export_typesupport_libraries-extras.cmake
[3.420s] -- Up-to-date: /home/pi/nav_ws/install/agv_interfaces/share/agv_interfaces/cmake/rosidl_cmake_export_typesupport_targets-extras.cmake
[3.421s] -- Up-to-date: /home/pi/nav_ws/install/agv_interfaces/share/agv_interfaces/cmake/agv_interfacesConfig.cmake
[3.421s] -- Up-to-date: /home/pi/nav_ws/install/agv_interfaces/share/agv_interfaces/cmake/agv_interfacesConfig-version.cmake
[3.422s] -- Up-to-date: /home/pi/nav_ws/install/agv_interfaces/share/agv_interfaces/package.xml
[3.423s] Invoked command in '/home/pi/nav_ws/build/agv_interfaces' returned '0': CMAKE_PREFIX_PATH=${CMAKE_PREFIX_PATH}:/home/pi/nav_ws/install/agv_bringup:/opt/ros/foxy /usr/bin/cmake --install /home/pi/nav_ws/build/agv_interfaces
