[2.265s] Invoking command in '/home/pi/ydlidar_ros2_ws/build/myagv_navigation2': CMAKE_PREFIX_PATH=${CMAKE_PREFIX_PATH}:/home/pi/ydlidar_ros2_ws/install/jdamr200_teleop:/home/pi/ydlidar_ros2_ws/install/jdamr200_node:/home/pi/finalagv_ros2_ws/install/agv:/opt/ros/foxy /usr/bin/cmake --build /home/pi/ydlidar_ros2_ws/build/myagv_navigation2 -- -j4 -l4
[2.552s] Invoked command in '/home/pi/ydlidar_ros2_ws/build/myagv_navigation2' returned '0': CMAKE_PREFIX_PATH=${CMAKE_PREFIX_PATH}:/home/pi/ydlidar_ros2_ws/install/jdamr200_teleop:/home/pi/ydlidar_ros2_ws/install/jdamr200_node:/home/pi/finalagv_ros2_ws/install/agv:/opt/ros/foxy /usr/bin/cmake --build /home/pi/ydlidar_ros2_ws/build/myagv_navigation2 -- -j4 -l4
[2.733s] Invoking command in '/home/pi/ydlidar_ros2_ws/build/myagv_navigation2': CMAKE_PREFIX_PATH=${CMAKE_PREFIX_PATH}:/home/pi/ydlidar_ros2_ws/install/jdamr200_teleop:/home/pi/ydlidar_ros2_ws/install/jdamr200_node:/home/pi/finalagv_ros2_ws/install/agv:/opt/ros/foxy /usr/bin/cmake --install /home/pi/ydlidar_ros2_ws/build/myagv_navigation2
[2.791s] -- Install configuration: ""
[2.792s] -- Up-to-date: /home/pi/ydlidar_ros2_ws/install/myagv_navigation2/share/myagv_navigation2/launch
[2.793s] -- Up-to-date: /home/pi/ydlidar_ros2_ws/install/myagv_navigation2/share/myagv_navigation2/launch/navigation2.launch.py
[2.794s] -- Up-to-date: /home/pi/ydlidar_ros2_ws/install/myagv_navigation2/share/myagv_navigation2/map
[2.794s] -- Up-to-date: /home/pi/ydlidar_ros2_ws/install/myagv_navigation2/share/myagv_navigation2/map/test1_map.pgm
[2.795s] -- Up-to-date: /home/pi/ydlidar_ros2_ws/install/myagv_navigation2/share/myagv_navigation2/map/test1_map.yaml
[2.797s] -- Up-to-date: /home/pi/ydlidar_ros2_ws/install/myagv_navigation2/share/myagv_navigation2/param
[2.798s] -- Up-to-date: /home/pi/ydlidar_ros2_ws/install/myagv_navigation2/share/myagv_navigation2/param/follow_point_bt.xml
[2.799s] -- Up-to-date: /home/pi/ydlidar_ros2_ws/install/myagv_navigation2/share/myagv_navigation2/param/myagv.yaml
[2.800s] -- Up-to-date: /home/pi/ydlidar_ros2_ws/install/myagv_navigation2/share/myagv_navigation2/rviz
[2.800s] -- Up-to-date: /home/pi/ydlidar_ros2_ws/install/myagv_navigation2/share/myagv_navigation2/rviz/nav2_config_object_following.rviz
[2.801s] -- Up-to-date: /home/pi/ydlidar_ros2_ws/install/myagv_navigation2/share/ament_index/resource_index/package_run_dependencies/myagv_navigation2
[2.804s] -- Up-to-date: /home/pi/ydlidar_ros2_ws/install/myagv_navigation2/share/ament_index/resource_index/parent_prefix_path/myagv_navigation2
[2.804s] -- Up-to-date: /home/pi/ydlidar_ros2_ws/install/myagv_navigation2/share/myagv_navigation2/environment/ament_prefix_path.sh
[2.806s] -- Up-to-date: /home/pi/ydlidar_ros2_ws/install/myagv_navigation2/share/myagv_navigation2/environment/ament_prefix_path.dsv
[2.807s] -- Up-to-date: /home/pi/ydlidar_ros2_ws/install/myagv_navigation2/share/myagv_navigation2/environment/path.sh
[2.808s] -- Up-to-date: /home/pi/ydlidar_ros2_ws/install/myagv_navigation2/share/myagv_navigation2/environment/path.dsv
[2.809s] -- Up-to-date: /home/pi/ydlidar_ros2_ws/install/myagv_navigation2/share/myagv_navigation2/local_setup.bash
[2.809s] -- Up-to-date: /home/pi/ydlidar_ros2_ws/install/myagv_navigation2/share/myagv_navigation2/local_setup.sh
[2.810s] -- Up-to-date: /home/pi/ydlidar_ros2_ws/install/myagv_navigation2/share/myagv_navigation2/local_setup.zsh
[2.811s] -- Up-to-date: /home/pi/ydlidar_ros2_ws/install/myagv_navigation2/share/myagv_navigation2/local_setup.dsv
[2.812s] -- Installing: /home/pi/ydlidar_ros2_ws/install/myagv_navigation2/share/myagv_navigation2/package.dsv
[2.813s] -- Up-to-date: /home/pi/ydlidar_ros2_ws/install/myagv_navigation2/share/ament_index/resource_index/packages/myagv_navigation2
[2.824s] -- Up-to-date: /home/pi/ydlidar_ros2_ws/install/myagv_navigation2/share/myagv_navigation2/cmake/myagv_navigation2Config.cmake
[2.825s] -- Up-to-date: /home/pi/ydlidar_ros2_ws/install/myagv_navigation2/share/myagv_navigation2/cmake/myagv_navigation2Config-version.cmake
[2.826s] -- Up-to-date: /home/pi/ydlidar_ros2_ws/install/myagv_navigation2/share/myagv_navigation2/package.xml
[2.833s] Invoked command in '/home/pi/ydlidar_ros2_ws/build/myagv_navigation2' returned '0': CMAKE_PREFIX_PATH=${CMAKE_PREFIX_PATH}:/home/pi/ydlidar_ros2_ws/install/jdamr200_teleop:/home/pi/ydlidar_ros2_ws/install/jdamr200_node:/home/pi/finalagv_ros2_ws/install/agv:/opt/ros/foxy /usr/bin/cmake --install /home/pi/ydlidar_ros2_ws/build/myagv_navigation2
