[0.138s] Invoking command in '/home/pi/nav_ws/build/agv_navigation2': CMAKE_PREFIX_PATH=${CMAKE_PREFIX_PATH}:/home/pi/nav_ws/install/agv_bringup:/opt/ros/foxy /usr/bin/cmake --build /home/pi/nav_ws/build/agv_navigation2 -- -j4 -l4
[0.371s] Invoked command in '/home/pi/nav_ws/build/agv_navigation2' returned '0': CMAKE_PREFIX_PATH=${CMAKE_PREFIX_PATH}:/home/pi/nav_ws/install/agv_bringup:/opt/ros/foxy /usr/bin/cmake --build /home/pi/nav_ws/build/agv_navigation2 -- -j4 -l4
[0.695s] Invoking command in '/home/pi/nav_ws/build/agv_navigation2': CMAKE_PREFIX_PATH=${CMAKE_PREFIX_PATH}:/home/pi/nav_ws/install/agv_bringup:/opt/ros/foxy /usr/bin/cmake --install /home/pi/nav_ws/build/agv_navigation2
[0.752s] -- Install configuration: ""
[0.753s] -- Up-to-date: /home/pi/nav_ws/install/agv_navigation2/share/agv_navigation2/launch
[0.754s] -- Up-to-date: /home/pi/nav_ws/install/agv_navigation2/share/agv_navigation2/launch/navigation2.launch.py
[0.755s] -- Up-to-date: /home/pi/nav_ws/install/agv_navigation2/share/agv_navigation2/launch/navigation2_rviz.launch.py
[0.756s] -- Up-to-date: /home/pi/nav_ws/install/agv_navigation2/share/agv_navigation2/map
[0.757s] -- Up-to-date: /home/pi/nav_ws/install/agv_navigation2/share/agv_navigation2/map/test7_map.yaml
[0.758s] -- Up-to-date: /home/pi/nav_ws/install/agv_navigation2/share/agv_navigation2/map/turtlebot3_world.pgm
[0.759s] -- Up-to-date: /home/pi/nav_ws/install/agv_navigation2/share/agv_navigation2/map/turtlebot3_world.yaml
[0.760s] -- Up-to-date: /home/pi/nav_ws/install/agv_navigation2/share/agv_navigation2/map/test7_map.pgm
[0.761s] -- Up-to-date: /home/pi/nav_ws/install/agv_navigation2/share/agv_navigation2/param
[0.762s] -- Up-to-date: /home/pi/nav_ws/install/agv_navigation2/share/agv_navigation2/param/follow_point_bt.xml
[0.763s] -- Up-to-date: /home/pi/nav_ws/install/agv_navigation2/share/agv_navigation2/param/agv.yaml
[0.764s] -- Up-to-date: /home/pi/nav_ws/install/agv_navigation2/share/agv_navigation2/rviz
[0.765s] -- Up-to-date: /home/pi/nav_ws/install/agv_navigation2/share/agv_navigation2/rviz/tb3_navigation2.rviz
[0.766s] -- Up-to-date: /home/pi/nav_ws/install/agv_navigation2/share/ament_index/resource_index/package_run_dependencies/agv_navigation2
[0.779s] -- Up-to-date: /home/pi/nav_ws/install/agv_navigation2/share/ament_index/resource_index/parent_prefix_path/agv_navigation2
[0.780s] -- Up-to-date: /home/pi/nav_ws/install/agv_navigation2/share/agv_navigation2/environment/ament_prefix_path.sh
[0.783s] -- Up-to-date: /home/pi/nav_ws/install/agv_navigation2/share/agv_navigation2/environment/ament_prefix_path.dsv
[0.784s] -- Up-to-date: /home/pi/nav_ws/install/agv_navigation2/share/agv_navigation2/environment/path.sh
[0.786s] -- Up-to-date: /home/pi/nav_ws/install/agv_navigation2/share/agv_navigation2/environment/path.dsv
[0.786s] -- Up-to-date: /home/pi/nav_ws/install/agv_navigation2/share/agv_navigation2/local_setup.bash
[0.788s] -- Up-to-date: /home/pi/nav_ws/install/agv_navigation2/share/agv_navigation2/local_setup.sh
[0.788s] -- Up-to-date: /home/pi/nav_ws/install/agv_navigation2/share/agv_navigation2/local_setup.zsh
[0.789s] -- Up-to-date: /home/pi/nav_ws/install/agv_navigation2/share/agv_navigation2/local_setup.dsv
[0.790s] -- Installing: /home/pi/nav_ws/install/agv_navigation2/share/agv_navigation2/package.dsv
[0.790s] -- Up-to-date: /home/pi/nav_ws/install/agv_navigation2/share/ament_index/resource_index/packages/agv_navigation2
[0.791s] -- Up-to-date: /home/pi/nav_ws/install/agv_navigation2/share/agv_navigation2/cmake/agv_navigation2Config.cmake
[0.791s] -- Up-to-date: /home/pi/nav_ws/install/agv_navigation2/share/agv_navigation2/cmake/agv_navigation2Config-version.cmake
[0.791s] -- Up-to-date: /home/pi/nav_ws/install/agv_navigation2/share/agv_navigation2/package.xml
[0.793s] Invoked command in '/home/pi/nav_ws/build/agv_navigation2' returned '0': CMAKE_PREFIX_PATH=${CMAKE_PREFIX_PATH}:/home/pi/nav_ws/install/agv_bringup:/opt/ros/foxy /usr/bin/cmake --install /home/pi/nav_ws/build/agv_navigation2
