[2.580s] Invoking command in '/home/pi/ydlidar_ros2_ws/build/myagv_navigation2': CMAKE_PREFIX_PATH=/opt/ros/foxy /usr/bin/cmake --build /home/pi/ydlidar_ros2_ws/build/myagv_navigation2 -- -j4 -l4
[2.928s] Invoked command in '/home/pi/ydlidar_ros2_ws/build/myagv_navigation2' returned '0': CMAKE_PREFIX_PATH=/opt/ros/foxy /usr/bin/cmake --build /home/pi/ydlidar_ros2_ws/build/myagv_navigation2 -- -j4 -l4
[3.272s] Invoking command in '/home/pi/ydlidar_ros2_ws/build/myagv_navigation2': CMAKE_PREFIX_PATH=/opt/ros/foxy /usr/bin/cmake --install /home/pi/ydlidar_ros2_ws/build/myagv_navigation2
[3.343s] -- Install configuration: ""
[3.353s] -- Up-to-date: /home/pi/ydlidar_ros2_ws/install/myagv_navigation2/share/myagv_navigation2/launch
[3.359s] -- Up-to-date: /home/pi/ydlidar_ros2_ws/install/myagv_navigation2/share/myagv_navigation2/launch/navigation2.launch.py
[3.359s] -- Up-to-date: /home/pi/ydlidar_ros2_ws/install/myagv_navigation2/share/myagv_navigation2/map
[3.360s] -- Up-to-date: /home/pi/ydlidar_ros2_ws/install/myagv_navigation2/share/myagv_navigation2/map/test1_map.pgm
[3.368s] -- Up-to-date: /home/pi/ydlidar_ros2_ws/install/myagv_navigation2/share/myagv_navigation2/map/test1_map.yaml
[3.369s] -- Up-to-date: /home/pi/ydlidar_ros2_ws/install/myagv_navigation2/share/myagv_navigation2/map/test5_map.yaml
[3.369s] -- Up-to-date: /home/pi/ydlidar_ros2_ws/install/myagv_navigation2/share/myagv_navigation2/map/test3_map.pgm
[3.372s] -- Up-to-date: /home/pi/ydlidar_ros2_ws/install/myagv_navigation2/share/myagv_navigation2/map/test5_map.pgm
[3.374s] -- Up-to-date: /home/pi/ydlidar_ros2_ws/install/myagv_navigation2/share/myagv_navigation2/map/test3_map.yaml
[3.376s] -- Up-to-date: /home/pi/ydlidar_ros2_ws/install/myagv_navigation2/share/myagv_navigation2/param
[3.377s] -- Up-to-date: /home/pi/ydlidar_ros2_ws/install/myagv_navigation2/share/myagv_navigation2/param/follow_point_bt.xml
[3.378s] -- Up-to-date: /home/pi/ydlidar_ros2_ws/install/myagv_navigation2/share/myagv_navigation2/param/myagv.yaml
[3.378s] -- Up-to-date: /home/pi/ydlidar_ros2_ws/install/myagv_navigation2/share/myagv_navigation2/rviz
[3.381s] -- Up-to-date: /home/pi/ydlidar_ros2_ws/install/myagv_navigation2/share/myagv_navigation2/rviz/nav2_config_object_following.rviz
[3.392s] -- Up-to-date: /home/pi/ydlidar_ros2_ws/install/myagv_navigation2/share/ament_index/resource_index/package_run_dependencies/myagv_navigation2
[3.395s] -- Up-to-date: /home/pi/ydlidar_ros2_ws/install/myagv_navigation2/share/ament_index/resource_index/parent_prefix_path/myagv_navigation2
[3.398s] -- Up-to-date: /home/pi/ydlidar_ros2_ws/install/myagv_navigation2/share/myagv_navigation2/environment/ament_prefix_path.sh
[3.399s] -- Up-to-date: /home/pi/ydlidar_ros2_ws/install/myagv_navigation2/share/myagv_navigation2/environment/ament_prefix_path.dsv
[3.399s] -- Up-to-date: /home/pi/ydlidar_ros2_ws/install/myagv_navigation2/share/myagv_navigation2/environment/path.sh
[3.400s] -- Up-to-date: /home/pi/ydlidar_ros2_ws/install/myagv_navigation2/share/myagv_navigation2/environment/path.dsv
[3.400s] -- Up-to-date: /home/pi/ydlidar_ros2_ws/install/myagv_navigation2/share/myagv_navigation2/local_setup.bash
[3.401s] -- Up-to-date: /home/pi/ydlidar_ros2_ws/install/myagv_navigation2/share/myagv_navigation2/local_setup.sh
[3.401s] -- Up-to-date: /home/pi/ydlidar_ros2_ws/install/myagv_navigation2/share/myagv_navigation2/local_setup.zsh
[3.404s] -- Up-to-date: /home/pi/ydlidar_ros2_ws/install/myagv_navigation2/share/myagv_navigation2/local_setup.dsv
[3.411s] -- Installing: /home/pi/ydlidar_ros2_ws/install/myagv_navigation2/share/myagv_navigation2/package.dsv
[3.411s] -- Up-to-date: /home/pi/ydlidar_ros2_ws/install/myagv_navigation2/share/ament_index/resource_index/packages/myagv_navigation2
[3.412s] -- Up-to-date: /home/pi/ydlidar_ros2_ws/install/myagv_navigation2/share/myagv_navigation2/cmake/myagv_navigation2Config.cmake
[3.412s] -- Up-to-date: /home/pi/ydlidar_ros2_ws/install/myagv_navigation2/share/myagv_navigation2/cmake/myagv_navigation2Config-version.cmake
[3.413s] -- Up-to-date: /home/pi/ydlidar_ros2_ws/install/myagv_navigation2/share/myagv_navigation2/package.xml
[3.428s] Invoked command in '/home/pi/ydlidar_ros2_ws/build/myagv_navigation2' returned '0': CMAKE_PREFIX_PATH=/opt/ros/foxy /usr/bin/cmake --install /home/pi/ydlidar_ros2_ws/build/myagv_navigation2
