[0.068s] Invoking command in '/home/pi/nav_ws/build/agv': AMENT_PREFIX_PATH=/home/pi/nav_ws/install/agv_bringup:/home/pi/nav_ws/install/agv_interfaces:/home/pi/nav_ws/install/ydlidar_ros2_driver:/home/pi/nav_ws/install/agv:/home/pi/nav_ws/install/agv_navigation2:/home/pi/nav_ws/install/agv_description:/home/pi/nav_ws/install/agv_cartographer:/opt/ros/foxy CMAKE_PREFIX_PATH=/home/pi/nav_ws/install/agv_navigation2:/home/pi/nav_ws/install/agv_interfaces:/home/pi/nav_ws/install/agv_description:/home/pi/nav_ws/install/agv_cartographer:/home/pi/nav_ws/install/ydlidar_ros2_driver:/home/pi/nav_ws/install/agv:/home/pi/nav_ws/install/agv_bringup:/opt/ros/foxy PYTHONPATH=/home/pi/nav_ws/install/agv_bringup/lib/python3.8/site-packages:/home/pi/nav_ws/install/agv_interfaces/lib/python3.8/site-packages:/opt/ros/foxy/lib/python3.8/site-packages /usr/bin/cmake --build /home/pi/nav_ws/build/agv -- -j4 -l4
[0.213s] Invoked command in '/home/pi/nav_ws/build/agv' returned '0': AMENT_PREFIX_PATH=/home/pi/nav_ws/install/agv_bringup:/home/pi/nav_ws/install/agv_interfaces:/home/pi/nav_ws/install/ydlidar_ros2_driver:/home/pi/nav_ws/install/agv:/home/pi/nav_ws/install/agv_navigation2:/home/pi/nav_ws/install/agv_description:/home/pi/nav_ws/install/agv_cartographer:/opt/ros/foxy CMAKE_PREFIX_PATH=/home/pi/nav_ws/install/agv_navigation2:/home/pi/nav_ws/install/agv_interfaces:/home/pi/nav_ws/install/agv_description:/home/pi/nav_ws/install/agv_cartographer:/home/pi/nav_ws/install/ydlidar_ros2_driver:/home/pi/nav_ws/install/agv:/home/pi/nav_ws/install/agv_bringup:/opt/ros/foxy PYTHONPATH=/home/pi/nav_ws/install/agv_bringup/lib/python3.8/site-packages:/home/pi/nav_ws/install/agv_interfaces/lib/python3.8/site-packages:/opt/ros/foxy/lib/python3.8/site-packages /usr/bin/cmake --build /home/pi/nav_ws/build/agv -- -j4 -l4
[0.321s] Invoking command in '/home/pi/nav_ws/build/agv': AMENT_PREFIX_PATH=/home/pi/nav_ws/install/agv_bringup:/home/pi/nav_ws/install/agv_interfaces:/home/pi/nav_ws/install/ydlidar_ros2_driver:/home/pi/nav_ws/install/agv:/home/pi/nav_ws/install/agv_navigation2:/home/pi/nav_ws/install/agv_description:/home/pi/nav_ws/install/agv_cartographer:/opt/ros/foxy CMAKE_PREFIX_PATH=/home/pi/nav_ws/install/agv_navigation2:/home/pi/nav_ws/install/agv_interfaces:/home/pi/nav_ws/install/agv_description:/home/pi/nav_ws/install/agv_cartographer:/home/pi/nav_ws/install/ydlidar_ros2_driver:/home/pi/nav_ws/install/agv:/home/pi/nav_ws/install/agv_bringup:/opt/ros/foxy PYTHONPATH=/home/pi/nav_ws/install/agv_bringup/lib/python3.8/site-packages:/home/pi/nav_ws/install/agv_interfaces/lib/python3.8/site-packages:/opt/ros/foxy/lib/python3.8/site-packages /usr/bin/cmake --install /home/pi/nav_ws/build/agv
[0.358s] -- Install configuration: ""
[0.358s] -- Up-to-date: /home/pi/nav_ws/install/agv/share/ament_index/resource_index/package_run_dependencies/agv
[0.359s] -- Up-to-date: /home/pi/nav_ws/install/agv/share/ament_index/resource_index/parent_prefix_path/agv
[0.360s] -- Up-to-date: /home/pi/nav_ws/install/agv/share/agv/environment/ament_prefix_path.sh
[0.360s] -- Up-to-date: /home/pi/nav_ws/install/agv/share/agv/environment/ament_prefix_path.dsv
[0.361s] -- Up-to-date: /home/pi/nav_ws/install/agv/share/agv/environment/path.sh
[0.361s] -- Up-to-date: /home/pi/nav_ws/install/agv/share/agv/environment/path.dsv
[0.361s] -- Up-to-date: /home/pi/nav_ws/install/agv/share/agv/local_setup.bash
[0.362s] -- Up-to-date: /home/pi/nav_ws/install/agv/share/agv/local_setup.sh
[0.362s] -- Up-to-date: /home/pi/nav_ws/install/agv/share/agv/local_setup.zsh
[0.363s] -- Up-to-date: /home/pi/nav_ws/install/agv/share/agv/local_setup.dsv
[0.363s] -- Installing: /home/pi/nav_ws/install/agv/share/agv/package.dsv
[0.364s] -- Up-to-date: /home/pi/nav_ws/install/agv/share/ament_index/resource_index/packages/agv
[0.364s] -- Up-to-date: /home/pi/nav_ws/install/agv/share/agv/cmake/agvConfig.cmake
[0.364s] -- Up-to-date: /home/pi/nav_ws/install/agv/share/agv/cmake/agvConfig-version.cmake
[0.365s] -- Up-to-date: /home/pi/nav_ws/install/agv/share/agv/package.xml
[0.371s] Invoked command in '/home/pi/nav_ws/build/agv' returned '0': AMENT_PREFIX_PATH=/home/pi/nav_ws/install/agv_bringup:/home/pi/nav_ws/install/agv_interfaces:/home/pi/nav_ws/install/ydlidar_ros2_driver:/home/pi/nav_ws/install/agv:/home/pi/nav_ws/install/agv_navigation2:/home/pi/nav_ws/install/agv_description:/home/pi/nav_ws/install/agv_cartographer:/opt/ros/foxy CMAKE_PREFIX_PATH=/home/pi/nav_ws/install/agv_navigation2:/home/pi/nav_ws/install/agv_interfaces:/home/pi/nav_ws/install/agv_description:/home/pi/nav_ws/install/agv_cartographer:/home/pi/nav_ws/install/ydlidar_ros2_driver:/home/pi/nav_ws/install/agv:/home/pi/nav_ws/install/agv_bringup:/opt/ros/foxy PYTHONPATH=/home/pi/nav_ws/install/agv_bringup/lib/python3.8/site-packages:/home/pi/nav_ws/install/agv_interfaces/lib/python3.8/site-packages:/opt/ros/foxy/lib/python3.8/site-packages /usr/bin/cmake --install /home/pi/nav_ws/build/agv
