[0.156s] Invoking command in '/home/pi/ydlidar_ros2_ws/build/myagv_description': CMAKE_PREFIX_PATH=/opt/ros/foxy /usr/bin/cmake --build /home/pi/ydlidar_ros2_ws/build/myagv_description -- -j4 -l4
[2.227s] Invoked command in '/home/pi/ydlidar_ros2_ws/build/myagv_description' returned '0': CMAKE_PREFIX_PATH=/opt/ros/foxy /usr/bin/cmake --build /home/pi/ydlidar_ros2_ws/build/myagv_description -- -j4 -l4
[2.405s] Invoking command in '/home/pi/ydlidar_ros2_ws/build/myagv_description': CMAKE_PREFIX_PATH=/opt/ros/foxy /usr/bin/cmake --install /home/pi/ydlidar_ros2_ws/build/myagv_description
[2.465s] -- Install configuration: ""
[2.467s] -- Up-to-date: /home/pi/ydlidar_ros2_ws/install/myagv_description/share/myagv_description/urdf
[2.470s] -- Up-to-date: /home/pi/ydlidar_ros2_ws/install/myagv_description/share/myagv_description/urdf/myAGV.urdf
[2.471s] -- Up-to-date: /home/pi/ydlidar_ros2_ws/install/myagv_description/share/myagv_description/meshes
[2.474s] -- Up-to-date: /home/pi/ydlidar_ros2_ws/install/myagv_description/share/myagv_description/meshes/myagv_up.dae
[2.475s] -- Up-to-date: /home/pi/ydlidar_ros2_ws/install/myagv_description/share/myagv_description/meshes/myagv_base.dae
[2.477s] -- Up-to-date: /home/pi/ydlidar_ros2_ws/install/myagv_description/share/myagv_description/meshes/myagv_all.dae
[2.481s] -- Up-to-date: /home/pi/ydlidar_ros2_ws/install/myagv_description/share/ament_index/resource_index/package_run_dependencies/myagv_description
[2.483s] -- Up-to-date: /home/pi/ydlidar_ros2_ws/install/myagv_description/share/ament_index/resource_index/parent_prefix_path/myagv_description
[2.486s] -- Up-to-date: /home/pi/ydlidar_ros2_ws/install/myagv_description/share/myagv_description/environment/ament_prefix_path.sh
[2.487s] -- Up-to-date: /home/pi/ydlidar_ros2_ws/install/myagv_description/share/myagv_description/environment/ament_prefix_path.dsv
[2.489s] -- Up-to-date: /home/pi/ydlidar_ros2_ws/install/myagv_description/share/myagv_description/environment/path.sh
[2.491s] -- Up-to-date: /home/pi/ydlidar_ros2_ws/install/myagv_description/share/myagv_description/environment/path.dsv
[2.493s] -- Up-to-date: /home/pi/ydlidar_ros2_ws/install/myagv_description/share/myagv_description/local_setup.bash
[2.494s] -- Up-to-date: /home/pi/ydlidar_ros2_ws/install/myagv_description/share/myagv_description/local_setup.sh
[2.495s] -- Up-to-date: /home/pi/ydlidar_ros2_ws/install/myagv_description/share/myagv_description/local_setup.zsh
[2.496s] -- Up-to-date: /home/pi/ydlidar_ros2_ws/install/myagv_description/share/myagv_description/local_setup.dsv
[2.497s] -- Installing: /home/pi/ydlidar_ros2_ws/install/myagv_description/share/myagv_description/package.dsv
[2.500s] -- Up-to-date: /home/pi/ydlidar_ros2_ws/install/myagv_description/share/ament_index/resource_index/packages/myagv_description
[2.505s] -- Up-to-date: /home/pi/ydlidar_ros2_ws/install/myagv_description/share/myagv_description/cmake/myagv_descriptionConfig.cmake
[2.506s] -- Up-to-date: /home/pi/ydlidar_ros2_ws/install/myagv_description/share/myagv_description/cmake/myagv_descriptionConfig-version.cmake
[2.507s] -- Up-to-date: /home/pi/ydlidar_ros2_ws/install/myagv_description/share/myagv_description/package.xml
[2.518s] Invoked command in '/home/pi/ydlidar_ros2_ws/build/myagv_description' returned '0': CMAKE_PREFIX_PATH=/opt/ros/foxy /usr/bin/cmake --install /home/pi/ydlidar_ros2_ws/build/myagv_description
