[2.554s] Invoking command in '/home/pi/finalagv_ros2_ws/src/agv': PYTHONPATH=/home/pi/finalagv_ros2_ws/build/agv/prefix_override:/usr/lib/python3/dist-packages/colcon_core/task/python/colcon_distutils_commands:/home/pi/finalagv_ros2_ws/install/agv/lib/python3.8/site-packages:${PYTHONPATH} /usr/bin/python3 -W ignore:setup.py install is deprecated setup.py egg_info --egg-base ../../build/agv build --build-base /home/pi/finalagv_ros2_ws/build/agv/build install --record /home/pi/finalagv_ros2_ws/build/agv/install.log --install-scripts $base/lib/agv --single-version-externally-managed install_data
[3.418s] running egg_info
[3.421s] writing ../../build/agv/agv.egg-info/PKG-INFO
[3.421s] writing dependency_links to ../../build/agv/agv.egg-info/dependency_links.txt
[3.422s] writing entry points to ../../build/agv/agv.egg-info/entry_points.txt
[3.423s] writing requirements to ../../build/agv/agv.egg-info/requires.txt
[3.423s] writing top-level names to ../../build/agv/agv.egg-info/top_level.txt
[3.550s] reading manifest file '../../build/agv/agv.egg-info/SOURCES.txt'
[3.554s] writing manifest file '../../build/agv/agv.egg-info/SOURCES.txt'
[3.555s] running build
[3.555s] running build_py
[3.558s] running install
[3.561s] running install_lib
[3.568s] running install_data
[3.569s] running install_egg_info
[3.576s] removing '/home/pi/finalagv_ros2_ws/install/agv/lib/python3.8/site-packages/agv-0.0.0-py3.8.egg-info' (and everything under it)
[3.577s] Copying ../../build/agv/agv.egg-info to /home/pi/finalagv_ros2_ws/install/agv/lib/python3.8/site-packages/agv-0.0.0-py3.8.egg-info
[3.581s] running install_scripts
[3.642s] Installing pub script to /home/pi/finalagv_ros2_ws/install/agv/lib/agv
[3.643s] Installing pub2 script to /home/pi/finalagv_ros2_ws/install/agv/lib/agv
[3.644s] Installing return script to /home/pi/finalagv_ros2_ws/install/agv/lib/agv
[3.644s] Installing sub script to /home/pi/finalagv_ros2_ws/install/agv/lib/agv
[3.645s] Installing sub2 script to /home/pi/finalagv_ros2_ws/install/agv/lib/agv
[3.646s] Installing tel script to /home/pi/finalagv_ros2_ws/install/agv/lib/agv
[3.647s] Installing udp script to /home/pi/finalagv_ros2_ws/install/agv/lib/agv
[3.649s] writing list of installed files to '/home/pi/finalagv_ros2_ws/build/agv/install.log'
[3.744s] Invoked command in '/home/pi/finalagv_ros2_ws/src/agv' returned '0': PYTHONPATH=/home/pi/finalagv_ros2_ws/build/agv/prefix_override:/usr/lib/python3/dist-packages/colcon_core/task/python/colcon_distutils_commands:/home/pi/finalagv_ros2_ws/install/agv/lib/python3.8/site-packages:${PYTHONPATH} /usr/bin/python3 -W ignore:setup.py install is deprecated setup.py egg_info --egg-base ../../build/agv build --build-base /home/pi/finalagv_ros2_ws/build/agv/build install --record /home/pi/finalagv_ros2_ws/build/agv/install.log --install-scripts $base/lib/agv --single-version-externally-managed install_data
