[2.960s] DEBUG:colcon:Command line arguments: ['/usr/bin/colcon', 'build']
[2.961s] DEBUG:colcon:Parsed command line arguments: Namespace(allow_overriding=[], ament_cmake_args=None, base_paths=['.'], build_base='build', catkin_cmake_args=None, catkin_skip_building_tests=False, cmake_args=None, cmake_clean_cache=False, cmake_clean_first=False, cmake_force_configure=False, cmake_target=None, cmake_target_skip_unavailable=False, continue_on_error=False, event_handlers=None, executor='parallel', ignore_user_meta=False, install_base='install', log_base=None, log_level=None, main=<bound method BuildVerb.main of <colcon_core.verb.build.BuildVerb object at 0xffffb59ed220>>, merge_install=False, metas=['./colcon.meta'], mixin=None, mixin_files=None, mixin_verb=('build',), packages_above=None, packages_above_and_dependencies=None, packages_above_depth=None, packages_end=None, packages_ignore=None, packages_ignore_regex=None, packages_select=None, packages_select_build_failed=False, packages_select_by_dep=None, packages_select_regex=None, packages_select_test_failures=False, packages_skip=None, packages_skip_build_finished=False, packages_skip_by_dep=None, packages_skip_regex=None, packages_skip_test_passed=False, packages_skip_up_to=None, packages_start=None, packages_up_to=None, packages_up_to_regex=None, parallel_workers=4, paths=None, symlink_install=False, test_result_base=None, verb_extension=<colcon_core.verb.build.BuildVerb object at 0xffffb59ed220>, verb_name='build', verb_parser=<colcon_mixin.mixin.mixin_argument.MixinArgumentDecorator object at 0xffffb58d6100>)
[6.331s] Level 1:colcon.colcon_core.package_discovery:discover_packages(colcon_meta) check parameters
[6.336s] Level 1:colcon.colcon_core.package_discovery:discover_packages(recursive) check parameters
[6.339s] Level 1:colcon.colcon_core.package_discovery:discover_packages(ignore) check parameters
[6.340s] Level 1:colcon.colcon_core.package_discovery:discover_packages(path) check parameters
[6.342s] Level 1:colcon.colcon_core.package_discovery:discover_packages(colcon_meta) discover
[6.343s] Level 1:colcon.colcon_core.package_discovery:discover_packages(recursive) discover
[6.344s] INFO:colcon.colcon_core.package_discovery:Crawling recursively for packages in '/home/pi/finalagv_ros2_ws'
[6.351s] Level 1:colcon.colcon_core.package_identification:_identify(.) by extensions ['ignore', 'ignore_ament_install']
[6.356s] Level 1:colcon.colcon_core.package_identification:_identify(.) by extension 'ignore'
[6.358s] Level 1:colcon.colcon_core.package_identification:_identify(.) by extension 'ignore_ament_install'
[6.359s] Level 1:colcon.colcon_core.package_identification:_identify(.) by extensions ['colcon_pkg']
[6.360s] Level 1:colcon.colcon_core.package_identification:_identify(.) by extension 'colcon_pkg'
[6.360s] Level 1:colcon.colcon_core.package_identification:_identify(.) by extensions ['colcon_meta']
[6.361s] Level 1:colcon.colcon_core.package_identification:_identify(.) by extension 'colcon_meta'
[6.361s] Level 1:colcon.colcon_core.package_identification:_identify(.) by extensions ['ros']
[6.362s] Level 1:colcon.colcon_core.package_identification:_identify(.) by extension 'ros'
[6.480s] Level 1:colcon.colcon_core.package_identification:_identify(.) by extensions ['cmake', 'python']
[6.481s] Level 1:colcon.colcon_core.package_identification:_identify(.) by extension 'cmake'
[6.481s] Level 1:colcon.colcon_core.package_identification:_identify(.) by extension 'python'
[6.482s] Level 1:colcon.colcon_core.package_identification:_identify(.) by extensions ['python_setup_py']
[6.483s] Level 1:colcon.colcon_core.package_identification:_identify(.) by extension 'python_setup_py'
[6.484s] Level 1:colcon.colcon_core.package_identification:_identify(build) by extensions ['ignore', 'ignore_ament_install']
[6.485s] Level 1:colcon.colcon_core.package_identification:_identify(build) by extension 'ignore'
[6.486s] Level 1:colcon.colcon_core.package_identification:_identify(build) ignored
[6.488s] Level 1:colcon.colcon_core.package_identification:_identify(install) by extensions ['ignore', 'ignore_ament_install']
[6.489s] Level 1:colcon.colcon_core.package_identification:_identify(install) by extension 'ignore'
[6.489s] Level 1:colcon.colcon_core.package_identification:_identify(install) ignored
[6.492s] Level 1:colcon.colcon_core.package_identification:_identify(log) by extensions ['ignore', 'ignore_ament_install']
[6.493s] Level 1:colcon.colcon_core.package_identification:_identify(log) by extension 'ignore'
[6.494s] Level 1:colcon.colcon_core.package_identification:_identify(log) ignored
[6.495s] Level 1:colcon.colcon_core.package_identification:_identify(src) by extensions ['ignore', 'ignore_ament_install']
[6.496s] Level 1:colcon.colcon_core.package_identification:_identify(src) by extension 'ignore'
[6.497s] Level 1:colcon.colcon_core.package_identification:_identify(src) by extension 'ignore_ament_install'
[6.498s] Level 1:colcon.colcon_core.package_identification:_identify(src) by extensions ['colcon_pkg']
[6.499s] Level 1:colcon.colcon_core.package_identification:_identify(src) by extension 'colcon_pkg'
[6.499s] Level 1:colcon.colcon_core.package_identification:_identify(src) by extensions ['colcon_meta']
[6.500s] Level 1:colcon.colcon_core.package_identification:_identify(src) by extension 'colcon_meta'
[6.501s] Level 1:colcon.colcon_core.package_identification:_identify(src) by extensions ['ros']
[6.501s] Level 1:colcon.colcon_core.package_identification:_identify(src) by extension 'ros'
[6.502s] Level 1:colcon.colcon_core.package_identification:_identify(src) by extensions ['cmake', 'python']
[6.503s] Level 1:colcon.colcon_core.package_identification:_identify(src) by extension 'cmake'
[6.504s] Level 1:colcon.colcon_core.package_identification:_identify(src) by extension 'python'
[6.504s] Level 1:colcon.colcon_core.package_identification:_identify(src) by extensions ['python_setup_py']
[6.505s] Level 1:colcon.colcon_core.package_identification:_identify(src) by extension 'python_setup_py'
[6.506s] Level 1:colcon.colcon_core.package_identification:_identify(src/agv) by extensions ['ignore', 'ignore_ament_install']
[6.507s] Level 1:colcon.colcon_core.package_identification:_identify(src/agv) by extension 'ignore'
[6.508s] Level 1:colcon.colcon_core.package_identification:_identify(src/agv) by extension 'ignore_ament_install'
[6.509s] Level 1:colcon.colcon_core.package_identification:_identify(src/agv) by extensions ['colcon_pkg']
[6.509s] Level 1:colcon.colcon_core.package_identification:_identify(src/agv) by extension 'colcon_pkg'
[6.510s] Level 1:colcon.colcon_core.package_identification:_identify(src/agv) by extensions ['colcon_meta']
[6.511s] Level 1:colcon.colcon_core.package_identification:_identify(src/agv) by extension 'colcon_meta'
[6.511s] Level 1:colcon.colcon_core.package_identification:_identify(src/agv) by extensions ['ros']
[6.512s] Level 1:colcon.colcon_core.package_identification:_identify(src/agv) by extension 'ros'
[6.545s] DEBUG:colcon.colcon_core.package_identification:Package 'src/agv' with type 'ros.ament_python' and name 'agv'
[6.545s] Level 1:colcon.colcon_core.package_discovery:discover_packages(recursive) using defaults
[6.546s] Level 1:colcon.colcon_core.package_discovery:discover_packages(ignore) discover
[6.546s] Level 1:colcon.colcon_core.package_discovery:discover_packages(ignore) using defaults
[6.547s] Level 1:colcon.colcon_core.package_discovery:discover_packages(path) discover
[6.548s] Level 1:colcon.colcon_core.package_discovery:discover_packages(path) using defaults
[6.747s] Level 1:colcon.colcon_core.package_discovery:discover_packages(prefix_path) check parameters
[6.748s] Level 1:colcon.colcon_core.package_discovery:discover_packages(prefix_path) discover
[6.784s] DEBUG:colcon.colcon_installed_package_information.package_discovery:Found 296 installed packages in /opt/ros/foxy
[6.877s] Level 1:colcon.colcon_core.package_discovery:discover_packages(prefix_path) using defaults
[8.310s] Level 5:colcon.colcon_core.verb:set package 'agv' build argument 'cmake_args' from command line to 'None'
[8.314s] Level 5:colcon.colcon_core.verb:set package 'agv' build argument 'cmake_target' from command line to 'None'
[8.315s] Level 5:colcon.colcon_core.verb:set package 'agv' build argument 'cmake_target_skip_unavailable' from command line to 'False'
[8.315s] Level 5:colcon.colcon_core.verb:set package 'agv' build argument 'cmake_clean_cache' from command line to 'False'
[8.315s] Level 5:colcon.colcon_core.verb:set package 'agv' build argument 'cmake_clean_first' from command line to 'False'
[8.316s] Level 5:colcon.colcon_core.verb:set package 'agv' build argument 'cmake_force_configure' from command line to 'False'
[8.316s] Level 5:colcon.colcon_core.verb:set package 'agv' build argument 'ament_cmake_args' from command line to 'None'
[8.316s] Level 5:colcon.colcon_core.verb:set package 'agv' build argument 'catkin_cmake_args' from command line to 'None'
[8.317s] Level 5:colcon.colcon_core.verb:set package 'agv' build argument 'catkin_skip_building_tests' from command line to 'False'
[8.317s] DEBUG:colcon.colcon_core.verb:Building package 'agv' with the following arguments: {'ament_cmake_args': None, 'build_base': '/home/pi/finalagv_ros2_ws/build/agv', 'catkin_cmake_args': None, 'catkin_skip_building_tests': False, 'cmake_args': None, 'cmake_clean_cache': False, 'cmake_clean_first': False, 'cmake_force_configure': False, 'cmake_target': None, 'cmake_target_skip_unavailable': False, 'install_base': '/home/pi/finalagv_ros2_ws/install/agv', 'merge_install': False, 'path': '/home/pi/finalagv_ros2_ws/src/agv', 'symlink_install': False, 'test_result_base': None}
[8.319s] INFO:colcon.colcon_core.executor:Executing jobs using 'parallel' executor
[8.326s] DEBUG:colcon.colcon_parallel_executor.executor.parallel:run_until_complete
[8.329s] INFO:colcon.colcon_ros.task.ament_python.build:Building ROS package in '/home/pi/finalagv_ros2_ws/src/agv' with build type 'ament_python'
[8.330s] Level 1:colcon.colcon_core.shell:create_environment_hook('agv', 'ament_prefix_path')
[8.386s] INFO:colcon.colcon_core.plugin_system:Skipping extension 'colcon_core.shell.bat': Not used on non-Windows systems
[8.388s] INFO:colcon.colcon_core.shell:Creating environment hook '/home/pi/finalagv_ros2_ws/install/agv/share/agv/hook/ament_prefix_path.ps1'
[8.426s] INFO:colcon.colcon_core.shell:Creating environment descriptor '/home/pi/finalagv_ros2_ws/install/agv/share/agv/hook/ament_prefix_path.dsv'
[8.443s] INFO:colcon.colcon_core.shell:Creating environment hook '/home/pi/finalagv_ros2_ws/install/agv/share/agv/hook/ament_prefix_path.sh'
[8.453s] INFO:colcon.colcon_core.shell:Skip shell extension 'powershell' for command environment: Not usable outside of PowerShell
[8.454s] DEBUG:colcon.colcon_core.shell:Skip shell extension 'dsv' for command environment
[15.334s] INFO:colcon.colcon_core.task.python.build:Building Python package in '/home/pi/finalagv_ros2_ws/src/agv'
[15.337s] INFO:colcon.colcon_core.shell:Skip shell extension 'powershell' for command environment: Not usable outside of PowerShell
[15.338s] DEBUG:colcon.colcon_core.shell:Skip shell extension 'dsv' for command environment
[19.136s] DEBUG:colcon.colcon_core.event_handler.log_command:Invoking command in '/home/pi/finalagv_ros2_ws/src/agv': PYTHONPATH=/home/pi/finalagv_ros2_ws/build/agv/prefix_override:/usr/lib/python3/dist-packages/colcon_core/task/python/colcon_distutils_commands:/home/pi/finalagv_ros2_ws/install/agv/lib/python3.8/site-packages:${PYTHONPATH} /usr/bin/python3 -W ignore:setup.py install is deprecated setup.py egg_info --egg-base ../../build/agv build --build-base /home/pi/finalagv_ros2_ws/build/agv/build install --record /home/pi/finalagv_ros2_ws/build/agv/install.log --install-scripts $base/lib/agv --single-version-externally-managed install_data
[20.636s] DEBUG:colcon.colcon_core.event_handler.log_command:Invoked command in '/home/pi/finalagv_ros2_ws/src/agv' returned '0': PYTHONPATH=/home/pi/finalagv_ros2_ws/build/agv/prefix_override:/usr/lib/python3/dist-packages/colcon_core/task/python/colcon_distutils_commands:/home/pi/finalagv_ros2_ws/install/agv/lib/python3.8/site-packages:${PYTHONPATH} /usr/bin/python3 -W ignore:setup.py install is deprecated setup.py egg_info --egg-base ../../build/agv build --build-base /home/pi/finalagv_ros2_ws/build/agv/build install --record /home/pi/finalagv_ros2_ws/build/agv/install.log --install-scripts $base/lib/agv --single-version-externally-managed install_data
[20.672s] Level 1:colcon.colcon_core.environment:checking '/home/pi/finalagv_ros2_ws/install/agv' for CMake module files
[20.676s] Level 1:colcon.colcon_core.environment:checking '/home/pi/finalagv_ros2_ws/install/agv' for CMake config files
[20.684s] Level 1:colcon.colcon_core.environment:checking '/home/pi/finalagv_ros2_ws/install/agv/lib'
[20.686s] Level 1:colcon.colcon_core.environment:checking '/home/pi/finalagv_ros2_ws/install/agv/bin'
[20.686s] Level 1:colcon.colcon_core.environment:checking '/home/pi/finalagv_ros2_ws/install/agv/lib/pkgconfig/agv.pc'
[20.687s] Level 1:colcon.colcon_core.environment:checking '/home/pi/finalagv_ros2_ws/install/agv/lib/python3.8/site-packages'
[20.688s] Level 1:colcon.colcon_core.shell:create_environment_hook('agv', 'pythonpath')
[20.689s] INFO:colcon.colcon_core.shell:Creating environment hook '/home/pi/finalagv_ros2_ws/install/agv/share/agv/hook/pythonpath.ps1'
[20.694s] INFO:colcon.colcon_core.shell:Creating environment descriptor '/home/pi/finalagv_ros2_ws/install/agv/share/agv/hook/pythonpath.dsv'
[20.697s] INFO:colcon.colcon_core.shell:Creating environment hook '/home/pi/finalagv_ros2_ws/install/agv/share/agv/hook/pythonpath.sh'
[20.703s] Level 1:colcon.colcon_core.environment:checking '/home/pi/finalagv_ros2_ws/install/agv/bin'
[20.703s] Level 1:colcon.colcon_core.environment:create_environment_scripts_only(agv)
[20.705s] INFO:colcon.colcon_core.shell:Creating package script '/home/pi/finalagv_ros2_ws/install/agv/share/agv/package.ps1'
[20.713s] INFO:colcon.colcon_core.shell:Creating package descriptor '/home/pi/finalagv_ros2_ws/install/agv/share/agv/package.dsv'
[20.721s] INFO:colcon.colcon_core.shell:Creating package script '/home/pi/finalagv_ros2_ws/install/agv/share/agv/package.sh'
[20.728s] INFO:colcon.colcon_core.shell:Creating package script '/home/pi/finalagv_ros2_ws/install/agv/share/agv/package.bash'
[20.744s] INFO:colcon.colcon_core.shell:Creating package script '/home/pi/finalagv_ros2_ws/install/agv/share/agv/package.zsh'
[20.753s] Level 1:colcon.colcon_core.environment:create_file_with_runtime_dependencies(/home/pi/finalagv_ros2_ws/install/agv/share/colcon-core/packages/agv)
[20.755s] DEBUG:colcon.colcon_parallel_executor.executor.parallel:closing loop
[20.756s] DEBUG:colcon.colcon_parallel_executor.executor.parallel:loop closed
[20.757s] DEBUG:colcon.colcon_parallel_executor.executor.parallel:run_until_complete finished with '0'
[20.758s] DEBUG:colcon.colcon_core.event_reactor:joining thread
[20.907s] INFO:colcon.colcon_core.plugin_system:Skipping extension 'colcon_notification.desktop_notification.terminal_notifier': Not used on non-Darwin systems
[20.908s] INFO:colcon.colcon_core.plugin_system:Skipping extension 'colcon_notification.desktop_notification.win32': Not used on non-Windows systems
[20.908s] INFO:colcon.colcon_notification.desktop_notification:Sending desktop notification using 'notify2'
[21.208s] DEBUG:colcon.colcon_core.event_reactor:joined thread
[21.210s] INFO:colcon.colcon_core.shell:Creating prefix script '/home/pi/finalagv_ros2_ws/install/local_setup.ps1'
[21.216s] INFO:colcon.colcon_core.shell:Creating prefix util module '/home/pi/finalagv_ros2_ws/install/_local_setup_util_ps1.py'
[21.226s] INFO:colcon.colcon_core.shell:Creating prefix chain script '/home/pi/finalagv_ros2_ws/install/setup.ps1'
[21.235s] INFO:colcon.colcon_core.shell:Creating prefix script '/home/pi/finalagv_ros2_ws/install/local_setup.sh'
[21.239s] INFO:colcon.colcon_core.shell:Creating prefix util module '/home/pi/finalagv_ros2_ws/install/_local_setup_util_sh.py'
[21.244s] INFO:colcon.colcon_core.shell:Creating prefix chain script '/home/pi/finalagv_ros2_ws/install/setup.sh'
[21.250s] INFO:colcon.colcon_core.shell:Creating prefix script '/home/pi/finalagv_ros2_ws/install/local_setup.bash'
[21.253s] INFO:colcon.colcon_core.shell:Creating prefix chain script '/home/pi/finalagv_ros2_ws/install/setup.bash'
[21.257s] INFO:colcon.colcon_core.shell:Creating prefix script '/home/pi/finalagv_ros2_ws/install/local_setup.zsh'
[21.261s] INFO:colcon.colcon_core.shell:Creating prefix chain script '/home/pi/finalagv_ros2_ws/install/setup.zsh'
