[0.153s] Invoking command in '/home/pi/nav_ws/build/ydlidar_ros2_driver': CMAKE_PREFIX_PATH=${CMAKE_PREFIX_PATH}:/home/pi/ydlidar_ros2_ws/install/nav2_gazebo_spawner:/home/pi/ydlidar_ros2_ws/install/jdamr200_teleop:/home/pi/ydlidar_ros2_ws/install/jdamr200_node:/home/pi/nav_ws/install/agv_bringup:/opt/ros/foxy /usr/bin/cmake --build /home/pi/nav_ws/build/ydlidar_ros2_driver -- -j4 -l4
[0.498s] [ 50%] Built target ydlidar_ros2_driver_client
[0.537s] [100%] Built target ydlidar_ros2_driver_node
[0.579s] Invoked command in '/home/pi/nav_ws/build/ydlidar_ros2_driver' returned '0': CMAKE_PREFIX_PATH=${CMAKE_PREFIX_PATH}:/home/pi/ydlidar_ros2_ws/install/nav2_gazebo_spawner:/home/pi/ydlidar_ros2_ws/install/jdamr200_teleop:/home/pi/ydlidar_ros2_ws/install/jdamr200_node:/home/pi/nav_ws/install/agv_bringup:/opt/ros/foxy /usr/bin/cmake --build /home/pi/nav_ws/build/ydlidar_ros2_driver -- -j4 -l4
[0.723s] Invoking command in '/home/pi/nav_ws/build/ydlidar_ros2_driver': CMAKE_PREFIX_PATH=${CMAKE_PREFIX_PATH}:/home/pi/ydlidar_ros2_ws/install/nav2_gazebo_spawner:/home/pi/ydlidar_ros2_ws/install/jdamr200_teleop:/home/pi/ydlidar_ros2_ws/install/jdamr200_node:/home/pi/nav_ws/install/agv_bringup:/opt/ros/foxy /usr/bin/cmake --install /home/pi/nav_ws/build/ydlidar_ros2_driver
[0.759s] -- Install configuration: ""
[0.760s] -- Up-to-date: /home/pi/nav_ws/install/ydlidar_ros2_driver/lib/ydlidar_ros2_driver/ydlidar_ros2_driver_node
[0.763s] -- Up-to-date: /home/pi/nav_ws/install/ydlidar_ros2_driver/lib/ydlidar_ros2_driver/ydlidar_ros2_driver_client
[0.764s] -- Up-to-date: /home/pi/nav_ws/install/ydlidar_ros2_driver/share/ydlidar_ros2_driver/launch
[0.765s] -- Up-to-date: /home/pi/nav_ws/install/ydlidar_ros2_driver/share/ydlidar_ros2_driver/launch/ydlidar_launch_view.py
[0.766s] -- Up-to-date: /home/pi/nav_ws/install/ydlidar_ros2_driver/share/ydlidar_ros2_driver/launch/ydlidar_launch.py
[0.767s] -- Up-to-date: /home/pi/nav_ws/install/ydlidar_ros2_driver/share/ydlidar_ros2_driver/launch/ydlidar.py
[0.767s] -- Up-to-date: /home/pi/nav_ws/install/ydlidar_ros2_driver/share/ydlidar_ros2_driver/params
[0.768s] -- Up-to-date: /home/pi/nav_ws/install/ydlidar_ros2_driver/share/ydlidar_ros2_driver/params/G2.yaml
[0.768s] -- Up-to-date: /home/pi/nav_ws/install/ydlidar_ros2_driver/share/ydlidar_ros2_driver/params/X4.yaml
[0.770s] -- Up-to-date: /home/pi/nav_ws/install/ydlidar_ros2_driver/share/ydlidar_ros2_driver/params/GS2.yaml
[0.770s] -- Up-to-date: /home/pi/nav_ws/install/ydlidar_ros2_driver/share/ydlidar_ros2_driver/params/G1.yaml
[0.771s] -- Up-to-date: /home/pi/nav_ws/install/ydlidar_ros2_driver/share/ydlidar_ros2_driver/params/TG.yaml
[0.771s] -- Up-to-date: /home/pi/nav_ws/install/ydlidar_ros2_driver/share/ydlidar_ros2_driver/params/old.yaml
[0.772s] -- Up-to-date: /home/pi/nav_ws/install/ydlidar_ros2_driver/share/ydlidar_ros2_driver/params/G6.yaml
[0.772s] -- Up-to-date: /home/pi/nav_ws/install/ydlidar_ros2_driver/share/ydlidar_ros2_driver/params/TminiPro.yaml
[0.773s] -- Up-to-date: /home/pi/nav_ws/install/ydlidar_ros2_driver/share/ydlidar_ros2_driver/params/X4-Pro.yaml
[0.774s] -- Up-to-date: /home/pi/nav_ws/install/ydlidar_ros2_driver/share/ydlidar_ros2_driver/params/TEA.yaml
[0.775s] -- Up-to-date: /home/pi/nav_ws/install/ydlidar_ros2_driver/share/ydlidar_ros2_driver/params/ydlidar.yaml
[0.775s] -- Up-to-date: /home/pi/nav_ws/install/ydlidar_ros2_driver/share/ydlidar_ros2_driver/startup
[0.777s] -- Up-to-date: /home/pi/nav_ws/install/ydlidar_ros2_driver/share/ydlidar_ros2_driver/startup/initenv.sh
[0.778s] -- Up-to-date: /home/pi/nav_ws/install/ydlidar_ros2_driver/share/ydlidar_ros2_driver/config
[0.779s] -- Up-to-date: /home/pi/nav_ws/install/ydlidar_ros2_driver/share/ydlidar_ros2_driver/config/ydlidar.rviz
[0.780s] -- Up-to-date: /home/pi/nav_ws/install/ydlidar_ros2_driver/share/ament_index/resource_index/package_run_dependencies/ydlidar_ros2_driver
[0.781s] -- Up-to-date: /home/pi/nav_ws/install/ydlidar_ros2_driver/share/ament_index/resource_index/parent_prefix_path/ydlidar_ros2_driver
[0.783s] -- Up-to-date: /home/pi/nav_ws/install/ydlidar_ros2_driver/share/ydlidar_ros2_driver/environment/ament_prefix_path.sh
[0.786s] -- Up-to-date: /home/pi/nav_ws/install/ydlidar_ros2_driver/share/ydlidar_ros2_driver/environment/ament_prefix_path.dsv
[0.786s] -- Up-to-date: /home/pi/nav_ws/install/ydlidar_ros2_driver/share/ydlidar_ros2_driver/environment/path.sh
[0.787s] -- Up-to-date: /home/pi/nav_ws/install/ydlidar_ros2_driver/share/ydlidar_ros2_driver/environment/path.dsv
[0.788s] -- Up-to-date: /home/pi/nav_ws/install/ydlidar_ros2_driver/share/ydlidar_ros2_driver/local_setup.bash
[0.788s] -- Up-to-date: /home/pi/nav_ws/install/ydlidar_ros2_driver/share/ydlidar_ros2_driver/local_setup.sh
[0.789s] -- Up-to-date: /home/pi/nav_ws/install/ydlidar_ros2_driver/share/ydlidar_ros2_driver/local_setup.zsh
[0.789s] -- Up-to-date: /home/pi/nav_ws/install/ydlidar_ros2_driver/share/ydlidar_ros2_driver/local_setup.dsv
[0.790s] -- Installing: /home/pi/nav_ws/install/ydlidar_ros2_driver/share/ydlidar_ros2_driver/package.dsv
[0.790s] -- Up-to-date: /home/pi/nav_ws/install/ydlidar_ros2_driver/share/ament_index/resource_index/packages/ydlidar_ros2_driver
[0.791s] -- Up-to-date: /home/pi/nav_ws/install/ydlidar_ros2_driver/share/ydlidar_ros2_driver/cmake/ydlidar_ros2_driverConfig.cmake
[0.792s] -- Up-to-date: /home/pi/nav_ws/install/ydlidar_ros2_driver/share/ydlidar_ros2_driver/cmake/ydlidar_ros2_driverConfig-version.cmake
[0.792s] -- Up-to-date: /home/pi/nav_ws/install/ydlidar_ros2_driver/share/ydlidar_ros2_driver/package.xml
[0.793s] Invoked command in '/home/pi/nav_ws/build/ydlidar_ros2_driver' returned '0': CMAKE_PREFIX_PATH=${CMAKE_PREFIX_PATH}:/home/pi/ydlidar_ros2_ws/install/nav2_gazebo_spawner:/home/pi/ydlidar_ros2_ws/install/jdamr200_teleop:/home/pi/ydlidar_ros2_ws/install/jdamr200_node:/home/pi/nav_ws/install/agv_bringup:/opt/ros/foxy /usr/bin/cmake --install /home/pi/nav_ws/build/ydlidar_ros2_driver
