[3.016s] Invoking command in '/home/pi/ydlidar_ros2_ws/src/jdamr200_teleop': PYTHONPATH=/home/pi/ydlidar_ros2_ws/build/jdamr200_teleop/prefix_override:/usr/lib/python3/dist-packages/colcon_core/task/python/colcon_distutils_commands:/home/pi/ydlidar_ros2_ws/install/jdamr200_teleop/lib/python3.8/site-packages:${PYTHONPATH} /usr/bin/python3 -W ignore:setup.py install is deprecated setup.py egg_info --egg-base ../../build/jdamr200_teleop build --build-base /home/pi/ydlidar_ros2_ws/build/jdamr200_teleop/build install --record /home/pi/ydlidar_ros2_ws/build/jdamr200_teleop/install.log --single-version-externally-managed install_data
[3.884s] running egg_info
[3.886s] creating ../../build/jdamr200_teleop/jdamr200_teleop.egg-info
[3.887s] writing ../../build/jdamr200_teleop/jdamr200_teleop.egg-info/PKG-INFO
[3.888s] writing dependency_links to ../../build/jdamr200_teleop/jdamr200_teleop.egg-info/dependency_links.txt
[3.889s] writing entry points to ../../build/jdamr200_teleop/jdamr200_teleop.egg-info/entry_points.txt
[3.889s] writing requirements to ../../build/jdamr200_teleop/jdamr200_teleop.egg-info/requires.txt
[3.890s] writing top-level names to ../../build/jdamr200_teleop/jdamr200_teleop.egg-info/top_level.txt
[3.899s] writing manifest file '../../build/jdamr200_teleop/jdamr200_teleop.egg-info/SOURCES.txt'
[4.022s] reading manifest file '../../build/jdamr200_teleop/jdamr200_teleop.egg-info/SOURCES.txt'
[4.025s] writing manifest file '../../build/jdamr200_teleop/jdamr200_teleop.egg-info/SOURCES.txt'
[4.026s] running build
[4.027s] running build_py
[4.027s] creating /home/pi/ydlidar_ros2_ws/build/jdamr200_teleop/build
[4.027s] creating /home/pi/ydlidar_ros2_ws/build/jdamr200_teleop/build/lib
[4.028s] creating /home/pi/ydlidar_ros2_ws/build/jdamr200_teleop/build/lib/jdamr200_teleop
[4.029s] copying jdamr200_teleop/jdamr_teleop.py -> /home/pi/ydlidar_ros2_ws/build/jdamr200_teleop/build/lib/jdamr200_teleop
[4.029s] copying jdamr200_teleop/__init__.py -> /home/pi/ydlidar_ros2_ws/build/jdamr200_teleop/build/lib/jdamr200_teleop
[4.030s] running install
[4.032s] running install_lib
[4.036s] creating /home/pi/ydlidar_ros2_ws/install/jdamr200_teleop/lib/python3.8/site-packages/jdamr200_teleop
[4.036s] copying /home/pi/ydlidar_ros2_ws/build/jdamr200_teleop/build/lib/jdamr200_teleop/jdamr_teleop.py -> /home/pi/ydlidar_ros2_ws/install/jdamr200_teleop/lib/python3.8/site-packages/jdamr200_teleop
[4.037s] copying /home/pi/ydlidar_ros2_ws/build/jdamr200_teleop/build/lib/jdamr200_teleop/__init__.py -> /home/pi/ydlidar_ros2_ws/install/jdamr200_teleop/lib/python3.8/site-packages/jdamr200_teleop
[4.039s] byte-compiling /home/pi/ydlidar_ros2_ws/install/jdamr200_teleop/lib/python3.8/site-packages/jdamr200_teleop/jdamr_teleop.py to jdamr_teleop.cpython-38.pyc
[4.045s] byte-compiling /home/pi/ydlidar_ros2_ws/install/jdamr200_teleop/lib/python3.8/site-packages/jdamr200_teleop/__init__.py to __init__.cpython-38.pyc
[4.046s] running install_data
[4.047s] creating /home/pi/ydlidar_ros2_ws/install/jdamr200_teleop/share/ament_index
[4.047s] creating /home/pi/ydlidar_ros2_ws/install/jdamr200_teleop/share/ament_index/resource_index
[4.047s] creating /home/pi/ydlidar_ros2_ws/install/jdamr200_teleop/share/ament_index/resource_index/packages
[4.048s] copying resource/jdamr200_teleop -> /home/pi/ydlidar_ros2_ws/install/jdamr200_teleop/share/ament_index/resource_index/packages
[4.048s] copying package.xml -> /home/pi/ydlidar_ros2_ws/install/jdamr200_teleop/share/jdamr200_teleop
[4.049s] running install_egg_info
[4.054s] Copying ../../build/jdamr200_teleop/jdamr200_teleop.egg-info to /home/pi/ydlidar_ros2_ws/install/jdamr200_teleop/lib/python3.8/site-packages/jdamr200_teleop-0.0.0-py3.8.egg-info
[4.059s] running install_scripts
[4.120s] Installing jdamr_teleop script to /home/pi/ydlidar_ros2_ws/install/jdamr200_teleop/lib/jdamr200_teleop
[4.121s] writing list of installed files to '/home/pi/ydlidar_ros2_ws/build/jdamr200_teleop/install.log'
[4.220s] Invoked command in '/home/pi/ydlidar_ros2_ws/src/jdamr200_teleop' returned '0': PYTHONPATH=/home/pi/ydlidar_ros2_ws/build/jdamr200_teleop/prefix_override:/usr/lib/python3/dist-packages/colcon_core/task/python/colcon_distutils_commands:/home/pi/ydlidar_ros2_ws/install/jdamr200_teleop/lib/python3.8/site-packages:${PYTHONPATH} /usr/bin/python3 -W ignore:setup.py install is deprecated setup.py egg_info --egg-base ../../build/jdamr200_teleop build --build-base /home/pi/ydlidar_ros2_ws/build/jdamr200_teleop/build install --record /home/pi/ydlidar_ros2_ws/build/jdamr200_teleop/install.log --single-version-externally-managed install_data
