[0.784s] DEBUG:colcon:Command line arguments: ['/usr/bin/colcon', 'build']
[0.784s] DEBUG:colcon:Parsed command line arguments: Namespace(allow_overriding=[], ament_cmake_args=None, base_paths=['.'], build_base='build', catkin_cmake_args=None, catkin_skip_building_tests=False, cmake_args=None, cmake_clean_cache=False, cmake_clean_first=False, cmake_force_configure=False, cmake_target=None, cmake_target_skip_unavailable=False, continue_on_error=False, event_handlers=None, executor='parallel', ignore_user_meta=False, install_base='install', log_base=None, log_level=None, main=<bound method BuildVerb.main of <colcon_core.verb.build.BuildVerb object at 0xffff7f9f5d60>>, merge_install=False, metas=['./colcon.meta'], mixin=None, mixin_files=None, mixin_verb=('build',), packages_above=None, packages_above_and_dependencies=None, packages_above_depth=None, packages_end=None, packages_ignore=None, packages_ignore_regex=None, packages_select=None, packages_select_build_failed=False, packages_select_by_dep=None, packages_select_regex=None, packages_select_test_failures=False, packages_skip=None, packages_skip_build_finished=False, packages_skip_by_dep=None, packages_skip_regex=None, packages_skip_test_passed=False, packages_skip_up_to=None, packages_start=None, packages_up_to=None, packages_up_to_regex=None, parallel_workers=4, paths=None, symlink_install=False, test_result_base=None, verb_extension=<colcon_core.verb.build.BuildVerb object at 0xffff7f9f5d60>, verb_name='build', verb_parser=<colcon_mixin.mixin.mixin_argument.MixinArgumentDecorator object at 0xffff7f8ddc40>)
[1.432s] Level 1:colcon.colcon_core.package_discovery:discover_packages(colcon_meta) check parameters
[1.433s] Level 1:colcon.colcon_core.package_discovery:discover_packages(recursive) check parameters
[1.433s] Level 1:colcon.colcon_core.package_discovery:discover_packages(ignore) check parameters
[1.433s] Level 1:colcon.colcon_core.package_discovery:discover_packages(path) check parameters
[1.433s] Level 1:colcon.colcon_core.package_discovery:discover_packages(colcon_meta) discover
[1.433s] Level 1:colcon.colcon_core.package_discovery:discover_packages(recursive) discover
[1.434s] INFO:colcon.colcon_core.package_discovery:Crawling recursively for packages in '/home/pi/ydlidar_ros2_ws'
[1.434s] Level 1:colcon.colcon_core.package_identification:_identify(.) by extensions ['ignore', 'ignore_ament_install']
[1.434s] Level 1:colcon.colcon_core.package_identification:_identify(.) by extension 'ignore'
[1.435s] Level 1:colcon.colcon_core.package_identification:_identify(.) by extension 'ignore_ament_install'
[1.435s] Level 1:colcon.colcon_core.package_identification:_identify(.) by extensions ['colcon_pkg']
[1.435s] Level 1:colcon.colcon_core.package_identification:_identify(.) by extension 'colcon_pkg'
[1.435s] Level 1:colcon.colcon_core.package_identification:_identify(.) by extensions ['colcon_meta']
[1.435s] Level 1:colcon.colcon_core.package_identification:_identify(.) by extension 'colcon_meta'
[1.435s] Level 1:colcon.colcon_core.package_identification:_identify(.) by extensions ['ros']
[1.435s] Level 1:colcon.colcon_core.package_identification:_identify(.) by extension 'ros'
[1.478s] Level 1:colcon.colcon_core.package_identification:_identify(.) by extensions ['cmake', 'python']
[1.478s] Level 1:colcon.colcon_core.package_identification:_identify(.) by extension 'cmake'
[1.478s] Level 1:colcon.colcon_core.package_identification:_identify(.) by extension 'python'
[1.478s] Level 1:colcon.colcon_core.package_identification:_identify(.) by extensions ['python_setup_py']
[1.478s] Level 1:colcon.colcon_core.package_identification:_identify(.) by extension 'python_setup_py'
[1.479s] Level 1:colcon.colcon_core.package_identification:_identify(build) by extensions ['ignore', 'ignore_ament_install']
[1.479s] Level 1:colcon.colcon_core.package_identification:_identify(build) by extension 'ignore'
[1.480s] Level 1:colcon.colcon_core.package_identification:_identify(build) ignored
[1.480s] Level 1:colcon.colcon_core.package_identification:_identify(install) by extensions ['ignore', 'ignore_ament_install']
[1.480s] Level 1:colcon.colcon_core.package_identification:_identify(install) by extension 'ignore'
[1.481s] Level 1:colcon.colcon_core.package_identification:_identify(install) ignored
[1.482s] Level 1:colcon.colcon_core.package_identification:_identify(log) by extensions ['ignore', 'ignore_ament_install']
[1.482s] Level 1:colcon.colcon_core.package_identification:_identify(log) by extension 'ignore'
[1.482s] Level 1:colcon.colcon_core.package_identification:_identify(log) ignored
[1.482s] Level 1:colcon.colcon_core.package_identification:_identify(src) by extensions ['ignore', 'ignore_ament_install']
[1.483s] Level 1:colcon.colcon_core.package_identification:_identify(src) by extension 'ignore'
[1.483s] Level 1:colcon.colcon_core.package_identification:_identify(src) by extension 'ignore_ament_install'
[1.483s] Level 1:colcon.colcon_core.package_identification:_identify(src) by extensions ['colcon_pkg']
[1.483s] Level 1:colcon.colcon_core.package_identification:_identify(src) by extension 'colcon_pkg'
[1.483s] Level 1:colcon.colcon_core.package_identification:_identify(src) by extensions ['colcon_meta']
[1.483s] Level 1:colcon.colcon_core.package_identification:_identify(src) by extension 'colcon_meta'
[1.484s] Level 1:colcon.colcon_core.package_identification:_identify(src) by extensions ['ros']
[1.484s] Level 1:colcon.colcon_core.package_identification:_identify(src) by extension 'ros'
[1.484s] Level 1:colcon.colcon_core.package_identification:_identify(src) by extensions ['cmake', 'python']
[1.484s] Level 1:colcon.colcon_core.package_identification:_identify(src) by extension 'cmake'
[1.484s] Level 1:colcon.colcon_core.package_identification:_identify(src) by extension 'python'
[1.484s] Level 1:colcon.colcon_core.package_identification:_identify(src) by extensions ['python_setup_py']
[1.485s] Level 1:colcon.colcon_core.package_identification:_identify(src) by extension 'python_setup_py'
[1.485s] Level 1:colcon.colcon_core.package_identification:_identify(src/jdamr200_node) by extensions ['ignore', 'ignore_ament_install']
[1.485s] Level 1:colcon.colcon_core.package_identification:_identify(src/jdamr200_node) by extension 'ignore'
[1.485s] Level 1:colcon.colcon_core.package_identification:_identify(src/jdamr200_node) by extension 'ignore_ament_install'
[1.486s] Level 1:colcon.colcon_core.package_identification:_identify(src/jdamr200_node) by extensions ['colcon_pkg']
[1.486s] Level 1:colcon.colcon_core.package_identification:_identify(src/jdamr200_node) by extension 'colcon_pkg'
[1.486s] Level 1:colcon.colcon_core.package_identification:_identify(src/jdamr200_node) by extensions ['colcon_meta']
[1.486s] Level 1:colcon.colcon_core.package_identification:_identify(src/jdamr200_node) by extension 'colcon_meta'
[1.486s] Level 1:colcon.colcon_core.package_identification:_identify(src/jdamr200_node) by extensions ['ros']
[1.486s] Level 1:colcon.colcon_core.package_identification:_identify(src/jdamr200_node) by extension 'ros'
[1.494s] DEBUG:colcon.colcon_core.package_identification:Package 'src/jdamr200_node' with type 'ros.ament_python' and name 'jdamr200_node'
[1.495s] Level 1:colcon.colcon_core.package_identification:_identify(src/jdamr200_teleop) by extensions ['ignore', 'ignore_ament_install']
[1.495s] Level 1:colcon.colcon_core.package_identification:_identify(src/jdamr200_teleop) by extension 'ignore'
[1.496s] Level 1:colcon.colcon_core.package_identification:_identify(src/jdamr200_teleop) by extension 'ignore_ament_install'
[1.496s] Level 1:colcon.colcon_core.package_identification:_identify(src/jdamr200_teleop) by extensions ['colcon_pkg']
[1.496s] Level 1:colcon.colcon_core.package_identification:_identify(src/jdamr200_teleop) by extension 'colcon_pkg'
[1.496s] Level 1:colcon.colcon_core.package_identification:_identify(src/jdamr200_teleop) by extensions ['colcon_meta']
[1.496s] Level 1:colcon.colcon_core.package_identification:_identify(src/jdamr200_teleop) by extension 'colcon_meta'
[1.496s] Level 1:colcon.colcon_core.package_identification:_identify(src/jdamr200_teleop) by extensions ['ros']
[1.497s] Level 1:colcon.colcon_core.package_identification:_identify(src/jdamr200_teleop) by extension 'ros'
[1.498s] DEBUG:colcon.colcon_core.package_identification:Package 'src/jdamr200_teleop' with type 'ros.ament_python' and name 'jdamr200_teleop'
[1.499s] Level 1:colcon.colcon_core.package_identification:_identify(src/myagv_bringup) by extensions ['ignore', 'ignore_ament_install']
[1.499s] Level 1:colcon.colcon_core.package_identification:_identify(src/myagv_bringup) by extension 'ignore'
[1.500s] Level 1:colcon.colcon_core.package_identification:_identify(src/myagv_bringup) by extension 'ignore_ament_install'
[1.500s] Level 1:colcon.colcon_core.package_identification:_identify(src/myagv_bringup) by extensions ['colcon_pkg']
[1.500s] Level 1:colcon.colcon_core.package_identification:_identify(src/myagv_bringup) by extension 'colcon_pkg'
[1.500s] Level 1:colcon.colcon_core.package_identification:_identify(src/myagv_bringup) by extensions ['colcon_meta']
[1.500s] Level 1:colcon.colcon_core.package_identification:_identify(src/myagv_bringup) by extension 'colcon_meta'
[1.500s] Level 1:colcon.colcon_core.package_identification:_identify(src/myagv_bringup) by extensions ['ros']
[1.500s] Level 1:colcon.colcon_core.package_identification:_identify(src/myagv_bringup) by extension 'ros'
[1.502s] DEBUG:colcon.colcon_core.package_identification:Package 'src/myagv_bringup' with type 'ros.ament_cmake' and name 'myagv_bringup'
[1.503s] Level 1:colcon.colcon_core.package_identification:_identify(src/myagv_description) by extensions ['ignore', 'ignore_ament_install']
[1.503s] Level 1:colcon.colcon_core.package_identification:_identify(src/myagv_description) by extension 'ignore'
[1.503s] Level 1:colcon.colcon_core.package_identification:_identify(src/myagv_description) by extension 'ignore_ament_install'
[1.504s] Level 1:colcon.colcon_core.package_identification:_identify(src/myagv_description) by extensions ['colcon_pkg']
[1.504s] Level 1:colcon.colcon_core.package_identification:_identify(src/myagv_description) by extension 'colcon_pkg'
[1.504s] Level 1:colcon.colcon_core.package_identification:_identify(src/myagv_description) by extensions ['colcon_meta']
[1.504s] Level 1:colcon.colcon_core.package_identification:_identify(src/myagv_description) by extension 'colcon_meta'
[1.504s] Level 1:colcon.colcon_core.package_identification:_identify(src/myagv_description) by extensions ['ros']
[1.504s] Level 1:colcon.colcon_core.package_identification:_identify(src/myagv_description) by extension 'ros'
[1.506s] DEBUG:colcon.colcon_core.package_identification:Package 'src/myagv_description' with type 'ros.ament_cmake' and name 'myagv_description'
[1.507s] Level 1:colcon.colcon_core.package_identification:_identify(src/myagv_navigation2) by extensions ['ignore', 'ignore_ament_install']
[1.507s] Level 1:colcon.colcon_core.package_identification:_identify(src/myagv_navigation2) by extension 'ignore'
[1.507s] Level 1:colcon.colcon_core.package_identification:_identify(src/myagv_navigation2) by extension 'ignore_ament_install'
[1.508s] Level 1:colcon.colcon_core.package_identification:_identify(src/myagv_navigation2) by extensions ['colcon_pkg']
[1.508s] Level 1:colcon.colcon_core.package_identification:_identify(src/myagv_navigation2) by extension 'colcon_pkg'
[1.508s] Level 1:colcon.colcon_core.package_identification:_identify(src/myagv_navigation2) by extensions ['colcon_meta']
[1.508s] Level 1:colcon.colcon_core.package_identification:_identify(src/myagv_navigation2) by extension 'colcon_meta'
[1.508s] Level 1:colcon.colcon_core.package_identification:_identify(src/myagv_navigation2) by extensions ['ros']
[1.508s] Level 1:colcon.colcon_core.package_identification:_identify(src/myagv_navigation2) by extension 'ros'
[1.510s] DEBUG:colcon.colcon_core.package_identification:Package 'src/myagv_navigation2' with type 'ros.ament_cmake' and name 'myagv_navigation2'
[1.511s] Level 1:colcon.colcon_core.package_identification:_identify(src/ps2_controller) by extensions ['ignore', 'ignore_ament_install']
[1.511s] Level 1:colcon.colcon_core.package_identification:_identify(src/ps2_controller) by extension 'ignore'
[1.511s] Level 1:colcon.colcon_core.package_identification:_identify(src/ps2_controller) by extension 'ignore_ament_install'
[1.511s] Level 1:colcon.colcon_core.package_identification:_identify(src/ps2_controller) by extensions ['colcon_pkg']
[1.512s] Level 1:colcon.colcon_core.package_identification:_identify(src/ps2_controller) by extension 'colcon_pkg'
[1.512s] Level 1:colcon.colcon_core.package_identification:_identify(src/ps2_controller) by extensions ['colcon_meta']
[1.512s] Level 1:colcon.colcon_core.package_identification:_identify(src/ps2_controller) by extension 'colcon_meta'
[1.512s] Level 1:colcon.colcon_core.package_identification:_identify(src/ps2_controller) by extensions ['ros']
[1.512s] Level 1:colcon.colcon_core.package_identification:_identify(src/ps2_controller) by extension 'ros'
[1.515s] DEBUG:colcon.colcon_core.package_identification:Package 'src/ps2_controller' with type 'ros.ament_cmake' and name 'ps2_controller'
[1.515s] Level 1:colcon.colcon_core.package_identification:_identify(src/ydlidar_ros2_driver) by extensions ['ignore', 'ignore_ament_install']
[1.516s] Level 1:colcon.colcon_core.package_identification:_identify(src/ydlidar_ros2_driver) by extension 'ignore'
[1.516s] Level 1:colcon.colcon_core.package_identification:_identify(src/ydlidar_ros2_driver) by extension 'ignore_ament_install'
[1.516s] Level 1:colcon.colcon_core.package_identification:_identify(src/ydlidar_ros2_driver) by extensions ['colcon_pkg']
[1.516s] Level 1:colcon.colcon_core.package_identification:_identify(src/ydlidar_ros2_driver) by extension 'colcon_pkg'
[1.516s] Level 1:colcon.colcon_core.package_identification:_identify(src/ydlidar_ros2_driver) by extensions ['colcon_meta']
[1.517s] Level 1:colcon.colcon_core.package_identification:_identify(src/ydlidar_ros2_driver) by extension 'colcon_meta'
[1.517s] Level 1:colcon.colcon_core.package_identification:_identify(src/ydlidar_ros2_driver) by extensions ['ros']
[1.517s] Level 1:colcon.colcon_core.package_identification:_identify(src/ydlidar_ros2_driver) by extension 'ros'
[1.519s] DEBUG:colcon.colcon_core.package_identification:Package 'src/ydlidar_ros2_driver' with type 'ros.ament_cmake' and name 'ydlidar_ros2_driver'
[1.519s] Level 1:colcon.colcon_core.package_discovery:discover_packages(recursive) using defaults
[1.520s] Level 1:colcon.colcon_core.package_discovery:discover_packages(ignore) discover
[1.520s] Level 1:colcon.colcon_core.package_discovery:discover_packages(ignore) using defaults
[1.520s] Level 1:colcon.colcon_core.package_discovery:discover_packages(path) discover
[1.520s] Level 1:colcon.colcon_core.package_discovery:discover_packages(path) using defaults
[1.578s] Level 1:colcon.colcon_core.package_discovery:discover_packages(prefix_path) check parameters
[1.578s] Level 1:colcon.colcon_core.package_discovery:discover_packages(prefix_path) discover
[1.596s] DEBUG:colcon.colcon_installed_package_information.package_discovery:Found 296 installed packages in /opt/ros/foxy
[1.638s] Level 1:colcon.colcon_core.package_discovery:discover_packages(prefix_path) using defaults
[1.978s] Level 5:colcon.colcon_core.verb:set package 'jdamr200_node' build argument 'cmake_args' from command line to 'None'
[1.979s] Level 5:colcon.colcon_core.verb:set package 'jdamr200_node' build argument 'cmake_target' from command line to 'None'
[1.979s] Level 5:colcon.colcon_core.verb:set package 'jdamr200_node' build argument 'cmake_target_skip_unavailable' from command line to 'False'
[1.979s] Level 5:colcon.colcon_core.verb:set package 'jdamr200_node' build argument 'cmake_clean_cache' from command line to 'False'
[1.979s] Level 5:colcon.colcon_core.verb:set package 'jdamr200_node' build argument 'cmake_clean_first' from command line to 'False'
[1.979s] Level 5:colcon.colcon_core.verb:set package 'jdamr200_node' build argument 'cmake_force_configure' from command line to 'False'
[1.979s] Level 5:colcon.colcon_core.verb:set package 'jdamr200_node' build argument 'ament_cmake_args' from command line to 'None'
[1.979s] Level 5:colcon.colcon_core.verb:set package 'jdamr200_node' build argument 'catkin_cmake_args' from command line to 'None'
[1.979s] Level 5:colcon.colcon_core.verb:set package 'jdamr200_node' build argument 'catkin_skip_building_tests' from command line to 'False'
[1.979s] DEBUG:colcon.colcon_core.verb:Building package 'jdamr200_node' with the following arguments: {'ament_cmake_args': None, 'build_base': '/home/pi/ydlidar_ros2_ws/build/jdamr200_node', 'catkin_cmake_args': None, 'catkin_skip_building_tests': False, 'cmake_args': None, 'cmake_clean_cache': False, 'cmake_clean_first': False, 'cmake_force_configure': False, 'cmake_target': None, 'cmake_target_skip_unavailable': False, 'install_base': '/home/pi/ydlidar_ros2_ws/install/jdamr200_node', 'merge_install': False, 'path': '/home/pi/ydlidar_ros2_ws/src/jdamr200_node', 'symlink_install': False, 'test_result_base': None}
[1.981s] Level 5:colcon.colcon_core.verb:set package 'jdamr200_teleop' build argument 'cmake_args' from command line to 'None'
[1.981s] Level 5:colcon.colcon_core.verb:set package 'jdamr200_teleop' build argument 'cmake_target' from command line to 'None'
[1.981s] Level 5:colcon.colcon_core.verb:set package 'jdamr200_teleop' build argument 'cmake_target_skip_unavailable' from command line to 'False'
[1.981s] Level 5:colcon.colcon_core.verb:set package 'jdamr200_teleop' build argument 'cmake_clean_cache' from command line to 'False'
[1.981s] Level 5:colcon.colcon_core.verb:set package 'jdamr200_teleop' build argument 'cmake_clean_first' from command line to 'False'
[1.981s] Level 5:colcon.colcon_core.verb:set package 'jdamr200_teleop' build argument 'cmake_force_configure' from command line to 'False'
[1.982s] Level 5:colcon.colcon_core.verb:set package 'jdamr200_teleop' build argument 'ament_cmake_args' from command line to 'None'
[1.982s] Level 5:colcon.colcon_core.verb:set package 'jdamr200_teleop' build argument 'catkin_cmake_args' from command line to 'None'
[1.982s] Level 5:colcon.colcon_core.verb:set package 'jdamr200_teleop' build argument 'catkin_skip_building_tests' from command line to 'False'
[1.982s] DEBUG:colcon.colcon_core.verb:Building package 'jdamr200_teleop' with the following arguments: {'ament_cmake_args': None, 'build_base': '/home/pi/ydlidar_ros2_ws/build/jdamr200_teleop', 'catkin_cmake_args': None, 'catkin_skip_building_tests': False, 'cmake_args': None, 'cmake_clean_cache': False, 'cmake_clean_first': False, 'cmake_force_configure': False, 'cmake_target': None, 'cmake_target_skip_unavailable': False, 'install_base': '/home/pi/ydlidar_ros2_ws/install/jdamr200_teleop', 'merge_install': False, 'path': '/home/pi/ydlidar_ros2_ws/src/jdamr200_teleop', 'symlink_install': False, 'test_result_base': None}
[1.983s] Level 5:colcon.colcon_core.verb:set package 'myagv_description' build argument 'cmake_args' from command line to 'None'
[1.983s] Level 5:colcon.colcon_core.verb:set package 'myagv_description' build argument 'cmake_target' from command line to 'None'
[1.984s] Level 5:colcon.colcon_core.verb:set package 'myagv_description' build argument 'cmake_target_skip_unavailable' from command line to 'False'
[1.984s] Level 5:colcon.colcon_core.verb:set package 'myagv_description' build argument 'cmake_clean_cache' from command line to 'False'
[1.984s] Level 5:colcon.colcon_core.verb:set package 'myagv_description' build argument 'cmake_clean_first' from command line to 'False'
[1.984s] Level 5:colcon.colcon_core.verb:set package 'myagv_description' build argument 'cmake_force_configure' from command line to 'False'
[1.984s] Level 5:colcon.colcon_core.verb:set package 'myagv_description' build argument 'ament_cmake_args' from command line to 'None'
[1.984s] Level 5:colcon.colcon_core.verb:set package 'myagv_description' build argument 'catkin_cmake_args' from command line to 'None'
[1.984s] Level 5:colcon.colcon_core.verb:set package 'myagv_description' build argument 'catkin_skip_building_tests' from command line to 'False'
[1.984s] DEBUG:colcon.colcon_core.verb:Building package 'myagv_description' with the following arguments: {'ament_cmake_args': None, 'build_base': '/home/pi/ydlidar_ros2_ws/build/myagv_description', 'catkin_cmake_args': None, 'catkin_skip_building_tests': False, 'cmake_args': None, 'cmake_clean_cache': False, 'cmake_clean_first': False, 'cmake_force_configure': False, 'cmake_target': None, 'cmake_target_skip_unavailable': False, 'install_base': '/home/pi/ydlidar_ros2_ws/install/myagv_description', 'merge_install': False, 'path': '/home/pi/ydlidar_ros2_ws/src/myagv_description', 'symlink_install': False, 'test_result_base': None}
[1.986s] Level 5:colcon.colcon_core.verb:set package 'myagv_navigation2' build argument 'cmake_args' from command line to 'None'
[1.986s] Level 5:colcon.colcon_core.verb:set package 'myagv_navigation2' build argument 'cmake_target' from command line to 'None'
[1.986s] Level 5:colcon.colcon_core.verb:set package 'myagv_navigation2' build argument 'cmake_target_skip_unavailable' from command line to 'False'
[1.986s] Level 5:colcon.colcon_core.verb:set package 'myagv_navigation2' build argument 'cmake_clean_cache' from command line to 'False'
[1.986s] Level 5:colcon.colcon_core.verb:set package 'myagv_navigation2' build argument 'cmake_clean_first' from command line to 'False'
[1.986s] Level 5:colcon.colcon_core.verb:set package 'myagv_navigation2' build argument 'cmake_force_configure' from command line to 'False'
[1.986s] Level 5:colcon.colcon_core.verb:set package 'myagv_navigation2' build argument 'ament_cmake_args' from command line to 'None'
[1.986s] Level 5:colcon.colcon_core.verb:set package 'myagv_navigation2' build argument 'catkin_cmake_args' from command line to 'None'
[1.986s] Level 5:colcon.colcon_core.verb:set package 'myagv_navigation2' build argument 'catkin_skip_building_tests' from command line to 'False'
[1.987s] DEBUG:colcon.colcon_core.verb:Building package 'myagv_navigation2' with the following arguments: {'ament_cmake_args': None, 'build_base': '/home/pi/ydlidar_ros2_ws/build/myagv_navigation2', 'catkin_cmake_args': None, 'catkin_skip_building_tests': False, 'cmake_args': None, 'cmake_clean_cache': False, 'cmake_clean_first': False, 'cmake_force_configure': False, 'cmake_target': None, 'cmake_target_skip_unavailable': False, 'install_base': '/home/pi/ydlidar_ros2_ws/install/myagv_navigation2', 'merge_install': False, 'path': '/home/pi/ydlidar_ros2_ws/src/myagv_navigation2', 'symlink_install': False, 'test_result_base': None}
[1.988s] Level 5:colcon.colcon_core.verb:set package 'ps2_controller' build argument 'cmake_args' from command line to 'None'
[1.988s] Level 5:colcon.colcon_core.verb:set package 'ps2_controller' build argument 'cmake_target' from command line to 'None'
[1.988s] Level 5:colcon.colcon_core.verb:set package 'ps2_controller' build argument 'cmake_target_skip_unavailable' from command line to 'False'
[1.988s] Level 5:colcon.colcon_core.verb:set package 'ps2_controller' build argument 'cmake_clean_cache' from command line to 'False'
[1.988s] Level 5:colcon.colcon_core.verb:set package 'ps2_controller' build argument 'cmake_clean_first' from command line to 'False'
[1.989s] Level 5:colcon.colcon_core.verb:set package 'ps2_controller' build argument 'cmake_force_configure' from command line to 'False'
[1.989s] Level 5:colcon.colcon_core.verb:set package 'ps2_controller' build argument 'ament_cmake_args' from command line to 'None'
[1.989s] Level 5:colcon.colcon_core.verb:set package 'ps2_controller' build argument 'catkin_cmake_args' from command line to 'None'
[1.989s] Level 5:colcon.colcon_core.verb:set package 'ps2_controller' build argument 'catkin_skip_building_tests' from command line to 'False'
[1.989s] DEBUG:colcon.colcon_core.verb:Building package 'ps2_controller' with the following arguments: {'ament_cmake_args': None, 'build_base': '/home/pi/ydlidar_ros2_ws/build/ps2_controller', 'catkin_cmake_args': None, 'catkin_skip_building_tests': False, 'cmake_args': None, 'cmake_clean_cache': False, 'cmake_clean_first': False, 'cmake_force_configure': False, 'cmake_target': None, 'cmake_target_skip_unavailable': False, 'install_base': '/home/pi/ydlidar_ros2_ws/install/ps2_controller', 'merge_install': False, 'path': '/home/pi/ydlidar_ros2_ws/src/ps2_controller', 'symlink_install': False, 'test_result_base': None}
[1.990s] Level 5:colcon.colcon_core.verb:set package 'ydlidar_ros2_driver' build argument 'cmake_args' from command line to 'None'
[1.990s] Level 5:colcon.colcon_core.verb:set package 'ydlidar_ros2_driver' build argument 'cmake_target' from command line to 'None'
[1.991s] Level 5:colcon.colcon_core.verb:set package 'ydlidar_ros2_driver' build argument 'cmake_target_skip_unavailable' from command line to 'False'
[1.991s] Level 5:colcon.colcon_core.verb:set package 'ydlidar_ros2_driver' build argument 'cmake_clean_cache' from command line to 'False'
[1.991s] Level 5:colcon.colcon_core.verb:set package 'ydlidar_ros2_driver' build argument 'cmake_clean_first' from command line to 'False'
[1.991s] Level 5:colcon.colcon_core.verb:set package 'ydlidar_ros2_driver' build argument 'cmake_force_configure' from command line to 'False'
[1.991s] Level 5:colcon.colcon_core.verb:set package 'ydlidar_ros2_driver' build argument 'ament_cmake_args' from command line to 'None'
[1.991s] Level 5:colcon.colcon_core.verb:set package 'ydlidar_ros2_driver' build argument 'catkin_cmake_args' from command line to 'None'
[1.991s] Level 5:colcon.colcon_core.verb:set package 'ydlidar_ros2_driver' build argument 'catkin_skip_building_tests' from command line to 'False'
[1.991s] DEBUG:colcon.colcon_core.verb:Building package 'ydlidar_ros2_driver' with the following arguments: {'ament_cmake_args': None, 'build_base': '/home/pi/ydlidar_ros2_ws/build/ydlidar_ros2_driver', 'catkin_cmake_args': None, 'catkin_skip_building_tests': False, 'cmake_args': None, 'cmake_clean_cache': False, 'cmake_clean_first': False, 'cmake_force_configure': False, 'cmake_target': None, 'cmake_target_skip_unavailable': False, 'install_base': '/home/pi/ydlidar_ros2_ws/install/ydlidar_ros2_driver', 'merge_install': False, 'path': '/home/pi/ydlidar_ros2_ws/src/ydlidar_ros2_driver', 'symlink_install': False, 'test_result_base': None}
[1.993s] Level 5:colcon.colcon_core.verb:set package 'myagv_bringup' build argument 'cmake_args' from command line to 'None'
[1.993s] Level 5:colcon.colcon_core.verb:set package 'myagv_bringup' build argument 'cmake_target' from command line to 'None'
[1.993s] Level 5:colcon.colcon_core.verb:set package 'myagv_bringup' build argument 'cmake_target_skip_unavailable' from command line to 'False'
[1.993s] Level 5:colcon.colcon_core.verb:set package 'myagv_bringup' build argument 'cmake_clean_cache' from command line to 'False'
[1.993s] Level 5:colcon.colcon_core.verb:set package 'myagv_bringup' build argument 'cmake_clean_first' from command line to 'False'
[1.993s] Level 5:colcon.colcon_core.verb:set package 'myagv_bringup' build argument 'cmake_force_configure' from command line to 'False'
[1.993s] Level 5:colcon.colcon_core.verb:set package 'myagv_bringup' build argument 'ament_cmake_args' from command line to 'None'
[1.993s] Level 5:colcon.colcon_core.verb:set package 'myagv_bringup' build argument 'catkin_cmake_args' from command line to 'None'
[1.993s] Level 5:colcon.colcon_core.verb:set package 'myagv_bringup' build argument 'catkin_skip_building_tests' from command line to 'False'
[1.994s] DEBUG:colcon.colcon_core.verb:Building package 'myagv_bringup' with the following arguments: {'ament_cmake_args': None, 'build_base': '/home/pi/ydlidar_ros2_ws/build/myagv_bringup', 'catkin_cmake_args': None, 'catkin_skip_building_tests': False, 'cmake_args': None, 'cmake_clean_cache': False, 'cmake_clean_first': False, 'cmake_force_configure': False, 'cmake_target': None, 'cmake_target_skip_unavailable': False, 'install_base': '/home/pi/ydlidar_ros2_ws/install/myagv_bringup', 'merge_install': False, 'path': '/home/pi/ydlidar_ros2_ws/src/myagv_bringup', 'symlink_install': False, 'test_result_base': None}
[1.994s] INFO:colcon.colcon_core.executor:Executing jobs using 'parallel' executor
[1.997s] DEBUG:colcon.colcon_parallel_executor.executor.parallel:run_until_complete
[1.999s] INFO:colcon.colcon_ros.task.ament_cmake.build:Building ROS package in '/home/pi/ydlidar_ros2_ws/src/myagv_description' with build type 'ament_cmake'
[1.999s] INFO:colcon.colcon_cmake.task.cmake.build:Building CMake package in '/home/pi/ydlidar_ros2_ws/src/myagv_description'
[2.008s] INFO:colcon.colcon_core.plugin_system:Skipping extension 'colcon_core.shell.bat': Not used on non-Windows systems
[2.009s] INFO:colcon.colcon_core.shell:Skip shell extension 'powershell' for command environment: Not usable outside of PowerShell
[2.010s] DEBUG:colcon.colcon_core.shell:Skip shell extension 'dsv' for command environment
[2.030s] INFO:colcon.colcon_ros.task.ament_python.build:Building ROS package in '/home/pi/ydlidar_ros2_ws/src/jdamr200_node' with build type 'ament_python'
[2.031s] Level 1:colcon.colcon_core.shell:create_environment_hook('jdamr200_node', 'ament_prefix_path')
[2.033s] INFO:colcon.colcon_core.shell:Creating environment hook '/home/pi/ydlidar_ros2_ws/install/jdamr200_node/share/jdamr200_node/hook/ament_prefix_path.ps1'
[2.036s] INFO:colcon.colcon_core.shell:Creating environment descriptor '/home/pi/ydlidar_ros2_ws/install/jdamr200_node/share/jdamr200_node/hook/ament_prefix_path.dsv'
[2.039s] INFO:colcon.colcon_core.shell:Creating environment hook '/home/pi/ydlidar_ros2_ws/install/jdamr200_node/share/jdamr200_node/hook/ament_prefix_path.sh'
[2.042s] INFO:colcon.colcon_core.shell:Skip shell extension 'powershell' for command environment: Not usable outside of PowerShell
[2.043s] DEBUG:colcon.colcon_core.shell:Skip shell extension 'dsv' for command environment
[2.061s] INFO:colcon.colcon_ros.task.ament_python.build:Building ROS package in '/home/pi/ydlidar_ros2_ws/src/jdamr200_teleop' with build type 'ament_python'
[2.062s] Level 1:colcon.colcon_core.shell:create_environment_hook('jdamr200_teleop', 'ament_prefix_path')
[2.063s] INFO:colcon.colcon_core.shell:Creating environment hook '/home/pi/ydlidar_ros2_ws/install/jdamr200_teleop/share/jdamr200_teleop/hook/ament_prefix_path.ps1'
[2.066s] INFO:colcon.colcon_core.shell:Creating environment descriptor '/home/pi/ydlidar_ros2_ws/install/jdamr200_teleop/share/jdamr200_teleop/hook/ament_prefix_path.dsv'
[2.068s] INFO:colcon.colcon_core.shell:Creating environment hook '/home/pi/ydlidar_ros2_ws/install/jdamr200_teleop/share/jdamr200_teleop/hook/ament_prefix_path.sh'
[2.071s] INFO:colcon.colcon_core.shell:Skip shell extension 'powershell' for command environment: Not usable outside of PowerShell
[2.072s] DEBUG:colcon.colcon_core.shell:Skip shell extension 'dsv' for command environment
[2.090s] INFO:colcon.colcon_ros.task.ament_cmake.build:Building ROS package in '/home/pi/ydlidar_ros2_ws/src/myagv_navigation2' with build type 'ament_cmake'
[2.091s] INFO:colcon.colcon_cmake.task.cmake.build:Building CMake package in '/home/pi/ydlidar_ros2_ws/src/myagv_navigation2'
[2.093s] INFO:colcon.colcon_core.shell:Skip shell extension 'powershell' for command environment: Not usable outside of PowerShell
[2.093s] DEBUG:colcon.colcon_core.shell:Skip shell extension 'dsv' for command environment
[2.132s] DEBUG:colcon.colcon_core.event_handler.log_command:Invoking command in '/home/pi/ydlidar_ros2_ws/build/myagv_description': CMAKE_PREFIX_PATH=/opt/ros/foxy /usr/bin/cmake --build /home/pi/ydlidar_ros2_ws/build/myagv_description -- -j4 -l4
[3.102s] INFO:colcon.colcon_core.task.python.build:Building Python package in '/home/pi/ydlidar_ros2_ws/src/jdamr200_node'
[3.104s] INFO:colcon.colcon_core.shell:Skip shell extension 'powershell' for command environment: Not usable outside of PowerShell
[3.104s] DEBUG:colcon.colcon_core.shell:Skip shell extension 'dsv' for command environment
[4.055s] INFO:colcon.colcon_core.task.python.build:Building Python package in '/home/pi/ydlidar_ros2_ws/src/jdamr200_teleop'
[4.057s] INFO:colcon.colcon_core.shell:Skip shell extension 'powershell' for command environment: Not usable outside of PowerShell
[4.057s] DEBUG:colcon.colcon_core.shell:Skip shell extension 'dsv' for command environment
[4.095s] DEBUG:colcon.colcon_core.event_handler.log_command:Invoking command in '/home/pi/ydlidar_ros2_ws/build/myagv_navigation2': CMAKE_PREFIX_PATH=/opt/ros/foxy /usr/bin/cmake --build /home/pi/ydlidar_ros2_ws/build/myagv_navigation2 -- -j4 -l4
[4.107s] DEBUG:colcon.colcon_core.event_handler.log_command:Invoked command in '/home/pi/ydlidar_ros2_ws/build/myagv_description' returned '0': CMAKE_PREFIX_PATH=/opt/ros/foxy /usr/bin/cmake --build /home/pi/ydlidar_ros2_ws/build/myagv_description -- -j4 -l4
[4.307s] DEBUG:colcon.colcon_core.event_handler.log_command:Invoking command in '/home/pi/ydlidar_ros2_ws/build/myagv_description': CMAKE_PREFIX_PATH=/opt/ros/foxy /usr/bin/cmake --install /home/pi/ydlidar_ros2_ws/build/myagv_description
[4.326s] DEBUG:colcon.colcon_core.event_handler.log_command:Invoked command in '/home/pi/ydlidar_ros2_ws/build/myagv_navigation2' returned '0': CMAKE_PREFIX_PATH=/opt/ros/foxy /usr/bin/cmake --build /home/pi/ydlidar_ros2_ws/build/myagv_navigation2 -- -j4 -l4
[4.463s] Level 1:colcon.colcon_core.environment:create_environment_scripts_only(myagv_description)
[4.469s] DEBUG:colcon.colcon_core.event_handler.log_command:Invoked command in '/home/pi/ydlidar_ros2_ws/build/myagv_description' returned '0': CMAKE_PREFIX_PATH=/opt/ros/foxy /usr/bin/cmake --install /home/pi/ydlidar_ros2_ws/build/myagv_description
[4.487s] Level 1:colcon.colcon_core.environment:checking '/home/pi/ydlidar_ros2_ws/install/myagv_description' for CMake module files
[4.490s] Level 1:colcon.colcon_core.environment:checking '/home/pi/ydlidar_ros2_ws/install/myagv_description' for CMake config files
[4.493s] Level 1:colcon.colcon_core.shell:create_environment_hook('myagv_description', 'cmake_prefix_path')
[4.494s] INFO:colcon.colcon_core.shell:Creating environment hook '/home/pi/ydlidar_ros2_ws/install/myagv_description/share/myagv_description/hook/cmake_prefix_path.ps1'
[4.497s] INFO:colcon.colcon_core.shell:Creating environment descriptor '/home/pi/ydlidar_ros2_ws/install/myagv_description/share/myagv_description/hook/cmake_prefix_path.dsv'
[4.500s] INFO:colcon.colcon_core.shell:Creating environment hook '/home/pi/ydlidar_ros2_ws/install/myagv_description/share/myagv_description/hook/cmake_prefix_path.sh'
[4.504s] Level 1:colcon.colcon_core.environment:checking '/home/pi/ydlidar_ros2_ws/install/myagv_description/bin'
[4.505s] Level 1:colcon.colcon_core.environment:checking '/home/pi/ydlidar_ros2_ws/install/myagv_description/lib/pkgconfig/myagv_description.pc'
[4.506s] Level 1:colcon.colcon_core.environment:checking '/home/pi/ydlidar_ros2_ws/install/myagv_description/lib/python3.8/site-packages'
[4.507s] Level 1:colcon.colcon_core.environment:checking '/home/pi/ydlidar_ros2_ws/install/myagv_description/bin'
[4.508s] INFO:colcon.colcon_core.shell:Creating package script '/home/pi/ydlidar_ros2_ws/install/myagv_description/share/myagv_description/package.ps1'
[4.512s] INFO:colcon.colcon_core.shell:Creating package descriptor '/home/pi/ydlidar_ros2_ws/install/myagv_description/share/myagv_description/package.dsv'
[4.516s] INFO:colcon.colcon_core.shell:Creating package script '/home/pi/ydlidar_ros2_ws/install/myagv_description/share/myagv_description/package.sh'
[4.521s] INFO:colcon.colcon_core.shell:Creating package script '/home/pi/ydlidar_ros2_ws/install/myagv_description/share/myagv_description/package.bash'
[4.526s] INFO:colcon.colcon_core.shell:Creating package script '/home/pi/ydlidar_ros2_ws/install/myagv_description/share/myagv_description/package.zsh'
[4.530s] Level 1:colcon.colcon_core.environment:create_file_with_runtime_dependencies(/home/pi/ydlidar_ros2_ws/install/myagv_description/share/colcon-core/packages/myagv_description)
[4.558s] DEBUG:colcon.colcon_core.event_handler.log_command:Invoking command in '/home/pi/ydlidar_ros2_ws/build/myagv_navigation2': CMAKE_PREFIX_PATH=/opt/ros/foxy /usr/bin/cmake --install /home/pi/ydlidar_ros2_ws/build/myagv_navigation2
[4.632s] Level 1:colcon.colcon_core.environment:create_environment_scripts_only(myagv_navigation2)
[4.634s] Level 1:colcon.colcon_core.environment:checking '/home/pi/ydlidar_ros2_ws/install/myagv_navigation2' for CMake module files
[4.638s] DEBUG:colcon.colcon_core.event_handler.log_command:Invoked command in '/home/pi/ydlidar_ros2_ws/build/myagv_navigation2' returned '0': CMAKE_PREFIX_PATH=/opt/ros/foxy /usr/bin/cmake --install /home/pi/ydlidar_ros2_ws/build/myagv_navigation2
[4.640s] Level 1:colcon.colcon_core.environment:checking '/home/pi/ydlidar_ros2_ws/install/myagv_navigation2' for CMake config files
[4.642s] Level 1:colcon.colcon_core.shell:create_environment_hook('myagv_navigation2', 'cmake_prefix_path')
[4.643s] INFO:colcon.colcon_core.shell:Creating environment hook '/home/pi/ydlidar_ros2_ws/install/myagv_navigation2/share/myagv_navigation2/hook/cmake_prefix_path.ps1'
[4.646s] INFO:colcon.colcon_core.shell:Creating environment descriptor '/home/pi/ydlidar_ros2_ws/install/myagv_navigation2/share/myagv_navigation2/hook/cmake_prefix_path.dsv'
[4.649s] INFO:colcon.colcon_core.shell:Creating environment hook '/home/pi/ydlidar_ros2_ws/install/myagv_navigation2/share/myagv_navigation2/hook/cmake_prefix_path.sh'
[4.653s] Level 1:colcon.colcon_core.environment:checking '/home/pi/ydlidar_ros2_ws/install/myagv_navigation2/bin'
[4.654s] Level 1:colcon.colcon_core.environment:checking '/home/pi/ydlidar_ros2_ws/install/myagv_navigation2/lib/pkgconfig/myagv_navigation2.pc'
[4.655s] Level 1:colcon.colcon_core.environment:checking '/home/pi/ydlidar_ros2_ws/install/myagv_navigation2/lib/python3.8/site-packages'
[4.656s] Level 1:colcon.colcon_core.environment:checking '/home/pi/ydlidar_ros2_ws/install/myagv_navigation2/bin'
[4.658s] INFO:colcon.colcon_core.shell:Creating package script '/home/pi/ydlidar_ros2_ws/install/myagv_navigation2/share/myagv_navigation2/package.ps1'
[4.663s] INFO:colcon.colcon_core.shell:Creating package descriptor '/home/pi/ydlidar_ros2_ws/install/myagv_navigation2/share/myagv_navigation2/package.dsv'
[4.665s] INFO:colcon.colcon_core.shell:Creating package script '/home/pi/ydlidar_ros2_ws/install/myagv_navigation2/share/myagv_navigation2/package.sh'
[4.668s] INFO:colcon.colcon_core.shell:Creating package script '/home/pi/ydlidar_ros2_ws/install/myagv_navigation2/share/myagv_navigation2/package.bash'
[4.670s] INFO:colcon.colcon_core.shell:Creating package script '/home/pi/ydlidar_ros2_ws/install/myagv_navigation2/share/myagv_navigation2/package.zsh'
[4.672s] Level 1:colcon.colcon_core.environment:create_file_with_runtime_dependencies(/home/pi/ydlidar_ros2_ws/install/myagv_navigation2/share/colcon-core/packages/myagv_navigation2)
[4.687s] Level 1:colcon.colcon_core.environment:create_environment_scripts_only(myagv_description)
[4.689s] Level 1:colcon.colcon_core.environment:checking '/home/pi/ydlidar_ros2_ws/install/myagv_description' for CMake module files
[4.692s] Level 1:colcon.colcon_core.environment:checking '/home/pi/ydlidar_ros2_ws/install/myagv_description' for CMake config files
[4.694s] Level 1:colcon.colcon_core.shell:create_environment_hook('myagv_description', 'cmake_prefix_path')
[4.695s] INFO:colcon.colcon_core.shell:Creating environment hook '/home/pi/ydlidar_ros2_ws/install/myagv_description/share/myagv_description/hook/cmake_prefix_path.ps1'
[4.698s] INFO:colcon.colcon_core.shell:Creating environment descriptor '/home/pi/ydlidar_ros2_ws/install/myagv_description/share/myagv_description/hook/cmake_prefix_path.dsv'
[4.701s] INFO:colcon.colcon_core.shell:Creating environment hook '/home/pi/ydlidar_ros2_ws/install/myagv_description/share/myagv_description/hook/cmake_prefix_path.sh'
[4.705s] Level 1:colcon.colcon_core.environment:checking '/home/pi/ydlidar_ros2_ws/install/myagv_description/bin'
[4.705s] Level 1:colcon.colcon_core.environment:checking '/home/pi/ydlidar_ros2_ws/install/myagv_description/lib/pkgconfig/myagv_description.pc'
[4.706s] Level 1:colcon.colcon_core.environment:checking '/home/pi/ydlidar_ros2_ws/install/myagv_description/lib/python3.8/site-packages'
[4.707s] Level 1:colcon.colcon_core.environment:checking '/home/pi/ydlidar_ros2_ws/install/myagv_description/bin'
[4.709s] INFO:colcon.colcon_core.shell:Creating package script '/home/pi/ydlidar_ros2_ws/install/myagv_description/share/myagv_description/package.ps1'
[4.712s] INFO:colcon.colcon_core.shell:Creating package descriptor '/home/pi/ydlidar_ros2_ws/install/myagv_description/share/myagv_description/package.dsv'
[4.719s] INFO:colcon.colcon_core.shell:Creating package script '/home/pi/ydlidar_ros2_ws/install/myagv_description/share/myagv_description/package.sh'
[4.723s] INFO:colcon.colcon_core.shell:Creating package script '/home/pi/ydlidar_ros2_ws/install/myagv_description/share/myagv_description/package.bash'
[4.726s] INFO:colcon.colcon_core.shell:Creating package script '/home/pi/ydlidar_ros2_ws/install/myagv_description/share/myagv_description/package.zsh'
[4.729s] Level 1:colcon.colcon_core.environment:create_file_with_runtime_dependencies(/home/pi/ydlidar_ros2_ws/install/myagv_description/share/colcon-core/packages/myagv_description)
[4.737s] INFO:colcon.colcon_ros.task.ament_cmake.build:Building ROS package in '/home/pi/ydlidar_ros2_ws/src/ps2_controller' with build type 'ament_cmake'
[4.738s] INFO:colcon.colcon_cmake.task.cmake.build:Building CMake package in '/home/pi/ydlidar_ros2_ws/src/ps2_controller'
[4.740s] INFO:colcon.colcon_core.shell:Skip shell extension 'powershell' for command environment: Not usable outside of PowerShell
[4.740s] DEBUG:colcon.colcon_core.shell:Skip shell extension 'dsv' for command environment
[4.783s] DEBUG:colcon.colcon_core.event_handler.log_command:Invoking command in '/home/pi/ydlidar_ros2_ws/build/ps2_controller': CMAKE_PREFIX_PATH=/opt/ros/foxy /usr/bin/cmake --build /home/pi/ydlidar_ros2_ws/build/ps2_controller -- -j4 -l4
[4.801s] Level 1:colcon.colcon_core.environment:create_environment_scripts_only(myagv_navigation2)
[4.803s] Level 1:colcon.colcon_core.environment:checking '/home/pi/ydlidar_ros2_ws/install/myagv_navigation2' for CMake module files
[4.806s] Level 1:colcon.colcon_core.environment:checking '/home/pi/ydlidar_ros2_ws/install/myagv_navigation2' for CMake config files
[4.809s] Level 1:colcon.colcon_core.shell:create_environment_hook('myagv_navigation2', 'cmake_prefix_path')
[4.810s] INFO:colcon.colcon_core.shell:Creating environment hook '/home/pi/ydlidar_ros2_ws/install/myagv_navigation2/share/myagv_navigation2/hook/cmake_prefix_path.ps1'
[4.814s] INFO:colcon.colcon_core.shell:Creating environment descriptor '/home/pi/ydlidar_ros2_ws/install/myagv_navigation2/share/myagv_navigation2/hook/cmake_prefix_path.dsv'
[4.817s] INFO:colcon.colcon_core.shell:Creating environment hook '/home/pi/ydlidar_ros2_ws/install/myagv_navigation2/share/myagv_navigation2/hook/cmake_prefix_path.sh'
[4.823s] Level 1:colcon.colcon_core.environment:checking '/home/pi/ydlidar_ros2_ws/install/myagv_navigation2/bin'
[4.824s] Level 1:colcon.colcon_core.environment:checking '/home/pi/ydlidar_ros2_ws/install/myagv_navigation2/lib/pkgconfig/myagv_navigation2.pc'
[4.825s] Level 1:colcon.colcon_core.environment:checking '/home/pi/ydlidar_ros2_ws/install/myagv_navigation2/lib/python3.8/site-packages'
[4.826s] Level 1:colcon.colcon_core.environment:checking '/home/pi/ydlidar_ros2_ws/install/myagv_navigation2/bin'
[4.828s] INFO:colcon.colcon_core.shell:Creating package script '/home/pi/ydlidar_ros2_ws/install/myagv_navigation2/share/myagv_navigation2/package.ps1'
[4.831s] INFO:colcon.colcon_core.shell:Creating package descriptor '/home/pi/ydlidar_ros2_ws/install/myagv_navigation2/share/myagv_navigation2/package.dsv'
[4.835s] INFO:colcon.colcon_core.shell:Creating package script '/home/pi/ydlidar_ros2_ws/install/myagv_navigation2/share/myagv_navigation2/package.sh'
[4.839s] INFO:colcon.colcon_core.shell:Creating package script '/home/pi/ydlidar_ros2_ws/install/myagv_navigation2/share/myagv_navigation2/package.bash'
[4.843s] INFO:colcon.colcon_core.shell:Creating package script '/home/pi/ydlidar_ros2_ws/install/myagv_navigation2/share/myagv_navigation2/package.zsh'
[4.846s] Level 1:colcon.colcon_core.environment:create_file_with_runtime_dependencies(/home/pi/ydlidar_ros2_ws/install/myagv_navigation2/share/colcon-core/packages/myagv_navigation2)
[4.852s] INFO:colcon.colcon_ros.task.ament_cmake.build:Building ROS package in '/home/pi/ydlidar_ros2_ws/src/ydlidar_ros2_driver' with build type 'ament_cmake'
[4.855s] INFO:colcon.colcon_cmake.task.cmake.build:Building CMake package in '/home/pi/ydlidar_ros2_ws/src/ydlidar_ros2_driver'
[4.856s] INFO:colcon.colcon_core.shell:Skip shell extension 'powershell' for command environment: Not usable outside of PowerShell
[4.857s] DEBUG:colcon.colcon_core.shell:Skip shell extension 'dsv' for command environment
[4.907s] DEBUG:colcon.colcon_core.event_handler.log_command:Invoking command in '/home/pi/ydlidar_ros2_ws/build/ydlidar_ros2_driver': CMAKE_PREFIX_PATH=/opt/ros/foxy /usr/bin/cmake --build /home/pi/ydlidar_ros2_ws/build/ydlidar_ros2_driver -- -j4 -l4
[5.254s] DEBUG:colcon.colcon_core.event_handler.log_command:Invoked command in '/home/pi/ydlidar_ros2_ws/build/ps2_controller' returned '0': CMAKE_PREFIX_PATH=/opt/ros/foxy /usr/bin/cmake --build /home/pi/ydlidar_ros2_ws/build/ps2_controller -- -j4 -l4
[5.389s] DEBUG:colcon.colcon_core.event_handler.log_command:Invoked command in '/home/pi/ydlidar_ros2_ws/build/ydlidar_ros2_driver' returned '0': CMAKE_PREFIX_PATH=/opt/ros/foxy /usr/bin/cmake --build /home/pi/ydlidar_ros2_ws/build/ydlidar_ros2_driver -- -j4 -l4
[5.425s] DEBUG:colcon.colcon_core.event_handler.log_command:Invoking command in '/home/pi/ydlidar_ros2_ws/build/ps2_controller': CMAKE_PREFIX_PATH=/opt/ros/foxy /usr/bin/cmake --install /home/pi/ydlidar_ros2_ws/build/ps2_controller
[5.500s] Level 1:colcon.colcon_core.environment:create_environment_scripts_only(ps2_controller)
[5.502s] Level 1:colcon.colcon_core.environment:checking '/home/pi/ydlidar_ros2_ws/install/ps2_controller' for CMake module files
[5.506s] Level 1:colcon.colcon_core.environment:checking '/home/pi/ydlidar_ros2_ws/install/ps2_controller' for CMake config files
[5.510s] DEBUG:colcon.colcon_core.event_handler.log_command:Invoked command in '/home/pi/ydlidar_ros2_ws/build/ps2_controller' returned '0': CMAKE_PREFIX_PATH=/opt/ros/foxy /usr/bin/cmake --install /home/pi/ydlidar_ros2_ws/build/ps2_controller
[5.512s] Level 1:colcon.colcon_core.shell:create_environment_hook('ps2_controller', 'cmake_prefix_path')
[5.513s] INFO:colcon.colcon_core.shell:Creating environment hook '/home/pi/ydlidar_ros2_ws/install/ps2_controller/share/ps2_controller/hook/cmake_prefix_path.ps1'
[5.516s] INFO:colcon.colcon_core.shell:Creating environment descriptor '/home/pi/ydlidar_ros2_ws/install/ps2_controller/share/ps2_controller/hook/cmake_prefix_path.dsv'
[5.518s] INFO:colcon.colcon_core.shell:Creating environment hook '/home/pi/ydlidar_ros2_ws/install/ps2_controller/share/ps2_controller/hook/cmake_prefix_path.sh'
[5.521s] Level 1:colcon.colcon_core.environment:checking '/home/pi/ydlidar_ros2_ws/install/ps2_controller/lib'
[5.523s] Level 1:colcon.colcon_core.environment:checking '/home/pi/ydlidar_ros2_ws/install/ps2_controller/bin'
[5.524s] Level 1:colcon.colcon_core.environment:checking '/home/pi/ydlidar_ros2_ws/install/ps2_controller/lib/pkgconfig/ps2_controller.pc'
[5.525s] Level 1:colcon.colcon_core.environment:checking '/home/pi/ydlidar_ros2_ws/install/ps2_controller/lib/python3.8/site-packages'
[5.526s] Level 1:colcon.colcon_core.environment:checking '/home/pi/ydlidar_ros2_ws/install/ps2_controller/bin'
[5.529s] INFO:colcon.colcon_core.shell:Creating package script '/home/pi/ydlidar_ros2_ws/install/ps2_controller/share/ps2_controller/package.ps1'
[5.533s] INFO:colcon.colcon_core.shell:Creating package descriptor '/home/pi/ydlidar_ros2_ws/install/ps2_controller/share/ps2_controller/package.dsv'
[5.536s] INFO:colcon.colcon_core.shell:Creating package script '/home/pi/ydlidar_ros2_ws/install/ps2_controller/share/ps2_controller/package.sh'
[5.539s] INFO:colcon.colcon_core.shell:Creating package script '/home/pi/ydlidar_ros2_ws/install/ps2_controller/share/ps2_controller/package.bash'
[5.541s] INFO:colcon.colcon_core.shell:Creating package script '/home/pi/ydlidar_ros2_ws/install/ps2_controller/share/ps2_controller/package.zsh'
[5.544s] Level 1:colcon.colcon_core.environment:create_file_with_runtime_dependencies(/home/pi/ydlidar_ros2_ws/install/ps2_controller/share/colcon-core/packages/ps2_controller)
[5.575s] DEBUG:colcon.colcon_core.event_handler.log_command:Invoking command in '/home/pi/ydlidar_ros2_ws/build/ydlidar_ros2_driver': CMAKE_PREFIX_PATH=/opt/ros/foxy /usr/bin/cmake --install /home/pi/ydlidar_ros2_ws/build/ydlidar_ros2_driver
[5.656s] Level 1:colcon.colcon_core.environment:create_environment_scripts_only(ydlidar_ros2_driver)
[5.657s] Level 1:colcon.colcon_core.environment:checking '/home/pi/ydlidar_ros2_ws/install/ydlidar_ros2_driver' for CMake module files
[5.666s] Level 1:colcon.colcon_core.environment:checking '/home/pi/ydlidar_ros2_ws/install/ydlidar_ros2_driver' for CMake config files
[5.676s] Level 1:colcon.colcon_core.shell:create_environment_hook('ydlidar_ros2_driver', 'cmake_prefix_path')
[5.677s] INFO:colcon.colcon_core.shell:Creating environment hook '/home/pi/ydlidar_ros2_ws/install/ydlidar_ros2_driver/share/ydlidar_ros2_driver/hook/cmake_prefix_path.ps1'
[5.673s] DEBUG:colcon.colcon_core.event_handler.log_command:Invoked command in '/home/pi/ydlidar_ros2_ws/build/ydlidar_ros2_driver' returned '0': CMAKE_PREFIX_PATH=/opt/ros/foxy /usr/bin/cmake --install /home/pi/ydlidar_ros2_ws/build/ydlidar_ros2_driver
[5.681s] INFO:colcon.colcon_core.shell:Creating environment descriptor '/home/pi/ydlidar_ros2_ws/install/ydlidar_ros2_driver/share/ydlidar_ros2_driver/hook/cmake_prefix_path.dsv'
[5.684s] INFO:colcon.colcon_core.shell:Creating environment hook '/home/pi/ydlidar_ros2_ws/install/ydlidar_ros2_driver/share/ydlidar_ros2_driver/hook/cmake_prefix_path.sh'
[5.688s] Level 1:colcon.colcon_core.environment:checking '/home/pi/ydlidar_ros2_ws/install/ydlidar_ros2_driver/lib'
[5.689s] Level 1:colcon.colcon_core.environment:checking '/home/pi/ydlidar_ros2_ws/install/ydlidar_ros2_driver/bin'
[5.689s] Level 1:colcon.colcon_core.environment:checking '/home/pi/ydlidar_ros2_ws/install/ydlidar_ros2_driver/lib/pkgconfig/ydlidar_ros2_driver.pc'
[5.691s] Level 1:colcon.colcon_core.environment:checking '/home/pi/ydlidar_ros2_ws/install/ydlidar_ros2_driver/lib/python3.8/site-packages'
[5.692s] Level 1:colcon.colcon_core.environment:checking '/home/pi/ydlidar_ros2_ws/install/ydlidar_ros2_driver/bin'
[5.694s] INFO:colcon.colcon_core.shell:Creating package script '/home/pi/ydlidar_ros2_ws/install/ydlidar_ros2_driver/share/ydlidar_ros2_driver/package.ps1'
[5.697s] INFO:colcon.colcon_core.shell:Creating package descriptor '/home/pi/ydlidar_ros2_ws/install/ydlidar_ros2_driver/share/ydlidar_ros2_driver/package.dsv'
[5.700s] INFO:colcon.colcon_core.shell:Creating package script '/home/pi/ydlidar_ros2_ws/install/ydlidar_ros2_driver/share/ydlidar_ros2_driver/package.sh'
[5.704s] INFO:colcon.colcon_core.shell:Creating package script '/home/pi/ydlidar_ros2_ws/install/ydlidar_ros2_driver/share/ydlidar_ros2_driver/package.bash'
[5.706s] INFO:colcon.colcon_core.shell:Creating package script '/home/pi/ydlidar_ros2_ws/install/ydlidar_ros2_driver/share/ydlidar_ros2_driver/package.zsh'
[5.710s] Level 1:colcon.colcon_core.environment:create_file_with_runtime_dependencies(/home/pi/ydlidar_ros2_ws/install/ydlidar_ros2_driver/share/colcon-core/packages/ydlidar_ros2_driver)
[5.740s] Level 1:colcon.colcon_core.environment:create_environment_scripts_only(ps2_controller)
[5.742s] Level 1:colcon.colcon_core.environment:checking '/home/pi/ydlidar_ros2_ws/install/ps2_controller' for CMake module files
[5.746s] Level 1:colcon.colcon_core.environment:checking '/home/pi/ydlidar_ros2_ws/install/ps2_controller' for CMake config files
[5.749s] Level 1:colcon.colcon_core.shell:create_environment_hook('ps2_controller', 'cmake_prefix_path')
[5.750s] INFO:colcon.colcon_core.shell:Creating environment hook '/home/pi/ydlidar_ros2_ws/install/ps2_controller/share/ps2_controller/hook/cmake_prefix_path.ps1'
[5.754s] INFO:colcon.colcon_core.shell:Creating environment descriptor '/home/pi/ydlidar_ros2_ws/install/ps2_controller/share/ps2_controller/hook/cmake_prefix_path.dsv'
[5.757s] INFO:colcon.colcon_core.shell:Creating environment hook '/home/pi/ydlidar_ros2_ws/install/ps2_controller/share/ps2_controller/hook/cmake_prefix_path.sh'
[5.761s] Level 1:colcon.colcon_core.environment:checking '/home/pi/ydlidar_ros2_ws/install/ps2_controller/lib'
[5.762s] Level 1:colcon.colcon_core.environment:checking '/home/pi/ydlidar_ros2_ws/install/ps2_controller/bin'
[5.763s] Level 1:colcon.colcon_core.environment:checking '/home/pi/ydlidar_ros2_ws/install/ps2_controller/lib/pkgconfig/ps2_controller.pc'
[5.764s] Level 1:colcon.colcon_core.environment:checking '/home/pi/ydlidar_ros2_ws/install/ps2_controller/lib/python3.8/site-packages'
[5.765s] Level 1:colcon.colcon_core.environment:checking '/home/pi/ydlidar_ros2_ws/install/ps2_controller/bin'
[5.767s] INFO:colcon.colcon_core.shell:Creating package script '/home/pi/ydlidar_ros2_ws/install/ps2_controller/share/ps2_controller/package.ps1'
[5.771s] INFO:colcon.colcon_core.shell:Creating package descriptor '/home/pi/ydlidar_ros2_ws/install/ps2_controller/share/ps2_controller/package.dsv'
[5.774s] INFO:colcon.colcon_core.shell:Creating package script '/home/pi/ydlidar_ros2_ws/install/ps2_controller/share/ps2_controller/package.sh'
[5.777s] INFO:colcon.colcon_core.shell:Creating package script '/home/pi/ydlidar_ros2_ws/install/ps2_controller/share/ps2_controller/package.bash'
[5.791s] INFO:colcon.colcon_core.shell:Creating package script '/home/pi/ydlidar_ros2_ws/install/ps2_controller/share/ps2_controller/package.zsh'
[5.795s] Level 1:colcon.colcon_core.environment:create_file_with_runtime_dependencies(/home/pi/ydlidar_ros2_ws/install/ps2_controller/share/colcon-core/packages/ps2_controller)
[5.800s] INFO:colcon.colcon_ros.task.ament_cmake.build:Building ROS package in '/home/pi/ydlidar_ros2_ws/src/myagv_bringup' with build type 'ament_cmake'
[5.801s] INFO:colcon.colcon_cmake.task.cmake.build:Building CMake package in '/home/pi/ydlidar_ros2_ws/src/myagv_bringup'
[5.803s] INFO:colcon.colcon_core.shell:Skip shell extension 'powershell' for command environment: Not usable outside of PowerShell
[5.803s] DEBUG:colcon.colcon_core.shell:Skip shell extension 'dsv' for command environment
[5.851s] DEBUG:colcon.colcon_core.event_handler.log_command:Invoking command in '/home/pi/ydlidar_ros2_ws/build/myagv_bringup': AMENT_PREFIX_PATH=/home/pi/ydlidar_ros2_ws/install/myagv_description:${AMENT_PREFIX_PATH} CMAKE_PREFIX_PATH=/home/pi/ydlidar_ros2_ws/install/myagv_description:/opt/ros/foxy /usr/bin/cmake --build /home/pi/ydlidar_ros2_ws/build/myagv_bringup -- -j4 -l4
[5.870s] Level 1:colcon.colcon_core.environment:create_environment_scripts_only(ydlidar_ros2_driver)
[5.872s] Level 1:colcon.colcon_core.environment:checking '/home/pi/ydlidar_ros2_ws/install/ydlidar_ros2_driver' for CMake module files
[5.875s] Level 1:colcon.colcon_core.environment:checking '/home/pi/ydlidar_ros2_ws/install/ydlidar_ros2_driver' for CMake config files
[5.878s] Level 1:colcon.colcon_core.shell:create_environment_hook('ydlidar_ros2_driver', 'cmake_prefix_path')
[5.879s] INFO:colcon.colcon_core.shell:Creating environment hook '/home/pi/ydlidar_ros2_ws/install/ydlidar_ros2_driver/share/ydlidar_ros2_driver/hook/cmake_prefix_path.ps1'
[5.882s] INFO:colcon.colcon_core.shell:Creating environment descriptor '/home/pi/ydlidar_ros2_ws/install/ydlidar_ros2_driver/share/ydlidar_ros2_driver/hook/cmake_prefix_path.dsv'
[5.885s] INFO:colcon.colcon_core.shell:Creating environment hook '/home/pi/ydlidar_ros2_ws/install/ydlidar_ros2_driver/share/ydlidar_ros2_driver/hook/cmake_prefix_path.sh'
[5.890s] Level 1:colcon.colcon_core.environment:checking '/home/pi/ydlidar_ros2_ws/install/ydlidar_ros2_driver/lib'
[5.891s] Level 1:colcon.colcon_core.environment:checking '/home/pi/ydlidar_ros2_ws/install/ydlidar_ros2_driver/bin'
[5.891s] Level 1:colcon.colcon_core.environment:checking '/home/pi/ydlidar_ros2_ws/install/ydlidar_ros2_driver/lib/pkgconfig/ydlidar_ros2_driver.pc'
[5.892s] Level 1:colcon.colcon_core.environment:checking '/home/pi/ydlidar_ros2_ws/install/ydlidar_ros2_driver/lib/python3.8/site-packages'
[5.893s] Level 1:colcon.colcon_core.environment:checking '/home/pi/ydlidar_ros2_ws/install/ydlidar_ros2_driver/bin'
[5.896s] INFO:colcon.colcon_core.shell:Creating package script '/home/pi/ydlidar_ros2_ws/install/ydlidar_ros2_driver/share/ydlidar_ros2_driver/package.ps1'
[5.901s] INFO:colcon.colcon_core.shell:Creating package descriptor '/home/pi/ydlidar_ros2_ws/install/ydlidar_ros2_driver/share/ydlidar_ros2_driver/package.dsv'
[5.905s] INFO:colcon.colcon_core.shell:Creating package script '/home/pi/ydlidar_ros2_ws/install/ydlidar_ros2_driver/share/ydlidar_ros2_driver/package.sh'
[5.908s] INFO:colcon.colcon_core.shell:Creating package script '/home/pi/ydlidar_ros2_ws/install/ydlidar_ros2_driver/share/ydlidar_ros2_driver/package.bash'
[5.913s] INFO:colcon.colcon_core.shell:Creating package script '/home/pi/ydlidar_ros2_ws/install/ydlidar_ros2_driver/share/ydlidar_ros2_driver/package.zsh'
[5.916s] Level 1:colcon.colcon_core.environment:create_file_with_runtime_dependencies(/home/pi/ydlidar_ros2_ws/install/ydlidar_ros2_driver/share/colcon-core/packages/ydlidar_ros2_driver)
[6.039s] DEBUG:colcon.colcon_core.event_handler.log_command:Invoked command in '/home/pi/ydlidar_ros2_ws/build/myagv_bringup' returned '0': AMENT_PREFIX_PATH=/home/pi/ydlidar_ros2_ws/install/myagv_description:${AMENT_PREFIX_PATH} CMAKE_PREFIX_PATH=/home/pi/ydlidar_ros2_ws/install/myagv_description:/opt/ros/foxy /usr/bin/cmake --build /home/pi/ydlidar_ros2_ws/build/myagv_bringup -- -j4 -l4
[6.143s] DEBUG:colcon.colcon_core.event_handler.log_command:Invoking command in '/home/pi/ydlidar_ros2_ws/build/myagv_bringup': AMENT_PREFIX_PATH=/home/pi/ydlidar_ros2_ws/install/myagv_description:${AMENT_PREFIX_PATH} CMAKE_PREFIX_PATH=/home/pi/ydlidar_ros2_ws/install/myagv_description:/opt/ros/foxy /usr/bin/cmake --install /home/pi/ydlidar_ros2_ws/build/myagv_bringup
[6.197s] Level 1:colcon.colcon_core.environment:create_environment_scripts_only(myagv_bringup)
[6.199s] Level 1:colcon.colcon_core.environment:checking '/home/pi/ydlidar_ros2_ws/install/myagv_bringup' for CMake module files
[6.202s] Level 1:colcon.colcon_core.environment:checking '/home/pi/ydlidar_ros2_ws/install/myagv_bringup' for CMake config files
[6.204s] Level 1:colcon.colcon_core.shell:create_environment_hook('myagv_bringup', 'cmake_prefix_path')
[6.205s] INFO:colcon.colcon_core.shell:Creating environment hook '/home/pi/ydlidar_ros2_ws/install/myagv_bringup/share/myagv_bringup/hook/cmake_prefix_path.ps1'
[6.212s] INFO:colcon.colcon_core.shell:Creating environment descriptor '/home/pi/ydlidar_ros2_ws/install/myagv_bringup/share/myagv_bringup/hook/cmake_prefix_path.dsv'
[6.215s] INFO:colcon.colcon_core.shell:Creating environment hook '/home/pi/ydlidar_ros2_ws/install/myagv_bringup/share/myagv_bringup/hook/cmake_prefix_path.sh'
[6.221s] DEBUG:colcon.colcon_core.event_handler.log_command:Invoked command in '/home/pi/ydlidar_ros2_ws/build/myagv_bringup' returned '0': AMENT_PREFIX_PATH=/home/pi/ydlidar_ros2_ws/install/myagv_description:${AMENT_PREFIX_PATH} CMAKE_PREFIX_PATH=/home/pi/ydlidar_ros2_ws/install/myagv_description:/opt/ros/foxy /usr/bin/cmake --install /home/pi/ydlidar_ros2_ws/build/myagv_bringup
[6.222s] Level 1:colcon.colcon_core.environment:checking '/home/pi/ydlidar_ros2_ws/install/myagv_bringup/bin'
[6.222s] Level 1:colcon.colcon_core.environment:checking '/home/pi/ydlidar_ros2_ws/install/myagv_bringup/lib/pkgconfig/myagv_bringup.pc'
[6.223s] Level 1:colcon.colcon_core.environment:checking '/home/pi/ydlidar_ros2_ws/install/myagv_bringup/lib/python3.8/site-packages'
[6.224s] Level 1:colcon.colcon_core.environment:checking '/home/pi/ydlidar_ros2_ws/install/myagv_bringup/bin'
[6.226s] INFO:colcon.colcon_core.shell:Creating package script '/home/pi/ydlidar_ros2_ws/install/myagv_bringup/share/myagv_bringup/package.ps1'
[6.228s] INFO:colcon.colcon_core.shell:Creating package descriptor '/home/pi/ydlidar_ros2_ws/install/myagv_bringup/share/myagv_bringup/package.dsv'
[6.232s] INFO:colcon.colcon_core.shell:Creating package script '/home/pi/ydlidar_ros2_ws/install/myagv_bringup/share/myagv_bringup/package.sh'
[6.236s] INFO:colcon.colcon_core.shell:Creating package script '/home/pi/ydlidar_ros2_ws/install/myagv_bringup/share/myagv_bringup/package.bash'
[6.239s] INFO:colcon.colcon_core.shell:Creating package script '/home/pi/ydlidar_ros2_ws/install/myagv_bringup/share/myagv_bringup/package.zsh'
[6.243s] Level 1:colcon.colcon_core.environment:create_file_with_runtime_dependencies(/home/pi/ydlidar_ros2_ws/install/myagv_bringup/share/colcon-core/packages/myagv_bringup)
[6.385s] Level 1:colcon.colcon_core.environment:create_environment_scripts_only(myagv_bringup)
[6.388s] Level 1:colcon.colcon_core.environment:checking '/home/pi/ydlidar_ros2_ws/install/myagv_bringup' for CMake module files
[6.393s] Level 1:colcon.colcon_core.environment:checking '/home/pi/ydlidar_ros2_ws/install/myagv_bringup' for CMake config files
[6.398s] Level 1:colcon.colcon_core.shell:create_environment_hook('myagv_bringup', 'cmake_prefix_path')
[6.400s] INFO:colcon.colcon_core.shell:Creating environment hook '/home/pi/ydlidar_ros2_ws/install/myagv_bringup/share/myagv_bringup/hook/cmake_prefix_path.ps1'
[6.407s] INFO:colcon.colcon_core.shell:Creating environment descriptor '/home/pi/ydlidar_ros2_ws/install/myagv_bringup/share/myagv_bringup/hook/cmake_prefix_path.dsv'
[6.415s] INFO:colcon.colcon_core.shell:Creating environment hook '/home/pi/ydlidar_ros2_ws/install/myagv_bringup/share/myagv_bringup/hook/cmake_prefix_path.sh'
[6.425s] Level 1:colcon.colcon_core.environment:checking '/home/pi/ydlidar_ros2_ws/install/myagv_bringup/bin'
[6.426s] Level 1:colcon.colcon_core.environment:checking '/home/pi/ydlidar_ros2_ws/install/myagv_bringup/lib/pkgconfig/myagv_bringup.pc'
[6.429s] Level 1:colcon.colcon_core.environment:checking '/home/pi/ydlidar_ros2_ws/install/myagv_bringup/lib/python3.8/site-packages'
[6.431s] Level 1:colcon.colcon_core.environment:checking '/home/pi/ydlidar_ros2_ws/install/myagv_bringup/bin'
[6.434s] INFO:colcon.colcon_core.shell:Creating package script '/home/pi/ydlidar_ros2_ws/install/myagv_bringup/share/myagv_bringup/package.ps1'
[6.446s] INFO:colcon.colcon_core.shell:Creating package descriptor '/home/pi/ydlidar_ros2_ws/install/myagv_bringup/share/myagv_bringup/package.dsv'
[6.452s] INFO:colcon.colcon_core.shell:Creating package script '/home/pi/ydlidar_ros2_ws/install/myagv_bringup/share/myagv_bringup/package.sh'
[6.457s] INFO:colcon.colcon_core.shell:Creating package script '/home/pi/ydlidar_ros2_ws/install/myagv_bringup/share/myagv_bringup/package.bash'
[6.462s] INFO:colcon.colcon_core.shell:Creating package script '/home/pi/ydlidar_ros2_ws/install/myagv_bringup/share/myagv_bringup/package.zsh'
[6.466s] Level 1:colcon.colcon_core.environment:create_file_with_runtime_dependencies(/home/pi/ydlidar_ros2_ws/install/myagv_bringup/share/colcon-core/packages/myagv_bringup)
[6.489s] DEBUG:colcon.colcon_core.event_handler.log_command:Invoking command in '/home/pi/ydlidar_ros2_ws/src/jdamr200_node': PYTHONPATH=/home/pi/ydlidar_ros2_ws/build/jdamr200_node/prefix_override:/usr/lib/python3/dist-packages/colcon_core/task/python/colcon_distutils_commands:/home/pi/ydlidar_ros2_ws/install/jdamr200_node/lib/python3.8/site-packages:${PYTHONPATH} /usr/bin/python3 -W ignore:setup.py install is deprecated setup.py egg_info --egg-base ../../build/jdamr200_node build --build-base /home/pi/ydlidar_ros2_ws/build/jdamr200_node/build install --record /home/pi/ydlidar_ros2_ws/build/jdamr200_node/install.log --single-version-externally-managed install_data
[6.552s] DEBUG:colcon.colcon_core.event_handler.log_command:Invoking command in '/home/pi/ydlidar_ros2_ws/src/jdamr200_teleop': PYTHONPATH=/home/pi/ydlidar_ros2_ws/build/jdamr200_teleop/prefix_override:/usr/lib/python3/dist-packages/colcon_core/task/python/colcon_distutils_commands:/home/pi/ydlidar_ros2_ws/install/jdamr200_teleop/lib/python3.8/site-packages:${PYTHONPATH} /usr/bin/python3 -W ignore:setup.py install is deprecated setup.py egg_info --egg-base ../../build/jdamr200_teleop build --build-base /home/pi/ydlidar_ros2_ws/build/jdamr200_teleop/build install --record /home/pi/ydlidar_ros2_ws/build/jdamr200_teleop/install.log --single-version-externally-managed install_data
[7.855s] Level 1:colcon.colcon_core.environment:checking '/home/pi/ydlidar_ros2_ws/install/jdamr200_node' for CMake module files
[7.858s] DEBUG:colcon.colcon_core.event_handler.log_command:Invoked command in '/home/pi/ydlidar_ros2_ws/src/jdamr200_node' returned '0': PYTHONPATH=/home/pi/ydlidar_ros2_ws/build/jdamr200_node/prefix_override:/usr/lib/python3/dist-packages/colcon_core/task/python/colcon_distutils_commands:/home/pi/ydlidar_ros2_ws/install/jdamr200_node/lib/python3.8/site-packages:${PYTHONPATH} /usr/bin/python3 -W ignore:setup.py install is deprecated setup.py egg_info --egg-base ../../build/jdamr200_node build --build-base /home/pi/ydlidar_ros2_ws/build/jdamr200_node/build install --record /home/pi/ydlidar_ros2_ws/build/jdamr200_node/install.log --single-version-externally-managed install_data
[7.861s] Level 1:colcon.colcon_core.environment:checking '/home/pi/ydlidar_ros2_ws/install/jdamr200_node' for CMake config files
[7.866s] Level 1:colcon.colcon_core.environment:checking '/home/pi/ydlidar_ros2_ws/install/jdamr200_node/lib'
[7.867s] Level 1:colcon.colcon_core.environment:checking '/home/pi/ydlidar_ros2_ws/install/jdamr200_node/bin'
[7.868s] Level 1:colcon.colcon_core.environment:checking '/home/pi/ydlidar_ros2_ws/install/jdamr200_node/lib/pkgconfig/jdamr200_node.pc'
[7.870s] Level 1:colcon.colcon_core.environment:checking '/home/pi/ydlidar_ros2_ws/install/jdamr200_node/lib/python3.8/site-packages'
[7.870s] Level 1:colcon.colcon_core.shell:create_environment_hook('jdamr200_node', 'pythonpath')
[7.872s] INFO:colcon.colcon_core.shell:Creating environment hook '/home/pi/ydlidar_ros2_ws/install/jdamr200_node/share/jdamr200_node/hook/pythonpath.ps1'
[7.877s] INFO:colcon.colcon_core.shell:Creating environment descriptor '/home/pi/ydlidar_ros2_ws/install/jdamr200_node/share/jdamr200_node/hook/pythonpath.dsv'
[7.881s] INFO:colcon.colcon_core.shell:Creating environment hook '/home/pi/ydlidar_ros2_ws/install/jdamr200_node/share/jdamr200_node/hook/pythonpath.sh'
[7.885s] Level 1:colcon.colcon_core.environment:checking '/home/pi/ydlidar_ros2_ws/install/jdamr200_node/bin'
[7.885s] Level 1:colcon.colcon_core.environment:create_environment_scripts_only(jdamr200_node)
[7.887s] INFO:colcon.colcon_core.shell:Creating package script '/home/pi/ydlidar_ros2_ws/install/jdamr200_node/share/jdamr200_node/package.ps1'
[7.891s] INFO:colcon.colcon_core.shell:Creating package descriptor '/home/pi/ydlidar_ros2_ws/install/jdamr200_node/share/jdamr200_node/package.dsv'
[7.894s] INFO:colcon.colcon_core.shell:Creating package script '/home/pi/ydlidar_ros2_ws/install/jdamr200_node/share/jdamr200_node/package.sh'
[7.898s] INFO:colcon.colcon_core.shell:Creating package script '/home/pi/ydlidar_ros2_ws/install/jdamr200_node/share/jdamr200_node/package.bash'
[7.901s] INFO:colcon.colcon_core.shell:Creating package script '/home/pi/ydlidar_ros2_ws/install/jdamr200_node/share/jdamr200_node/package.zsh'
[7.904s] Level 1:colcon.colcon_core.environment:create_file_with_runtime_dependencies(/home/pi/ydlidar_ros2_ws/install/jdamr200_node/share/colcon-core/packages/jdamr200_node)
[7.923s] Level 1:colcon.colcon_core.environment:checking '/home/pi/ydlidar_ros2_ws/install/jdamr200_teleop' for CMake module files
[7.924s] DEBUG:colcon.colcon_core.event_handler.log_command:Invoked command in '/home/pi/ydlidar_ros2_ws/src/jdamr200_teleop' returned '0': PYTHONPATH=/home/pi/ydlidar_ros2_ws/build/jdamr200_teleop/prefix_override:/usr/lib/python3/dist-packages/colcon_core/task/python/colcon_distutils_commands:/home/pi/ydlidar_ros2_ws/install/jdamr200_teleop/lib/python3.8/site-packages:${PYTHONPATH} /usr/bin/python3 -W ignore:setup.py install is deprecated setup.py egg_info --egg-base ../../build/jdamr200_teleop build --build-base /home/pi/ydlidar_ros2_ws/build/jdamr200_teleop/build install --record /home/pi/ydlidar_ros2_ws/build/jdamr200_teleop/install.log --single-version-externally-managed install_data
[7.926s] Level 1:colcon.colcon_core.environment:checking '/home/pi/ydlidar_ros2_ws/install/jdamr200_teleop' for CMake config files
[7.928s] Level 1:colcon.colcon_core.environment:checking '/home/pi/ydlidar_ros2_ws/install/jdamr200_teleop/lib'
[7.929s] Level 1:colcon.colcon_core.environment:checking '/home/pi/ydlidar_ros2_ws/install/jdamr200_teleop/bin'
[7.929s] Level 1:colcon.colcon_core.environment:checking '/home/pi/ydlidar_ros2_ws/install/jdamr200_teleop/lib/pkgconfig/jdamr200_teleop.pc'
[7.930s] Level 1:colcon.colcon_core.environment:checking '/home/pi/ydlidar_ros2_ws/install/jdamr200_teleop/lib/python3.8/site-packages'
[7.930s] Level 1:colcon.colcon_core.shell:create_environment_hook('jdamr200_teleop', 'pythonpath')
[7.931s] INFO:colcon.colcon_core.shell:Creating environment hook '/home/pi/ydlidar_ros2_ws/install/jdamr200_teleop/share/jdamr200_teleop/hook/pythonpath.ps1'
[7.933s] INFO:colcon.colcon_core.shell:Creating environment descriptor '/home/pi/ydlidar_ros2_ws/install/jdamr200_teleop/share/jdamr200_teleop/hook/pythonpath.dsv'
[7.934s] INFO:colcon.colcon_core.shell:Creating environment hook '/home/pi/ydlidar_ros2_ws/install/jdamr200_teleop/share/jdamr200_teleop/hook/pythonpath.sh'
[7.937s] Level 1:colcon.colcon_core.environment:checking '/home/pi/ydlidar_ros2_ws/install/jdamr200_teleop/bin'
[7.937s] Level 1:colcon.colcon_core.environment:create_environment_scripts_only(jdamr200_teleop)
[7.938s] INFO:colcon.colcon_core.shell:Creating package script '/home/pi/ydlidar_ros2_ws/install/jdamr200_teleop/share/jdamr200_teleop/package.ps1'
[7.941s] INFO:colcon.colcon_core.shell:Creating package descriptor '/home/pi/ydlidar_ros2_ws/install/jdamr200_teleop/share/jdamr200_teleop/package.dsv'
[7.943s] INFO:colcon.colcon_core.shell:Creating package script '/home/pi/ydlidar_ros2_ws/install/jdamr200_teleop/share/jdamr200_teleop/package.sh'
[7.946s] INFO:colcon.colcon_core.shell:Creating package script '/home/pi/ydlidar_ros2_ws/install/jdamr200_teleop/share/jdamr200_teleop/package.bash'
[7.948s] INFO:colcon.colcon_core.shell:Creating package script '/home/pi/ydlidar_ros2_ws/install/jdamr200_teleop/share/jdamr200_teleop/package.zsh'
[7.949s] Level 1:colcon.colcon_core.environment:create_file_with_runtime_dependencies(/home/pi/ydlidar_ros2_ws/install/jdamr200_teleop/share/colcon-core/packages/jdamr200_teleop)
[7.950s] DEBUG:colcon.colcon_parallel_executor.executor.parallel:closing loop
[7.951s] DEBUG:colcon.colcon_parallel_executor.executor.parallel:loop closed
[7.952s] DEBUG:colcon.colcon_parallel_executor.executor.parallel:run_until_complete finished with '0'
[7.952s] DEBUG:colcon.colcon_core.event_reactor:joining thread
[7.974s] INFO:colcon.colcon_core.plugin_system:Skipping extension 'colcon_notification.desktop_notification.terminal_notifier': Not used on non-Darwin systems
[7.975s] INFO:colcon.colcon_core.plugin_system:Skipping extension 'colcon_notification.desktop_notification.win32': Not used on non-Windows systems
[7.975s] INFO:colcon.colcon_notification.desktop_notification:Sending desktop notification using 'notify2'
[33.002s] DEBUG:colcon.colcon_notification.desktop_notification.notify2:Failed to initialize notify2: org.freedesktop.DBus.Error.NoReply: Did not receive a reply. Possible causes include: the remote application did not send a reply, the message bus security policy blocked the reply, the reply timeout expired, or the network connection was broken.
[33.003s] DEBUG:colcon.colcon_core.event_reactor:joined thread
[33.005s] INFO:colcon.colcon_core.shell:Creating prefix script '/home/pi/ydlidar_ros2_ws/install/local_setup.ps1'
[33.014s] INFO:colcon.colcon_core.shell:Creating prefix util module '/home/pi/ydlidar_ros2_ws/install/_local_setup_util_ps1.py'
[33.021s] INFO:colcon.colcon_core.shell:Creating prefix chain script '/home/pi/ydlidar_ros2_ws/install/setup.ps1'
[33.026s] INFO:colcon.colcon_core.shell:Creating prefix script '/home/pi/ydlidar_ros2_ws/install/local_setup.sh'
[33.028s] INFO:colcon.colcon_core.shell:Creating prefix util module '/home/pi/ydlidar_ros2_ws/install/_local_setup_util_sh.py'
[33.031s] INFO:colcon.colcon_core.shell:Creating prefix chain script '/home/pi/ydlidar_ros2_ws/install/setup.sh'
[33.035s] INFO:colcon.colcon_core.shell:Creating prefix script '/home/pi/ydlidar_ros2_ws/install/local_setup.bash'
[33.037s] INFO:colcon.colcon_core.shell:Creating prefix chain script '/home/pi/ydlidar_ros2_ws/install/setup.bash'
[33.041s] INFO:colcon.colcon_core.shell:Creating prefix script '/home/pi/ydlidar_ros2_ws/install/local_setup.zsh'
[33.043s] INFO:colcon.colcon_core.shell:Creating prefix chain script '/home/pi/ydlidar_ros2_ws/install/setup.zsh'
