[0.138s] Invoking command in '/home/pi/nav_ws/build/agv_navigation2': CMAKE_PREFIX_PATH=/opt/ros/foxy /usr/bin/cmake --build /home/pi/nav_ws/build/agv_navigation2 -- -j4 -l4
[0.371s] Invoked command in '/home/pi/nav_ws/build/agv_navigation2' returned '0': CMAKE_PREFIX_PATH=/opt/ros/foxy /usr/bin/cmake --build /home/pi/nav_ws/build/agv_navigation2 -- -j4 -l4
[0.582s] Invoking command in '/home/pi/nav_ws/build/agv_navigation2': CMAKE_PREFIX_PATH=/opt/ros/foxy /usr/bin/cmake --install /home/pi/nav_ws/build/agv_navigation2
[0.685s] -- Install configuration: ""
[0.687s] -- Up-to-date: /home/pi/nav_ws/install/agv_navigation2/share/agv_navigation2/launch
[0.688s] -- Up-to-date: /home/pi/nav_ws/install/agv_navigation2/share/agv_navigation2/launch/navigation2.launch.py
[0.688s] -- Up-to-date: /home/pi/nav_ws/install/agv_navigation2/share/agv_navigation2/launch/navigation2_rviz.launch.py
[0.689s] -- Up-to-date: /home/pi/nav_ws/install/agv_navigation2/share/agv_navigation2/map
[0.690s] -- Up-to-date: /home/pi/nav_ws/install/agv_navigation2/share/agv_navigation2/map/test7_map.yaml
[0.691s] -- Up-to-date: /home/pi/nav_ws/install/agv_navigation2/share/agv_navigation2/map/turtlebot3_world.pgm
[0.692s] -- Up-to-date: /home/pi/nav_ws/install/agv_navigation2/share/agv_navigation2/map/turtlebot3_world.yaml
[0.693s] -- Up-to-date: /home/pi/nav_ws/install/agv_navigation2/share/agv_navigation2/map/test7_map.pgm
[0.696s] -- Up-to-date: /home/pi/nav_ws/install/agv_navigation2/share/agv_navigation2/param
[0.696s] -- Up-to-date: /home/pi/nav_ws/install/agv_navigation2/share/agv_navigation2/param/follow_point_bt.xml
[0.697s] -- Up-to-date: /home/pi/nav_ws/install/agv_navigation2/share/agv_navigation2/param/agv.yaml
[0.697s] -- Up-to-date: /home/pi/nav_ws/install/agv_navigation2/share/agv_navigation2/rviz
[0.698s] -- Up-to-date: /home/pi/nav_ws/install/agv_navigation2/share/agv_navigation2/rviz/tb3_navigation2.rviz
[0.698s] -- Up-to-date: /home/pi/nav_ws/install/agv_navigation2/share/ament_index/resource_index/package_run_dependencies/agv_navigation2
[0.699s] -- Up-to-date: /home/pi/nav_ws/install/agv_navigation2/share/ament_index/resource_index/parent_prefix_path/agv_navigation2
[0.699s] -- Up-to-date: /home/pi/nav_ws/install/agv_navigation2/share/agv_navigation2/environment/ament_prefix_path.sh
[0.700s] -- Up-to-date: /home/pi/nav_ws/install/agv_navigation2/share/agv_navigation2/environment/ament_prefix_path.dsv
[0.701s] -- Up-to-date: /home/pi/nav_ws/install/agv_navigation2/share/agv_navigation2/environment/path.sh
[0.701s] -- Up-to-date: /home/pi/nav_ws/install/agv_navigation2/share/agv_navigation2/environment/path.dsv
[0.702s] -- Up-to-date: /home/pi/nav_ws/install/agv_navigation2/share/agv_navigation2/local_setup.bash
[0.703s] -- Up-to-date: /home/pi/nav_ws/install/agv_navigation2/share/agv_navigation2/local_setup.sh
[0.704s] -- Up-to-date: /home/pi/nav_ws/install/agv_navigation2/share/agv_navigation2/local_setup.zsh
[0.704s] -- Up-to-date: /home/pi/nav_ws/install/agv_navigation2/share/agv_navigation2/local_setup.dsv
[0.705s] -- Installing: /home/pi/nav_ws/install/agv_navigation2/share/agv_navigation2/package.dsv
[0.705s] -- Up-to-date: /home/pi/nav_ws/install/agv_navigation2/share/ament_index/resource_index/packages/agv_navigation2
[0.706s] -- Up-to-date: /home/pi/nav_ws/install/agv_navigation2/share/agv_navigation2/cmake/agv_navigation2Config.cmake
[0.706s] -- Up-to-date: /home/pi/nav_ws/install/agv_navigation2/share/agv_navigation2/cmake/agv_navigation2Config-version.cmake
[0.707s] -- Up-to-date: /home/pi/nav_ws/install/agv_navigation2/share/agv_navigation2/package.xml
[0.765s] Invoked command in '/home/pi/nav_ws/build/agv_navigation2' returned '0': CMAKE_PREFIX_PATH=/opt/ros/foxy /usr/bin/cmake --install /home/pi/nav_ws/build/agv_navigation2
