[0.075s] Invoking command in '/home/pi/ydlidar_ros2_ws/build/ps2_controller': CMAKE_PREFIX_PATH=/opt/ros/foxy /usr/bin/cmake --build /home/pi/ydlidar_ros2_ws/build/ps2_controller -- -j4 -l4
[0.789s] [100%] Built target ps2_controller_node
[0.887s] Invoked command in '/home/pi/ydlidar_ros2_ws/build/ps2_controller' returned '0': CMAKE_PREFIX_PATH=/opt/ros/foxy /usr/bin/cmake --build /home/pi/ydlidar_ros2_ws/build/ps2_controller -- -j4 -l4
[1.251s] Invoking command in '/home/pi/ydlidar_ros2_ws/build/ps2_controller': CMAKE_PREFIX_PATH=/opt/ros/foxy /usr/bin/cmake --install /home/pi/ydlidar_ros2_ws/build/ps2_controller
[1.334s] -- Install configuration: ""
[1.342s] -- Up-to-date: /home/pi/ydlidar_ros2_ws/install/ps2_controller/lib/ps2_controller/ps2_controller_node
[1.344s] -- Up-to-date: /home/pi/ydlidar_ros2_ws/install/ps2_controller/include/
[1.347s] -- Up-to-date: /home/pi/ydlidar_ros2_ws/install/ps2_controller/include//ps2_controller
[1.348s] -- Up-to-date: /home/pi/ydlidar_ros2_ws/install/ps2_controller/include//ps2_controller/ps2_controller_node.hpp
[1.349s] -- Up-to-date: /home/pi/ydlidar_ros2_ws/install/ps2_controller/include//ps2_controller/ps2_controller.h
[1.350s] -- Up-to-date: /home/pi/ydlidar_ros2_ws/install/ps2_controller/share/ament_index/resource_index/package_run_dependencies/ps2_controller
[1.352s] -- Up-to-date: /home/pi/ydlidar_ros2_ws/install/ps2_controller/share/ament_index/resource_index/parent_prefix_path/ps2_controller
[1.354s] -- Up-to-date: /home/pi/ydlidar_ros2_ws/install/ps2_controller/share/ps2_controller/environment/ament_prefix_path.sh
[1.359s] -- Up-to-date: /home/pi/ydlidar_ros2_ws/install/ps2_controller/share/ps2_controller/environment/ament_prefix_path.dsv
[1.360s] -- Up-to-date: /home/pi/ydlidar_ros2_ws/install/ps2_controller/share/ps2_controller/environment/path.sh
[1.361s] -- Up-to-date: /home/pi/ydlidar_ros2_ws/install/ps2_controller/share/ps2_controller/environment/path.dsv
[1.363s] -- Up-to-date: /home/pi/ydlidar_ros2_ws/install/ps2_controller/share/ps2_controller/local_setup.bash
[1.363s] -- Up-to-date: /home/pi/ydlidar_ros2_ws/install/ps2_controller/share/ps2_controller/local_setup.sh
[1.364s] -- Up-to-date: /home/pi/ydlidar_ros2_ws/install/ps2_controller/share/ps2_controller/local_setup.zsh
[1.364s] -- Up-to-date: /home/pi/ydlidar_ros2_ws/install/ps2_controller/share/ps2_controller/local_setup.dsv
[1.373s] -- Installing: /home/pi/ydlidar_ros2_ws/install/ps2_controller/share/ps2_controller/package.dsv
[1.388s] -- Up-to-date: /home/pi/ydlidar_ros2_ws/install/ps2_controller/share/ament_index/resource_index/packages/ps2_controller
[1.389s] -- Up-to-date: /home/pi/ydlidar_ros2_ws/install/ps2_controller/share/ps2_controller/cmake/ps2_controllerConfig.cmake
[1.390s] -- Up-to-date: /home/pi/ydlidar_ros2_ws/install/ps2_controller/share/ps2_controller/cmake/ps2_controllerConfig-version.cmake
[1.391s] -- Up-to-date: /home/pi/ydlidar_ros2_ws/install/ps2_controller/share/ps2_controller/package.xml
[1.406s] Invoked command in '/home/pi/ydlidar_ros2_ws/build/ps2_controller' returned '0': CMAKE_PREFIX_PATH=/opt/ros/foxy /usr/bin/cmake --install /home/pi/ydlidar_ros2_ws/build/ps2_controller
