[4.423s] Invoking command in '/home/pi/finalagv_ros2_ws/src/agv': PYTHONPATH=/home/pi/finalagv_ros2_ws/build/agv/prefix_override:/usr/lib/python3/dist-packages/colcon_core/task/python/colcon_distutils_commands:/home/pi/finalagv_ros2_ws/install/agv/lib/python3.8/site-packages:${PYTHONPATH} /usr/bin/python3 -W ignore:setup.py install is deprecated setup.py egg_info --egg-base ../../build/agv build --build-base /home/pi/finalagv_ros2_ws/build/agv/build install --record /home/pi/finalagv_ros2_ws/build/agv/install.log --install-scripts $base/lib/agv --single-version-externally-managed install_data
[5.386s] running egg_info
[5.388s] writing ../../build/agv/agv.egg-info/PKG-INFO
[5.392s] writing dependency_links to ../../build/agv/agv.egg-info/dependency_links.txt
[5.395s] writing entry points to ../../build/agv/agv.egg-info/entry_points.txt
[5.396s] writing requirements to ../../build/agv/agv.egg-info/requires.txt
[5.397s] writing top-level names to ../../build/agv/agv.egg-info/top_level.txt
[5.546s] reading manifest file '../../build/agv/agv.egg-info/SOURCES.txt'
[5.551s] writing manifest file '../../build/agv/agv.egg-info/SOURCES.txt'
[5.551s] running build
[5.552s] running build_py
[5.554s] copying agv/sub2.py -> /home/pi/finalagv_ros2_ws/build/agv/build/lib/agv
[5.563s] running install
[5.567s] running install_lib
[5.572s] copying /home/pi/finalagv_ros2_ws/build/agv/build/lib/agv/sub2.py -> /home/pi/finalagv_ros2_ws/install/agv/lib/python3.8/site-packages/agv
[5.578s] byte-compiling /home/pi/finalagv_ros2_ws/install/agv/lib/python3.8/site-packages/agv/sub2.py to sub2.cpython-38.pyc
[5.587s] running install_data
[5.593s] running install_egg_info
[5.600s] removing '/home/pi/finalagv_ros2_ws/install/agv/lib/python3.8/site-packages/agv-0.0.0-py3.8.egg-info' (and everything under it)
[5.603s] Copying ../../build/agv/agv.egg-info to /home/pi/finalagv_ros2_ws/install/agv/lib/python3.8/site-packages/agv-0.0.0-py3.8.egg-info
[5.609s] running install_scripts
[5.675s] Installing pub script to /home/pi/finalagv_ros2_ws/install/agv/lib/agv
[5.676s] Installing pub2 script to /home/pi/finalagv_ros2_ws/install/agv/lib/agv
[5.677s] Installing sub script to /home/pi/finalagv_ros2_ws/install/agv/lib/agv
[5.680s] Installing sub2 script to /home/pi/finalagv_ros2_ws/install/agv/lib/agv
[5.681s] Installing tel script to /home/pi/finalagv_ros2_ws/install/agv/lib/agv
[5.682s] Installing udp script to /home/pi/finalagv_ros2_ws/install/agv/lib/agv
[5.684s] writing list of installed files to '/home/pi/finalagv_ros2_ws/build/agv/install.log'
[5.797s] Invoked command in '/home/pi/finalagv_ros2_ws/src/agv' returned '0': PYTHONPATH=/home/pi/finalagv_ros2_ws/build/agv/prefix_override:/usr/lib/python3/dist-packages/colcon_core/task/python/colcon_distutils_commands:/home/pi/finalagv_ros2_ws/install/agv/lib/python3.8/site-packages:${PYTHONPATH} /usr/bin/python3 -W ignore:setup.py install is deprecated setup.py egg_info --egg-base ../../build/agv build --build-base /home/pi/finalagv_ros2_ws/build/agv/build install --record /home/pi/finalagv_ros2_ws/build/agv/install.log --install-scripts $base/lib/agv --single-version-externally-managed install_data
