[2.958s] Invoking command in '/home/pi/finalagv_ros2_ws/src/agv': PYTHONPATH=/home/pi/finalagv_ros2_ws/build/agv/prefix_override:/usr/lib/python3/dist-packages/colcon_core/task/python/colcon_distutils_commands:/home/pi/finalagv_ros2_ws/install/agv/lib/python3.8/site-packages:${PYTHONPATH} /usr/bin/python3 -W ignore:setup.py install is deprecated setup.py egg_info --egg-base ../../build/agv build --build-base /home/pi/finalagv_ros2_ws/build/agv/build install --record /home/pi/finalagv_ros2_ws/build/agv/install.log --install-scripts $base/lib/agv --single-version-externally-managed install_data
[3.851s] running egg_info
[3.853s] writing ../../build/agv/agv.egg-info/PKG-INFO
[3.856s] writing dependency_links to ../../build/agv/agv.egg-info/dependency_links.txt
[3.857s] writing entry points to ../../build/agv/agv.egg-info/entry_points.txt
[3.858s] writing requirements to ../../build/agv/agv.egg-info/requires.txt
[3.861s] writing top-level names to ../../build/agv/agv.egg-info/top_level.txt
[3.994s] reading manifest file '../../build/agv/agv.egg-info/SOURCES.txt'
[3.998s] writing manifest file '../../build/agv/agv.egg-info/SOURCES.txt'
[3.999s] running build
[4.000s] running build_py
[4.001s] copying agv/sub2.py -> /home/pi/finalagv_ros2_ws/build/agv/build/lib/agv
[4.005s] running install
[4.008s] running install_lib
[4.012s] copying /home/pi/finalagv_ros2_ws/build/agv/build/lib/agv/sub2.py -> /home/pi/finalagv_ros2_ws/install/agv/lib/python3.8/site-packages/agv
[4.016s] byte-compiling /home/pi/finalagv_ros2_ws/install/agv/lib/python3.8/site-packages/agv/sub2.py to sub2.cpython-38.pyc
[4.025s] running install_data
[4.030s] running install_egg_info
[4.037s] removing '/home/pi/finalagv_ros2_ws/install/agv/lib/python3.8/site-packages/agv-0.0.0-py3.8.egg-info' (and everything under it)
[4.040s] Copying ../../build/agv/agv.egg-info to /home/pi/finalagv_ros2_ws/install/agv/lib/python3.8/site-packages/agv-0.0.0-py3.8.egg-info
[4.046s] running install_scripts
[4.108s] Installing pub script to /home/pi/finalagv_ros2_ws/install/agv/lib/agv
[4.109s] Installing pub2 script to /home/pi/finalagv_ros2_ws/install/agv/lib/agv
[4.109s] Installing pub4 script to /home/pi/finalagv_ros2_ws/install/agv/lib/agv
[4.110s] Installing return script to /home/pi/finalagv_ros2_ws/install/agv/lib/agv
[4.111s] Installing sub script to /home/pi/finalagv_ros2_ws/install/agv/lib/agv
[4.112s] Installing sub2 script to /home/pi/finalagv_ros2_ws/install/agv/lib/agv
[4.113s] Installing tel script to /home/pi/finalagv_ros2_ws/install/agv/lib/agv
[4.113s] Installing udp script to /home/pi/finalagv_ros2_ws/install/agv/lib/agv
[4.116s] writing list of installed files to '/home/pi/finalagv_ros2_ws/build/agv/install.log'
[4.225s] Invoked command in '/home/pi/finalagv_ros2_ws/src/agv' returned '0': PYTHONPATH=/home/pi/finalagv_ros2_ws/build/agv/prefix_override:/usr/lib/python3/dist-packages/colcon_core/task/python/colcon_distutils_commands:/home/pi/finalagv_ros2_ws/install/agv/lib/python3.8/site-packages:${PYTHONPATH} /usr/bin/python3 -W ignore:setup.py install is deprecated setup.py egg_info --egg-base ../../build/agv build --build-base /home/pi/finalagv_ros2_ws/build/agv/build install --record /home/pi/finalagv_ros2_ws/build/agv/install.log --install-scripts $base/lib/agv --single-version-externally-managed install_data
