[3.346s] Invoking command in '/home/pi/finalagv_ros2_ws/src/agv': PYTHONPATH=/home/pi/finalagv_ros2_ws/build/agv/prefix_override:/usr/lib/python3/dist-packages/colcon_core/task/python/colcon_distutils_commands:/home/pi/finalagv_ros2_ws/install/agv/lib/python3.8/site-packages:${PYTHONPATH} /usr/bin/python3 -W ignore:setup.py install is deprecated setup.py egg_info --egg-base ../../build/agv build --build-base /home/pi/finalagv_ros2_ws/build/agv/build install --record /home/pi/finalagv_ros2_ws/build/agv/install.log --install-scripts $base/lib/agv --single-version-externally-managed install_data
[4.285s] running egg_info
[4.287s] writing ../../build/agv/agv.egg-info/PKG-INFO
[4.289s] writing dependency_links to ../../build/agv/agv.egg-info/dependency_links.txt
[4.290s] writing entry points to ../../build/agv/agv.egg-info/entry_points.txt
[4.291s] writing requirements to ../../build/agv/agv.egg-info/requires.txt
[4.292s] writing top-level names to ../../build/agv/agv.egg-info/top_level.txt
[4.431s] reading manifest file '../../build/agv/agv.egg-info/SOURCES.txt'
[4.436s] writing manifest file '../../build/agv/agv.egg-info/SOURCES.txt'
[4.437s] running build
[4.437s] running build_py
[4.446s] copying agv/pub4.py -> /home/pi/finalagv_ros2_ws/build/agv/build/lib/agv
[4.449s] running install
[4.453s] running install_lib
[4.463s] copying /home/pi/finalagv_ros2_ws/build/agv/build/lib/agv/pub4.py -> /home/pi/finalagv_ros2_ws/install/agv/lib/python3.8/site-packages/agv
[4.468s] byte-compiling /home/pi/finalagv_ros2_ws/install/agv/lib/python3.8/site-packages/agv/pub4.py to pub4.cpython-38.pyc
[4.477s] running install_data
[4.483s] running install_egg_info
[4.490s] removing '/home/pi/finalagv_ros2_ws/install/agv/lib/python3.8/site-packages/agv-0.0.0-py3.8.egg-info' (and everything under it)
[4.493s] Copying ../../build/agv/agv.egg-info to /home/pi/finalagv_ros2_ws/install/agv/lib/python3.8/site-packages/agv-0.0.0-py3.8.egg-info
[4.498s] running install_scripts
[4.562s] Installing pub script to /home/pi/finalagv_ros2_ws/install/agv/lib/agv
[4.564s] Installing pub2 script to /home/pi/finalagv_ros2_ws/install/agv/lib/agv
[4.564s] Installing pub4 script to /home/pi/finalagv_ros2_ws/install/agv/lib/agv
[4.565s] Installing return script to /home/pi/finalagv_ros2_ws/install/agv/lib/agv
[4.566s] Installing sub script to /home/pi/finalagv_ros2_ws/install/agv/lib/agv
[4.567s] Installing sub2 script to /home/pi/finalagv_ros2_ws/install/agv/lib/agv
[4.567s] Installing tel script to /home/pi/finalagv_ros2_ws/install/agv/lib/agv
[4.568s] Installing udp script to /home/pi/finalagv_ros2_ws/install/agv/lib/agv
[4.570s] writing list of installed files to '/home/pi/finalagv_ros2_ws/build/agv/install.log'
[4.670s] Invoked command in '/home/pi/finalagv_ros2_ws/src/agv' returned '0': PYTHONPATH=/home/pi/finalagv_ros2_ws/build/agv/prefix_override:/usr/lib/python3/dist-packages/colcon_core/task/python/colcon_distutils_commands:/home/pi/finalagv_ros2_ws/install/agv/lib/python3.8/site-packages:${PYTHONPATH} /usr/bin/python3 -W ignore:setup.py install is deprecated setup.py egg_info --egg-base ../../build/agv build --build-base /home/pi/finalagv_ros2_ws/build/agv/build install --record /home/pi/finalagv_ros2_ws/build/agv/install.log --install-scripts $base/lib/agv --single-version-externally-managed install_data
