[0.138s] Invoking command in '/home/pi/nav_ws/build/agv_interfaces': CMAKE_PREFIX_PATH=${CMAKE_PREFIX_PATH}:/home/pi/nav_ws/install/agv_bringup:/opt/ros/foxy /usr/bin/cmake --build /home/pi/nav_ws/build/agv_interfaces -- -j4 -l4
[0.447s] [  1%] Built target agv_interfaces__cpp
[0.471s] [ 12%] Built target agv_interfaces__rosidl_generator_c
[0.651s] [ 23%] Built target agv_interfaces__rosidl_typesupport_cpp
[0.659s] [ 35%] Built target agv_interfaces__rosidl_typesupport_introspection_c
[0.682s] [ 46%] Built target agv_interfaces__rosidl_typesupport_introspection_cpp
[0.733s] [ 57%] Built target agv_interfaces__rosidl_typesupport_fastrtps_cpp
[0.744s] [ 69%] Built target agv_interfaces__rosidl_typesupport_c
[0.900s] [ 80%] Built target agv_interfaces__rosidl_typesupport_fastrtps_c
[0.999s] [ 80%] Built target agv_interfaces
[1.098s] [ 81%] Built target agv_interfaces__py
[1.239s] [ 91%] Built target agv_interfaces__python
[1.400s] [ 94%] Built target agv_interfaces__rosidl_typesupport_c__pyext
[1.407s] [ 97%] Built target agv_interfaces__rosidl_typesupport_introspection_c__pyext
[1.411s] [100%] Built target agv_interfaces__rosidl_typesupport_fastrtps_c__pyext
[1.457s] Invoked command in '/home/pi/nav_ws/build/agv_interfaces' returned '0': CMAKE_PREFIX_PATH=${CMAKE_PREFIX_PATH}:/home/pi/nav_ws/install/agv_bringup:/opt/ros/foxy /usr/bin/cmake --build /home/pi/nav_ws/build/agv_interfaces -- -j4 -l4
[2.206s] Invoking command in '/home/pi/nav_ws/build/agv_interfaces': CMAKE_PREFIX_PATH=${CMAKE_PREFIX_PATH}:/home/pi/nav_ws/install/agv_bringup:/opt/ros/foxy /usr/bin/cmake --install /home/pi/nav_ws/build/agv_interfaces
[2.242s] -- Install configuration: ""
[2.243s] -- Up-to-date: /home/pi/nav_ws/install/agv_interfaces/share/ament_index/resource_index/rosidl_interfaces/agv_interfaces
[2.243s] -- Up-to-date: /home/pi/nav_ws/install/agv_interfaces/include/agv_interfaces
[2.244s] -- Up-to-date: /home/pi/nav_ws/install/agv_interfaces/include/agv_interfaces/msg
[2.244s] -- Up-to-date: /home/pi/nav_ws/install/agv_interfaces/include/agv_interfaces/msg/rosidl_generator_c__visibility_control.h
[2.244s] -- Up-to-date: /home/pi/nav_ws/install/agv_interfaces/include/agv_interfaces/srv
[2.245s] -- Up-to-date: /home/pi/nav_ws/install/agv_interfaces/include/agv_interfaces/srv/color.h
[2.245s] -- Up-to-date: /home/pi/nav_ws/install/agv_interfaces/include/agv_interfaces/srv/onoff.h
[2.246s] -- Up-to-date: /home/pi/nav_ws/install/agv_interfaces/include/agv_interfaces/srv/detail
[2.246s] -- Up-to-date: /home/pi/nav_ws/install/agv_interfaces/include/agv_interfaces/srv/detail/save_color__struct.h
[2.246s] -- Up-to-date: /home/pi/nav_ws/install/agv_interfaces/include/agv_interfaces/srv/detail/battery__struct.h
[2.247s] -- Up-to-date: /home/pi/nav_ws/install/agv_interfaces/include/agv_interfaces/srv/detail/onoff__functions.h
[2.247s] -- Up-to-date: /home/pi/nav_ws/install/agv_interfaces/include/agv_interfaces/srv/detail/onoff__functions.c
[2.247s] -- Up-to-date: /home/pi/nav_ws/install/agv_interfaces/include/agv_interfaces/srv/detail/battery__type_support.h
[2.248s] -- Up-to-date: /home/pi/nav_ws/install/agv_interfaces/include/agv_interfaces/srv/detail/color__type_support.h
[2.248s] -- Up-to-date: /home/pi/nav_ws/install/agv_interfaces/include/agv_interfaces/srv/detail/reset_odom__functions.h
[2.248s] -- Up-to-date: /home/pi/nav_ws/install/agv_interfaces/include/agv_interfaces/srv/detail/reset_odom__functions.c
[2.249s] -- Up-to-date: /home/pi/nav_ws/install/agv_interfaces/include/agv_interfaces/srv/detail/save_color__functions.h
[2.249s] -- Up-to-date: /home/pi/nav_ws/install/agv_interfaces/include/agv_interfaces/srv/detail/reset_odom__type_support.h
[2.250s] -- Up-to-date: /home/pi/nav_ws/install/agv_interfaces/include/agv_interfaces/srv/detail/calg__functions.c
[2.250s] -- Up-to-date: /home/pi/nav_ws/install/agv_interfaces/include/agv_interfaces/srv/detail/battery__functions.h
[2.250s] -- Up-to-date: /home/pi/nav_ws/install/agv_interfaces/include/agv_interfaces/srv/detail/battery__functions.c
[2.251s] -- Up-to-date: /home/pi/nav_ws/install/agv_interfaces/include/agv_interfaces/srv/detail/calg__functions.h
[2.251s] -- Up-to-date: /home/pi/nav_ws/install/agv_interfaces/include/agv_interfaces/srv/detail/onoff__type_support.h
[2.251s] -- Up-to-date: /home/pi/nav_ws/install/agv_interfaces/include/agv_interfaces/srv/detail/save_color__type_support.h
[2.252s] -- Up-to-date: /home/pi/nav_ws/install/agv_interfaces/include/agv_interfaces/srv/detail/calg__type_support.h
[2.252s] -- Up-to-date: /home/pi/nav_ws/install/agv_interfaces/include/agv_interfaces/srv/detail/color__struct.h
[2.252s] -- Up-to-date: /home/pi/nav_ws/install/agv_interfaces/include/agv_interfaces/srv/detail/color__functions.h
[2.253s] -- Up-to-date: /home/pi/nav_ws/install/agv_interfaces/include/agv_interfaces/srv/detail/reset_odom__struct.h
[2.253s] -- Up-to-date: /home/pi/nav_ws/install/agv_interfaces/include/agv_interfaces/srv/detail/save_color__functions.c
[2.253s] -- Up-to-date: /home/pi/nav_ws/install/agv_interfaces/include/agv_interfaces/srv/detail/color__functions.c
[2.254s] -- Up-to-date: /home/pi/nav_ws/install/agv_interfaces/include/agv_interfaces/srv/detail/onoff__struct.h
[2.254s] -- Up-to-date: /home/pi/nav_ws/install/agv_interfaces/include/agv_interfaces/srv/detail/calg__struct.h
[2.254s] -- Up-to-date: /home/pi/nav_ws/install/agv_interfaces/include/agv_interfaces/srv/reset_odom.h
[2.255s] -- Up-to-date: /home/pi/nav_ws/install/agv_interfaces/include/agv_interfaces/srv/battery.h
[2.255s] -- Up-to-date: /home/pi/nav_ws/install/agv_interfaces/include/agv_interfaces/srv/calg.h
[2.255s] -- Up-to-date: /home/pi/nav_ws/install/agv_interfaces/include/agv_interfaces/srv/save_color.h
[2.256s] -- Up-to-date: /home/pi/nav_ws/install/agv_interfaces/share/agv_interfaces/environment/library_path.sh
[2.256s] -- Up-to-date: /home/pi/nav_ws/install/agv_interfaces/share/agv_interfaces/environment/library_path.dsv
[2.256s] -- Up-to-date: /home/pi/nav_ws/install/agv_interfaces/lib/libagv_interfaces__rosidl_generator_c.so
[2.257s] -- Up-to-date: /home/pi/nav_ws/install/agv_interfaces/include/agv_interfaces
[2.257s] -- Up-to-date: /home/pi/nav_ws/install/agv_interfaces/include/agv_interfaces/msg
[2.257s] -- Up-to-date: /home/pi/nav_ws/install/agv_interfaces/include/agv_interfaces/msg/rosidl_typesupport_fastrtps_c__visibility_control.h
[2.258s] -- Up-to-date: /home/pi/nav_ws/install/agv_interfaces/include/agv_interfaces/srv
[2.258s] -- Up-to-date: /home/pi/nav_ws/install/agv_interfaces/include/agv_interfaces/srv/detail
[2.258s] -- Up-to-date: /home/pi/nav_ws/install/agv_interfaces/include/agv_interfaces/srv/detail/calg__rosidl_typesupport_fastrtps_c.h
[2.259s] -- Up-to-date: /home/pi/nav_ws/install/agv_interfaces/include/agv_interfaces/srv/detail/battery__rosidl_typesupport_fastrtps_c.h
[2.259s] -- Up-to-date: /home/pi/nav_ws/install/agv_interfaces/include/agv_interfaces/srv/detail/color__rosidl_typesupport_fastrtps_c.h
[2.259s] -- Up-to-date: /home/pi/nav_ws/install/agv_interfaces/include/agv_interfaces/srv/detail/onoff__rosidl_typesupport_fastrtps_c.h
[2.260s] -- Up-to-date: /home/pi/nav_ws/install/agv_interfaces/include/agv_interfaces/srv/detail/save_color__rosidl_typesupport_fastrtps_c.h
[2.260s] -- Up-to-date: /home/pi/nav_ws/install/agv_interfaces/include/agv_interfaces/srv/detail/reset_odom__rosidl_typesupport_fastrtps_c.h
[2.260s] -- Up-to-date: /home/pi/nav_ws/install/agv_interfaces/lib/libagv_interfaces__rosidl_typesupport_fastrtps_c.so
[2.261s] -- Up-to-date: /home/pi/nav_ws/install/agv_interfaces/include/agv_interfaces
[2.261s] -- Up-to-date: /home/pi/nav_ws/install/agv_interfaces/include/agv_interfaces/msg
[2.261s] -- Up-to-date: /home/pi/nav_ws/install/agv_interfaces/include/agv_interfaces/msg/rosidl_typesupport_fastrtps_cpp__visibility_control.h
[2.262s] -- Up-to-date: /home/pi/nav_ws/install/agv_interfaces/include/agv_interfaces/srv
[2.262s] -- Up-to-date: /home/pi/nav_ws/install/agv_interfaces/include/agv_interfaces/srv/detail
[2.262s] -- Up-to-date: /home/pi/nav_ws/install/agv_interfaces/include/agv_interfaces/srv/detail/dds_fastrtps
[2.263s] -- Up-to-date: /home/pi/nav_ws/install/agv_interfaces/include/agv_interfaces/srv/detail/onoff__rosidl_typesupport_fastrtps_cpp.hpp
[2.263s] -- Up-to-date: /home/pi/nav_ws/install/agv_interfaces/include/agv_interfaces/srv/detail/color__rosidl_typesupport_fastrtps_cpp.hpp
[2.263s] -- Up-to-date: /home/pi/nav_ws/install/agv_interfaces/include/agv_interfaces/srv/detail/calg__rosidl_typesupport_fastrtps_cpp.hpp
[2.264s] -- Up-to-date: /home/pi/nav_ws/install/agv_interfaces/include/agv_interfaces/srv/detail/reset_odom__rosidl_typesupport_fastrtps_cpp.hpp
[2.264s] -- Up-to-date: /home/pi/nav_ws/install/agv_interfaces/include/agv_interfaces/srv/detail/battery__rosidl_typesupport_fastrtps_cpp.hpp
[2.264s] -- Up-to-date: /home/pi/nav_ws/install/agv_interfaces/include/agv_interfaces/srv/detail/save_color__rosidl_typesupport_fastrtps_cpp.hpp
[2.265s] -- Up-to-date: /home/pi/nav_ws/install/agv_interfaces/lib/libagv_interfaces__rosidl_typesupport_fastrtps_cpp.so
[2.265s] -- Up-to-date: /home/pi/nav_ws/install/agv_interfaces/include/agv_interfaces
[2.265s] -- Up-to-date: /home/pi/nav_ws/install/agv_interfaces/include/agv_interfaces/msg
[2.266s] -- Up-to-date: /home/pi/nav_ws/install/agv_interfaces/include/agv_interfaces/msg/rosidl_typesupport_introspection_c__visibility_control.h
[2.266s] -- Up-to-date: /home/pi/nav_ws/install/agv_interfaces/include/agv_interfaces/srv
[2.266s] -- Up-to-date: /home/pi/nav_ws/install/agv_interfaces/include/agv_interfaces/srv/detail
[2.267s] -- Up-to-date: /home/pi/nav_ws/install/agv_interfaces/include/agv_interfaces/srv/detail/onoff__rosidl_typesupport_introspection_c.h
[2.267s] -- Up-to-date: /home/pi/nav_ws/install/agv_interfaces/include/agv_interfaces/srv/detail/reset_odom__type_support.c
[2.268s] -- Up-to-date: /home/pi/nav_ws/install/agv_interfaces/include/agv_interfaces/srv/detail/battery__type_support.c
[2.268s] -- Up-to-date: /home/pi/nav_ws/install/agv_interfaces/include/agv_interfaces/srv/detail/calg__type_support.c
[2.268s] -- Up-to-date: /home/pi/nav_ws/install/agv_interfaces/include/agv_interfaces/srv/detail/save_color__rosidl_typesupport_introspection_c.h
[2.268s] -- Up-to-date: /home/pi/nav_ws/install/agv_interfaces/include/agv_interfaces/srv/detail/calg__rosidl_typesupport_introspection_c.h
[2.269s] -- Up-to-date: /home/pi/nav_ws/install/agv_interfaces/include/agv_interfaces/srv/detail/save_color__type_support.c
[2.269s] -- Up-to-date: /home/pi/nav_ws/install/agv_interfaces/include/agv_interfaces/srv/detail/reset_odom__rosidl_typesupport_introspection_c.h
[2.269s] -- Up-to-date: /home/pi/nav_ws/install/agv_interfaces/include/agv_interfaces/srv/detail/onoff__type_support.c
[2.270s] -- Up-to-date: /home/pi/nav_ws/install/agv_interfaces/include/agv_interfaces/srv/detail/color__type_support.c
[2.270s] -- Up-to-date: /home/pi/nav_ws/install/agv_interfaces/include/agv_interfaces/srv/detail/battery__rosidl_typesupport_introspection_c.h
[2.270s] -- Up-to-date: /home/pi/nav_ws/install/agv_interfaces/include/agv_interfaces/srv/detail/color__rosidl_typesupport_introspection_c.h
[2.271s] -- Up-to-date: /home/pi/nav_ws/install/agv_interfaces/lib/libagv_interfaces__rosidl_typesupport_introspection_c.so
[2.271s] -- Up-to-date: /home/pi/nav_ws/install/agv_interfaces/lib/libagv_interfaces__rosidl_typesupport_c.so
[2.272s] -- Up-to-date: /home/pi/nav_ws/install/agv_interfaces/include/agv_interfaces
[2.272s] -- Up-to-date: /home/pi/nav_ws/install/agv_interfaces/include/agv_interfaces/msg
[2.273s] -- Up-to-date: /home/pi/nav_ws/install/agv_interfaces/include/agv_interfaces/msg/rosidl_generator_cpp__visibility_control.hpp
[2.273s] -- Up-to-date: /home/pi/nav_ws/install/agv_interfaces/include/agv_interfaces/srv
[2.273s] -- Up-to-date: /home/pi/nav_ws/install/agv_interfaces/include/agv_interfaces/srv/color.hpp
[2.274s] -- Up-to-date: /home/pi/nav_ws/install/agv_interfaces/include/agv_interfaces/srv/save_color.hpp
[2.274s] -- Up-to-date: /home/pi/nav_ws/install/agv_interfaces/include/agv_interfaces/srv/battery.hpp
[2.274s] -- Up-to-date: /home/pi/nav_ws/install/agv_interfaces/include/agv_interfaces/srv/detail
[2.275s] -- Up-to-date: /home/pi/nav_ws/install/agv_interfaces/include/agv_interfaces/srv/detail/battery__traits.hpp
[2.275s] -- Up-to-date: /home/pi/nav_ws/install/agv_interfaces/include/agv_interfaces/srv/detail/calg__traits.hpp
[2.276s] -- Up-to-date: /home/pi/nav_ws/install/agv_interfaces/include/agv_interfaces/srv/detail/save_color__type_support.hpp
[2.276s] -- Up-to-date: /home/pi/nav_ws/install/agv_interfaces/include/agv_interfaces/srv/detail/battery__builder.hpp
[2.276s] -- Up-to-date: /home/pi/nav_ws/install/agv_interfaces/include/agv_interfaces/srv/detail/onoff__type_support.hpp
[2.277s] -- Up-to-date: /home/pi/nav_ws/install/agv_interfaces/include/agv_interfaces/srv/detail/calg__type_support.hpp
[2.277s] -- Up-to-date: /home/pi/nav_ws/install/agv_interfaces/include/agv_interfaces/srv/detail/onoff__builder.hpp
[2.277s] -- Up-to-date: /home/pi/nav_ws/install/agv_interfaces/include/agv_interfaces/srv/detail/reset_odom__struct.hpp
[2.278s] -- Up-to-date: /home/pi/nav_ws/install/agv_interfaces/include/agv_interfaces/srv/detail/reset_odom__type_support.hpp
[2.278s] -- Up-to-date: /home/pi/nav_ws/install/agv_interfaces/include/agv_interfaces/srv/detail/color__traits.hpp
[2.278s] -- Up-to-date: /home/pi/nav_ws/install/agv_interfaces/include/agv_interfaces/srv/detail/color__type_support.hpp
[2.279s] -- Up-to-date: /home/pi/nav_ws/install/agv_interfaces/include/agv_interfaces/srv/detail/onoff__traits.hpp
[2.280s] -- Up-to-date: /home/pi/nav_ws/install/agv_interfaces/include/agv_interfaces/srv/detail/save_color__traits.hpp
[2.280s] -- Up-to-date: /home/pi/nav_ws/install/agv_interfaces/include/agv_interfaces/srv/detail/calg__builder.hpp
[2.281s] -- Up-to-date: /home/pi/nav_ws/install/agv_interfaces/include/agv_interfaces/srv/detail/reset_odom__traits.hpp
[2.281s] -- Up-to-date: /home/pi/nav_ws/install/agv_interfaces/include/agv_interfaces/srv/detail/calg__struct.hpp
[2.281s] -- Up-to-date: /home/pi/nav_ws/install/agv_interfaces/include/agv_interfaces/srv/detail/battery__struct.hpp
[2.282s] -- Up-to-date: /home/pi/nav_ws/install/agv_interfaces/include/agv_interfaces/srv/detail/color__struct.hpp
[2.282s] -- Up-to-date: /home/pi/nav_ws/install/agv_interfaces/include/agv_interfaces/srv/detail/reset_odom__builder.hpp
[2.282s] -- Up-to-date: /home/pi/nav_ws/install/agv_interfaces/include/agv_interfaces/srv/detail/save_color__struct.hpp
[2.283s] -- Up-to-date: /home/pi/nav_ws/install/agv_interfaces/include/agv_interfaces/srv/detail/color__builder.hpp
[2.283s] -- Up-to-date: /home/pi/nav_ws/install/agv_interfaces/include/agv_interfaces/srv/detail/onoff__struct.hpp
[2.283s] -- Up-to-date: /home/pi/nav_ws/install/agv_interfaces/include/agv_interfaces/srv/detail/battery__type_support.hpp
[2.284s] -- Up-to-date: /home/pi/nav_ws/install/agv_interfaces/include/agv_interfaces/srv/detail/save_color__builder.hpp
[2.284s] -- Up-to-date: /home/pi/nav_ws/install/agv_interfaces/include/agv_interfaces/srv/reset_odom.hpp
[2.284s] -- Up-to-date: /home/pi/nav_ws/install/agv_interfaces/include/agv_interfaces/srv/onoff.hpp
[2.285s] -- Up-to-date: /home/pi/nav_ws/install/agv_interfaces/include/agv_interfaces/srv/calg.hpp
[2.285s] -- Up-to-date: /home/pi/nav_ws/install/agv_interfaces/include/agv_interfaces
[2.285s] -- Up-to-date: /home/pi/nav_ws/install/agv_interfaces/include/agv_interfaces/srv
[2.286s] -- Up-to-date: /home/pi/nav_ws/install/agv_interfaces/include/agv_interfaces/srv/detail
[2.286s] -- Up-to-date: /home/pi/nav_ws/install/agv_interfaces/include/agv_interfaces/srv/detail/save_color__rosidl_typesupport_introspection_cpp.hpp
[2.286s] -- Up-to-date: /home/pi/nav_ws/install/agv_interfaces/include/agv_interfaces/srv/detail/calg__type_support.cpp
[2.286s] -- Up-to-date: /home/pi/nav_ws/install/agv_interfaces/include/agv_interfaces/srv/detail/battery__type_support.cpp
[2.287s] -- Up-to-date: /home/pi/nav_ws/install/agv_interfaces/include/agv_interfaces/srv/detail/reset_odom__rosidl_typesupport_introspection_cpp.hpp
[2.287s] -- Up-to-date: /home/pi/nav_ws/install/agv_interfaces/include/agv_interfaces/srv/detail/onoff__rosidl_typesupport_introspection_cpp.hpp
[2.287s] -- Up-to-date: /home/pi/nav_ws/install/agv_interfaces/include/agv_interfaces/srv/detail/save_color__type_support.cpp
[2.288s] -- Up-to-date: /home/pi/nav_ws/install/agv_interfaces/include/agv_interfaces/srv/detail/color__rosidl_typesupport_introspection_cpp.hpp
[2.288s] -- Up-to-date: /home/pi/nav_ws/install/agv_interfaces/include/agv_interfaces/srv/detail/battery__rosidl_typesupport_introspection_cpp.hpp
[2.289s] -- Up-to-date: /home/pi/nav_ws/install/agv_interfaces/include/agv_interfaces/srv/detail/calg__rosidl_typesupport_introspection_cpp.hpp
[2.289s] -- Up-to-date: /home/pi/nav_ws/install/agv_interfaces/include/agv_interfaces/srv/detail/onoff__type_support.cpp
[2.289s] -- Up-to-date: /home/pi/nav_ws/install/agv_interfaces/include/agv_interfaces/srv/detail/reset_odom__type_support.cpp
[2.290s] -- Up-to-date: /home/pi/nav_ws/install/agv_interfaces/include/agv_interfaces/srv/detail/color__type_support.cpp
[2.290s] -- Up-to-date: /home/pi/nav_ws/install/agv_interfaces/lib/libagv_interfaces__rosidl_typesupport_introspection_cpp.so
[2.290s] -- Up-to-date: /home/pi/nav_ws/install/agv_interfaces/lib/libagv_interfaces__rosidl_typesupport_cpp.so
[2.290s] -- Up-to-date: /home/pi/nav_ws/install/agv_interfaces/share/agv_interfaces/environment/pythonpath.sh
[2.291s] -- Up-to-date: /home/pi/nav_ws/install/agv_interfaces/share/agv_interfaces/environment/pythonpath.dsv
[2.291s] -- Up-to-date: /home/pi/nav_ws/install/agv_interfaces/lib/python3.8/site-packages/agv_interfaces/__init__.py
[2.429s] -- Up-to-date: /home/pi/nav_ws/install/agv_interfaces/lib/python3.8/site-packages/agv_interfaces/srv
[2.430s] -- Up-to-date: /home/pi/nav_ws/install/agv_interfaces/lib/python3.8/site-packages/agv_interfaces/srv/_onoff_s.c
[2.430s] -- Up-to-date: /home/pi/nav_ws/install/agv_interfaces/lib/python3.8/site-packages/agv_interfaces/srv/_reset_odom_s.c
[2.430s] -- Up-to-date: /home/pi/nav_ws/install/agv_interfaces/lib/python3.8/site-packages/agv_interfaces/srv/_calg_s.c
[2.431s] -- Up-to-date: /home/pi/nav_ws/install/agv_interfaces/lib/python3.8/site-packages/agv_interfaces/srv/_reset_odom.py
[2.431s] -- Up-to-date: /home/pi/nav_ws/install/agv_interfaces/lib/python3.8/site-packages/agv_interfaces/srv/_save_color_s.c
[2.431s] -- Up-to-date: /home/pi/nav_ws/install/agv_interfaces/lib/python3.8/site-packages/agv_interfaces/srv/_color.py
[2.432s] -- Up-to-date: /home/pi/nav_ws/install/agv_interfaces/lib/python3.8/site-packages/agv_interfaces/srv/_battery.py
[2.432s] -- Up-to-date: /home/pi/nav_ws/install/agv_interfaces/lib/python3.8/site-packages/agv_interfaces/srv/_color_s.c
[2.432s] -- Up-to-date: /home/pi/nav_ws/install/agv_interfaces/lib/python3.8/site-packages/agv_interfaces/srv/_onoff.py
[2.433s] -- Up-to-date: /home/pi/nav_ws/install/agv_interfaces/lib/python3.8/site-packages/agv_interfaces/srv/_battery_s.c
[2.433s] -- Up-to-date: /home/pi/nav_ws/install/agv_interfaces/lib/python3.8/site-packages/agv_interfaces/srv/_calg.py
[2.433s] -- Up-to-date: /home/pi/nav_ws/install/agv_interfaces/lib/python3.8/site-packages/agv_interfaces/srv/_save_color.py
[2.434s] -- Up-to-date: /home/pi/nav_ws/install/agv_interfaces/lib/python3.8/site-packages/agv_interfaces/srv/__init__.py
[2.434s] -- Up-to-date: /home/pi/nav_ws/install/agv_interfaces/lib/python3.8/site-packages/agv_interfaces/agv_interfaces_s__rosidl_typesupport_fastrtps_c.cpython-38-aarch64-linux-gnu.so
[2.436s] -- Up-to-date: /home/pi/nav_ws/install/agv_interfaces/lib/python3.8/site-packages/agv_interfaces/agv_interfaces_s__rosidl_typesupport_introspection_c.cpython-38-aarch64-linux-gnu.so
[2.438s] -- Up-to-date: /home/pi/nav_ws/install/agv_interfaces/lib/python3.8/site-packages/agv_interfaces/agv_interfaces_s__rosidl_typesupport_c.cpython-38-aarch64-linux-gnu.so
[2.441s] -- Up-to-date: /home/pi/nav_ws/install/agv_interfaces/lib/libagv_interfaces__python.so
[2.442s] -- Up-to-date: /home/pi/nav_ws/install/agv_interfaces/share/agv_interfaces/srv/Battery.idl
[2.442s] -- Up-to-date: /home/pi/nav_ws/install/agv_interfaces/share/agv_interfaces/srv/Calg.idl
[2.442s] -- Up-to-date: /home/pi/nav_ws/install/agv_interfaces/share/agv_interfaces/srv/Color.idl
[2.443s] -- Up-to-date: /home/pi/nav_ws/install/agv_interfaces/share/agv_interfaces/srv/Onoff.idl
[2.443s] -- Up-to-date: /home/pi/nav_ws/install/agv_interfaces/share/agv_interfaces/srv/ResetOdom.idl
[2.444s] -- Up-to-date: /home/pi/nav_ws/install/agv_interfaces/share/agv_interfaces/srv/SaveColor.idl
[2.444s] -- Up-to-date: /home/pi/nav_ws/install/agv_interfaces/share/agv_interfaces/srv/Battery.srv
[2.445s] -- Up-to-date: /home/pi/nav_ws/install/agv_interfaces/share/agv_interfaces/srv/Battery_Request.msg
[2.445s] -- Up-to-date: /home/pi/nav_ws/install/agv_interfaces/share/agv_interfaces/srv/Battery_Response.msg
[2.445s] -- Up-to-date: /home/pi/nav_ws/install/agv_interfaces/share/agv_interfaces/srv/Calg.srv
[2.446s] -- Up-to-date: /home/pi/nav_ws/install/agv_interfaces/share/agv_interfaces/srv/Calg_Request.msg
[2.446s] -- Up-to-date: /home/pi/nav_ws/install/agv_interfaces/share/agv_interfaces/srv/Calg_Response.msg
[2.447s] -- Up-to-date: /home/pi/nav_ws/install/agv_interfaces/share/agv_interfaces/srv/Color.srv
[2.447s] -- Up-to-date: /home/pi/nav_ws/install/agv_interfaces/share/agv_interfaces/srv/Color_Request.msg
[2.447s] -- Up-to-date: /home/pi/nav_ws/install/agv_interfaces/share/agv_interfaces/srv/Color_Response.msg
[2.448s] -- Up-to-date: /home/pi/nav_ws/install/agv_interfaces/share/agv_interfaces/srv/Onoff.srv
[2.448s] -- Up-to-date: /home/pi/nav_ws/install/agv_interfaces/share/agv_interfaces/srv/Onoff_Request.msg
[2.449s] -- Up-to-date: /home/pi/nav_ws/install/agv_interfaces/share/agv_interfaces/srv/Onoff_Response.msg
[2.449s] -- Up-to-date: /home/pi/nav_ws/install/agv_interfaces/share/agv_interfaces/srv/ResetOdom.srv
[2.449s] -- Up-to-date: /home/pi/nav_ws/install/agv_interfaces/share/agv_interfaces/srv/ResetOdom_Request.msg
[2.450s] -- Up-to-date: /home/pi/nav_ws/install/agv_interfaces/share/agv_interfaces/srv/ResetOdom_Response.msg
[2.450s] -- Up-to-date: /home/pi/nav_ws/install/agv_interfaces/share/agv_interfaces/srv/SaveColor.srv
[2.451s] -- Up-to-date: /home/pi/nav_ws/install/agv_interfaces/share/agv_interfaces/srv/SaveColor_Request.msg
[2.451s] -- Up-to-date: /home/pi/nav_ws/install/agv_interfaces/share/agv_interfaces/srv/SaveColor_Response.msg
[2.451s] -- Up-to-date: /home/pi/nav_ws/install/agv_interfaces/share/ament_index/resource_index/package_run_dependencies/agv_interfaces
[2.452s] -- Up-to-date: /home/pi/nav_ws/install/agv_interfaces/share/ament_index/resource_index/parent_prefix_path/agv_interfaces
[2.452s] -- Up-to-date: /home/pi/nav_ws/install/agv_interfaces/share/agv_interfaces/environment/ament_prefix_path.sh
[2.453s] -- Up-to-date: /home/pi/nav_ws/install/agv_interfaces/share/agv_interfaces/environment/ament_prefix_path.dsv
[2.453s] -- Up-to-date: /home/pi/nav_ws/install/agv_interfaces/share/agv_interfaces/environment/path.sh
[2.453s] -- Up-to-date: /home/pi/nav_ws/install/agv_interfaces/share/agv_interfaces/environment/path.dsv
[2.454s] -- Up-to-date: /home/pi/nav_ws/install/agv_interfaces/share/agv_interfaces/local_setup.bash
[2.454s] -- Up-to-date: /home/pi/nav_ws/install/agv_interfaces/share/agv_interfaces/local_setup.sh
[2.454s] -- Up-to-date: /home/pi/nav_ws/install/agv_interfaces/share/agv_interfaces/local_setup.zsh
[2.455s] -- Up-to-date: /home/pi/nav_ws/install/agv_interfaces/share/agv_interfaces/local_setup.dsv
[2.455s] -- Installing: /home/pi/nav_ws/install/agv_interfaces/share/agv_interfaces/package.dsv
[2.455s] -- Up-to-date: /home/pi/nav_ws/install/agv_interfaces/share/ament_index/resource_index/packages/agv_interfaces
[2.456s] -- Up-to-date: /home/pi/nav_ws/install/agv_interfaces/share/agv_interfaces/cmake/agv_interfaces__rosidl_generator_cExport.cmake
[2.456s] -- Up-to-date: /home/pi/nav_ws/install/agv_interfaces/share/agv_interfaces/cmake/agv_interfaces__rosidl_generator_cExport-noconfig.cmake
[2.457s] -- Up-to-date: /home/pi/nav_ws/install/agv_interfaces/share/agv_interfaces/cmake/agv_interfaces__rosidl_typesupport_introspection_cExport.cmake
[2.458s] -- Up-to-date: /home/pi/nav_ws/install/agv_interfaces/share/agv_interfaces/cmake/agv_interfaces__rosidl_typesupport_introspection_cExport-noconfig.cmake
[2.459s] -- Up-to-date: /home/pi/nav_ws/install/agv_interfaces/share/agv_interfaces/cmake/agv_interfaces__rosidl_typesupport_cExport.cmake
[2.459s] -- Up-to-date: /home/pi/nav_ws/install/agv_interfaces/share/agv_interfaces/cmake/agv_interfaces__rosidl_typesupport_cExport-noconfig.cmake
[2.460s] -- Up-to-date: /home/pi/nav_ws/install/agv_interfaces/share/agv_interfaces/cmake/agv_interfaces__rosidl_generator_cppExport.cmake
[2.461s] -- Up-to-date: /home/pi/nav_ws/install/agv_interfaces/share/agv_interfaces/cmake/agv_interfaces__rosidl_typesupport_introspection_cppExport.cmake
[2.461s] -- Up-to-date: /home/pi/nav_ws/install/agv_interfaces/share/agv_interfaces/cmake/agv_interfaces__rosidl_typesupport_introspection_cppExport-noconfig.cmake
[2.462s] -- Up-to-date: /home/pi/nav_ws/install/agv_interfaces/share/agv_interfaces/cmake/agv_interfaces__rosidl_typesupport_cppExport.cmake
[2.463s] -- Up-to-date: /home/pi/nav_ws/install/agv_interfaces/share/agv_interfaces/cmake/agv_interfaces__rosidl_typesupport_cppExport-noconfig.cmake
[2.463s] -- Up-to-date: /home/pi/nav_ws/install/agv_interfaces/share/agv_interfaces/cmake/rosidl_cmake-extras.cmake
[2.463s] -- Up-to-date: /home/pi/nav_ws/install/agv_interfaces/share/agv_interfaces/cmake/ament_cmake_export_dependencies-extras.cmake
[2.464s] -- Up-to-date: /home/pi/nav_ws/install/agv_interfaces/share/agv_interfaces/cmake/ament_cmake_export_libraries-extras.cmake
[2.464s] -- Up-to-date: /home/pi/nav_ws/install/agv_interfaces/share/agv_interfaces/cmake/ament_cmake_export_targets-extras.cmake
[2.465s] -- Up-to-date: /home/pi/nav_ws/install/agv_interfaces/share/agv_interfaces/cmake/ament_cmake_export_include_directories-extras.cmake
[2.465s] -- Up-to-date: /home/pi/nav_ws/install/agv_interfaces/share/agv_interfaces/cmake/rosidl_cmake_export_typesupport_libraries-extras.cmake
[2.465s] -- Up-to-date: /home/pi/nav_ws/install/agv_interfaces/share/agv_interfaces/cmake/rosidl_cmake_export_typesupport_targets-extras.cmake
[2.466s] -- Up-to-date: /home/pi/nav_ws/install/agv_interfaces/share/agv_interfaces/cmake/agv_interfacesConfig.cmake
[2.466s] -- Up-to-date: /home/pi/nav_ws/install/agv_interfaces/share/agv_interfaces/cmake/agv_interfacesConfig-version.cmake
[2.467s] -- Up-to-date: /home/pi/nav_ws/install/agv_interfaces/share/agv_interfaces/package.xml
[2.475s] Invoked command in '/home/pi/nav_ws/build/agv_interfaces' returned '0': CMAKE_PREFIX_PATH=${CMAKE_PREFIX_PATH}:/home/pi/nav_ws/install/agv_bringup:/opt/ros/foxy /usr/bin/cmake --install /home/pi/nav_ws/build/agv_interfaces
