[2.946s] Invoking command in '/home/pi/finalagv_ros2_ws/src/agv': PYTHONPATH=/home/pi/finalagv_ros2_ws/build/agv/prefix_override:/usr/lib/python3/dist-packages/colcon_core/task/python/colcon_distutils_commands:/home/pi/finalagv_ros2_ws/install/agv/lib/python3.8/site-packages:${PYTHONPATH} /usr/bin/python3 -W ignore:setup.py install is deprecated setup.py egg_info --egg-base ../../build/agv build --build-base /home/pi/finalagv_ros2_ws/build/agv/build install --record /home/pi/finalagv_ros2_ws/build/agv/install.log --install-scripts $base/lib/agv --single-version-externally-managed install_data
[3.888s] running egg_info
[3.890s] writing ../../build/agv/agv.egg-info/PKG-INFO
[3.892s] writing dependency_links to ../../build/agv/agv.egg-info/dependency_links.txt
[3.893s] writing entry points to ../../build/agv/agv.egg-info/entry_points.txt
[3.893s] writing requirements to ../../build/agv/agv.egg-info/requires.txt
[3.894s] writing top-level names to ../../build/agv/agv.egg-info/top_level.txt
[4.031s] reading manifest file '../../build/agv/agv.egg-info/SOURCES.txt'
[4.036s] writing manifest file '../../build/agv/agv.egg-info/SOURCES.txt'
[4.037s] running build
[4.037s] running build_py
[4.039s] copying agv/return_sub.py -> /home/pi/finalagv_ros2_ws/build/agv/build/lib/agv
[4.042s] running install
[4.045s] running install_lib
[4.050s] copying /home/pi/finalagv_ros2_ws/build/agv/build/lib/agv/return_sub.py -> /home/pi/finalagv_ros2_ws/install/agv/lib/python3.8/site-packages/agv
[4.054s] byte-compiling /home/pi/finalagv_ros2_ws/install/agv/lib/python3.8/site-packages/agv/return_sub.py to return_sub.cpython-38.pyc
[4.063s] running install_data
[4.064s] running install_egg_info
[4.070s] removing '/home/pi/finalagv_ros2_ws/install/agv/lib/python3.8/site-packages/agv-0.0.0-py3.8.egg-info' (and everything under it)
[4.071s] Copying ../../build/agv/agv.egg-info to /home/pi/finalagv_ros2_ws/install/agv/lib/python3.8/site-packages/agv-0.0.0-py3.8.egg-info
[4.077s] running install_scripts
[4.140s] Installing pub script to /home/pi/finalagv_ros2_ws/install/agv/lib/agv
[4.141s] Installing pub2 script to /home/pi/finalagv_ros2_ws/install/agv/lib/agv
[4.143s] Installing pub4 script to /home/pi/finalagv_ros2_ws/install/agv/lib/agv
[4.144s] Installing return script to /home/pi/finalagv_ros2_ws/install/agv/lib/agv
[4.146s] Installing sub script to /home/pi/finalagv_ros2_ws/install/agv/lib/agv
[4.147s] Installing sub2 script to /home/pi/finalagv_ros2_ws/install/agv/lib/agv
[4.149s] Installing tel script to /home/pi/finalagv_ros2_ws/install/agv/lib/agv
[4.149s] Installing udp script to /home/pi/finalagv_ros2_ws/install/agv/lib/agv
[4.151s] writing list of installed files to '/home/pi/finalagv_ros2_ws/build/agv/install.log'
[4.255s] Invoked command in '/home/pi/finalagv_ros2_ws/src/agv' returned '0': PYTHONPATH=/home/pi/finalagv_ros2_ws/build/agv/prefix_override:/usr/lib/python3/dist-packages/colcon_core/task/python/colcon_distutils_commands:/home/pi/finalagv_ros2_ws/install/agv/lib/python3.8/site-packages:${PYTHONPATH} /usr/bin/python3 -W ignore:setup.py install is deprecated setup.py egg_info --egg-base ../../build/agv build --build-base /home/pi/finalagv_ros2_ws/build/agv/build install --record /home/pi/finalagv_ros2_ws/build/agv/install.log --install-scripts $base/lib/agv --single-version-externally-managed install_data
