[0.139s] Invoking command in '/home/pi/nav_ws/build/agv_description': CMAKE_PREFIX_PATH=${CMAKE_PREFIX_PATH}:/home/pi/nav_ws/install/agv_bringup:/opt/ros/foxy /usr/bin/cmake --build /home/pi/nav_ws/build/agv_description -- -j4 -l4
[0.361s] Invoked command in '/home/pi/nav_ws/build/agv_description' returned '0': CMAKE_PREFIX_PATH=${CMAKE_PREFIX_PATH}:/home/pi/nav_ws/install/agv_bringup:/opt/ros/foxy /usr/bin/cmake --build /home/pi/nav_ws/build/agv_description -- -j4 -l4
[0.580s] Invoking command in '/home/pi/nav_ws/build/agv_description': CMAKE_PREFIX_PATH=${CMAKE_PREFIX_PATH}:/home/pi/nav_ws/install/agv_bringup:/opt/ros/foxy /usr/bin/cmake --install /home/pi/nav_ws/build/agv_description
[0.636s] -- Install configuration: ""
[0.637s] -- Up-to-date: /home/pi/nav_ws/install/agv_description/share/agv_description/meshes
[0.638s] -- Up-to-date: /home/pi/nav_ws/install/agv_description/share/agv_description/meshes/agv_all.dae
[0.638s] -- Up-to-date: /home/pi/nav_ws/install/agv_description/share/agv_description/meshes/agv_up.dae
[0.639s] -- Up-to-date: /home/pi/nav_ws/install/agv_description/share/agv_description/meshes/agv_base.dae
[0.640s] -- Up-to-date: /home/pi/nav_ws/install/agv_description/share/agv_description/rviz
[0.642s] -- Up-to-date: /home/pi/nav_ws/install/agv_description/share/agv_description/rviz/agv.rviz
[0.647s] -- Up-to-date: /home/pi/nav_ws/install/agv_description/share/agv_description/urdf
[0.648s] -- Up-to-date: /home/pi/nav_ws/install/agv_description/share/agv_description/urdf/agv.urdf
[0.649s] -- Up-to-date: /home/pi/nav_ws/install/agv_description/share/agv_description/launch
[0.650s] -- Up-to-date: /home/pi/nav_ws/install/agv_description/share/agv_description/launch/agv_state_publisher.launch.py
[0.651s] -- Up-to-date: /home/pi/nav_ws/install/agv_description/share/agv_description/launch/agv_description_rviz.launch.py
[0.652s] -- Up-to-date: /home/pi/nav_ws/install/agv_description/share/agv_description/launch/agv_description.launch.py
[0.653s] -- Up-to-date: /home/pi/nav_ws/install/agv_description/share/ament_index/resource_index/package_run_dependencies/agv_description
[0.655s] -- Up-to-date: /home/pi/nav_ws/install/agv_description/share/ament_index/resource_index/parent_prefix_path/agv_description
[0.658s] -- Up-to-date: /home/pi/nav_ws/install/agv_description/share/agv_description/environment/ament_prefix_path.sh
[0.660s] -- Up-to-date: /home/pi/nav_ws/install/agv_description/share/agv_description/environment/ament_prefix_path.dsv
[0.662s] -- Up-to-date: /home/pi/nav_ws/install/agv_description/share/agv_description/environment/path.sh
[0.669s] -- Up-to-date: /home/pi/nav_ws/install/agv_description/share/agv_description/environment/path.dsv
[0.670s] -- Up-to-date: /home/pi/nav_ws/install/agv_description/share/agv_description/local_setup.bash
[0.671s] -- Up-to-date: /home/pi/nav_ws/install/agv_description/share/agv_description/local_setup.sh
[0.672s] -- Up-to-date: /home/pi/nav_ws/install/agv_description/share/agv_description/local_setup.zsh
[0.673s] -- Up-to-date: /home/pi/nav_ws/install/agv_description/share/agv_description/local_setup.dsv
[0.674s] -- Installing: /home/pi/nav_ws/install/agv_description/share/agv_description/package.dsv
[0.674s] -- Up-to-date: /home/pi/nav_ws/install/agv_description/share/ament_index/resource_index/packages/agv_description
[0.676s] -- Up-to-date: /home/pi/nav_ws/install/agv_description/share/agv_description/cmake/agv_descriptionConfig.cmake
[0.677s] -- Up-to-date: /home/pi/nav_ws/install/agv_description/share/agv_description/cmake/agv_descriptionConfig-version.cmake
[0.684s] -- Up-to-date: /home/pi/nav_ws/install/agv_description/share/agv_description/package.xml
[0.685s] Invoked command in '/home/pi/nav_ws/build/agv_description' returned '0': CMAKE_PREFIX_PATH=${CMAKE_PREFIX_PATH}:/home/pi/nav_ws/install/agv_bringup:/opt/ros/foxy /usr/bin/cmake --install /home/pi/nav_ws/build/agv_description
