[0.164s] Invoking command in '/home/pi/nav_ws/build/agv_description': CMAKE_PREFIX_PATH=${CMAKE_PREFIX_PATH}:/home/pi/ydlidar_ros2_ws/install/nav2_gazebo_spawner:/home/pi/ydlidar_ros2_ws/install/jdamr200_teleop:/home/pi/ydlidar_ros2_ws/install/jdamr200_node:/home/pi/nav_ws/install/agv_bringup:/opt/ros/foxy /usr/bin/cmake --build /home/pi/nav_ws/build/agv_description -- -j4 -l4
[0.373s] Invoked command in '/home/pi/nav_ws/build/agv_description' returned '0': CMAKE_PREFIX_PATH=${CMAKE_PREFIX_PATH}:/home/pi/ydlidar_ros2_ws/install/nav2_gazebo_spawner:/home/pi/ydlidar_ros2_ws/install/jdamr200_teleop:/home/pi/ydlidar_ros2_ws/install/jdamr200_node:/home/pi/nav_ws/install/agv_bringup:/opt/ros/foxy /usr/bin/cmake --build /home/pi/nav_ws/build/agv_description -- -j4 -l4
[0.594s] Invoking command in '/home/pi/nav_ws/build/agv_description': CMAKE_PREFIX_PATH=${CMAKE_PREFIX_PATH}:/home/pi/ydlidar_ros2_ws/install/nav2_gazebo_spawner:/home/pi/ydlidar_ros2_ws/install/jdamr200_teleop:/home/pi/ydlidar_ros2_ws/install/jdamr200_node:/home/pi/nav_ws/install/agv_bringup:/opt/ros/foxy /usr/bin/cmake --install /home/pi/nav_ws/build/agv_description
[0.657s] -- Install configuration: ""
[0.659s] -- Up-to-date: /home/pi/nav_ws/install/agv_description/share/agv_description/meshes
[0.661s] -- Up-to-date: /home/pi/nav_ws/install/agv_description/share/agv_description/meshes/agv_all.dae
[0.662s] -- Up-to-date: /home/pi/nav_ws/install/agv_description/share/agv_description/meshes/agv_up.dae
[0.663s] -- Up-to-date: /home/pi/nav_ws/install/agv_description/share/agv_description/meshes/agv_base.dae
[0.663s] -- Up-to-date: /home/pi/nav_ws/install/agv_description/share/agv_description/rviz
[0.665s] -- Up-to-date: /home/pi/nav_ws/install/agv_description/share/agv_description/rviz/agv.rviz
[0.666s] -- Up-to-date: /home/pi/nav_ws/install/agv_description/share/agv_description/urdf
[0.667s] -- Up-to-date: /home/pi/nav_ws/install/agv_description/share/agv_description/urdf/agv.urdf
[0.668s] -- Up-to-date: /home/pi/nav_ws/install/agv_description/share/agv_description/launch
[0.669s] -- Up-to-date: /home/pi/nav_ws/install/agv_description/share/agv_description/launch/agv_state_publisher.launch.py
[0.670s] -- Up-to-date: /home/pi/nav_ws/install/agv_description/share/agv_description/launch/agv_description_rviz.launch.py
[0.671s] -- Up-to-date: /home/pi/nav_ws/install/agv_description/share/agv_description/launch/agv_description.launch.py
[0.671s] -- Up-to-date: /home/pi/nav_ws/install/agv_description/share/ament_index/resource_index/package_run_dependencies/agv_description
[0.672s] -- Up-to-date: /home/pi/nav_ws/install/agv_description/share/ament_index/resource_index/parent_prefix_path/agv_description
[0.672s] -- Up-to-date: /home/pi/nav_ws/install/agv_description/share/agv_description/environment/ament_prefix_path.sh
[0.673s] -- Up-to-date: /home/pi/nav_ws/install/agv_description/share/agv_description/environment/ament_prefix_path.dsv
[0.673s] -- Up-to-date: /home/pi/nav_ws/install/agv_description/share/agv_description/environment/path.sh
[0.674s] -- Up-to-date: /home/pi/nav_ws/install/agv_description/share/agv_description/environment/path.dsv
[0.674s] -- Up-to-date: /home/pi/nav_ws/install/agv_description/share/agv_description/local_setup.bash
[0.675s] -- Up-to-date: /home/pi/nav_ws/install/agv_description/share/agv_description/local_setup.sh
[0.675s] -- Up-to-date: /home/pi/nav_ws/install/agv_description/share/agv_description/local_setup.zsh
[0.676s] -- Up-to-date: /home/pi/nav_ws/install/agv_description/share/agv_description/local_setup.dsv
[0.677s] -- Installing: /home/pi/nav_ws/install/agv_description/share/agv_description/package.dsv
[0.681s] -- Up-to-date: /home/pi/nav_ws/install/agv_description/share/ament_index/resource_index/packages/agv_description
[0.682s] -- Up-to-date: /home/pi/nav_ws/install/agv_description/share/agv_description/cmake/agv_descriptionConfig.cmake
[0.683s] -- Up-to-date: /home/pi/nav_ws/install/agv_description/share/agv_description/cmake/agv_descriptionConfig-version.cmake
[0.684s] -- Up-to-date: /home/pi/nav_ws/install/agv_description/share/agv_description/package.xml
[0.728s] Invoked command in '/home/pi/nav_ws/build/agv_description' returned '0': CMAKE_PREFIX_PATH=${CMAKE_PREFIX_PATH}:/home/pi/ydlidar_ros2_ws/install/nav2_gazebo_spawner:/home/pi/ydlidar_ros2_ws/install/jdamr200_teleop:/home/pi/ydlidar_ros2_ws/install/jdamr200_node:/home/pi/nav_ws/install/agv_bringup:/opt/ros/foxy /usr/bin/cmake --install /home/pi/nav_ws/build/agv_description
