[0.141s] Invoking command in '/home/pi/nav_ws/build/agv_description': CMAKE_PREFIX_PATH=${CMAKE_PREFIX_PATH}:/home/pi/nav_ws/install/agv_bringup:/opt/ros/foxy /usr/bin/cmake --build /home/pi/nav_ws/build/agv_description -- -j4 -l4
[0.412s] Invoked command in '/home/pi/nav_ws/build/agv_description' returned '0': CMAKE_PREFIX_PATH=${CMAKE_PREFIX_PATH}:/home/pi/nav_ws/install/agv_bringup:/opt/ros/foxy /usr/bin/cmake --build /home/pi/nav_ws/build/agv_description -- -j4 -l4
[0.761s] Invoking command in '/home/pi/nav_ws/build/agv_description': CMAKE_PREFIX_PATH=${CMAKE_PREFIX_PATH}:/home/pi/nav_ws/install/agv_bringup:/opt/ros/foxy /usr/bin/cmake --install /home/pi/nav_ws/build/agv_description
[0.819s] -- Install configuration: ""
[0.823s] -- Up-to-date: /home/pi/nav_ws/install/agv_description/share/agv_description/meshes
[0.823s] -- Up-to-date: /home/pi/nav_ws/install/agv_description/share/agv_description/meshes/agv_all.dae
[0.824s] -- Up-to-date: /home/pi/nav_ws/install/agv_description/share/agv_description/meshes/agv_up.dae
[0.825s] -- Up-to-date: /home/pi/nav_ws/install/agv_description/share/agv_description/meshes/agv_base.dae
[0.825s] -- Up-to-date: /home/pi/nav_ws/install/agv_description/share/agv_description/rviz
[0.836s] -- Installing: /home/pi/nav_ws/install/agv_description/share/agv_description/rviz/agv.rviz
[0.838s] -- Up-to-date: /home/pi/nav_ws/install/agv_description/share/agv_description/urdf
[0.842s] -- Up-to-date: /home/pi/nav_ws/install/agv_description/share/agv_description/urdf/agv.urdf
[0.845s] -- Up-to-date: /home/pi/nav_ws/install/agv_description/share/agv_description/launch
[0.847s] -- Up-to-date: /home/pi/nav_ws/install/agv_description/share/agv_description/launch/agv_state_publisher.launch.py
[0.849s] -- Up-to-date: /home/pi/nav_ws/install/agv_description/share/agv_description/launch/agv_description_rviz.launch.py
[0.849s] -- Up-to-date: /home/pi/nav_ws/install/agv_description/share/agv_description/launch/agv_description.launch.py
[0.850s] -- Up-to-date: /home/pi/nav_ws/install/agv_description/share/ament_index/resource_index/package_run_dependencies/agv_description
[0.850s] -- Up-to-date: /home/pi/nav_ws/install/agv_description/share/ament_index/resource_index/parent_prefix_path/agv_description
[0.851s] -- Up-to-date: /home/pi/nav_ws/install/agv_description/share/agv_description/environment/ament_prefix_path.sh
[0.851s] -- Up-to-date: /home/pi/nav_ws/install/agv_description/share/agv_description/environment/ament_prefix_path.dsv
[0.851s] -- Up-to-date: /home/pi/nav_ws/install/agv_description/share/agv_description/environment/path.sh
[0.852s] -- Up-to-date: /home/pi/nav_ws/install/agv_description/share/agv_description/environment/path.dsv
[0.852s] -- Up-to-date: /home/pi/nav_ws/install/agv_description/share/agv_description/local_setup.bash
[0.853s] -- Up-to-date: /home/pi/nav_ws/install/agv_description/share/agv_description/local_setup.sh
[0.853s] -- Up-to-date: /home/pi/nav_ws/install/agv_description/share/agv_description/local_setup.zsh
[0.853s] -- Up-to-date: /home/pi/nav_ws/install/agv_description/share/agv_description/local_setup.dsv
[0.855s] -- Installing: /home/pi/nav_ws/install/agv_description/share/agv_description/package.dsv
[0.856s] -- Up-to-date: /home/pi/nav_ws/install/agv_description/share/ament_index/resource_index/packages/agv_description
[0.857s] -- Up-to-date: /home/pi/nav_ws/install/agv_description/share/agv_description/cmake/agv_descriptionConfig.cmake
[0.859s] -- Up-to-date: /home/pi/nav_ws/install/agv_description/share/agv_description/cmake/agv_descriptionConfig-version.cmake
[0.860s] -- Up-to-date: /home/pi/nav_ws/install/agv_description/share/agv_description/package.xml
[0.877s] Invoked command in '/home/pi/nav_ws/build/agv_description' returned '0': CMAKE_PREFIX_PATH=${CMAKE_PREFIX_PATH}:/home/pi/nav_ws/install/agv_bringup:/opt/ros/foxy /usr/bin/cmake --install /home/pi/nav_ws/build/agv_description
