[2.981s] Invoking command in '/home/pi/finalagv_ros2_ws/src/agv': PYTHONPATH=/home/pi/finalagv_ros2_ws/build/agv/prefix_override:/usr/lib/python3/dist-packages/colcon_core/task/python/colcon_distutils_commands:/home/pi/finalagv_ros2_ws/install/agv/lib/python3.8/site-packages:${PYTHONPATH} /usr/bin/python3 -W ignore:setup.py install is deprecated setup.py egg_info --egg-base ../../build/agv build --build-base /home/pi/finalagv_ros2_ws/build/agv/build install --record /home/pi/finalagv_ros2_ws/build/agv/install.log --install-scripts $base/lib/agv --single-version-externally-managed install_data
[3.902s] running egg_info
[3.904s] writing ../../build/agv/agv.egg-info/PKG-INFO
[3.906s] writing dependency_links to ../../build/agv/agv.egg-info/dependency_links.txt
[3.908s] writing entry points to ../../build/agv/agv.egg-info/entry_points.txt
[3.909s] writing requirements to ../../build/agv/agv.egg-info/requires.txt
[3.909s] writing top-level names to ../../build/agv/agv.egg-info/top_level.txt
[4.046s] reading manifest file '../../build/agv/agv.egg-info/SOURCES.txt'
[4.050s] writing manifest file '../../build/agv/agv.egg-info/SOURCES.txt'
[4.051s] running build
[4.051s] running build_py
[4.058s] running install
[4.066s] running install_lib
[4.074s] running install_data
[4.079s] running install_egg_info
[4.086s] removing '/home/pi/finalagv_ros2_ws/install/agv/lib/python3.8/site-packages/agv-0.0.0-py3.8.egg-info' (and everything under it)
[4.089s] Copying ../../build/agv/agv.egg-info to /home/pi/finalagv_ros2_ws/install/agv/lib/python3.8/site-packages/agv-0.0.0-py3.8.egg-info
[4.096s] running install_scripts
[4.161s] Installing pub script to /home/pi/finalagv_ros2_ws/install/agv/lib/agv
[4.162s] Installing pub2 script to /home/pi/finalagv_ros2_ws/install/agv/lib/agv
[4.163s] Installing pub4 script to /home/pi/finalagv_ros2_ws/install/agv/lib/agv
[4.164s] Installing return script to /home/pi/finalagv_ros2_ws/install/agv/lib/agv
[4.164s] Installing sub script to /home/pi/finalagv_ros2_ws/install/agv/lib/agv
[4.165s] Installing sub2 script to /home/pi/finalagv_ros2_ws/install/agv/lib/agv
[4.166s] Installing tel script to /home/pi/finalagv_ros2_ws/install/agv/lib/agv
[4.167s] Installing udp script to /home/pi/finalagv_ros2_ws/install/agv/lib/agv
[4.169s] writing list of installed files to '/home/pi/finalagv_ros2_ws/build/agv/install.log'
[4.266s] Invoked command in '/home/pi/finalagv_ros2_ws/src/agv' returned '0': PYTHONPATH=/home/pi/finalagv_ros2_ws/build/agv/prefix_override:/usr/lib/python3/dist-packages/colcon_core/task/python/colcon_distutils_commands:/home/pi/finalagv_ros2_ws/install/agv/lib/python3.8/site-packages:${PYTHONPATH} /usr/bin/python3 -W ignore:setup.py install is deprecated setup.py egg_info --egg-base ../../build/agv build --build-base /home/pi/finalagv_ros2_ws/build/agv/build install --record /home/pi/finalagv_ros2_ws/build/agv/install.log --install-scripts $base/lib/agv --single-version-externally-managed install_data
