[2.020s] DEBUG:colcon:Command line arguments: ['/usr/bin/colcon', 'build']
[2.021s] DEBUG:colcon:Parsed command line arguments: Namespace(allow_overriding=[], ament_cmake_args=None, base_paths=['.'], build_base='build', catkin_cmake_args=None, catkin_skip_building_tests=False, cmake_args=None, cmake_clean_cache=False, cmake_clean_first=False, cmake_force_configure=False, cmake_target=None, cmake_target_skip_unavailable=False, continue_on_error=False, event_handlers=None, executor='parallel', ignore_user_meta=False, install_base='install', log_base=None, log_level=None, main=<bound method BuildVerb.main of <colcon_core.verb.build.BuildVerb object at 0xffff9eb6d220>>, merge_install=False, metas=['./colcon.meta'], mixin=None, mixin_files=None, mixin_verb=('build',), packages_above=None, packages_above_and_dependencies=None, packages_above_depth=None, packages_end=None, packages_ignore=None, packages_ignore_regex=None, packages_select=None, packages_select_build_failed=False, packages_select_by_dep=None, packages_select_regex=None, packages_select_test_failures=False, packages_skip=None, packages_skip_build_finished=False, packages_skip_by_dep=None, packages_skip_regex=None, packages_skip_test_passed=False, packages_skip_up_to=None, packages_start=None, packages_up_to=None, packages_up_to_regex=None, parallel_workers=4, paths=None, symlink_install=False, test_result_base=None, verb_extension=<colcon_core.verb.build.BuildVerb object at 0xffff9eb6d220>, verb_name='build', verb_parser=<colcon_mixin.mixin.mixin_argument.MixinArgumentDecorator object at 0xffff9ea56100>)
[2.853s] Level 1:colcon.colcon_core.package_discovery:discover_packages(colcon_meta) check parameters
[2.854s] Level 1:colcon.colcon_core.package_discovery:discover_packages(recursive) check parameters
[2.854s] Level 1:colcon.colcon_core.package_discovery:discover_packages(ignore) check parameters
[2.855s] Level 1:colcon.colcon_core.package_discovery:discover_packages(path) check parameters
[2.855s] Level 1:colcon.colcon_core.package_discovery:discover_packages(colcon_meta) discover
[2.855s] Level 1:colcon.colcon_core.package_discovery:discover_packages(recursive) discover
[2.855s] INFO:colcon.colcon_core.package_discovery:Crawling recursively for packages in '/home/pi/finalagv_ros2_ws'
[2.856s] Level 1:colcon.colcon_core.package_identification:_identify(.) by extensions ['ignore', 'ignore_ament_install']
[2.857s] Level 1:colcon.colcon_core.package_identification:_identify(.) by extension 'ignore'
[2.857s] Level 1:colcon.colcon_core.package_identification:_identify(.) by extension 'ignore_ament_install'
[2.858s] Level 1:colcon.colcon_core.package_identification:_identify(.) by extensions ['colcon_pkg']
[2.858s] Level 1:colcon.colcon_core.package_identification:_identify(.) by extension 'colcon_pkg'
[2.858s] Level 1:colcon.colcon_core.package_identification:_identify(.) by extensions ['colcon_meta']
[2.859s] Level 1:colcon.colcon_core.package_identification:_identify(.) by extension 'colcon_meta'
[2.859s] Level 1:colcon.colcon_core.package_identification:_identify(.) by extensions ['ros']
[2.859s] Level 1:colcon.colcon_core.package_identification:_identify(.) by extension 'ros'
[2.934s] Level 1:colcon.colcon_core.package_identification:_identify(.) by extensions ['cmake', 'python']
[2.935s] Level 1:colcon.colcon_core.package_identification:_identify(.) by extension 'cmake'
[2.935s] Level 1:colcon.colcon_core.package_identification:_identify(.) by extension 'python'
[2.935s] Level 1:colcon.colcon_core.package_identification:_identify(.) by extensions ['python_setup_py']
[2.935s] Level 1:colcon.colcon_core.package_identification:_identify(.) by extension 'python_setup_py'
[2.936s] Level 1:colcon.colcon_core.package_identification:_identify(build) by extensions ['ignore', 'ignore_ament_install']
[2.936s] Level 1:colcon.colcon_core.package_identification:_identify(build) by extension 'ignore'
[2.936s] Level 1:colcon.colcon_core.package_identification:_identify(build) ignored
[2.937s] Level 1:colcon.colcon_core.package_identification:_identify(install) by extensions ['ignore', 'ignore_ament_install']
[2.937s] Level 1:colcon.colcon_core.package_identification:_identify(install) by extension 'ignore'
[2.938s] Level 1:colcon.colcon_core.package_identification:_identify(install) ignored
[2.939s] Level 1:colcon.colcon_core.package_identification:_identify(log) by extensions ['ignore', 'ignore_ament_install']
[2.940s] Level 1:colcon.colcon_core.package_identification:_identify(log) by extension 'ignore'
[2.940s] Level 1:colcon.colcon_core.package_identification:_identify(log) ignored
[2.940s] Level 1:colcon.colcon_core.package_identification:_identify(src) by extensions ['ignore', 'ignore_ament_install']
[2.940s] Level 1:colcon.colcon_core.package_identification:_identify(src) by extension 'ignore'
[2.941s] Level 1:colcon.colcon_core.package_identification:_identify(src) by extension 'ignore_ament_install'
[2.941s] Level 1:colcon.colcon_core.package_identification:_identify(src) by extensions ['colcon_pkg']
[2.941s] Level 1:colcon.colcon_core.package_identification:_identify(src) by extension 'colcon_pkg'
[2.941s] Level 1:colcon.colcon_core.package_identification:_identify(src) by extensions ['colcon_meta']
[2.941s] Level 1:colcon.colcon_core.package_identification:_identify(src) by extension 'colcon_meta'
[2.942s] Level 1:colcon.colcon_core.package_identification:_identify(src) by extensions ['ros']
[2.942s] Level 1:colcon.colcon_core.package_identification:_identify(src) by extension 'ros'
[2.942s] Level 1:colcon.colcon_core.package_identification:_identify(src) by extensions ['cmake', 'python']
[2.942s] Level 1:colcon.colcon_core.package_identification:_identify(src) by extension 'cmake'
[2.942s] Level 1:colcon.colcon_core.package_identification:_identify(src) by extension 'python'
[2.943s] Level 1:colcon.colcon_core.package_identification:_identify(src) by extensions ['python_setup_py']
[2.943s] Level 1:colcon.colcon_core.package_identification:_identify(src) by extension 'python_setup_py'
[2.943s] Level 1:colcon.colcon_core.package_identification:_identify(src/agv) by extensions ['ignore', 'ignore_ament_install']
[2.944s] Level 1:colcon.colcon_core.package_identification:_identify(src/agv) by extension 'ignore'
[2.944s] Level 1:colcon.colcon_core.package_identification:_identify(src/agv) by extension 'ignore_ament_install'
[2.944s] Level 1:colcon.colcon_core.package_identification:_identify(src/agv) by extensions ['colcon_pkg']
[2.944s] Level 1:colcon.colcon_core.package_identification:_identify(src/agv) by extension 'colcon_pkg'
[2.944s] Level 1:colcon.colcon_core.package_identification:_identify(src/agv) by extensions ['colcon_meta']
[2.944s] Level 1:colcon.colcon_core.package_identification:_identify(src/agv) by extension 'colcon_meta'
[2.945s] Level 1:colcon.colcon_core.package_identification:_identify(src/agv) by extensions ['ros']
[2.945s] Level 1:colcon.colcon_core.package_identification:_identify(src/agv) by extension 'ros'
[2.957s] DEBUG:colcon.colcon_core.package_identification:Package 'src/agv' with type 'ros.ament_python' and name 'agv'
[2.957s] Level 1:colcon.colcon_core.package_discovery:discover_packages(recursive) using defaults
[2.958s] Level 1:colcon.colcon_core.package_discovery:discover_packages(ignore) discover
[2.958s] Level 1:colcon.colcon_core.package_discovery:discover_packages(ignore) using defaults
[2.958s] Level 1:colcon.colcon_core.package_discovery:discover_packages(path) discover
[2.958s] Level 1:colcon.colcon_core.package_discovery:discover_packages(path) using defaults
[3.059s] Level 1:colcon.colcon_core.package_discovery:discover_packages(prefix_path) check parameters
[3.059s] Level 1:colcon.colcon_core.package_discovery:discover_packages(prefix_path) discover
[3.084s] DEBUG:colcon.colcon_installed_package_information.package_discovery:Found 296 installed packages in /opt/ros/foxy
[3.135s] Level 1:colcon.colcon_core.package_discovery:discover_packages(prefix_path) using defaults
[3.813s] Level 5:colcon.colcon_core.verb:set package 'agv' build argument 'cmake_args' from command line to 'None'
[3.814s] Level 5:colcon.colcon_core.verb:set package 'agv' build argument 'cmake_target' from command line to 'None'
[3.814s] Level 5:colcon.colcon_core.verb:set package 'agv' build argument 'cmake_target_skip_unavailable' from command line to 'False'
[3.814s] Level 5:colcon.colcon_core.verb:set package 'agv' build argument 'cmake_clean_cache' from command line to 'False'
[3.814s] Level 5:colcon.colcon_core.verb:set package 'agv' build argument 'cmake_clean_first' from command line to 'False'
[3.814s] Level 5:colcon.colcon_core.verb:set package 'agv' build argument 'cmake_force_configure' from command line to 'False'
[3.814s] Level 5:colcon.colcon_core.verb:set package 'agv' build argument 'ament_cmake_args' from command line to 'None'
[3.814s] Level 5:colcon.colcon_core.verb:set package 'agv' build argument 'catkin_cmake_args' from command line to 'None'
[3.815s] Level 5:colcon.colcon_core.verb:set package 'agv' build argument 'catkin_skip_building_tests' from command line to 'False'
[3.815s] DEBUG:colcon.colcon_core.verb:Building package 'agv' with the following arguments: {'ament_cmake_args': None, 'build_base': '/home/pi/finalagv_ros2_ws/build/agv', 'catkin_cmake_args': None, 'catkin_skip_building_tests': False, 'cmake_args': None, 'cmake_clean_cache': False, 'cmake_clean_first': False, 'cmake_force_configure': False, 'cmake_target': None, 'cmake_target_skip_unavailable': False, 'install_base': '/home/pi/finalagv_ros2_ws/install/agv', 'merge_install': False, 'path': '/home/pi/finalagv_ros2_ws/src/agv', 'symlink_install': False, 'test_result_base': None}
[3.815s] INFO:colcon.colcon_core.executor:Executing jobs using 'parallel' executor
[3.819s] DEBUG:colcon.colcon_parallel_executor.executor.parallel:run_until_complete
[3.820s] INFO:colcon.colcon_ros.task.ament_python.build:Building ROS package in '/home/pi/finalagv_ros2_ws/src/agv' with build type 'ament_python'
[3.821s] Level 1:colcon.colcon_core.shell:create_environment_hook('agv', 'ament_prefix_path')
[3.838s] INFO:colcon.colcon_core.plugin_system:Skipping extension 'colcon_core.shell.bat': Not used on non-Windows systems
[3.839s] INFO:colcon.colcon_core.shell:Creating environment hook '/home/pi/finalagv_ros2_ws/install/agv/share/agv/hook/ament_prefix_path.ps1'
[3.844s] INFO:colcon.colcon_core.shell:Creating environment descriptor '/home/pi/finalagv_ros2_ws/install/agv/share/agv/hook/ament_prefix_path.dsv'
[3.848s] INFO:colcon.colcon_core.shell:Creating environment hook '/home/pi/finalagv_ros2_ws/install/agv/share/agv/hook/ament_prefix_path.sh'
[3.853s] INFO:colcon.colcon_core.shell:Skip shell extension 'powershell' for command environment: Not usable outside of PowerShell
[3.854s] DEBUG:colcon.colcon_core.shell:Skip shell extension 'dsv' for command environment
[4.915s] INFO:colcon.colcon_core.task.python.build:Building Python package in '/home/pi/finalagv_ros2_ws/src/agv'
[4.917s] INFO:colcon.colcon_core.shell:Skip shell extension 'powershell' for command environment: Not usable outside of PowerShell
[4.917s] DEBUG:colcon.colcon_core.shell:Skip shell extension 'dsv' for command environment
[6.851s] DEBUG:colcon.colcon_core.event_handler.log_command:Invoking command in '/home/pi/finalagv_ros2_ws/src/agv': PYTHONPATH=/home/pi/finalagv_ros2_ws/build/agv/prefix_override:/usr/lib/python3/dist-packages/colcon_core/task/python/colcon_distutils_commands:/home/pi/finalagv_ros2_ws/install/agv/lib/python3.8/site-packages:${PYTHONPATH} /usr/bin/python3 -W ignore:setup.py install is deprecated setup.py egg_info --egg-base ../../build/agv build --build-base /home/pi/finalagv_ros2_ws/build/agv/build install --record /home/pi/finalagv_ros2_ws/build/agv/install.log --install-scripts $base/lib/agv --single-version-externally-managed install_data
[8.160s] DEBUG:colcon.colcon_core.event_handler.log_command:Invoked command in '/home/pi/finalagv_ros2_ws/src/agv' returned '0': PYTHONPATH=/home/pi/finalagv_ros2_ws/build/agv/prefix_override:/usr/lib/python3/dist-packages/colcon_core/task/python/colcon_distutils_commands:/home/pi/finalagv_ros2_ws/install/agv/lib/python3.8/site-packages:${PYTHONPATH} /usr/bin/python3 -W ignore:setup.py install is deprecated setup.py egg_info --egg-base ../../build/agv build --build-base /home/pi/finalagv_ros2_ws/build/agv/build install --record /home/pi/finalagv_ros2_ws/build/agv/install.log --install-scripts $base/lib/agv --single-version-externally-managed install_data
[8.190s] Level 1:colcon.colcon_core.environment:checking '/home/pi/finalagv_ros2_ws/install/agv' for CMake module files
[8.193s] Level 1:colcon.colcon_core.environment:checking '/home/pi/finalagv_ros2_ws/install/agv' for CMake config files
[8.199s] Level 1:colcon.colcon_core.environment:checking '/home/pi/finalagv_ros2_ws/install/agv/lib'
[8.201s] Level 1:colcon.colcon_core.environment:checking '/home/pi/finalagv_ros2_ws/install/agv/bin'
[8.201s] Level 1:colcon.colcon_core.environment:checking '/home/pi/finalagv_ros2_ws/install/agv/lib/pkgconfig/agv.pc'
[8.202s] Level 1:colcon.colcon_core.environment:checking '/home/pi/finalagv_ros2_ws/install/agv/lib/python3.8/site-packages'
[8.203s] Level 1:colcon.colcon_core.shell:create_environment_hook('agv', 'pythonpath')
[8.204s] INFO:colcon.colcon_core.shell:Creating environment hook '/home/pi/finalagv_ros2_ws/install/agv/share/agv/hook/pythonpath.ps1'
[8.207s] INFO:colcon.colcon_core.shell:Creating environment descriptor '/home/pi/finalagv_ros2_ws/install/agv/share/agv/hook/pythonpath.dsv'
[8.209s] INFO:colcon.colcon_core.shell:Creating environment hook '/home/pi/finalagv_ros2_ws/install/agv/share/agv/hook/pythonpath.sh'
[8.212s] Level 1:colcon.colcon_core.environment:checking '/home/pi/finalagv_ros2_ws/install/agv/bin'
[8.213s] Level 1:colcon.colcon_core.environment:create_environment_scripts_only(agv)
[8.215s] INFO:colcon.colcon_core.shell:Creating package script '/home/pi/finalagv_ros2_ws/install/agv/share/agv/package.ps1'
[8.241s] INFO:colcon.colcon_core.shell:Creating package descriptor '/home/pi/finalagv_ros2_ws/install/agv/share/agv/package.dsv'
[8.246s] INFO:colcon.colcon_core.shell:Creating package script '/home/pi/finalagv_ros2_ws/install/agv/share/agv/package.sh'
[8.251s] INFO:colcon.colcon_core.shell:Creating package script '/home/pi/finalagv_ros2_ws/install/agv/share/agv/package.bash'
[8.259s] INFO:colcon.colcon_core.shell:Creating package script '/home/pi/finalagv_ros2_ws/install/agv/share/agv/package.zsh'
[8.266s] Level 1:colcon.colcon_core.environment:create_file_with_runtime_dependencies(/home/pi/finalagv_ros2_ws/install/agv/share/colcon-core/packages/agv)
[8.269s] DEBUG:colcon.colcon_parallel_executor.executor.parallel:closing loop
[8.270s] DEBUG:colcon.colcon_parallel_executor.executor.parallel:loop closed
[8.271s] DEBUG:colcon.colcon_parallel_executor.executor.parallel:run_until_complete finished with '0'
[8.272s] DEBUG:colcon.colcon_core.event_reactor:joining thread
[8.335s] INFO:colcon.colcon_core.plugin_system:Skipping extension 'colcon_notification.desktop_notification.terminal_notifier': Not used on non-Darwin systems
[8.337s] INFO:colcon.colcon_core.plugin_system:Skipping extension 'colcon_notification.desktop_notification.win32': Not used on non-Windows systems
[8.337s] INFO:colcon.colcon_notification.desktop_notification:Sending desktop notification using 'notify2'
[8.369s] DEBUG:colcon.colcon_core.event_reactor:joined thread
[8.370s] INFO:colcon.colcon_core.shell:Creating prefix script '/home/pi/finalagv_ros2_ws/install/local_setup.ps1'
[8.376s] INFO:colcon.colcon_core.shell:Creating prefix util module '/home/pi/finalagv_ros2_ws/install/_local_setup_util_ps1.py'
[8.385s] INFO:colcon.colcon_core.shell:Creating prefix chain script '/home/pi/finalagv_ros2_ws/install/setup.ps1'
[8.391s] INFO:colcon.colcon_core.shell:Creating prefix script '/home/pi/finalagv_ros2_ws/install/local_setup.sh'
[8.394s] INFO:colcon.colcon_core.shell:Creating prefix util module '/home/pi/finalagv_ros2_ws/install/_local_setup_util_sh.py'
[8.397s] INFO:colcon.colcon_core.shell:Creating prefix chain script '/home/pi/finalagv_ros2_ws/install/setup.sh'
[8.403s] INFO:colcon.colcon_core.shell:Creating prefix script '/home/pi/finalagv_ros2_ws/install/local_setup.bash'
[8.407s] INFO:colcon.colcon_core.shell:Creating prefix chain script '/home/pi/finalagv_ros2_ws/install/setup.bash'
[8.411s] INFO:colcon.colcon_core.shell:Creating prefix script '/home/pi/finalagv_ros2_ws/install/local_setup.zsh'
[8.415s] INFO:colcon.colcon_core.shell:Creating prefix chain script '/home/pi/finalagv_ros2_ws/install/setup.zsh'
