[2.999s] Invoking command in '/home/pi/finalagv_ros2_ws/src/agv': PYTHONPATH=/home/pi/finalagv_ros2_ws/build/agv/prefix_override:/usr/lib/python3/dist-packages/colcon_core/task/python/colcon_distutils_commands:/home/pi/finalagv_ros2_ws/install/agv/lib/python3.8/site-packages:${PYTHONPATH} /usr/bin/python3 -W ignore:setup.py install is deprecated setup.py egg_info --egg-base ../../build/agv build --build-base /home/pi/finalagv_ros2_ws/build/agv/build install --record /home/pi/finalagv_ros2_ws/build/agv/install.log --install-scripts $base/lib/agv --single-version-externally-managed install_data
[3.914s] running egg_info
[3.916s] writing ../../build/agv/agv.egg-info/PKG-INFO
[3.919s] writing dependency_links to ../../build/agv/agv.egg-info/dependency_links.txt
[3.920s] writing entry points to ../../build/agv/agv.egg-info/entry_points.txt
[3.921s] writing requirements to ../../build/agv/agv.egg-info/requires.txt
[3.922s] writing top-level names to ../../build/agv/agv.egg-info/top_level.txt
[4.061s] reading manifest file '../../build/agv/agv.egg-info/SOURCES.txt'
[4.065s] writing manifest file '../../build/agv/agv.egg-info/SOURCES.txt'
[4.065s] running build
[4.066s] running build_py
[4.067s] copying agv/sub2.py -> /home/pi/finalagv_ros2_ws/build/agv/build/lib/agv
[4.070s] running install
[4.073s] running install_lib
[4.077s] copying /home/pi/finalagv_ros2_ws/build/agv/build/lib/agv/sub2.py -> /home/pi/finalagv_ros2_ws/install/agv/lib/python3.8/site-packages/agv
[4.082s] byte-compiling /home/pi/finalagv_ros2_ws/install/agv/lib/python3.8/site-packages/agv/sub2.py to sub2.cpython-38.pyc
[4.097s] running install_data
[4.103s] running install_egg_info
[4.114s] removing '/home/pi/finalagv_ros2_ws/install/agv/lib/python3.8/site-packages/agv-0.0.0-py3.8.egg-info' (and everything under it)
[4.116s] Copying ../../build/agv/agv.egg-info to /home/pi/finalagv_ros2_ws/install/agv/lib/python3.8/site-packages/agv-0.0.0-py3.8.egg-info
[4.122s] running install_scripts
[4.186s] Installing pub script to /home/pi/finalagv_ros2_ws/install/agv/lib/agv
[4.187s] Installing pub2 script to /home/pi/finalagv_ros2_ws/install/agv/lib/agv
[4.188s] Installing pub4 script to /home/pi/finalagv_ros2_ws/install/agv/lib/agv
[4.189s] Installing return script to /home/pi/finalagv_ros2_ws/install/agv/lib/agv
[4.190s] Installing sub script to /home/pi/finalagv_ros2_ws/install/agv/lib/agv
[4.190s] Installing sub2 script to /home/pi/finalagv_ros2_ws/install/agv/lib/agv
[4.191s] Installing tel script to /home/pi/finalagv_ros2_ws/install/agv/lib/agv
[4.192s] Installing udp script to /home/pi/finalagv_ros2_ws/install/agv/lib/agv
[4.194s] writing list of installed files to '/home/pi/finalagv_ros2_ws/build/agv/install.log'
[4.296s] Invoked command in '/home/pi/finalagv_ros2_ws/src/agv' returned '0': PYTHONPATH=/home/pi/finalagv_ros2_ws/build/agv/prefix_override:/usr/lib/python3/dist-packages/colcon_core/task/python/colcon_distutils_commands:/home/pi/finalagv_ros2_ws/install/agv/lib/python3.8/site-packages:${PYTHONPATH} /usr/bin/python3 -W ignore:setup.py install is deprecated setup.py egg_info --egg-base ../../build/agv build --build-base /home/pi/finalagv_ros2_ws/build/agv/build install --record /home/pi/finalagv_ros2_ws/build/agv/install.log --install-scripts $base/lib/agv --single-version-externally-managed install_data
