[2.932s] Invoking command in '/home/pi/finalagv_ros2_ws/src/agv': PYTHONPATH=/home/pi/finalagv_ros2_ws/build/agv/prefix_override:/usr/lib/python3/dist-packages/colcon_core/task/python/colcon_distutils_commands:/home/pi/finalagv_ros2_ws/install/agv/lib/python3.8/site-packages:${PYTHONPATH} /usr/bin/python3 -W ignore:setup.py install is deprecated setup.py egg_info --egg-base ../../build/agv build --build-base /home/pi/finalagv_ros2_ws/build/agv/build install --record /home/pi/finalagv_ros2_ws/build/agv/install.log --install-scripts $base/lib/agv --single-version-externally-managed install_data
[3.832s] running egg_info
[3.834s] writing ../../build/agv/agv.egg-info/PKG-INFO
[3.836s] writing dependency_links to ../../build/agv/agv.egg-info/dependency_links.txt
[3.837s] writing entry points to ../../build/agv/agv.egg-info/entry_points.txt
[3.838s] writing requirements to ../../build/agv/agv.egg-info/requires.txt
[3.839s] writing top-level names to ../../build/agv/agv.egg-info/top_level.txt
[3.975s] reading manifest file '../../build/agv/agv.egg-info/SOURCES.txt'
[3.980s] writing manifest file '../../build/agv/agv.egg-info/SOURCES.txt'
[3.980s] running build
[3.981s] running build_py
[3.981s] copying agv/sub2.py -> /home/pi/finalagv_ros2_ws/build/agv/build/lib/agv
[3.987s] running install
[3.990s] running install_lib
[3.995s] copying /home/pi/finalagv_ros2_ws/build/agv/build/lib/agv/sub2.py -> /home/pi/finalagv_ros2_ws/install/agv/lib/python3.8/site-packages/agv
[3.999s] byte-compiling /home/pi/finalagv_ros2_ws/install/agv/lib/python3.8/site-packages/agv/sub2.py to sub2.cpython-38.pyc
[4.008s] running install_data
[4.013s] running install_egg_info
[4.020s] removing '/home/pi/finalagv_ros2_ws/install/agv/lib/python3.8/site-packages/agv-0.0.0-py3.8.egg-info' (and everything under it)
[4.023s] Copying ../../build/agv/agv.egg-info to /home/pi/finalagv_ros2_ws/install/agv/lib/python3.8/site-packages/agv-0.0.0-py3.8.egg-info
[4.030s] running install_scripts
[4.093s] Installing pub script to /home/pi/finalagv_ros2_ws/install/agv/lib/agv
[4.094s] Installing pub2 script to /home/pi/finalagv_ros2_ws/install/agv/lib/agv
[4.094s] Installing pub4 script to /home/pi/finalagv_ros2_ws/install/agv/lib/agv
[4.095s] Installing return script to /home/pi/finalagv_ros2_ws/install/agv/lib/agv
[4.096s] Installing sub script to /home/pi/finalagv_ros2_ws/install/agv/lib/agv
[4.097s] Installing sub2 script to /home/pi/finalagv_ros2_ws/install/agv/lib/agv
[4.098s] Installing tel script to /home/pi/finalagv_ros2_ws/install/agv/lib/agv
[4.098s] Installing udp script to /home/pi/finalagv_ros2_ws/install/agv/lib/agv
[4.101s] writing list of installed files to '/home/pi/finalagv_ros2_ws/build/agv/install.log'
[4.200s] Invoked command in '/home/pi/finalagv_ros2_ws/src/agv' returned '0': PYTHONPATH=/home/pi/finalagv_ros2_ws/build/agv/prefix_override:/usr/lib/python3/dist-packages/colcon_core/task/python/colcon_distutils_commands:/home/pi/finalagv_ros2_ws/install/agv/lib/python3.8/site-packages:${PYTHONPATH} /usr/bin/python3 -W ignore:setup.py install is deprecated setup.py egg_info --egg-base ../../build/agv build --build-base /home/pi/finalagv_ros2_ws/build/agv/build install --record /home/pi/finalagv_ros2_ws/build/agv/install.log --install-scripts $base/lib/agv --single-version-externally-managed install_data
