[3.066s] Invoking command in '/home/pi/finalagv_ros2_ws/src/agv': PYTHONPATH=/home/pi/finalagv_ros2_ws/build/agv/prefix_override:/usr/lib/python3/dist-packages/colcon_core/task/python/colcon_distutils_commands:/home/pi/finalagv_ros2_ws/install/agv/lib/python3.8/site-packages:${PYTHONPATH} /usr/bin/python3 -W ignore:setup.py install is deprecated setup.py egg_info --egg-base ../../build/agv build --build-base /home/pi/finalagv_ros2_ws/build/agv/build install --record /home/pi/finalagv_ros2_ws/build/agv/install.log --install-scripts $base/lib/agv --single-version-externally-managed install_data
[3.970s] running egg_info
[3.972s] writing ../../build/agv/agv.egg-info/PKG-INFO
[3.975s] writing dependency_links to ../../build/agv/agv.egg-info/dependency_links.txt
[3.976s] writing entry points to ../../build/agv/agv.egg-info/entry_points.txt
[3.977s] writing requirements to ../../build/agv/agv.egg-info/requires.txt
[3.977s] writing top-level names to ../../build/agv/agv.egg-info/top_level.txt
[4.113s] reading manifest file '../../build/agv/agv.egg-info/SOURCES.txt'
[4.117s] writing manifest file '../../build/agv/agv.egg-info/SOURCES.txt'
[4.118s] running build
[4.119s] running build_py
[4.120s] copying agv/sub2.py -> /home/pi/finalagv_ros2_ws/build/agv/build/lib/agv
[4.129s] running install
[4.132s] running install_lib
[4.137s] copying /home/pi/finalagv_ros2_ws/build/agv/build/lib/agv/sub2.py -> /home/pi/finalagv_ros2_ws/install/agv/lib/python3.8/site-packages/agv
[4.143s] byte-compiling /home/pi/finalagv_ros2_ws/install/agv/lib/python3.8/site-packages/agv/sub2.py to sub2.cpython-38.pyc
[4.151s] running install_data
[4.156s] running install_egg_info
[4.163s] removing '/home/pi/finalagv_ros2_ws/install/agv/lib/python3.8/site-packages/agv-0.0.0-py3.8.egg-info' (and everything under it)
[4.169s] Copying ../../build/agv/agv.egg-info to /home/pi/finalagv_ros2_ws/install/agv/lib/python3.8/site-packages/agv-0.0.0-py3.8.egg-info
[4.176s] running install_scripts
[4.240s] Installing pub script to /home/pi/finalagv_ros2_ws/install/agv/lib/agv
[4.241s] Installing pub2 script to /home/pi/finalagv_ros2_ws/install/agv/lib/agv
[4.242s] Installing pub4 script to /home/pi/finalagv_ros2_ws/install/agv/lib/agv
[4.243s] Installing return script to /home/pi/finalagv_ros2_ws/install/agv/lib/agv
[4.243s] Installing sub script to /home/pi/finalagv_ros2_ws/install/agv/lib/agv
[4.244s] Installing sub2 script to /home/pi/finalagv_ros2_ws/install/agv/lib/agv
[4.246s] Installing tel script to /home/pi/finalagv_ros2_ws/install/agv/lib/agv
[4.247s] Installing udp script to /home/pi/finalagv_ros2_ws/install/agv/lib/agv
[4.248s] writing list of installed files to '/home/pi/finalagv_ros2_ws/build/agv/install.log'
[4.348s] Invoked command in '/home/pi/finalagv_ros2_ws/src/agv' returned '0': PYTHONPATH=/home/pi/finalagv_ros2_ws/build/agv/prefix_override:/usr/lib/python3/dist-packages/colcon_core/task/python/colcon_distutils_commands:/home/pi/finalagv_ros2_ws/install/agv/lib/python3.8/site-packages:${PYTHONPATH} /usr/bin/python3 -W ignore:setup.py install is deprecated setup.py egg_info --egg-base ../../build/agv build --build-base /home/pi/finalagv_ros2_ws/build/agv/build install --record /home/pi/finalagv_ros2_ws/build/agv/install.log --install-scripts $base/lib/agv --single-version-externally-managed install_data
