[0.162s] Invoking command in '/home/pi/ydlidar_ros2_ws/build/myagv_description': CMAKE_PREFIX_PATH=/opt/ros/foxy /usr/bin/cmake --build /home/pi/ydlidar_ros2_ws/build/myagv_description -- -j4 -l4
[2.171s] Invoked command in '/home/pi/ydlidar_ros2_ws/build/myagv_description' returned '0': CMAKE_PREFIX_PATH=/opt/ros/foxy /usr/bin/cmake --build /home/pi/ydlidar_ros2_ws/build/myagv_description -- -j4 -l4
[2.340s] Invoking command in '/home/pi/ydlidar_ros2_ws/build/myagv_description': CMAKE_PREFIX_PATH=/opt/ros/foxy /usr/bin/cmake --install /home/pi/ydlidar_ros2_ws/build/myagv_description
[2.392s] -- Install configuration: ""
[2.399s] -- Execute custom install script
[2.409s] -- Up-to-date symlink: /home/pi/ydlidar_ros2_ws/install/myagv_description/share/myagv_description/urdf/myAGV.urdf
[2.417s] -- Up-to-date symlink: /home/pi/ydlidar_ros2_ws/install/myagv_description/share/myagv_description/meshes/myagv_all.dae
[2.420s] -- Up-to-date symlink: /home/pi/ydlidar_ros2_ws/install/myagv_description/share/myagv_description/meshes/myagv_base.dae
[2.424s] -- Up-to-date symlink: /home/pi/ydlidar_ros2_ws/install/myagv_description/share/myagv_description/meshes/myagv_up.dae
[2.430s] -- Up-to-date symlink: /home/pi/ydlidar_ros2_ws/install/myagv_description/share/ament_index/resource_index/package_run_dependencies/myagv_description
[2.436s] -- Up-to-date symlink: /home/pi/ydlidar_ros2_ws/install/myagv_description/share/ament_index/resource_index/parent_prefix_path/myagv_description
[2.442s] -- Up-to-date symlink: /home/pi/ydlidar_ros2_ws/install/myagv_description/share/myagv_description/environment/ament_prefix_path.sh
[2.445s] -- Up-to-date symlink: /home/pi/ydlidar_ros2_ws/install/myagv_description/share/myagv_description/environment/ament_prefix_path.dsv
[2.449s] -- Up-to-date symlink: /home/pi/ydlidar_ros2_ws/install/myagv_description/share/myagv_description/environment/path.sh
[2.453s] -- Up-to-date symlink: /home/pi/ydlidar_ros2_ws/install/myagv_description/share/myagv_description/environment/path.dsv
[2.457s] -- Up-to-date symlink: /home/pi/ydlidar_ros2_ws/install/myagv_description/share/myagv_description/local_setup.bash
[2.461s] -- Up-to-date symlink: /home/pi/ydlidar_ros2_ws/install/myagv_description/share/myagv_description/local_setup.sh
[2.466s] -- Up-to-date symlink: /home/pi/ydlidar_ros2_ws/install/myagv_description/share/myagv_description/local_setup.zsh
[2.470s] -- Up-to-date symlink: /home/pi/ydlidar_ros2_ws/install/myagv_description/share/myagv_description/local_setup.dsv
[2.474s] -- Symlinking: /home/pi/ydlidar_ros2_ws/install/myagv_description/share/myagv_description/package.dsv
[2.532s] -- Up-to-date symlink: /home/pi/ydlidar_ros2_ws/install/myagv_description/share/ament_index/resource_index/packages/myagv_description
[2.536s] -- Up-to-date symlink: /home/pi/ydlidar_ros2_ws/install/myagv_description/share/myagv_description/cmake/myagv_descriptionConfig.cmake
[2.540s] -- Up-to-date symlink: /home/pi/ydlidar_ros2_ws/install/myagv_description/share/myagv_description/cmake/myagv_descriptionConfig-version.cmake
[2.541s] -- Up-to-date symlink: /home/pi/ydlidar_ros2_ws/install/myagv_description/share/myagv_description/package.xml
[2.553s] Invoked command in '/home/pi/ydlidar_ros2_ws/build/myagv_description' returned '0': CMAKE_PREFIX_PATH=/opt/ros/foxy /usr/bin/cmake --install /home/pi/ydlidar_ros2_ws/build/myagv_description
