[0.860s] DEBUG:colcon:Command line arguments: ['/usr/bin/colcon', 'build']
[0.860s] DEBUG:colcon:Parsed command line arguments: Namespace(allow_overriding=[], ament_cmake_args=None, base_paths=['.'], build_base='build', catkin_cmake_args=None, catkin_skip_building_tests=False, cmake_args=None, cmake_clean_cache=False, cmake_clean_first=False, cmake_force_configure=False, cmake_target=None, cmake_target_skip_unavailable=False, continue_on_error=False, event_handlers=None, executor='parallel', ignore_user_meta=False, install_base='install', log_base=None, log_level=None, main=<bound method BuildVerb.main of <colcon_core.verb.build.BuildVerb object at 0xffffa261d460>>, merge_install=False, metas=['./colcon.meta'], mixin=None, mixin_files=None, mixin_verb=('build',), packages_above=None, packages_above_and_dependencies=None, packages_above_depth=None, packages_end=None, packages_ignore=None, packages_ignore_regex=None, packages_select=None, packages_select_build_failed=False, packages_select_by_dep=None, packages_select_regex=None, packages_select_test_failures=False, packages_skip=None, packages_skip_build_finished=False, packages_skip_by_dep=None, packages_skip_regex=None, packages_skip_test_passed=False, packages_skip_up_to=None, packages_start=None, packages_up_to=None, packages_up_to_regex=None, parallel_workers=4, paths=None, symlink_install=False, test_result_base=None, verb_extension=<colcon_core.verb.build.BuildVerb object at 0xffffa261d460>, verb_name='build', verb_parser=<colcon_mixin.mixin.mixin_argument.MixinArgumentDecorator object at 0xffffa2508340>)
[1.573s] Level 1:colcon.colcon_core.package_discovery:discover_packages(colcon_meta) check parameters
[1.574s] Level 1:colcon.colcon_core.package_discovery:discover_packages(recursive) check parameters
[1.574s] Level 1:colcon.colcon_core.package_discovery:discover_packages(ignore) check parameters
[1.574s] Level 1:colcon.colcon_core.package_discovery:discover_packages(path) check parameters
[1.574s] Level 1:colcon.colcon_core.package_discovery:discover_packages(colcon_meta) discover
[1.574s] Level 1:colcon.colcon_core.package_discovery:discover_packages(recursive) discover
[1.575s] INFO:colcon.colcon_core.package_discovery:Crawling recursively for packages in '/home/pi/nav_ws'
[1.575s] Level 1:colcon.colcon_core.package_identification:_identify(.) by extensions ['ignore', 'ignore_ament_install']
[1.575s] Level 1:colcon.colcon_core.package_identification:_identify(.) by extension 'ignore'
[1.576s] Level 1:colcon.colcon_core.package_identification:_identify(.) by extension 'ignore_ament_install'
[1.576s] Level 1:colcon.colcon_core.package_identification:_identify(.) by extensions ['colcon_pkg']
[1.576s] Level 1:colcon.colcon_core.package_identification:_identify(.) by extension 'colcon_pkg'
[1.576s] Level 1:colcon.colcon_core.package_identification:_identify(.) by extensions ['colcon_meta']
[1.576s] Level 1:colcon.colcon_core.package_identification:_identify(.) by extension 'colcon_meta'
[1.577s] Level 1:colcon.colcon_core.package_identification:_identify(.) by extensions ['ros']
[1.577s] Level 1:colcon.colcon_core.package_identification:_identify(.) by extension 'ros'
[1.623s] Level 1:colcon.colcon_core.package_identification:_identify(.) by extensions ['cmake', 'python']
[1.623s] Level 1:colcon.colcon_core.package_identification:_identify(.) by extension 'cmake'
[1.623s] Level 1:colcon.colcon_core.package_identification:_identify(.) by extension 'python'
[1.624s] Level 1:colcon.colcon_core.package_identification:_identify(.) by extensions ['python_setup_py']
[1.624s] Level 1:colcon.colcon_core.package_identification:_identify(.) by extension 'python_setup_py'
[1.624s] Level 1:colcon.colcon_core.package_identification:_identify(build) by extensions ['ignore', 'ignore_ament_install']
[1.625s] Level 1:colcon.colcon_core.package_identification:_identify(build) by extension 'ignore'
[1.625s] Level 1:colcon.colcon_core.package_identification:_identify(build) ignored
[1.625s] Level 1:colcon.colcon_core.package_identification:_identify(install) by extensions ['ignore', 'ignore_ament_install']
[1.626s] Level 1:colcon.colcon_core.package_identification:_identify(install) by extension 'ignore'
[1.626s] Level 1:colcon.colcon_core.package_identification:_identify(install) ignored
[1.627s] Level 1:colcon.colcon_core.package_identification:_identify(log) by extensions ['ignore', 'ignore_ament_install']
[1.627s] Level 1:colcon.colcon_core.package_identification:_identify(log) by extension 'ignore'
[1.627s] Level 1:colcon.colcon_core.package_identification:_identify(log) ignored
[1.628s] Level 1:colcon.colcon_core.package_identification:_identify(src) by extensions ['ignore', 'ignore_ament_install']
[1.628s] Level 1:colcon.colcon_core.package_identification:_identify(src) by extension 'ignore'
[1.628s] Level 1:colcon.colcon_core.package_identification:_identify(src) by extension 'ignore_ament_install'
[1.629s] Level 1:colcon.colcon_core.package_identification:_identify(src) by extensions ['colcon_pkg']
[1.629s] Level 1:colcon.colcon_core.package_identification:_identify(src) by extension 'colcon_pkg'
[1.629s] Level 1:colcon.colcon_core.package_identification:_identify(src) by extensions ['colcon_meta']
[1.629s] Level 1:colcon.colcon_core.package_identification:_identify(src) by extension 'colcon_meta'
[1.629s] Level 1:colcon.colcon_core.package_identification:_identify(src) by extensions ['ros']
[1.629s] Level 1:colcon.colcon_core.package_identification:_identify(src) by extension 'ros'
[1.630s] Level 1:colcon.colcon_core.package_identification:_identify(src) by extensions ['cmake', 'python']
[1.630s] Level 1:colcon.colcon_core.package_identification:_identify(src) by extension 'cmake'
[1.630s] Level 1:colcon.colcon_core.package_identification:_identify(src) by extension 'python'
[1.630s] Level 1:colcon.colcon_core.package_identification:_identify(src) by extensions ['python_setup_py']
[1.630s] Level 1:colcon.colcon_core.package_identification:_identify(src) by extension 'python_setup_py'
[1.631s] Level 1:colcon.colcon_core.package_identification:_identify(src/agv) by extensions ['ignore', 'ignore_ament_install']
[1.631s] Level 1:colcon.colcon_core.package_identification:_identify(src/agv) by extension 'ignore'
[1.631s] Level 1:colcon.colcon_core.package_identification:_identify(src/agv) by extension 'ignore_ament_install'
[1.632s] Level 1:colcon.colcon_core.package_identification:_identify(src/agv) by extensions ['colcon_pkg']
[1.632s] Level 1:colcon.colcon_core.package_identification:_identify(src/agv) by extension 'colcon_pkg'
[1.632s] Level 1:colcon.colcon_core.package_identification:_identify(src/agv) by extensions ['colcon_meta']
[1.632s] Level 1:colcon.colcon_core.package_identification:_identify(src/agv) by extension 'colcon_meta'
[1.632s] Level 1:colcon.colcon_core.package_identification:_identify(src/agv) by extensions ['ros']
[1.633s] Level 1:colcon.colcon_core.package_identification:_identify(src/agv) by extension 'ros'
[1.641s] DEBUG:colcon.colcon_core.package_identification:Package 'src/agv' with type 'ros.ament_cmake' and name 'agv'
[1.642s] Level 1:colcon.colcon_core.package_identification:_identify(src/agv_bringup) by extensions ['ignore', 'ignore_ament_install']
[1.642s] Level 1:colcon.colcon_core.package_identification:_identify(src/agv_bringup) by extension 'ignore'
[1.643s] Level 1:colcon.colcon_core.package_identification:_identify(src/agv_bringup) by extension 'ignore_ament_install'
[1.643s] Level 1:colcon.colcon_core.package_identification:_identify(src/agv_bringup) by extensions ['colcon_pkg']
[1.643s] Level 1:colcon.colcon_core.package_identification:_identify(src/agv_bringup) by extension 'colcon_pkg'
[1.643s] Level 1:colcon.colcon_core.package_identification:_identify(src/agv_bringup) by extensions ['colcon_meta']
[1.643s] Level 1:colcon.colcon_core.package_identification:_identify(src/agv_bringup) by extension 'colcon_meta'
[1.644s] Level 1:colcon.colcon_core.package_identification:_identify(src/agv_bringup) by extensions ['ros']
[1.644s] Level 1:colcon.colcon_core.package_identification:_identify(src/agv_bringup) by extension 'ros'
[1.647s] DEBUG:colcon.colcon_core.package_identification:Package 'src/agv_bringup' with type 'ros.ament_python' and name 'agv_bringup'
[1.648s] Level 1:colcon.colcon_core.package_identification:_identify(src/agv_cartographer) by extensions ['ignore', 'ignore_ament_install']
[1.648s] Level 1:colcon.colcon_core.package_identification:_identify(src/agv_cartographer) by extension 'ignore'
[1.648s] Level 1:colcon.colcon_core.package_identification:_identify(src/agv_cartographer) by extension 'ignore_ament_install'
[1.648s] Level 1:colcon.colcon_core.package_identification:_identify(src/agv_cartographer) by extensions ['colcon_pkg']
[1.649s] Level 1:colcon.colcon_core.package_identification:_identify(src/agv_cartographer) by extension 'colcon_pkg'
[1.649s] Level 1:colcon.colcon_core.package_identification:_identify(src/agv_cartographer) by extensions ['colcon_meta']
[1.649s] Level 1:colcon.colcon_core.package_identification:_identify(src/agv_cartographer) by extension 'colcon_meta'
[1.649s] Level 1:colcon.colcon_core.package_identification:_identify(src/agv_cartographer) by extensions ['ros']
[1.649s] Level 1:colcon.colcon_core.package_identification:_identify(src/agv_cartographer) by extension 'ros'
[1.652s] DEBUG:colcon.colcon_core.package_identification:Package 'src/agv_cartographer' with type 'ros.ament_cmake' and name 'agv_cartographer'
[1.653s] Level 1:colcon.colcon_core.package_identification:_identify(src/agv_description) by extensions ['ignore', 'ignore_ament_install']
[1.654s] Level 1:colcon.colcon_core.package_identification:_identify(src/agv_description) by extension 'ignore'
[1.654s] Level 1:colcon.colcon_core.package_identification:_identify(src/agv_description) by extension 'ignore_ament_install'
[1.654s] Level 1:colcon.colcon_core.package_identification:_identify(src/agv_description) by extensions ['colcon_pkg']
[1.654s] Level 1:colcon.colcon_core.package_identification:_identify(src/agv_description) by extension 'colcon_pkg'
[1.655s] Level 1:colcon.colcon_core.package_identification:_identify(src/agv_description) by extensions ['colcon_meta']
[1.655s] Level 1:colcon.colcon_core.package_identification:_identify(src/agv_description) by extension 'colcon_meta'
[1.655s] Level 1:colcon.colcon_core.package_identification:_identify(src/agv_description) by extensions ['ros']
[1.655s] Level 1:colcon.colcon_core.package_identification:_identify(src/agv_description) by extension 'ros'
[1.657s] DEBUG:colcon.colcon_core.package_identification:Package 'src/agv_description' with type 'ros.ament_cmake' and name 'agv_description'
[1.658s] Level 1:colcon.colcon_core.package_identification:_identify(src/agv_interfaces) by extensions ['ignore', 'ignore_ament_install']
[1.658s] Level 1:colcon.colcon_core.package_identification:_identify(src/agv_interfaces) by extension 'ignore'
[1.659s] Level 1:colcon.colcon_core.package_identification:_identify(src/agv_interfaces) by extension 'ignore_ament_install'
[1.659s] Level 1:colcon.colcon_core.package_identification:_identify(src/agv_interfaces) by extensions ['colcon_pkg']
[1.659s] Level 1:colcon.colcon_core.package_identification:_identify(src/agv_interfaces) by extension 'colcon_pkg'
[1.659s] Level 1:colcon.colcon_core.package_identification:_identify(src/agv_interfaces) by extensions ['colcon_meta']
[1.660s] Level 1:colcon.colcon_core.package_identification:_identify(src/agv_interfaces) by extension 'colcon_meta'
[1.660s] Level 1:colcon.colcon_core.package_identification:_identify(src/agv_interfaces) by extensions ['ros']
[1.660s] Level 1:colcon.colcon_core.package_identification:_identify(src/agv_interfaces) by extension 'ros'
[1.662s] DEBUG:colcon.colcon_core.package_identification:Package 'src/agv_interfaces' with type 'ros.ament_cmake' and name 'agv_interfaces'
[1.663s] Level 1:colcon.colcon_core.package_identification:_identify(src/agv_navigation2) by extensions ['ignore', 'ignore_ament_install']
[1.663s] Level 1:colcon.colcon_core.package_identification:_identify(src/agv_navigation2) by extension 'ignore'
[1.664s] Level 1:colcon.colcon_core.package_identification:_identify(src/agv_navigation2) by extension 'ignore_ament_install'
[1.664s] Level 1:colcon.colcon_core.package_identification:_identify(src/agv_navigation2) by extensions ['colcon_pkg']
[1.664s] Level 1:colcon.colcon_core.package_identification:_identify(src/agv_navigation2) by extension 'colcon_pkg'
[1.664s] Level 1:colcon.colcon_core.package_identification:_identify(src/agv_navigation2) by extensions ['colcon_meta']
[1.664s] Level 1:colcon.colcon_core.package_identification:_identify(src/agv_navigation2) by extension 'colcon_meta'
[1.665s] Level 1:colcon.colcon_core.package_identification:_identify(src/agv_navigation2) by extensions ['ros']
[1.665s] Level 1:colcon.colcon_core.package_identification:_identify(src/agv_navigation2) by extension 'ros'
[1.667s] DEBUG:colcon.colcon_core.package_identification:Package 'src/agv_navigation2' with type 'ros.ament_cmake' and name 'agv_navigation2'
[1.667s] Level 1:colcon.colcon_core.package_identification:_identify(src/ydlidar_ros2_driver) by extensions ['ignore', 'ignore_ament_install']
[1.668s] Level 1:colcon.colcon_core.package_identification:_identify(src/ydlidar_ros2_driver) by extension 'ignore'
[1.668s] Level 1:colcon.colcon_core.package_identification:_identify(src/ydlidar_ros2_driver) by extension 'ignore_ament_install'
[1.668s] Level 1:colcon.colcon_core.package_identification:_identify(src/ydlidar_ros2_driver) by extensions ['colcon_pkg']
[1.669s] Level 1:colcon.colcon_core.package_identification:_identify(src/ydlidar_ros2_driver) by extension 'colcon_pkg'
[1.669s] Level 1:colcon.colcon_core.package_identification:_identify(src/ydlidar_ros2_driver) by extensions ['colcon_meta']
[1.669s] Level 1:colcon.colcon_core.package_identification:_identify(src/ydlidar_ros2_driver) by extension 'colcon_meta'
[1.669s] Level 1:colcon.colcon_core.package_identification:_identify(src/ydlidar_ros2_driver) by extensions ['ros']
[1.669s] Level 1:colcon.colcon_core.package_identification:_identify(src/ydlidar_ros2_driver) by extension 'ros'
[1.672s] DEBUG:colcon.colcon_core.package_identification:Package 'src/ydlidar_ros2_driver' with type 'ros.ament_cmake' and name 'ydlidar_ros2_driver'
[1.672s] Level 1:colcon.colcon_core.package_discovery:discover_packages(recursive) using defaults
[1.672s] Level 1:colcon.colcon_core.package_discovery:discover_packages(ignore) discover
[1.672s] Level 1:colcon.colcon_core.package_discovery:discover_packages(ignore) using defaults
[1.673s] Level 1:colcon.colcon_core.package_discovery:discover_packages(path) discover
[1.673s] Level 1:colcon.colcon_core.package_discovery:discover_packages(path) using defaults
[1.741s] Level 1:colcon.colcon_core.package_discovery:discover_packages(prefix_path) check parameters
[1.741s] Level 1:colcon.colcon_core.package_discovery:discover_packages(prefix_path) discover
[1.751s] DEBUG:colcon.colcon_installed_package_information.package_discovery:Found 7 installed packages in /home/pi/nav_ws/install
[1.759s] DEBUG:colcon.colcon_installed_package_information.package_discovery:Found 296 installed packages in /opt/ros/foxy
[1.812s] Level 1:colcon.colcon_core.package_discovery:discover_packages(prefix_path) using defaults
[2.209s] Level 5:colcon.colcon_core.verb:set package 'agv_cartographer' build argument 'cmake_args' from command line to 'None'
[2.209s] Level 5:colcon.colcon_core.verb:set package 'agv_cartographer' build argument 'cmake_target' from command line to 'None'
[2.210s] Level 5:colcon.colcon_core.verb:set package 'agv_cartographer' build argument 'cmake_target_skip_unavailable' from command line to 'False'
[2.210s] Level 5:colcon.colcon_core.verb:set package 'agv_cartographer' build argument 'cmake_clean_cache' from command line to 'False'
[2.210s] Level 5:colcon.colcon_core.verb:set package 'agv_cartographer' build argument 'cmake_clean_first' from command line to 'False'
[2.210s] Level 5:colcon.colcon_core.verb:set package 'agv_cartographer' build argument 'cmake_force_configure' from command line to 'False'
[2.210s] Level 5:colcon.colcon_core.verb:set package 'agv_cartographer' build argument 'ament_cmake_args' from command line to 'None'
[2.210s] Level 5:colcon.colcon_core.verb:set package 'agv_cartographer' build argument 'catkin_cmake_args' from command line to 'None'
[2.210s] Level 5:colcon.colcon_core.verb:set package 'agv_cartographer' build argument 'catkin_skip_building_tests' from command line to 'False'
[2.210s] DEBUG:colcon.colcon_core.verb:Building package 'agv_cartographer' with the following arguments: {'ament_cmake_args': None, 'build_base': '/home/pi/nav_ws/build/agv_cartographer', 'catkin_cmake_args': None, 'catkin_skip_building_tests': False, 'cmake_args': None, 'cmake_clean_cache': False, 'cmake_clean_first': False, 'cmake_force_configure': False, 'cmake_target': None, 'cmake_target_skip_unavailable': False, 'install_base': '/home/pi/nav_ws/install/agv_cartographer', 'merge_install': False, 'path': '/home/pi/nav_ws/src/agv_cartographer', 'symlink_install': False, 'test_result_base': None}
[2.212s] Level 5:colcon.colcon_core.verb:set package 'agv_description' build argument 'cmake_args' from command line to 'None'
[2.212s] Level 5:colcon.colcon_core.verb:set package 'agv_description' build argument 'cmake_target' from command line to 'None'
[2.212s] Level 5:colcon.colcon_core.verb:set package 'agv_description' build argument 'cmake_target_skip_unavailable' from command line to 'False'
[2.212s] Level 5:colcon.colcon_core.verb:set package 'agv_description' build argument 'cmake_clean_cache' from command line to 'False'
[2.213s] Level 5:colcon.colcon_core.verb:set package 'agv_description' build argument 'cmake_clean_first' from command line to 'False'
[2.213s] Level 5:colcon.colcon_core.verb:set package 'agv_description' build argument 'cmake_force_configure' from command line to 'False'
[2.213s] Level 5:colcon.colcon_core.verb:set package 'agv_description' build argument 'ament_cmake_args' from command line to 'None'
[2.213s] Level 5:colcon.colcon_core.verb:set package 'agv_description' build argument 'catkin_cmake_args' from command line to 'None'
[2.213s] Level 5:colcon.colcon_core.verb:set package 'agv_description' build argument 'catkin_skip_building_tests' from command line to 'False'
[2.213s] DEBUG:colcon.colcon_core.verb:Building package 'agv_description' with the following arguments: {'ament_cmake_args': None, 'build_base': '/home/pi/nav_ws/build/agv_description', 'catkin_cmake_args': None, 'catkin_skip_building_tests': False, 'cmake_args': None, 'cmake_clean_cache': False, 'cmake_clean_first': False, 'cmake_force_configure': False, 'cmake_target': None, 'cmake_target_skip_unavailable': False, 'install_base': '/home/pi/nav_ws/install/agv_description', 'merge_install': False, 'path': '/home/pi/nav_ws/src/agv_description', 'symlink_install': False, 'test_result_base': None}
[2.215s] Level 5:colcon.colcon_core.verb:set package 'agv_interfaces' build argument 'cmake_args' from command line to 'None'
[2.215s] Level 5:colcon.colcon_core.verb:set package 'agv_interfaces' build argument 'cmake_target' from command line to 'None'
[2.215s] Level 5:colcon.colcon_core.verb:set package 'agv_interfaces' build argument 'cmake_target_skip_unavailable' from command line to 'False'
[2.215s] Level 5:colcon.colcon_core.verb:set package 'agv_interfaces' build argument 'cmake_clean_cache' from command line to 'False'
[2.215s] Level 5:colcon.colcon_core.verb:set package 'agv_interfaces' build argument 'cmake_clean_first' from command line to 'False'
[2.215s] Level 5:colcon.colcon_core.verb:set package 'agv_interfaces' build argument 'cmake_force_configure' from command line to 'False'
[2.215s] Level 5:colcon.colcon_core.verb:set package 'agv_interfaces' build argument 'ament_cmake_args' from command line to 'None'
[2.215s] Level 5:colcon.colcon_core.verb:set package 'agv_interfaces' build argument 'catkin_cmake_args' from command line to 'None'
[2.216s] Level 5:colcon.colcon_core.verb:set package 'agv_interfaces' build argument 'catkin_skip_building_tests' from command line to 'False'
[2.216s] DEBUG:colcon.colcon_core.verb:Building package 'agv_interfaces' with the following arguments: {'ament_cmake_args': None, 'build_base': '/home/pi/nav_ws/build/agv_interfaces', 'catkin_cmake_args': None, 'catkin_skip_building_tests': False, 'cmake_args': None, 'cmake_clean_cache': False, 'cmake_clean_first': False, 'cmake_force_configure': False, 'cmake_target': None, 'cmake_target_skip_unavailable': False, 'install_base': '/home/pi/nav_ws/install/agv_interfaces', 'merge_install': False, 'path': '/home/pi/nav_ws/src/agv_interfaces', 'symlink_install': False, 'test_result_base': None}
[2.217s] Level 5:colcon.colcon_core.verb:set package 'agv_navigation2' build argument 'cmake_args' from command line to 'None'
[2.218s] Level 5:colcon.colcon_core.verb:set package 'agv_navigation2' build argument 'cmake_target' from command line to 'None'
[2.218s] Level 5:colcon.colcon_core.verb:set package 'agv_navigation2' build argument 'cmake_target_skip_unavailable' from command line to 'False'
[2.218s] Level 5:colcon.colcon_core.verb:set package 'agv_navigation2' build argument 'cmake_clean_cache' from command line to 'False'
[2.218s] Level 5:colcon.colcon_core.verb:set package 'agv_navigation2' build argument 'cmake_clean_first' from command line to 'False'
[2.218s] Level 5:colcon.colcon_core.verb:set package 'agv_navigation2' build argument 'cmake_force_configure' from command line to 'False'
[2.218s] Level 5:colcon.colcon_core.verb:set package 'agv_navigation2' build argument 'ament_cmake_args' from command line to 'None'
[2.218s] Level 5:colcon.colcon_core.verb:set package 'agv_navigation2' build argument 'catkin_cmake_args' from command line to 'None'
[2.218s] Level 5:colcon.colcon_core.verb:set package 'agv_navigation2' build argument 'catkin_skip_building_tests' from command line to 'False'
[2.218s] DEBUG:colcon.colcon_core.verb:Building package 'agv_navigation2' with the following arguments: {'ament_cmake_args': None, 'build_base': '/home/pi/nav_ws/build/agv_navigation2', 'catkin_cmake_args': None, 'catkin_skip_building_tests': False, 'cmake_args': None, 'cmake_clean_cache': False, 'cmake_clean_first': False, 'cmake_force_configure': False, 'cmake_target': None, 'cmake_target_skip_unavailable': False, 'install_base': '/home/pi/nav_ws/install/agv_navigation2', 'merge_install': False, 'path': '/home/pi/nav_ws/src/agv_navigation2', 'symlink_install': False, 'test_result_base': None}
[2.220s] Level 5:colcon.colcon_core.verb:set package 'ydlidar_ros2_driver' build argument 'cmake_args' from command line to 'None'
[2.220s] Level 5:colcon.colcon_core.verb:set package 'ydlidar_ros2_driver' build argument 'cmake_target' from command line to 'None'
[2.220s] Level 5:colcon.colcon_core.verb:set package 'ydlidar_ros2_driver' build argument 'cmake_target_skip_unavailable' from command line to 'False'
[2.220s] Level 5:colcon.colcon_core.verb:set package 'ydlidar_ros2_driver' build argument 'cmake_clean_cache' from command line to 'False'
[2.220s] Level 5:colcon.colcon_core.verb:set package 'ydlidar_ros2_driver' build argument 'cmake_clean_first' from command line to 'False'
[2.221s] Level 5:colcon.colcon_core.verb:set package 'ydlidar_ros2_driver' build argument 'cmake_force_configure' from command line to 'False'
[2.221s] Level 5:colcon.colcon_core.verb:set package 'ydlidar_ros2_driver' build argument 'ament_cmake_args' from command line to 'None'
[2.221s] Level 5:colcon.colcon_core.verb:set package 'ydlidar_ros2_driver' build argument 'catkin_cmake_args' from command line to 'None'
[2.221s] Level 5:colcon.colcon_core.verb:set package 'ydlidar_ros2_driver' build argument 'catkin_skip_building_tests' from command line to 'False'
[2.221s] DEBUG:colcon.colcon_core.verb:Building package 'ydlidar_ros2_driver' with the following arguments: {'ament_cmake_args': None, 'build_base': '/home/pi/nav_ws/build/ydlidar_ros2_driver', 'catkin_cmake_args': None, 'catkin_skip_building_tests': False, 'cmake_args': None, 'cmake_clean_cache': False, 'cmake_clean_first': False, 'cmake_force_configure': False, 'cmake_target': None, 'cmake_target_skip_unavailable': False, 'install_base': '/home/pi/nav_ws/install/ydlidar_ros2_driver', 'merge_install': False, 'path': '/home/pi/nav_ws/src/ydlidar_ros2_driver', 'symlink_install': False, 'test_result_base': None}
[2.222s] Level 5:colcon.colcon_core.verb:set package 'agv_bringup' build argument 'cmake_args' from command line to 'None'
[2.223s] Level 5:colcon.colcon_core.verb:set package 'agv_bringup' build argument 'cmake_target' from command line to 'None'
[2.223s] Level 5:colcon.colcon_core.verb:set package 'agv_bringup' build argument 'cmake_target_skip_unavailable' from command line to 'False'
[2.223s] Level 5:colcon.colcon_core.verb:set package 'agv_bringup' build argument 'cmake_clean_cache' from command line to 'False'
[2.223s] Level 5:colcon.colcon_core.verb:set package 'agv_bringup' build argument 'cmake_clean_first' from command line to 'False'
[2.223s] Level 5:colcon.colcon_core.verb:set package 'agv_bringup' build argument 'cmake_force_configure' from command line to 'False'
[2.223s] Level 5:colcon.colcon_core.verb:set package 'agv_bringup' build argument 'ament_cmake_args' from command line to 'None'
[2.223s] Level 5:colcon.colcon_core.verb:set package 'agv_bringup' build argument 'catkin_cmake_args' from command line to 'None'
[2.223s] Level 5:colcon.colcon_core.verb:set package 'agv_bringup' build argument 'catkin_skip_building_tests' from command line to 'False'
[2.224s] DEBUG:colcon.colcon_core.verb:Building package 'agv_bringup' with the following arguments: {'ament_cmake_args': None, 'build_base': '/home/pi/nav_ws/build/agv_bringup', 'catkin_cmake_args': None, 'catkin_skip_building_tests': False, 'cmake_args': None, 'cmake_clean_cache': False, 'cmake_clean_first': False, 'cmake_force_configure': False, 'cmake_target': None, 'cmake_target_skip_unavailable': False, 'install_base': '/home/pi/nav_ws/install/agv_bringup', 'merge_install': False, 'path': '/home/pi/nav_ws/src/agv_bringup', 'symlink_install': False, 'test_result_base': None}
[2.225s] Level 5:colcon.colcon_core.verb:set package 'agv' build argument 'cmake_args' from command line to 'None'
[2.225s] Level 5:colcon.colcon_core.verb:set package 'agv' build argument 'cmake_target' from command line to 'None'
[2.225s] Level 5:colcon.colcon_core.verb:set package 'agv' build argument 'cmake_target_skip_unavailable' from command line to 'False'
[2.226s] Level 5:colcon.colcon_core.verb:set package 'agv' build argument 'cmake_clean_cache' from command line to 'False'
[2.226s] Level 5:colcon.colcon_core.verb:set package 'agv' build argument 'cmake_clean_first' from command line to 'False'
[2.226s] Level 5:colcon.colcon_core.verb:set package 'agv' build argument 'cmake_force_configure' from command line to 'False'
[2.226s] Level 5:colcon.colcon_core.verb:set package 'agv' build argument 'ament_cmake_args' from command line to 'None'
[2.226s] Level 5:colcon.colcon_core.verb:set package 'agv' build argument 'catkin_cmake_args' from command line to 'None'
[2.226s] Level 5:colcon.colcon_core.verb:set package 'agv' build argument 'catkin_skip_building_tests' from command line to 'False'
[2.226s] DEBUG:colcon.colcon_core.verb:Building package 'agv' with the following arguments: {'ament_cmake_args': None, 'build_base': '/home/pi/nav_ws/build/agv', 'catkin_cmake_args': None, 'catkin_skip_building_tests': False, 'cmake_args': None, 'cmake_clean_cache': False, 'cmake_clean_first': False, 'cmake_force_configure': False, 'cmake_target': None, 'cmake_target_skip_unavailable': False, 'install_base': '/home/pi/nav_ws/install/agv', 'merge_install': False, 'path': '/home/pi/nav_ws/src/agv', 'symlink_install': False, 'test_result_base': None}
[2.227s] INFO:colcon.colcon_core.executor:Executing jobs using 'parallel' executor
[2.231s] DEBUG:colcon.colcon_parallel_executor.executor.parallel:run_until_complete
[2.232s] INFO:colcon.colcon_ros.task.ament_cmake.build:Building ROS package in '/home/pi/nav_ws/src/agv_description' with build type 'ament_cmake'
[2.233s] INFO:colcon.colcon_cmake.task.cmake.build:Building CMake package in '/home/pi/nav_ws/src/agv_description'
[2.242s] INFO:colcon.colcon_core.plugin_system:Skipping extension 'colcon_core.shell.bat': Not used on non-Windows systems
[2.243s] INFO:colcon.colcon_core.shell:Skip shell extension 'powershell' for command environment: Not usable outside of PowerShell
[2.244s] DEBUG:colcon.colcon_core.shell:Skip shell extension 'dsv' for command environment
[2.274s] INFO:colcon.colcon_ros.task.ament_cmake.build:Building ROS package in '/home/pi/nav_ws/src/agv_interfaces' with build type 'ament_cmake'
[2.276s] INFO:colcon.colcon_cmake.task.cmake.build:Building CMake package in '/home/pi/nav_ws/src/agv_interfaces'
[2.278s] INFO:colcon.colcon_core.shell:Skip shell extension 'powershell' for command environment: Not usable outside of PowerShell
[2.278s] DEBUG:colcon.colcon_core.shell:Skip shell extension 'dsv' for command environment
[2.310s] INFO:colcon.colcon_ros.task.ament_cmake.build:Building ROS package in '/home/pi/nav_ws/src/agv_cartographer' with build type 'ament_cmake'
[2.311s] INFO:colcon.colcon_cmake.task.cmake.build:Building CMake package in '/home/pi/nav_ws/src/agv_cartographer'
[2.313s] INFO:colcon.colcon_core.shell:Skip shell extension 'powershell' for command environment: Not usable outside of PowerShell
[2.314s] DEBUG:colcon.colcon_core.shell:Skip shell extension 'dsv' for command environment
[2.348s] INFO:colcon.colcon_ros.task.ament_cmake.build:Building ROS package in '/home/pi/nav_ws/src/agv_navigation2' with build type 'ament_cmake'
[2.349s] INFO:colcon.colcon_cmake.task.cmake.build:Building CMake package in '/home/pi/nav_ws/src/agv_navigation2'
[2.351s] INFO:colcon.colcon_core.shell:Skip shell extension 'powershell' for command environment: Not usable outside of PowerShell
[2.351s] DEBUG:colcon.colcon_core.shell:Skip shell extension 'dsv' for command environment
[2.413s] DEBUG:colcon.colcon_core.event_handler.log_command:Invoking command in '/home/pi/nav_ws/build/agv_description': CMAKE_PREFIX_PATH=${CMAKE_PREFIX_PATH}:/home/pi/nav_ws/install/agv_bringup:/opt/ros/foxy /usr/bin/cmake --build /home/pi/nav_ws/build/agv_description -- -j4 -l4
[2.462s] DEBUG:colcon.colcon_core.event_handler.log_command:Invoking command in '/home/pi/nav_ws/build/agv_interfaces': CMAKE_PREFIX_PATH=${CMAKE_PREFIX_PATH}:/home/pi/nav_ws/install/agv_bringup:/opt/ros/foxy /usr/bin/cmake --build /home/pi/nav_ws/build/agv_interfaces -- -j4 -l4
[2.491s] DEBUG:colcon.colcon_core.event_handler.log_command:Invoking command in '/home/pi/nav_ws/build/agv_cartographer': CMAKE_PREFIX_PATH=${CMAKE_PREFIX_PATH}:/home/pi/nav_ws/install/agv_bringup:/opt/ros/foxy /usr/bin/cmake --build /home/pi/nav_ws/build/agv_cartographer -- -j4 -l4
[2.551s] DEBUG:colcon.colcon_core.event_handler.log_command:Invoking command in '/home/pi/nav_ws/build/agv_navigation2': CMAKE_PREFIX_PATH=${CMAKE_PREFIX_PATH}:/home/pi/nav_ws/install/agv_bringup:/opt/ros/foxy /usr/bin/cmake --build /home/pi/nav_ws/build/agv_navigation2 -- -j4 -l4
[2.666s] DEBUG:colcon.colcon_core.event_handler.log_command:Invoked command in '/home/pi/nav_ws/build/agv_description' returned '0': CMAKE_PREFIX_PATH=${CMAKE_PREFIX_PATH}:/home/pi/nav_ws/install/agv_bringup:/opt/ros/foxy /usr/bin/cmake --build /home/pi/nav_ws/build/agv_description -- -j4 -l4
[2.708s] DEBUG:colcon.colcon_core.event_handler.log_command:Invoked command in '/home/pi/nav_ws/build/agv_cartographer' returned '0': CMAKE_PREFIX_PATH=${CMAKE_PREFIX_PATH}:/home/pi/nav_ws/install/agv_bringup:/opt/ros/foxy /usr/bin/cmake --build /home/pi/nav_ws/build/agv_cartographer -- -j4 -l4
[2.837s] DEBUG:colcon.colcon_core.event_handler.log_command:Invoked command in '/home/pi/nav_ws/build/agv_navigation2' returned '0': CMAKE_PREFIX_PATH=${CMAKE_PREFIX_PATH}:/home/pi/nav_ws/install/agv_bringup:/opt/ros/foxy /usr/bin/cmake --build /home/pi/nav_ws/build/agv_navigation2 -- -j4 -l4
[2.986s] DEBUG:colcon.colcon_core.event_handler.log_command:Invoking command in '/home/pi/nav_ws/build/agv_description': CMAKE_PREFIX_PATH=${CMAKE_PREFIX_PATH}:/home/pi/nav_ws/install/agv_bringup:/opt/ros/foxy /usr/bin/cmake --install /home/pi/nav_ws/build/agv_description
[3.004s] DEBUG:colcon.colcon_core.event_handler.log_command:Invoking command in '/home/pi/nav_ws/build/agv_cartographer': CMAKE_PREFIX_PATH=${CMAKE_PREFIX_PATH}:/home/pi/nav_ws/install/agv_bringup:/opt/ros/foxy /usr/bin/cmake --install /home/pi/nav_ws/build/agv_cartographer
[3.093s] Level 1:colcon.colcon_core.environment:create_environment_scripts_only(agv_description)
[3.110s] Level 1:colcon.colcon_core.environment:checking '/home/pi/nav_ws/install/agv_description' for CMake module files
[3.127s] Level 1:colcon.colcon_core.environment:checking '/home/pi/nav_ws/install/agv_description' for CMake config files
[3.134s] Level 1:colcon.colcon_core.shell:create_environment_hook('agv_description', 'cmake_prefix_path')
[3.136s] INFO:colcon.colcon_core.shell:Creating environment hook '/home/pi/nav_ws/install/agv_description/share/agv_description/hook/cmake_prefix_path.ps1'
[3.141s] INFO:colcon.colcon_core.shell:Creating environment descriptor '/home/pi/nav_ws/install/agv_description/share/agv_description/hook/cmake_prefix_path.dsv'
[3.146s] INFO:colcon.colcon_core.shell:Creating environment hook '/home/pi/nav_ws/install/agv_description/share/agv_description/hook/cmake_prefix_path.sh'
[3.153s] Level 1:colcon.colcon_core.environment:checking '/home/pi/nav_ws/install/agv_description/bin'
[3.153s] Level 1:colcon.colcon_core.environment:checking '/home/pi/nav_ws/install/agv_description/lib/pkgconfig/agv_description.pc'
[3.155s] Level 1:colcon.colcon_core.environment:checking '/home/pi/nav_ws/install/agv_description/lib/python3.8/site-packages'
[3.156s] Level 1:colcon.colcon_core.environment:checking '/home/pi/nav_ws/install/agv_description/bin'
[3.158s] INFO:colcon.colcon_core.shell:Creating package script '/home/pi/nav_ws/install/agv_description/share/agv_description/package.ps1'
[3.166s] INFO:colcon.colcon_core.shell:Creating package descriptor '/home/pi/nav_ws/install/agv_description/share/agv_description/package.dsv'
[3.172s] INFO:colcon.colcon_core.shell:Creating package script '/home/pi/nav_ws/install/agv_description/share/agv_description/package.sh'
[3.177s] DEBUG:colcon.colcon_core.event_handler.log_command:Invoked command in '/home/pi/nav_ws/build/agv_description' returned '0': CMAKE_PREFIX_PATH=${CMAKE_PREFIX_PATH}:/home/pi/nav_ws/install/agv_bringup:/opt/ros/foxy /usr/bin/cmake --install /home/pi/nav_ws/build/agv_description
[3.182s] INFO:colcon.colcon_core.shell:Creating package script '/home/pi/nav_ws/install/agv_description/share/agv_description/package.bash'
[3.186s] INFO:colcon.colcon_core.shell:Creating package script '/home/pi/nav_ws/install/agv_description/share/agv_description/package.zsh'
[3.190s] Level 1:colcon.colcon_core.environment:create_file_with_runtime_dependencies(/home/pi/nav_ws/install/agv_description/share/colcon-core/packages/agv_description)
[3.213s] Level 1:colcon.colcon_core.environment:create_environment_scripts_only(agv_cartographer)
[3.215s] Level 1:colcon.colcon_core.environment:checking '/home/pi/nav_ws/install/agv_cartographer' for CMake module files
[3.218s] DEBUG:colcon.colcon_core.event_handler.log_command:Invoked command in '/home/pi/nav_ws/build/agv_cartographer' returned '0': CMAKE_PREFIX_PATH=${CMAKE_PREFIX_PATH}:/home/pi/nav_ws/install/agv_bringup:/opt/ros/foxy /usr/bin/cmake --install /home/pi/nav_ws/build/agv_cartographer
[3.221s] Level 1:colcon.colcon_core.environment:checking '/home/pi/nav_ws/install/agv_cartographer' for CMake config files
[3.223s] Level 1:colcon.colcon_core.shell:create_environment_hook('agv_cartographer', 'cmake_prefix_path')
[3.224s] INFO:colcon.colcon_core.shell:Creating environment hook '/home/pi/nav_ws/install/agv_cartographer/share/agv_cartographer/hook/cmake_prefix_path.ps1'
[3.228s] INFO:colcon.colcon_core.shell:Creating environment descriptor '/home/pi/nav_ws/install/agv_cartographer/share/agv_cartographer/hook/cmake_prefix_path.dsv'
[3.231s] INFO:colcon.colcon_core.shell:Creating environment hook '/home/pi/nav_ws/install/agv_cartographer/share/agv_cartographer/hook/cmake_prefix_path.sh'
[3.234s] Level 1:colcon.colcon_core.environment:checking '/home/pi/nav_ws/install/agv_cartographer/bin'
[3.235s] Level 1:colcon.colcon_core.environment:checking '/home/pi/nav_ws/install/agv_cartographer/lib/pkgconfig/agv_cartographer.pc'
[3.236s] Level 1:colcon.colcon_core.environment:checking '/home/pi/nav_ws/install/agv_cartographer/lib/python3.8/site-packages'
[3.237s] Level 1:colcon.colcon_core.environment:checking '/home/pi/nav_ws/install/agv_cartographer/bin'
[3.239s] INFO:colcon.colcon_core.shell:Creating package script '/home/pi/nav_ws/install/agv_cartographer/share/agv_cartographer/package.ps1'
[3.242s] INFO:colcon.colcon_core.shell:Creating package descriptor '/home/pi/nav_ws/install/agv_cartographer/share/agv_cartographer/package.dsv'
[3.245s] INFO:colcon.colcon_core.shell:Creating package script '/home/pi/nav_ws/install/agv_cartographer/share/agv_cartographer/package.sh'
[3.249s] INFO:colcon.colcon_core.shell:Creating package script '/home/pi/nav_ws/install/agv_cartographer/share/agv_cartographer/package.bash'
[3.252s] INFO:colcon.colcon_core.shell:Creating package script '/home/pi/nav_ws/install/agv_cartographer/share/agv_cartographer/package.zsh'
[3.254s] Level 1:colcon.colcon_core.environment:create_file_with_runtime_dependencies(/home/pi/nav_ws/install/agv_cartographer/share/colcon-core/packages/agv_cartographer)
[3.284s] DEBUG:colcon.colcon_core.event_handler.log_command:Invoking command in '/home/pi/nav_ws/build/agv_navigation2': CMAKE_PREFIX_PATH=${CMAKE_PREFIX_PATH}:/home/pi/nav_ws/install/agv_bringup:/opt/ros/foxy /usr/bin/cmake --install /home/pi/nav_ws/build/agv_navigation2
[3.335s] Level 1:colcon.colcon_core.environment:create_environment_scripts_only(agv_description)
[3.341s] Level 1:colcon.colcon_core.environment:checking '/home/pi/nav_ws/install/agv_description' for CMake module files
[3.355s] Level 1:colcon.colcon_core.environment:checking '/home/pi/nav_ws/install/agv_description' for CMake config files
[3.362s] Level 1:colcon.colcon_core.shell:create_environment_hook('agv_description', 'cmake_prefix_path')
[3.364s] INFO:colcon.colcon_core.shell:Creating environment hook '/home/pi/nav_ws/install/agv_description/share/agv_description/hook/cmake_prefix_path.ps1'
[3.369s] INFO:colcon.colcon_core.shell:Creating environment descriptor '/home/pi/nav_ws/install/agv_description/share/agv_description/hook/cmake_prefix_path.dsv'
[3.372s] INFO:colcon.colcon_core.shell:Creating environment hook '/home/pi/nav_ws/install/agv_description/share/agv_description/hook/cmake_prefix_path.sh'
[3.376s] Level 1:colcon.colcon_core.environment:checking '/home/pi/nav_ws/install/agv_description/bin'
[3.377s] Level 1:colcon.colcon_core.environment:checking '/home/pi/nav_ws/install/agv_description/lib/pkgconfig/agv_description.pc'
[3.379s] Level 1:colcon.colcon_core.environment:checking '/home/pi/nav_ws/install/agv_description/lib/python3.8/site-packages'
[3.381s] Level 1:colcon.colcon_core.environment:checking '/home/pi/nav_ws/install/agv_description/bin'
[3.383s] INFO:colcon.colcon_core.shell:Creating package script '/home/pi/nav_ws/install/agv_description/share/agv_description/package.ps1'
[3.388s] INFO:colcon.colcon_core.shell:Creating package descriptor '/home/pi/nav_ws/install/agv_description/share/agv_description/package.dsv'
[3.391s] INFO:colcon.colcon_core.shell:Creating package script '/home/pi/nav_ws/install/agv_description/share/agv_description/package.sh'
[3.393s] INFO:colcon.colcon_core.shell:Creating package script '/home/pi/nav_ws/install/agv_description/share/agv_description/package.bash'
[3.396s] INFO:colcon.colcon_core.shell:Creating package script '/home/pi/nav_ws/install/agv_description/share/agv_description/package.zsh'
[3.398s] Level 1:colcon.colcon_core.environment:create_file_with_runtime_dependencies(/home/pi/nav_ws/install/agv_description/share/colcon-core/packages/agv_description)
[3.402s] INFO:colcon.colcon_ros.task.ament_cmake.build:Building ROS package in '/home/pi/nav_ws/src/ydlidar_ros2_driver' with build type 'ament_cmake'
[3.403s] INFO:colcon.colcon_cmake.task.cmake.build:Building CMake package in '/home/pi/nav_ws/src/ydlidar_ros2_driver'
[3.405s] INFO:colcon.colcon_core.shell:Skip shell extension 'powershell' for command environment: Not usable outside of PowerShell
[3.406s] DEBUG:colcon.colcon_core.shell:Skip shell extension 'dsv' for command environment
[3.443s] Level 1:colcon.colcon_core.environment:create_environment_scripts_only(agv_navigation2)
[3.448s] DEBUG:colcon.colcon_core.event_handler.log_command:Invoked command in '/home/pi/nav_ws/build/agv_navigation2' returned '0': CMAKE_PREFIX_PATH=${CMAKE_PREFIX_PATH}:/home/pi/nav_ws/install/agv_bringup:/opt/ros/foxy /usr/bin/cmake --install /home/pi/nav_ws/build/agv_navigation2
[3.450s] Level 1:colcon.colcon_core.environment:checking '/home/pi/nav_ws/install/agv_navigation2' for CMake module files
[3.457s] Level 1:colcon.colcon_core.environment:checking '/home/pi/nav_ws/install/agv_navigation2' for CMake config files
[3.459s] Level 1:colcon.colcon_core.shell:create_environment_hook('agv_navigation2', 'cmake_prefix_path')
[3.461s] INFO:colcon.colcon_core.shell:Creating environment hook '/home/pi/nav_ws/install/agv_navigation2/share/agv_navigation2/hook/cmake_prefix_path.ps1'
[3.465s] INFO:colcon.colcon_core.shell:Creating environment descriptor '/home/pi/nav_ws/install/agv_navigation2/share/agv_navigation2/hook/cmake_prefix_path.dsv'
[3.469s] INFO:colcon.colcon_core.shell:Creating environment hook '/home/pi/nav_ws/install/agv_navigation2/share/agv_navigation2/hook/cmake_prefix_path.sh'
[3.472s] Level 1:colcon.colcon_core.environment:checking '/home/pi/nav_ws/install/agv_navigation2/bin'
[3.473s] Level 1:colcon.colcon_core.environment:checking '/home/pi/nav_ws/install/agv_navigation2/lib/pkgconfig/agv_navigation2.pc'
[3.474s] Level 1:colcon.colcon_core.environment:checking '/home/pi/nav_ws/install/agv_navigation2/lib/python3.8/site-packages'
[3.475s] Level 1:colcon.colcon_core.environment:checking '/home/pi/nav_ws/install/agv_navigation2/bin'
[3.476s] INFO:colcon.colcon_core.shell:Creating package script '/home/pi/nav_ws/install/agv_navigation2/share/agv_navigation2/package.ps1'
[3.480s] INFO:colcon.colcon_core.shell:Creating package descriptor '/home/pi/nav_ws/install/agv_navigation2/share/agv_navigation2/package.dsv'
[3.484s] INFO:colcon.colcon_core.shell:Creating package script '/home/pi/nav_ws/install/agv_navigation2/share/agv_navigation2/package.sh'
[3.500s] INFO:colcon.colcon_core.shell:Creating package script '/home/pi/nav_ws/install/agv_navigation2/share/agv_navigation2/package.bash'
[3.511s] INFO:colcon.colcon_core.shell:Creating package script '/home/pi/nav_ws/install/agv_navigation2/share/agv_navigation2/package.zsh'
[3.514s] Level 1:colcon.colcon_core.environment:create_file_with_runtime_dependencies(/home/pi/nav_ws/install/agv_navigation2/share/colcon-core/packages/agv_navigation2)
[3.536s] Level 1:colcon.colcon_core.environment:create_environment_scripts_only(agv_cartographer)
[3.537s] Level 1:colcon.colcon_core.environment:checking '/home/pi/nav_ws/install/agv_cartographer' for CMake module files
[3.541s] Level 1:colcon.colcon_core.environment:checking '/home/pi/nav_ws/install/agv_cartographer' for CMake config files
[3.542s] Level 1:colcon.colcon_core.shell:create_environment_hook('agv_cartographer', 'cmake_prefix_path')
[3.544s] INFO:colcon.colcon_core.shell:Creating environment hook '/home/pi/nav_ws/install/agv_cartographer/share/agv_cartographer/hook/cmake_prefix_path.ps1'
[3.547s] INFO:colcon.colcon_core.shell:Creating environment descriptor '/home/pi/nav_ws/install/agv_cartographer/share/agv_cartographer/hook/cmake_prefix_path.dsv'
[3.549s] INFO:colcon.colcon_core.shell:Creating environment hook '/home/pi/nav_ws/install/agv_cartographer/share/agv_cartographer/hook/cmake_prefix_path.sh'
[3.555s] Level 1:colcon.colcon_core.environment:checking '/home/pi/nav_ws/install/agv_cartographer/bin'
[3.556s] Level 1:colcon.colcon_core.environment:checking '/home/pi/nav_ws/install/agv_cartographer/lib/pkgconfig/agv_cartographer.pc'
[3.559s] Level 1:colcon.colcon_core.environment:checking '/home/pi/nav_ws/install/agv_cartographer/lib/python3.8/site-packages'
[3.560s] Level 1:colcon.colcon_core.environment:checking '/home/pi/nav_ws/install/agv_cartographer/bin'
[3.562s] INFO:colcon.colcon_core.shell:Creating package script '/home/pi/nav_ws/install/agv_cartographer/share/agv_cartographer/package.ps1'
[3.566s] INFO:colcon.colcon_core.shell:Creating package descriptor '/home/pi/nav_ws/install/agv_cartographer/share/agv_cartographer/package.dsv'
[3.569s] INFO:colcon.colcon_core.shell:Creating package script '/home/pi/nav_ws/install/agv_cartographer/share/agv_cartographer/package.sh'
[3.574s] INFO:colcon.colcon_core.shell:Creating package script '/home/pi/nav_ws/install/agv_cartographer/share/agv_cartographer/package.bash'
[3.577s] INFO:colcon.colcon_core.shell:Creating package script '/home/pi/nav_ws/install/agv_cartographer/share/agv_cartographer/package.zsh'
[3.580s] Level 1:colcon.colcon_core.environment:create_file_with_runtime_dependencies(/home/pi/nav_ws/install/agv_cartographer/share/colcon-core/packages/agv_cartographer)
[3.611s] DEBUG:colcon.colcon_core.event_handler.log_command:Invoking command in '/home/pi/nav_ws/build/ydlidar_ros2_driver': CMAKE_PREFIX_PATH=${CMAKE_PREFIX_PATH}:/home/pi/nav_ws/install/agv_bringup:/opt/ros/foxy /usr/bin/cmake --build /home/pi/nav_ws/build/ydlidar_ros2_driver -- -j4 -l4
[3.661s] Level 1:colcon.colcon_core.environment:create_environment_scripts_only(agv_navigation2)
[3.662s] Level 1:colcon.colcon_core.environment:checking '/home/pi/nav_ws/install/agv_navigation2' for CMake module files
[3.665s] Level 1:colcon.colcon_core.environment:checking '/home/pi/nav_ws/install/agv_navigation2' for CMake config files
[3.668s] Level 1:colcon.colcon_core.shell:create_environment_hook('agv_navigation2', 'cmake_prefix_path')
[3.670s] INFO:colcon.colcon_core.shell:Creating environment hook '/home/pi/nav_ws/install/agv_navigation2/share/agv_navigation2/hook/cmake_prefix_path.ps1'
[3.673s] INFO:colcon.colcon_core.shell:Creating environment descriptor '/home/pi/nav_ws/install/agv_navigation2/share/agv_navigation2/hook/cmake_prefix_path.dsv'
[3.676s] INFO:colcon.colcon_core.shell:Creating environment hook '/home/pi/nav_ws/install/agv_navigation2/share/agv_navigation2/hook/cmake_prefix_path.sh'
[3.681s] Level 1:colcon.colcon_core.environment:checking '/home/pi/nav_ws/install/agv_navigation2/bin'
[3.682s] Level 1:colcon.colcon_core.environment:checking '/home/pi/nav_ws/install/agv_navigation2/lib/pkgconfig/agv_navigation2.pc'
[3.684s] Level 1:colcon.colcon_core.environment:checking '/home/pi/nav_ws/install/agv_navigation2/lib/python3.8/site-packages'
[3.686s] Level 1:colcon.colcon_core.environment:checking '/home/pi/nav_ws/install/agv_navigation2/bin'
[3.689s] INFO:colcon.colcon_core.shell:Creating package script '/home/pi/nav_ws/install/agv_navigation2/share/agv_navigation2/package.ps1'
[3.693s] INFO:colcon.colcon_core.shell:Creating package descriptor '/home/pi/nav_ws/install/agv_navigation2/share/agv_navigation2/package.dsv'
[3.697s] INFO:colcon.colcon_core.shell:Creating package script '/home/pi/nav_ws/install/agv_navigation2/share/agv_navigation2/package.sh'
[3.700s] INFO:colcon.colcon_core.shell:Creating package script '/home/pi/nav_ws/install/agv_navigation2/share/agv_navigation2/package.bash'
[3.703s] INFO:colcon.colcon_core.shell:Creating package script '/home/pi/nav_ws/install/agv_navigation2/share/agv_navigation2/package.zsh'
[3.712s] Level 1:colcon.colcon_core.environment:create_file_with_runtime_dependencies(/home/pi/nav_ws/install/agv_navigation2/share/colcon-core/packages/agv_navigation2)
[4.172s] DEBUG:colcon.colcon_core.event_handler.log_command:Invoked command in '/home/pi/nav_ws/build/agv_interfaces' returned '0': CMAKE_PREFIX_PATH=${CMAKE_PREFIX_PATH}:/home/pi/nav_ws/install/agv_bringup:/opt/ros/foxy /usr/bin/cmake --build /home/pi/nav_ws/build/agv_interfaces -- -j4 -l4
[4.187s] DEBUG:colcon.colcon_core.event_handler.log_command:Invoked command in '/home/pi/nav_ws/build/ydlidar_ros2_driver' returned '0': CMAKE_PREFIX_PATH=${CMAKE_PREFIX_PATH}:/home/pi/nav_ws/install/agv_bringup:/opt/ros/foxy /usr/bin/cmake --build /home/pi/nav_ws/build/ydlidar_ros2_driver -- -j4 -l4
[4.356s] DEBUG:colcon.colcon_core.event_handler.log_command:Invoking command in '/home/pi/nav_ws/build/ydlidar_ros2_driver': CMAKE_PREFIX_PATH=${CMAKE_PREFIX_PATH}:/home/pi/nav_ws/install/agv_bringup:/opt/ros/foxy /usr/bin/cmake --install /home/pi/nav_ws/build/ydlidar_ros2_driver
[4.449s] Level 1:colcon.colcon_core.environment:create_environment_scripts_only(ydlidar_ros2_driver)
[4.451s] Level 1:colcon.colcon_core.environment:checking '/home/pi/nav_ws/install/ydlidar_ros2_driver' for CMake module files
[4.454s] DEBUG:colcon.colcon_core.event_handler.log_command:Invoked command in '/home/pi/nav_ws/build/ydlidar_ros2_driver' returned '0': CMAKE_PREFIX_PATH=${CMAKE_PREFIX_PATH}:/home/pi/nav_ws/install/agv_bringup:/opt/ros/foxy /usr/bin/cmake --install /home/pi/nav_ws/build/ydlidar_ros2_driver
[4.457s] Level 1:colcon.colcon_core.environment:checking '/home/pi/nav_ws/install/ydlidar_ros2_driver' for CMake config files
[4.461s] Level 1:colcon.colcon_core.shell:create_environment_hook('ydlidar_ros2_driver', 'cmake_prefix_path')
[4.463s] INFO:colcon.colcon_core.shell:Creating environment hook '/home/pi/nav_ws/install/ydlidar_ros2_driver/share/ydlidar_ros2_driver/hook/cmake_prefix_path.ps1'
[4.466s] INFO:colcon.colcon_core.shell:Creating environment descriptor '/home/pi/nav_ws/install/ydlidar_ros2_driver/share/ydlidar_ros2_driver/hook/cmake_prefix_path.dsv'
[4.470s] INFO:colcon.colcon_core.shell:Creating environment hook '/home/pi/nav_ws/install/ydlidar_ros2_driver/share/ydlidar_ros2_driver/hook/cmake_prefix_path.sh'
[4.474s] Level 1:colcon.colcon_core.environment:checking '/home/pi/nav_ws/install/ydlidar_ros2_driver/lib'
[4.476s] Level 1:colcon.colcon_core.environment:checking '/home/pi/nav_ws/install/ydlidar_ros2_driver/bin'
[4.477s] Level 1:colcon.colcon_core.environment:checking '/home/pi/nav_ws/install/ydlidar_ros2_driver/lib/pkgconfig/ydlidar_ros2_driver.pc'
[4.479s] Level 1:colcon.colcon_core.environment:checking '/home/pi/nav_ws/install/ydlidar_ros2_driver/lib/python3.8/site-packages'
[4.480s] Level 1:colcon.colcon_core.environment:checking '/home/pi/nav_ws/install/ydlidar_ros2_driver/bin'
[4.481s] INFO:colcon.colcon_core.shell:Creating package script '/home/pi/nav_ws/install/ydlidar_ros2_driver/share/ydlidar_ros2_driver/package.ps1'
[4.485s] INFO:colcon.colcon_core.shell:Creating package descriptor '/home/pi/nav_ws/install/ydlidar_ros2_driver/share/ydlidar_ros2_driver/package.dsv'
[4.489s] INFO:colcon.colcon_core.shell:Creating package script '/home/pi/nav_ws/install/ydlidar_ros2_driver/share/ydlidar_ros2_driver/package.sh'
[4.492s] INFO:colcon.colcon_core.shell:Creating package script '/home/pi/nav_ws/install/ydlidar_ros2_driver/share/ydlidar_ros2_driver/package.bash'
[4.500s] INFO:colcon.colcon_core.shell:Creating package script '/home/pi/nav_ws/install/ydlidar_ros2_driver/share/ydlidar_ros2_driver/package.zsh'
[4.502s] Level 1:colcon.colcon_core.environment:create_file_with_runtime_dependencies(/home/pi/nav_ws/install/ydlidar_ros2_driver/share/colcon-core/packages/ydlidar_ros2_driver)
[4.682s] Level 1:colcon.colcon_core.environment:create_environment_scripts_only(ydlidar_ros2_driver)
[4.684s] Level 1:colcon.colcon_core.environment:checking '/home/pi/nav_ws/install/ydlidar_ros2_driver' for CMake module files
[4.690s] Level 1:colcon.colcon_core.environment:checking '/home/pi/nav_ws/install/ydlidar_ros2_driver' for CMake config files
[4.694s] Level 1:colcon.colcon_core.shell:create_environment_hook('ydlidar_ros2_driver', 'cmake_prefix_path')
[4.696s] INFO:colcon.colcon_core.shell:Creating environment hook '/home/pi/nav_ws/install/ydlidar_ros2_driver/share/ydlidar_ros2_driver/hook/cmake_prefix_path.ps1'
[4.701s] INFO:colcon.colcon_core.shell:Creating environment descriptor '/home/pi/nav_ws/install/ydlidar_ros2_driver/share/ydlidar_ros2_driver/hook/cmake_prefix_path.dsv'
[4.707s] INFO:colcon.colcon_core.shell:Creating environment hook '/home/pi/nav_ws/install/ydlidar_ros2_driver/share/ydlidar_ros2_driver/hook/cmake_prefix_path.sh'
[4.715s] Level 1:colcon.colcon_core.environment:checking '/home/pi/nav_ws/install/ydlidar_ros2_driver/lib'
[4.717s] Level 1:colcon.colcon_core.environment:checking '/home/pi/nav_ws/install/ydlidar_ros2_driver/bin'
[4.718s] Level 1:colcon.colcon_core.environment:checking '/home/pi/nav_ws/install/ydlidar_ros2_driver/lib/pkgconfig/ydlidar_ros2_driver.pc'
[4.720s] Level 1:colcon.colcon_core.environment:checking '/home/pi/nav_ws/install/ydlidar_ros2_driver/lib/python3.8/site-packages'
[4.722s] Level 1:colcon.colcon_core.environment:checking '/home/pi/nav_ws/install/ydlidar_ros2_driver/bin'
[4.725s] INFO:colcon.colcon_core.shell:Creating package script '/home/pi/nav_ws/install/ydlidar_ros2_driver/share/ydlidar_ros2_driver/package.ps1'
[4.730s] INFO:colcon.colcon_core.shell:Creating package descriptor '/home/pi/nav_ws/install/ydlidar_ros2_driver/share/ydlidar_ros2_driver/package.dsv'
[4.734s] INFO:colcon.colcon_core.shell:Creating package script '/home/pi/nav_ws/install/ydlidar_ros2_driver/share/ydlidar_ros2_driver/package.sh'
[4.740s] INFO:colcon.colcon_core.shell:Creating package script '/home/pi/nav_ws/install/ydlidar_ros2_driver/share/ydlidar_ros2_driver/package.bash'
[4.745s] INFO:colcon.colcon_core.shell:Creating package script '/home/pi/nav_ws/install/ydlidar_ros2_driver/share/ydlidar_ros2_driver/package.zsh'
[4.749s] Level 1:colcon.colcon_core.environment:create_file_with_runtime_dependencies(/home/pi/nav_ws/install/ydlidar_ros2_driver/share/colcon-core/packages/ydlidar_ros2_driver)
[5.275s] DEBUG:colcon.colcon_core.event_handler.log_command:Invoking command in '/home/pi/nav_ws/build/agv_interfaces': CMAKE_PREFIX_PATH=${CMAKE_PREFIX_PATH}:/home/pi/nav_ws/install/agv_bringup:/opt/ros/foxy /usr/bin/cmake --install /home/pi/nav_ws/build/agv_interfaces
[5.727s] Level 1:colcon.colcon_core.environment:create_environment_scripts_only(agv_interfaces)
[5.729s] Level 1:colcon.colcon_core.environment:checking '/home/pi/nav_ws/install/agv_interfaces' for CMake module files
[5.744s] DEBUG:colcon.colcon_core.event_handler.log_command:Invoked command in '/home/pi/nav_ws/build/agv_interfaces' returned '0': CMAKE_PREFIX_PATH=${CMAKE_PREFIX_PATH}:/home/pi/nav_ws/install/agv_bringup:/opt/ros/foxy /usr/bin/cmake --install /home/pi/nav_ws/build/agv_interfaces
[5.748s] Level 1:colcon.colcon_core.environment:checking '/home/pi/nav_ws/install/agv_interfaces' for CMake config files
[5.754s] Level 1:colcon.colcon_core.shell:create_environment_hook('agv_interfaces', 'cmake_prefix_path')
[5.756s] INFO:colcon.colcon_core.shell:Creating environment hook '/home/pi/nav_ws/install/agv_interfaces/share/agv_interfaces/hook/cmake_prefix_path.ps1'
[5.758s] INFO:colcon.colcon_core.shell:Creating environment descriptor '/home/pi/nav_ws/install/agv_interfaces/share/agv_interfaces/hook/cmake_prefix_path.dsv'
[5.761s] INFO:colcon.colcon_core.shell:Creating environment hook '/home/pi/nav_ws/install/agv_interfaces/share/agv_interfaces/hook/cmake_prefix_path.sh'
[5.764s] Level 1:colcon.colcon_core.environment:checking '/home/pi/nav_ws/install/agv_interfaces/lib'
[5.765s] Level 1:colcon.colcon_core.shell:create_environment_hook('agv_interfaces', 'ld_library_path_lib')
[5.767s] INFO:colcon.colcon_core.shell:Creating environment hook '/home/pi/nav_ws/install/agv_interfaces/share/agv_interfaces/hook/ld_library_path_lib.ps1'
[5.770s] INFO:colcon.colcon_core.shell:Creating environment descriptor '/home/pi/nav_ws/install/agv_interfaces/share/agv_interfaces/hook/ld_library_path_lib.dsv'
[5.773s] INFO:colcon.colcon_core.shell:Creating environment hook '/home/pi/nav_ws/install/agv_interfaces/share/agv_interfaces/hook/ld_library_path_lib.sh'
[5.779s] Level 1:colcon.colcon_core.environment:checking '/home/pi/nav_ws/install/agv_interfaces/bin'
[5.779s] Level 1:colcon.colcon_core.environment:checking '/home/pi/nav_ws/install/agv_interfaces/lib/pkgconfig/agv_interfaces.pc'
[5.781s] Level 1:colcon.colcon_core.environment:checking '/home/pi/nav_ws/install/agv_interfaces/lib/python3.8/site-packages'
[5.781s] Level 1:colcon.colcon_core.shell:create_environment_hook('agv_interfaces', 'pythonpath')
[5.783s] INFO:colcon.colcon_core.shell:Creating environment hook '/home/pi/nav_ws/install/agv_interfaces/share/agv_interfaces/hook/pythonpath.ps1'
[5.787s] INFO:colcon.colcon_core.shell:Creating environment descriptor '/home/pi/nav_ws/install/agv_interfaces/share/agv_interfaces/hook/pythonpath.dsv'
[5.791s] INFO:colcon.colcon_core.shell:Creating environment hook '/home/pi/nav_ws/install/agv_interfaces/share/agv_interfaces/hook/pythonpath.sh'
[5.796s] Level 1:colcon.colcon_core.environment:checking '/home/pi/nav_ws/install/agv_interfaces/bin'
[5.798s] INFO:colcon.colcon_core.shell:Creating package script '/home/pi/nav_ws/install/agv_interfaces/share/agv_interfaces/package.ps1'
[5.803s] INFO:colcon.colcon_core.shell:Creating package descriptor '/home/pi/nav_ws/install/agv_interfaces/share/agv_interfaces/package.dsv'
[5.812s] INFO:colcon.colcon_core.shell:Creating package script '/home/pi/nav_ws/install/agv_interfaces/share/agv_interfaces/package.sh'
[5.819s] INFO:colcon.colcon_core.shell:Creating package script '/home/pi/nav_ws/install/agv_interfaces/share/agv_interfaces/package.bash'
[5.822s] INFO:colcon.colcon_core.shell:Creating package script '/home/pi/nav_ws/install/agv_interfaces/share/agv_interfaces/package.zsh'
[5.825s] Level 1:colcon.colcon_core.environment:create_file_with_runtime_dependencies(/home/pi/nav_ws/install/agv_interfaces/share/colcon-core/packages/agv_interfaces)
[7.231s] Level 1:colcon.colcon_core.environment:create_environment_scripts_only(agv_interfaces)
[7.232s] Level 1:colcon.colcon_core.environment:checking '/home/pi/nav_ws/install/agv_interfaces' for CMake module files
[7.237s] Level 1:colcon.colcon_core.environment:checking '/home/pi/nav_ws/install/agv_interfaces' for CMake config files
[7.247s] Level 1:colcon.colcon_core.shell:create_environment_hook('agv_interfaces', 'cmake_prefix_path')
[7.249s] INFO:colcon.colcon_core.shell:Creating environment hook '/home/pi/nav_ws/install/agv_interfaces/share/agv_interfaces/hook/cmake_prefix_path.ps1'
[7.253s] INFO:colcon.colcon_core.shell:Creating environment descriptor '/home/pi/nav_ws/install/agv_interfaces/share/agv_interfaces/hook/cmake_prefix_path.dsv'
[7.256s] INFO:colcon.colcon_core.shell:Creating environment hook '/home/pi/nav_ws/install/agv_interfaces/share/agv_interfaces/hook/cmake_prefix_path.sh'
[7.260s] Level 1:colcon.colcon_core.environment:checking '/home/pi/nav_ws/install/agv_interfaces/lib'
[7.260s] Level 1:colcon.colcon_core.shell:create_environment_hook('agv_interfaces', 'ld_library_path_lib')
[7.261s] INFO:colcon.colcon_core.shell:Creating environment hook '/home/pi/nav_ws/install/agv_interfaces/share/agv_interfaces/hook/ld_library_path_lib.ps1'
[7.264s] INFO:colcon.colcon_core.shell:Creating environment descriptor '/home/pi/nav_ws/install/agv_interfaces/share/agv_interfaces/hook/ld_library_path_lib.dsv'
[7.267s] INFO:colcon.colcon_core.shell:Creating environment hook '/home/pi/nav_ws/install/agv_interfaces/share/agv_interfaces/hook/ld_library_path_lib.sh'
[7.271s] Level 1:colcon.colcon_core.environment:checking '/home/pi/nav_ws/install/agv_interfaces/bin'
[7.272s] Level 1:colcon.colcon_core.environment:checking '/home/pi/nav_ws/install/agv_interfaces/lib/pkgconfig/agv_interfaces.pc'
[7.273s] Level 1:colcon.colcon_core.environment:checking '/home/pi/nav_ws/install/agv_interfaces/lib/python3.8/site-packages'
[7.274s] Level 1:colcon.colcon_core.shell:create_environment_hook('agv_interfaces', 'pythonpath')
[7.276s] INFO:colcon.colcon_core.shell:Creating environment hook '/home/pi/nav_ws/install/agv_interfaces/share/agv_interfaces/hook/pythonpath.ps1'
[7.279s] INFO:colcon.colcon_core.shell:Creating environment descriptor '/home/pi/nav_ws/install/agv_interfaces/share/agv_interfaces/hook/pythonpath.dsv'
[7.283s] INFO:colcon.colcon_core.shell:Creating environment hook '/home/pi/nav_ws/install/agv_interfaces/share/agv_interfaces/hook/pythonpath.sh'
[7.287s] Level 1:colcon.colcon_core.environment:checking '/home/pi/nav_ws/install/agv_interfaces/bin'
[7.289s] INFO:colcon.colcon_core.shell:Creating package script '/home/pi/nav_ws/install/agv_interfaces/share/agv_interfaces/package.ps1'
[7.297s] INFO:colcon.colcon_core.shell:Creating package descriptor '/home/pi/nav_ws/install/agv_interfaces/share/agv_interfaces/package.dsv'
[7.302s] INFO:colcon.colcon_core.shell:Creating package script '/home/pi/nav_ws/install/agv_interfaces/share/agv_interfaces/package.sh'
[7.307s] INFO:colcon.colcon_core.shell:Creating package script '/home/pi/nav_ws/install/agv_interfaces/share/agv_interfaces/package.bash'
[7.312s] INFO:colcon.colcon_core.shell:Creating package script '/home/pi/nav_ws/install/agv_interfaces/share/agv_interfaces/package.zsh'
[7.315s] Level 1:colcon.colcon_core.environment:create_file_with_runtime_dependencies(/home/pi/nav_ws/install/agv_interfaces/share/colcon-core/packages/agv_interfaces)
[7.321s] INFO:colcon.colcon_ros.task.ament_python.build:Building ROS package in '/home/pi/nav_ws/src/agv_bringup' with build type 'ament_python'
[7.324s] Level 1:colcon.colcon_core.shell:create_environment_hook('agv_bringup', 'ament_prefix_path')
[7.325s] INFO:colcon.colcon_core.shell:Creating environment hook '/home/pi/nav_ws/install/agv_bringup/share/agv_bringup/hook/ament_prefix_path.ps1'
[7.328s] INFO:colcon.colcon_core.shell:Creating environment descriptor '/home/pi/nav_ws/install/agv_bringup/share/agv_bringup/hook/ament_prefix_path.dsv'
[7.332s] INFO:colcon.colcon_core.shell:Creating environment hook '/home/pi/nav_ws/install/agv_bringup/share/agv_bringup/hook/ament_prefix_path.sh'
[7.337s] INFO:colcon.colcon_core.shell:Skip shell extension 'powershell' for command environment: Not usable outside of PowerShell
[7.338s] DEBUG:colcon.colcon_core.shell:Skip shell extension 'dsv' for command environment
[8.916s] INFO:colcon.colcon_core.task.python.build:Building Python package in '/home/pi/nav_ws/src/agv_bringup'
[8.918s] INFO:colcon.colcon_core.shell:Skip shell extension 'powershell' for command environment: Not usable outside of PowerShell
[8.918s] DEBUG:colcon.colcon_core.shell:Skip shell extension 'dsv' for command environment
[11.612s] DEBUG:colcon.colcon_core.event_handler.log_command:Invoking command in '/home/pi/nav_ws/src/agv_bringup': CMAKE_PREFIX_PATH=/home/pi/nav_ws/install/agv_interfaces:/home/pi/nav_ws/install/agv_description:/home/pi/nav_ws/install/ydlidar_ros2_driver:/home/pi/nav_ws/install/agv:/home/pi/nav_ws/install/agv_navigation2:/home/pi/nav_ws/install/agv_cartographer PYTHONPATH=/home/pi/nav_ws/build/agv_bringup/prefix_override:/usr/lib/python3/dist-packages/colcon_core/task/python/colcon_distutils_commands:/home/pi/nav_ws/install/agv_bringup/lib/python3.8/site-packages:${PYTHONPATH} /usr/bin/python3 -W ignore:setup.py install is deprecated setup.py egg_info --egg-base ../../build/agv_bringup build --build-base /home/pi/nav_ws/build/agv_bringup/build install --record /home/pi/nav_ws/build/agv_bringup/install.log --install-scripts $base/lib/omo_r1mini_bringup --single-version-externally-managed install_data
[13.037s] Level 1:colcon.colcon_core.environment:checking '/home/pi/nav_ws/install/agv_bringup' for CMake module files
[13.042s] Level 1:colcon.colcon_core.environment:checking '/home/pi/nav_ws/install/agv_bringup' for CMake config files
[13.040s] DEBUG:colcon.colcon_core.event_handler.log_command:Invoked command in '/home/pi/nav_ws/src/agv_bringup' returned '0': CMAKE_PREFIX_PATH=/home/pi/nav_ws/install/agv_interfaces:/home/pi/nav_ws/install/agv_description:/home/pi/nav_ws/install/ydlidar_ros2_driver:/home/pi/nav_ws/install/agv:/home/pi/nav_ws/install/agv_navigation2:/home/pi/nav_ws/install/agv_cartographer PYTHONPATH=/home/pi/nav_ws/build/agv_bringup/prefix_override:/usr/lib/python3/dist-packages/colcon_core/task/python/colcon_distutils_commands:/home/pi/nav_ws/install/agv_bringup/lib/python3.8/site-packages:${PYTHONPATH} /usr/bin/python3 -W ignore:setup.py install is deprecated setup.py egg_info --egg-base ../../build/agv_bringup build --build-base /home/pi/nav_ws/build/agv_bringup/build install --record /home/pi/nav_ws/build/agv_bringup/install.log --install-scripts $base/lib/omo_r1mini_bringup --single-version-externally-managed install_data
[13.052s] Level 1:colcon.colcon_core.environment:checking '/home/pi/nav_ws/install/agv_bringup/lib'
[13.054s] Level 1:colcon.colcon_core.environment:checking '/home/pi/nav_ws/install/agv_bringup/bin'
[13.055s] Level 1:colcon.colcon_core.environment:checking '/home/pi/nav_ws/install/agv_bringup/lib/pkgconfig/agv_bringup.pc'
[13.056s] Level 1:colcon.colcon_core.environment:checking '/home/pi/nav_ws/install/agv_bringup/lib/python3.8/site-packages'
[13.058s] Level 1:colcon.colcon_core.shell:create_environment_hook('agv_bringup', 'pythonpath')
[13.060s] INFO:colcon.colcon_core.shell:Creating environment hook '/home/pi/nav_ws/install/agv_bringup/share/agv_bringup/hook/pythonpath.ps1'
[13.064s] INFO:colcon.colcon_core.shell:Creating environment descriptor '/home/pi/nav_ws/install/agv_bringup/share/agv_bringup/hook/pythonpath.dsv'
[13.070s] INFO:colcon.colcon_core.shell:Creating environment hook '/home/pi/nav_ws/install/agv_bringup/share/agv_bringup/hook/pythonpath.sh'
[13.084s] Level 1:colcon.colcon_core.environment:checking '/home/pi/nav_ws/install/agv_bringup/bin'
[13.085s] Level 1:colcon.colcon_core.environment:create_environment_scripts_only(agv_bringup)
[13.087s] INFO:colcon.colcon_core.shell:Creating package script '/home/pi/nav_ws/install/agv_bringup/share/agv_bringup/package.ps1'
[13.090s] INFO:colcon.colcon_core.shell:Creating package descriptor '/home/pi/nav_ws/install/agv_bringup/share/agv_bringup/package.dsv'
[13.094s] INFO:colcon.colcon_core.shell:Creating package script '/home/pi/nav_ws/install/agv_bringup/share/agv_bringup/package.sh'
[13.100s] INFO:colcon.colcon_core.shell:Creating package script '/home/pi/nav_ws/install/agv_bringup/share/agv_bringup/package.bash'
[13.104s] INFO:colcon.colcon_core.shell:Creating package script '/home/pi/nav_ws/install/agv_bringup/share/agv_bringup/package.zsh'
[13.107s] Level 1:colcon.colcon_core.environment:create_file_with_runtime_dependencies(/home/pi/nav_ws/install/agv_bringup/share/colcon-core/packages/agv_bringup)
[13.115s] INFO:colcon.colcon_ros.task.ament_cmake.build:Building ROS package in '/home/pi/nav_ws/src/agv' with build type 'ament_cmake'
[13.117s] INFO:colcon.colcon_cmake.task.cmake.build:Building CMake package in '/home/pi/nav_ws/src/agv'
[13.119s] INFO:colcon.colcon_core.shell:Skip shell extension 'powershell' for command environment: Not usable outside of PowerShell
[13.119s] DEBUG:colcon.colcon_core.shell:Skip shell extension 'dsv' for command environment
[13.261s] DEBUG:colcon.colcon_core.event_handler.log_command:Invoking command in '/home/pi/nav_ws/build/agv': AMENT_PREFIX_PATH=/home/pi/nav_ws/install/agv_bringup:/home/pi/nav_ws/install/agv_interfaces:/home/pi/nav_ws/install/ydlidar_ros2_driver:/home/pi/nav_ws/install/agv:/home/pi/nav_ws/install/agv_navigation2:/home/pi/nav_ws/install/agv_description:/home/pi/nav_ws/install/agv_cartographer:/opt/ros/foxy CMAKE_PREFIX_PATH=/home/pi/nav_ws/install/agv_navigation2:/home/pi/nav_ws/install/agv_interfaces:/home/pi/nav_ws/install/agv_description:/home/pi/nav_ws/install/agv_cartographer:/home/pi/nav_ws/install/ydlidar_ros2_driver:/home/pi/nav_ws/install/agv:/home/pi/nav_ws/install/agv_bringup:/opt/ros/foxy PYTHONPATH=/home/pi/nav_ws/install/agv_bringup/lib/python3.8/site-packages:/home/pi/nav_ws/install/agv_interfaces/lib/python3.8/site-packages:/opt/ros/foxy/lib/python3.8/site-packages /usr/bin/cmake --build /home/pi/nav_ws/build/agv -- -j4 -l4
[13.420s] DEBUG:colcon.colcon_core.event_handler.log_command:Invoked command in '/home/pi/nav_ws/build/agv' returned '0': AMENT_PREFIX_PATH=/home/pi/nav_ws/install/agv_bringup:/home/pi/nav_ws/install/agv_interfaces:/home/pi/nav_ws/install/ydlidar_ros2_driver:/home/pi/nav_ws/install/agv:/home/pi/nav_ws/install/agv_navigation2:/home/pi/nav_ws/install/agv_description:/home/pi/nav_ws/install/agv_cartographer:/opt/ros/foxy CMAKE_PREFIX_PATH=/home/pi/nav_ws/install/agv_navigation2:/home/pi/nav_ws/install/agv_interfaces:/home/pi/nav_ws/install/agv_description:/home/pi/nav_ws/install/agv_cartographer:/home/pi/nav_ws/install/ydlidar_ros2_driver:/home/pi/nav_ws/install/agv:/home/pi/nav_ws/install/agv_bringup:/opt/ros/foxy PYTHONPATH=/home/pi/nav_ws/install/agv_bringup/lib/python3.8/site-packages:/home/pi/nav_ws/install/agv_interfaces/lib/python3.8/site-packages:/opt/ros/foxy/lib/python3.8/site-packages /usr/bin/cmake --build /home/pi/nav_ws/build/agv -- -j4 -l4
[13.540s] DEBUG:colcon.colcon_core.event_handler.log_command:Invoking command in '/home/pi/nav_ws/build/agv': AMENT_PREFIX_PATH=/home/pi/nav_ws/install/agv_bringup:/home/pi/nav_ws/install/agv_interfaces:/home/pi/nav_ws/install/ydlidar_ros2_driver:/home/pi/nav_ws/install/agv:/home/pi/nav_ws/install/agv_navigation2:/home/pi/nav_ws/install/agv_description:/home/pi/nav_ws/install/agv_cartographer:/opt/ros/foxy CMAKE_PREFIX_PATH=/home/pi/nav_ws/install/agv_navigation2:/home/pi/nav_ws/install/agv_interfaces:/home/pi/nav_ws/install/agv_description:/home/pi/nav_ws/install/agv_cartographer:/home/pi/nav_ws/install/ydlidar_ros2_driver:/home/pi/nav_ws/install/agv:/home/pi/nav_ws/install/agv_bringup:/opt/ros/foxy PYTHONPATH=/home/pi/nav_ws/install/agv_bringup/lib/python3.8/site-packages:/home/pi/nav_ws/install/agv_interfaces/lib/python3.8/site-packages:/opt/ros/foxy/lib/python3.8/site-packages /usr/bin/cmake --install /home/pi/nav_ws/build/agv
[13.581s] Level 1:colcon.colcon_core.environment:create_environment_scripts_only(agv)
[13.583s] Level 1:colcon.colcon_core.environment:checking '/home/pi/nav_ws/install/agv' for CMake module files
[13.585s] DEBUG:colcon.colcon_core.event_handler.log_command:Invoked command in '/home/pi/nav_ws/build/agv' returned '0': AMENT_PREFIX_PATH=/home/pi/nav_ws/install/agv_bringup:/home/pi/nav_ws/install/agv_interfaces:/home/pi/nav_ws/install/ydlidar_ros2_driver:/home/pi/nav_ws/install/agv:/home/pi/nav_ws/install/agv_navigation2:/home/pi/nav_ws/install/agv_description:/home/pi/nav_ws/install/agv_cartographer:/opt/ros/foxy CMAKE_PREFIX_PATH=/home/pi/nav_ws/install/agv_navigation2:/home/pi/nav_ws/install/agv_interfaces:/home/pi/nav_ws/install/agv_description:/home/pi/nav_ws/install/agv_cartographer:/home/pi/nav_ws/install/ydlidar_ros2_driver:/home/pi/nav_ws/install/agv:/home/pi/nav_ws/install/agv_bringup:/opt/ros/foxy PYTHONPATH=/home/pi/nav_ws/install/agv_bringup/lib/python3.8/site-packages:/home/pi/nav_ws/install/agv_interfaces/lib/python3.8/site-packages:/opt/ros/foxy/lib/python3.8/site-packages /usr/bin/cmake --install /home/pi/nav_ws/build/agv
[13.586s] Level 1:colcon.colcon_core.environment:checking '/home/pi/nav_ws/install/agv' for CMake config files
[13.587s] Level 1:colcon.colcon_core.shell:create_environment_hook('agv', 'cmake_prefix_path')
[13.588s] INFO:colcon.colcon_core.shell:Creating environment hook '/home/pi/nav_ws/install/agv/share/agv/hook/cmake_prefix_path.ps1'
[13.591s] INFO:colcon.colcon_core.shell:Creating environment descriptor '/home/pi/nav_ws/install/agv/share/agv/hook/cmake_prefix_path.dsv'
[13.593s] INFO:colcon.colcon_core.shell:Creating environment hook '/home/pi/nav_ws/install/agv/share/agv/hook/cmake_prefix_path.sh'
[13.596s] Level 1:colcon.colcon_core.environment:checking '/home/pi/nav_ws/install/agv/bin'
[13.596s] Level 1:colcon.colcon_core.environment:checking '/home/pi/nav_ws/install/agv/lib/pkgconfig/agv.pc'
[13.597s] Level 1:colcon.colcon_core.environment:checking '/home/pi/nav_ws/install/agv/lib/python3.8/site-packages'
[13.598s] Level 1:colcon.colcon_core.environment:checking '/home/pi/nav_ws/install/agv/bin'
[13.599s] INFO:colcon.colcon_core.shell:Creating package script '/home/pi/nav_ws/install/agv/share/agv/package.ps1'
[13.602s] INFO:colcon.colcon_core.shell:Creating package descriptor '/home/pi/nav_ws/install/agv/share/agv/package.dsv'
[13.605s] INFO:colcon.colcon_core.shell:Creating package script '/home/pi/nav_ws/install/agv/share/agv/package.sh'
[13.608s] INFO:colcon.colcon_core.shell:Creating package script '/home/pi/nav_ws/install/agv/share/agv/package.bash'
[13.610s] INFO:colcon.colcon_core.shell:Creating package script '/home/pi/nav_ws/install/agv/share/agv/package.zsh'
[13.613s] Level 1:colcon.colcon_core.environment:create_file_with_runtime_dependencies(/home/pi/nav_ws/install/agv/share/colcon-core/packages/agv)
[13.718s] Level 1:colcon.colcon_core.environment:create_environment_scripts_only(agv)
[13.720s] Level 1:colcon.colcon_core.environment:checking '/home/pi/nav_ws/install/agv' for CMake module files
[13.723s] Level 1:colcon.colcon_core.environment:checking '/home/pi/nav_ws/install/agv' for CMake config files
[13.724s] Level 1:colcon.colcon_core.shell:create_environment_hook('agv', 'cmake_prefix_path')
[13.726s] INFO:colcon.colcon_core.shell:Creating environment hook '/home/pi/nav_ws/install/agv/share/agv/hook/cmake_prefix_path.ps1'
[13.729s] INFO:colcon.colcon_core.shell:Creating environment descriptor '/home/pi/nav_ws/install/agv/share/agv/hook/cmake_prefix_path.dsv'
[13.730s] INFO:colcon.colcon_core.shell:Creating environment hook '/home/pi/nav_ws/install/agv/share/agv/hook/cmake_prefix_path.sh'
[13.733s] Level 1:colcon.colcon_core.environment:checking '/home/pi/nav_ws/install/agv/bin'
[13.734s] Level 1:colcon.colcon_core.environment:checking '/home/pi/nav_ws/install/agv/lib/pkgconfig/agv.pc'
[13.734s] Level 1:colcon.colcon_core.environment:checking '/home/pi/nav_ws/install/agv/lib/python3.8/site-packages'
[13.735s] Level 1:colcon.colcon_core.environment:checking '/home/pi/nav_ws/install/agv/bin'
[13.737s] INFO:colcon.colcon_core.shell:Creating package script '/home/pi/nav_ws/install/agv/share/agv/package.ps1'
[13.740s] INFO:colcon.colcon_core.shell:Creating package descriptor '/home/pi/nav_ws/install/agv/share/agv/package.dsv'
[13.743s] INFO:colcon.colcon_core.shell:Creating package script '/home/pi/nav_ws/install/agv/share/agv/package.sh'
[13.748s] INFO:colcon.colcon_core.shell:Creating package script '/home/pi/nav_ws/install/agv/share/agv/package.bash'
[13.751s] INFO:colcon.colcon_core.shell:Creating package script '/home/pi/nav_ws/install/agv/share/agv/package.zsh'
[13.753s] Level 1:colcon.colcon_core.environment:create_file_with_runtime_dependencies(/home/pi/nav_ws/install/agv/share/colcon-core/packages/agv)
[13.754s] DEBUG:colcon.colcon_parallel_executor.executor.parallel:closing loop
[13.755s] DEBUG:colcon.colcon_parallel_executor.executor.parallel:loop closed
[13.756s] DEBUG:colcon.colcon_parallel_executor.executor.parallel:run_until_complete finished with '0'
[13.757s] DEBUG:colcon.colcon_core.event_reactor:joining thread
[13.790s] INFO:colcon.colcon_core.plugin_system:Skipping extension 'colcon_notification.desktop_notification.terminal_notifier': Not used on non-Darwin systems
[13.791s] INFO:colcon.colcon_core.plugin_system:Skipping extension 'colcon_notification.desktop_notification.win32': Not used on non-Windows systems
[13.792s] INFO:colcon.colcon_notification.desktop_notification:Sending desktop notification using 'notify2'
[13.817s] DEBUG:colcon.colcon_core.event_reactor:joined thread
[13.819s] INFO:colcon.colcon_core.shell:Creating prefix script '/home/pi/nav_ws/install/local_setup.ps1'
[13.827s] INFO:colcon.colcon_core.shell:Creating prefix util module '/home/pi/nav_ws/install/_local_setup_util_ps1.py'
[13.836s] INFO:colcon.colcon_core.shell:Creating prefix chain script '/home/pi/nav_ws/install/setup.ps1'
[13.843s] INFO:colcon.colcon_core.shell:Creating prefix script '/home/pi/nav_ws/install/local_setup.sh'
[13.846s] INFO:colcon.colcon_core.shell:Creating prefix util module '/home/pi/nav_ws/install/_local_setup_util_sh.py'
[13.849s] INFO:colcon.colcon_core.shell:Creating prefix chain script '/home/pi/nav_ws/install/setup.sh'
[13.855s] INFO:colcon.colcon_core.shell:Creating prefix script '/home/pi/nav_ws/install/local_setup.bash'
[13.859s] INFO:colcon.colcon_core.shell:Creating prefix chain script '/home/pi/nav_ws/install/setup.bash'
[13.865s] INFO:colcon.colcon_core.shell:Creating prefix script '/home/pi/nav_ws/install/local_setup.zsh'
[13.867s] INFO:colcon.colcon_core.shell:Creating prefix chain script '/home/pi/nav_ws/install/setup.zsh'
