[2.836s] Invoking command in '/home/pi/finalagv_ros2_ws/src/agv': PYTHONPATH=/home/pi/finalagv_ros2_ws/build/agv/prefix_override:/usr/lib/python3/dist-packages/colcon_core/task/python/colcon_distutils_commands:/home/pi/finalagv_ros2_ws/install/agv/lib/python3.8/site-packages:${PYTHONPATH} /usr/bin/python3 -W ignore:setup.py install is deprecated setup.py egg_info --egg-base ../../build/agv build --build-base /home/pi/finalagv_ros2_ws/build/agv/build install --record /home/pi/finalagv_ros2_ws/build/agv/install.log --install-scripts $base/lib/agv --single-version-externally-managed install_data
[3.697s] running egg_info
[3.699s] writing ../../build/agv/agv.egg-info/PKG-INFO
[3.700s] writing dependency_links to ../../build/agv/agv.egg-info/dependency_links.txt
[3.701s] writing entry points to ../../build/agv/agv.egg-info/entry_points.txt
[3.702s] writing requirements to ../../build/agv/agv.egg-info/requires.txt
[3.703s] writing top-level names to ../../build/agv/agv.egg-info/top_level.txt
[3.866s] reading manifest file '../../build/agv/agv.egg-info/SOURCES.txt'
[3.870s] writing manifest file '../../build/agv/agv.egg-info/SOURCES.txt'
[3.871s] running build
[3.871s] running build_py
[3.876s] running install
[3.879s] running install_lib
[3.889s] running install_data
[3.894s] running install_egg_info
[3.902s] removing '/home/pi/finalagv_ros2_ws/install/agv/lib/python3.8/site-packages/agv-0.0.0-py3.8.egg-info' (and everything under it)
[3.904s] Copying ../../build/agv/agv.egg-info to /home/pi/finalagv_ros2_ws/install/agv/lib/python3.8/site-packages/agv-0.0.0-py3.8.egg-info
[3.909s] running install_scripts
[3.970s] Installing pub script to /home/pi/finalagv_ros2_ws/install/agv/lib/agv
[3.971s] Installing pub2 script to /home/pi/finalagv_ros2_ws/install/agv/lib/agv
[3.972s] Installing return script to /home/pi/finalagv_ros2_ws/install/agv/lib/agv
[3.973s] Installing sub script to /home/pi/finalagv_ros2_ws/install/agv/lib/agv
[3.974s] Installing sub2 script to /home/pi/finalagv_ros2_ws/install/agv/lib/agv
[3.974s] Installing tel script to /home/pi/finalagv_ros2_ws/install/agv/lib/agv
[3.975s] Installing udp script to /home/pi/finalagv_ros2_ws/install/agv/lib/agv
[3.977s] writing list of installed files to '/home/pi/finalagv_ros2_ws/build/agv/install.log'
[4.073s] Invoked command in '/home/pi/finalagv_ros2_ws/src/agv' returned '0': PYTHONPATH=/home/pi/finalagv_ros2_ws/build/agv/prefix_override:/usr/lib/python3/dist-packages/colcon_core/task/python/colcon_distutils_commands:/home/pi/finalagv_ros2_ws/install/agv/lib/python3.8/site-packages:${PYTHONPATH} /usr/bin/python3 -W ignore:setup.py install is deprecated setup.py egg_info --egg-base ../../build/agv build --build-base /home/pi/finalagv_ros2_ws/build/agv/build install --record /home/pi/finalagv_ros2_ws/build/agv/install.log --install-scripts $base/lib/agv --single-version-externally-managed install_data
