[4.462s] Invoking command in '/home/pi/ydlidar_ros2_ws/build/jdamr200_teleop': PYTHONPATH=/home/pi/ydlidar_ros2_ws/build/jdamr200_teleop/prefix_override:/usr/lib/python3/dist-packages/colcon_core/task/python/colcon_distutils_commands:/home/pi/ydlidar_ros2_ws/install/jdamr200_teleop/lib/python3.8/site-packages:${PYTHONPATH} /usr/bin/python3 -W ignore:setup.py install is deprecated setup.py develop --editable --build-directory /home/pi/ydlidar_ros2_ws/build/jdamr200_teleop/build --no-deps symlink_data --force
[6.372s] running develop
[7.746s] running egg_info
[7.747s] writing jdamr200_teleop.egg-info/PKG-INFO
[7.749s] writing dependency_links to jdamr200_teleop.egg-info/dependency_links.txt
[7.751s] writing entry points to jdamr200_teleop.egg-info/entry_points.txt
[7.753s] writing requirements to jdamr200_teleop.egg-info/requires.txt
[7.754s] writing top-level names to jdamr200_teleop.egg-info/top_level.txt
[7.934s] reading manifest file 'jdamr200_teleop.egg-info/SOURCES.txt'
[7.945s] writing manifest file 'jdamr200_teleop.egg-info/SOURCES.txt'
[8.330s] running build_ext
[8.332s] Creating /home/pi/ydlidar_ros2_ws/install/jdamr200_teleop/lib/python3.8/site-packages/site.py
[8.342s] Creating /home/pi/ydlidar_ros2_ws/install/jdamr200_teleop/lib/python3.8/site-packages/jdamr200-teleop.egg-link (link to .)
[8.348s] Installing jdamr_teleop script to /home/pi/ydlidar_ros2_ws/install/jdamr200_teleop/lib/jdamr200_teleop
[8.351s] 
[8.352s] Installed /home/pi/ydlidar_ros2_ws/build/jdamr200_teleop
[8.354s] running symlink_data
[8.357s] symbolically linking /home/pi/ydlidar_ros2_ws/build/jdamr200_teleop/resource/jdamr200_teleop -> /home/pi/ydlidar_ros2_ws/install/jdamr200_teleop/share/ament_index/resource_index/packages
[8.359s] symbolically linking /home/pi/ydlidar_ros2_ws/build/jdamr200_teleop/package.xml -> /home/pi/ydlidar_ros2_ws/install/jdamr200_teleop/share/jdamr200_teleop
[8.527s] Invoked command in '/home/pi/ydlidar_ros2_ws/build/jdamr200_teleop' returned '0': PYTHONPATH=/home/pi/ydlidar_ros2_ws/build/jdamr200_teleop/prefix_override:/usr/lib/python3/dist-packages/colcon_core/task/python/colcon_distutils_commands:/home/pi/ydlidar_ros2_ws/install/jdamr200_teleop/lib/python3.8/site-packages:${PYTHONPATH} /usr/bin/python3 -W ignore:setup.py install is deprecated setup.py develop --editable --build-directory /home/pi/ydlidar_ros2_ws/build/jdamr200_teleop/build --no-deps symlink_data --force
