[3.026s] Invoking command in '/home/pi/finalagv_ros2_ws/src/agv': PYTHONPATH=/home/pi/finalagv_ros2_ws/build/agv/prefix_override:/usr/lib/python3/dist-packages/colcon_core/task/python/colcon_distutils_commands:/home/pi/finalagv_ros2_ws/install/agv/lib/python3.8/site-packages:${PYTHONPATH} /usr/bin/python3 -W ignore:setup.py install is deprecated setup.py egg_info --egg-base ../../build/agv build --build-base /home/pi/finalagv_ros2_ws/build/agv/build install --record /home/pi/finalagv_ros2_ws/build/agv/install.log --install-scripts $base/lib/agv --single-version-externally-managed install_data
[3.910s] running egg_info
[3.912s] writing ../../build/agv/agv.egg-info/PKG-INFO
[3.914s] writing dependency_links to ../../build/agv/agv.egg-info/dependency_links.txt
[3.915s] writing entry points to ../../build/agv/agv.egg-info/entry_points.txt
[3.916s] writing requirements to ../../build/agv/agv.egg-info/requires.txt
[3.917s] writing top-level names to ../../build/agv/agv.egg-info/top_level.txt
[4.055s] reading manifest file '../../build/agv/agv.egg-info/SOURCES.txt'
[4.060s] writing manifest file '../../build/agv/agv.egg-info/SOURCES.txt'
[4.060s] running build
[4.061s] running build_py
[4.065s] copying agv/return_sub.py -> /home/pi/finalagv_ros2_ws/build/agv/build/lib/agv
[4.068s] running install
[4.072s] running install_lib
[4.079s] copying /home/pi/finalagv_ros2_ws/build/agv/build/lib/agv/return_sub.py -> /home/pi/finalagv_ros2_ws/install/agv/lib/python3.8/site-packages/agv
[4.083s] byte-compiling /home/pi/finalagv_ros2_ws/install/agv/lib/python3.8/site-packages/agv/return_sub.py to return_sub.cpython-38.pyc
[4.091s] running install_data
[4.097s] running install_egg_info
[4.103s] removing '/home/pi/finalagv_ros2_ws/install/agv/lib/python3.8/site-packages/agv-0.0.0-py3.8.egg-info' (and everything under it)
[4.109s] Copying ../../build/agv/agv.egg-info to /home/pi/finalagv_ros2_ws/install/agv/lib/python3.8/site-packages/agv-0.0.0-py3.8.egg-info
[4.115s] running install_scripts
[4.178s] Installing pub script to /home/pi/finalagv_ros2_ws/install/agv/lib/agv
[4.181s] Installing pub2 script to /home/pi/finalagv_ros2_ws/install/agv/lib/agv
[4.182s] Installing pub4 script to /home/pi/finalagv_ros2_ws/install/agv/lib/agv
[4.183s] Installing return script to /home/pi/finalagv_ros2_ws/install/agv/lib/agv
[4.184s] Installing sub script to /home/pi/finalagv_ros2_ws/install/agv/lib/agv
[4.185s] Installing sub2 script to /home/pi/finalagv_ros2_ws/install/agv/lib/agv
[4.186s] Installing tel script to /home/pi/finalagv_ros2_ws/install/agv/lib/agv
[4.187s] Installing udp script to /home/pi/finalagv_ros2_ws/install/agv/lib/agv
[4.190s] writing list of installed files to '/home/pi/finalagv_ros2_ws/build/agv/install.log'
[4.289s] Invoked command in '/home/pi/finalagv_ros2_ws/src/agv' returned '0': PYTHONPATH=/home/pi/finalagv_ros2_ws/build/agv/prefix_override:/usr/lib/python3/dist-packages/colcon_core/task/python/colcon_distutils_commands:/home/pi/finalagv_ros2_ws/install/agv/lib/python3.8/site-packages:${PYTHONPATH} /usr/bin/python3 -W ignore:setup.py install is deprecated setup.py egg_info --egg-base ../../build/agv build --build-base /home/pi/finalagv_ros2_ws/build/agv/build install --record /home/pi/finalagv_ros2_ws/build/agv/install.log --install-scripts $base/lib/agv --single-version-externally-managed install_data
