[0.175s] Invoking command in '/home/pi/nav_ws/build/agv_cartographer': CMAKE_PREFIX_PATH=${CMAKE_PREFIX_PATH}:/home/pi/nav_ws/install/agv_bringup:/opt/ros/foxy /usr/bin/cmake --build /home/pi/nav_ws/build/agv_cartographer -- -j4 -l4
[0.395s] Invoked command in '/home/pi/nav_ws/build/agv_cartographer' returned '0': CMAKE_PREFIX_PATH=${CMAKE_PREFIX_PATH}:/home/pi/nav_ws/install/agv_bringup:/opt/ros/foxy /usr/bin/cmake --build /home/pi/nav_ws/build/agv_cartographer -- -j4 -l4
[0.691s] Invoking command in '/home/pi/nav_ws/build/agv_cartographer': CMAKE_PREFIX_PATH=${CMAKE_PREFIX_PATH}:/home/pi/nav_ws/install/agv_bringup:/opt/ros/foxy /usr/bin/cmake --install /home/pi/nav_ws/build/agv_cartographer
[0.815s] -- Install configuration: ""
[0.817s] -- Up-to-date: /home/pi/nav_ws/install/agv_cartographer/share/agv_cartographer/config
[0.819s] -- Up-to-date: /home/pi/nav_ws/install/agv_cartographer/share/agv_cartographer/config/agv_lidar.lua
[0.820s] -- Up-to-date: /home/pi/nav_ws/install/agv_cartographer/share/agv_cartographer/launch
[0.821s] -- Up-to-date: /home/pi/nav_ws/install/agv_cartographer/share/agv_cartographer/launch/cartographer_rviz.launch.py
[0.826s] -- Up-to-date: /home/pi/nav_ws/install/agv_cartographer/share/agv_cartographer/launch/cartographer.launch.py
[0.829s] -- Up-to-date: /home/pi/nav_ws/install/agv_cartographer/share/agv_cartographer/launch/occupancy_grid.launch.py
[0.833s] -- Up-to-date: /home/pi/nav_ws/install/agv_cartographer/share/agv_cartographer/rviz
[0.838s] -- Up-to-date: /home/pi/nav_ws/install/agv_cartographer/share/agv_cartographer/rviz/agv_cartographer.rviz
[0.841s] -- Up-to-date: /home/pi/nav_ws/install/agv_cartographer/share/ament_index/resource_index/package_run_dependencies/agv_cartographer
[0.844s] -- Up-to-date: /home/pi/nav_ws/install/agv_cartographer/share/ament_index/resource_index/parent_prefix_path/agv_cartographer
[0.849s] -- Up-to-date: /home/pi/nav_ws/install/agv_cartographer/share/agv_cartographer/environment/ament_prefix_path.sh
[0.852s] -- Up-to-date: /home/pi/nav_ws/install/agv_cartographer/share/agv_cartographer/environment/ament_prefix_path.dsv
[0.853s] -- Up-to-date: /home/pi/nav_ws/install/agv_cartographer/share/agv_cartographer/environment/path.sh
[0.855s] -- Up-to-date: /home/pi/nav_ws/install/agv_cartographer/share/agv_cartographer/environment/path.dsv
[0.856s] -- Up-to-date: /home/pi/nav_ws/install/agv_cartographer/share/agv_cartographer/local_setup.bash
[0.859s] -- Up-to-date: /home/pi/nav_ws/install/agv_cartographer/share/agv_cartographer/local_setup.sh
[0.859s] -- Up-to-date: /home/pi/nav_ws/install/agv_cartographer/share/agv_cartographer/local_setup.zsh
[0.861s] -- Up-to-date: /home/pi/nav_ws/install/agv_cartographer/share/agv_cartographer/local_setup.dsv
[0.862s] -- Installing: /home/pi/nav_ws/install/agv_cartographer/share/agv_cartographer/package.dsv
[0.869s] -- Up-to-date: /home/pi/nav_ws/install/agv_cartographer/share/ament_index/resource_index/packages/agv_cartographer
[0.870s] -- Up-to-date: /home/pi/nav_ws/install/agv_cartographer/share/agv_cartographer/cmake/agv_cartographerConfig.cmake
[0.871s] -- Up-to-date: /home/pi/nav_ws/install/agv_cartographer/share/agv_cartographer/cmake/agv_cartographerConfig-version.cmake
[0.873s] -- Up-to-date: /home/pi/nav_ws/install/agv_cartographer/share/agv_cartographer/package.xml
[0.906s] Invoked command in '/home/pi/nav_ws/build/agv_cartographer' returned '0': CMAKE_PREFIX_PATH=${CMAKE_PREFIX_PATH}:/home/pi/nav_ws/install/agv_bringup:/opt/ros/foxy /usr/bin/cmake --install /home/pi/nav_ws/build/agv_cartographer
