[0.175s] Invoking command in '/home/pi/ydlidar_ros2_ws/build/myagv_bringup': AMENT_PREFIX_PATH=/home/pi/ydlidar_ros2_ws/install/myagv_description:${AMENT_PREFIX_PATH} CMAKE_PREFIX_PATH=/home/pi/ydlidar_ros2_ws/install/myagv_description:/opt/ros/foxy /usr/bin/cmake --build /home/pi/ydlidar_ros2_ws/build/myagv_bringup -- -j4 -l4
[0.924s] Invoked command in '/home/pi/ydlidar_ros2_ws/build/myagv_bringup' returned '0': AMENT_PREFIX_PATH=/home/pi/ydlidar_ros2_ws/install/myagv_description:${AMENT_PREFIX_PATH} CMAKE_PREFIX_PATH=/home/pi/ydlidar_ros2_ws/install/myagv_description:/opt/ros/foxy /usr/bin/cmake --build /home/pi/ydlidar_ros2_ws/build/myagv_bringup -- -j4 -l4
[1.025s] Invoking command in '/home/pi/ydlidar_ros2_ws/build/myagv_bringup': AMENT_PREFIX_PATH=/home/pi/ydlidar_ros2_ws/install/myagv_description:${AMENT_PREFIX_PATH} CMAKE_PREFIX_PATH=/home/pi/ydlidar_ros2_ws/install/myagv_description:/opt/ros/foxy /usr/bin/cmake --install /home/pi/ydlidar_ros2_ws/build/myagv_bringup
[1.083s] -- Install configuration: ""
[1.151s] -- Up-to-date: /home/pi/ydlidar_ros2_ws/install/myagv_bringup/share/myagv_bringup/launch
[1.154s] -- Up-to-date: /home/pi/ydlidar_ros2_ws/install/myagv_bringup/share/myagv_bringup/launch/myagv_state_publisher.launch.py
[1.155s] -- Up-to-date: /home/pi/ydlidar_ros2_ws/install/myagv_bringup/share/myagv_bringup/launch/myagv.launch.py
[1.219s] -- Up-to-date: /home/pi/ydlidar_ros2_ws/install/myagv_bringup/share/ament_index/resource_index/package_run_dependencies/myagv_bringup
[1.276s] -- Up-to-date: /home/pi/ydlidar_ros2_ws/install/myagv_bringup/share/ament_index/resource_index/parent_prefix_path/myagv_bringup
[1.334s] -- Up-to-date: /home/pi/ydlidar_ros2_ws/install/myagv_bringup/share/myagv_bringup/environment/ament_prefix_path.sh
[1.336s] -- Up-to-date: /home/pi/ydlidar_ros2_ws/install/myagv_bringup/share/myagv_bringup/environment/ament_prefix_path.dsv
[1.337s] -- Up-to-date: /home/pi/ydlidar_ros2_ws/install/myagv_bringup/share/myagv_bringup/environment/path.sh
[1.339s] -- Up-to-date: /home/pi/ydlidar_ros2_ws/install/myagv_bringup/share/myagv_bringup/environment/path.dsv
[1.340s] -- Up-to-date: /home/pi/ydlidar_ros2_ws/install/myagv_bringup/share/myagv_bringup/local_setup.bash
[1.342s] -- Up-to-date: /home/pi/ydlidar_ros2_ws/install/myagv_bringup/share/myagv_bringup/local_setup.sh
[1.342s] -- Up-to-date: /home/pi/ydlidar_ros2_ws/install/myagv_bringup/share/myagv_bringup/local_setup.zsh
[1.343s] -- Up-to-date: /home/pi/ydlidar_ros2_ws/install/myagv_bringup/share/myagv_bringup/local_setup.dsv
[1.343s] -- Installing: /home/pi/ydlidar_ros2_ws/install/myagv_bringup/share/myagv_bringup/package.dsv
[1.446s] -- Up-to-date: /home/pi/ydlidar_ros2_ws/install/myagv_bringup/share/ament_index/resource_index/packages/myagv_bringup
[1.448s] -- Up-to-date: /home/pi/ydlidar_ros2_ws/install/myagv_bringup/share/myagv_bringup/cmake/myagv_bringupConfig.cmake
[1.449s] -- Up-to-date: /home/pi/ydlidar_ros2_ws/install/myagv_bringup/share/myagv_bringup/cmake/myagv_bringupConfig-version.cmake
[1.450s] -- Up-to-date: /home/pi/ydlidar_ros2_ws/install/myagv_bringup/share/myagv_bringup/package.xml
[1.462s] Invoked command in '/home/pi/ydlidar_ros2_ws/build/myagv_bringup' returned '0': AMENT_PREFIX_PATH=/home/pi/ydlidar_ros2_ws/install/myagv_description:${AMENT_PREFIX_PATH} CMAKE_PREFIX_PATH=/home/pi/ydlidar_ros2_ws/install/myagv_description:/opt/ros/foxy /usr/bin/cmake --install /home/pi/ydlidar_ros2_ws/build/myagv_bringup
