[0.071s] Invoking command in '/home/pi/ydlidar_ros2_ws/build/ydlidar_ros2_driver': CMAKE_PREFIX_PATH=/opt/ros/foxy /usr/bin/cmake --build /home/pi/ydlidar_ros2_ws/build/ydlidar_ros2_driver -- -j4 -l4
[0.554s] [ 50%] Built target ydlidar_ros2_driver_node
[0.593s] [100%] Built target ydlidar_ros2_driver_client
[0.654s] Invoked command in '/home/pi/ydlidar_ros2_ws/build/ydlidar_ros2_driver' returned '0': CMAKE_PREFIX_PATH=/opt/ros/foxy /usr/bin/cmake --build /home/pi/ydlidar_ros2_ws/build/ydlidar_ros2_driver -- -j4 -l4
[0.817s] Invoking command in '/home/pi/ydlidar_ros2_ws/build/ydlidar_ros2_driver': CMAKE_PREFIX_PATH=/opt/ros/foxy /usr/bin/cmake --install /home/pi/ydlidar_ros2_ws/build/ydlidar_ros2_driver
[0.896s] -- Install configuration: ""
[0.896s] -- Up-to-date: /home/pi/ydlidar_ros2_ws/install/ydlidar_ros2_driver/lib/ydlidar_ros2_driver/ydlidar_ros2_driver_node
[0.901s] -- Up-to-date: /home/pi/ydlidar_ros2_ws/install/ydlidar_ros2_driver/lib/ydlidar_ros2_driver/ydlidar_ros2_driver_client
[0.904s] -- Up-to-date: /home/pi/ydlidar_ros2_ws/install/ydlidar_ros2_driver/share/ydlidar_ros2_driver/launch
[0.906s] -- Up-to-date: /home/pi/ydlidar_ros2_ws/install/ydlidar_ros2_driver/share/ydlidar_ros2_driver/launch/ydlidar_launch_view.py
[0.906s] -- Up-to-date: /home/pi/ydlidar_ros2_ws/install/ydlidar_ros2_driver/share/ydlidar_ros2_driver/launch/ydlidar_launch.py
[0.907s] -- Up-to-date: /home/pi/ydlidar_ros2_ws/install/ydlidar_ros2_driver/share/ydlidar_ros2_driver/launch/ydlidar.py
[0.909s] -- Up-to-date: /home/pi/ydlidar_ros2_ws/install/ydlidar_ros2_driver/share/ydlidar_ros2_driver/launch/ydlidar_cartographer.launch.py
[0.910s] -- Up-to-date: /home/pi/ydlidar_ros2_ws/install/ydlidar_ros2_driver/share/ydlidar_ros2_driver/params
[0.914s] -- Up-to-date: /home/pi/ydlidar_ros2_ws/install/ydlidar_ros2_driver/share/ydlidar_ros2_driver/params/G2.yaml
[0.917s] -- Up-to-date: /home/pi/ydlidar_ros2_ws/install/ydlidar_ros2_driver/share/ydlidar_ros2_driver/params/X4.yaml
[0.922s] -- Up-to-date: /home/pi/ydlidar_ros2_ws/install/ydlidar_ros2_driver/share/ydlidar_ros2_driver/params/GS2.yaml
[0.927s] -- Up-to-date: /home/pi/ydlidar_ros2_ws/install/ydlidar_ros2_driver/share/ydlidar_ros2_driver/params/G1.yaml
[0.928s] -- Up-to-date: /home/pi/ydlidar_ros2_ws/install/ydlidar_ros2_driver/share/ydlidar_ros2_driver/params/TG.yaml
[0.929s] -- Up-to-date: /home/pi/ydlidar_ros2_ws/install/ydlidar_ros2_driver/share/ydlidar_ros2_driver/params/old.yaml
[0.930s] -- Up-to-date: /home/pi/ydlidar_ros2_ws/install/ydlidar_ros2_driver/share/ydlidar_ros2_driver/params/G6.yaml
[0.931s] -- Up-to-date: /home/pi/ydlidar_ros2_ws/install/ydlidar_ros2_driver/share/ydlidar_ros2_driver/params/TminiPro.yaml
[0.933s] -- Up-to-date: /home/pi/ydlidar_ros2_ws/install/ydlidar_ros2_driver/share/ydlidar_ros2_driver/params/X4-Pro.yaml
[0.934s] -- Up-to-date: /home/pi/ydlidar_ros2_ws/install/ydlidar_ros2_driver/share/ydlidar_ros2_driver/params/TEA.yaml
[0.934s] -- Up-to-date: /home/pi/ydlidar_ros2_ws/install/ydlidar_ros2_driver/share/ydlidar_ros2_driver/params/ydlidar.yaml
[0.935s] -- Up-to-date: /home/pi/ydlidar_ros2_ws/install/ydlidar_ros2_driver/share/ydlidar_ros2_driver/startup
[0.936s] -- Up-to-date: /home/pi/ydlidar_ros2_ws/install/ydlidar_ros2_driver/share/ydlidar_ros2_driver/startup/initenv.sh
[0.943s] -- Up-to-date: /home/pi/ydlidar_ros2_ws/install/ydlidar_ros2_driver/share/ydlidar_ros2_driver/config
[0.944s] -- Up-to-date: /home/pi/ydlidar_ros2_ws/install/ydlidar_ros2_driver/share/ydlidar_ros2_driver/config/ydlidar_cartographer.rviz
[0.946s] -- Up-to-date: /home/pi/ydlidar_ros2_ws/install/ydlidar_ros2_driver/share/ydlidar_ros2_driver/config/ydlidar.rviz
[0.947s] -- Up-to-date: /home/pi/ydlidar_ros2_ws/install/ydlidar_ros2_driver/share/ydlidar_ros2_driver/config/ydlidar_cartographer.lua
[0.948s] -- Up-to-date: /home/pi/ydlidar_ros2_ws/install/ydlidar_ros2_driver/share/ament_index/resource_index/package_run_dependencies/ydlidar_ros2_driver
[0.950s] -- Up-to-date: /home/pi/ydlidar_ros2_ws/install/ydlidar_ros2_driver/share/ament_index/resource_index/parent_prefix_path/ydlidar_ros2_driver
[0.952s] -- Up-to-date: /home/pi/ydlidar_ros2_ws/install/ydlidar_ros2_driver/share/ydlidar_ros2_driver/environment/ament_prefix_path.sh
[0.954s] -- Up-to-date: /home/pi/ydlidar_ros2_ws/install/ydlidar_ros2_driver/share/ydlidar_ros2_driver/environment/ament_prefix_path.dsv
[0.956s] -- Up-to-date: /home/pi/ydlidar_ros2_ws/install/ydlidar_ros2_driver/share/ydlidar_ros2_driver/environment/path.sh
[0.959s] -- Up-to-date: /home/pi/ydlidar_ros2_ws/install/ydlidar_ros2_driver/share/ydlidar_ros2_driver/environment/path.dsv
[0.960s] -- Up-to-date: /home/pi/ydlidar_ros2_ws/install/ydlidar_ros2_driver/share/ydlidar_ros2_driver/local_setup.bash
[0.961s] -- Up-to-date: /home/pi/ydlidar_ros2_ws/install/ydlidar_ros2_driver/share/ydlidar_ros2_driver/local_setup.sh
[0.962s] -- Up-to-date: /home/pi/ydlidar_ros2_ws/install/ydlidar_ros2_driver/share/ydlidar_ros2_driver/local_setup.zsh
[0.964s] -- Up-to-date: /home/pi/ydlidar_ros2_ws/install/ydlidar_ros2_driver/share/ydlidar_ros2_driver/local_setup.dsv
[0.965s] -- Installing: /home/pi/ydlidar_ros2_ws/install/ydlidar_ros2_driver/share/ydlidar_ros2_driver/package.dsv
[0.966s] -- Up-to-date: /home/pi/ydlidar_ros2_ws/install/ydlidar_ros2_driver/share/ament_index/resource_index/packages/ydlidar_ros2_driver
[0.968s] -- Up-to-date: /home/pi/ydlidar_ros2_ws/install/ydlidar_ros2_driver/share/ydlidar_ros2_driver/cmake/ydlidar_ros2_driverConfig.cmake
[0.969s] -- Up-to-date: /home/pi/ydlidar_ros2_ws/install/ydlidar_ros2_driver/share/ydlidar_ros2_driver/cmake/ydlidar_ros2_driverConfig-version.cmake
[0.969s] -- Up-to-date: /home/pi/ydlidar_ros2_ws/install/ydlidar_ros2_driver/share/ydlidar_ros2_driver/package.xml
[0.996s] Invoked command in '/home/pi/ydlidar_ros2_ws/build/ydlidar_ros2_driver' returned '0': CMAKE_PREFIX_PATH=/opt/ros/foxy /usr/bin/cmake --install /home/pi/ydlidar_ros2_ws/build/ydlidar_ros2_driver
