[2.558s] Invoking command in '/home/pi/finalagv_ros2_ws/src/agv': PYTHONPATH=/home/pi/finalagv_ros2_ws/build/agv/prefix_override:/usr/lib/python3/dist-packages/colcon_core/task/python/colcon_distutils_commands:/home/pi/finalagv_ros2_ws/install/agv/lib/python3.8/site-packages:${PYTHONPATH} /usr/bin/python3 -W ignore:setup.py install is deprecated setup.py egg_info --egg-base ../../build/agv build --build-base /home/pi/finalagv_ros2_ws/build/agv/build install --record /home/pi/finalagv_ros2_ws/build/agv/install.log --install-scripts $base/lib/agv --single-version-externally-managed install_data
[3.419s] running egg_info
[3.421s] writing ../../build/agv/agv.egg-info/PKG-INFO
[3.424s] writing dependency_links to ../../build/agv/agv.egg-info/dependency_links.txt
[3.425s] writing entry points to ../../build/agv/agv.egg-info/entry_points.txt
[3.426s] writing requirements to ../../build/agv/agv.egg-info/requires.txt
[3.426s] writing top-level names to ../../build/agv/agv.egg-info/top_level.txt
[3.554s] reading manifest file '../../build/agv/agv.egg-info/SOURCES.txt'
[3.558s] writing manifest file '../../build/agv/agv.egg-info/SOURCES.txt'
[3.558s] running build
[3.559s] running build_py
[3.564s] running install
[3.567s] running install_lib
[3.576s] running install_data
[3.579s] running install_egg_info
[3.586s] removing '/home/pi/finalagv_ros2_ws/install/agv/lib/python3.8/site-packages/agv-0.0.0-py3.8.egg-info' (and everything under it)
[3.587s] Copying ../../build/agv/agv.egg-info to /home/pi/finalagv_ros2_ws/install/agv/lib/python3.8/site-packages/agv-0.0.0-py3.8.egg-info
[3.592s] running install_scripts
[3.654s] Installing pub script to /home/pi/finalagv_ros2_ws/install/agv/lib/agv
[3.655s] Installing pub2 script to /home/pi/finalagv_ros2_ws/install/agv/lib/agv
[3.656s] Installing pub4 script to /home/pi/finalagv_ros2_ws/install/agv/lib/agv
[3.656s] Installing return script to /home/pi/finalagv_ros2_ws/install/agv/lib/agv
[3.657s] Installing sub script to /home/pi/finalagv_ros2_ws/install/agv/lib/agv
[3.658s] Installing sub2 script to /home/pi/finalagv_ros2_ws/install/agv/lib/agv
[3.659s] Installing tel script to /home/pi/finalagv_ros2_ws/install/agv/lib/agv
[3.659s] Installing udp script to /home/pi/finalagv_ros2_ws/install/agv/lib/agv
[3.662s] writing list of installed files to '/home/pi/finalagv_ros2_ws/build/agv/install.log'
[3.757s] Invoked command in '/home/pi/finalagv_ros2_ws/src/agv' returned '0': PYTHONPATH=/home/pi/finalagv_ros2_ws/build/agv/prefix_override:/usr/lib/python3/dist-packages/colcon_core/task/python/colcon_distutils_commands:/home/pi/finalagv_ros2_ws/install/agv/lib/python3.8/site-packages:${PYTHONPATH} /usr/bin/python3 -W ignore:setup.py install is deprecated setup.py egg_info --egg-base ../../build/agv build --build-base /home/pi/finalagv_ros2_ws/build/agv/build install --record /home/pi/finalagv_ros2_ws/build/agv/install.log --install-scripts $base/lib/agv --single-version-externally-managed install_data
