[2.650s] Invoking command in '/home/pi/finalagv_ros2_ws/src/agv': PYTHONPATH=/home/pi/finalagv_ros2_ws/build/agv/prefix_override:/usr/lib/python3/dist-packages/colcon_core/task/python/colcon_distutils_commands:/home/pi/finalagv_ros2_ws/install/agv/lib/python3.8/site-packages:${PYTHONPATH} /usr/bin/python3 -W ignore:setup.py install is deprecated setup.py egg_info --egg-base ../../build/agv build --build-base /home/pi/finalagv_ros2_ws/build/agv/build install --record /home/pi/finalagv_ros2_ws/build/agv/install.log --install-scripts $base/lib/agv --single-version-externally-managed install_data
[3.548s] running egg_info
[3.550s] writing ../../build/agv/agv.egg-info/PKG-INFO
[3.552s] writing dependency_links to ../../build/agv/agv.egg-info/dependency_links.txt
[3.553s] writing entry points to ../../build/agv/agv.egg-info/entry_points.txt
[3.554s] writing requirements to ../../build/agv/agv.egg-info/requires.txt
[3.554s] writing top-level names to ../../build/agv/agv.egg-info/top_level.txt
[3.688s] reading manifest file '../../build/agv/agv.egg-info/SOURCES.txt'
[3.691s] writing manifest file '../../build/agv/agv.egg-info/SOURCES.txt'
[3.692s] running build
[3.692s] running build_py
[3.693s] copying agv/sub.py -> /home/pi/finalagv_ros2_ws/build/agv/build/lib/agv
[3.694s] running install
[3.697s] running install_lib
[3.701s] copying /home/pi/finalagv_ros2_ws/build/agv/build/lib/agv/sub.py -> /home/pi/finalagv_ros2_ws/install/agv/lib/python3.8/site-packages/agv
[3.704s] byte-compiling /home/pi/finalagv_ros2_ws/install/agv/lib/python3.8/site-packages/agv/sub.py to sub.cpython-38.pyc
[3.712s] running install_data
[3.712s] running install_egg_info
[3.718s] removing '/home/pi/finalagv_ros2_ws/install/agv/lib/python3.8/site-packages/agv-0.0.0-py3.8.egg-info' (and everything under it)
[3.720s] Copying ../../build/agv/agv.egg-info to /home/pi/finalagv_ros2_ws/install/agv/lib/python3.8/site-packages/agv-0.0.0-py3.8.egg-info
[3.724s] running install_scripts
[3.792s] Installing pub script to /home/pi/finalagv_ros2_ws/install/agv/lib/agv
[3.792s] Installing sub script to /home/pi/finalagv_ros2_ws/install/agv/lib/agv
[3.793s] Installing tel script to /home/pi/finalagv_ros2_ws/install/agv/lib/agv
[3.794s] writing list of installed files to '/home/pi/finalagv_ros2_ws/build/agv/install.log'
[3.892s] Invoked command in '/home/pi/finalagv_ros2_ws/src/agv' returned '0': PYTHONPATH=/home/pi/finalagv_ros2_ws/build/agv/prefix_override:/usr/lib/python3/dist-packages/colcon_core/task/python/colcon_distutils_commands:/home/pi/finalagv_ros2_ws/install/agv/lib/python3.8/site-packages:${PYTHONPATH} /usr/bin/python3 -W ignore:setup.py install is deprecated setup.py egg_info --egg-base ../../build/agv build --build-base /home/pi/finalagv_ros2_ws/build/agv/build install --record /home/pi/finalagv_ros2_ws/build/agv/install.log --install-scripts $base/lib/agv --single-version-externally-managed install_data
