[3.196s] Invoking command in '/home/pi/finalagv_ros2_ws/src/agv': PYTHONPATH=/home/pi/finalagv_ros2_ws/build/agv/prefix_override:/usr/lib/python3/dist-packages/colcon_core/task/python/colcon_distutils_commands:/home/pi/finalagv_ros2_ws/install/agv/lib/python3.8/site-packages:${PYTHONPATH} /usr/bin/python3 -W ignore:setup.py install is deprecated setup.py egg_info --egg-base ../../build/agv build --build-base /home/pi/finalagv_ros2_ws/build/agv/build install --record /home/pi/finalagv_ros2_ws/build/agv/install.log --install-scripts $base/lib/agv --single-version-externally-managed install_data
[4.171s] running egg_info
[4.173s] writing ../../build/agv/agv.egg-info/PKG-INFO
[4.176s] writing dependency_links to ../../build/agv/agv.egg-info/dependency_links.txt
[4.177s] writing entry points to ../../build/agv/agv.egg-info/entry_points.txt
[4.178s] writing requirements to ../../build/agv/agv.egg-info/requires.txt
[4.178s] writing top-level names to ../../build/agv/agv.egg-info/top_level.txt
[4.316s] reading manifest file '../../build/agv/agv.egg-info/SOURCES.txt'
[4.320s] writing manifest file '../../build/agv/agv.egg-info/SOURCES.txt'
[4.321s] running build
[4.321s] running build_py
[4.322s] copying agv/sub2.py -> /home/pi/finalagv_ros2_ws/build/agv/build/lib/agv
[4.331s] running install
[4.334s] running install_lib
[4.340s] copying /home/pi/finalagv_ros2_ws/build/agv/build/lib/agv/sub2.py -> /home/pi/finalagv_ros2_ws/install/agv/lib/python3.8/site-packages/agv
[4.347s] byte-compiling /home/pi/finalagv_ros2_ws/install/agv/lib/python3.8/site-packages/agv/sub2.py to sub2.cpython-38.pyc
[4.355s] running install_data
[4.361s] running install_egg_info
[4.368s] removing '/home/pi/finalagv_ros2_ws/install/agv/lib/python3.8/site-packages/agv-0.0.0-py3.8.egg-info' (and everything under it)
[4.371s] Copying ../../build/agv/agv.egg-info to /home/pi/finalagv_ros2_ws/install/agv/lib/python3.8/site-packages/agv-0.0.0-py3.8.egg-info
[4.379s] running install_scripts
[4.458s] Installing pub script to /home/pi/finalagv_ros2_ws/install/agv/lib/agv
[4.461s] Installing pub2 script to /home/pi/finalagv_ros2_ws/install/agv/lib/agv
[4.461s] Installing pub4 script to /home/pi/finalagv_ros2_ws/install/agv/lib/agv
[4.462s] Installing return script to /home/pi/finalagv_ros2_ws/install/agv/lib/agv
[4.463s] Installing sub script to /home/pi/finalagv_ros2_ws/install/agv/lib/agv
[4.464s] Installing sub2 script to /home/pi/finalagv_ros2_ws/install/agv/lib/agv
[4.465s] Installing tel script to /home/pi/finalagv_ros2_ws/install/agv/lib/agv
[4.465s] Installing udp script to /home/pi/finalagv_ros2_ws/install/agv/lib/agv
[4.468s] writing list of installed files to '/home/pi/finalagv_ros2_ws/build/agv/install.log'
[4.569s] Invoked command in '/home/pi/finalagv_ros2_ws/src/agv' returned '0': PYTHONPATH=/home/pi/finalagv_ros2_ws/build/agv/prefix_override:/usr/lib/python3/dist-packages/colcon_core/task/python/colcon_distutils_commands:/home/pi/finalagv_ros2_ws/install/agv/lib/python3.8/site-packages:${PYTHONPATH} /usr/bin/python3 -W ignore:setup.py install is deprecated setup.py egg_info --egg-base ../../build/agv build --build-base /home/pi/finalagv_ros2_ws/build/agv/build install --record /home/pi/finalagv_ros2_ws/build/agv/install.log --install-scripts $base/lib/agv --single-version-externally-managed install_data
