[4.711s] Invoking command in '/home/pi/finalagv_ros2_ws/src/agv': PYTHONPATH=/home/pi/finalagv_ros2_ws/build/agv/prefix_override:/usr/lib/python3/dist-packages/colcon_core/task/python/colcon_distutils_commands:/home/pi/finalagv_ros2_ws/install/agv/lib/python3.8/site-packages:${PYTHONPATH} /usr/bin/python3 -W ignore:setup.py install is deprecated setup.py egg_info --egg-base ../../build/agv build --build-base /home/pi/finalagv_ros2_ws/build/agv/build install --record /home/pi/finalagv_ros2_ws/build/agv/install.log --install-scripts $base/lib/agv --single-version-externally-managed install_data
[5.581s] running egg_info
[5.583s] writing ../../build/agv/agv.egg-info/PKG-INFO
[5.587s] writing dependency_links to ../../build/agv/agv.egg-info/dependency_links.txt
[5.588s] writing entry points to ../../build/agv/agv.egg-info/entry_points.txt
[5.589s] writing requirements to ../../build/agv/agv.egg-info/requires.txt
[5.589s] writing top-level names to ../../build/agv/agv.egg-info/top_level.txt
[5.724s] reading manifest file '../../build/agv/agv.egg-info/SOURCES.txt'
[5.728s] writing manifest file '../../build/agv/agv.egg-info/SOURCES.txt'
[5.728s] running build
[5.729s] running build_py
[5.732s] running install
[5.735s] running install_lib
[5.743s] running install_data
[5.749s] running install_egg_info
[5.756s] removing '/home/pi/finalagv_ros2_ws/install/agv/lib/python3.8/site-packages/agv-0.0.0-py3.8.egg-info' (and everything under it)
[5.758s] Copying ../../build/agv/agv.egg-info to /home/pi/finalagv_ros2_ws/install/agv/lib/python3.8/site-packages/agv-0.0.0-py3.8.egg-info
[5.764s] running install_scripts
[5.827s] Installing pub script to /home/pi/finalagv_ros2_ws/install/agv/lib/agv
[5.828s] Installing sub script to /home/pi/finalagv_ros2_ws/install/agv/lib/agv
[5.829s] Installing tel script to /home/pi/finalagv_ros2_ws/install/agv/lib/agv
[5.830s] Installing udp script to /home/pi/finalagv_ros2_ws/install/agv/lib/agv
[5.832s] writing list of installed files to '/home/pi/finalagv_ros2_ws/build/agv/install.log'
[5.927s] Invoked command in '/home/pi/finalagv_ros2_ws/src/agv' returned '0': PYTHONPATH=/home/pi/finalagv_ros2_ws/build/agv/prefix_override:/usr/lib/python3/dist-packages/colcon_core/task/python/colcon_distutils_commands:/home/pi/finalagv_ros2_ws/install/agv/lib/python3.8/site-packages:${PYTHONPATH} /usr/bin/python3 -W ignore:setup.py install is deprecated setup.py egg_info --egg-base ../../build/agv build --build-base /home/pi/finalagv_ros2_ws/build/agv/build install --record /home/pi/finalagv_ros2_ws/build/agv/install.log --install-scripts $base/lib/agv --single-version-externally-managed install_data
