[0.111s] Invoking command in '/home/pi/ydlidar_ros2_ws/build/myagv_bringup': AMENT_PREFIX_PATH=/home/pi/ydlidar_ros2_ws/install/myagv_description:${AMENT_PREFIX_PATH} CMAKE_PREFIX_PATH=/home/pi/ydlidar_ros2_ws/install/myagv_description:/home/pi/nav_ws/install/ydlidar_ros2_driver:/home/pi/nav_ws/install/agv:/home/pi/nav_ws/install/agv_navigation2:/home/pi/nav_ws/install/agv_interfaces:/home/pi/nav_ws/install/agv_description:/home/pi/nav_ws/install/agv_cartographer:/home/pi/nav_ws/install/agv_bringup:/opt/ros/foxy /usr/bin/cmake --build /home/pi/ydlidar_ros2_ws/build/myagv_bringup -- -j4 -l4
[0.348s] Invoked command in '/home/pi/ydlidar_ros2_ws/build/myagv_bringup' returned '0': AMENT_PREFIX_PATH=/home/pi/ydlidar_ros2_ws/install/myagv_description:${AMENT_PREFIX_PATH} CMAKE_PREFIX_PATH=/home/pi/ydlidar_ros2_ws/install/myagv_description:/home/pi/nav_ws/install/ydlidar_ros2_driver:/home/pi/nav_ws/install/agv:/home/pi/nav_ws/install/agv_navigation2:/home/pi/nav_ws/install/agv_interfaces:/home/pi/nav_ws/install/agv_description:/home/pi/nav_ws/install/agv_cartographer:/home/pi/nav_ws/install/agv_bringup:/opt/ros/foxy /usr/bin/cmake --build /home/pi/ydlidar_ros2_ws/build/myagv_bringup -- -j4 -l4
[0.481s] Invoking command in '/home/pi/ydlidar_ros2_ws/build/myagv_bringup': AMENT_PREFIX_PATH=/home/pi/ydlidar_ros2_ws/install/myagv_description:${AMENT_PREFIX_PATH} CMAKE_PREFIX_PATH=/home/pi/ydlidar_ros2_ws/install/myagv_description:/home/pi/nav_ws/install/ydlidar_ros2_driver:/home/pi/nav_ws/install/agv:/home/pi/nav_ws/install/agv_navigation2:/home/pi/nav_ws/install/agv_interfaces:/home/pi/nav_ws/install/agv_description:/home/pi/nav_ws/install/agv_cartographer:/home/pi/nav_ws/install/agv_bringup:/opt/ros/foxy /usr/bin/cmake --install /home/pi/ydlidar_ros2_ws/build/myagv_bringup
[0.542s] -- Install configuration: ""
[0.546s] -- Up-to-date: /home/pi/ydlidar_ros2_ws/install/myagv_bringup/share/myagv_bringup/launch
[0.549s] -- Up-to-date: /home/pi/ydlidar_ros2_ws/install/myagv_bringup/share/myagv_bringup/launch/myagv_state_publisher.launch.py
[0.551s] -- Up-to-date: /home/pi/ydlidar_ros2_ws/install/myagv_bringup/share/myagv_bringup/launch/myagv.launch.py
[0.554s] -- Up-to-date: /home/pi/ydlidar_ros2_ws/install/myagv_bringup/share/ament_index/resource_index/package_run_dependencies/myagv_bringup
[0.557s] -- Up-to-date: /home/pi/ydlidar_ros2_ws/install/myagv_bringup/share/ament_index/resource_index/parent_prefix_path/myagv_bringup
[0.559s] -- Up-to-date: /home/pi/ydlidar_ros2_ws/install/myagv_bringup/share/myagv_bringup/environment/ament_prefix_path.sh
[0.561s] -- Up-to-date: /home/pi/ydlidar_ros2_ws/install/myagv_bringup/share/myagv_bringup/environment/ament_prefix_path.dsv
[0.563s] -- Up-to-date: /home/pi/ydlidar_ros2_ws/install/myagv_bringup/share/myagv_bringup/environment/path.sh
[0.567s] -- Up-to-date: /home/pi/ydlidar_ros2_ws/install/myagv_bringup/share/myagv_bringup/environment/path.dsv
[0.569s] -- Up-to-date: /home/pi/ydlidar_ros2_ws/install/myagv_bringup/share/myagv_bringup/local_setup.bash
[0.573s] -- Up-to-date: /home/pi/ydlidar_ros2_ws/install/myagv_bringup/share/myagv_bringup/local_setup.sh
[0.576s] -- Up-to-date: /home/pi/ydlidar_ros2_ws/install/myagv_bringup/share/myagv_bringup/local_setup.zsh
[0.580s] -- Up-to-date: /home/pi/ydlidar_ros2_ws/install/myagv_bringup/share/myagv_bringup/local_setup.dsv
[0.583s] -- Installing: /home/pi/ydlidar_ros2_ws/install/myagv_bringup/share/myagv_bringup/package.dsv
[0.590s] -- Up-to-date: /home/pi/ydlidar_ros2_ws/install/myagv_bringup/share/ament_index/resource_index/packages/myagv_bringup
[0.593s] -- Up-to-date: /home/pi/ydlidar_ros2_ws/install/myagv_bringup/share/myagv_bringup/cmake/myagv_bringupConfig.cmake
[0.596s] -- Up-to-date: /home/pi/ydlidar_ros2_ws/install/myagv_bringup/share/myagv_bringup/cmake/myagv_bringupConfig-version.cmake
[0.599s] -- Up-to-date: /home/pi/ydlidar_ros2_ws/install/myagv_bringup/share/myagv_bringup/package.xml
[0.614s] Invoked command in '/home/pi/ydlidar_ros2_ws/build/myagv_bringup' returned '0': AMENT_PREFIX_PATH=/home/pi/ydlidar_ros2_ws/install/myagv_description:${AMENT_PREFIX_PATH} CMAKE_PREFIX_PATH=/home/pi/ydlidar_ros2_ws/install/myagv_description:/home/pi/nav_ws/install/ydlidar_ros2_driver:/home/pi/nav_ws/install/agv:/home/pi/nav_ws/install/agv_navigation2:/home/pi/nav_ws/install/agv_interfaces:/home/pi/nav_ws/install/agv_description:/home/pi/nav_ws/install/agv_cartographer:/home/pi/nav_ws/install/agv_bringup:/opt/ros/foxy /usr/bin/cmake --install /home/pi/ydlidar_ros2_ws/build/myagv_bringup
