running egg_info
writing ../../build/agv_bringup/agv_bringup.egg-info/PKG-INFO
writing dependency_links to ../../build/agv_bringup/agv_bringup.egg-info/dependency_links.txt
writing entry points to ../../build/agv_bringup/agv_bringup.egg-info/entry_points.txt
writing requirements to ../../build/agv_bringup/agv_bringup.egg-info/requires.txt
writing top-level names to ../../build/agv_bringup/agv_bringup.egg-info/top_level.txt
reading manifest file '../../build/agv_bringup/agv_bringup.egg-info/SOURCES.txt'
writing manifest file '../../build/agv_bringup/agv_bringup.egg-info/SOURCES.txt'
running build
running build_py
running install
running install_lib
running install_data
running install_egg_info
removing '/home/pi/nav_ws/install/agv_bringup/lib/python3.8/site-packages/agv_bringup-0.0.1-py3.8.egg-info' (and everything under it)
Copying ../../build/agv_bringup/agv_bringup.egg-info to /home/pi/nav_ws/install/agv_bringup/lib/python3.8/site-packages/agv_bringup-0.0.1-py3.8.egg-info
running install_scripts
Installing agv_mcu_node script to /home/pi/nav_ws/install/agv_bringup/lib/omo_r1mini_bringup
Installing agv_motor_setting_node script to /home/pi/nav_ws/install/agv_bringup/lib/omo_r1mini_bringup
writing list of installed files to '/home/pi/nav_ws/build/agv_bringup/install.log'
