[4.893s] Invoking command in '/home/pi/ydlidar_ros2_ws/src/jdamr200_teleop': PYTHONPATH=/home/pi/ydlidar_ros2_ws/build/jdamr200_teleop/prefix_override:/usr/lib/python3/dist-packages/colcon_core/task/python/colcon_distutils_commands:/home/pi/ydlidar_ros2_ws/install/jdamr200_teleop/lib/python3.8/site-packages:${PYTHONPATH} /usr/bin/python3 -W ignore:setup.py install is deprecated setup.py egg_info --egg-base ../../build/jdamr200_teleop build --build-base /home/pi/ydlidar_ros2_ws/build/jdamr200_teleop/build install --record /home/pi/ydlidar_ros2_ws/build/jdamr200_teleop/install.log --single-version-externally-managed install_data
[5.909s] running egg_info
[5.911s] writing ../../build/jdamr200_teleop/jdamr200_teleop.egg-info/PKG-INFO
[5.914s] writing dependency_links to ../../build/jdamr200_teleop/jdamr200_teleop.egg-info/dependency_links.txt
[5.915s] writing entry points to ../../build/jdamr200_teleop/jdamr200_teleop.egg-info/entry_points.txt
[5.916s] writing requirements to ../../build/jdamr200_teleop/jdamr200_teleop.egg-info/requires.txt
[5.917s] writing top-level names to ../../build/jdamr200_teleop/jdamr200_teleop.egg-info/top_level.txt
[6.059s] reading manifest file '../../build/jdamr200_teleop/jdamr200_teleop.egg-info/SOURCES.txt'
[6.064s] writing manifest file '../../build/jdamr200_teleop/jdamr200_teleop.egg-info/SOURCES.txt'
[6.064s] running build
[6.065s] running build_py
[6.067s] running install
[6.070s] running install_lib
[6.078s] running install_data
[6.081s] running install_egg_info
[6.089s] removing '/home/pi/ydlidar_ros2_ws/install/jdamr200_teleop/lib/python3.8/site-packages/jdamr200_teleop-0.0.0-py3.8.egg-info' (and everything under it)
[6.090s] Copying ../../build/jdamr200_teleop/jdamr200_teleop.egg-info to /home/pi/ydlidar_ros2_ws/install/jdamr200_teleop/lib/python3.8/site-packages/jdamr200_teleop-0.0.0-py3.8.egg-info
[6.097s] running install_scripts
[6.169s] Installing jdamr_teleop script to /home/pi/ydlidar_ros2_ws/install/jdamr200_teleop/lib/jdamr200_teleop
[6.171s] writing list of installed files to '/home/pi/ydlidar_ros2_ws/build/jdamr200_teleop/install.log'
[6.316s] Invoked command in '/home/pi/ydlidar_ros2_ws/src/jdamr200_teleop' returned '0': PYTHONPATH=/home/pi/ydlidar_ros2_ws/build/jdamr200_teleop/prefix_override:/usr/lib/python3/dist-packages/colcon_core/task/python/colcon_distutils_commands:/home/pi/ydlidar_ros2_ws/install/jdamr200_teleop/lib/python3.8/site-packages:${PYTHONPATH} /usr/bin/python3 -W ignore:setup.py install is deprecated setup.py egg_info --egg-base ../../build/jdamr200_teleop build --build-base /home/pi/ydlidar_ros2_ws/build/jdamr200_teleop/build install --record /home/pi/ydlidar_ros2_ws/build/jdamr200_teleop/install.log --single-version-externally-managed install_data
