[2.791s] Invoking command in '/home/pi/finalagv_ros2_ws/src/agv': PYTHONPATH=/home/pi/finalagv_ros2_ws/build/agv/prefix_override:/usr/lib/python3/dist-packages/colcon_core/task/python/colcon_distutils_commands:/home/pi/finalagv_ros2_ws/install/agv/lib/python3.8/site-packages:${PYTHONPATH} /usr/bin/python3 -W ignore:setup.py install is deprecated setup.py egg_info --egg-base ../../build/agv build --build-base /home/pi/finalagv_ros2_ws/build/agv/build install --record /home/pi/finalagv_ros2_ws/build/agv/install.log --install-scripts $base/lib/agv --single-version-externally-managed install_data
[3.708s] running egg_info
[3.709s] writing ../../build/agv/agv.egg-info/PKG-INFO
[3.710s] writing dependency_links to ../../build/agv/agv.egg-info/dependency_links.txt
[3.711s] writing entry points to ../../build/agv/agv.egg-info/entry_points.txt
[3.712s] writing requirements to ../../build/agv/agv.egg-info/requires.txt
[3.713s] writing top-level names to ../../build/agv/agv.egg-info/top_level.txt
[3.846s] reading manifest file '../../build/agv/agv.egg-info/SOURCES.txt'
[3.850s] writing manifest file '../../build/agv/agv.egg-info/SOURCES.txt'
[3.851s] running build
[3.851s] running build_py
[3.855s] running install
[3.859s] running install_lib
[3.867s] running install_data
[3.868s] running install_egg_info
[3.875s] removing '/home/pi/finalagv_ros2_ws/install/agv/lib/python3.8/site-packages/agv-0.0.0-py3.8.egg-info' (and everything under it)
[3.877s] Copying ../../build/agv/agv.egg-info to /home/pi/finalagv_ros2_ws/install/agv/lib/python3.8/site-packages/agv-0.0.0-py3.8.egg-info
[3.887s] running install_scripts
[3.951s] Installing pub script to /home/pi/finalagv_ros2_ws/install/agv/lib/agv
[3.951s] Installing pub2 script to /home/pi/finalagv_ros2_ws/install/agv/lib/agv
[3.952s] Installing pub4 script to /home/pi/finalagv_ros2_ws/install/agv/lib/agv
[3.953s] Installing return script to /home/pi/finalagv_ros2_ws/install/agv/lib/agv
[3.954s] Installing sub script to /home/pi/finalagv_ros2_ws/install/agv/lib/agv
[3.955s] Installing sub2 script to /home/pi/finalagv_ros2_ws/install/agv/lib/agv
[3.955s] Installing tel script to /home/pi/finalagv_ros2_ws/install/agv/lib/agv
[3.956s] Installing udp script to /home/pi/finalagv_ros2_ws/install/agv/lib/agv
[3.958s] writing list of installed files to '/home/pi/finalagv_ros2_ws/build/agv/install.log'
[4.055s] Invoked command in '/home/pi/finalagv_ros2_ws/src/agv' returned '0': PYTHONPATH=/home/pi/finalagv_ros2_ws/build/agv/prefix_override:/usr/lib/python3/dist-packages/colcon_core/task/python/colcon_distutils_commands:/home/pi/finalagv_ros2_ws/install/agv/lib/python3.8/site-packages:${PYTHONPATH} /usr/bin/python3 -W ignore:setup.py install is deprecated setup.py egg_info --egg-base ../../build/agv build --build-base /home/pi/finalagv_ros2_ws/build/agv/build install --record /home/pi/finalagv_ros2_ws/build/agv/install.log --install-scripts $base/lib/agv --single-version-externally-managed install_data
