[3.334s] Invoking command in '/home/pi/finalagv_ros2_ws/src/agv': PYTHONPATH=/home/pi/finalagv_ros2_ws/build/agv/prefix_override:/usr/lib/python3/dist-packages/colcon_core/task/python/colcon_distutils_commands:/home/pi/finalagv_ros2_ws/install/agv/lib/python3.8/site-packages:${PYTHONPATH} /usr/bin/python3 -W ignore:setup.py install is deprecated setup.py egg_info --egg-base ../../build/agv build --build-base /home/pi/finalagv_ros2_ws/build/agv/build install --record /home/pi/finalagv_ros2_ws/build/agv/install.log --install-scripts $base/lib/agv --single-version-externally-managed install_data
[4.492s] running egg_info
[4.495s] writing ../../build/agv/agv.egg-info/PKG-INFO
[4.500s] writing dependency_links to ../../build/agv/agv.egg-info/dependency_links.txt
[4.501s] writing entry points to ../../build/agv/agv.egg-info/entry_points.txt
[4.501s] writing requirements to ../../build/agv/agv.egg-info/requires.txt
[4.502s] writing top-level names to ../../build/agv/agv.egg-info/top_level.txt
[4.662s] reading manifest file '../../build/agv/agv.egg-info/SOURCES.txt'
[4.668s] writing manifest file '../../build/agv/agv.egg-info/SOURCES.txt'
[4.669s] running build
[4.670s] running build_py
[4.679s] copying agv/pub2.py -> /home/pi/finalagv_ros2_ws/build/agv/build/lib/agv
[4.680s] running install
[4.682s] running install_lib
[4.687s] copying /home/pi/finalagv_ros2_ws/build/agv/build/lib/agv/pub2.py -> /home/pi/finalagv_ros2_ws/install/agv/lib/python3.8/site-packages/agv
[4.692s] byte-compiling /home/pi/finalagv_ros2_ws/install/agv/lib/python3.8/site-packages/agv/pub2.py to pub2.cpython-38.pyc
[4.704s] running install_data
[4.710s] running install_egg_info
[4.718s] removing '/home/pi/finalagv_ros2_ws/install/agv/lib/python3.8/site-packages/agv-0.0.0-py3.8.egg-info' (and everything under it)
[4.720s] Copying ../../build/agv/agv.egg-info to /home/pi/finalagv_ros2_ws/install/agv/lib/python3.8/site-packages/agv-0.0.0-py3.8.egg-info
[4.726s] running install_scripts
[4.791s] Installing pub script to /home/pi/finalagv_ros2_ws/install/agv/lib/agv
[4.792s] Installing pub2 script to /home/pi/finalagv_ros2_ws/install/agv/lib/agv
[4.793s] Installing sub script to /home/pi/finalagv_ros2_ws/install/agv/lib/agv
[4.794s] Installing sub2 script to /home/pi/finalagv_ros2_ws/install/agv/lib/agv
[4.795s] Installing tel script to /home/pi/finalagv_ros2_ws/install/agv/lib/agv
[4.796s] Installing udp script to /home/pi/finalagv_ros2_ws/install/agv/lib/agv
[4.798s] writing list of installed files to '/home/pi/finalagv_ros2_ws/build/agv/install.log'
[4.903s] Invoked command in '/home/pi/finalagv_ros2_ws/src/agv' returned '0': PYTHONPATH=/home/pi/finalagv_ros2_ws/build/agv/prefix_override:/usr/lib/python3/dist-packages/colcon_core/task/python/colcon_distutils_commands:/home/pi/finalagv_ros2_ws/install/agv/lib/python3.8/site-packages:${PYTHONPATH} /usr/bin/python3 -W ignore:setup.py install is deprecated setup.py egg_info --egg-base ../../build/agv build --build-base /home/pi/finalagv_ros2_ws/build/agv/build install --record /home/pi/finalagv_ros2_ws/build/agv/install.log --install-scripts $base/lib/agv --single-version-externally-managed install_data
