[3.436s] Invoking command in '/home/pi/finalagv_ros2_ws/src/agv': PYTHONPATH=/home/pi/finalagv_ros2_ws/build/agv/prefix_override:/usr/lib/python3/dist-packages/colcon_core/task/python/colcon_distutils_commands:/home/pi/finalagv_ros2_ws/install/agv/lib/python3.8/site-packages:${PYTHONPATH} /usr/bin/python3 -W ignore:setup.py install is deprecated setup.py egg_info --egg-base ../../build/agv build --build-base /home/pi/finalagv_ros2_ws/build/agv/build install --record /home/pi/finalagv_ros2_ws/build/agv/install.log --install-scripts $base/lib/agv --single-version-externally-managed install_data
[4.346s] running egg_info
[4.348s] writing ../../build/agv/agv.egg-info/PKG-INFO
[4.351s] writing dependency_links to ../../build/agv/agv.egg-info/dependency_links.txt
[4.352s] writing entry points to ../../build/agv/agv.egg-info/entry_points.txt
[4.353s] writing requirements to ../../build/agv/agv.egg-info/requires.txt
[4.354s] writing top-level names to ../../build/agv/agv.egg-info/top_level.txt
[4.494s] reading manifest file '../../build/agv/agv.egg-info/SOURCES.txt'
[4.499s] writing manifest file '../../build/agv/agv.egg-info/SOURCES.txt'
[4.500s] running build
[4.500s] running build_py
[4.503s] copying agv/sub2.py -> /home/pi/finalagv_ros2_ws/build/agv/build/lib/agv
[4.512s] running install
[4.515s] running install_lib
[4.521s] copying /home/pi/finalagv_ros2_ws/build/agv/build/lib/agv/sub2.py -> /home/pi/finalagv_ros2_ws/install/agv/lib/python3.8/site-packages/agv
[4.528s] byte-compiling /home/pi/finalagv_ros2_ws/install/agv/lib/python3.8/site-packages/agv/sub2.py to sub2.cpython-38.pyc
[4.537s] running install_data
[4.542s] running install_egg_info
[4.549s] removing '/home/pi/finalagv_ros2_ws/install/agv/lib/python3.8/site-packages/agv-0.0.0-py3.8.egg-info' (and everything under it)
[4.552s] Copying ../../build/agv/agv.egg-info to /home/pi/finalagv_ros2_ws/install/agv/lib/python3.8/site-packages/agv-0.0.0-py3.8.egg-info
[4.560s] running install_scripts
[4.633s] Installing pub script to /home/pi/finalagv_ros2_ws/install/agv/lib/agv
[4.635s] Installing pub2 script to /home/pi/finalagv_ros2_ws/install/agv/lib/agv
[4.636s] Installing pub4 script to /home/pi/finalagv_ros2_ws/install/agv/lib/agv
[4.637s] Installing return script to /home/pi/finalagv_ros2_ws/install/agv/lib/agv
[4.637s] Installing sub script to /home/pi/finalagv_ros2_ws/install/agv/lib/agv
[4.639s] Installing sub2 script to /home/pi/finalagv_ros2_ws/install/agv/lib/agv
[4.640s] Installing tel script to /home/pi/finalagv_ros2_ws/install/agv/lib/agv
[4.640s] Installing udp script to /home/pi/finalagv_ros2_ws/install/agv/lib/agv
[4.642s] writing list of installed files to '/home/pi/finalagv_ros2_ws/build/agv/install.log'
[4.751s] Invoked command in '/home/pi/finalagv_ros2_ws/src/agv' returned '0': PYTHONPATH=/home/pi/finalagv_ros2_ws/build/agv/prefix_override:/usr/lib/python3/dist-packages/colcon_core/task/python/colcon_distutils_commands:/home/pi/finalagv_ros2_ws/install/agv/lib/python3.8/site-packages:${PYTHONPATH} /usr/bin/python3 -W ignore:setup.py install is deprecated setup.py egg_info --egg-base ../../build/agv build --build-base /home/pi/finalagv_ros2_ws/build/agv/build install --record /home/pi/finalagv_ros2_ws/build/agv/install.log --install-scripts $base/lib/agv --single-version-externally-managed install_data
