[0.120s] Invoking command in '/home/pi/nav_ws/build/ydlidar_ros2_driver': CMAKE_PREFIX_PATH=/opt/ros/foxy /usr/bin/cmake --build /home/pi/nav_ws/build/ydlidar_ros2_driver -- -j4 -l4
[0.451s] [ 50%] Built target ydlidar_ros2_driver_client
[0.465s] [100%] Built target ydlidar_ros2_driver_node
[0.505s] Invoked command in '/home/pi/nav_ws/build/ydlidar_ros2_driver' returned '0': CMAKE_PREFIX_PATH=/opt/ros/foxy /usr/bin/cmake --build /home/pi/nav_ws/build/ydlidar_ros2_driver -- -j4 -l4
[0.636s] Invoking command in '/home/pi/nav_ws/build/ydlidar_ros2_driver': CMAKE_PREFIX_PATH=/opt/ros/foxy /usr/bin/cmake --install /home/pi/nav_ws/build/ydlidar_ros2_driver
[0.669s] -- Install configuration: ""
[0.671s] -- Up-to-date: /home/pi/nav_ws/install/ydlidar_ros2_driver/lib/ydlidar_ros2_driver/ydlidar_ros2_driver_node
[0.673s] -- Up-to-date: /home/pi/nav_ws/install/ydlidar_ros2_driver/lib/ydlidar_ros2_driver/ydlidar_ros2_driver_client
[0.674s] -- Up-to-date: /home/pi/nav_ws/install/ydlidar_ros2_driver/share/ydlidar_ros2_driver/launch
[0.675s] -- Up-to-date: /home/pi/nav_ws/install/ydlidar_ros2_driver/share/ydlidar_ros2_driver/launch/ydlidar_launch_view.py
[0.676s] -- Up-to-date: /home/pi/nav_ws/install/ydlidar_ros2_driver/share/ydlidar_ros2_driver/launch/ydlidar_launch.py
[0.676s] -- Up-to-date: /home/pi/nav_ws/install/ydlidar_ros2_driver/share/ydlidar_ros2_driver/launch/ydlidar.py
[0.678s] -- Up-to-date: /home/pi/nav_ws/install/ydlidar_ros2_driver/share/ydlidar_ros2_driver/params
[0.678s] -- Up-to-date: /home/pi/nav_ws/install/ydlidar_ros2_driver/share/ydlidar_ros2_driver/params/G2.yaml
[0.679s] -- Up-to-date: /home/pi/nav_ws/install/ydlidar_ros2_driver/share/ydlidar_ros2_driver/params/X4.yaml
[0.681s] -- Up-to-date: /home/pi/nav_ws/install/ydlidar_ros2_driver/share/ydlidar_ros2_driver/params/GS2.yaml
[0.682s] -- Up-to-date: /home/pi/nav_ws/install/ydlidar_ros2_driver/share/ydlidar_ros2_driver/params/G1.yaml
[0.682s] -- Up-to-date: /home/pi/nav_ws/install/ydlidar_ros2_driver/share/ydlidar_ros2_driver/params/TG.yaml
[0.683s] -- Up-to-date: /home/pi/nav_ws/install/ydlidar_ros2_driver/share/ydlidar_ros2_driver/params/old.yaml
[0.684s] -- Up-to-date: /home/pi/nav_ws/install/ydlidar_ros2_driver/share/ydlidar_ros2_driver/params/G6.yaml
[0.685s] -- Up-to-date: /home/pi/nav_ws/install/ydlidar_ros2_driver/share/ydlidar_ros2_driver/params/TminiPro.yaml
[0.685s] -- Up-to-date: /home/pi/nav_ws/install/ydlidar_ros2_driver/share/ydlidar_ros2_driver/params/X4-Pro.yaml
[0.686s] -- Up-to-date: /home/pi/nav_ws/install/ydlidar_ros2_driver/share/ydlidar_ros2_driver/params/TEA.yaml
[0.686s] -- Up-to-date: /home/pi/nav_ws/install/ydlidar_ros2_driver/share/ydlidar_ros2_driver/params/ydlidar.yaml
[0.687s] -- Up-to-date: /home/pi/nav_ws/install/ydlidar_ros2_driver/share/ydlidar_ros2_driver/startup
[0.688s] -- Up-to-date: /home/pi/nav_ws/install/ydlidar_ros2_driver/share/ydlidar_ros2_driver/startup/initenv.sh
[0.689s] -- Up-to-date: /home/pi/nav_ws/install/ydlidar_ros2_driver/share/ydlidar_ros2_driver/config
[0.690s] -- Up-to-date: /home/pi/nav_ws/install/ydlidar_ros2_driver/share/ydlidar_ros2_driver/config/ydlidar.rviz
[0.691s] -- Up-to-date: /home/pi/nav_ws/install/ydlidar_ros2_driver/share/ament_index/resource_index/package_run_dependencies/ydlidar_ros2_driver
[0.693s] -- Up-to-date: /home/pi/nav_ws/install/ydlidar_ros2_driver/share/ament_index/resource_index/parent_prefix_path/ydlidar_ros2_driver
[0.696s] -- Up-to-date: /home/pi/nav_ws/install/ydlidar_ros2_driver/share/ydlidar_ros2_driver/environment/ament_prefix_path.sh
[0.697s] -- Up-to-date: /home/pi/nav_ws/install/ydlidar_ros2_driver/share/ydlidar_ros2_driver/environment/ament_prefix_path.dsv
[0.697s] -- Up-to-date: /home/pi/nav_ws/install/ydlidar_ros2_driver/share/ydlidar_ros2_driver/environment/path.sh
[0.698s] -- Up-to-date: /home/pi/nav_ws/install/ydlidar_ros2_driver/share/ydlidar_ros2_driver/environment/path.dsv
[0.698s] -- Up-to-date: /home/pi/nav_ws/install/ydlidar_ros2_driver/share/ydlidar_ros2_driver/local_setup.bash
[0.699s] -- Up-to-date: /home/pi/nav_ws/install/ydlidar_ros2_driver/share/ydlidar_ros2_driver/local_setup.sh
[0.699s] -- Up-to-date: /home/pi/nav_ws/install/ydlidar_ros2_driver/share/ydlidar_ros2_driver/local_setup.zsh
[0.700s] -- Up-to-date: /home/pi/nav_ws/install/ydlidar_ros2_driver/share/ydlidar_ros2_driver/local_setup.dsv
[0.701s] -- Installing: /home/pi/nav_ws/install/ydlidar_ros2_driver/share/ydlidar_ros2_driver/package.dsv
[0.701s] -- Up-to-date: /home/pi/nav_ws/install/ydlidar_ros2_driver/share/ament_index/resource_index/packages/ydlidar_ros2_driver
[0.702s] -- Up-to-date: /home/pi/nav_ws/install/ydlidar_ros2_driver/share/ydlidar_ros2_driver/cmake/ydlidar_ros2_driverConfig.cmake
[0.703s] -- Up-to-date: /home/pi/nav_ws/install/ydlidar_ros2_driver/share/ydlidar_ros2_driver/cmake/ydlidar_ros2_driverConfig-version.cmake
[0.703s] -- Up-to-date: /home/pi/nav_ws/install/ydlidar_ros2_driver/share/ydlidar_ros2_driver/package.xml
[0.704s] Invoked command in '/home/pi/nav_ws/build/ydlidar_ros2_driver' returned '0': CMAKE_PREFIX_PATH=/opt/ros/foxy /usr/bin/cmake --install /home/pi/nav_ws/build/ydlidar_ros2_driver
