[0.161s] Invoking command in '/home/pi/ydlidar_ros2_ws/build/myagv_description': CMAKE_PREFIX_PATH=/opt/ros/foxy /usr/bin/cmake --build /home/pi/ydlidar_ros2_ws/build/myagv_description -- -j4 -l4
[2.182s] Invoked command in '/home/pi/ydlidar_ros2_ws/build/myagv_description' returned '0': CMAKE_PREFIX_PATH=/opt/ros/foxy /usr/bin/cmake --build /home/pi/ydlidar_ros2_ws/build/myagv_description -- -j4 -l4
[2.378s] Invoking command in '/home/pi/ydlidar_ros2_ws/build/myagv_description': CMAKE_PREFIX_PATH=/opt/ros/foxy /usr/bin/cmake --install /home/pi/ydlidar_ros2_ws/build/myagv_description
[2.424s] -- Install configuration: ""
[2.428s] -- Execute custom install script
[2.439s] -- Up-to-date symlink: /home/pi/ydlidar_ros2_ws/install/myagv_description/share/myagv_description/urdf/myAGV.urdf
[2.447s] -- Up-to-date symlink: /home/pi/ydlidar_ros2_ws/install/myagv_description/share/myagv_description/meshes/myagv_all.dae
[2.451s] -- Up-to-date symlink: /home/pi/ydlidar_ros2_ws/install/myagv_description/share/myagv_description/meshes/myagv_base.dae
[2.454s] -- Up-to-date symlink: /home/pi/ydlidar_ros2_ws/install/myagv_description/share/myagv_description/meshes/myagv_up.dae
[2.461s] -- Up-to-date symlink: /home/pi/ydlidar_ros2_ws/install/myagv_description/share/ament_index/resource_index/package_run_dependencies/myagv_description
[2.466s] -- Up-to-date symlink: /home/pi/ydlidar_ros2_ws/install/myagv_description/share/ament_index/resource_index/parent_prefix_path/myagv_description
[2.471s] -- Up-to-date symlink: /home/pi/ydlidar_ros2_ws/install/myagv_description/share/myagv_description/environment/ament_prefix_path.sh
[2.474s] -- Up-to-date symlink: /home/pi/ydlidar_ros2_ws/install/myagv_description/share/myagv_description/environment/ament_prefix_path.dsv
[2.477s] -- Up-to-date symlink: /home/pi/ydlidar_ros2_ws/install/myagv_description/share/myagv_description/environment/path.sh
[2.480s] -- Up-to-date symlink: /home/pi/ydlidar_ros2_ws/install/myagv_description/share/myagv_description/environment/path.dsv
[2.482s] -- Up-to-date symlink: /home/pi/ydlidar_ros2_ws/install/myagv_description/share/myagv_description/local_setup.bash
[2.485s] -- Up-to-date symlink: /home/pi/ydlidar_ros2_ws/install/myagv_description/share/myagv_description/local_setup.sh
[2.487s] -- Up-to-date symlink: /home/pi/ydlidar_ros2_ws/install/myagv_description/share/myagv_description/local_setup.zsh
[2.490s] -- Up-to-date symlink: /home/pi/ydlidar_ros2_ws/install/myagv_description/share/myagv_description/local_setup.dsv
[2.492s] -- Symlinking: /home/pi/ydlidar_ros2_ws/install/myagv_description/share/myagv_description/package.dsv
[2.547s] -- Up-to-date symlink: /home/pi/ydlidar_ros2_ws/install/myagv_description/share/ament_index/resource_index/packages/myagv_description
[2.548s] -- Up-to-date symlink: /home/pi/ydlidar_ros2_ws/install/myagv_description/share/myagv_description/cmake/myagv_descriptionConfig.cmake
[2.549s] -- Up-to-date symlink: /home/pi/ydlidar_ros2_ws/install/myagv_description/share/myagv_description/cmake/myagv_descriptionConfig-version.cmake
[2.550s] -- Up-to-date symlink: /home/pi/ydlidar_ros2_ws/install/myagv_description/share/myagv_description/package.xml
[2.569s] Invoked command in '/home/pi/ydlidar_ros2_ws/build/myagv_description' returned '0': CMAKE_PREFIX_PATH=/opt/ros/foxy /usr/bin/cmake --install /home/pi/ydlidar_ros2_ws/build/myagv_description
