running egg_info
writing ../../build/agv/agv.egg-info/PKG-INFO
writing dependency_links to ../../build/agv/agv.egg-info/dependency_links.txt
writing entry points to ../../build/agv/agv.egg-info/entry_points.txt
writing requirements to ../../build/agv/agv.egg-info/requires.txt
writing top-level names to ../../build/agv/agv.egg-info/top_level.txt
reading manifest file '../../build/agv/agv.egg-info/SOURCES.txt'
writing manifest file '../../build/agv/agv.egg-info/SOURCES.txt'
running build
running build_py
copying agv/pub.py -> /home/pi/finalagv_ros2_ws/build/agv/build/lib/agv
copying agv/sub.py -> /home/pi/finalagv_ros2_ws/build/agv/build/lib/agv
copying agv/tel.py -> /home/pi/finalagv_ros2_ws/build/agv/build/lib/agv
running install
running install_lib
copying /home/pi/finalagv_ros2_ws/build/agv/build/lib/agv/pub.py -> /home/pi/finalagv_ros2_ws/install/agv/lib/python3.8/site-packages/agv
copying /home/pi/finalagv_ros2_ws/build/agv/build/lib/agv/sub.py -> /home/pi/finalagv_ros2_ws/install/agv/lib/python3.8/site-packages/agv
copying /home/pi/finalagv_ros2_ws/build/agv/build/lib/agv/tel.py -> /home/pi/finalagv_ros2_ws/install/agv/lib/python3.8/site-packages/agv
byte-compiling /home/pi/finalagv_ros2_ws/install/agv/lib/python3.8/site-packages/agv/pub.py to pub.cpython-38.pyc
byte-compiling /home/pi/finalagv_ros2_ws/install/agv/lib/python3.8/site-packages/agv/sub.py to sub.cpython-38.pyc
byte-compiling /home/pi/finalagv_ros2_ws/install/agv/lib/python3.8/site-packages/agv/tel.py to tel.cpython-38.pyc
running install_data
copying package.xml -> /home/pi/finalagv_ros2_ws/install/agv/share/agv
creating /home/pi/finalagv_ros2_ws/install/agv/share/agv/launch
copying launch/agv.launch.py -> /home/pi/finalagv_ros2_ws/install/agv/share/agv/launch
running install_egg_info
removing '/home/pi/finalagv_ros2_ws/install/agv/lib/python3.8/site-packages/agv-0.0.0-py3.8.egg-info' (and everything under it)
Copying ../../build/agv/agv.egg-info to /home/pi/finalagv_ros2_ws/install/agv/lib/python3.8/site-packages/agv-0.0.0-py3.8.egg-info
running install_scripts
Installing pub script to /home/pi/finalagv_ros2_ws/install/agv/lib/agv
Installing sub script to /home/pi/finalagv_ros2_ws/install/agv/lib/agv
Installing tel script to /home/pi/finalagv_ros2_ws/install/agv/lib/agv
writing list of installed files to '/home/pi/finalagv_ros2_ws/build/agv/install.log'
