[3.744s] Invoking command in '/home/pi/finalagv_ros2_ws/src/agv': PYTHONPATH=/home/pi/finalagv_ros2_ws/build/agv/prefix_override:/usr/lib/python3/dist-packages/colcon_core/task/python/colcon_distutils_commands:/home/pi/finalagv_ros2_ws/install/agv/lib/python3.8/site-packages:${PYTHONPATH} /usr/bin/python3 -W ignore:setup.py install is deprecated setup.py egg_info --egg-base ../../build/agv build --build-base /home/pi/finalagv_ros2_ws/build/agv/build install --record /home/pi/finalagv_ros2_ws/build/agv/install.log --install-scripts $base/lib/agv --single-version-externally-managed install_data
[4.658s] running egg_info
[4.661s] writing ../../build/agv/agv.egg-info/PKG-INFO
[4.664s] writing dependency_links to ../../build/agv/agv.egg-info/dependency_links.txt
[4.666s] writing entry points to ../../build/agv/agv.egg-info/entry_points.txt
[4.667s] writing requirements to ../../build/agv/agv.egg-info/requires.txt
[4.667s] writing top-level names to ../../build/agv/agv.egg-info/top_level.txt
[4.809s] reading manifest file '../../build/agv/agv.egg-info/SOURCES.txt'
[4.816s] writing manifest file '../../build/agv/agv.egg-info/SOURCES.txt'
[4.816s] running build
[4.817s] running build_py
[4.823s] copying agv/pub4.py -> /home/pi/finalagv_ros2_ws/build/agv/build/lib/agv
[4.826s] running install
[4.829s] running install_lib
[4.837s] copying /home/pi/finalagv_ros2_ws/build/agv/build/lib/agv/pub4.py -> /home/pi/finalagv_ros2_ws/install/agv/lib/python3.8/site-packages/agv
[4.843s] byte-compiling /home/pi/finalagv_ros2_ws/install/agv/lib/python3.8/site-packages/agv/pub4.py to pub4.cpython-38.pyc
[4.853s] running install_data
[4.859s] running install_egg_info
[4.868s] removing '/home/pi/finalagv_ros2_ws/install/agv/lib/python3.8/site-packages/agv-0.0.0-py3.8.egg-info' (and everything under it)
[4.870s] Copying ../../build/agv/agv.egg-info to /home/pi/finalagv_ros2_ws/install/agv/lib/python3.8/site-packages/agv-0.0.0-py3.8.egg-info
[4.876s] running install_scripts
[4.938s] Installing pub script to /home/pi/finalagv_ros2_ws/install/agv/lib/agv
[4.939s] Installing pub2 script to /home/pi/finalagv_ros2_ws/install/agv/lib/agv
[4.940s] Installing pub4 script to /home/pi/finalagv_ros2_ws/install/agv/lib/agv
[4.941s] Installing return script to /home/pi/finalagv_ros2_ws/install/agv/lib/agv
[4.942s] Installing sub script to /home/pi/finalagv_ros2_ws/install/agv/lib/agv
[4.943s] Installing sub2 script to /home/pi/finalagv_ros2_ws/install/agv/lib/agv
[4.944s] Installing tel script to /home/pi/finalagv_ros2_ws/install/agv/lib/agv
[4.944s] Installing udp script to /home/pi/finalagv_ros2_ws/install/agv/lib/agv
[4.946s] writing list of installed files to '/home/pi/finalagv_ros2_ws/build/agv/install.log'
[5.058s] Invoked command in '/home/pi/finalagv_ros2_ws/src/agv' returned '0': PYTHONPATH=/home/pi/finalagv_ros2_ws/build/agv/prefix_override:/usr/lib/python3/dist-packages/colcon_core/task/python/colcon_distutils_commands:/home/pi/finalagv_ros2_ws/install/agv/lib/python3.8/site-packages:${PYTHONPATH} /usr/bin/python3 -W ignore:setup.py install is deprecated setup.py egg_info --egg-base ../../build/agv build --build-base /home/pi/finalagv_ros2_ws/build/agv/build install --record /home/pi/finalagv_ros2_ws/build/agv/install.log --install-scripts $base/lib/agv --single-version-externally-managed install_data
