[3.103s] Invoking command in '/home/pi/finalagv_ros2_ws/src/agv': PYTHONPATH=/home/pi/finalagv_ros2_ws/build/agv/prefix_override:/usr/lib/python3/dist-packages/colcon_core/task/python/colcon_distutils_commands:/home/pi/finalagv_ros2_ws/install/agv/lib/python3.8/site-packages:${PYTHONPATH} /usr/bin/python3 -W ignore:setup.py install is deprecated setup.py egg_info --egg-base ../../build/agv build --build-base /home/pi/finalagv_ros2_ws/build/agv/build install --record /home/pi/finalagv_ros2_ws/build/agv/install.log --install-scripts $base/lib/agv --single-version-externally-managed install_data
[3.967s] running egg_info
[3.969s] writing ../../build/agv/agv.egg-info/PKG-INFO
[3.971s] writing dependency_links to ../../build/agv/agv.egg-info/dependency_links.txt
[3.972s] writing entry points to ../../build/agv/agv.egg-info/entry_points.txt
[3.973s] writing requirements to ../../build/agv/agv.egg-info/requires.txt
[3.974s] writing top-level names to ../../build/agv/agv.egg-info/top_level.txt
[4.106s] reading manifest file '../../build/agv/agv.egg-info/SOURCES.txt'
[4.110s] writing manifest file '../../build/agv/agv.egg-info/SOURCES.txt'
[4.111s] running build
[4.111s] running build_py
[4.116s] running install
[4.119s] running install_lib
[4.128s] running install_data
[4.134s] running install_egg_info
[4.141s] removing '/home/pi/finalagv_ros2_ws/install/agv/lib/python3.8/site-packages/agv-0.0.0-py3.8.egg-info' (and everything under it)
[4.143s] Copying ../../build/agv/agv.egg-info to /home/pi/finalagv_ros2_ws/install/agv/lib/python3.8/site-packages/agv-0.0.0-py3.8.egg-info
[4.148s] running install_scripts
[4.208s] Installing pub script to /home/pi/finalagv_ros2_ws/install/agv/lib/agv
[4.210s] Installing pub2 script to /home/pi/finalagv_ros2_ws/install/agv/lib/agv
[4.211s] Installing pub4 script to /home/pi/finalagv_ros2_ws/install/agv/lib/agv
[4.211s] Installing return script to /home/pi/finalagv_ros2_ws/install/agv/lib/agv
[4.212s] Installing sub script to /home/pi/finalagv_ros2_ws/install/agv/lib/agv
[4.213s] Installing sub2 script to /home/pi/finalagv_ros2_ws/install/agv/lib/agv
[4.213s] Installing tel script to /home/pi/finalagv_ros2_ws/install/agv/lib/agv
[4.214s] Installing udp script to /home/pi/finalagv_ros2_ws/install/agv/lib/agv
[4.216s] writing list of installed files to '/home/pi/finalagv_ros2_ws/build/agv/install.log'
[4.308s] Invoked command in '/home/pi/finalagv_ros2_ws/src/agv' returned '0': PYTHONPATH=/home/pi/finalagv_ros2_ws/build/agv/prefix_override:/usr/lib/python3/dist-packages/colcon_core/task/python/colcon_distutils_commands:/home/pi/finalagv_ros2_ws/install/agv/lib/python3.8/site-packages:${PYTHONPATH} /usr/bin/python3 -W ignore:setup.py install is deprecated setup.py egg_info --egg-base ../../build/agv build --build-base /home/pi/finalagv_ros2_ws/build/agv/build install --record /home/pi/finalagv_ros2_ws/build/agv/install.log --install-scripts $base/lib/agv --single-version-externally-managed install_data
