[2.053s] Invoking command in '/home/pi/ydlidar_ros2_ws/build/myagv_navigation2': CMAKE_PREFIX_PATH=/opt/ros/foxy /usr/bin/cmake --build /home/pi/ydlidar_ros2_ws/build/myagv_navigation2 -- -j4 -l4
[2.263s] Invoked command in '/home/pi/ydlidar_ros2_ws/build/myagv_navigation2' returned '0': CMAKE_PREFIX_PATH=/opt/ros/foxy /usr/bin/cmake --build /home/pi/ydlidar_ros2_ws/build/myagv_navigation2 -- -j4 -l4
[2.406s] Invoking command in '/home/pi/ydlidar_ros2_ws/build/myagv_navigation2': CMAKE_PREFIX_PATH=/opt/ros/foxy /usr/bin/cmake --install /home/pi/ydlidar_ros2_ws/build/myagv_navigation2
[2.468s] -- Install configuration: ""
[2.471s] -- Up-to-date: /home/pi/ydlidar_ros2_ws/install/myagv_navigation2/share/myagv_navigation2/launch
[2.473s] -- Up-to-date: /home/pi/ydlidar_ros2_ws/install/myagv_navigation2/share/myagv_navigation2/launch/navigation2.launch.py
[2.474s] -- Up-to-date: /home/pi/ydlidar_ros2_ws/install/myagv_navigation2/share/myagv_navigation2/map
[2.475s] -- Up-to-date: /home/pi/ydlidar_ros2_ws/install/myagv_navigation2/share/myagv_navigation2/map/test7_map.yaml
[2.476s] -- Up-to-date: /home/pi/ydlidar_ros2_ws/install/myagv_navigation2/share/myagv_navigation2/map/test1_map.pgm
[2.476s] -- Up-to-date: /home/pi/ydlidar_ros2_ws/install/myagv_navigation2/share/myagv_navigation2/map/test1_map.yaml
[2.477s] -- Up-to-date: /home/pi/ydlidar_ros2_ws/install/myagv_navigation2/share/myagv_navigation2/map/test7_map.pgm
[2.482s] -- Up-to-date: /home/pi/ydlidar_ros2_ws/install/myagv_navigation2/share/myagv_navigation2/map/test5_map.yaml
[2.484s] -- Up-to-date: /home/pi/ydlidar_ros2_ws/install/myagv_navigation2/share/myagv_navigation2/map/test3_map.pgm
[2.484s] -- Up-to-date: /home/pi/ydlidar_ros2_ws/install/myagv_navigation2/share/myagv_navigation2/map/test5_map.pgm
[2.485s] -- Up-to-date: /home/pi/ydlidar_ros2_ws/install/myagv_navigation2/share/myagv_navigation2/map/test3_map.yaml
[2.487s] -- Up-to-date: /home/pi/ydlidar_ros2_ws/install/myagv_navigation2/share/myagv_navigation2/param
[2.488s] -- Up-to-date: /home/pi/ydlidar_ros2_ws/install/myagv_navigation2/share/myagv_navigation2/param/follow_point_bt.xml
[2.489s] -- Up-to-date: /home/pi/ydlidar_ros2_ws/install/myagv_navigation2/share/myagv_navigation2/param/myagv.yaml
[2.490s] -- Up-to-date: /home/pi/ydlidar_ros2_ws/install/myagv_navigation2/share/myagv_navigation2/rviz
[2.490s] -- Up-to-date: /home/pi/ydlidar_ros2_ws/install/myagv_navigation2/share/myagv_navigation2/rviz/nav2_config_object_following.rviz
[2.493s] -- Up-to-date: /home/pi/ydlidar_ros2_ws/install/myagv_navigation2/share/ament_index/resource_index/package_run_dependencies/myagv_navigation2
[2.496s] -- Up-to-date: /home/pi/ydlidar_ros2_ws/install/myagv_navigation2/share/ament_index/resource_index/parent_prefix_path/myagv_navigation2
[2.497s] -- Up-to-date: /home/pi/ydlidar_ros2_ws/install/myagv_navigation2/share/myagv_navigation2/environment/ament_prefix_path.sh
[2.498s] -- Up-to-date: /home/pi/ydlidar_ros2_ws/install/myagv_navigation2/share/myagv_navigation2/environment/ament_prefix_path.dsv
[2.499s] -- Up-to-date: /home/pi/ydlidar_ros2_ws/install/myagv_navigation2/share/myagv_navigation2/environment/path.sh
[2.500s] -- Up-to-date: /home/pi/ydlidar_ros2_ws/install/myagv_navigation2/share/myagv_navigation2/environment/path.dsv
[2.501s] -- Up-to-date: /home/pi/ydlidar_ros2_ws/install/myagv_navigation2/share/myagv_navigation2/local_setup.bash
[2.502s] -- Up-to-date: /home/pi/ydlidar_ros2_ws/install/myagv_navigation2/share/myagv_navigation2/local_setup.sh
[2.503s] -- Up-to-date: /home/pi/ydlidar_ros2_ws/install/myagv_navigation2/share/myagv_navigation2/local_setup.zsh
[2.503s] -- Up-to-date: /home/pi/ydlidar_ros2_ws/install/myagv_navigation2/share/myagv_navigation2/local_setup.dsv
[2.504s] -- Installing: /home/pi/ydlidar_ros2_ws/install/myagv_navigation2/share/myagv_navigation2/package.dsv
[2.507s] -- Up-to-date: /home/pi/ydlidar_ros2_ws/install/myagv_navigation2/share/ament_index/resource_index/packages/myagv_navigation2
[2.521s] -- Up-to-date: /home/pi/ydlidar_ros2_ws/install/myagv_navigation2/share/myagv_navigation2/cmake/myagv_navigation2Config.cmake
[2.522s] -- Up-to-date: /home/pi/ydlidar_ros2_ws/install/myagv_navigation2/share/myagv_navigation2/cmake/myagv_navigation2Config-version.cmake
[2.522s] -- Up-to-date: /home/pi/ydlidar_ros2_ws/install/myagv_navigation2/share/myagv_navigation2/package.xml
[2.570s] Invoked command in '/home/pi/ydlidar_ros2_ws/build/myagv_navigation2' returned '0': CMAKE_PREFIX_PATH=/opt/ros/foxy /usr/bin/cmake --install /home/pi/ydlidar_ros2_ws/build/myagv_navigation2
