[4.366s] Invoking command in '/home/pi/ydlidar_ros2_ws/src/jdamr200_node': PYTHONPATH=/home/pi/ydlidar_ros2_ws/build/jdamr200_node/prefix_override:/usr/lib/python3/dist-packages/colcon_core/task/python/colcon_distutils_commands:/home/pi/ydlidar_ros2_ws/install/jdamr200_node/lib/python3.8/site-packages:${PYTHONPATH} /usr/bin/python3 -W ignore:setup.py install is deprecated setup.py egg_info --egg-base ../../build/jdamr200_node build --build-base /home/pi/ydlidar_ros2_ws/build/jdamr200_node/build install --record /home/pi/ydlidar_ros2_ws/build/jdamr200_node/install.log --single-version-externally-managed install_data
[5.341s] running egg_info
[5.343s] writing ../../build/jdamr200_node/jdamr200_node.egg-info/PKG-INFO
[5.346s] writing dependency_links to ../../build/jdamr200_node/jdamr200_node.egg-info/dependency_links.txt
[5.347s] writing entry points to ../../build/jdamr200_node/jdamr200_node.egg-info/entry_points.txt
[5.348s] writing requirements to ../../build/jdamr200_node/jdamr200_node.egg-info/requires.txt
[5.349s] writing top-level names to ../../build/jdamr200_node/jdamr200_node.egg-info/top_level.txt
[5.490s] reading manifest file '../../build/jdamr200_node/jdamr200_node.egg-info/SOURCES.txt'
[5.494s] writing manifest file '../../build/jdamr200_node/jdamr200_node.egg-info/SOURCES.txt'
[5.495s] running build
[5.495s] running build_py
[5.498s] running install
[5.501s] running install_lib
[5.509s] running install_data
[5.512s] running install_egg_info
[5.519s] removing '/home/pi/ydlidar_ros2_ws/install/jdamr200_node/lib/python3.8/site-packages/jdamr200_node-0.0.0-py3.8.egg-info' (and everything under it)
[5.521s] Copying ../../build/jdamr200_node/jdamr200_node.egg-info to /home/pi/ydlidar_ros2_ws/install/jdamr200_node/lib/python3.8/site-packages/jdamr200_node-0.0.0-py3.8.egg-info
[5.528s] running install_scripts
[5.599s] Installing jdamr200_node script to /home/pi/ydlidar_ros2_ws/install/jdamr200_node/lib/jdamr200_node
[5.601s] writing list of installed files to '/home/pi/ydlidar_ros2_ws/build/jdamr200_node/install.log'
[5.737s] Invoked command in '/home/pi/ydlidar_ros2_ws/src/jdamr200_node' returned '0': PYTHONPATH=/home/pi/ydlidar_ros2_ws/build/jdamr200_node/prefix_override:/usr/lib/python3/dist-packages/colcon_core/task/python/colcon_distutils_commands:/home/pi/ydlidar_ros2_ws/install/jdamr200_node/lib/python3.8/site-packages:${PYTHONPATH} /usr/bin/python3 -W ignore:setup.py install is deprecated setup.py egg_info --egg-base ../../build/jdamr200_node build --build-base /home/pi/ydlidar_ros2_ws/build/jdamr200_node/build install --record /home/pi/ydlidar_ros2_ws/build/jdamr200_node/install.log --single-version-externally-managed install_data
