[0.180s] Invoking command in '/home/pi/nav_ws/build/agv_description': CMAKE_PREFIX_PATH=${CMAKE_PREFIX_PATH}:/home/pi/ydlidar_ros2_ws/install/nav2_gazebo_spawner:/home/pi/ydlidar_ros2_ws/install/jdamr200_teleop:/home/pi/ydlidar_ros2_ws/install/jdamr200_node:/home/pi/nav_ws/install/agv_bringup:/opt/ros/foxy /usr/bin/cmake --build /home/pi/nav_ws/build/agv_description -- -j4 -l4
[0.676s] Invoked command in '/home/pi/nav_ws/build/agv_description' returned '0': CMAKE_PREFIX_PATH=${CMAKE_PREFIX_PATH}:/home/pi/ydlidar_ros2_ws/install/nav2_gazebo_spawner:/home/pi/ydlidar_ros2_ws/install/jdamr200_teleop:/home/pi/ydlidar_ros2_ws/install/jdamr200_node:/home/pi/nav_ws/install/agv_bringup:/opt/ros/foxy /usr/bin/cmake --build /home/pi/nav_ws/build/agv_description -- -j4 -l4
[1.002s] Invoking command in '/home/pi/nav_ws/build/agv_description': CMAKE_PREFIX_PATH=${CMAKE_PREFIX_PATH}:/home/pi/ydlidar_ros2_ws/install/nav2_gazebo_spawner:/home/pi/ydlidar_ros2_ws/install/jdamr200_teleop:/home/pi/ydlidar_ros2_ws/install/jdamr200_node:/home/pi/nav_ws/install/agv_bringup:/opt/ros/foxy /usr/bin/cmake --install /home/pi/nav_ws/build/agv_description
[1.076s] -- Install configuration: ""
[1.076s] -- Up-to-date: /home/pi/nav_ws/install/agv_description/share/agv_description/meshes
[1.077s] -- Up-to-date: /home/pi/nav_ws/install/agv_description/share/agv_description/meshes/agv_all.dae
[1.077s] -- Up-to-date: /home/pi/nav_ws/install/agv_description/share/agv_description/meshes/agv_up.dae
[1.078s] -- Up-to-date: /home/pi/nav_ws/install/agv_description/share/agv_description/meshes/agv_base.dae
[1.082s] -- Up-to-date: /home/pi/nav_ws/install/agv_description/share/agv_description/rviz
[1.083s] -- Up-to-date: /home/pi/nav_ws/install/agv_description/share/agv_description/rviz/agv.rviz
[1.083s] -- Up-to-date: /home/pi/nav_ws/install/agv_description/share/agv_description/urdf
[1.090s] -- Up-to-date: /home/pi/nav_ws/install/agv_description/share/agv_description/urdf/agv.urdf
[1.091s] -- Up-to-date: /home/pi/nav_ws/install/agv_description/share/agv_description/launch
[1.092s] -- Up-to-date: /home/pi/nav_ws/install/agv_description/share/agv_description/launch/agv_state_publisher.launch.py
[1.092s] -- Up-to-date: /home/pi/nav_ws/install/agv_description/share/agv_description/launch/agv_description_rviz.launch.py
[1.093s] -- Up-to-date: /home/pi/nav_ws/install/agv_description/share/agv_description/launch/agv_description.launch.py
[1.093s] -- Up-to-date: /home/pi/nav_ws/install/agv_description/share/ament_index/resource_index/package_run_dependencies/agv_description
[1.094s] -- Up-to-date: /home/pi/nav_ws/install/agv_description/share/ament_index/resource_index/parent_prefix_path/agv_description
[1.097s] -- Up-to-date: /home/pi/nav_ws/install/agv_description/share/agv_description/environment/ament_prefix_path.sh
[1.098s] -- Up-to-date: /home/pi/nav_ws/install/agv_description/share/agv_description/environment/ament_prefix_path.dsv
[1.100s] -- Up-to-date: /home/pi/nav_ws/install/agv_description/share/agv_description/environment/path.sh
[1.100s] -- Up-to-date: /home/pi/nav_ws/install/agv_description/share/agv_description/environment/path.dsv
[1.102s] -- Up-to-date: /home/pi/nav_ws/install/agv_description/share/agv_description/local_setup.bash
[1.103s] -- Up-to-date: /home/pi/nav_ws/install/agv_description/share/agv_description/local_setup.sh
[1.104s] -- Up-to-date: /home/pi/nav_ws/install/agv_description/share/agv_description/local_setup.zsh
[1.105s] -- Up-to-date: /home/pi/nav_ws/install/agv_description/share/agv_description/local_setup.dsv
[1.105s] -- Installing: /home/pi/nav_ws/install/agv_description/share/agv_description/package.dsv
[1.105s] -- Up-to-date: /home/pi/nav_ws/install/agv_description/share/ament_index/resource_index/packages/agv_description
[1.106s] -- Up-to-date: /home/pi/nav_ws/install/agv_description/share/agv_description/cmake/agv_descriptionConfig.cmake
[1.106s] -- Up-to-date: /home/pi/nav_ws/install/agv_description/share/agv_description/cmake/agv_descriptionConfig-version.cmake
[1.107s] -- Up-to-date: /home/pi/nav_ws/install/agv_description/share/agv_description/package.xml
[1.172s] Invoked command in '/home/pi/nav_ws/build/agv_description' returned '0': CMAKE_PREFIX_PATH=${CMAKE_PREFIX_PATH}:/home/pi/ydlidar_ros2_ws/install/nav2_gazebo_spawner:/home/pi/ydlidar_ros2_ws/install/jdamr200_teleop:/home/pi/ydlidar_ros2_ws/install/jdamr200_node:/home/pi/nav_ws/install/agv_bringup:/opt/ros/foxy /usr/bin/cmake --install /home/pi/nav_ws/build/agv_description
