[0.114s] Invoking command in '/home/pi/ydlidar_ros2_ws/build/ps2_controller': CMAKE_PREFIX_PATH=/opt/ros/foxy /usr/bin/cmake --build /home/pi/ydlidar_ros2_ws/build/ps2_controller -- -j4 -l4
[0.622s] [100%] Built target ps2_controller_node
[0.681s] Invoked command in '/home/pi/ydlidar_ros2_ws/build/ps2_controller' returned '0': CMAKE_PREFIX_PATH=/opt/ros/foxy /usr/bin/cmake --build /home/pi/ydlidar_ros2_ws/build/ps2_controller -- -j4 -l4
[0.840s] Invoking command in '/home/pi/ydlidar_ros2_ws/build/ps2_controller': CMAKE_PREFIX_PATH=/opt/ros/foxy /usr/bin/cmake --install /home/pi/ydlidar_ros2_ws/build/ps2_controller
[0.888s] -- Install configuration: ""
[0.890s] -- Up-to-date: /home/pi/ydlidar_ros2_ws/install/ps2_controller/lib/ps2_controller/ps2_controller_node
[0.893s] -- Up-to-date: /home/pi/ydlidar_ros2_ws/install/ps2_controller/include/
[0.896s] -- Up-to-date: /home/pi/ydlidar_ros2_ws/install/ps2_controller/include//ps2_controller
[0.897s] -- Up-to-date: /home/pi/ydlidar_ros2_ws/install/ps2_controller/include//ps2_controller/ps2_controller_node.hpp
[0.897s] -- Up-to-date: /home/pi/ydlidar_ros2_ws/install/ps2_controller/include//ps2_controller/ps2_controller.h
[0.901s] -- Up-to-date: /home/pi/ydlidar_ros2_ws/install/ps2_controller/share/ament_index/resource_index/package_run_dependencies/ps2_controller
[0.903s] -- Up-to-date: /home/pi/ydlidar_ros2_ws/install/ps2_controller/share/ament_index/resource_index/parent_prefix_path/ps2_controller
[0.905s] -- Up-to-date: /home/pi/ydlidar_ros2_ws/install/ps2_controller/share/ps2_controller/environment/ament_prefix_path.sh
[0.907s] -- Up-to-date: /home/pi/ydlidar_ros2_ws/install/ps2_controller/share/ps2_controller/environment/ament_prefix_path.dsv
[0.908s] -- Up-to-date: /home/pi/ydlidar_ros2_ws/install/ps2_controller/share/ps2_controller/environment/path.sh
[0.909s] -- Up-to-date: /home/pi/ydlidar_ros2_ws/install/ps2_controller/share/ps2_controller/environment/path.dsv
[0.912s] -- Up-to-date: /home/pi/ydlidar_ros2_ws/install/ps2_controller/share/ps2_controller/local_setup.bash
[0.913s] -- Up-to-date: /home/pi/ydlidar_ros2_ws/install/ps2_controller/share/ps2_controller/local_setup.sh
[0.915s] -- Up-to-date: /home/pi/ydlidar_ros2_ws/install/ps2_controller/share/ps2_controller/local_setup.zsh
[0.917s] -- Up-to-date: /home/pi/ydlidar_ros2_ws/install/ps2_controller/share/ps2_controller/local_setup.dsv
[0.918s] -- Installing: /home/pi/ydlidar_ros2_ws/install/ps2_controller/share/ps2_controller/package.dsv
[0.921s] -- Up-to-date: /home/pi/ydlidar_ros2_ws/install/ps2_controller/share/ament_index/resource_index/packages/ps2_controller
[0.923s] -- Up-to-date: /home/pi/ydlidar_ros2_ws/install/ps2_controller/share/ps2_controller/cmake/ps2_controllerConfig.cmake
[0.924s] -- Up-to-date: /home/pi/ydlidar_ros2_ws/install/ps2_controller/share/ps2_controller/cmake/ps2_controllerConfig-version.cmake
[0.925s] -- Up-to-date: /home/pi/ydlidar_ros2_ws/install/ps2_controller/share/ps2_controller/package.xml
[0.938s] Invoked command in '/home/pi/ydlidar_ros2_ws/build/ps2_controller' returned '0': CMAKE_PREFIX_PATH=/opt/ros/foxy /usr/bin/cmake --install /home/pi/ydlidar_ros2_ws/build/ps2_controller
