[0.136s] Invoking command in '/home/pi/nav_ws/build/agv_interfaces': CMAKE_PREFIX_PATH=/opt/ros/foxy /usr/bin/cmake --build /home/pi/nav_ws/build/agv_interfaces -- -j4 -l4
[0.486s] [  1%] Built target agv_interfaces__cpp
[0.539s] [ 12%] Built target agv_interfaces__rosidl_generator_c
[0.745s] [ 23%] Built target agv_interfaces__rosidl_typesupport_introspection_c
[0.776s] [ 35%] Built target agv_interfaces__rosidl_typesupport_cpp
[0.782s] [ 46%] Built target agv_interfaces__rosidl_typesupport_introspection_cpp
[0.801s] [ 57%] Built target agv_interfaces__rosidl_typesupport_fastrtps_cpp
[0.883s] [ 69%] Built target agv_interfaces__rosidl_typesupport_c
[0.988s] [ 80%] Built target agv_interfaces__rosidl_typesupport_fastrtps_c
[1.082s] [ 80%] Built target agv_interfaces
[1.181s] [ 81%] Built target agv_interfaces__py
[1.345s] [ 91%] Built target agv_interfaces__python
[1.516s] [ 94%] Built target agv_interfaces__rosidl_typesupport_c__pyext
[1.530s] [ 97%] Built target agv_interfaces__rosidl_typesupport_introspection_c__pyext
[1.540s] [100%] Built target agv_interfaces__rosidl_typesupport_fastrtps_c__pyext
[1.582s] Invoked command in '/home/pi/nav_ws/build/agv_interfaces' returned '0': CMAKE_PREFIX_PATH=/opt/ros/foxy /usr/bin/cmake --build /home/pi/nav_ws/build/agv_interfaces -- -j4 -l4
[2.264s] Invoking command in '/home/pi/nav_ws/build/agv_interfaces': CMAKE_PREFIX_PATH=/opt/ros/foxy /usr/bin/cmake --install /home/pi/nav_ws/build/agv_interfaces
[2.302s] -- Install configuration: ""
[2.304s] -- Up-to-date: /home/pi/nav_ws/install/agv_interfaces/share/ament_index/resource_index/rosidl_interfaces/agv_interfaces
[2.305s] -- Up-to-date: /home/pi/nav_ws/install/agv_interfaces/include/agv_interfaces
[2.306s] -- Up-to-date: /home/pi/nav_ws/install/agv_interfaces/include/agv_interfaces/msg
[2.307s] -- Up-to-date: /home/pi/nav_ws/install/agv_interfaces/include/agv_interfaces/msg/rosidl_generator_c__visibility_control.h
[2.307s] -- Up-to-date: /home/pi/nav_ws/install/agv_interfaces/include/agv_interfaces/srv
[2.308s] -- Up-to-date: /home/pi/nav_ws/install/agv_interfaces/include/agv_interfaces/srv/color.h
[2.308s] -- Up-to-date: /home/pi/nav_ws/install/agv_interfaces/include/agv_interfaces/srv/onoff.h
[2.309s] -- Up-to-date: /home/pi/nav_ws/install/agv_interfaces/include/agv_interfaces/srv/detail
[2.309s] -- Up-to-date: /home/pi/nav_ws/install/agv_interfaces/include/agv_interfaces/srv/detail/save_color__struct.h
[2.310s] -- Up-to-date: /home/pi/nav_ws/install/agv_interfaces/include/agv_interfaces/srv/detail/battery__struct.h
[2.310s] -- Up-to-date: /home/pi/nav_ws/install/agv_interfaces/include/agv_interfaces/srv/detail/onoff__functions.h
[2.311s] -- Up-to-date: /home/pi/nav_ws/install/agv_interfaces/include/agv_interfaces/srv/detail/onoff__functions.c
[2.311s] -- Up-to-date: /home/pi/nav_ws/install/agv_interfaces/include/agv_interfaces/srv/detail/battery__type_support.h
[2.312s] -- Up-to-date: /home/pi/nav_ws/install/agv_interfaces/include/agv_interfaces/srv/detail/color__type_support.h
[2.313s] -- Up-to-date: /home/pi/nav_ws/install/agv_interfaces/include/agv_interfaces/srv/detail/reset_odom__functions.h
[2.313s] -- Up-to-date: /home/pi/nav_ws/install/agv_interfaces/include/agv_interfaces/srv/detail/reset_odom__functions.c
[2.314s] -- Up-to-date: /home/pi/nav_ws/install/agv_interfaces/include/agv_interfaces/srv/detail/save_color__functions.h
[2.314s] -- Up-to-date: /home/pi/nav_ws/install/agv_interfaces/include/agv_interfaces/srv/detail/reset_odom__type_support.h
[2.315s] -- Up-to-date: /home/pi/nav_ws/install/agv_interfaces/include/agv_interfaces/srv/detail/calg__functions.c
[2.315s] -- Up-to-date: /home/pi/nav_ws/install/agv_interfaces/include/agv_interfaces/srv/detail/battery__functions.h
[2.316s] -- Up-to-date: /home/pi/nav_ws/install/agv_interfaces/include/agv_interfaces/srv/detail/battery__functions.c
[2.316s] -- Up-to-date: /home/pi/nav_ws/install/agv_interfaces/include/agv_interfaces/srv/detail/calg__functions.h
[2.317s] -- Up-to-date: /home/pi/nav_ws/install/agv_interfaces/include/agv_interfaces/srv/detail/onoff__type_support.h
[2.317s] -- Up-to-date: /home/pi/nav_ws/install/agv_interfaces/include/agv_interfaces/srv/detail/save_color__type_support.h
[2.318s] -- Up-to-date: /home/pi/nav_ws/install/agv_interfaces/include/agv_interfaces/srv/detail/calg__type_support.h
[2.318s] -- Up-to-date: /home/pi/nav_ws/install/agv_interfaces/include/agv_interfaces/srv/detail/color__struct.h
[2.319s] -- Up-to-date: /home/pi/nav_ws/install/agv_interfaces/include/agv_interfaces/srv/detail/color__functions.h
[2.319s] -- Up-to-date: /home/pi/nav_ws/install/agv_interfaces/include/agv_interfaces/srv/detail/reset_odom__struct.h
[2.319s] -- Up-to-date: /home/pi/nav_ws/install/agv_interfaces/include/agv_interfaces/srv/detail/save_color__functions.c
[2.320s] -- Up-to-date: /home/pi/nav_ws/install/agv_interfaces/include/agv_interfaces/srv/detail/color__functions.c
[2.320s] -- Up-to-date: /home/pi/nav_ws/install/agv_interfaces/include/agv_interfaces/srv/detail/onoff__struct.h
[2.320s] -- Up-to-date: /home/pi/nav_ws/install/agv_interfaces/include/agv_interfaces/srv/detail/calg__struct.h
[2.321s] -- Up-to-date: /home/pi/nav_ws/install/agv_interfaces/include/agv_interfaces/srv/reset_odom.h
[2.321s] -- Up-to-date: /home/pi/nav_ws/install/agv_interfaces/include/agv_interfaces/srv/battery.h
[2.322s] -- Up-to-date: /home/pi/nav_ws/install/agv_interfaces/include/agv_interfaces/srv/calg.h
[2.322s] -- Up-to-date: /home/pi/nav_ws/install/agv_interfaces/include/agv_interfaces/srv/save_color.h
[2.322s] -- Up-to-date: /home/pi/nav_ws/install/agv_interfaces/share/agv_interfaces/environment/library_path.sh
[2.323s] -- Up-to-date: /home/pi/nav_ws/install/agv_interfaces/share/agv_interfaces/environment/library_path.dsv
[2.324s] -- Up-to-date: /home/pi/nav_ws/install/agv_interfaces/lib/libagv_interfaces__rosidl_generator_c.so
[2.324s] -- Up-to-date: /home/pi/nav_ws/install/agv_interfaces/include/agv_interfaces
[2.325s] -- Up-to-date: /home/pi/nav_ws/install/agv_interfaces/include/agv_interfaces/msg
[2.325s] -- Up-to-date: /home/pi/nav_ws/install/agv_interfaces/include/agv_interfaces/msg/rosidl_typesupport_fastrtps_c__visibility_control.h
[2.325s] -- Up-to-date: /home/pi/nav_ws/install/agv_interfaces/include/agv_interfaces/srv
[2.326s] -- Up-to-date: /home/pi/nav_ws/install/agv_interfaces/include/agv_interfaces/srv/detail
[2.326s] -- Up-to-date: /home/pi/nav_ws/install/agv_interfaces/include/agv_interfaces/srv/detail/calg__rosidl_typesupport_fastrtps_c.h
[2.327s] -- Up-to-date: /home/pi/nav_ws/install/agv_interfaces/include/agv_interfaces/srv/detail/battery__rosidl_typesupport_fastrtps_c.h
[2.327s] -- Up-to-date: /home/pi/nav_ws/install/agv_interfaces/include/agv_interfaces/srv/detail/color__rosidl_typesupport_fastrtps_c.h
[2.328s] -- Up-to-date: /home/pi/nav_ws/install/agv_interfaces/include/agv_interfaces/srv/detail/onoff__rosidl_typesupport_fastrtps_c.h
[2.328s] -- Up-to-date: /home/pi/nav_ws/install/agv_interfaces/include/agv_interfaces/srv/detail/save_color__rosidl_typesupport_fastrtps_c.h
[2.328s] -- Up-to-date: /home/pi/nav_ws/install/agv_interfaces/include/agv_interfaces/srv/detail/reset_odom__rosidl_typesupport_fastrtps_c.h
[2.330s] -- Up-to-date: /home/pi/nav_ws/install/agv_interfaces/lib/libagv_interfaces__rosidl_typesupport_fastrtps_c.so
[2.331s] -- Up-to-date: /home/pi/nav_ws/install/agv_interfaces/include/agv_interfaces
[2.332s] -- Up-to-date: /home/pi/nav_ws/install/agv_interfaces/include/agv_interfaces/msg
[2.332s] -- Up-to-date: /home/pi/nav_ws/install/agv_interfaces/include/agv_interfaces/msg/rosidl_typesupport_fastrtps_cpp__visibility_control.h
[2.333s] -- Up-to-date: /home/pi/nav_ws/install/agv_interfaces/include/agv_interfaces/srv
[2.333s] -- Up-to-date: /home/pi/nav_ws/install/agv_interfaces/include/agv_interfaces/srv/detail
[2.333s] -- Up-to-date: /home/pi/nav_ws/install/agv_interfaces/include/agv_interfaces/srv/detail/dds_fastrtps
[2.334s] -- Up-to-date: /home/pi/nav_ws/install/agv_interfaces/include/agv_interfaces/srv/detail/onoff__rosidl_typesupport_fastrtps_cpp.hpp
[2.334s] -- Up-to-date: /home/pi/nav_ws/install/agv_interfaces/include/agv_interfaces/srv/detail/color__rosidl_typesupport_fastrtps_cpp.hpp
[2.335s] -- Up-to-date: /home/pi/nav_ws/install/agv_interfaces/include/agv_interfaces/srv/detail/calg__rosidl_typesupport_fastrtps_cpp.hpp
[2.335s] -- Up-to-date: /home/pi/nav_ws/install/agv_interfaces/include/agv_interfaces/srv/detail/reset_odom__rosidl_typesupport_fastrtps_cpp.hpp
[2.335s] -- Up-to-date: /home/pi/nav_ws/install/agv_interfaces/include/agv_interfaces/srv/detail/battery__rosidl_typesupport_fastrtps_cpp.hpp
[2.336s] -- Up-to-date: /home/pi/nav_ws/install/agv_interfaces/include/agv_interfaces/srv/detail/save_color__rosidl_typesupport_fastrtps_cpp.hpp
[2.338s] -- Up-to-date: /home/pi/nav_ws/install/agv_interfaces/lib/libagv_interfaces__rosidl_typesupport_fastrtps_cpp.so
[2.340s] -- Up-to-date: /home/pi/nav_ws/install/agv_interfaces/include/agv_interfaces
[2.340s] -- Up-to-date: /home/pi/nav_ws/install/agv_interfaces/include/agv_interfaces/msg
[2.341s] -- Up-to-date: /home/pi/nav_ws/install/agv_interfaces/include/agv_interfaces/msg/rosidl_typesupport_introspection_c__visibility_control.h
[2.341s] -- Up-to-date: /home/pi/nav_ws/install/agv_interfaces/include/agv_interfaces/srv
[2.341s] -- Up-to-date: /home/pi/nav_ws/install/agv_interfaces/include/agv_interfaces/srv/detail
[2.342s] -- Up-to-date: /home/pi/nav_ws/install/agv_interfaces/include/agv_interfaces/srv/detail/onoff__rosidl_typesupport_introspection_c.h
[2.342s] -- Up-to-date: /home/pi/nav_ws/install/agv_interfaces/include/agv_interfaces/srv/detail/reset_odom__type_support.c
[2.343s] -- Up-to-date: /home/pi/nav_ws/install/agv_interfaces/include/agv_interfaces/srv/detail/battery__type_support.c
[2.343s] -- Up-to-date: /home/pi/nav_ws/install/agv_interfaces/include/agv_interfaces/srv/detail/calg__type_support.c
[2.344s] -- Up-to-date: /home/pi/nav_ws/install/agv_interfaces/include/agv_interfaces/srv/detail/save_color__rosidl_typesupport_introspection_c.h
[2.344s] -- Up-to-date: /home/pi/nav_ws/install/agv_interfaces/include/agv_interfaces/srv/detail/calg__rosidl_typesupport_introspection_c.h
[2.344s] -- Up-to-date: /home/pi/nav_ws/install/agv_interfaces/include/agv_interfaces/srv/detail/save_color__type_support.c
[2.345s] -- Up-to-date: /home/pi/nav_ws/install/agv_interfaces/include/agv_interfaces/srv/detail/reset_odom__rosidl_typesupport_introspection_c.h
[2.345s] -- Up-to-date: /home/pi/nav_ws/install/agv_interfaces/include/agv_interfaces/srv/detail/onoff__type_support.c
[2.345s] -- Up-to-date: /home/pi/nav_ws/install/agv_interfaces/include/agv_interfaces/srv/detail/color__type_support.c
[2.346s] -- Up-to-date: /home/pi/nav_ws/install/agv_interfaces/include/agv_interfaces/srv/detail/battery__rosidl_typesupport_introspection_c.h
[2.346s] -- Up-to-date: /home/pi/nav_ws/install/agv_interfaces/include/agv_interfaces/srv/detail/color__rosidl_typesupport_introspection_c.h
[2.348s] -- Up-to-date: /home/pi/nav_ws/install/agv_interfaces/lib/libagv_interfaces__rosidl_typesupport_introspection_c.so
[2.352s] -- Up-to-date: /home/pi/nav_ws/install/agv_interfaces/lib/libagv_interfaces__rosidl_typesupport_c.so
[2.353s] -- Up-to-date: /home/pi/nav_ws/install/agv_interfaces/include/agv_interfaces
[2.353s] -- Up-to-date: /home/pi/nav_ws/install/agv_interfaces/include/agv_interfaces/msg
[2.354s] -- Up-to-date: /home/pi/nav_ws/install/agv_interfaces/include/agv_interfaces/msg/rosidl_generator_cpp__visibility_control.hpp
[2.354s] -- Up-to-date: /home/pi/nav_ws/install/agv_interfaces/include/agv_interfaces/srv
[2.355s] -- Up-to-date: /home/pi/nav_ws/install/agv_interfaces/include/agv_interfaces/srv/color.hpp
[2.355s] -- Up-to-date: /home/pi/nav_ws/install/agv_interfaces/include/agv_interfaces/srv/save_color.hpp
[2.356s] -- Up-to-date: /home/pi/nav_ws/install/agv_interfaces/include/agv_interfaces/srv/battery.hpp
[2.356s] -- Up-to-date: /home/pi/nav_ws/install/agv_interfaces/include/agv_interfaces/srv/detail
[2.357s] -- Up-to-date: /home/pi/nav_ws/install/agv_interfaces/include/agv_interfaces/srv/detail/battery__traits.hpp
[2.357s] -- Up-to-date: /home/pi/nav_ws/install/agv_interfaces/include/agv_interfaces/srv/detail/calg__traits.hpp
[2.358s] -- Up-to-date: /home/pi/nav_ws/install/agv_interfaces/include/agv_interfaces/srv/detail/save_color__type_support.hpp
[2.358s] -- Up-to-date: /home/pi/nav_ws/install/agv_interfaces/include/agv_interfaces/srv/detail/battery__builder.hpp
[2.359s] -- Up-to-date: /home/pi/nav_ws/install/agv_interfaces/include/agv_interfaces/srv/detail/onoff__type_support.hpp
[2.359s] -- Up-to-date: /home/pi/nav_ws/install/agv_interfaces/include/agv_interfaces/srv/detail/calg__type_support.hpp
[2.359s] -- Up-to-date: /home/pi/nav_ws/install/agv_interfaces/include/agv_interfaces/srv/detail/onoff__builder.hpp
[2.360s] -- Up-to-date: /home/pi/nav_ws/install/agv_interfaces/include/agv_interfaces/srv/detail/reset_odom__struct.hpp
[2.360s] -- Up-to-date: /home/pi/nav_ws/install/agv_interfaces/include/agv_interfaces/srv/detail/reset_odom__type_support.hpp
[2.361s] -- Up-to-date: /home/pi/nav_ws/install/agv_interfaces/include/agv_interfaces/srv/detail/color__traits.hpp
[2.361s] -- Up-to-date: /home/pi/nav_ws/install/agv_interfaces/include/agv_interfaces/srv/detail/color__type_support.hpp
[2.362s] -- Up-to-date: /home/pi/nav_ws/install/agv_interfaces/include/agv_interfaces/srv/detail/onoff__traits.hpp
[2.362s] -- Up-to-date: /home/pi/nav_ws/install/agv_interfaces/include/agv_interfaces/srv/detail/save_color__traits.hpp
[2.363s] -- Up-to-date: /home/pi/nav_ws/install/agv_interfaces/include/agv_interfaces/srv/detail/calg__builder.hpp
[2.363s] -- Up-to-date: /home/pi/nav_ws/install/agv_interfaces/include/agv_interfaces/srv/detail/reset_odom__traits.hpp
[2.364s] -- Up-to-date: /home/pi/nav_ws/install/agv_interfaces/include/agv_interfaces/srv/detail/calg__struct.hpp
[2.364s] -- Up-to-date: /home/pi/nav_ws/install/agv_interfaces/include/agv_interfaces/srv/detail/battery__struct.hpp
[2.365s] -- Up-to-date: /home/pi/nav_ws/install/agv_interfaces/include/agv_interfaces/srv/detail/color__struct.hpp
[2.365s] -- Up-to-date: /home/pi/nav_ws/install/agv_interfaces/include/agv_interfaces/srv/detail/reset_odom__builder.hpp
[2.366s] -- Up-to-date: /home/pi/nav_ws/install/agv_interfaces/include/agv_interfaces/srv/detail/save_color__struct.hpp
[2.366s] -- Up-to-date: /home/pi/nav_ws/install/agv_interfaces/include/agv_interfaces/srv/detail/color__builder.hpp
[2.366s] -- Up-to-date: /home/pi/nav_ws/install/agv_interfaces/include/agv_interfaces/srv/detail/onoff__struct.hpp
[2.367s] -- Up-to-date: /home/pi/nav_ws/install/agv_interfaces/include/agv_interfaces/srv/detail/battery__type_support.hpp
[2.367s] -- Up-to-date: /home/pi/nav_ws/install/agv_interfaces/include/agv_interfaces/srv/detail/save_color__builder.hpp
[2.367s] -- Up-to-date: /home/pi/nav_ws/install/agv_interfaces/include/agv_interfaces/srv/reset_odom.hpp
[2.368s] -- Up-to-date: /home/pi/nav_ws/install/agv_interfaces/include/agv_interfaces/srv/onoff.hpp
[2.368s] -- Up-to-date: /home/pi/nav_ws/install/agv_interfaces/include/agv_interfaces/srv/calg.hpp
[2.368s] -- Up-to-date: /home/pi/nav_ws/install/agv_interfaces/include/agv_interfaces
[2.368s] -- Up-to-date: /home/pi/nav_ws/install/agv_interfaces/include/agv_interfaces/srv
[2.369s] -- Up-to-date: /home/pi/nav_ws/install/agv_interfaces/include/agv_interfaces/srv/detail
[2.369s] -- Up-to-date: /home/pi/nav_ws/install/agv_interfaces/include/agv_interfaces/srv/detail/save_color__rosidl_typesupport_introspection_cpp.hpp
[2.369s] -- Up-to-date: /home/pi/nav_ws/install/agv_interfaces/include/agv_interfaces/srv/detail/calg__type_support.cpp
[2.370s] -- Up-to-date: /home/pi/nav_ws/install/agv_interfaces/include/agv_interfaces/srv/detail/battery__type_support.cpp
[2.370s] -- Up-to-date: /home/pi/nav_ws/install/agv_interfaces/include/agv_interfaces/srv/detail/reset_odom__rosidl_typesupport_introspection_cpp.hpp
[2.370s] -- Up-to-date: /home/pi/nav_ws/install/agv_interfaces/include/agv_interfaces/srv/detail/onoff__rosidl_typesupport_introspection_cpp.hpp
[2.371s] -- Up-to-date: /home/pi/nav_ws/install/agv_interfaces/include/agv_interfaces/srv/detail/save_color__type_support.cpp
[2.371s] -- Up-to-date: /home/pi/nav_ws/install/agv_interfaces/include/agv_interfaces/srv/detail/color__rosidl_typesupport_introspection_cpp.hpp
[2.371s] -- Up-to-date: /home/pi/nav_ws/install/agv_interfaces/include/agv_interfaces/srv/detail/battery__rosidl_typesupport_introspection_cpp.hpp
[2.371s] -- Up-to-date: /home/pi/nav_ws/install/agv_interfaces/include/agv_interfaces/srv/detail/calg__rosidl_typesupport_introspection_cpp.hpp
[2.372s] -- Up-to-date: /home/pi/nav_ws/install/agv_interfaces/include/agv_interfaces/srv/detail/onoff__type_support.cpp
[2.372s] -- Up-to-date: /home/pi/nav_ws/install/agv_interfaces/include/agv_interfaces/srv/detail/reset_odom__type_support.cpp
[2.372s] -- Up-to-date: /home/pi/nav_ws/install/agv_interfaces/include/agv_interfaces/srv/detail/color__type_support.cpp
[2.373s] -- Up-to-date: /home/pi/nav_ws/install/agv_interfaces/lib/libagv_interfaces__rosidl_typesupport_introspection_cpp.so
[2.374s] -- Up-to-date: /home/pi/nav_ws/install/agv_interfaces/lib/libagv_interfaces__rosidl_typesupport_cpp.so
[2.375s] -- Up-to-date: /home/pi/nav_ws/install/agv_interfaces/share/agv_interfaces/environment/pythonpath.sh
[2.376s] -- Up-to-date: /home/pi/nav_ws/install/agv_interfaces/share/agv_interfaces/environment/pythonpath.dsv
[2.377s] -- Up-to-date: /home/pi/nav_ws/install/agv_interfaces/lib/python3.8/site-packages/agv_interfaces/__init__.py
[2.517s] -- Up-to-date: /home/pi/nav_ws/install/agv_interfaces/lib/python3.8/site-packages/agv_interfaces/srv
[2.518s] -- Up-to-date: /home/pi/nav_ws/install/agv_interfaces/lib/python3.8/site-packages/agv_interfaces/srv/_onoff_s.c
[2.519s] -- Up-to-date: /home/pi/nav_ws/install/agv_interfaces/lib/python3.8/site-packages/agv_interfaces/srv/_reset_odom_s.c
[2.519s] -- Up-to-date: /home/pi/nav_ws/install/agv_interfaces/lib/python3.8/site-packages/agv_interfaces/srv/_calg_s.c
[2.520s] -- Up-to-date: /home/pi/nav_ws/install/agv_interfaces/lib/python3.8/site-packages/agv_interfaces/srv/_reset_odom.py
[2.520s] -- Up-to-date: /home/pi/nav_ws/install/agv_interfaces/lib/python3.8/site-packages/agv_interfaces/srv/_save_color_s.c
[2.520s] -- Up-to-date: /home/pi/nav_ws/install/agv_interfaces/lib/python3.8/site-packages/agv_interfaces/srv/_color.py
[2.521s] -- Up-to-date: /home/pi/nav_ws/install/agv_interfaces/lib/python3.8/site-packages/agv_interfaces/srv/_battery.py
[2.521s] -- Up-to-date: /home/pi/nav_ws/install/agv_interfaces/lib/python3.8/site-packages/agv_interfaces/srv/_color_s.c
[2.521s] -- Up-to-date: /home/pi/nav_ws/install/agv_interfaces/lib/python3.8/site-packages/agv_interfaces/srv/_onoff.py
[2.522s] -- Up-to-date: /home/pi/nav_ws/install/agv_interfaces/lib/python3.8/site-packages/agv_interfaces/srv/_battery_s.c
[2.522s] -- Up-to-date: /home/pi/nav_ws/install/agv_interfaces/lib/python3.8/site-packages/agv_interfaces/srv/_calg.py
[2.522s] -- Up-to-date: /home/pi/nav_ws/install/agv_interfaces/lib/python3.8/site-packages/agv_interfaces/srv/_save_color.py
[2.523s] -- Up-to-date: /home/pi/nav_ws/install/agv_interfaces/lib/python3.8/site-packages/agv_interfaces/srv/__init__.py
[2.525s] -- Up-to-date: /home/pi/nav_ws/install/agv_interfaces/lib/python3.8/site-packages/agv_interfaces/agv_interfaces_s__rosidl_typesupport_fastrtps_c.cpython-38-aarch64-linux-gnu.so
[2.530s] -- Up-to-date: /home/pi/nav_ws/install/agv_interfaces/lib/python3.8/site-packages/agv_interfaces/agv_interfaces_s__rosidl_typesupport_introspection_c.cpython-38-aarch64-linux-gnu.so
[2.536s] -- Up-to-date: /home/pi/nav_ws/install/agv_interfaces/lib/python3.8/site-packages/agv_interfaces/agv_interfaces_s__rosidl_typesupport_c.cpython-38-aarch64-linux-gnu.so
[2.540s] -- Up-to-date: /home/pi/nav_ws/install/agv_interfaces/lib/libagv_interfaces__python.so
[2.542s] -- Up-to-date: /home/pi/nav_ws/install/agv_interfaces/share/agv_interfaces/srv/Battery.idl
[2.542s] -- Up-to-date: /home/pi/nav_ws/install/agv_interfaces/share/agv_interfaces/srv/Calg.idl
[2.543s] -- Up-to-date: /home/pi/nav_ws/install/agv_interfaces/share/agv_interfaces/srv/Color.idl
[2.543s] -- Up-to-date: /home/pi/nav_ws/install/agv_interfaces/share/agv_interfaces/srv/Onoff.idl
[2.544s] -- Up-to-date: /home/pi/nav_ws/install/agv_interfaces/share/agv_interfaces/srv/ResetOdom.idl
[2.544s] -- Up-to-date: /home/pi/nav_ws/install/agv_interfaces/share/agv_interfaces/srv/SaveColor.idl
[2.545s] -- Up-to-date: /home/pi/nav_ws/install/agv_interfaces/share/agv_interfaces/srv/Battery.srv
[2.545s] -- Up-to-date: /home/pi/nav_ws/install/agv_interfaces/share/agv_interfaces/srv/Battery_Request.msg
[2.546s] -- Up-to-date: /home/pi/nav_ws/install/agv_interfaces/share/agv_interfaces/srv/Battery_Response.msg
[2.546s] -- Up-to-date: /home/pi/nav_ws/install/agv_interfaces/share/agv_interfaces/srv/Calg.srv
[2.547s] -- Up-to-date: /home/pi/nav_ws/install/agv_interfaces/share/agv_interfaces/srv/Calg_Request.msg
[2.547s] -- Up-to-date: /home/pi/nav_ws/install/agv_interfaces/share/agv_interfaces/srv/Calg_Response.msg
[2.548s] -- Up-to-date: /home/pi/nav_ws/install/agv_interfaces/share/agv_interfaces/srv/Color.srv
[2.548s] -- Up-to-date: /home/pi/nav_ws/install/agv_interfaces/share/agv_interfaces/srv/Color_Request.msg
[2.549s] -- Up-to-date: /home/pi/nav_ws/install/agv_interfaces/share/agv_interfaces/srv/Color_Response.msg
[2.549s] -- Up-to-date: /home/pi/nav_ws/install/agv_interfaces/share/agv_interfaces/srv/Onoff.srv
[2.550s] -- Up-to-date: /home/pi/nav_ws/install/agv_interfaces/share/agv_interfaces/srv/Onoff_Request.msg
[2.550s] -- Up-to-date: /home/pi/nav_ws/install/agv_interfaces/share/agv_interfaces/srv/Onoff_Response.msg
[2.551s] -- Up-to-date: /home/pi/nav_ws/install/agv_interfaces/share/agv_interfaces/srv/ResetOdom.srv
[2.551s] -- Up-to-date: /home/pi/nav_ws/install/agv_interfaces/share/agv_interfaces/srv/ResetOdom_Request.msg
[2.552s] -- Up-to-date: /home/pi/nav_ws/install/agv_interfaces/share/agv_interfaces/srv/ResetOdom_Response.msg
[2.552s] -- Up-to-date: /home/pi/nav_ws/install/agv_interfaces/share/agv_interfaces/srv/SaveColor.srv
[2.553s] -- Up-to-date: /home/pi/nav_ws/install/agv_interfaces/share/agv_interfaces/srv/SaveColor_Request.msg
[2.553s] -- Up-to-date: /home/pi/nav_ws/install/agv_interfaces/share/agv_interfaces/srv/SaveColor_Response.msg
[2.553s] -- Up-to-date: /home/pi/nav_ws/install/agv_interfaces/share/ament_index/resource_index/package_run_dependencies/agv_interfaces
[2.554s] -- Up-to-date: /home/pi/nav_ws/install/agv_interfaces/share/ament_index/resource_index/parent_prefix_path/agv_interfaces
[2.555s] -- Up-to-date: /home/pi/nav_ws/install/agv_interfaces/share/agv_interfaces/environment/ament_prefix_path.sh
[2.555s] -- Up-to-date: /home/pi/nav_ws/install/agv_interfaces/share/agv_interfaces/environment/ament_prefix_path.dsv
[2.556s] -- Up-to-date: /home/pi/nav_ws/install/agv_interfaces/share/agv_interfaces/environment/path.sh
[2.556s] -- Up-to-date: /home/pi/nav_ws/install/agv_interfaces/share/agv_interfaces/environment/path.dsv
[2.557s] -- Up-to-date: /home/pi/nav_ws/install/agv_interfaces/share/agv_interfaces/local_setup.bash
[2.557s] -- Up-to-date: /home/pi/nav_ws/install/agv_interfaces/share/agv_interfaces/local_setup.sh
[2.557s] -- Up-to-date: /home/pi/nav_ws/install/agv_interfaces/share/agv_interfaces/local_setup.zsh
[2.558s] -- Up-to-date: /home/pi/nav_ws/install/agv_interfaces/share/agv_interfaces/local_setup.dsv
[2.558s] -- Installing: /home/pi/nav_ws/install/agv_interfaces/share/agv_interfaces/package.dsv
[2.561s] -- Up-to-date: /home/pi/nav_ws/install/agv_interfaces/share/ament_index/resource_index/packages/agv_interfaces
[2.564s] -- Up-to-date: /home/pi/nav_ws/install/agv_interfaces/share/agv_interfaces/cmake/agv_interfaces__rosidl_generator_cExport.cmake
[2.564s] -- Up-to-date: /home/pi/nav_ws/install/agv_interfaces/share/agv_interfaces/cmake/agv_interfaces__rosidl_generator_cExport-noconfig.cmake
[2.567s] -- Up-to-date: /home/pi/nav_ws/install/agv_interfaces/share/agv_interfaces/cmake/agv_interfaces__rosidl_typesupport_introspection_cExport.cmake
[2.567s] -- Up-to-date: /home/pi/nav_ws/install/agv_interfaces/share/agv_interfaces/cmake/agv_interfaces__rosidl_typesupport_introspection_cExport-noconfig.cmake
[2.569s] -- Up-to-date: /home/pi/nav_ws/install/agv_interfaces/share/agv_interfaces/cmake/agv_interfaces__rosidl_typesupport_cExport.cmake
[2.570s] -- Up-to-date: /home/pi/nav_ws/install/agv_interfaces/share/agv_interfaces/cmake/agv_interfaces__rosidl_typesupport_cExport-noconfig.cmake
[2.572s] -- Up-to-date: /home/pi/nav_ws/install/agv_interfaces/share/agv_interfaces/cmake/agv_interfaces__rosidl_generator_cppExport.cmake
[2.574s] -- Up-to-date: /home/pi/nav_ws/install/agv_interfaces/share/agv_interfaces/cmake/agv_interfaces__rosidl_typesupport_introspection_cppExport.cmake
[2.575s] -- Up-to-date: /home/pi/nav_ws/install/agv_interfaces/share/agv_interfaces/cmake/agv_interfaces__rosidl_typesupport_introspection_cppExport-noconfig.cmake
[2.577s] -- Up-to-date: /home/pi/nav_ws/install/agv_interfaces/share/agv_interfaces/cmake/agv_interfaces__rosidl_typesupport_cppExport.cmake
[2.578s] -- Up-to-date: /home/pi/nav_ws/install/agv_interfaces/share/agv_interfaces/cmake/agv_interfaces__rosidl_typesupport_cppExport-noconfig.cmake
[2.578s] -- Up-to-date: /home/pi/nav_ws/install/agv_interfaces/share/agv_interfaces/cmake/rosidl_cmake-extras.cmake
[2.579s] -- Up-to-date: /home/pi/nav_ws/install/agv_interfaces/share/agv_interfaces/cmake/ament_cmake_export_dependencies-extras.cmake
[2.579s] -- Up-to-date: /home/pi/nav_ws/install/agv_interfaces/share/agv_interfaces/cmake/ament_cmake_export_libraries-extras.cmake
[2.580s] -- Up-to-date: /home/pi/nav_ws/install/agv_interfaces/share/agv_interfaces/cmake/ament_cmake_export_targets-extras.cmake
[2.580s] -- Up-to-date: /home/pi/nav_ws/install/agv_interfaces/share/agv_interfaces/cmake/ament_cmake_export_include_directories-extras.cmake
[2.581s] -- Up-to-date: /home/pi/nav_ws/install/agv_interfaces/share/agv_interfaces/cmake/rosidl_cmake_export_typesupport_libraries-extras.cmake
[2.581s] -- Up-to-date: /home/pi/nav_ws/install/agv_interfaces/share/agv_interfaces/cmake/rosidl_cmake_export_typesupport_targets-extras.cmake
[2.582s] -- Up-to-date: /home/pi/nav_ws/install/agv_interfaces/share/agv_interfaces/cmake/agv_interfacesConfig.cmake
[2.583s] -- Up-to-date: /home/pi/nav_ws/install/agv_interfaces/share/agv_interfaces/cmake/agv_interfacesConfig-version.cmake
[2.583s] -- Up-to-date: /home/pi/nav_ws/install/agv_interfaces/share/agv_interfaces/package.xml
[2.593s] Invoked command in '/home/pi/nav_ws/build/agv_interfaces' returned '0': CMAKE_PREFIX_PATH=/opt/ros/foxy /usr/bin/cmake --install /home/pi/nav_ws/build/agv_interfaces
