[0.152s] Invoking command in '/home/pi/nav_ws/build/agv_navigation2': CMAKE_PREFIX_PATH=${CMAKE_PREFIX_PATH}:/home/pi/nav_ws/install/agv_bringup:/home/pi/ydlidar_ros2_ws/install/nav2_gazebo_spawner:/home/pi/ydlidar_ros2_ws/install/jdamr200_teleop:/home/pi/ydlidar_ros2_ws/install/jdamr200_node:/opt/ros/foxy /usr/bin/cmake --build /home/pi/nav_ws/build/agv_navigation2 -- -j4 -l4
[0.374s] Invoked command in '/home/pi/nav_ws/build/agv_navigation2' returned '0': CMAKE_PREFIX_PATH=${CMAKE_PREFIX_PATH}:/home/pi/nav_ws/install/agv_bringup:/home/pi/ydlidar_ros2_ws/install/nav2_gazebo_spawner:/home/pi/ydlidar_ros2_ws/install/jdamr200_teleop:/home/pi/ydlidar_ros2_ws/install/jdamr200_node:/opt/ros/foxy /usr/bin/cmake --build /home/pi/nav_ws/build/agv_navigation2 -- -j4 -l4
[0.674s] Invoking command in '/home/pi/nav_ws/build/agv_navigation2': CMAKE_PREFIX_PATH=${CMAKE_PREFIX_PATH}:/home/pi/nav_ws/install/agv_bringup:/home/pi/ydlidar_ros2_ws/install/nav2_gazebo_spawner:/home/pi/ydlidar_ros2_ws/install/jdamr200_teleop:/home/pi/ydlidar_ros2_ws/install/jdamr200_node:/opt/ros/foxy /usr/bin/cmake --install /home/pi/nav_ws/build/agv_navigation2
[0.742s] -- Install configuration: ""
[0.743s] -- Up-to-date: /home/pi/nav_ws/install/agv_navigation2/share/agv_navigation2/launch
[0.744s] -- Up-to-date: /home/pi/nav_ws/install/agv_navigation2/share/agv_navigation2/launch/navigation2.launch.py
[0.744s] -- Up-to-date: /home/pi/nav_ws/install/agv_navigation2/share/agv_navigation2/launch/navigation2_rviz.launch.py
[0.745s] -- Up-to-date: /home/pi/nav_ws/install/agv_navigation2/share/agv_navigation2/map
[0.746s] -- Up-to-date: /home/pi/nav_ws/install/agv_navigation2/share/agv_navigation2/map/test7_map.yaml
[0.747s] -- Up-to-date: /home/pi/nav_ws/install/agv_navigation2/share/agv_navigation2/map/turtlebot3_world.pgm
[0.748s] -- Up-to-date: /home/pi/nav_ws/install/agv_navigation2/share/agv_navigation2/map/turtlebot3_world.yaml
[0.749s] -- Up-to-date: /home/pi/nav_ws/install/agv_navigation2/share/agv_navigation2/map/test7_map.pgm
[0.750s] -- Up-to-date: /home/pi/nav_ws/install/agv_navigation2/share/agv_navigation2/param
[0.750s] -- Up-to-date: /home/pi/nav_ws/install/agv_navigation2/share/agv_navigation2/param/follow_point_bt.xml
[0.753s] -- Up-to-date: /home/pi/nav_ws/install/agv_navigation2/share/agv_navigation2/param/agv.yaml
[0.753s] -- Up-to-date: /home/pi/nav_ws/install/agv_navigation2/share/agv_navigation2/rviz
[0.754s] -- Up-to-date: /home/pi/nav_ws/install/agv_navigation2/share/agv_navigation2/rviz/tb3_navigation2.rviz
[0.754s] -- Up-to-date: /home/pi/nav_ws/install/agv_navigation2/share/ament_index/resource_index/package_run_dependencies/agv_navigation2
[0.754s] -- Up-to-date: /home/pi/nav_ws/install/agv_navigation2/share/ament_index/resource_index/parent_prefix_path/agv_navigation2
[0.755s] -- Up-to-date: /home/pi/nav_ws/install/agv_navigation2/share/agv_navigation2/environment/ament_prefix_path.sh
[0.755s] -- Up-to-date: /home/pi/nav_ws/install/agv_navigation2/share/agv_navigation2/environment/ament_prefix_path.dsv
[0.756s] -- Up-to-date: /home/pi/nav_ws/install/agv_navigation2/share/agv_navigation2/environment/path.sh
[0.756s] -- Up-to-date: /home/pi/nav_ws/install/agv_navigation2/share/agv_navigation2/environment/path.dsv
[0.757s] -- Up-to-date: /home/pi/nav_ws/install/agv_navigation2/share/agv_navigation2/local_setup.bash
[0.757s] -- Up-to-date: /home/pi/nav_ws/install/agv_navigation2/share/agv_navigation2/local_setup.sh
[0.758s] -- Up-to-date: /home/pi/nav_ws/install/agv_navigation2/share/agv_navigation2/local_setup.zsh
[0.758s] -- Up-to-date: /home/pi/nav_ws/install/agv_navigation2/share/agv_navigation2/local_setup.dsv
[0.759s] -- Installing: /home/pi/nav_ws/install/agv_navigation2/share/agv_navigation2/package.dsv
[0.759s] -- Up-to-date: /home/pi/nav_ws/install/agv_navigation2/share/ament_index/resource_index/packages/agv_navigation2
[0.759s] -- Up-to-date: /home/pi/nav_ws/install/agv_navigation2/share/agv_navigation2/cmake/agv_navigation2Config.cmake
[0.760s] -- Up-to-date: /home/pi/nav_ws/install/agv_navigation2/share/agv_navigation2/cmake/agv_navigation2Config-version.cmake
[0.760s] -- Up-to-date: /home/pi/nav_ws/install/agv_navigation2/share/agv_navigation2/package.xml
[0.870s] Invoked command in '/home/pi/nav_ws/build/agv_navigation2' returned '0': CMAKE_PREFIX_PATH=${CMAKE_PREFIX_PATH}:/home/pi/nav_ws/install/agv_bringup:/home/pi/ydlidar_ros2_ws/install/nav2_gazebo_spawner:/home/pi/ydlidar_ros2_ws/install/jdamr200_teleop:/home/pi/ydlidar_ros2_ws/install/jdamr200_node:/opt/ros/foxy /usr/bin/cmake --install /home/pi/nav_ws/build/agv_navigation2
