[0.095s] Invoking command in '/home/pi/ydlidar_ros2_ws/build/myagv_bringup': CMAKE_PREFIX_PATH=/home/pi/ydlidar_ros2_ws/install/myagv_description:/home/pi/ydlidar_ros2_ws/install/ydlidar_ros2_driver:/home/pi/ydlidar_ros2_ws/install/ps2_controller:/home/pi/ydlidar_ros2_ws/install/nav2_common:/home/pi/ydlidar_ros2_ws/install/myagv_navigation2:/home/pi/ydlidar_ros2_ws/install/myagv_bringup:/home/pi/ydlidar_ros2_ws/install/nav2_gazebo_spawner:/home/pi/ydlidar_ros2_ws/install/jdamr200_teleop:/home/pi/ydlidar_ros2_ws/install/jdamr200_node:/opt/ros/foxy /usr/bin/cmake --build /home/pi/ydlidar_ros2_ws/build/myagv_bringup -- -j4 -l4
[0.279s] Invoked command in '/home/pi/ydlidar_ros2_ws/build/myagv_bringup' returned '0': CMAKE_PREFIX_PATH=/home/pi/ydlidar_ros2_ws/install/myagv_description:/home/pi/ydlidar_ros2_ws/install/ydlidar_ros2_driver:/home/pi/ydlidar_ros2_ws/install/ps2_controller:/home/pi/ydlidar_ros2_ws/install/nav2_common:/home/pi/ydlidar_ros2_ws/install/myagv_navigation2:/home/pi/ydlidar_ros2_ws/install/myagv_bringup:/home/pi/ydlidar_ros2_ws/install/nav2_gazebo_spawner:/home/pi/ydlidar_ros2_ws/install/jdamr200_teleop:/home/pi/ydlidar_ros2_ws/install/jdamr200_node:/opt/ros/foxy /usr/bin/cmake --build /home/pi/ydlidar_ros2_ws/build/myagv_bringup -- -j4 -l4
[0.393s] Invoking command in '/home/pi/ydlidar_ros2_ws/build/myagv_bringup': CMAKE_PREFIX_PATH=/home/pi/ydlidar_ros2_ws/install/myagv_description:/home/pi/ydlidar_ros2_ws/install/ydlidar_ros2_driver:/home/pi/ydlidar_ros2_ws/install/ps2_controller:/home/pi/ydlidar_ros2_ws/install/nav2_common:/home/pi/ydlidar_ros2_ws/install/myagv_navigation2:/home/pi/ydlidar_ros2_ws/install/myagv_bringup:/home/pi/ydlidar_ros2_ws/install/nav2_gazebo_spawner:/home/pi/ydlidar_ros2_ws/install/jdamr200_teleop:/home/pi/ydlidar_ros2_ws/install/jdamr200_node:/opt/ros/foxy /usr/bin/cmake --install /home/pi/ydlidar_ros2_ws/build/myagv_bringup
[0.454s] -- Install configuration: ""
[0.457s] -- Up-to-date: /home/pi/ydlidar_ros2_ws/install/myagv_bringup/share/myagv_bringup/launch
[0.462s] -- Up-to-date: /home/pi/ydlidar_ros2_ws/install/myagv_bringup/share/myagv_bringup/launch/myagv_state_publisher.launch.py
[0.468s] -- Installing: /home/pi/ydlidar_ros2_ws/install/myagv_bringup/share/myagv_bringup/launch/myagv.launch.py
[0.472s] -- Up-to-date: /home/pi/ydlidar_ros2_ws/install/myagv_bringup/share/ament_index/resource_index/package_run_dependencies/myagv_bringup
[0.476s] -- Up-to-date: /home/pi/ydlidar_ros2_ws/install/myagv_bringup/share/ament_index/resource_index/parent_prefix_path/myagv_bringup
[0.478s] -- Up-to-date: /home/pi/ydlidar_ros2_ws/install/myagv_bringup/share/myagv_bringup/environment/ament_prefix_path.sh
[0.481s] -- Up-to-date: /home/pi/ydlidar_ros2_ws/install/myagv_bringup/share/myagv_bringup/environment/ament_prefix_path.dsv
[0.486s] -- Up-to-date: /home/pi/ydlidar_ros2_ws/install/myagv_bringup/share/myagv_bringup/environment/path.sh
[0.491s] -- Up-to-date: /home/pi/ydlidar_ros2_ws/install/myagv_bringup/share/myagv_bringup/environment/path.dsv
[0.497s] -- Up-to-date: /home/pi/ydlidar_ros2_ws/install/myagv_bringup/share/myagv_bringup/local_setup.bash
[0.504s] -- Up-to-date: /home/pi/ydlidar_ros2_ws/install/myagv_bringup/share/myagv_bringup/local_setup.sh
[0.506s] -- Up-to-date: /home/pi/ydlidar_ros2_ws/install/myagv_bringup/share/myagv_bringup/local_setup.zsh
[0.513s] -- Up-to-date: /home/pi/ydlidar_ros2_ws/install/myagv_bringup/share/myagv_bringup/local_setup.dsv
[0.516s] -- Installing: /home/pi/ydlidar_ros2_ws/install/myagv_bringup/share/myagv_bringup/package.dsv
[0.519s] -- Up-to-date: /home/pi/ydlidar_ros2_ws/install/myagv_bringup/share/ament_index/resource_index/packages/myagv_bringup
[0.522s] -- Up-to-date: /home/pi/ydlidar_ros2_ws/install/myagv_bringup/share/myagv_bringup/cmake/myagv_bringupConfig.cmake
[0.526s] -- Up-to-date: /home/pi/ydlidar_ros2_ws/install/myagv_bringup/share/myagv_bringup/cmake/myagv_bringupConfig-version.cmake
[0.529s] -- Up-to-date: /home/pi/ydlidar_ros2_ws/install/myagv_bringup/share/myagv_bringup/package.xml
[0.532s] Invoked command in '/home/pi/ydlidar_ros2_ws/build/myagv_bringup' returned '0': CMAKE_PREFIX_PATH=/home/pi/ydlidar_ros2_ws/install/myagv_description:/home/pi/ydlidar_ros2_ws/install/ydlidar_ros2_driver:/home/pi/ydlidar_ros2_ws/install/ps2_controller:/home/pi/ydlidar_ros2_ws/install/nav2_common:/home/pi/ydlidar_ros2_ws/install/myagv_navigation2:/home/pi/ydlidar_ros2_ws/install/myagv_bringup:/home/pi/ydlidar_ros2_ws/install/nav2_gazebo_spawner:/home/pi/ydlidar_ros2_ws/install/jdamr200_teleop:/home/pi/ydlidar_ros2_ws/install/jdamr200_node:/opt/ros/foxy /usr/bin/cmake --install /home/pi/ydlidar_ros2_ws/build/myagv_bringup
