[2.591s] Invoking command in '/home/pi/finalagv_ros2_ws/src/agv': PYTHONPATH=/home/pi/finalagv_ros2_ws/build/agv/prefix_override:/usr/lib/python3/dist-packages/colcon_core/task/python/colcon_distutils_commands:/home/pi/finalagv_ros2_ws/install/agv/lib/python3.8/site-packages:${PYTHONPATH} /usr/bin/python3 -W ignore:setup.py install is deprecated setup.py egg_info --egg-base ../../build/agv build --build-base /home/pi/finalagv_ros2_ws/build/agv/build install --record /home/pi/finalagv_ros2_ws/build/agv/install.log --install-scripts $base/lib/agv --single-version-externally-managed install_data
[3.471s] running egg_info
[3.473s] writing ../../build/agv/agv.egg-info/PKG-INFO
[3.474s] writing dependency_links to ../../build/agv/agv.egg-info/dependency_links.txt
[3.474s] writing entry points to ../../build/agv/agv.egg-info/entry_points.txt
[3.475s] writing requirements to ../../build/agv/agv.egg-info/requires.txt
[3.476s] writing top-level names to ../../build/agv/agv.egg-info/top_level.txt
[3.601s] reading manifest file '../../build/agv/agv.egg-info/SOURCES.txt'
[3.604s] writing manifest file '../../build/agv/agv.egg-info/SOURCES.txt'
[3.605s] running build
[3.605s] running build_py
[3.608s] running install
[3.611s] running install_lib
[3.619s] running install_data
[3.619s] running install_egg_info
[3.626s] removing '/home/pi/finalagv_ros2_ws/install/agv/lib/python3.8/site-packages/agv-0.0.0-py3.8.egg-info' (and everything under it)
[3.627s] Copying ../../build/agv/agv.egg-info to /home/pi/finalagv_ros2_ws/install/agv/lib/python3.8/site-packages/agv-0.0.0-py3.8.egg-info
[3.631s] running install_scripts
[3.693s] Installing pub script to /home/pi/finalagv_ros2_ws/install/agv/lib/agv
[3.699s] Installing pub2 script to /home/pi/finalagv_ros2_ws/install/agv/lib/agv
[3.699s] Installing return script to /home/pi/finalagv_ros2_ws/install/agv/lib/agv
[3.700s] Installing sub script to /home/pi/finalagv_ros2_ws/install/agv/lib/agv
[3.701s] Installing sub2 script to /home/pi/finalagv_ros2_ws/install/agv/lib/agv
[3.702s] Installing tel script to /home/pi/finalagv_ros2_ws/install/agv/lib/agv
[3.702s] Installing udp script to /home/pi/finalagv_ros2_ws/install/agv/lib/agv
[3.705s] writing list of installed files to '/home/pi/finalagv_ros2_ws/build/agv/install.log'
[3.806s] Invoked command in '/home/pi/finalagv_ros2_ws/src/agv' returned '0': PYTHONPATH=/home/pi/finalagv_ros2_ws/build/agv/prefix_override:/usr/lib/python3/dist-packages/colcon_core/task/python/colcon_distutils_commands:/home/pi/finalagv_ros2_ws/install/agv/lib/python3.8/site-packages:${PYTHONPATH} /usr/bin/python3 -W ignore:setup.py install is deprecated setup.py egg_info --egg-base ../../build/agv build --build-base /home/pi/finalagv_ros2_ws/build/agv/build install --record /home/pi/finalagv_ros2_ws/build/agv/install.log --install-scripts $base/lib/agv --single-version-externally-managed install_data
