[3.747s] Invoking command in '/home/er/finalagv_ros2_ws/src/agv': PYTHONPATH=/home/er/finalagv_ros2_ws/build/agv/prefix_override:/usr/lib/python3/dist-packages/colcon_core/task/python/colcon_distutils_commands:/home/er/finalagv_ros2_ws/install/agv/lib/python3.8/site-packages:${PYTHONPATH} /usr/bin/python3 -W ignore:setup.py install is deprecated setup.py egg_info --egg-base ../../build/agv build --build-base /home/er/finalagv_ros2_ws/build/agv/build install --record /home/er/finalagv_ros2_ws/build/agv/install.log --install-scripts $base/lib/agv --single-version-externally-managed install_data
[4.906s] running egg_info
[4.907s] creating ../../build/agv/agv.egg-info
[4.908s] writing ../../build/agv/agv.egg-info/PKG-INFO
[4.910s] writing dependency_links to ../../build/agv/agv.egg-info/dependency_links.txt
[4.910s] writing entry points to ../../build/agv/agv.egg-info/entry_points.txt
[4.911s] writing requirements to ../../build/agv/agv.egg-info/requires.txt
[4.911s] writing top-level names to ../../build/agv/agv.egg-info/top_level.txt
[4.917s] writing manifest file '../../build/agv/agv.egg-info/SOURCES.txt'
[5.059s] reading manifest file '../../build/agv/agv.egg-info/SOURCES.txt'
[5.062s] writing manifest file '../../build/agv/agv.egg-info/SOURCES.txt'
[5.063s] running build
[5.064s] running build_py
[5.064s] creating /home/er/finalagv_ros2_ws/build/agv/build
[5.065s] creating /home/er/finalagv_ros2_ws/build/agv/build/lib
[5.065s] creating /home/er/finalagv_ros2_ws/build/agv/build/lib/agv
[5.066s] copying agv/__init__.py -> /home/er/finalagv_ros2_ws/build/agv/build/lib/agv
[5.066s] running install
[5.069s] running install_lib
[5.073s] creating /home/er/finalagv_ros2_ws/install/agv/lib/python3.8/site-packages/agv
[5.073s] copying /home/er/finalagv_ros2_ws/build/agv/build/lib/agv/__init__.py -> /home/er/finalagv_ros2_ws/install/agv/lib/python3.8/site-packages/agv
[5.076s] byte-compiling /home/er/finalagv_ros2_ws/install/agv/lib/python3.8/site-packages/agv/__init__.py to __init__.cpython-38.pyc
[5.081s] running install_data
[5.081s] creating /home/er/finalagv_ros2_ws/install/agv/share/ament_index
[5.082s] creating /home/er/finalagv_ros2_ws/install/agv/share/ament_index/resource_index
[5.082s] creating /home/er/finalagv_ros2_ws/install/agv/share/ament_index/resource_index/packages
[5.083s] copying resource/agv -> /home/er/finalagv_ros2_ws/install/agv/share/ament_index/resource_index/packages
[5.083s] copying package.xml -> /home/er/finalagv_ros2_ws/install/agv/share/agv
[5.084s] running install_egg_info
[5.092s] Copying ../../build/agv/agv.egg-info to /home/er/finalagv_ros2_ws/install/agv/lib/python3.8/site-packages/agv-0.0.0-py3.8.egg-info
[5.097s] running install_scripts
[5.166s] writing list of installed files to '/home/er/finalagv_ros2_ws/build/agv/install.log'
[5.266s] Invoked command in '/home/er/finalagv_ros2_ws/src/agv' returned '0': PYTHONPATH=/home/er/finalagv_ros2_ws/build/agv/prefix_override:/usr/lib/python3/dist-packages/colcon_core/task/python/colcon_distutils_commands:/home/er/finalagv_ros2_ws/install/agv/lib/python3.8/site-packages:${PYTHONPATH} /usr/bin/python3 -W ignore:setup.py install is deprecated setup.py egg_info --egg-base ../../build/agv build --build-base /home/er/finalagv_ros2_ws/build/agv/build install --record /home/er/finalagv_ros2_ws/build/agv/install.log --install-scripts $base/lib/agv --single-version-externally-managed install_data
