[0.208s] Invoking command in '/home/pi/nav_ws/build/agv_description': CMAKE_PREFIX_PATH=${CMAKE_PREFIX_PATH}:/home/pi/nav_ws/install/agv_bringup:/opt/ros/foxy /usr/bin/cmake --build /home/pi/nav_ws/build/agv_description -- -j4 -l4
[0.458s] Invoked command in '/home/pi/nav_ws/build/agv_description' returned '0': CMAKE_PREFIX_PATH=${CMAKE_PREFIX_PATH}:/home/pi/nav_ws/install/agv_bringup:/opt/ros/foxy /usr/bin/cmake --build /home/pi/nav_ws/build/agv_description -- -j4 -l4
[0.827s] Invoking command in '/home/pi/nav_ws/build/agv_description': CMAKE_PREFIX_PATH=${CMAKE_PREFIX_PATH}:/home/pi/nav_ws/install/agv_bringup:/opt/ros/foxy /usr/bin/cmake --install /home/pi/nav_ws/build/agv_description
[0.884s] -- Install configuration: ""
[0.886s] -- Up-to-date: /home/pi/nav_ws/install/agv_description/share/agv_description/meshes
[0.886s] -- Up-to-date: /home/pi/nav_ws/install/agv_description/share/agv_description/meshes/agv_all.dae
[0.887s] -- Up-to-date: /home/pi/nav_ws/install/agv_description/share/agv_description/meshes/agv_up.dae
[0.887s] -- Up-to-date: /home/pi/nav_ws/install/agv_description/share/agv_description/meshes/agv_base.dae
[0.888s] -- Up-to-date: /home/pi/nav_ws/install/agv_description/share/agv_description/rviz
[0.888s] -- Up-to-date: /home/pi/nav_ws/install/agv_description/share/agv_description/rviz/agv.rviz
[0.889s] -- Up-to-date: /home/pi/nav_ws/install/agv_description/share/agv_description/urdf
[0.889s] -- Up-to-date: /home/pi/nav_ws/install/agv_description/share/agv_description/urdf/agv.urdf
[0.890s] -- Up-to-date: /home/pi/nav_ws/install/agv_description/share/agv_description/launch
[0.891s] -- Up-to-date: /home/pi/nav_ws/install/agv_description/share/agv_description/launch/agv_state_publisher.launch.py
[0.892s] -- Up-to-date: /home/pi/nav_ws/install/agv_description/share/agv_description/launch/agv_description_rviz.launch.py
[0.893s] -- Up-to-date: /home/pi/nav_ws/install/agv_description/share/agv_description/launch/agv_description.launch.py
[0.893s] -- Up-to-date: /home/pi/nav_ws/install/agv_description/share/ament_index/resource_index/package_run_dependencies/agv_description
[0.894s] -- Up-to-date: /home/pi/nav_ws/install/agv_description/share/ament_index/resource_index/parent_prefix_path/agv_description
[0.895s] -- Up-to-date: /home/pi/nav_ws/install/agv_description/share/agv_description/environment/ament_prefix_path.sh
[0.896s] -- Up-to-date: /home/pi/nav_ws/install/agv_description/share/agv_description/environment/ament_prefix_path.dsv
[0.896s] -- Up-to-date: /home/pi/nav_ws/install/agv_description/share/agv_description/environment/path.sh
[0.899s] -- Up-to-date: /home/pi/nav_ws/install/agv_description/share/agv_description/environment/path.dsv
[0.900s] -- Up-to-date: /home/pi/nav_ws/install/agv_description/share/agv_description/local_setup.bash
[0.901s] -- Up-to-date: /home/pi/nav_ws/install/agv_description/share/agv_description/local_setup.sh
[0.901s] -- Up-to-date: /home/pi/nav_ws/install/agv_description/share/agv_description/local_setup.zsh
[0.902s] -- Up-to-date: /home/pi/nav_ws/install/agv_description/share/agv_description/local_setup.dsv
[0.902s] -- Installing: /home/pi/nav_ws/install/agv_description/share/agv_description/package.dsv
[0.903s] -- Up-to-date: /home/pi/nav_ws/install/agv_description/share/ament_index/resource_index/packages/agv_description
[0.903s] -- Up-to-date: /home/pi/nav_ws/install/agv_description/share/agv_description/cmake/agv_descriptionConfig.cmake
[0.904s] -- Up-to-date: /home/pi/nav_ws/install/agv_description/share/agv_description/cmake/agv_descriptionConfig-version.cmake
[0.905s] -- Up-to-date: /home/pi/nav_ws/install/agv_description/share/agv_description/package.xml
[0.945s] Invoked command in '/home/pi/nav_ws/build/agv_description' returned '0': CMAKE_PREFIX_PATH=${CMAKE_PREFIX_PATH}:/home/pi/nav_ws/install/agv_bringup:/opt/ros/foxy /usr/bin/cmake --install /home/pi/nav_ws/build/agv_description
