running develop
Removing /home/pi/ydlidar_ros2_ws/install/jdamr200_teleop/lib/python3.8/site-packages/jdamr200-teleop.egg-link (link to .)
running egg_info
writing ../../build/jdamr200_teleop/jdamr200_teleop.egg-info/PKG-INFO
writing dependency_links to ../../build/jdamr200_teleop/jdamr200_teleop.egg-info/dependency_links.txt
writing entry points to ../../build/jdamr200_teleop/jdamr200_teleop.egg-info/entry_points.txt
writing requirements to ../../build/jdamr200_teleop/jdamr200_teleop.egg-info/requires.txt
writing top-level names to ../../build/jdamr200_teleop/jdamr200_teleop.egg-info/top_level.txt
reading manifest file '../../build/jdamr200_teleop/jdamr200_teleop.egg-info/SOURCES.txt'
writing manifest file '../../build/jdamr200_teleop/jdamr200_teleop.egg-info/SOURCES.txt'
running build
running build_py
running install
running install_lib
creating /home/pi/ydlidar_ros2_ws/install/jdamr200_teleop/lib/python3.8/site-packages/jdamr200_teleop
copying /home/pi/ydlidar_ros2_ws/build/jdamr200_teleop/build/lib/jdamr200_teleop/jdamr_teleop.py -> /home/pi/ydlidar_ros2_ws/install/jdamr200_teleop/lib/python3.8/site-packages/jdamr200_teleop
copying /home/pi/ydlidar_ros2_ws/build/jdamr200_teleop/build/lib/jdamr200_teleop/__init__.py -> /home/pi/ydlidar_ros2_ws/install/jdamr200_teleop/lib/python3.8/site-packages/jdamr200_teleop
byte-compiling /home/pi/ydlidar_ros2_ws/install/jdamr200_teleop/lib/python3.8/site-packages/jdamr200_teleop/jdamr_teleop.py to jdamr_teleop.cpython-38.pyc
byte-compiling /home/pi/ydlidar_ros2_ws/install/jdamr200_teleop/lib/python3.8/site-packages/jdamr200_teleop/__init__.py to __init__.cpython-38.pyc
running install_data
copying resource/jdamr200_teleop -> /home/pi/ydlidar_ros2_ws/install/jdamr200_teleop/share/ament_index/resource_index/packages
copying package.xml -> /home/pi/ydlidar_ros2_ws/install/jdamr200_teleop/share/jdamr200_teleop
running install_egg_info
Copying ../../build/jdamr200_teleop/jdamr200_teleop.egg-info to /home/pi/ydlidar_ros2_ws/install/jdamr200_teleop/lib/python3.8/site-packages/jdamr200_teleop-0.0.0-py3.8.egg-info
running install_scripts
Installing jdamr_teleop script to /home/pi/ydlidar_ros2_ws/install/jdamr200_teleop/lib/jdamr200_teleop
writing list of installed files to '/home/pi/ydlidar_ros2_ws/build/jdamr200_teleop/install.log'
