[1.164s] DEBUG:colcon:Command line arguments: ['/usr/bin/colcon', 'build']
[1.165s] DEBUG:colcon:Parsed command line arguments: Namespace(allow_overriding=[], ament_cmake_args=None, base_paths=['.'], build_base='build', catkin_cmake_args=None, catkin_skip_building_tests=False, cmake_args=None, cmake_clean_cache=False, cmake_clean_first=False, cmake_force_configure=False, cmake_target=None, cmake_target_skip_unavailable=False, continue_on_error=False, event_handlers=None, executor='parallel', ignore_user_meta=False, install_base='install', log_base=None, log_level=None, main=<bound method BuildVerb.main of <colcon_core.verb.build.BuildVerb object at 0xffff906f1040>>, merge_install=False, metas=['./colcon.meta'], mixin=None, mixin_files=None, mixin_verb=('build',), packages_above=None, packages_above_and_dependencies=None, packages_above_depth=None, packages_end=None, packages_ignore=None, packages_ignore_regex=None, packages_select=None, packages_select_build_failed=False, packages_select_by_dep=None, packages_select_regex=None, packages_select_test_failures=False, packages_skip=None, packages_skip_build_finished=False, packages_skip_by_dep=None, packages_skip_regex=None, packages_skip_test_passed=False, packages_skip_up_to=None, packages_start=None, packages_up_to=None, packages_up_to_regex=None, parallel_workers=4, paths=None, symlink_install=False, test_result_base=None, verb_extension=<colcon_core.verb.build.BuildVerb object at 0xffff906f1040>, verb_name='build', verb_parser=<colcon_mixin.mixin.mixin_argument.MixinArgumentDecorator object at 0xffff90645e80>)
[2.106s] Level 1:colcon.colcon_core.package_discovery:discover_packages(colcon_meta) check parameters
[2.108s] Level 1:colcon.colcon_core.package_discovery:discover_packages(recursive) check parameters
[2.109s] Level 1:colcon.colcon_core.package_discovery:discover_packages(ignore) check parameters
[2.110s] Level 1:colcon.colcon_core.package_discovery:discover_packages(path) check parameters
[2.110s] Level 1:colcon.colcon_core.package_discovery:discover_packages(colcon_meta) discover
[2.111s] Level 1:colcon.colcon_core.package_discovery:discover_packages(recursive) discover
[2.112s] INFO:colcon.colcon_core.package_discovery:Crawling recursively for packages in '/home/pi/nav_ws'
[2.113s] Level 1:colcon.colcon_core.package_identification:_identify(.) by extensions ['ignore', 'ignore_ament_install']
[2.113s] Level 1:colcon.colcon_core.package_identification:_identify(.) by extension 'ignore'
[2.114s] Level 1:colcon.colcon_core.package_identification:_identify(.) by extension 'ignore_ament_install'
[2.115s] Level 1:colcon.colcon_core.package_identification:_identify(.) by extensions ['colcon_pkg']
[2.115s] Level 1:colcon.colcon_core.package_identification:_identify(.) by extension 'colcon_pkg'
[2.116s] Level 1:colcon.colcon_core.package_identification:_identify(.) by extensions ['colcon_meta']
[2.116s] Level 1:colcon.colcon_core.package_identification:_identify(.) by extension 'colcon_meta'
[2.117s] Level 1:colcon.colcon_core.package_identification:_identify(.) by extensions ['ros']
[2.117s] Level 1:colcon.colcon_core.package_identification:_identify(.) by extension 'ros'
[2.219s] Level 1:colcon.colcon_core.package_identification:_identify(.) by extensions ['cmake', 'python']
[2.220s] Level 1:colcon.colcon_core.package_identification:_identify(.) by extension 'cmake'
[2.221s] Level 1:colcon.colcon_core.package_identification:_identify(.) by extension 'python'
[2.222s] Level 1:colcon.colcon_core.package_identification:_identify(.) by extensions ['python_setup_py']
[2.223s] Level 1:colcon.colcon_core.package_identification:_identify(.) by extension 'python_setup_py'
[2.225s] Level 1:colcon.colcon_core.package_identification:_identify(build) by extensions ['ignore', 'ignore_ament_install']
[2.226s] Level 1:colcon.colcon_core.package_identification:_identify(build) by extension 'ignore'
[2.227s] Level 1:colcon.colcon_core.package_identification:_identify(build) ignored
[2.228s] Level 1:colcon.colcon_core.package_identification:_identify(install) by extensions ['ignore', 'ignore_ament_install']
[2.229s] Level 1:colcon.colcon_core.package_identification:_identify(install) by extension 'ignore'
[2.230s] Level 1:colcon.colcon_core.package_identification:_identify(install) ignored
[2.232s] Level 1:colcon.colcon_core.package_identification:_identify(log) by extensions ['ignore', 'ignore_ament_install']
[2.233s] Level 1:colcon.colcon_core.package_identification:_identify(log) by extension 'ignore'
[2.234s] Level 1:colcon.colcon_core.package_identification:_identify(log) ignored
[2.235s] Level 1:colcon.colcon_core.package_identification:_identify(src) by extensions ['ignore', 'ignore_ament_install']
[2.236s] Level 1:colcon.colcon_core.package_identification:_identify(src) by extension 'ignore'
[2.237s] Level 1:colcon.colcon_core.package_identification:_identify(src) by extension 'ignore_ament_install'
[2.238s] Level 1:colcon.colcon_core.package_identification:_identify(src) by extensions ['colcon_pkg']
[2.238s] Level 1:colcon.colcon_core.package_identification:_identify(src) by extension 'colcon_pkg'
[2.239s] Level 1:colcon.colcon_core.package_identification:_identify(src) by extensions ['colcon_meta']
[2.240s] Level 1:colcon.colcon_core.package_identification:_identify(src) by extension 'colcon_meta'
[2.240s] Level 1:colcon.colcon_core.package_identification:_identify(src) by extensions ['ros']
[2.241s] Level 1:colcon.colcon_core.package_identification:_identify(src) by extension 'ros'
[2.242s] Level 1:colcon.colcon_core.package_identification:_identify(src) by extensions ['cmake', 'python']
[2.243s] Level 1:colcon.colcon_core.package_identification:_identify(src) by extension 'cmake'
[2.243s] Level 1:colcon.colcon_core.package_identification:_identify(src) by extension 'python'
[2.244s] Level 1:colcon.colcon_core.package_identification:_identify(src) by extensions ['python_setup_py']
[2.245s] Level 1:colcon.colcon_core.package_identification:_identify(src) by extension 'python_setup_py'
[2.246s] Level 1:colcon.colcon_core.package_identification:_identify(src/agv) by extensions ['ignore', 'ignore_ament_install']
[2.247s] Level 1:colcon.colcon_core.package_identification:_identify(src/agv) by extension 'ignore'
[2.248s] Level 1:colcon.colcon_core.package_identification:_identify(src/agv) by extension 'ignore_ament_install'
[2.249s] Level 1:colcon.colcon_core.package_identification:_identify(src/agv) by extensions ['colcon_pkg']
[2.250s] Level 1:colcon.colcon_core.package_identification:_identify(src/agv) by extension 'colcon_pkg'
[2.251s] Level 1:colcon.colcon_core.package_identification:_identify(src/agv) by extensions ['colcon_meta']
[2.251s] Level 1:colcon.colcon_core.package_identification:_identify(src/agv) by extension 'colcon_meta'
[2.252s] Level 1:colcon.colcon_core.package_identification:_identify(src/agv) by extensions ['ros']
[2.253s] Level 1:colcon.colcon_core.package_identification:_identify(src/agv) by extension 'ros'
[2.267s] DEBUG:colcon.colcon_core.package_identification:Package 'src/agv' with type 'ros.ament_cmake' and name 'agv'
[2.268s] Level 1:colcon.colcon_core.package_identification:_identify(src/agv_bringup) by extensions ['ignore', 'ignore_ament_install']
[2.269s] Level 1:colcon.colcon_core.package_identification:_identify(src/agv_bringup) by extension 'ignore'
[2.270s] Level 1:colcon.colcon_core.package_identification:_identify(src/agv_bringup) by extension 'ignore_ament_install'
[2.271s] Level 1:colcon.colcon_core.package_identification:_identify(src/agv_bringup) by extensions ['colcon_pkg']
[2.271s] Level 1:colcon.colcon_core.package_identification:_identify(src/agv_bringup) by extension 'colcon_pkg'
[2.272s] Level 1:colcon.colcon_core.package_identification:_identify(src/agv_bringup) by extensions ['colcon_meta']
[2.273s] Level 1:colcon.colcon_core.package_identification:_identify(src/agv_bringup) by extension 'colcon_meta'
[2.274s] Level 1:colcon.colcon_core.package_identification:_identify(src/agv_bringup) by extensions ['ros']
[2.275s] Level 1:colcon.colcon_core.package_identification:_identify(src/agv_bringup) by extension 'ros'
[2.280s] DEBUG:colcon.colcon_core.package_identification:Package 'src/agv_bringup' with type 'ros.ament_python' and name 'agv_bringup'
[2.281s] Level 1:colcon.colcon_core.package_identification:_identify(src/agv_cartographer) by extensions ['ignore', 'ignore_ament_install']
[2.282s] Level 1:colcon.colcon_core.package_identification:_identify(src/agv_cartographer) by extension 'ignore'
[2.283s] Level 1:colcon.colcon_core.package_identification:_identify(src/agv_cartographer) by extension 'ignore_ament_install'
[2.284s] Level 1:colcon.colcon_core.package_identification:_identify(src/agv_cartographer) by extensions ['colcon_pkg']
[2.284s] Level 1:colcon.colcon_core.package_identification:_identify(src/agv_cartographer) by extension 'colcon_pkg'
[2.285s] Level 1:colcon.colcon_core.package_identification:_identify(src/agv_cartographer) by extensions ['colcon_meta']
[2.286s] Level 1:colcon.colcon_core.package_identification:_identify(src/agv_cartographer) by extension 'colcon_meta'
[2.287s] Level 1:colcon.colcon_core.package_identification:_identify(src/agv_cartographer) by extensions ['ros']
[2.287s] Level 1:colcon.colcon_core.package_identification:_identify(src/agv_cartographer) by extension 'ros'
[2.291s] DEBUG:colcon.colcon_core.package_identification:Package 'src/agv_cartographer' with type 'ros.ament_cmake' and name 'agv_cartographer'
[2.292s] Level 1:colcon.colcon_core.package_identification:_identify(src/agv_description) by extensions ['ignore', 'ignore_ament_install']
[2.293s] Level 1:colcon.colcon_core.package_identification:_identify(src/agv_description) by extension 'ignore'
[2.294s] Level 1:colcon.colcon_core.package_identification:_identify(src/agv_description) by extension 'ignore_ament_install'
[2.297s] Level 1:colcon.colcon_core.package_identification:_identify(src/agv_description) by extensions ['colcon_pkg']
[2.297s] Level 1:colcon.colcon_core.package_identification:_identify(src/agv_description) by extension 'colcon_pkg'
[2.298s] Level 1:colcon.colcon_core.package_identification:_identify(src/agv_description) by extensions ['colcon_meta']
[2.300s] Level 1:colcon.colcon_core.package_identification:_identify(src/agv_description) by extension 'colcon_meta'
[2.301s] Level 1:colcon.colcon_core.package_identification:_identify(src/agv_description) by extensions ['ros']
[2.302s] Level 1:colcon.colcon_core.package_identification:_identify(src/agv_description) by extension 'ros'
[2.305s] DEBUG:colcon.colcon_core.package_identification:Package 'src/agv_description' with type 'ros.ament_cmake' and name 'agv_description'
[2.306s] Level 1:colcon.colcon_core.package_identification:_identify(src/agv_interfaces) by extensions ['ignore', 'ignore_ament_install']
[2.307s] Level 1:colcon.colcon_core.package_identification:_identify(src/agv_interfaces) by extension 'ignore'
[2.308s] Level 1:colcon.colcon_core.package_identification:_identify(src/agv_interfaces) by extension 'ignore_ament_install'
[2.309s] Level 1:colcon.colcon_core.package_identification:_identify(src/agv_interfaces) by extensions ['colcon_pkg']
[2.309s] Level 1:colcon.colcon_core.package_identification:_identify(src/agv_interfaces) by extension 'colcon_pkg'
[2.310s] Level 1:colcon.colcon_core.package_identification:_identify(src/agv_interfaces) by extensions ['colcon_meta']
[2.310s] Level 1:colcon.colcon_core.package_identification:_identify(src/agv_interfaces) by extension 'colcon_meta'
[2.311s] Level 1:colcon.colcon_core.package_identification:_identify(src/agv_interfaces) by extensions ['ros']
[2.311s] Level 1:colcon.colcon_core.package_identification:_identify(src/agv_interfaces) by extension 'ros'
[2.316s] DEBUG:colcon.colcon_core.package_identification:Package 'src/agv_interfaces' with type 'ros.ament_cmake' and name 'agv_interfaces'
[2.318s] Level 1:colcon.colcon_core.package_identification:_identify(src/agv_navigation2) by extensions ['ignore', 'ignore_ament_install']
[2.320s] Level 1:colcon.colcon_core.package_identification:_identify(src/agv_navigation2) by extension 'ignore'
[2.320s] Level 1:colcon.colcon_core.package_identification:_identify(src/agv_navigation2) by extension 'ignore_ament_install'
[2.321s] Level 1:colcon.colcon_core.package_identification:_identify(src/agv_navigation2) by extensions ['colcon_pkg']
[2.322s] Level 1:colcon.colcon_core.package_identification:_identify(src/agv_navigation2) by extension 'colcon_pkg'
[2.323s] Level 1:colcon.colcon_core.package_identification:_identify(src/agv_navigation2) by extensions ['colcon_meta']
[2.323s] Level 1:colcon.colcon_core.package_identification:_identify(src/agv_navigation2) by extension 'colcon_meta'
[2.324s] Level 1:colcon.colcon_core.package_identification:_identify(src/agv_navigation2) by extensions ['ros']
[2.325s] Level 1:colcon.colcon_core.package_identification:_identify(src/agv_navigation2) by extension 'ros'
[2.327s] DEBUG:colcon.colcon_core.package_identification:Package 'src/agv_navigation2' with type 'ros.ament_cmake' and name 'agv_navigation2'
[2.328s] Level 1:colcon.colcon_core.package_identification:_identify(src/ydlidar_ros2_driver) by extensions ['ignore', 'ignore_ament_install']
[2.329s] Level 1:colcon.colcon_core.package_identification:_identify(src/ydlidar_ros2_driver) by extension 'ignore'
[2.330s] Level 1:colcon.colcon_core.package_identification:_identify(src/ydlidar_ros2_driver) by extension 'ignore_ament_install'
[2.330s] Level 1:colcon.colcon_core.package_identification:_identify(src/ydlidar_ros2_driver) by extensions ['colcon_pkg']
[2.331s] Level 1:colcon.colcon_core.package_identification:_identify(src/ydlidar_ros2_driver) by extension 'colcon_pkg'
[2.332s] Level 1:colcon.colcon_core.package_identification:_identify(src/ydlidar_ros2_driver) by extensions ['colcon_meta']
[2.333s] Level 1:colcon.colcon_core.package_identification:_identify(src/ydlidar_ros2_driver) by extension 'colcon_meta'
[2.333s] Level 1:colcon.colcon_core.package_identification:_identify(src/ydlidar_ros2_driver) by extensions ['ros']
[2.334s] Level 1:colcon.colcon_core.package_identification:_identify(src/ydlidar_ros2_driver) by extension 'ros'
[2.337s] DEBUG:colcon.colcon_core.package_identification:Package 'src/ydlidar_ros2_driver' with type 'ros.ament_cmake' and name 'ydlidar_ros2_driver'
[2.337s] Level 1:colcon.colcon_core.package_discovery:discover_packages(recursive) using defaults
[2.338s] Level 1:colcon.colcon_core.package_discovery:discover_packages(ignore) discover
[2.339s] Level 1:colcon.colcon_core.package_discovery:discover_packages(ignore) using defaults
[2.339s] Level 1:colcon.colcon_core.package_discovery:discover_packages(path) discover
[2.339s] Level 1:colcon.colcon_core.package_discovery:discover_packages(path) using defaults
[2.419s] Level 1:colcon.colcon_core.package_discovery:discover_packages(prefix_path) check parameters
[2.420s] Level 1:colcon.colcon_core.package_discovery:discover_packages(prefix_path) discover
[2.432s] DEBUG:colcon.colcon_installed_package_information.package_discovery:Found 7 installed packages in /home/pi/nav_ws/install
[2.441s] DEBUG:colcon.colcon_installed_package_information.package_discovery:Found 296 installed packages in /opt/ros/foxy
[2.496s] Level 1:colcon.colcon_core.package_discovery:discover_packages(prefix_path) using defaults
[2.935s] Level 5:colcon.colcon_core.verb:set package 'agv_cartographer' build argument 'cmake_args' from command line to 'None'
[2.936s] Level 5:colcon.colcon_core.verb:set package 'agv_cartographer' build argument 'cmake_target' from command line to 'None'
[2.936s] Level 5:colcon.colcon_core.verb:set package 'agv_cartographer' build argument 'cmake_target_skip_unavailable' from command line to 'False'
[2.937s] Level 5:colcon.colcon_core.verb:set package 'agv_cartographer' build argument 'cmake_clean_cache' from command line to 'False'
[2.937s] Level 5:colcon.colcon_core.verb:set package 'agv_cartographer' build argument 'cmake_clean_first' from command line to 'False'
[2.938s] Level 5:colcon.colcon_core.verb:set package 'agv_cartographer' build argument 'cmake_force_configure' from command line to 'False'
[2.938s] Level 5:colcon.colcon_core.verb:set package 'agv_cartographer' build argument 'ament_cmake_args' from command line to 'None'
[2.939s] Level 5:colcon.colcon_core.verb:set package 'agv_cartographer' build argument 'catkin_cmake_args' from command line to 'None'
[2.939s] Level 5:colcon.colcon_core.verb:set package 'agv_cartographer' build argument 'catkin_skip_building_tests' from command line to 'False'
[2.940s] DEBUG:colcon.colcon_core.verb:Building package 'agv_cartographer' with the following arguments: {'ament_cmake_args': None, 'build_base': '/home/pi/nav_ws/build/agv_cartographer', 'catkin_cmake_args': None, 'catkin_skip_building_tests': False, 'cmake_args': None, 'cmake_clean_cache': False, 'cmake_clean_first': False, 'cmake_force_configure': False, 'cmake_target': None, 'cmake_target_skip_unavailable': False, 'install_base': '/home/pi/nav_ws/install/agv_cartographer', 'merge_install': False, 'path': '/home/pi/nav_ws/src/agv_cartographer', 'symlink_install': False, 'test_result_base': None}
[2.942s] Level 5:colcon.colcon_core.verb:set package 'agv_description' build argument 'cmake_args' from command line to 'None'
[2.943s] Level 5:colcon.colcon_core.verb:set package 'agv_description' build argument 'cmake_target' from command line to 'None'
[2.944s] Level 5:colcon.colcon_core.verb:set package 'agv_description' build argument 'cmake_target_skip_unavailable' from command line to 'False'
[2.944s] Level 5:colcon.colcon_core.verb:set package 'agv_description' build argument 'cmake_clean_cache' from command line to 'False'
[2.945s] Level 5:colcon.colcon_core.verb:set package 'agv_description' build argument 'cmake_clean_first' from command line to 'False'
[2.945s] Level 5:colcon.colcon_core.verb:set package 'agv_description' build argument 'cmake_force_configure' from command line to 'False'
[2.946s] Level 5:colcon.colcon_core.verb:set package 'agv_description' build argument 'ament_cmake_args' from command line to 'None'
[2.946s] Level 5:colcon.colcon_core.verb:set package 'agv_description' build argument 'catkin_cmake_args' from command line to 'None'
[2.946s] Level 5:colcon.colcon_core.verb:set package 'agv_description' build argument 'catkin_skip_building_tests' from command line to 'False'
[2.947s] DEBUG:colcon.colcon_core.verb:Building package 'agv_description' with the following arguments: {'ament_cmake_args': None, 'build_base': '/home/pi/nav_ws/build/agv_description', 'catkin_cmake_args': None, 'catkin_skip_building_tests': False, 'cmake_args': None, 'cmake_clean_cache': False, 'cmake_clean_first': False, 'cmake_force_configure': False, 'cmake_target': None, 'cmake_target_skip_unavailable': False, 'install_base': '/home/pi/nav_ws/install/agv_description', 'merge_install': False, 'path': '/home/pi/nav_ws/src/agv_description', 'symlink_install': False, 'test_result_base': None}
[2.949s] Level 5:colcon.colcon_core.verb:set package 'agv_interfaces' build argument 'cmake_args' from command line to 'None'
[2.950s] Level 5:colcon.colcon_core.verb:set package 'agv_interfaces' build argument 'cmake_target' from command line to 'None'
[2.950s] Level 5:colcon.colcon_core.verb:set package 'agv_interfaces' build argument 'cmake_target_skip_unavailable' from command line to 'False'
[2.951s] Level 5:colcon.colcon_core.verb:set package 'agv_interfaces' build argument 'cmake_clean_cache' from command line to 'False'
[2.951s] Level 5:colcon.colcon_core.verb:set package 'agv_interfaces' build argument 'cmake_clean_first' from command line to 'False'
[2.951s] Level 5:colcon.colcon_core.verb:set package 'agv_interfaces' build argument 'cmake_force_configure' from command line to 'False'
[2.952s] Level 5:colcon.colcon_core.verb:set package 'agv_interfaces' build argument 'ament_cmake_args' from command line to 'None'
[2.952s] Level 5:colcon.colcon_core.verb:set package 'agv_interfaces' build argument 'catkin_cmake_args' from command line to 'None'
[2.953s] Level 5:colcon.colcon_core.verb:set package 'agv_interfaces' build argument 'catkin_skip_building_tests' from command line to 'False'
[2.953s] DEBUG:colcon.colcon_core.verb:Building package 'agv_interfaces' with the following arguments: {'ament_cmake_args': None, 'build_base': '/home/pi/nav_ws/build/agv_interfaces', 'catkin_cmake_args': None, 'catkin_skip_building_tests': False, 'cmake_args': None, 'cmake_clean_cache': False, 'cmake_clean_first': False, 'cmake_force_configure': False, 'cmake_target': None, 'cmake_target_skip_unavailable': False, 'install_base': '/home/pi/nav_ws/install/agv_interfaces', 'merge_install': False, 'path': '/home/pi/nav_ws/src/agv_interfaces', 'symlink_install': False, 'test_result_base': None}
[2.955s] Level 5:colcon.colcon_core.verb:set package 'agv_navigation2' build argument 'cmake_args' from command line to 'None'
[2.956s] Level 5:colcon.colcon_core.verb:set package 'agv_navigation2' build argument 'cmake_target' from command line to 'None'
[2.957s] Level 5:colcon.colcon_core.verb:set package 'agv_navigation2' build argument 'cmake_target_skip_unavailable' from command line to 'False'
[2.957s] Level 5:colcon.colcon_core.verb:set package 'agv_navigation2' build argument 'cmake_clean_cache' from command line to 'False'
[2.958s] Level 5:colcon.colcon_core.verb:set package 'agv_navigation2' build argument 'cmake_clean_first' from command line to 'False'
[2.958s] Level 5:colcon.colcon_core.verb:set package 'agv_navigation2' build argument 'cmake_force_configure' from command line to 'False'
[2.959s] Level 5:colcon.colcon_core.verb:set package 'agv_navigation2' build argument 'ament_cmake_args' from command line to 'None'
[2.959s] Level 5:colcon.colcon_core.verb:set package 'agv_navigation2' build argument 'catkin_cmake_args' from command line to 'None'
[2.959s] Level 5:colcon.colcon_core.verb:set package 'agv_navigation2' build argument 'catkin_skip_building_tests' from command line to 'False'
[2.960s] DEBUG:colcon.colcon_core.verb:Building package 'agv_navigation2' with the following arguments: {'ament_cmake_args': None, 'build_base': '/home/pi/nav_ws/build/agv_navigation2', 'catkin_cmake_args': None, 'catkin_skip_building_tests': False, 'cmake_args': None, 'cmake_clean_cache': False, 'cmake_clean_first': False, 'cmake_force_configure': False, 'cmake_target': None, 'cmake_target_skip_unavailable': False, 'install_base': '/home/pi/nav_ws/install/agv_navigation2', 'merge_install': False, 'path': '/home/pi/nav_ws/src/agv_navigation2', 'symlink_install': False, 'test_result_base': None}
[2.962s] Level 5:colcon.colcon_core.verb:set package 'ydlidar_ros2_driver' build argument 'cmake_args' from command line to 'None'
[2.963s] Level 5:colcon.colcon_core.verb:set package 'ydlidar_ros2_driver' build argument 'cmake_target' from command line to 'None'
[2.963s] Level 5:colcon.colcon_core.verb:set package 'ydlidar_ros2_driver' build argument 'cmake_target_skip_unavailable' from command line to 'False'
[2.964s] Level 5:colcon.colcon_core.verb:set package 'ydlidar_ros2_driver' build argument 'cmake_clean_cache' from command line to 'False'
[2.964s] Level 5:colcon.colcon_core.verb:set package 'ydlidar_ros2_driver' build argument 'cmake_clean_first' from command line to 'False'
[2.964s] Level 5:colcon.colcon_core.verb:set package 'ydlidar_ros2_driver' build argument 'cmake_force_configure' from command line to 'False'
[2.965s] Level 5:colcon.colcon_core.verb:set package 'ydlidar_ros2_driver' build argument 'ament_cmake_args' from command line to 'None'
[2.965s] Level 5:colcon.colcon_core.verb:set package 'ydlidar_ros2_driver' build argument 'catkin_cmake_args' from command line to 'None'
[2.966s] Level 5:colcon.colcon_core.verb:set package 'ydlidar_ros2_driver' build argument 'catkin_skip_building_tests' from command line to 'False'
[2.966s] DEBUG:colcon.colcon_core.verb:Building package 'ydlidar_ros2_driver' with the following arguments: {'ament_cmake_args': None, 'build_base': '/home/pi/nav_ws/build/ydlidar_ros2_driver', 'catkin_cmake_args': None, 'catkin_skip_building_tests': False, 'cmake_args': None, 'cmake_clean_cache': False, 'cmake_clean_first': False, 'cmake_force_configure': False, 'cmake_target': None, 'cmake_target_skip_unavailable': False, 'install_base': '/home/pi/nav_ws/install/ydlidar_ros2_driver', 'merge_install': False, 'path': '/home/pi/nav_ws/src/ydlidar_ros2_driver', 'symlink_install': False, 'test_result_base': None}
[2.968s] Level 5:colcon.colcon_core.verb:set package 'agv_bringup' build argument 'cmake_args' from command line to 'None'
[2.969s] Level 5:colcon.colcon_core.verb:set package 'agv_bringup' build argument 'cmake_target' from command line to 'None'
[2.970s] Level 5:colcon.colcon_core.verb:set package 'agv_bringup' build argument 'cmake_target_skip_unavailable' from command line to 'False'
[2.970s] Level 5:colcon.colcon_core.verb:set package 'agv_bringup' build argument 'cmake_clean_cache' from command line to 'False'
[2.971s] Level 5:colcon.colcon_core.verb:set package 'agv_bringup' build argument 'cmake_clean_first' from command line to 'False'
[2.971s] Level 5:colcon.colcon_core.verb:set package 'agv_bringup' build argument 'cmake_force_configure' from command line to 'False'
[2.971s] Level 5:colcon.colcon_core.verb:set package 'agv_bringup' build argument 'ament_cmake_args' from command line to 'None'
[2.972s] Level 5:colcon.colcon_core.verb:set package 'agv_bringup' build argument 'catkin_cmake_args' from command line to 'None'
[2.973s] Level 5:colcon.colcon_core.verb:set package 'agv_bringup' build argument 'catkin_skip_building_tests' from command line to 'False'
[2.973s] DEBUG:colcon.colcon_core.verb:Building package 'agv_bringup' with the following arguments: {'ament_cmake_args': None, 'build_base': '/home/pi/nav_ws/build/agv_bringup', 'catkin_cmake_args': None, 'catkin_skip_building_tests': False, 'cmake_args': None, 'cmake_clean_cache': False, 'cmake_clean_first': False, 'cmake_force_configure': False, 'cmake_target': None, 'cmake_target_skip_unavailable': False, 'install_base': '/home/pi/nav_ws/install/agv_bringup', 'merge_install': False, 'path': '/home/pi/nav_ws/src/agv_bringup', 'symlink_install': False, 'test_result_base': None}
[2.975s] Level 5:colcon.colcon_core.verb:set package 'agv' build argument 'cmake_args' from command line to 'None'
[2.976s] Level 5:colcon.colcon_core.verb:set package 'agv' build argument 'cmake_target' from command line to 'None'
[2.977s] Level 5:colcon.colcon_core.verb:set package 'agv' build argument 'cmake_target_skip_unavailable' from command line to 'False'
[2.977s] Level 5:colcon.colcon_core.verb:set package 'agv' build argument 'cmake_clean_cache' from command line to 'False'
[2.978s] Level 5:colcon.colcon_core.verb:set package 'agv' build argument 'cmake_clean_first' from command line to 'False'
[2.978s] Level 5:colcon.colcon_core.verb:set package 'agv' build argument 'cmake_force_configure' from command line to 'False'
[2.978s] Level 5:colcon.colcon_core.verb:set package 'agv' build argument 'ament_cmake_args' from command line to 'None'
[2.979s] Level 5:colcon.colcon_core.verb:set package 'agv' build argument 'catkin_cmake_args' from command line to 'None'
[2.979s] Level 5:colcon.colcon_core.verb:set package 'agv' build argument 'catkin_skip_building_tests' from command line to 'False'
[2.980s] DEBUG:colcon.colcon_core.verb:Building package 'agv' with the following arguments: {'ament_cmake_args': None, 'build_base': '/home/pi/nav_ws/build/agv', 'catkin_cmake_args': None, 'catkin_skip_building_tests': False, 'cmake_args': None, 'cmake_clean_cache': False, 'cmake_clean_first': False, 'cmake_force_configure': False, 'cmake_target': None, 'cmake_target_skip_unavailable': False, 'install_base': '/home/pi/nav_ws/install/agv', 'merge_install': False, 'path': '/home/pi/nav_ws/src/agv', 'symlink_install': False, 'test_result_base': None}
[2.981s] INFO:colcon.colcon_core.executor:Executing jobs using 'parallel' executor
[2.985s] DEBUG:colcon.colcon_parallel_executor.executor.parallel:run_until_complete
[2.986s] INFO:colcon.colcon_ros.task.ament_cmake.build:Building ROS package in '/home/pi/nav_ws/src/agv_description' with build type 'ament_cmake'
[2.987s] INFO:colcon.colcon_cmake.task.cmake.build:Building CMake package in '/home/pi/nav_ws/src/agv_description'
[2.997s] INFO:colcon.colcon_core.plugin_system:Skipping extension 'colcon_core.shell.bat': Not used on non-Windows systems
[3.004s] INFO:colcon.colcon_core.shell:Skip shell extension 'powershell' for command environment: Not usable outside of PowerShell
[3.006s] DEBUG:colcon.colcon_core.shell:Skip shell extension 'dsv' for command environment
[3.038s] INFO:colcon.colcon_ros.task.ament_cmake.build:Building ROS package in '/home/pi/nav_ws/src/agv_interfaces' with build type 'ament_cmake'
[3.039s] INFO:colcon.colcon_cmake.task.cmake.build:Building CMake package in '/home/pi/nav_ws/src/agv_interfaces'
[3.040s] INFO:colcon.colcon_core.shell:Skip shell extension 'powershell' for command environment: Not usable outside of PowerShell
[3.040s] DEBUG:colcon.colcon_core.shell:Skip shell extension 'dsv' for command environment
[3.076s] INFO:colcon.colcon_ros.task.ament_cmake.build:Building ROS package in '/home/pi/nav_ws/src/agv_cartographer' with build type 'ament_cmake'
[3.077s] INFO:colcon.colcon_cmake.task.cmake.build:Building CMake package in '/home/pi/nav_ws/src/agv_cartographer'
[3.079s] INFO:colcon.colcon_core.shell:Skip shell extension 'powershell' for command environment: Not usable outside of PowerShell
[3.080s] DEBUG:colcon.colcon_core.shell:Skip shell extension 'dsv' for command environment
[3.120s] INFO:colcon.colcon_ros.task.ament_cmake.build:Building ROS package in '/home/pi/nav_ws/src/agv_navigation2' with build type 'ament_cmake'
[3.122s] INFO:colcon.colcon_cmake.task.cmake.build:Building CMake package in '/home/pi/nav_ws/src/agv_navigation2'
[3.123s] INFO:colcon.colcon_core.shell:Skip shell extension 'powershell' for command environment: Not usable outside of PowerShell
[3.126s] DEBUG:colcon.colcon_core.shell:Skip shell extension 'dsv' for command environment
[3.198s] DEBUG:colcon.colcon_core.event_handler.log_command:Invoking command in '/home/pi/nav_ws/build/agv_description': CMAKE_PREFIX_PATH=${CMAKE_PREFIX_PATH}:/home/pi/nav_ws/install/agv_bringup:/opt/ros/foxy /usr/bin/cmake --build /home/pi/nav_ws/build/agv_description -- -j4 -l4
[3.240s] DEBUG:colcon.colcon_core.event_handler.log_command:Invoking command in '/home/pi/nav_ws/build/agv_interfaces': CMAKE_PREFIX_PATH=${CMAKE_PREFIX_PATH}:/home/pi/nav_ws/install/agv_bringup:/opt/ros/foxy /usr/bin/cmake --build /home/pi/nav_ws/build/agv_interfaces -- -j4 -l4
[3.298s] DEBUG:colcon.colcon_core.event_handler.log_command:Invoking command in '/home/pi/nav_ws/build/agv_cartographer': CMAKE_PREFIX_PATH=${CMAKE_PREFIX_PATH}:/home/pi/nav_ws/install/agv_bringup:/opt/ros/foxy /usr/bin/cmake --build /home/pi/nav_ws/build/agv_cartographer -- -j4 -l4
[3.417s] DEBUG:colcon.colcon_core.event_handler.log_command:Invoking command in '/home/pi/nav_ws/build/agv_navigation2': CMAKE_PREFIX_PATH=${CMAKE_PREFIX_PATH}:/home/pi/nav_ws/install/agv_bringup:/opt/ros/foxy /usr/bin/cmake --build /home/pi/nav_ws/build/agv_navigation2 -- -j4 -l4
[3.679s] DEBUG:colcon.colcon_core.event_handler.log_command:Invoked command in '/home/pi/nav_ws/build/agv_description' returned '0': CMAKE_PREFIX_PATH=${CMAKE_PREFIX_PATH}:/home/pi/nav_ws/install/agv_bringup:/opt/ros/foxy /usr/bin/cmake --build /home/pi/nav_ws/build/agv_description -- -j4 -l4
[3.825s] DEBUG:colcon.colcon_core.event_handler.log_command:Invoked command in '/home/pi/nav_ws/build/agv_cartographer' returned '0': CMAKE_PREFIX_PATH=${CMAKE_PREFIX_PATH}:/home/pi/nav_ws/install/agv_bringup:/opt/ros/foxy /usr/bin/cmake --build /home/pi/nav_ws/build/agv_cartographer -- -j4 -l4
[3.995s] DEBUG:colcon.colcon_core.event_handler.log_command:Invoked command in '/home/pi/nav_ws/build/agv_navigation2' returned '0': CMAKE_PREFIX_PATH=${CMAKE_PREFIX_PATH}:/home/pi/nav_ws/install/agv_bringup:/opt/ros/foxy /usr/bin/cmake --build /home/pi/nav_ws/build/agv_navigation2 -- -j4 -l4
[4.196s] DEBUG:colcon.colcon_core.event_handler.log_command:Invoking command in '/home/pi/nav_ws/build/agv_description': CMAKE_PREFIX_PATH=${CMAKE_PREFIX_PATH}:/home/pi/nav_ws/install/agv_bringup:/opt/ros/foxy /usr/bin/cmake --install /home/pi/nav_ws/build/agv_description
[4.221s] DEBUG:colcon.colcon_core.event_handler.log_command:Invoking command in '/home/pi/nav_ws/build/agv_cartographer': CMAKE_PREFIX_PATH=${CMAKE_PREFIX_PATH}:/home/pi/nav_ws/install/agv_bringup:/opt/ros/foxy /usr/bin/cmake --install /home/pi/nav_ws/build/agv_cartographer
[4.304s] Level 1:colcon.colcon_core.environment:create_environment_scripts_only(agv_description)
[4.307s] DEBUG:colcon.colcon_core.event_handler.log_command:Invoked command in '/home/pi/nav_ws/build/agv_description' returned '0': CMAKE_PREFIX_PATH=${CMAKE_PREFIX_PATH}:/home/pi/nav_ws/install/agv_bringup:/opt/ros/foxy /usr/bin/cmake --install /home/pi/nav_ws/build/agv_description
[4.349s] Level 1:colcon.colcon_core.environment:checking '/home/pi/nav_ws/install/agv_description' for CMake module files
[4.352s] Level 1:colcon.colcon_core.environment:checking '/home/pi/nav_ws/install/agv_description' for CMake config files
[4.354s] Level 1:colcon.colcon_core.shell:create_environment_hook('agv_description', 'cmake_prefix_path')
[4.356s] INFO:colcon.colcon_core.shell:Creating environment hook '/home/pi/nav_ws/install/agv_description/share/agv_description/hook/cmake_prefix_path.ps1'
[4.359s] INFO:colcon.colcon_core.shell:Creating environment descriptor '/home/pi/nav_ws/install/agv_description/share/agv_description/hook/cmake_prefix_path.dsv'
[4.361s] INFO:colcon.colcon_core.shell:Creating environment hook '/home/pi/nav_ws/install/agv_description/share/agv_description/hook/cmake_prefix_path.sh'
[4.366s] Level 1:colcon.colcon_core.environment:checking '/home/pi/nav_ws/install/agv_description/bin'
[4.366s] Level 1:colcon.colcon_core.environment:checking '/home/pi/nav_ws/install/agv_description/lib/pkgconfig/agv_description.pc'
[4.367s] Level 1:colcon.colcon_core.environment:checking '/home/pi/nav_ws/install/agv_description/lib/python3.8/site-packages'
[4.369s] Level 1:colcon.colcon_core.environment:checking '/home/pi/nav_ws/install/agv_description/bin'
[4.370s] INFO:colcon.colcon_core.shell:Creating package script '/home/pi/nav_ws/install/agv_description/share/agv_description/package.ps1'
[4.374s] INFO:colcon.colcon_core.shell:Creating package descriptor '/home/pi/nav_ws/install/agv_description/share/agv_description/package.dsv'
[4.377s] INFO:colcon.colcon_core.shell:Creating package script '/home/pi/nav_ws/install/agv_description/share/agv_description/package.sh'
[4.383s] INFO:colcon.colcon_core.shell:Creating package script '/home/pi/nav_ws/install/agv_description/share/agv_description/package.bash'
[4.387s] INFO:colcon.colcon_core.shell:Creating package script '/home/pi/nav_ws/install/agv_description/share/agv_description/package.zsh'
[4.391s] Level 1:colcon.colcon_core.environment:create_file_with_runtime_dependencies(/home/pi/nav_ws/install/agv_description/share/colcon-core/packages/agv_description)
[4.412s] Level 1:colcon.colcon_core.environment:create_environment_scripts_only(agv_cartographer)
[4.416s] Level 1:colcon.colcon_core.environment:checking '/home/pi/nav_ws/install/agv_cartographer' for CMake module files
[4.413s] DEBUG:colcon.colcon_core.event_handler.log_command:Invoked command in '/home/pi/nav_ws/build/agv_cartographer' returned '0': CMAKE_PREFIX_PATH=${CMAKE_PREFIX_PATH}:/home/pi/nav_ws/install/agv_bringup:/opt/ros/foxy /usr/bin/cmake --install /home/pi/nav_ws/build/agv_cartographer
[4.420s] Level 1:colcon.colcon_core.environment:checking '/home/pi/nav_ws/install/agv_cartographer' for CMake config files
[4.422s] Level 1:colcon.colcon_core.shell:create_environment_hook('agv_cartographer', 'cmake_prefix_path')
[4.424s] INFO:colcon.colcon_core.shell:Creating environment hook '/home/pi/nav_ws/install/agv_cartographer/share/agv_cartographer/hook/cmake_prefix_path.ps1'
[4.429s] INFO:colcon.colcon_core.shell:Creating environment descriptor '/home/pi/nav_ws/install/agv_cartographer/share/agv_cartographer/hook/cmake_prefix_path.dsv'
[4.432s] INFO:colcon.colcon_core.shell:Creating environment hook '/home/pi/nav_ws/install/agv_cartographer/share/agv_cartographer/hook/cmake_prefix_path.sh'
[4.446s] Level 1:colcon.colcon_core.environment:checking '/home/pi/nav_ws/install/agv_cartographer/bin'
[4.447s] Level 1:colcon.colcon_core.environment:checking '/home/pi/nav_ws/install/agv_cartographer/lib/pkgconfig/agv_cartographer.pc'
[4.449s] Level 1:colcon.colcon_core.environment:checking '/home/pi/nav_ws/install/agv_cartographer/lib/python3.8/site-packages'
[4.451s] Level 1:colcon.colcon_core.environment:checking '/home/pi/nav_ws/install/agv_cartographer/bin'
[4.453s] INFO:colcon.colcon_core.shell:Creating package script '/home/pi/nav_ws/install/agv_cartographer/share/agv_cartographer/package.ps1'
[4.457s] INFO:colcon.colcon_core.shell:Creating package descriptor '/home/pi/nav_ws/install/agv_cartographer/share/agv_cartographer/package.dsv'
[4.460s] INFO:colcon.colcon_core.shell:Creating package script '/home/pi/nav_ws/install/agv_cartographer/share/agv_cartographer/package.sh'
[4.464s] INFO:colcon.colcon_core.shell:Creating package script '/home/pi/nav_ws/install/agv_cartographer/share/agv_cartographer/package.bash'
[4.468s] INFO:colcon.colcon_core.shell:Creating package script '/home/pi/nav_ws/install/agv_cartographer/share/agv_cartographer/package.zsh'
[4.471s] Level 1:colcon.colcon_core.environment:create_file_with_runtime_dependencies(/home/pi/nav_ws/install/agv_cartographer/share/colcon-core/packages/agv_cartographer)
[4.511s] DEBUG:colcon.colcon_core.event_handler.log_command:Invoking command in '/home/pi/nav_ws/build/agv_navigation2': CMAKE_PREFIX_PATH=${CMAKE_PREFIX_PATH}:/home/pi/nav_ws/install/agv_bringup:/opt/ros/foxy /usr/bin/cmake --install /home/pi/nav_ws/build/agv_navigation2
[4.589s] Level 1:colcon.colcon_core.environment:create_environment_scripts_only(agv_navigation2)
[4.591s] Level 1:colcon.colcon_core.environment:checking '/home/pi/nav_ws/install/agv_navigation2' for CMake module files
[4.595s] Level 1:colcon.colcon_core.environment:checking '/home/pi/nav_ws/install/agv_navigation2' for CMake config files
[4.597s] Level 1:colcon.colcon_core.shell:create_environment_hook('agv_navigation2', 'cmake_prefix_path')
[4.602s] INFO:colcon.colcon_core.shell:Creating environment hook '/home/pi/nav_ws/install/agv_navigation2/share/agv_navigation2/hook/cmake_prefix_path.ps1'
[4.616s] INFO:colcon.colcon_core.shell:Creating environment descriptor '/home/pi/nav_ws/install/agv_navigation2/share/agv_navigation2/hook/cmake_prefix_path.dsv'
[4.622s] INFO:colcon.colcon_core.shell:Creating environment hook '/home/pi/nav_ws/install/agv_navigation2/share/agv_navigation2/hook/cmake_prefix_path.sh'
[4.627s] DEBUG:colcon.colcon_core.event_handler.log_command:Invoked command in '/home/pi/nav_ws/build/agv_navigation2' returned '0': CMAKE_PREFIX_PATH=${CMAKE_PREFIX_PATH}:/home/pi/nav_ws/install/agv_bringup:/opt/ros/foxy /usr/bin/cmake --install /home/pi/nav_ws/build/agv_navigation2
[4.629s] Level 1:colcon.colcon_core.environment:checking '/home/pi/nav_ws/install/agv_navigation2/bin'
[4.630s] Level 1:colcon.colcon_core.environment:checking '/home/pi/nav_ws/install/agv_navigation2/lib/pkgconfig/agv_navigation2.pc'
[4.631s] Level 1:colcon.colcon_core.environment:checking '/home/pi/nav_ws/install/agv_navigation2/lib/python3.8/site-packages'
[4.632s] Level 1:colcon.colcon_core.environment:checking '/home/pi/nav_ws/install/agv_navigation2/bin'
[4.633s] INFO:colcon.colcon_core.shell:Creating package script '/home/pi/nav_ws/install/agv_navigation2/share/agv_navigation2/package.ps1'
[4.636s] INFO:colcon.colcon_core.shell:Creating package descriptor '/home/pi/nav_ws/install/agv_navigation2/share/agv_navigation2/package.dsv'
[4.641s] INFO:colcon.colcon_core.shell:Creating package script '/home/pi/nav_ws/install/agv_navigation2/share/agv_navigation2/package.sh'
[4.645s] INFO:colcon.colcon_core.shell:Creating package script '/home/pi/nav_ws/install/agv_navigation2/share/agv_navigation2/package.bash'
[4.648s] INFO:colcon.colcon_core.shell:Creating package script '/home/pi/nav_ws/install/agv_navigation2/share/agv_navigation2/package.zsh'
[4.654s] Level 1:colcon.colcon_core.environment:create_file_with_runtime_dependencies(/home/pi/nav_ws/install/agv_navigation2/share/colcon-core/packages/agv_navigation2)
[4.691s] Level 1:colcon.colcon_core.environment:create_environment_scripts_only(agv_description)
[4.693s] Level 1:colcon.colcon_core.environment:checking '/home/pi/nav_ws/install/agv_description' for CMake module files
[4.696s] Level 1:colcon.colcon_core.environment:checking '/home/pi/nav_ws/install/agv_description' for CMake config files
[4.703s] Level 1:colcon.colcon_core.shell:create_environment_hook('agv_description', 'cmake_prefix_path')
[4.706s] INFO:colcon.colcon_core.shell:Creating environment hook '/home/pi/nav_ws/install/agv_description/share/agv_description/hook/cmake_prefix_path.ps1'
[4.711s] INFO:colcon.colcon_core.shell:Creating environment descriptor '/home/pi/nav_ws/install/agv_description/share/agv_description/hook/cmake_prefix_path.dsv'
[4.714s] INFO:colcon.colcon_core.shell:Creating environment hook '/home/pi/nav_ws/install/agv_description/share/agv_description/hook/cmake_prefix_path.sh'
[4.721s] Level 1:colcon.colcon_core.environment:checking '/home/pi/nav_ws/install/agv_description/bin'
[4.721s] Level 1:colcon.colcon_core.environment:checking '/home/pi/nav_ws/install/agv_description/lib/pkgconfig/agv_description.pc'
[4.722s] Level 1:colcon.colcon_core.environment:checking '/home/pi/nav_ws/install/agv_description/lib/python3.8/site-packages'
[4.723s] Level 1:colcon.colcon_core.environment:checking '/home/pi/nav_ws/install/agv_description/bin'
[4.725s] INFO:colcon.colcon_core.shell:Creating package script '/home/pi/nav_ws/install/agv_description/share/agv_description/package.ps1'
[4.728s] INFO:colcon.colcon_core.shell:Creating package descriptor '/home/pi/nav_ws/install/agv_description/share/agv_description/package.dsv'
[4.731s] INFO:colcon.colcon_core.shell:Creating package script '/home/pi/nav_ws/install/agv_description/share/agv_description/package.sh'
[4.734s] INFO:colcon.colcon_core.shell:Creating package script '/home/pi/nav_ws/install/agv_description/share/agv_description/package.bash'
[4.736s] INFO:colcon.colcon_core.shell:Creating package script '/home/pi/nav_ws/install/agv_description/share/agv_description/package.zsh'
[4.739s] Level 1:colcon.colcon_core.environment:create_file_with_runtime_dependencies(/home/pi/nav_ws/install/agv_description/share/colcon-core/packages/agv_description)
[4.743s] INFO:colcon.colcon_ros.task.ament_cmake.build:Building ROS package in '/home/pi/nav_ws/src/ydlidar_ros2_driver' with build type 'ament_cmake'
[4.745s] INFO:colcon.colcon_cmake.task.cmake.build:Building CMake package in '/home/pi/nav_ws/src/ydlidar_ros2_driver'
[4.746s] INFO:colcon.colcon_core.shell:Skip shell extension 'powershell' for command environment: Not usable outside of PowerShell
[4.747s] DEBUG:colcon.colcon_core.shell:Skip shell extension 'dsv' for command environment
[4.786s] Level 1:colcon.colcon_core.environment:create_environment_scripts_only(agv_cartographer)
[4.787s] Level 1:colcon.colcon_core.environment:checking '/home/pi/nav_ws/install/agv_cartographer' for CMake module files
[4.791s] Level 1:colcon.colcon_core.environment:checking '/home/pi/nav_ws/install/agv_cartographer' for CMake config files
[4.793s] Level 1:colcon.colcon_core.shell:create_environment_hook('agv_cartographer', 'cmake_prefix_path')
[4.794s] INFO:colcon.colcon_core.shell:Creating environment hook '/home/pi/nav_ws/install/agv_cartographer/share/agv_cartographer/hook/cmake_prefix_path.ps1'
[4.799s] INFO:colcon.colcon_core.shell:Creating environment descriptor '/home/pi/nav_ws/install/agv_cartographer/share/agv_cartographer/hook/cmake_prefix_path.dsv'
[4.801s] INFO:colcon.colcon_core.shell:Creating environment hook '/home/pi/nav_ws/install/agv_cartographer/share/agv_cartographer/hook/cmake_prefix_path.sh'
[4.808s] Level 1:colcon.colcon_core.environment:checking '/home/pi/nav_ws/install/agv_cartographer/bin'
[4.810s] Level 1:colcon.colcon_core.environment:checking '/home/pi/nav_ws/install/agv_cartographer/lib/pkgconfig/agv_cartographer.pc'
[4.812s] Level 1:colcon.colcon_core.environment:checking '/home/pi/nav_ws/install/agv_cartographer/lib/python3.8/site-packages'
[4.813s] Level 1:colcon.colcon_core.environment:checking '/home/pi/nav_ws/install/agv_cartographer/bin'
[4.815s] INFO:colcon.colcon_core.shell:Creating package script '/home/pi/nav_ws/install/agv_cartographer/share/agv_cartographer/package.ps1'
[4.820s] INFO:colcon.colcon_core.shell:Creating package descriptor '/home/pi/nav_ws/install/agv_cartographer/share/agv_cartographer/package.dsv'
[4.824s] INFO:colcon.colcon_core.shell:Creating package script '/home/pi/nav_ws/install/agv_cartographer/share/agv_cartographer/package.sh'
[4.829s] INFO:colcon.colcon_core.shell:Creating package script '/home/pi/nav_ws/install/agv_cartographer/share/agv_cartographer/package.bash'
[4.833s] INFO:colcon.colcon_core.shell:Creating package script '/home/pi/nav_ws/install/agv_cartographer/share/agv_cartographer/package.zsh'
[4.837s] Level 1:colcon.colcon_core.environment:create_file_with_runtime_dependencies(/home/pi/nav_ws/install/agv_cartographer/share/colcon-core/packages/agv_cartographer)
[4.858s] DEBUG:colcon.colcon_core.event_handler.log_command:Invoking command in '/home/pi/nav_ws/build/ydlidar_ros2_driver': CMAKE_PREFIX_PATH=${CMAKE_PREFIX_PATH}:/home/pi/nav_ws/install/agv_bringup:/opt/ros/foxy /usr/bin/cmake --build /home/pi/nav_ws/build/ydlidar_ros2_driver -- -j4 -l4
[4.913s] Level 1:colcon.colcon_core.environment:create_environment_scripts_only(agv_navigation2)
[4.915s] Level 1:colcon.colcon_core.environment:checking '/home/pi/nav_ws/install/agv_navigation2' for CMake module files
[4.918s] Level 1:colcon.colcon_core.environment:checking '/home/pi/nav_ws/install/agv_navigation2' for CMake config files
[4.920s] Level 1:colcon.colcon_core.shell:create_environment_hook('agv_navigation2', 'cmake_prefix_path')
[4.921s] INFO:colcon.colcon_core.shell:Creating environment hook '/home/pi/nav_ws/install/agv_navigation2/share/agv_navigation2/hook/cmake_prefix_path.ps1'
[4.934s] INFO:colcon.colcon_core.shell:Creating environment descriptor '/home/pi/nav_ws/install/agv_navigation2/share/agv_navigation2/hook/cmake_prefix_path.dsv'
[4.936s] INFO:colcon.colcon_core.shell:Creating environment hook '/home/pi/nav_ws/install/agv_navigation2/share/agv_navigation2/hook/cmake_prefix_path.sh'
[4.940s] Level 1:colcon.colcon_core.environment:checking '/home/pi/nav_ws/install/agv_navigation2/bin'
[4.940s] Level 1:colcon.colcon_core.environment:checking '/home/pi/nav_ws/install/agv_navigation2/lib/pkgconfig/agv_navigation2.pc'
[4.941s] Level 1:colcon.colcon_core.environment:checking '/home/pi/nav_ws/install/agv_navigation2/lib/python3.8/site-packages'
[4.943s] Level 1:colcon.colcon_core.environment:checking '/home/pi/nav_ws/install/agv_navigation2/bin'
[4.944s] INFO:colcon.colcon_core.shell:Creating package script '/home/pi/nav_ws/install/agv_navigation2/share/agv_navigation2/package.ps1'
[4.948s] INFO:colcon.colcon_core.shell:Creating package descriptor '/home/pi/nav_ws/install/agv_navigation2/share/agv_navigation2/package.dsv'
[4.951s] INFO:colcon.colcon_core.shell:Creating package script '/home/pi/nav_ws/install/agv_navigation2/share/agv_navigation2/package.sh'
[4.954s] INFO:colcon.colcon_core.shell:Creating package script '/home/pi/nav_ws/install/agv_navigation2/share/agv_navigation2/package.bash'
[4.957s] INFO:colcon.colcon_core.shell:Creating package script '/home/pi/nav_ws/install/agv_navigation2/share/agv_navigation2/package.zsh'
[4.960s] Level 1:colcon.colcon_core.environment:create_file_with_runtime_dependencies(/home/pi/nav_ws/install/agv_navigation2/share/colcon-core/packages/agv_navigation2)
[5.604s] DEBUG:colcon.colcon_core.event_handler.log_command:Invoked command in '/home/pi/nav_ws/build/ydlidar_ros2_driver' returned '0': CMAKE_PREFIX_PATH=${CMAKE_PREFIX_PATH}:/home/pi/nav_ws/install/agv_bringup:/opt/ros/foxy /usr/bin/cmake --build /home/pi/nav_ws/build/ydlidar_ros2_driver -- -j4 -l4
[5.777s] DEBUG:colcon.colcon_core.event_handler.log_command:Invoking command in '/home/pi/nav_ws/build/ydlidar_ros2_driver': CMAKE_PREFIX_PATH=${CMAKE_PREFIX_PATH}:/home/pi/nav_ws/install/agv_bringup:/opt/ros/foxy /usr/bin/cmake --install /home/pi/nav_ws/build/ydlidar_ros2_driver
[5.859s] Level 1:colcon.colcon_core.environment:create_environment_scripts_only(ydlidar_ros2_driver)
[5.861s] Level 1:colcon.colcon_core.environment:checking '/home/pi/nav_ws/install/ydlidar_ros2_driver' for CMake module files
[5.864s] Level 1:colcon.colcon_core.environment:checking '/home/pi/nav_ws/install/ydlidar_ros2_driver' for CMake config files
[5.866s] Level 1:colcon.colcon_core.shell:create_environment_hook('ydlidar_ros2_driver', 'cmake_prefix_path')
[5.868s] INFO:colcon.colcon_core.shell:Creating environment hook '/home/pi/nav_ws/install/ydlidar_ros2_driver/share/ydlidar_ros2_driver/hook/cmake_prefix_path.ps1'
[5.872s] DEBUG:colcon.colcon_core.event_handler.log_command:Invoked command in '/home/pi/nav_ws/build/ydlidar_ros2_driver' returned '0': CMAKE_PREFIX_PATH=${CMAKE_PREFIX_PATH}:/home/pi/nav_ws/install/agv_bringup:/opt/ros/foxy /usr/bin/cmake --install /home/pi/nav_ws/build/ydlidar_ros2_driver
[5.872s] INFO:colcon.colcon_core.shell:Creating environment descriptor '/home/pi/nav_ws/install/ydlidar_ros2_driver/share/ydlidar_ros2_driver/hook/cmake_prefix_path.dsv'
[5.875s] INFO:colcon.colcon_core.shell:Creating environment hook '/home/pi/nav_ws/install/ydlidar_ros2_driver/share/ydlidar_ros2_driver/hook/cmake_prefix_path.sh'
[5.879s] Level 1:colcon.colcon_core.environment:checking '/home/pi/nav_ws/install/ydlidar_ros2_driver/lib'
[5.880s] Level 1:colcon.colcon_core.environment:checking '/home/pi/nav_ws/install/ydlidar_ros2_driver/bin'
[5.881s] Level 1:colcon.colcon_core.environment:checking '/home/pi/nav_ws/install/ydlidar_ros2_driver/lib/pkgconfig/ydlidar_ros2_driver.pc'
[5.882s] Level 1:colcon.colcon_core.environment:checking '/home/pi/nav_ws/install/ydlidar_ros2_driver/lib/python3.8/site-packages'
[5.883s] Level 1:colcon.colcon_core.environment:checking '/home/pi/nav_ws/install/ydlidar_ros2_driver/bin'
[5.885s] INFO:colcon.colcon_core.shell:Creating package script '/home/pi/nav_ws/install/ydlidar_ros2_driver/share/ydlidar_ros2_driver/package.ps1'
[5.888s] INFO:colcon.colcon_core.shell:Creating package descriptor '/home/pi/nav_ws/install/ydlidar_ros2_driver/share/ydlidar_ros2_driver/package.dsv'
[5.891s] INFO:colcon.colcon_core.shell:Creating package script '/home/pi/nav_ws/install/ydlidar_ros2_driver/share/ydlidar_ros2_driver/package.sh'
[5.895s] INFO:colcon.colcon_core.shell:Creating package script '/home/pi/nav_ws/install/ydlidar_ros2_driver/share/ydlidar_ros2_driver/package.bash'
[5.898s] INFO:colcon.colcon_core.shell:Creating package script '/home/pi/nav_ws/install/ydlidar_ros2_driver/share/ydlidar_ros2_driver/package.zsh'
[5.900s] Level 1:colcon.colcon_core.environment:create_file_with_runtime_dependencies(/home/pi/nav_ws/install/ydlidar_ros2_driver/share/colcon-core/packages/ydlidar_ros2_driver)
[6.163s] Level 1:colcon.colcon_core.environment:create_environment_scripts_only(ydlidar_ros2_driver)
[6.174s] Level 1:colcon.colcon_core.environment:checking '/home/pi/nav_ws/install/ydlidar_ros2_driver' for CMake module files
[6.179s] Level 1:colcon.colcon_core.environment:checking '/home/pi/nav_ws/install/ydlidar_ros2_driver' for CMake config files
[6.181s] Level 1:colcon.colcon_core.shell:create_environment_hook('ydlidar_ros2_driver', 'cmake_prefix_path')
[6.182s] INFO:colcon.colcon_core.shell:Creating environment hook '/home/pi/nav_ws/install/ydlidar_ros2_driver/share/ydlidar_ros2_driver/hook/cmake_prefix_path.ps1'
[6.187s] INFO:colcon.colcon_core.shell:Creating environment descriptor '/home/pi/nav_ws/install/ydlidar_ros2_driver/share/ydlidar_ros2_driver/hook/cmake_prefix_path.dsv'
[6.191s] INFO:colcon.colcon_core.shell:Creating environment hook '/home/pi/nav_ws/install/ydlidar_ros2_driver/share/ydlidar_ros2_driver/hook/cmake_prefix_path.sh'
[6.195s] Level 1:colcon.colcon_core.environment:checking '/home/pi/nav_ws/install/ydlidar_ros2_driver/lib'
[6.196s] Level 1:colcon.colcon_core.environment:checking '/home/pi/nav_ws/install/ydlidar_ros2_driver/bin'
[6.197s] Level 1:colcon.colcon_core.environment:checking '/home/pi/nav_ws/install/ydlidar_ros2_driver/lib/pkgconfig/ydlidar_ros2_driver.pc'
[6.198s] Level 1:colcon.colcon_core.environment:checking '/home/pi/nav_ws/install/ydlidar_ros2_driver/lib/python3.8/site-packages'
[6.199s] Level 1:colcon.colcon_core.environment:checking '/home/pi/nav_ws/install/ydlidar_ros2_driver/bin'
[6.200s] INFO:colcon.colcon_core.shell:Creating package script '/home/pi/nav_ws/install/ydlidar_ros2_driver/share/ydlidar_ros2_driver/package.ps1'
[6.204s] INFO:colcon.colcon_core.shell:Creating package descriptor '/home/pi/nav_ws/install/ydlidar_ros2_driver/share/ydlidar_ros2_driver/package.dsv'
[6.207s] INFO:colcon.colcon_core.shell:Creating package script '/home/pi/nav_ws/install/ydlidar_ros2_driver/share/ydlidar_ros2_driver/package.sh'
[6.211s] INFO:colcon.colcon_core.shell:Creating package script '/home/pi/nav_ws/install/ydlidar_ros2_driver/share/ydlidar_ros2_driver/package.bash'
[6.214s] INFO:colcon.colcon_core.shell:Creating package script '/home/pi/nav_ws/install/ydlidar_ros2_driver/share/ydlidar_ros2_driver/package.zsh'
[6.219s] Level 1:colcon.colcon_core.environment:create_file_with_runtime_dependencies(/home/pi/nav_ws/install/ydlidar_ros2_driver/share/colcon-core/packages/ydlidar_ros2_driver)
[6.420s] DEBUG:colcon.colcon_core.event_handler.log_command:Invoked command in '/home/pi/nav_ws/build/agv_interfaces' returned '0': CMAKE_PREFIX_PATH=${CMAKE_PREFIX_PATH}:/home/pi/nav_ws/install/agv_bringup:/opt/ros/foxy /usr/bin/cmake --build /home/pi/nav_ws/build/agv_interfaces -- -j4 -l4
[7.497s] DEBUG:colcon.colcon_core.event_handler.log_command:Invoking command in '/home/pi/nav_ws/build/agv_interfaces': CMAKE_PREFIX_PATH=${CMAKE_PREFIX_PATH}:/home/pi/nav_ws/install/agv_bringup:/opt/ros/foxy /usr/bin/cmake --install /home/pi/nav_ws/build/agv_interfaces
[7.859s] Level 1:colcon.colcon_core.environment:create_environment_scripts_only(agv_interfaces)
[7.861s] Level 1:colcon.colcon_core.environment:checking '/home/pi/nav_ws/install/agv_interfaces' for CMake module files
[7.870s] Level 1:colcon.colcon_core.environment:checking '/home/pi/nav_ws/install/agv_interfaces' for CMake config files
[7.888s] Level 1:colcon.colcon_core.shell:create_environment_hook('agv_interfaces', 'cmake_prefix_path')
[7.889s] INFO:colcon.colcon_core.shell:Creating environment hook '/home/pi/nav_ws/install/agv_interfaces/share/agv_interfaces/hook/cmake_prefix_path.ps1'
[7.902s] INFO:colcon.colcon_core.shell:Creating environment descriptor '/home/pi/nav_ws/install/agv_interfaces/share/agv_interfaces/hook/cmake_prefix_path.dsv'
[7.908s] DEBUG:colcon.colcon_core.event_handler.log_command:Invoked command in '/home/pi/nav_ws/build/agv_interfaces' returned '0': CMAKE_PREFIX_PATH=${CMAKE_PREFIX_PATH}:/home/pi/nav_ws/install/agv_bringup:/opt/ros/foxy /usr/bin/cmake --install /home/pi/nav_ws/build/agv_interfaces
[7.909s] INFO:colcon.colcon_core.shell:Creating environment hook '/home/pi/nav_ws/install/agv_interfaces/share/agv_interfaces/hook/cmake_prefix_path.sh'
[7.914s] Level 1:colcon.colcon_core.environment:checking '/home/pi/nav_ws/install/agv_interfaces/lib'
[7.915s] Level 1:colcon.colcon_core.shell:create_environment_hook('agv_interfaces', 'ld_library_path_lib')
[7.917s] INFO:colcon.colcon_core.shell:Creating environment hook '/home/pi/nav_ws/install/agv_interfaces/share/agv_interfaces/hook/ld_library_path_lib.ps1'
[7.922s] INFO:colcon.colcon_core.shell:Creating environment descriptor '/home/pi/nav_ws/install/agv_interfaces/share/agv_interfaces/hook/ld_library_path_lib.dsv'
[7.926s] INFO:colcon.colcon_core.shell:Creating environment hook '/home/pi/nav_ws/install/agv_interfaces/share/agv_interfaces/hook/ld_library_path_lib.sh'
[7.929s] Level 1:colcon.colcon_core.environment:checking '/home/pi/nav_ws/install/agv_interfaces/bin'
[7.930s] Level 1:colcon.colcon_core.environment:checking '/home/pi/nav_ws/install/agv_interfaces/lib/pkgconfig/agv_interfaces.pc'
[7.931s] Level 1:colcon.colcon_core.environment:checking '/home/pi/nav_ws/install/agv_interfaces/lib/python3.8/site-packages'
[7.932s] Level 1:colcon.colcon_core.shell:create_environment_hook('agv_interfaces', 'pythonpath')
[7.933s] INFO:colcon.colcon_core.shell:Creating environment hook '/home/pi/nav_ws/install/agv_interfaces/share/agv_interfaces/hook/pythonpath.ps1'
[7.936s] INFO:colcon.colcon_core.shell:Creating environment descriptor '/home/pi/nav_ws/install/agv_interfaces/share/agv_interfaces/hook/pythonpath.dsv'
[7.939s] INFO:colcon.colcon_core.shell:Creating environment hook '/home/pi/nav_ws/install/agv_interfaces/share/agv_interfaces/hook/pythonpath.sh'
[7.943s] Level 1:colcon.colcon_core.environment:checking '/home/pi/nav_ws/install/agv_interfaces/bin'
[7.946s] INFO:colcon.colcon_core.shell:Creating package script '/home/pi/nav_ws/install/agv_interfaces/share/agv_interfaces/package.ps1'
[7.950s] INFO:colcon.colcon_core.shell:Creating package descriptor '/home/pi/nav_ws/install/agv_interfaces/share/agv_interfaces/package.dsv'
[7.953s] INFO:colcon.colcon_core.shell:Creating package script '/home/pi/nav_ws/install/agv_interfaces/share/agv_interfaces/package.sh'
[7.956s] INFO:colcon.colcon_core.shell:Creating package script '/home/pi/nav_ws/install/agv_interfaces/share/agv_interfaces/package.bash'
[7.959s] INFO:colcon.colcon_core.shell:Creating package script '/home/pi/nav_ws/install/agv_interfaces/share/agv_interfaces/package.zsh'
[7.961s] Level 1:colcon.colcon_core.environment:create_file_with_runtime_dependencies(/home/pi/nav_ws/install/agv_interfaces/share/colcon-core/packages/agv_interfaces)
[8.799s] Level 1:colcon.colcon_core.environment:create_environment_scripts_only(agv_interfaces)
[8.801s] Level 1:colcon.colcon_core.environment:checking '/home/pi/nav_ws/install/agv_interfaces' for CMake module files
[8.804s] Level 1:colcon.colcon_core.environment:checking '/home/pi/nav_ws/install/agv_interfaces' for CMake config files
[8.810s] Level 1:colcon.colcon_core.shell:create_environment_hook('agv_interfaces', 'cmake_prefix_path')
[8.811s] INFO:colcon.colcon_core.shell:Creating environment hook '/home/pi/nav_ws/install/agv_interfaces/share/agv_interfaces/hook/cmake_prefix_path.ps1'
[8.813s] INFO:colcon.colcon_core.shell:Creating environment descriptor '/home/pi/nav_ws/install/agv_interfaces/share/agv_interfaces/hook/cmake_prefix_path.dsv'
[8.816s] INFO:colcon.colcon_core.shell:Creating environment hook '/home/pi/nav_ws/install/agv_interfaces/share/agv_interfaces/hook/cmake_prefix_path.sh'
[8.819s] Level 1:colcon.colcon_core.environment:checking '/home/pi/nav_ws/install/agv_interfaces/lib'
[8.820s] Level 1:colcon.colcon_core.shell:create_environment_hook('agv_interfaces', 'ld_library_path_lib')
[8.821s] INFO:colcon.colcon_core.shell:Creating environment hook '/home/pi/nav_ws/install/agv_interfaces/share/agv_interfaces/hook/ld_library_path_lib.ps1'
[8.823s] INFO:colcon.colcon_core.shell:Creating environment descriptor '/home/pi/nav_ws/install/agv_interfaces/share/agv_interfaces/hook/ld_library_path_lib.dsv'
[8.825s] INFO:colcon.colcon_core.shell:Creating environment hook '/home/pi/nav_ws/install/agv_interfaces/share/agv_interfaces/hook/ld_library_path_lib.sh'
[8.828s] Level 1:colcon.colcon_core.environment:checking '/home/pi/nav_ws/install/agv_interfaces/bin'
[8.828s] Level 1:colcon.colcon_core.environment:checking '/home/pi/nav_ws/install/agv_interfaces/lib/pkgconfig/agv_interfaces.pc'
[8.829s] Level 1:colcon.colcon_core.environment:checking '/home/pi/nav_ws/install/agv_interfaces/lib/python3.8/site-packages'
[8.830s] Level 1:colcon.colcon_core.shell:create_environment_hook('agv_interfaces', 'pythonpath')
[8.831s] INFO:colcon.colcon_core.shell:Creating environment hook '/home/pi/nav_ws/install/agv_interfaces/share/agv_interfaces/hook/pythonpath.ps1'
[8.833s] INFO:colcon.colcon_core.shell:Creating environment descriptor '/home/pi/nav_ws/install/agv_interfaces/share/agv_interfaces/hook/pythonpath.dsv'
[8.836s] INFO:colcon.colcon_core.shell:Creating environment hook '/home/pi/nav_ws/install/agv_interfaces/share/agv_interfaces/hook/pythonpath.sh'
[8.839s] Level 1:colcon.colcon_core.environment:checking '/home/pi/nav_ws/install/agv_interfaces/bin'
[8.840s] INFO:colcon.colcon_core.shell:Creating package script '/home/pi/nav_ws/install/agv_interfaces/share/agv_interfaces/package.ps1'
[8.844s] INFO:colcon.colcon_core.shell:Creating package descriptor '/home/pi/nav_ws/install/agv_interfaces/share/agv_interfaces/package.dsv'
[8.847s] INFO:colcon.colcon_core.shell:Creating package script '/home/pi/nav_ws/install/agv_interfaces/share/agv_interfaces/package.sh'
[8.849s] INFO:colcon.colcon_core.shell:Creating package script '/home/pi/nav_ws/install/agv_interfaces/share/agv_interfaces/package.bash'
[8.852s] INFO:colcon.colcon_core.shell:Creating package script '/home/pi/nav_ws/install/agv_interfaces/share/agv_interfaces/package.zsh'
[8.855s] Level 1:colcon.colcon_core.environment:create_file_with_runtime_dependencies(/home/pi/nav_ws/install/agv_interfaces/share/colcon-core/packages/agv_interfaces)
[8.858s] INFO:colcon.colcon_ros.task.ament_python.build:Building ROS package in '/home/pi/nav_ws/src/agv_bringup' with build type 'ament_python'
[8.858s] Level 1:colcon.colcon_core.shell:create_environment_hook('agv_bringup', 'ament_prefix_path')
[8.860s] INFO:colcon.colcon_core.shell:Creating environment hook '/home/pi/nav_ws/install/agv_bringup/share/agv_bringup/hook/ament_prefix_path.ps1'
[8.866s] INFO:colcon.colcon_core.shell:Creating environment descriptor '/home/pi/nav_ws/install/agv_bringup/share/agv_bringup/hook/ament_prefix_path.dsv'
[8.868s] INFO:colcon.colcon_core.shell:Creating environment hook '/home/pi/nav_ws/install/agv_bringup/share/agv_bringup/hook/ament_prefix_path.sh'
[8.872s] INFO:colcon.colcon_core.shell:Skip shell extension 'powershell' for command environment: Not usable outside of PowerShell
[8.872s] DEBUG:colcon.colcon_core.shell:Skip shell extension 'dsv' for command environment
[10.433s] INFO:colcon.colcon_core.task.python.build:Building Python package in '/home/pi/nav_ws/src/agv_bringup'
[10.435s] INFO:colcon.colcon_core.shell:Skip shell extension 'powershell' for command environment: Not usable outside of PowerShell
[10.436s] DEBUG:colcon.colcon_core.shell:Skip shell extension 'dsv' for command environment
[12.804s] DEBUG:colcon.colcon_core.event_handler.log_command:Invoking command in '/home/pi/nav_ws/src/agv_bringup': CMAKE_PREFIX_PATH=/home/pi/nav_ws/install/agv_interfaces:/home/pi/nav_ws/install/agv_description:/home/pi/nav_ws/install/ydlidar_ros2_driver:/home/pi/nav_ws/install/agv:/home/pi/nav_ws/install/agv_navigation2:/home/pi/nav_ws/install/agv_cartographer PYTHONPATH=/home/pi/nav_ws/build/agv_bringup/prefix_override:/usr/lib/python3/dist-packages/colcon_core/task/python/colcon_distutils_commands:/home/pi/nav_ws/install/agv_bringup/lib/python3.8/site-packages:${PYTHONPATH} /usr/bin/python3 -W ignore:setup.py install is deprecated setup.py egg_info --egg-base ../../build/agv_bringup build --build-base /home/pi/nav_ws/build/agv_bringup/build install --record /home/pi/nav_ws/build/agv_bringup/install.log --install-scripts $base/lib/omo_r1mini_bringup --single-version-externally-managed install_data
[14.023s] Level 1:colcon.colcon_core.environment:checking '/home/pi/nav_ws/install/agv_bringup' for CMake module files
[14.025s] DEBUG:colcon.colcon_core.event_handler.log_command:Invoked command in '/home/pi/nav_ws/src/agv_bringup' returned '0': CMAKE_PREFIX_PATH=/home/pi/nav_ws/install/agv_interfaces:/home/pi/nav_ws/install/agv_description:/home/pi/nav_ws/install/ydlidar_ros2_driver:/home/pi/nav_ws/install/agv:/home/pi/nav_ws/install/agv_navigation2:/home/pi/nav_ws/install/agv_cartographer PYTHONPATH=/home/pi/nav_ws/build/agv_bringup/prefix_override:/usr/lib/python3/dist-packages/colcon_core/task/python/colcon_distutils_commands:/home/pi/nav_ws/install/agv_bringup/lib/python3.8/site-packages:${PYTHONPATH} /usr/bin/python3 -W ignore:setup.py install is deprecated setup.py egg_info --egg-base ../../build/agv_bringup build --build-base /home/pi/nav_ws/build/agv_bringup/build install --record /home/pi/nav_ws/build/agv_bringup/install.log --install-scripts $base/lib/omo_r1mini_bringup --single-version-externally-managed install_data
[14.026s] Level 1:colcon.colcon_core.environment:checking '/home/pi/nav_ws/install/agv_bringup' for CMake config files
[14.032s] Level 1:colcon.colcon_core.environment:checking '/home/pi/nav_ws/install/agv_bringup/lib'
[14.032s] Level 1:colcon.colcon_core.environment:checking '/home/pi/nav_ws/install/agv_bringup/bin'
[14.033s] Level 1:colcon.colcon_core.environment:checking '/home/pi/nav_ws/install/agv_bringup/lib/pkgconfig/agv_bringup.pc'
[14.034s] Level 1:colcon.colcon_core.environment:checking '/home/pi/nav_ws/install/agv_bringup/lib/python3.8/site-packages'
[14.034s] Level 1:colcon.colcon_core.shell:create_environment_hook('agv_bringup', 'pythonpath')
[14.035s] INFO:colcon.colcon_core.shell:Creating environment hook '/home/pi/nav_ws/install/agv_bringup/share/agv_bringup/hook/pythonpath.ps1'
[14.038s] INFO:colcon.colcon_core.shell:Creating environment descriptor '/home/pi/nav_ws/install/agv_bringup/share/agv_bringup/hook/pythonpath.dsv'
[14.040s] INFO:colcon.colcon_core.shell:Creating environment hook '/home/pi/nav_ws/install/agv_bringup/share/agv_bringup/hook/pythonpath.sh'
[14.042s] Level 1:colcon.colcon_core.environment:checking '/home/pi/nav_ws/install/agv_bringup/bin'
[14.043s] Level 1:colcon.colcon_core.environment:create_environment_scripts_only(agv_bringup)
[14.044s] INFO:colcon.colcon_core.shell:Creating package script '/home/pi/nav_ws/install/agv_bringup/share/agv_bringup/package.ps1'
[14.046s] INFO:colcon.colcon_core.shell:Creating package descriptor '/home/pi/nav_ws/install/agv_bringup/share/agv_bringup/package.dsv'
[14.048s] INFO:colcon.colcon_core.shell:Creating package script '/home/pi/nav_ws/install/agv_bringup/share/agv_bringup/package.sh'
[14.051s] INFO:colcon.colcon_core.shell:Creating package script '/home/pi/nav_ws/install/agv_bringup/share/agv_bringup/package.bash'
[14.053s] INFO:colcon.colcon_core.shell:Creating package script '/home/pi/nav_ws/install/agv_bringup/share/agv_bringup/package.zsh'
[14.054s] Level 1:colcon.colcon_core.environment:create_file_with_runtime_dependencies(/home/pi/nav_ws/install/agv_bringup/share/colcon-core/packages/agv_bringup)
[14.057s] INFO:colcon.colcon_ros.task.ament_cmake.build:Building ROS package in '/home/pi/nav_ws/src/agv' with build type 'ament_cmake'
[14.058s] INFO:colcon.colcon_cmake.task.cmake.build:Building CMake package in '/home/pi/nav_ws/src/agv'
[14.059s] INFO:colcon.colcon_core.shell:Skip shell extension 'powershell' for command environment: Not usable outside of PowerShell
[14.059s] DEBUG:colcon.colcon_core.shell:Skip shell extension 'dsv' for command environment
[14.127s] DEBUG:colcon.colcon_core.event_handler.log_command:Invoking command in '/home/pi/nav_ws/build/agv': AMENT_PREFIX_PATH=/home/pi/nav_ws/install/agv_bringup:/home/pi/nav_ws/install/agv_interfaces:/home/pi/nav_ws/install/ydlidar_ros2_driver:/home/pi/nav_ws/install/agv:/home/pi/nav_ws/install/agv_navigation2:/home/pi/nav_ws/install/agv_description:/home/pi/nav_ws/install/agv_cartographer:/opt/ros/foxy CMAKE_PREFIX_PATH=/home/pi/nav_ws/install/agv_navigation2:/home/pi/nav_ws/install/agv_interfaces:/home/pi/nav_ws/install/agv_description:/home/pi/nav_ws/install/agv_cartographer:/home/pi/nav_ws/install/ydlidar_ros2_driver:/home/pi/nav_ws/install/agv:/home/pi/nav_ws/install/agv_bringup:/opt/ros/foxy PYTHONPATH=/home/pi/nav_ws/install/agv_bringup/lib/python3.8/site-packages:/home/pi/nav_ws/install/agv_interfaces/lib/python3.8/site-packages:/opt/ros/foxy/lib/python3.8/site-packages /usr/bin/cmake --build /home/pi/nav_ws/build/agv -- -j4 -l4
[14.307s] DEBUG:colcon.colcon_core.event_handler.log_command:Invoked command in '/home/pi/nav_ws/build/agv' returned '0': AMENT_PREFIX_PATH=/home/pi/nav_ws/install/agv_bringup:/home/pi/nav_ws/install/agv_interfaces:/home/pi/nav_ws/install/ydlidar_ros2_driver:/home/pi/nav_ws/install/agv:/home/pi/nav_ws/install/agv_navigation2:/home/pi/nav_ws/install/agv_description:/home/pi/nav_ws/install/agv_cartographer:/opt/ros/foxy CMAKE_PREFIX_PATH=/home/pi/nav_ws/install/agv_navigation2:/home/pi/nav_ws/install/agv_interfaces:/home/pi/nav_ws/install/agv_description:/home/pi/nav_ws/install/agv_cartographer:/home/pi/nav_ws/install/ydlidar_ros2_driver:/home/pi/nav_ws/install/agv:/home/pi/nav_ws/install/agv_bringup:/opt/ros/foxy PYTHONPATH=/home/pi/nav_ws/install/agv_bringup/lib/python3.8/site-packages:/home/pi/nav_ws/install/agv_interfaces/lib/python3.8/site-packages:/opt/ros/foxy/lib/python3.8/site-packages /usr/bin/cmake --build /home/pi/nav_ws/build/agv -- -j4 -l4
[14.410s] DEBUG:colcon.colcon_core.event_handler.log_command:Invoking command in '/home/pi/nav_ws/build/agv': AMENT_PREFIX_PATH=/home/pi/nav_ws/install/agv_bringup:/home/pi/nav_ws/install/agv_interfaces:/home/pi/nav_ws/install/ydlidar_ros2_driver:/home/pi/nav_ws/install/agv:/home/pi/nav_ws/install/agv_navigation2:/home/pi/nav_ws/install/agv_description:/home/pi/nav_ws/install/agv_cartographer:/opt/ros/foxy CMAKE_PREFIX_PATH=/home/pi/nav_ws/install/agv_navigation2:/home/pi/nav_ws/install/agv_interfaces:/home/pi/nav_ws/install/agv_description:/home/pi/nav_ws/install/agv_cartographer:/home/pi/nav_ws/install/ydlidar_ros2_driver:/home/pi/nav_ws/install/agv:/home/pi/nav_ws/install/agv_bringup:/opt/ros/foxy PYTHONPATH=/home/pi/nav_ws/install/agv_bringup/lib/python3.8/site-packages:/home/pi/nav_ws/install/agv_interfaces/lib/python3.8/site-packages:/opt/ros/foxy/lib/python3.8/site-packages /usr/bin/cmake --install /home/pi/nav_ws/build/agv
[14.453s] Level 1:colcon.colcon_core.environment:create_environment_scripts_only(agv)
[14.454s] Level 1:colcon.colcon_core.environment:checking '/home/pi/nav_ws/install/agv' for CMake module files
[14.456s] DEBUG:colcon.colcon_core.event_handler.log_command:Invoked command in '/home/pi/nav_ws/build/agv' returned '0': AMENT_PREFIX_PATH=/home/pi/nav_ws/install/agv_bringup:/home/pi/nav_ws/install/agv_interfaces:/home/pi/nav_ws/install/ydlidar_ros2_driver:/home/pi/nav_ws/install/agv:/home/pi/nav_ws/install/agv_navigation2:/home/pi/nav_ws/install/agv_description:/home/pi/nav_ws/install/agv_cartographer:/opt/ros/foxy CMAKE_PREFIX_PATH=/home/pi/nav_ws/install/agv_navigation2:/home/pi/nav_ws/install/agv_interfaces:/home/pi/nav_ws/install/agv_description:/home/pi/nav_ws/install/agv_cartographer:/home/pi/nav_ws/install/ydlidar_ros2_driver:/home/pi/nav_ws/install/agv:/home/pi/nav_ws/install/agv_bringup:/opt/ros/foxy PYTHONPATH=/home/pi/nav_ws/install/agv_bringup/lib/python3.8/site-packages:/home/pi/nav_ws/install/agv_interfaces/lib/python3.8/site-packages:/opt/ros/foxy/lib/python3.8/site-packages /usr/bin/cmake --install /home/pi/nav_ws/build/agv
[14.459s] Level 1:colcon.colcon_core.environment:checking '/home/pi/nav_ws/install/agv' for CMake config files
[14.460s] Level 1:colcon.colcon_core.shell:create_environment_hook('agv', 'cmake_prefix_path')
[14.461s] INFO:colcon.colcon_core.shell:Creating environment hook '/home/pi/nav_ws/install/agv/share/agv/hook/cmake_prefix_path.ps1'
[14.463s] INFO:colcon.colcon_core.shell:Creating environment descriptor '/home/pi/nav_ws/install/agv/share/agv/hook/cmake_prefix_path.dsv'
[14.465s] INFO:colcon.colcon_core.shell:Creating environment hook '/home/pi/nav_ws/install/agv/share/agv/hook/cmake_prefix_path.sh'
[14.468s] Level 1:colcon.colcon_core.environment:checking '/home/pi/nav_ws/install/agv/bin'
[14.469s] Level 1:colcon.colcon_core.environment:checking '/home/pi/nav_ws/install/agv/lib/pkgconfig/agv.pc'
[14.469s] Level 1:colcon.colcon_core.environment:checking '/home/pi/nav_ws/install/agv/lib/python3.8/site-packages'
[14.470s] Level 1:colcon.colcon_core.environment:checking '/home/pi/nav_ws/install/agv/bin'
[14.471s] INFO:colcon.colcon_core.shell:Creating package script '/home/pi/nav_ws/install/agv/share/agv/package.ps1'
[14.474s] INFO:colcon.colcon_core.shell:Creating package descriptor '/home/pi/nav_ws/install/agv/share/agv/package.dsv'
[14.476s] INFO:colcon.colcon_core.shell:Creating package script '/home/pi/nav_ws/install/agv/share/agv/package.sh'
[14.478s] INFO:colcon.colcon_core.shell:Creating package script '/home/pi/nav_ws/install/agv/share/agv/package.bash'
[14.480s] INFO:colcon.colcon_core.shell:Creating package script '/home/pi/nav_ws/install/agv/share/agv/package.zsh'
[14.481s] Level 1:colcon.colcon_core.environment:create_file_with_runtime_dependencies(/home/pi/nav_ws/install/agv/share/colcon-core/packages/agv)
[14.578s] Level 1:colcon.colcon_core.environment:create_environment_scripts_only(agv)
[14.579s] Level 1:colcon.colcon_core.environment:checking '/home/pi/nav_ws/install/agv' for CMake module files
[14.582s] Level 1:colcon.colcon_core.environment:checking '/home/pi/nav_ws/install/agv' for CMake config files
[14.584s] Level 1:colcon.colcon_core.shell:create_environment_hook('agv', 'cmake_prefix_path')
[14.585s] INFO:colcon.colcon_core.shell:Creating environment hook '/home/pi/nav_ws/install/agv/share/agv/hook/cmake_prefix_path.ps1'
[14.588s] INFO:colcon.colcon_core.shell:Creating environment descriptor '/home/pi/nav_ws/install/agv/share/agv/hook/cmake_prefix_path.dsv'
[14.590s] INFO:colcon.colcon_core.shell:Creating environment hook '/home/pi/nav_ws/install/agv/share/agv/hook/cmake_prefix_path.sh'
[14.593s] Level 1:colcon.colcon_core.environment:checking '/home/pi/nav_ws/install/agv/bin'
[14.594s] Level 1:colcon.colcon_core.environment:checking '/home/pi/nav_ws/install/agv/lib/pkgconfig/agv.pc'
[14.595s] Level 1:colcon.colcon_core.environment:checking '/home/pi/nav_ws/install/agv/lib/python3.8/site-packages'
[14.596s] Level 1:colcon.colcon_core.environment:checking '/home/pi/nav_ws/install/agv/bin'
[14.597s] INFO:colcon.colcon_core.shell:Creating package script '/home/pi/nav_ws/install/agv/share/agv/package.ps1'
[14.600s] INFO:colcon.colcon_core.shell:Creating package descriptor '/home/pi/nav_ws/install/agv/share/agv/package.dsv'
[14.602s] INFO:colcon.colcon_core.shell:Creating package script '/home/pi/nav_ws/install/agv/share/agv/package.sh'
[14.605s] INFO:colcon.colcon_core.shell:Creating package script '/home/pi/nav_ws/install/agv/share/agv/package.bash'
[14.607s] INFO:colcon.colcon_core.shell:Creating package script '/home/pi/nav_ws/install/agv/share/agv/package.zsh'
[14.613s] Level 1:colcon.colcon_core.environment:create_file_with_runtime_dependencies(/home/pi/nav_ws/install/agv/share/colcon-core/packages/agv)
[14.615s] DEBUG:colcon.colcon_parallel_executor.executor.parallel:closing loop
[14.616s] DEBUG:colcon.colcon_parallel_executor.executor.parallel:loop closed
[14.616s] DEBUG:colcon.colcon_parallel_executor.executor.parallel:run_until_complete finished with '0'
[14.617s] DEBUG:colcon.colcon_core.event_reactor:joining thread
[14.639s] INFO:colcon.colcon_core.plugin_system:Skipping extension 'colcon_notification.desktop_notification.terminal_notifier': Not used on non-Darwin systems
[14.639s] INFO:colcon.colcon_core.plugin_system:Skipping extension 'colcon_notification.desktop_notification.win32': Not used on non-Windows systems
[14.640s] INFO:colcon.colcon_notification.desktop_notification:Sending desktop notification using 'notify2'
[14.654s] DEBUG:colcon.colcon_core.event_reactor:joined thread
[14.655s] INFO:colcon.colcon_core.shell:Creating prefix script '/home/pi/nav_ws/install/local_setup.ps1'
[14.661s] INFO:colcon.colcon_core.shell:Creating prefix util module '/home/pi/nav_ws/install/_local_setup_util_ps1.py'
[14.669s] INFO:colcon.colcon_core.shell:Creating prefix chain script '/home/pi/nav_ws/install/setup.ps1'
[14.675s] INFO:colcon.colcon_core.shell:Creating prefix script '/home/pi/nav_ws/install/local_setup.sh'
[14.678s] INFO:colcon.colcon_core.shell:Creating prefix util module '/home/pi/nav_ws/install/_local_setup_util_sh.py'
[14.680s] INFO:colcon.colcon_core.shell:Creating prefix chain script '/home/pi/nav_ws/install/setup.sh'
[14.686s] INFO:colcon.colcon_core.shell:Creating prefix script '/home/pi/nav_ws/install/local_setup.bash'
[14.688s] INFO:colcon.colcon_core.shell:Creating prefix chain script '/home/pi/nav_ws/install/setup.bash'
[14.694s] INFO:colcon.colcon_core.shell:Creating prefix script '/home/pi/nav_ws/install/local_setup.zsh'
[14.696s] INFO:colcon.colcon_core.shell:Creating prefix chain script '/home/pi/nav_ws/install/setup.zsh'
