[2.582s] Invoking command in '/home/pi/nav_ws/src/agv_bringup': AMENT_PREFIX_PATH=/home/pi/nav_ws/install/agv_interfaces:/home/pi/nav_ws/install/agv_description:${AMENT_PREFIX_PATH} CMAKE_PREFIX_PATH=/home/pi/nav_ws/install/agv_interfaces:/home/pi/nav_ws/install/agv_description LD_LIBRARY_PATH=/home/pi/nav_ws/install/agv_interfaces/lib:${LD_LIBRARY_PATH} PYTHONPATH=/home/pi/nav_ws/build/agv_bringup/prefix_override:/usr/lib/python3/dist-packages/colcon_core/task/python/colcon_distutils_commands:/home/pi/nav_ws/install/agv_bringup/lib/python3.8/site-packages:/home/pi/nav_ws/install/agv_interfaces/lib/python3.8/site-packages:${PYTHONPATH} /usr/bin/python3 -W ignore:setup.py install is deprecated setup.py egg_info --egg-base ../../build/agv_bringup build --build-base /home/pi/nav_ws/build/agv_bringup/build install --record /home/pi/nav_ws/build/agv_bringup/install.log --install-scripts $base/lib/omo_r1mini_bringup --single-version-externally-managed install_data
[3.449s] running egg_info
[3.451s] writing ../../build/agv_bringup/agv_bringup.egg-info/PKG-INFO
[3.452s] writing dependency_links to ../../build/agv_bringup/agv_bringup.egg-info/dependency_links.txt
[3.453s] writing entry points to ../../build/agv_bringup/agv_bringup.egg-info/entry_points.txt
[3.453s] writing requirements to ../../build/agv_bringup/agv_bringup.egg-info/requires.txt
[3.454s] writing top-level names to ../../build/agv_bringup/agv_bringup.egg-info/top_level.txt
[3.581s] reading manifest file '../../build/agv_bringup/agv_bringup.egg-info/SOURCES.txt'
[3.585s] writing manifest file '../../build/agv_bringup/agv_bringup.egg-info/SOURCES.txt'
[3.585s] running build
[3.586s] running build_py
[3.590s] running install
[3.593s] running install_lib
[3.602s] running install_data
[3.604s] running install_egg_info
[3.610s] removing '/home/pi/nav_ws/install/agv_bringup/lib/python3.8/site-packages/agv_bringup-0.0.1-py3.8.egg-info' (and everything under it)
[3.612s] Copying ../../build/agv_bringup/agv_bringup.egg-info to /home/pi/nav_ws/install/agv_bringup/lib/python3.8/site-packages/agv_bringup-0.0.1-py3.8.egg-info
[3.616s] running install_scripts
[3.678s] Installing agv_mcu_node script to /home/pi/nav_ws/install/agv_bringup/lib/omo_r1mini_bringup
[3.679s] Installing agv_motor_setting_node script to /home/pi/nav_ws/install/agv_bringup/lib/omo_r1mini_bringup
[3.682s] writing list of installed files to '/home/pi/nav_ws/build/agv_bringup/install.log'
[3.779s] Invoked command in '/home/pi/nav_ws/src/agv_bringup' returned '0': AMENT_PREFIX_PATH=/home/pi/nav_ws/install/agv_interfaces:/home/pi/nav_ws/install/agv_description:${AMENT_PREFIX_PATH} CMAKE_PREFIX_PATH=/home/pi/nav_ws/install/agv_interfaces:/home/pi/nav_ws/install/agv_description LD_LIBRARY_PATH=/home/pi/nav_ws/install/agv_interfaces/lib:${LD_LIBRARY_PATH} PYTHONPATH=/home/pi/nav_ws/build/agv_bringup/prefix_override:/usr/lib/python3/dist-packages/colcon_core/task/python/colcon_distutils_commands:/home/pi/nav_ws/install/agv_bringup/lib/python3.8/site-packages:/home/pi/nav_ws/install/agv_interfaces/lib/python3.8/site-packages:${PYTHONPATH} /usr/bin/python3 -W ignore:setup.py install is deprecated setup.py egg_info --egg-base ../../build/agv_bringup build --build-base /home/pi/nav_ws/build/agv_bringup/build install --record /home/pi/nav_ws/build/agv_bringup/install.log --install-scripts $base/lib/omo_r1mini_bringup --single-version-externally-managed install_data
