[0.272s] Invoking command in '/home/pi/nav_ws/build/agv_interfaces': CMAKE_PREFIX_PATH=${CMAKE_PREFIX_PATH}:/home/pi/nav_ws/install/agv_bringup:/opt/ros/foxy /usr/bin/cmake --build /home/pi/nav_ws/build/agv_interfaces -- -j4 -l4
[0.879s] [  4%] Built target agv_interfaces__cpp
[0.887s] [ 12%] Built target agv_interfaces__rosidl_generator_c
[1.329s] [ 23%] Built target agv_interfaces__rosidl_typesupport_introspection_c
[1.330s] [ 35%] Built target agv_interfaces__rosidl_typesupport_introspection_cpp
[1.331s] [ 46%] Built target agv_interfaces__rosidl_typesupport_c
[1.483s] [ 57%] Built target agv_interfaces__rosidl_typesupport_cpp
[1.522s] [ 69%] Built target agv_interfaces__rosidl_typesupport_fastrtps_cpp
[1.799s] [ 80%] Built target agv_interfaces__rosidl_typesupport_fastrtps_c
[1.953s] [ 80%] Built target agv_interfaces
[2.220s] [ 81%] Built target agv_interfaces__py
[2.506s] [ 91%] Built target agv_interfaces__python
[2.788s] [ 94%] Built target agv_interfaces__rosidl_typesupport_c__pyext
[2.872s] [ 97%] Built target agv_interfaces__rosidl_typesupport_introspection_c__pyext
[3.001s] [100%] Built target agv_interfaces__rosidl_typesupport_fastrtps_c__pyext
[3.122s] Invoked command in '/home/pi/nav_ws/build/agv_interfaces' returned '0': CMAKE_PREFIX_PATH=${CMAKE_PREFIX_PATH}:/home/pi/nav_ws/install/agv_bringup:/opt/ros/foxy /usr/bin/cmake --build /home/pi/nav_ws/build/agv_interfaces -- -j4 -l4
[5.260s] Invoking command in '/home/pi/nav_ws/build/agv_interfaces': CMAKE_PREFIX_PATH=${CMAKE_PREFIX_PATH}:/home/pi/nav_ws/install/agv_bringup:/opt/ros/foxy /usr/bin/cmake --install /home/pi/nav_ws/build/agv_interfaces
[5.363s] -- Install configuration: ""
[5.369s] -- Up-to-date: /home/pi/nav_ws/install/agv_interfaces/share/ament_index/resource_index/rosidl_interfaces/agv_interfaces
[5.372s] -- Up-to-date: /home/pi/nav_ws/install/agv_interfaces/include/agv_interfaces
[5.376s] -- Up-to-date: /home/pi/nav_ws/install/agv_interfaces/include/agv_interfaces/msg
[5.379s] -- Up-to-date: /home/pi/nav_ws/install/agv_interfaces/include/agv_interfaces/msg/rosidl_generator_c__visibility_control.h
[5.387s] -- Up-to-date: /home/pi/nav_ws/install/agv_interfaces/include/agv_interfaces/srv
[5.397s] -- Up-to-date: /home/pi/nav_ws/install/agv_interfaces/include/agv_interfaces/srv/color.h
[5.400s] -- Up-to-date: /home/pi/nav_ws/install/agv_interfaces/include/agv_interfaces/srv/onoff.h
[5.401s] -- Up-to-date: /home/pi/nav_ws/install/agv_interfaces/include/agv_interfaces/srv/detail
[5.406s] -- Up-to-date: /home/pi/nav_ws/install/agv_interfaces/include/agv_interfaces/srv/detail/save_color__struct.h
[5.407s] -- Up-to-date: /home/pi/nav_ws/install/agv_interfaces/include/agv_interfaces/srv/detail/battery__struct.h
[5.411s] -- Up-to-date: /home/pi/nav_ws/install/agv_interfaces/include/agv_interfaces/srv/detail/onoff__functions.h
[5.416s] -- Up-to-date: /home/pi/nav_ws/install/agv_interfaces/include/agv_interfaces/srv/detail/onoff__functions.c
[5.420s] -- Up-to-date: /home/pi/nav_ws/install/agv_interfaces/include/agv_interfaces/srv/detail/battery__type_support.h
[5.427s] -- Up-to-date: /home/pi/nav_ws/install/agv_interfaces/include/agv_interfaces/srv/detail/color__type_support.h
[5.429s] -- Up-to-date: /home/pi/nav_ws/install/agv_interfaces/include/agv_interfaces/srv/detail/reset_odom__functions.h
[5.432s] -- Up-to-date: /home/pi/nav_ws/install/agv_interfaces/include/agv_interfaces/srv/detail/reset_odom__functions.c
[5.435s] -- Up-to-date: /home/pi/nav_ws/install/agv_interfaces/include/agv_interfaces/srv/detail/save_color__functions.h
[5.440s] -- Up-to-date: /home/pi/nav_ws/install/agv_interfaces/include/agv_interfaces/srv/detail/reset_odom__type_support.h
[5.440s] -- Up-to-date: /home/pi/nav_ws/install/agv_interfaces/include/agv_interfaces/srv/detail/calg__functions.c
[5.447s] -- Up-to-date: /home/pi/nav_ws/install/agv_interfaces/include/agv_interfaces/srv/detail/battery__functions.h
[5.453s] -- Up-to-date: /home/pi/nav_ws/install/agv_interfaces/include/agv_interfaces/srv/detail/battery__functions.c
[5.455s] -- Up-to-date: /home/pi/nav_ws/install/agv_interfaces/include/agv_interfaces/srv/detail/calg__functions.h
[5.456s] -- Up-to-date: /home/pi/nav_ws/install/agv_interfaces/include/agv_interfaces/srv/detail/onoff__type_support.h
[5.460s] -- Up-to-date: /home/pi/nav_ws/install/agv_interfaces/include/agv_interfaces/srv/detail/save_color__type_support.h
[5.461s] -- Up-to-date: /home/pi/nav_ws/install/agv_interfaces/include/agv_interfaces/srv/detail/calg__type_support.h
[5.468s] -- Up-to-date: /home/pi/nav_ws/install/agv_interfaces/include/agv_interfaces/srv/detail/color__struct.h
[5.471s] -- Up-to-date: /home/pi/nav_ws/install/agv_interfaces/include/agv_interfaces/srv/detail/color__functions.h
[5.473s] -- Up-to-date: /home/pi/nav_ws/install/agv_interfaces/include/agv_interfaces/srv/detail/reset_odom__struct.h
[5.476s] -- Up-to-date: /home/pi/nav_ws/install/agv_interfaces/include/agv_interfaces/srv/detail/save_color__functions.c
[5.477s] -- Up-to-date: /home/pi/nav_ws/install/agv_interfaces/include/agv_interfaces/srv/detail/color__functions.c
[5.483s] -- Up-to-date: /home/pi/nav_ws/install/agv_interfaces/include/agv_interfaces/srv/detail/onoff__struct.h
[5.485s] -- Up-to-date: /home/pi/nav_ws/install/agv_interfaces/include/agv_interfaces/srv/detail/calg__struct.h
[5.490s] -- Up-to-date: /home/pi/nav_ws/install/agv_interfaces/include/agv_interfaces/srv/reset_odom.h
[5.496s] -- Up-to-date: /home/pi/nav_ws/install/agv_interfaces/include/agv_interfaces/srv/battery.h
[5.499s] -- Up-to-date: /home/pi/nav_ws/install/agv_interfaces/include/agv_interfaces/srv/calg.h
[5.500s] -- Up-to-date: /home/pi/nav_ws/install/agv_interfaces/include/agv_interfaces/srv/save_color.h
[5.505s] -- Up-to-date: /home/pi/nav_ws/install/agv_interfaces/share/agv_interfaces/environment/library_path.sh
[5.510s] -- Up-to-date: /home/pi/nav_ws/install/agv_interfaces/share/agv_interfaces/environment/library_path.dsv
[5.511s] -- Up-to-date: /home/pi/nav_ws/install/agv_interfaces/lib/libagv_interfaces__rosidl_generator_c.so
[5.511s] -- Up-to-date: /home/pi/nav_ws/install/agv_interfaces/include/agv_interfaces
[5.517s] -- Up-to-date: /home/pi/nav_ws/install/agv_interfaces/include/agv_interfaces/msg
[5.521s] -- Up-to-date: /home/pi/nav_ws/install/agv_interfaces/include/agv_interfaces/msg/rosidl_typesupport_fastrtps_c__visibility_control.h
[5.523s] -- Up-to-date: /home/pi/nav_ws/install/agv_interfaces/include/agv_interfaces/srv
[5.524s] -- Up-to-date: /home/pi/nav_ws/install/agv_interfaces/include/agv_interfaces/srv/detail
[5.530s] -- Up-to-date: /home/pi/nav_ws/install/agv_interfaces/include/agv_interfaces/srv/detail/calg__rosidl_typesupport_fastrtps_c.h
[5.533s] -- Up-to-date: /home/pi/nav_ws/install/agv_interfaces/include/agv_interfaces/srv/detail/battery__rosidl_typesupport_fastrtps_c.h
[5.536s] -- Up-to-date: /home/pi/nav_ws/install/agv_interfaces/include/agv_interfaces/srv/detail/color__rosidl_typesupport_fastrtps_c.h
[5.537s] -- Up-to-date: /home/pi/nav_ws/install/agv_interfaces/include/agv_interfaces/srv/detail/onoff__rosidl_typesupport_fastrtps_c.h
[5.540s] -- Up-to-date: /home/pi/nav_ws/install/agv_interfaces/include/agv_interfaces/srv/detail/save_color__rosidl_typesupport_fastrtps_c.h
[5.541s] -- Up-to-date: /home/pi/nav_ws/install/agv_interfaces/include/agv_interfaces/srv/detail/reset_odom__rosidl_typesupport_fastrtps_c.h
[5.544s] -- Up-to-date: /home/pi/nav_ws/install/agv_interfaces/lib/libagv_interfaces__rosidl_typesupport_fastrtps_c.so
[5.546s] -- Up-to-date: /home/pi/nav_ws/install/agv_interfaces/include/agv_interfaces
[5.547s] -- Up-to-date: /home/pi/nav_ws/install/agv_interfaces/include/agv_interfaces/msg
[5.548s] -- Up-to-date: /home/pi/nav_ws/install/agv_interfaces/include/agv_interfaces/msg/rosidl_typesupport_fastrtps_cpp__visibility_control.h
[5.554s] -- Up-to-date: /home/pi/nav_ws/install/agv_interfaces/include/agv_interfaces/srv
[5.557s] -- Up-to-date: /home/pi/nav_ws/install/agv_interfaces/include/agv_interfaces/srv/detail
[5.560s] -- Up-to-date: /home/pi/nav_ws/install/agv_interfaces/include/agv_interfaces/srv/detail/dds_fastrtps
[5.563s] -- Up-to-date: /home/pi/nav_ws/install/agv_interfaces/include/agv_interfaces/srv/detail/onoff__rosidl_typesupport_fastrtps_cpp.hpp
[5.564s] -- Up-to-date: /home/pi/nav_ws/install/agv_interfaces/include/agv_interfaces/srv/detail/color__rosidl_typesupport_fastrtps_cpp.hpp
[5.573s] -- Up-to-date: /home/pi/nav_ws/install/agv_interfaces/include/agv_interfaces/srv/detail/calg__rosidl_typesupport_fastrtps_cpp.hpp
[5.574s] -- Up-to-date: /home/pi/nav_ws/install/agv_interfaces/include/agv_interfaces/srv/detail/reset_odom__rosidl_typesupport_fastrtps_cpp.hpp
[5.581s] -- Up-to-date: /home/pi/nav_ws/install/agv_interfaces/include/agv_interfaces/srv/detail/battery__rosidl_typesupport_fastrtps_cpp.hpp
[5.581s] -- Up-to-date: /home/pi/nav_ws/install/agv_interfaces/include/agv_interfaces/srv/detail/save_color__rosidl_typesupport_fastrtps_cpp.hpp
[5.584s] -- Up-to-date: /home/pi/nav_ws/install/agv_interfaces/lib/libagv_interfaces__rosidl_typesupport_fastrtps_cpp.so
[5.584s] -- Up-to-date: /home/pi/nav_ws/install/agv_interfaces/include/agv_interfaces
[5.587s] -- Up-to-date: /home/pi/nav_ws/install/agv_interfaces/include/agv_interfaces/msg
[5.592s] -- Up-to-date: /home/pi/nav_ws/install/agv_interfaces/include/agv_interfaces/msg/rosidl_typesupport_introspection_c__visibility_control.h
[5.598s] -- Up-to-date: /home/pi/nav_ws/install/agv_interfaces/include/agv_interfaces/srv
[5.600s] -- Up-to-date: /home/pi/nav_ws/install/agv_interfaces/include/agv_interfaces/srv/detail
[5.608s] -- Up-to-date: /home/pi/nav_ws/install/agv_interfaces/include/agv_interfaces/srv/detail/onoff__rosidl_typesupport_introspection_c.h
[5.610s] -- Up-to-date: /home/pi/nav_ws/install/agv_interfaces/include/agv_interfaces/srv/detail/reset_odom__type_support.c
[5.611s] -- Up-to-date: /home/pi/nav_ws/install/agv_interfaces/include/agv_interfaces/srv/detail/battery__type_support.c
[5.613s] -- Up-to-date: /home/pi/nav_ws/install/agv_interfaces/include/agv_interfaces/srv/detail/calg__type_support.c
[5.614s] -- Up-to-date: /home/pi/nav_ws/install/agv_interfaces/include/agv_interfaces/srv/detail/save_color__rosidl_typesupport_introspection_c.h
[5.614s] -- Up-to-date: /home/pi/nav_ws/install/agv_interfaces/include/agv_interfaces/srv/detail/calg__rosidl_typesupport_introspection_c.h
[5.618s] -- Up-to-date: /home/pi/nav_ws/install/agv_interfaces/include/agv_interfaces/srv/detail/save_color__type_support.c
[5.621s] -- Up-to-date: /home/pi/nav_ws/install/agv_interfaces/include/agv_interfaces/srv/detail/reset_odom__rosidl_typesupport_introspection_c.h
[5.624s] -- Up-to-date: /home/pi/nav_ws/install/agv_interfaces/include/agv_interfaces/srv/detail/onoff__type_support.c
[5.626s] -- Up-to-date: /home/pi/nav_ws/install/agv_interfaces/include/agv_interfaces/srv/detail/color__type_support.c
[5.628s] -- Up-to-date: /home/pi/nav_ws/install/agv_interfaces/include/agv_interfaces/srv/detail/battery__rosidl_typesupport_introspection_c.h
[5.630s] -- Up-to-date: /home/pi/nav_ws/install/agv_interfaces/include/agv_interfaces/srv/detail/color__rosidl_typesupport_introspection_c.h
[5.631s] -- Up-to-date: /home/pi/nav_ws/install/agv_interfaces/lib/libagv_interfaces__rosidl_typesupport_introspection_c.so
[5.631s] -- Up-to-date: /home/pi/nav_ws/install/agv_interfaces/lib/libagv_interfaces__rosidl_typesupport_c.so
[5.636s] -- Up-to-date: /home/pi/nav_ws/install/agv_interfaces/include/agv_interfaces
[5.638s] -- Up-to-date: /home/pi/nav_ws/install/agv_interfaces/include/agv_interfaces/msg
[5.642s] -- Up-to-date: /home/pi/nav_ws/install/agv_interfaces/include/agv_interfaces/msg/rosidl_generator_cpp__visibility_control.hpp
[5.647s] -- Up-to-date: /home/pi/nav_ws/install/agv_interfaces/include/agv_interfaces/srv
[5.649s] -- Up-to-date: /home/pi/nav_ws/install/agv_interfaces/include/agv_interfaces/srv/color.hpp
[5.650s] -- Up-to-date: /home/pi/nav_ws/install/agv_interfaces/include/agv_interfaces/srv/save_color.hpp
[5.662s] -- Up-to-date: /home/pi/nav_ws/install/agv_interfaces/include/agv_interfaces/srv/battery.hpp
[5.664s] -- Up-to-date: /home/pi/nav_ws/install/agv_interfaces/include/agv_interfaces/srv/detail
[5.669s] -- Up-to-date: /home/pi/nav_ws/install/agv_interfaces/include/agv_interfaces/srv/detail/battery__traits.hpp
[5.670s] -- Up-to-date: /home/pi/nav_ws/install/agv_interfaces/include/agv_interfaces/srv/detail/calg__traits.hpp
[5.676s] -- Up-to-date: /home/pi/nav_ws/install/agv_interfaces/include/agv_interfaces/srv/detail/save_color__type_support.hpp
[5.677s] -- Up-to-date: /home/pi/nav_ws/install/agv_interfaces/include/agv_interfaces/srv/detail/battery__builder.hpp
[5.677s] -- Up-to-date: /home/pi/nav_ws/install/agv_interfaces/include/agv_interfaces/srv/detail/onoff__type_support.hpp
[5.678s] -- Up-to-date: /home/pi/nav_ws/install/agv_interfaces/include/agv_interfaces/srv/detail/calg__type_support.hpp
[5.679s] -- Up-to-date: /home/pi/nav_ws/install/agv_interfaces/include/agv_interfaces/srv/detail/onoff__builder.hpp
[5.679s] -- Up-to-date: /home/pi/nav_ws/install/agv_interfaces/include/agv_interfaces/srv/detail/reset_odom__struct.hpp
[5.680s] -- Up-to-date: /home/pi/nav_ws/install/agv_interfaces/include/agv_interfaces/srv/detail/reset_odom__type_support.hpp
[5.681s] -- Up-to-date: /home/pi/nav_ws/install/agv_interfaces/include/agv_interfaces/srv/detail/color__traits.hpp
[5.694s] -- Up-to-date: /home/pi/nav_ws/install/agv_interfaces/include/agv_interfaces/srv/detail/color__type_support.hpp
[5.695s] -- Up-to-date: /home/pi/nav_ws/install/agv_interfaces/include/agv_interfaces/srv/detail/onoff__traits.hpp
[5.695s] -- Up-to-date: /home/pi/nav_ws/install/agv_interfaces/include/agv_interfaces/srv/detail/save_color__traits.hpp
[5.696s] -- Up-to-date: /home/pi/nav_ws/install/agv_interfaces/include/agv_interfaces/srv/detail/calg__builder.hpp
[5.696s] -- Up-to-date: /home/pi/nav_ws/install/agv_interfaces/include/agv_interfaces/srv/detail/reset_odom__traits.hpp
[5.697s] -- Up-to-date: /home/pi/nav_ws/install/agv_interfaces/include/agv_interfaces/srv/detail/calg__struct.hpp
[5.709s] -- Up-to-date: /home/pi/nav_ws/install/agv_interfaces/include/agv_interfaces/srv/detail/battery__struct.hpp
[5.710s] -- Up-to-date: /home/pi/nav_ws/install/agv_interfaces/include/agv_interfaces/srv/detail/color__struct.hpp
[5.711s] -- Up-to-date: /home/pi/nav_ws/install/agv_interfaces/include/agv_interfaces/srv/detail/reset_odom__builder.hpp
[5.711s] -- Up-to-date: /home/pi/nav_ws/install/agv_interfaces/include/agv_interfaces/srv/detail/save_color__struct.hpp
[5.712s] -- Up-to-date: /home/pi/nav_ws/install/agv_interfaces/include/agv_interfaces/srv/detail/color__builder.hpp
[5.724s] -- Up-to-date: /home/pi/nav_ws/install/agv_interfaces/include/agv_interfaces/srv/detail/onoff__struct.hpp
[5.727s] -- Up-to-date: /home/pi/nav_ws/install/agv_interfaces/include/agv_interfaces/srv/detail/battery__type_support.hpp
[5.733s] -- Up-to-date: /home/pi/nav_ws/install/agv_interfaces/include/agv_interfaces/srv/detail/save_color__builder.hpp
[5.734s] -- Up-to-date: /home/pi/nav_ws/install/agv_interfaces/include/agv_interfaces/srv/reset_odom.hpp
[5.735s] -- Up-to-date: /home/pi/nav_ws/install/agv_interfaces/include/agv_interfaces/srv/onoff.hpp
[5.743s] -- Up-to-date: /home/pi/nav_ws/install/agv_interfaces/include/agv_interfaces/srv/calg.hpp
[5.756s] -- Up-to-date: /home/pi/nav_ws/install/agv_interfaces/include/agv_interfaces
[5.760s] -- Up-to-date: /home/pi/nav_ws/install/agv_interfaces/include/agv_interfaces/srv
[5.769s] -- Up-to-date: /home/pi/nav_ws/install/agv_interfaces/include/agv_interfaces/srv/detail
[5.776s] -- Up-to-date: /home/pi/nav_ws/install/agv_interfaces/include/agv_interfaces/srv/detail/save_color__rosidl_typesupport_introspection_cpp.hpp
[5.781s] -- Up-to-date: /home/pi/nav_ws/install/agv_interfaces/include/agv_interfaces/srv/detail/calg__type_support.cpp
[5.788s] -- Up-to-date: /home/pi/nav_ws/install/agv_interfaces/include/agv_interfaces/srv/detail/battery__type_support.cpp
[5.798s] -- Up-to-date: /home/pi/nav_ws/install/agv_interfaces/include/agv_interfaces/srv/detail/reset_odom__rosidl_typesupport_introspection_cpp.hpp
[5.805s] -- Up-to-date: /home/pi/nav_ws/install/agv_interfaces/include/agv_interfaces/srv/detail/onoff__rosidl_typesupport_introspection_cpp.hpp
[5.818s] -- Up-to-date: /home/pi/nav_ws/install/agv_interfaces/include/agv_interfaces/srv/detail/save_color__type_support.cpp
[5.828s] -- Up-to-date: /home/pi/nav_ws/install/agv_interfaces/include/agv_interfaces/srv/detail/color__rosidl_typesupport_introspection_cpp.hpp
[5.834s] -- Up-to-date: /home/pi/nav_ws/install/agv_interfaces/include/agv_interfaces/srv/detail/battery__rosidl_typesupport_introspection_cpp.hpp
[5.839s] -- Up-to-date: /home/pi/nav_ws/install/agv_interfaces/include/agv_interfaces/srv/detail/calg__rosidl_typesupport_introspection_cpp.hpp
[5.846s] -- Up-to-date: /home/pi/nav_ws/install/agv_interfaces/include/agv_interfaces/srv/detail/onoff__type_support.cpp
[5.858s] -- Up-to-date: /home/pi/nav_ws/install/agv_interfaces/include/agv_interfaces/srv/detail/reset_odom__type_support.cpp
[5.865s] -- Up-to-date: /home/pi/nav_ws/install/agv_interfaces/include/agv_interfaces/srv/detail/color__type_support.cpp
[5.872s] -- Up-to-date: /home/pi/nav_ws/install/agv_interfaces/lib/libagv_interfaces__rosidl_typesupport_introspection_cpp.so
[5.881s] -- Up-to-date: /home/pi/nav_ws/install/agv_interfaces/lib/libagv_interfaces__rosidl_typesupport_cpp.so
[5.886s] -- Up-to-date: /home/pi/nav_ws/install/agv_interfaces/share/agv_interfaces/environment/pythonpath.sh
[5.892s] -- Up-to-date: /home/pi/nav_ws/install/agv_interfaces/share/agv_interfaces/environment/pythonpath.dsv
[5.896s] -- Up-to-date: /home/pi/nav_ws/install/agv_interfaces/lib/python3.8/site-packages/agv_interfaces/__init__.py
[6.008s] -- Up-to-date: /home/pi/nav_ws/install/agv_interfaces/lib/python3.8/site-packages/agv_interfaces/srv
[6.009s] -- Up-to-date: /home/pi/nav_ws/install/agv_interfaces/lib/python3.8/site-packages/agv_interfaces/srv/_onoff_s.c
[6.015s] -- Up-to-date: /home/pi/nav_ws/install/agv_interfaces/lib/python3.8/site-packages/agv_interfaces/srv/_reset_odom_s.c
[6.016s] -- Up-to-date: /home/pi/nav_ws/install/agv_interfaces/lib/python3.8/site-packages/agv_interfaces/srv/_calg_s.c
[6.023s] -- Up-to-date: /home/pi/nav_ws/install/agv_interfaces/lib/python3.8/site-packages/agv_interfaces/srv/_reset_odom.py
[6.025s] -- Up-to-date: /home/pi/nav_ws/install/agv_interfaces/lib/python3.8/site-packages/agv_interfaces/srv/_save_color_s.c
[6.026s] -- Up-to-date: /home/pi/nav_ws/install/agv_interfaces/lib/python3.8/site-packages/agv_interfaces/srv/_color.py
[6.027s] -- Up-to-date: /home/pi/nav_ws/install/agv_interfaces/lib/python3.8/site-packages/agv_interfaces/srv/_battery.py
[6.028s] -- Up-to-date: /home/pi/nav_ws/install/agv_interfaces/lib/python3.8/site-packages/agv_interfaces/srv/_color_s.c
[6.028s] -- Up-to-date: /home/pi/nav_ws/install/agv_interfaces/lib/python3.8/site-packages/agv_interfaces/srv/_onoff.py
[6.044s] -- Up-to-date: /home/pi/nav_ws/install/agv_interfaces/lib/python3.8/site-packages/agv_interfaces/srv/_battery_s.c
[6.052s] -- Up-to-date: /home/pi/nav_ws/install/agv_interfaces/lib/python3.8/site-packages/agv_interfaces/srv/_calg.py
[6.067s] -- Up-to-date: /home/pi/nav_ws/install/agv_interfaces/lib/python3.8/site-packages/agv_interfaces/srv/_save_color.py
[6.073s] -- Up-to-date: /home/pi/nav_ws/install/agv_interfaces/lib/python3.8/site-packages/agv_interfaces/srv/__init__.py
[6.082s] -- Up-to-date: /home/pi/nav_ws/install/agv_interfaces/lib/python3.8/site-packages/agv_interfaces/agv_interfaces_s__rosidl_typesupport_fastrtps_c.cpython-38-aarch64-linux-gnu.so
[6.098s] -- Up-to-date: /home/pi/nav_ws/install/agv_interfaces/lib/python3.8/site-packages/agv_interfaces/agv_interfaces_s__rosidl_typesupport_introspection_c.cpython-38-aarch64-linux-gnu.so
[6.104s] -- Up-to-date: /home/pi/nav_ws/install/agv_interfaces/lib/python3.8/site-packages/agv_interfaces/agv_interfaces_s__rosidl_typesupport_c.cpython-38-aarch64-linux-gnu.so
[6.113s] -- Up-to-date: /home/pi/nav_ws/install/agv_interfaces/lib/libagv_interfaces__python.so
[6.120s] -- Up-to-date: /home/pi/nav_ws/install/agv_interfaces/share/agv_interfaces/srv/Battery.idl
[6.127s] -- Up-to-date: /home/pi/nav_ws/install/agv_interfaces/share/agv_interfaces/srv/Calg.idl
[6.133s] -- Up-to-date: /home/pi/nav_ws/install/agv_interfaces/share/agv_interfaces/srv/Color.idl
[6.141s] -- Up-to-date: /home/pi/nav_ws/install/agv_interfaces/share/agv_interfaces/srv/Onoff.idl
[6.147s] -- Up-to-date: /home/pi/nav_ws/install/agv_interfaces/share/agv_interfaces/srv/ResetOdom.idl
[6.152s] -- Up-to-date: /home/pi/nav_ws/install/agv_interfaces/share/agv_interfaces/srv/SaveColor.idl
[6.159s] -- Up-to-date: /home/pi/nav_ws/install/agv_interfaces/share/agv_interfaces/srv/Battery.srv
[6.165s] -- Up-to-date: /home/pi/nav_ws/install/agv_interfaces/share/agv_interfaces/srv/Battery_Request.msg
[6.169s] -- Up-to-date: /home/pi/nav_ws/install/agv_interfaces/share/agv_interfaces/srv/Battery_Response.msg
[6.175s] -- Up-to-date: /home/pi/nav_ws/install/agv_interfaces/share/agv_interfaces/srv/Calg.srv
[6.178s] -- Up-to-date: /home/pi/nav_ws/install/agv_interfaces/share/agv_interfaces/srv/Calg_Request.msg
[6.194s] -- Up-to-date: /home/pi/nav_ws/install/agv_interfaces/share/agv_interfaces/srv/Calg_Response.msg
[6.195s] -- Up-to-date: /home/pi/nav_ws/install/agv_interfaces/share/agv_interfaces/srv/Color.srv
[6.195s] -- Up-to-date: /home/pi/nav_ws/install/agv_interfaces/share/agv_interfaces/srv/Color_Request.msg
[6.196s] -- Up-to-date: /home/pi/nav_ws/install/agv_interfaces/share/agv_interfaces/srv/Color_Response.msg
[6.196s] -- Up-to-date: /home/pi/nav_ws/install/agv_interfaces/share/agv_interfaces/srv/Onoff.srv
[6.197s] -- Up-to-date: /home/pi/nav_ws/install/agv_interfaces/share/agv_interfaces/srv/Onoff_Request.msg
[6.197s] -- Up-to-date: /home/pi/nav_ws/install/agv_interfaces/share/agv_interfaces/srv/Onoff_Response.msg
[6.198s] -- Up-to-date: /home/pi/nav_ws/install/agv_interfaces/share/agv_interfaces/srv/ResetOdom.srv
[6.199s] -- Up-to-date: /home/pi/nav_ws/install/agv_interfaces/share/agv_interfaces/srv/ResetOdom_Request.msg
[6.199s] -- Up-to-date: /home/pi/nav_ws/install/agv_interfaces/share/agv_interfaces/srv/ResetOdom_Response.msg
[6.200s] -- Up-to-date: /home/pi/nav_ws/install/agv_interfaces/share/agv_interfaces/srv/SaveColor.srv
[6.200s] -- Up-to-date: /home/pi/nav_ws/install/agv_interfaces/share/agv_interfaces/srv/SaveColor_Request.msg
[6.201s] -- Up-to-date: /home/pi/nav_ws/install/agv_interfaces/share/agv_interfaces/srv/SaveColor_Response.msg
[6.202s] -- Up-to-date: /home/pi/nav_ws/install/agv_interfaces/share/ament_index/resource_index/package_run_dependencies/agv_interfaces
[6.203s] -- Up-to-date: /home/pi/nav_ws/install/agv_interfaces/share/ament_index/resource_index/parent_prefix_path/agv_interfaces
[6.204s] -- Up-to-date: /home/pi/nav_ws/install/agv_interfaces/share/agv_interfaces/environment/ament_prefix_path.sh
[6.204s] -- Up-to-date: /home/pi/nav_ws/install/agv_interfaces/share/agv_interfaces/environment/ament_prefix_path.dsv
[6.205s] -- Up-to-date: /home/pi/nav_ws/install/agv_interfaces/share/agv_interfaces/environment/path.sh
[6.207s] -- Up-to-date: /home/pi/nav_ws/install/agv_interfaces/share/agv_interfaces/environment/path.dsv
[6.209s] -- Up-to-date: /home/pi/nav_ws/install/agv_interfaces/share/agv_interfaces/local_setup.bash
[6.210s] -- Up-to-date: /home/pi/nav_ws/install/agv_interfaces/share/agv_interfaces/local_setup.sh
[6.211s] -- Up-to-date: /home/pi/nav_ws/install/agv_interfaces/share/agv_interfaces/local_setup.zsh
[6.211s] -- Up-to-date: /home/pi/nav_ws/install/agv_interfaces/share/agv_interfaces/local_setup.dsv
[6.212s] -- Installing: /home/pi/nav_ws/install/agv_interfaces/share/agv_interfaces/package.dsv
[6.213s] -- Up-to-date: /home/pi/nav_ws/install/agv_interfaces/share/ament_index/resource_index/packages/agv_interfaces
[6.214s] -- Up-to-date: /home/pi/nav_ws/install/agv_interfaces/share/agv_interfaces/cmake/agv_interfaces__rosidl_generator_cExport.cmake
[6.215s] -- Up-to-date: /home/pi/nav_ws/install/agv_interfaces/share/agv_interfaces/cmake/agv_interfaces__rosidl_generator_cExport-noconfig.cmake
[6.216s] -- Up-to-date: /home/pi/nav_ws/install/agv_interfaces/share/agv_interfaces/cmake/agv_interfaces__rosidl_typesupport_introspection_cExport.cmake
[6.217s] -- Up-to-date: /home/pi/nav_ws/install/agv_interfaces/share/agv_interfaces/cmake/agv_interfaces__rosidl_typesupport_introspection_cExport-noconfig.cmake
[6.217s] -- Up-to-date: /home/pi/nav_ws/install/agv_interfaces/share/agv_interfaces/cmake/agv_interfaces__rosidl_typesupport_cExport.cmake
[6.218s] -- Up-to-date: /home/pi/nav_ws/install/agv_interfaces/share/agv_interfaces/cmake/agv_interfaces__rosidl_typesupport_cExport-noconfig.cmake
[6.219s] -- Up-to-date: /home/pi/nav_ws/install/agv_interfaces/share/agv_interfaces/cmake/agv_interfaces__rosidl_generator_cppExport.cmake
[6.219s] -- Up-to-date: /home/pi/nav_ws/install/agv_interfaces/share/agv_interfaces/cmake/agv_interfaces__rosidl_typesupport_introspection_cppExport.cmake
[6.220s] -- Up-to-date: /home/pi/nav_ws/install/agv_interfaces/share/agv_interfaces/cmake/agv_interfaces__rosidl_typesupport_introspection_cppExport-noconfig.cmake
[6.221s] -- Up-to-date: /home/pi/nav_ws/install/agv_interfaces/share/agv_interfaces/cmake/agv_interfaces__rosidl_typesupport_cppExport.cmake
[6.223s] -- Up-to-date: /home/pi/nav_ws/install/agv_interfaces/share/agv_interfaces/cmake/agv_interfaces__rosidl_typesupport_cppExport-noconfig.cmake
[6.224s] -- Up-to-date: /home/pi/nav_ws/install/agv_interfaces/share/agv_interfaces/cmake/rosidl_cmake-extras.cmake
[6.225s] -- Up-to-date: /home/pi/nav_ws/install/agv_interfaces/share/agv_interfaces/cmake/ament_cmake_export_dependencies-extras.cmake
[6.226s] -- Up-to-date: /home/pi/nav_ws/install/agv_interfaces/share/agv_interfaces/cmake/ament_cmake_export_libraries-extras.cmake
[6.227s] -- Up-to-date: /home/pi/nav_ws/install/agv_interfaces/share/agv_interfaces/cmake/ament_cmake_export_targets-extras.cmake
[6.228s] -- Up-to-date: /home/pi/nav_ws/install/agv_interfaces/share/agv_interfaces/cmake/ament_cmake_export_include_directories-extras.cmake
[6.229s] -- Up-to-date: /home/pi/nav_ws/install/agv_interfaces/share/agv_interfaces/cmake/rosidl_cmake_export_typesupport_libraries-extras.cmake
[6.230s] -- Up-to-date: /home/pi/nav_ws/install/agv_interfaces/share/agv_interfaces/cmake/rosidl_cmake_export_typesupport_targets-extras.cmake
[6.231s] -- Up-to-date: /home/pi/nav_ws/install/agv_interfaces/share/agv_interfaces/cmake/agv_interfacesConfig.cmake
[6.232s] -- Up-to-date: /home/pi/nav_ws/install/agv_interfaces/share/agv_interfaces/cmake/agv_interfacesConfig-version.cmake
[6.232s] -- Up-to-date: /home/pi/nav_ws/install/agv_interfaces/share/agv_interfaces/package.xml
[6.255s] Invoked command in '/home/pi/nav_ws/build/agv_interfaces' returned '0': CMAKE_PREFIX_PATH=${CMAKE_PREFIX_PATH}:/home/pi/nav_ws/install/agv_bringup:/opt/ros/foxy /usr/bin/cmake --install /home/pi/nav_ws/build/agv_interfaces
