[0.099s] Invoking command in '/home/pi/nav_ws/build/ydlidar_ros2_driver': CMAKE_PREFIX_PATH=${CMAKE_PREFIX_PATH}:/home/pi/nav_ws/install/agv_bringup:/opt/ros/foxy /usr/bin/cmake --build /home/pi/nav_ws/build/ydlidar_ros2_driver -- -j4 -l4
[0.576s] [ 50%] Built target ydlidar_ros2_driver_client
[0.587s] [100%] Built target ydlidar_ros2_driver_node
[0.662s] Invoked command in '/home/pi/nav_ws/build/ydlidar_ros2_driver' returned '0': CMAKE_PREFIX_PATH=${CMAKE_PREFIX_PATH}:/home/pi/nav_ws/install/agv_bringup:/opt/ros/foxy /usr/bin/cmake --build /home/pi/nav_ws/build/ydlidar_ros2_driver -- -j4 -l4
[0.860s] Invoking command in '/home/pi/nav_ws/build/ydlidar_ros2_driver': CMAKE_PREFIX_PATH=${CMAKE_PREFIX_PATH}:/home/pi/nav_ws/install/agv_bringup:/opt/ros/foxy /usr/bin/cmake --install /home/pi/nav_ws/build/ydlidar_ros2_driver
[0.897s] -- Install configuration: ""
[0.900s] -- Up-to-date: /home/pi/nav_ws/install/ydlidar_ros2_driver/lib/ydlidar_ros2_driver/ydlidar_ros2_driver_node
[0.904s] -- Up-to-date: /home/pi/nav_ws/install/ydlidar_ros2_driver/lib/ydlidar_ros2_driver/ydlidar_ros2_driver_client
[0.907s] -- Up-to-date: /home/pi/nav_ws/install/ydlidar_ros2_driver/share/ydlidar_ros2_driver/launch
[0.908s] -- Up-to-date: /home/pi/nav_ws/install/ydlidar_ros2_driver/share/ydlidar_ros2_driver/launch/ydlidar_launch_view.py
[0.910s] -- Up-to-date: /home/pi/nav_ws/install/ydlidar_ros2_driver/share/ydlidar_ros2_driver/launch/ydlidar_launch.py
[0.911s] -- Up-to-date: /home/pi/nav_ws/install/ydlidar_ros2_driver/share/ydlidar_ros2_driver/launch/ydlidar.py
[0.913s] -- Up-to-date: /home/pi/nav_ws/install/ydlidar_ros2_driver/share/ydlidar_ros2_driver/params
[0.917s] -- Up-to-date: /home/pi/nav_ws/install/ydlidar_ros2_driver/share/ydlidar_ros2_driver/params/G2.yaml
[0.918s] -- Up-to-date: /home/pi/nav_ws/install/ydlidar_ros2_driver/share/ydlidar_ros2_driver/params/X4.yaml
[0.919s] -- Up-to-date: /home/pi/nav_ws/install/ydlidar_ros2_driver/share/ydlidar_ros2_driver/params/GS2.yaml
[0.921s] -- Up-to-date: /home/pi/nav_ws/install/ydlidar_ros2_driver/share/ydlidar_ros2_driver/params/G1.yaml
[0.922s] -- Up-to-date: /home/pi/nav_ws/install/ydlidar_ros2_driver/share/ydlidar_ros2_driver/params/TG.yaml
[0.922s] -- Up-to-date: /home/pi/nav_ws/install/ydlidar_ros2_driver/share/ydlidar_ros2_driver/params/old.yaml
[0.923s] -- Up-to-date: /home/pi/nav_ws/install/ydlidar_ros2_driver/share/ydlidar_ros2_driver/params/G6.yaml
[0.927s] -- Up-to-date: /home/pi/nav_ws/install/ydlidar_ros2_driver/share/ydlidar_ros2_driver/params/TminiPro.yaml
[0.930s] -- Up-to-date: /home/pi/nav_ws/install/ydlidar_ros2_driver/share/ydlidar_ros2_driver/params/X4-Pro.yaml
[0.944s] -- Up-to-date: /home/pi/nav_ws/install/ydlidar_ros2_driver/share/ydlidar_ros2_driver/params/TEA.yaml
[0.945s] -- Up-to-date: /home/pi/nav_ws/install/ydlidar_ros2_driver/share/ydlidar_ros2_driver/params/ydlidar.yaml
[0.946s] -- Up-to-date: /home/pi/nav_ws/install/ydlidar_ros2_driver/share/ydlidar_ros2_driver/startup
[0.946s] -- Up-to-date: /home/pi/nav_ws/install/ydlidar_ros2_driver/share/ydlidar_ros2_driver/startup/initenv.sh
[0.947s] -- Up-to-date: /home/pi/nav_ws/install/ydlidar_ros2_driver/share/ydlidar_ros2_driver/config
[0.947s] -- Up-to-date: /home/pi/nav_ws/install/ydlidar_ros2_driver/share/ydlidar_ros2_driver/config/ydlidar.rviz
[0.948s] -- Up-to-date: /home/pi/nav_ws/install/ydlidar_ros2_driver/share/ament_index/resource_index/package_run_dependencies/ydlidar_ros2_driver
[0.948s] -- Up-to-date: /home/pi/nav_ws/install/ydlidar_ros2_driver/share/ament_index/resource_index/parent_prefix_path/ydlidar_ros2_driver
[0.948s] -- Up-to-date: /home/pi/nav_ws/install/ydlidar_ros2_driver/share/ydlidar_ros2_driver/environment/ament_prefix_path.sh
[0.949s] -- Up-to-date: /home/pi/nav_ws/install/ydlidar_ros2_driver/share/ydlidar_ros2_driver/environment/ament_prefix_path.dsv
[0.949s] -- Up-to-date: /home/pi/nav_ws/install/ydlidar_ros2_driver/share/ydlidar_ros2_driver/environment/path.sh
[0.949s] -- Up-to-date: /home/pi/nav_ws/install/ydlidar_ros2_driver/share/ydlidar_ros2_driver/environment/path.dsv
[0.953s] -- Up-to-date: /home/pi/nav_ws/install/ydlidar_ros2_driver/share/ydlidar_ros2_driver/local_setup.bash
[0.953s] -- Up-to-date: /home/pi/nav_ws/install/ydlidar_ros2_driver/share/ydlidar_ros2_driver/local_setup.sh
[0.953s] -- Up-to-date: /home/pi/nav_ws/install/ydlidar_ros2_driver/share/ydlidar_ros2_driver/local_setup.zsh
[0.954s] -- Up-to-date: /home/pi/nav_ws/install/ydlidar_ros2_driver/share/ydlidar_ros2_driver/local_setup.dsv
[0.954s] -- Installing: /home/pi/nav_ws/install/ydlidar_ros2_driver/share/ydlidar_ros2_driver/package.dsv
[0.955s] -- Up-to-date: /home/pi/nav_ws/install/ydlidar_ros2_driver/share/ament_index/resource_index/packages/ydlidar_ros2_driver
[0.955s] -- Up-to-date: /home/pi/nav_ws/install/ydlidar_ros2_driver/share/ydlidar_ros2_driver/cmake/ydlidar_ros2_driverConfig.cmake
[0.955s] -- Up-to-date: /home/pi/nav_ws/install/ydlidar_ros2_driver/share/ydlidar_ros2_driver/cmake/ydlidar_ros2_driverConfig-version.cmake
[0.956s] -- Up-to-date: /home/pi/nav_ws/install/ydlidar_ros2_driver/share/ydlidar_ros2_driver/package.xml
[0.956s] Invoked command in '/home/pi/nav_ws/build/ydlidar_ros2_driver' returned '0': CMAKE_PREFIX_PATH=${CMAKE_PREFIX_PATH}:/home/pi/nav_ws/install/agv_bringup:/opt/ros/foxy /usr/bin/cmake --install /home/pi/nav_ws/build/ydlidar_ros2_driver
