[0.194s] Invoking command in '/home/pi/nav_ws/build/agv_interfaces': CMAKE_PREFIX_PATH=${CMAKE_PREFIX_PATH}:/home/pi/nav_ws/install/agv_bringup:/opt/ros/foxy /usr/bin/cmake --build /home/pi/nav_ws/build/agv_interfaces -- -j4 -l4
[0.533s] [  1%] Built target agv_interfaces__cpp
[0.544s] [ 12%] Built target agv_interfaces__rosidl_generator_c
[0.738s] [ 23%] Built target agv_interfaces__rosidl_typesupport_introspection_cpp
[0.741s] [ 35%] Built target agv_interfaces__rosidl_typesupport_introspection_c
[0.744s] [ 46%] Built target agv_interfaces__rosidl_typesupport_cpp
[0.814s] [ 57%] Built target agv_interfaces__rosidl_typesupport_fastrtps_cpp
[0.887s] [ 69%] Built target agv_interfaces__rosidl_typesupport_c
[1.026s] [ 80%] Built target agv_interfaces__rosidl_typesupport_fastrtps_c
[1.137s] [ 80%] Built target agv_interfaces
[1.296s] [ 81%] Built target agv_interfaces__py
[1.513s] [ 91%] Built target agv_interfaces__python
[1.824s] [ 94%] Built target agv_interfaces__rosidl_typesupport_introspection_c__pyext
[1.842s] [ 97%] Built target agv_interfaces__rosidl_typesupport_c__pyext
[1.851s] [100%] Built target agv_interfaces__rosidl_typesupport_fastrtps_c__pyext
[1.934s] Invoked command in '/home/pi/nav_ws/build/agv_interfaces' returned '0': CMAKE_PREFIX_PATH=${CMAKE_PREFIX_PATH}:/home/pi/nav_ws/install/agv_bringup:/opt/ros/foxy /usr/bin/cmake --build /home/pi/nav_ws/build/agv_interfaces -- -j4 -l4
[3.295s] Invoking command in '/home/pi/nav_ws/build/agv_interfaces': CMAKE_PREFIX_PATH=${CMAKE_PREFIX_PATH}:/home/pi/nav_ws/install/agv_bringup:/opt/ros/foxy /usr/bin/cmake --install /home/pi/nav_ws/build/agv_interfaces
[3.341s] -- Install configuration: ""
[3.342s] -- Up-to-date: /home/pi/nav_ws/install/agv_interfaces/share/ament_index/resource_index/rosidl_interfaces/agv_interfaces
[3.344s] -- Up-to-date: /home/pi/nav_ws/install/agv_interfaces/include/agv_interfaces
[3.344s] -- Up-to-date: /home/pi/nav_ws/install/agv_interfaces/include/agv_interfaces/msg
[3.345s] -- Up-to-date: /home/pi/nav_ws/install/agv_interfaces/include/agv_interfaces/msg/rosidl_generator_c__visibility_control.h
[3.346s] -- Up-to-date: /home/pi/nav_ws/install/agv_interfaces/include/agv_interfaces/srv
[3.347s] -- Up-to-date: /home/pi/nav_ws/install/agv_interfaces/include/agv_interfaces/srv/color.h
[3.348s] -- Up-to-date: /home/pi/nav_ws/install/agv_interfaces/include/agv_interfaces/srv/onoff.h
[3.351s] -- Up-to-date: /home/pi/nav_ws/install/agv_interfaces/include/agv_interfaces/srv/detail
[3.353s] -- Up-to-date: /home/pi/nav_ws/install/agv_interfaces/include/agv_interfaces/srv/detail/save_color__struct.h
[3.354s] -- Up-to-date: /home/pi/nav_ws/install/agv_interfaces/include/agv_interfaces/srv/detail/battery__struct.h
[3.355s] -- Up-to-date: /home/pi/nav_ws/install/agv_interfaces/include/agv_interfaces/srv/detail/onoff__functions.h
[3.356s] -- Up-to-date: /home/pi/nav_ws/install/agv_interfaces/include/agv_interfaces/srv/detail/onoff__functions.c
[3.357s] -- Up-to-date: /home/pi/nav_ws/install/agv_interfaces/include/agv_interfaces/srv/detail/battery__type_support.h
[3.357s] -- Up-to-date: /home/pi/nav_ws/install/agv_interfaces/include/agv_interfaces/srv/detail/color__type_support.h
[3.358s] -- Up-to-date: /home/pi/nav_ws/install/agv_interfaces/include/agv_interfaces/srv/detail/reset_odom__functions.h
[3.358s] -- Up-to-date: /home/pi/nav_ws/install/agv_interfaces/include/agv_interfaces/srv/detail/reset_odom__functions.c
[3.359s] -- Up-to-date: /home/pi/nav_ws/install/agv_interfaces/include/agv_interfaces/srv/detail/save_color__functions.h
[3.360s] -- Up-to-date: /home/pi/nav_ws/install/agv_interfaces/include/agv_interfaces/srv/detail/reset_odom__type_support.h
[3.361s] -- Up-to-date: /home/pi/nav_ws/install/agv_interfaces/include/agv_interfaces/srv/detail/calg__functions.c
[3.362s] -- Up-to-date: /home/pi/nav_ws/install/agv_interfaces/include/agv_interfaces/srv/detail/battery__functions.h
[3.363s] -- Up-to-date: /home/pi/nav_ws/install/agv_interfaces/include/agv_interfaces/srv/detail/battery__functions.c
[3.364s] -- Up-to-date: /home/pi/nav_ws/install/agv_interfaces/include/agv_interfaces/srv/detail/calg__functions.h
[3.364s] -- Up-to-date: /home/pi/nav_ws/install/agv_interfaces/include/agv_interfaces/srv/detail/onoff__type_support.h
[3.365s] -- Up-to-date: /home/pi/nav_ws/install/agv_interfaces/include/agv_interfaces/srv/detail/save_color__type_support.h
[3.366s] -- Up-to-date: /home/pi/nav_ws/install/agv_interfaces/include/agv_interfaces/srv/detail/calg__type_support.h
[3.367s] -- Up-to-date: /home/pi/nav_ws/install/agv_interfaces/include/agv_interfaces/srv/detail/color__struct.h
[3.368s] -- Up-to-date: /home/pi/nav_ws/install/agv_interfaces/include/agv_interfaces/srv/detail/color__functions.h
[3.371s] -- Up-to-date: /home/pi/nav_ws/install/agv_interfaces/include/agv_interfaces/srv/detail/reset_odom__struct.h
[3.371s] -- Up-to-date: /home/pi/nav_ws/install/agv_interfaces/include/agv_interfaces/srv/detail/save_color__functions.c
[3.372s] -- Up-to-date: /home/pi/nav_ws/install/agv_interfaces/include/agv_interfaces/srv/detail/color__functions.c
[3.373s] -- Up-to-date: /home/pi/nav_ws/install/agv_interfaces/include/agv_interfaces/srv/detail/onoff__struct.h
[3.374s] -- Up-to-date: /home/pi/nav_ws/install/agv_interfaces/include/agv_interfaces/srv/detail/calg__struct.h
[3.375s] -- Up-to-date: /home/pi/nav_ws/install/agv_interfaces/include/agv_interfaces/srv/reset_odom.h
[3.375s] -- Up-to-date: /home/pi/nav_ws/install/agv_interfaces/include/agv_interfaces/srv/battery.h
[3.376s] -- Up-to-date: /home/pi/nav_ws/install/agv_interfaces/include/agv_interfaces/srv/calg.h
[3.377s] -- Up-to-date: /home/pi/nav_ws/install/agv_interfaces/include/agv_interfaces/srv/save_color.h
[3.378s] -- Up-to-date: /home/pi/nav_ws/install/agv_interfaces/share/agv_interfaces/environment/library_path.sh
[3.379s] -- Up-to-date: /home/pi/nav_ws/install/agv_interfaces/share/agv_interfaces/environment/library_path.dsv
[3.380s] -- Up-to-date: /home/pi/nav_ws/install/agv_interfaces/lib/libagv_interfaces__rosidl_generator_c.so
[3.381s] -- Up-to-date: /home/pi/nav_ws/install/agv_interfaces/include/agv_interfaces
[3.381s] -- Up-to-date: /home/pi/nav_ws/install/agv_interfaces/include/agv_interfaces/msg
[3.382s] -- Up-to-date: /home/pi/nav_ws/install/agv_interfaces/include/agv_interfaces/msg/rosidl_typesupport_fastrtps_c__visibility_control.h
[3.382s] -- Up-to-date: /home/pi/nav_ws/install/agv_interfaces/include/agv_interfaces/srv
[3.383s] -- Up-to-date: /home/pi/nav_ws/install/agv_interfaces/include/agv_interfaces/srv/detail
[3.384s] -- Up-to-date: /home/pi/nav_ws/install/agv_interfaces/include/agv_interfaces/srv/detail/calg__rosidl_typesupport_fastrtps_c.h
[3.385s] -- Up-to-date: /home/pi/nav_ws/install/agv_interfaces/include/agv_interfaces/srv/detail/battery__rosidl_typesupport_fastrtps_c.h
[3.385s] -- Up-to-date: /home/pi/nav_ws/install/agv_interfaces/include/agv_interfaces/srv/detail/color__rosidl_typesupport_fastrtps_c.h
[3.386s] -- Up-to-date: /home/pi/nav_ws/install/agv_interfaces/include/agv_interfaces/srv/detail/onoff__rosidl_typesupport_fastrtps_c.h
[3.387s] -- Up-to-date: /home/pi/nav_ws/install/agv_interfaces/include/agv_interfaces/srv/detail/save_color__rosidl_typesupport_fastrtps_c.h
[3.388s] -- Up-to-date: /home/pi/nav_ws/install/agv_interfaces/include/agv_interfaces/srv/detail/reset_odom__rosidl_typesupport_fastrtps_c.h
[3.389s] -- Up-to-date: /home/pi/nav_ws/install/agv_interfaces/lib/libagv_interfaces__rosidl_typesupport_fastrtps_c.so
[3.391s] -- Up-to-date: /home/pi/nav_ws/install/agv_interfaces/include/agv_interfaces
[3.391s] -- Up-to-date: /home/pi/nav_ws/install/agv_interfaces/include/agv_interfaces/msg
[3.392s] -- Up-to-date: /home/pi/nav_ws/install/agv_interfaces/include/agv_interfaces/msg/rosidl_typesupport_fastrtps_cpp__visibility_control.h
[3.393s] -- Up-to-date: /home/pi/nav_ws/install/agv_interfaces/include/agv_interfaces/srv
[3.394s] -- Up-to-date: /home/pi/nav_ws/install/agv_interfaces/include/agv_interfaces/srv/detail
[3.394s] -- Up-to-date: /home/pi/nav_ws/install/agv_interfaces/include/agv_interfaces/srv/detail/dds_fastrtps
[3.395s] -- Up-to-date: /home/pi/nav_ws/install/agv_interfaces/include/agv_interfaces/srv/detail/onoff__rosidl_typesupport_fastrtps_cpp.hpp
[3.395s] -- Up-to-date: /home/pi/nav_ws/install/agv_interfaces/include/agv_interfaces/srv/detail/color__rosidl_typesupport_fastrtps_cpp.hpp
[3.396s] -- Up-to-date: /home/pi/nav_ws/install/agv_interfaces/include/agv_interfaces/srv/detail/calg__rosidl_typesupport_fastrtps_cpp.hpp
[3.397s] -- Up-to-date: /home/pi/nav_ws/install/agv_interfaces/include/agv_interfaces/srv/detail/reset_odom__rosidl_typesupport_fastrtps_cpp.hpp
[3.398s] -- Up-to-date: /home/pi/nav_ws/install/agv_interfaces/include/agv_interfaces/srv/detail/battery__rosidl_typesupport_fastrtps_cpp.hpp
[3.399s] -- Up-to-date: /home/pi/nav_ws/install/agv_interfaces/include/agv_interfaces/srv/detail/save_color__rosidl_typesupport_fastrtps_cpp.hpp
[3.399s] -- Up-to-date: /home/pi/nav_ws/install/agv_interfaces/lib/libagv_interfaces__rosidl_typesupport_fastrtps_cpp.so
[3.400s] -- Up-to-date: /home/pi/nav_ws/install/agv_interfaces/include/agv_interfaces
[3.401s] -- Up-to-date: /home/pi/nav_ws/install/agv_interfaces/include/agv_interfaces/msg
[3.402s] -- Up-to-date: /home/pi/nav_ws/install/agv_interfaces/include/agv_interfaces/msg/rosidl_typesupport_introspection_c__visibility_control.h
[3.402s] -- Up-to-date: /home/pi/nav_ws/install/agv_interfaces/include/agv_interfaces/srv
[3.403s] -- Up-to-date: /home/pi/nav_ws/install/agv_interfaces/include/agv_interfaces/srv/detail
[3.405s] -- Up-to-date: /home/pi/nav_ws/install/agv_interfaces/include/agv_interfaces/srv/detail/onoff__rosidl_typesupport_introspection_c.h
[3.405s] -- Up-to-date: /home/pi/nav_ws/install/agv_interfaces/include/agv_interfaces/srv/detail/reset_odom__type_support.c
[3.406s] -- Up-to-date: /home/pi/nav_ws/install/agv_interfaces/include/agv_interfaces/srv/detail/battery__type_support.c
[3.406s] -- Up-to-date: /home/pi/nav_ws/install/agv_interfaces/include/agv_interfaces/srv/detail/calg__type_support.c
[3.407s] -- Up-to-date: /home/pi/nav_ws/install/agv_interfaces/include/agv_interfaces/srv/detail/save_color__rosidl_typesupport_introspection_c.h
[3.408s] -- Up-to-date: /home/pi/nav_ws/install/agv_interfaces/include/agv_interfaces/srv/detail/calg__rosidl_typesupport_introspection_c.h
[3.408s] -- Up-to-date: /home/pi/nav_ws/install/agv_interfaces/include/agv_interfaces/srv/detail/save_color__type_support.c
[3.409s] -- Up-to-date: /home/pi/nav_ws/install/agv_interfaces/include/agv_interfaces/srv/detail/reset_odom__rosidl_typesupport_introspection_c.h
[3.409s] -- Up-to-date: /home/pi/nav_ws/install/agv_interfaces/include/agv_interfaces/srv/detail/onoff__type_support.c
[3.410s] -- Up-to-date: /home/pi/nav_ws/install/agv_interfaces/include/agv_interfaces/srv/detail/color__type_support.c
[3.411s] -- Up-to-date: /home/pi/nav_ws/install/agv_interfaces/include/agv_interfaces/srv/detail/battery__rosidl_typesupport_introspection_c.h
[3.411s] -- Up-to-date: /home/pi/nav_ws/install/agv_interfaces/include/agv_interfaces/srv/detail/color__rosidl_typesupport_introspection_c.h
[3.412s] -- Up-to-date: /home/pi/nav_ws/install/agv_interfaces/lib/libagv_interfaces__rosidl_typesupport_introspection_c.so
[3.413s] -- Up-to-date: /home/pi/nav_ws/install/agv_interfaces/lib/libagv_interfaces__rosidl_typesupport_c.so
[3.414s] -- Up-to-date: /home/pi/nav_ws/install/agv_interfaces/include/agv_interfaces
[3.415s] -- Up-to-date: /home/pi/nav_ws/install/agv_interfaces/include/agv_interfaces/msg
[3.415s] -- Up-to-date: /home/pi/nav_ws/install/agv_interfaces/include/agv_interfaces/msg/rosidl_generator_cpp__visibility_control.hpp
[3.416s] -- Up-to-date: /home/pi/nav_ws/install/agv_interfaces/include/agv_interfaces/srv
[3.417s] -- Up-to-date: /home/pi/nav_ws/install/agv_interfaces/include/agv_interfaces/srv/color.hpp
[3.418s] -- Up-to-date: /home/pi/nav_ws/install/agv_interfaces/include/agv_interfaces/srv/save_color.hpp
[3.419s] -- Up-to-date: /home/pi/nav_ws/install/agv_interfaces/include/agv_interfaces/srv/battery.hpp
[3.422s] -- Up-to-date: /home/pi/nav_ws/install/agv_interfaces/include/agv_interfaces/srv/detail
[3.422s] -- Up-to-date: /home/pi/nav_ws/install/agv_interfaces/include/agv_interfaces/srv/detail/battery__traits.hpp
[3.423s] -- Up-to-date: /home/pi/nav_ws/install/agv_interfaces/include/agv_interfaces/srv/detail/calg__traits.hpp
[3.423s] -- Up-to-date: /home/pi/nav_ws/install/agv_interfaces/include/agv_interfaces/srv/detail/save_color__type_support.hpp
[3.423s] -- Up-to-date: /home/pi/nav_ws/install/agv_interfaces/include/agv_interfaces/srv/detail/battery__builder.hpp
[3.424s] -- Up-to-date: /home/pi/nav_ws/install/agv_interfaces/include/agv_interfaces/srv/detail/onoff__type_support.hpp
[3.424s] -- Up-to-date: /home/pi/nav_ws/install/agv_interfaces/include/agv_interfaces/srv/detail/calg__type_support.hpp
[3.426s] -- Up-to-date: /home/pi/nav_ws/install/agv_interfaces/include/agv_interfaces/srv/detail/onoff__builder.hpp
[3.434s] -- Up-to-date: /home/pi/nav_ws/install/agv_interfaces/include/agv_interfaces/srv/detail/reset_odom__struct.hpp
[3.434s] -- Up-to-date: /home/pi/nav_ws/install/agv_interfaces/include/agv_interfaces/srv/detail/reset_odom__type_support.hpp
[3.434s] -- Up-to-date: /home/pi/nav_ws/install/agv_interfaces/include/agv_interfaces/srv/detail/color__traits.hpp
[3.435s] -- Up-to-date: /home/pi/nav_ws/install/agv_interfaces/include/agv_interfaces/srv/detail/color__type_support.hpp
[3.435s] -- Up-to-date: /home/pi/nav_ws/install/agv_interfaces/include/agv_interfaces/srv/detail/onoff__traits.hpp
[3.436s] -- Up-to-date: /home/pi/nav_ws/install/agv_interfaces/include/agv_interfaces/srv/detail/save_color__traits.hpp
[3.436s] -- Up-to-date: /home/pi/nav_ws/install/agv_interfaces/include/agv_interfaces/srv/detail/calg__builder.hpp
[3.437s] -- Up-to-date: /home/pi/nav_ws/install/agv_interfaces/include/agv_interfaces/srv/detail/reset_odom__traits.hpp
[3.438s] -- Up-to-date: /home/pi/nav_ws/install/agv_interfaces/include/agv_interfaces/srv/detail/calg__struct.hpp
[3.438s] -- Up-to-date: /home/pi/nav_ws/install/agv_interfaces/include/agv_interfaces/srv/detail/battery__struct.hpp
[3.439s] -- Up-to-date: /home/pi/nav_ws/install/agv_interfaces/include/agv_interfaces/srv/detail/color__struct.hpp
[3.440s] -- Up-to-date: /home/pi/nav_ws/install/agv_interfaces/include/agv_interfaces/srv/detail/reset_odom__builder.hpp
[3.440s] -- Up-to-date: /home/pi/nav_ws/install/agv_interfaces/include/agv_interfaces/srv/detail/save_color__struct.hpp
[3.441s] -- Up-to-date: /home/pi/nav_ws/install/agv_interfaces/include/agv_interfaces/srv/detail/color__builder.hpp
[3.441s] -- Up-to-date: /home/pi/nav_ws/install/agv_interfaces/include/agv_interfaces/srv/detail/onoff__struct.hpp
[3.442s] -- Up-to-date: /home/pi/nav_ws/install/agv_interfaces/include/agv_interfaces/srv/detail/battery__type_support.hpp
[3.443s] -- Up-to-date: /home/pi/nav_ws/install/agv_interfaces/include/agv_interfaces/srv/detail/save_color__builder.hpp
[3.443s] -- Up-to-date: /home/pi/nav_ws/install/agv_interfaces/include/agv_interfaces/srv/reset_odom.hpp
[3.445s] -- Up-to-date: /home/pi/nav_ws/install/agv_interfaces/include/agv_interfaces/srv/onoff.hpp
[3.445s] -- Up-to-date: /home/pi/nav_ws/install/agv_interfaces/include/agv_interfaces/srv/calg.hpp
[3.446s] -- Up-to-date: /home/pi/nav_ws/install/agv_interfaces/include/agv_interfaces
[3.446s] -- Up-to-date: /home/pi/nav_ws/install/agv_interfaces/include/agv_interfaces/srv
[3.447s] -- Up-to-date: /home/pi/nav_ws/install/agv_interfaces/include/agv_interfaces/srv/detail
[3.448s] -- Up-to-date: /home/pi/nav_ws/install/agv_interfaces/include/agv_interfaces/srv/detail/save_color__rosidl_typesupport_introspection_cpp.hpp
[3.448s] -- Up-to-date: /home/pi/nav_ws/install/agv_interfaces/include/agv_interfaces/srv/detail/calg__type_support.cpp
[3.449s] -- Up-to-date: /home/pi/nav_ws/install/agv_interfaces/include/agv_interfaces/srv/detail/battery__type_support.cpp
[3.450s] -- Up-to-date: /home/pi/nav_ws/install/agv_interfaces/include/agv_interfaces/srv/detail/reset_odom__rosidl_typesupport_introspection_cpp.hpp
[3.450s] -- Up-to-date: /home/pi/nav_ws/install/agv_interfaces/include/agv_interfaces/srv/detail/onoff__rosidl_typesupport_introspection_cpp.hpp
[3.451s] -- Up-to-date: /home/pi/nav_ws/install/agv_interfaces/include/agv_interfaces/srv/detail/save_color__type_support.cpp
[3.451s] -- Up-to-date: /home/pi/nav_ws/install/agv_interfaces/include/agv_interfaces/srv/detail/color__rosidl_typesupport_introspection_cpp.hpp
[3.452s] -- Up-to-date: /home/pi/nav_ws/install/agv_interfaces/include/agv_interfaces/srv/detail/battery__rosidl_typesupport_introspection_cpp.hpp
[3.453s] -- Up-to-date: /home/pi/nav_ws/install/agv_interfaces/include/agv_interfaces/srv/detail/calg__rosidl_typesupport_introspection_cpp.hpp
[3.454s] -- Up-to-date: /home/pi/nav_ws/install/agv_interfaces/include/agv_interfaces/srv/detail/onoff__type_support.cpp
[3.454s] -- Up-to-date: /home/pi/nav_ws/install/agv_interfaces/include/agv_interfaces/srv/detail/reset_odom__type_support.cpp
[3.455s] -- Up-to-date: /home/pi/nav_ws/install/agv_interfaces/include/agv_interfaces/srv/detail/color__type_support.cpp
[3.456s] -- Up-to-date: /home/pi/nav_ws/install/agv_interfaces/lib/libagv_interfaces__rosidl_typesupport_introspection_cpp.so
[3.456s] -- Up-to-date: /home/pi/nav_ws/install/agv_interfaces/lib/libagv_interfaces__rosidl_typesupport_cpp.so
[3.457s] -- Up-to-date: /home/pi/nav_ws/install/agv_interfaces/share/agv_interfaces/environment/pythonpath.sh
[3.458s] -- Up-to-date: /home/pi/nav_ws/install/agv_interfaces/share/agv_interfaces/environment/pythonpath.dsv
[3.458s] -- Up-to-date: /home/pi/nav_ws/install/agv_interfaces/lib/python3.8/site-packages/agv_interfaces/__init__.py
[3.623s] -- Up-to-date: /home/pi/nav_ws/install/agv_interfaces/lib/python3.8/site-packages/agv_interfaces/srv
[3.624s] -- Up-to-date: /home/pi/nav_ws/install/agv_interfaces/lib/python3.8/site-packages/agv_interfaces/srv/_onoff_s.c
[3.625s] -- Up-to-date: /home/pi/nav_ws/install/agv_interfaces/lib/python3.8/site-packages/agv_interfaces/srv/_reset_odom_s.c
[3.628s] -- Up-to-date: /home/pi/nav_ws/install/agv_interfaces/lib/python3.8/site-packages/agv_interfaces/srv/_calg_s.c
[3.630s] -- Up-to-date: /home/pi/nav_ws/install/agv_interfaces/lib/python3.8/site-packages/agv_interfaces/srv/_reset_odom.py
[3.637s] -- Up-to-date: /home/pi/nav_ws/install/agv_interfaces/lib/python3.8/site-packages/agv_interfaces/srv/_save_color_s.c
[3.637s] -- Up-to-date: /home/pi/nav_ws/install/agv_interfaces/lib/python3.8/site-packages/agv_interfaces/srv/_color.py
[3.638s] -- Up-to-date: /home/pi/nav_ws/install/agv_interfaces/lib/python3.8/site-packages/agv_interfaces/srv/_battery.py
[3.638s] -- Up-to-date: /home/pi/nav_ws/install/agv_interfaces/lib/python3.8/site-packages/agv_interfaces/srv/_color_s.c
[3.639s] -- Up-to-date: /home/pi/nav_ws/install/agv_interfaces/lib/python3.8/site-packages/agv_interfaces/srv/_onoff.py
[3.640s] -- Up-to-date: /home/pi/nav_ws/install/agv_interfaces/lib/python3.8/site-packages/agv_interfaces/srv/_battery_s.c
[3.640s] -- Up-to-date: /home/pi/nav_ws/install/agv_interfaces/lib/python3.8/site-packages/agv_interfaces/srv/_calg.py
[3.641s] -- Up-to-date: /home/pi/nav_ws/install/agv_interfaces/lib/python3.8/site-packages/agv_interfaces/srv/_save_color.py
[3.641s] -- Up-to-date: /home/pi/nav_ws/install/agv_interfaces/lib/python3.8/site-packages/agv_interfaces/srv/__init__.py
[3.642s] -- Up-to-date: /home/pi/nav_ws/install/agv_interfaces/lib/python3.8/site-packages/agv_interfaces/agv_interfaces_s__rosidl_typesupport_fastrtps_c.cpython-38-aarch64-linux-gnu.so
[3.657s] -- Up-to-date: /home/pi/nav_ws/install/agv_interfaces/lib/python3.8/site-packages/agv_interfaces/agv_interfaces_s__rosidl_typesupport_introspection_c.cpython-38-aarch64-linux-gnu.so
[3.658s] -- Up-to-date: /home/pi/nav_ws/install/agv_interfaces/lib/python3.8/site-packages/agv_interfaces/agv_interfaces_s__rosidl_typesupport_c.cpython-38-aarch64-linux-gnu.so
[3.662s] -- Up-to-date: /home/pi/nav_ws/install/agv_interfaces/lib/libagv_interfaces__python.so
[3.665s] -- Up-to-date: /home/pi/nav_ws/install/agv_interfaces/share/agv_interfaces/srv/Battery.idl
[3.671s] -- Up-to-date: /home/pi/nav_ws/install/agv_interfaces/share/agv_interfaces/srv/Calg.idl
[3.673s] -- Up-to-date: /home/pi/nav_ws/install/agv_interfaces/share/agv_interfaces/srv/Color.idl
[3.674s] -- Up-to-date: /home/pi/nav_ws/install/agv_interfaces/share/agv_interfaces/srv/Onoff.idl
[3.676s] -- Up-to-date: /home/pi/nav_ws/install/agv_interfaces/share/agv_interfaces/srv/ResetOdom.idl
[3.677s] -- Up-to-date: /home/pi/nav_ws/install/agv_interfaces/share/agv_interfaces/srv/SaveColor.idl
[3.679s] -- Up-to-date: /home/pi/nav_ws/install/agv_interfaces/share/agv_interfaces/srv/Battery.srv
[3.680s] -- Up-to-date: /home/pi/nav_ws/install/agv_interfaces/share/agv_interfaces/srv/Battery_Request.msg
[3.682s] -- Up-to-date: /home/pi/nav_ws/install/agv_interfaces/share/agv_interfaces/srv/Battery_Response.msg
[3.683s] -- Up-to-date: /home/pi/nav_ws/install/agv_interfaces/share/agv_interfaces/srv/Calg.srv
[3.685s] -- Up-to-date: /home/pi/nav_ws/install/agv_interfaces/share/agv_interfaces/srv/Calg_Request.msg
[3.687s] -- Up-to-date: /home/pi/nav_ws/install/agv_interfaces/share/agv_interfaces/srv/Calg_Response.msg
[3.688s] -- Up-to-date: /home/pi/nav_ws/install/agv_interfaces/share/agv_interfaces/srv/Color.srv
[3.690s] -- Up-to-date: /home/pi/nav_ws/install/agv_interfaces/share/agv_interfaces/srv/Color_Request.msg
[3.692s] -- Up-to-date: /home/pi/nav_ws/install/agv_interfaces/share/agv_interfaces/srv/Color_Response.msg
[3.694s] -- Up-to-date: /home/pi/nav_ws/install/agv_interfaces/share/agv_interfaces/srv/Onoff.srv
[3.697s] -- Up-to-date: /home/pi/nav_ws/install/agv_interfaces/share/agv_interfaces/srv/Onoff_Request.msg
[3.697s] -- Up-to-date: /home/pi/nav_ws/install/agv_interfaces/share/agv_interfaces/srv/Onoff_Response.msg
[3.700s] -- Up-to-date: /home/pi/nav_ws/install/agv_interfaces/share/agv_interfaces/srv/ResetOdom.srv
[3.700s] -- Up-to-date: /home/pi/nav_ws/install/agv_interfaces/share/agv_interfaces/srv/ResetOdom_Request.msg
[3.704s] -- Up-to-date: /home/pi/nav_ws/install/agv_interfaces/share/agv_interfaces/srv/ResetOdom_Response.msg
[3.704s] -- Up-to-date: /home/pi/nav_ws/install/agv_interfaces/share/agv_interfaces/srv/SaveColor.srv
[3.705s] -- Up-to-date: /home/pi/nav_ws/install/agv_interfaces/share/agv_interfaces/srv/SaveColor_Request.msg
[3.708s] -- Up-to-date: /home/pi/nav_ws/install/agv_interfaces/share/agv_interfaces/srv/SaveColor_Response.msg
[3.709s] -- Up-to-date: /home/pi/nav_ws/install/agv_interfaces/share/ament_index/resource_index/package_run_dependencies/agv_interfaces
[3.710s] -- Up-to-date: /home/pi/nav_ws/install/agv_interfaces/share/ament_index/resource_index/parent_prefix_path/agv_interfaces
[3.714s] -- Up-to-date: /home/pi/nav_ws/install/agv_interfaces/share/agv_interfaces/environment/ament_prefix_path.sh
[3.714s] -- Up-to-date: /home/pi/nav_ws/install/agv_interfaces/share/agv_interfaces/environment/ament_prefix_path.dsv
[3.715s] -- Up-to-date: /home/pi/nav_ws/install/agv_interfaces/share/agv_interfaces/environment/path.sh
[3.715s] -- Up-to-date: /home/pi/nav_ws/install/agv_interfaces/share/agv_interfaces/environment/path.dsv
[3.721s] -- Up-to-date: /home/pi/nav_ws/install/agv_interfaces/share/agv_interfaces/local_setup.bash
[3.726s] -- Up-to-date: /home/pi/nav_ws/install/agv_interfaces/share/agv_interfaces/local_setup.sh
[3.727s] -- Up-to-date: /home/pi/nav_ws/install/agv_interfaces/share/agv_interfaces/local_setup.zsh
[3.727s] -- Up-to-date: /home/pi/nav_ws/install/agv_interfaces/share/agv_interfaces/local_setup.dsv
[3.728s] -- Installing: /home/pi/nav_ws/install/agv_interfaces/share/agv_interfaces/package.dsv
[3.729s] -- Up-to-date: /home/pi/nav_ws/install/agv_interfaces/share/ament_index/resource_index/packages/agv_interfaces
[3.732s] -- Up-to-date: /home/pi/nav_ws/install/agv_interfaces/share/agv_interfaces/cmake/agv_interfaces__rosidl_generator_cExport.cmake
[3.733s] -- Up-to-date: /home/pi/nav_ws/install/agv_interfaces/share/agv_interfaces/cmake/agv_interfaces__rosidl_generator_cExport-noconfig.cmake
[3.736s] -- Up-to-date: /home/pi/nav_ws/install/agv_interfaces/share/agv_interfaces/cmake/agv_interfaces__rosidl_typesupport_introspection_cExport.cmake
[3.739s] -- Up-to-date: /home/pi/nav_ws/install/agv_interfaces/share/agv_interfaces/cmake/agv_interfaces__rosidl_typesupport_introspection_cExport-noconfig.cmake
[3.742s] -- Up-to-date: /home/pi/nav_ws/install/agv_interfaces/share/agv_interfaces/cmake/agv_interfaces__rosidl_typesupport_cExport.cmake
[3.744s] -- Up-to-date: /home/pi/nav_ws/install/agv_interfaces/share/agv_interfaces/cmake/agv_interfaces__rosidl_typesupport_cExport-noconfig.cmake
[3.747s] -- Up-to-date: /home/pi/nav_ws/install/agv_interfaces/share/agv_interfaces/cmake/agv_interfaces__rosidl_generator_cppExport.cmake
[3.749s] -- Up-to-date: /home/pi/nav_ws/install/agv_interfaces/share/agv_interfaces/cmake/agv_interfaces__rosidl_typesupport_introspection_cppExport.cmake
[3.761s] -- Up-to-date: /home/pi/nav_ws/install/agv_interfaces/share/agv_interfaces/cmake/agv_interfaces__rosidl_typesupport_introspection_cppExport-noconfig.cmake
[3.763s] -- Up-to-date: /home/pi/nav_ws/install/agv_interfaces/share/agv_interfaces/cmake/agv_interfaces__rosidl_typesupport_cppExport.cmake
[3.765s] -- Up-to-date: /home/pi/nav_ws/install/agv_interfaces/share/agv_interfaces/cmake/agv_interfaces__rosidl_typesupport_cppExport-noconfig.cmake
[3.767s] -- Up-to-date: /home/pi/nav_ws/install/agv_interfaces/share/agv_interfaces/cmake/rosidl_cmake-extras.cmake
[3.768s] -- Up-to-date: /home/pi/nav_ws/install/agv_interfaces/share/agv_interfaces/cmake/ament_cmake_export_dependencies-extras.cmake
[3.769s] -- Up-to-date: /home/pi/nav_ws/install/agv_interfaces/share/agv_interfaces/cmake/ament_cmake_export_libraries-extras.cmake
[3.770s] -- Up-to-date: /home/pi/nav_ws/install/agv_interfaces/share/agv_interfaces/cmake/ament_cmake_export_targets-extras.cmake
[3.771s] -- Up-to-date: /home/pi/nav_ws/install/agv_interfaces/share/agv_interfaces/cmake/ament_cmake_export_include_directories-extras.cmake
[3.772s] -- Up-to-date: /home/pi/nav_ws/install/agv_interfaces/share/agv_interfaces/cmake/rosidl_cmake_export_typesupport_libraries-extras.cmake
[3.773s] -- Up-to-date: /home/pi/nav_ws/install/agv_interfaces/share/agv_interfaces/cmake/rosidl_cmake_export_typesupport_targets-extras.cmake
[3.774s] -- Up-to-date: /home/pi/nav_ws/install/agv_interfaces/share/agv_interfaces/cmake/agv_interfacesConfig.cmake
[3.775s] -- Up-to-date: /home/pi/nav_ws/install/agv_interfaces/share/agv_interfaces/cmake/agv_interfacesConfig-version.cmake
[3.776s] -- Up-to-date: /home/pi/nav_ws/install/agv_interfaces/share/agv_interfaces/package.xml
[3.786s] Invoked command in '/home/pi/nav_ws/build/agv_interfaces' returned '0': CMAKE_PREFIX_PATH=${CMAKE_PREFIX_PATH}:/home/pi/nav_ws/install/agv_bringup:/opt/ros/foxy /usr/bin/cmake --install /home/pi/nav_ws/build/agv_interfaces
