[3.004s] Invoking command in '/home/pi/finalagv_ros2_ws/src/agv': PYTHONPATH=/home/pi/finalagv_ros2_ws/build/agv/prefix_override:/usr/lib/python3/dist-packages/colcon_core/task/python/colcon_distutils_commands:/home/pi/finalagv_ros2_ws/install/agv/lib/python3.8/site-packages:${PYTHONPATH} /usr/bin/python3 -W ignore:setup.py install is deprecated setup.py egg_info --egg-base ../../build/agv build --build-base /home/pi/finalagv_ros2_ws/build/agv/build install --record /home/pi/finalagv_ros2_ws/build/agv/install.log --install-scripts $base/lib/agv --single-version-externally-managed install_data
[3.938s] running egg_info
[3.940s] writing ../../build/agv/agv.egg-info/PKG-INFO
[3.941s] writing dependency_links to ../../build/agv/agv.egg-info/dependency_links.txt
[3.942s] writing entry points to ../../build/agv/agv.egg-info/entry_points.txt
[3.943s] writing requirements to ../../build/agv/agv.egg-info/requires.txt
[3.944s] writing top-level names to ../../build/agv/agv.egg-info/top_level.txt
[4.080s] reading manifest file '../../build/agv/agv.egg-info/SOURCES.txt'
[4.085s] writing manifest file '../../build/agv/agv.egg-info/SOURCES.txt'
[4.086s] running build
[4.087s] running build_py
[4.087s] copying agv/sub2.py -> /home/pi/finalagv_ros2_ws/build/agv/build/lib/agv
[4.089s] copying agv/return_sub.py -> /home/pi/finalagv_ros2_ws/build/agv/build/lib/agv
[4.091s] running install
[4.095s] running install_lib
[4.100s] copying /home/pi/finalagv_ros2_ws/build/agv/build/lib/agv/sub2.py -> /home/pi/finalagv_ros2_ws/install/agv/lib/python3.8/site-packages/agv
[4.101s] copying /home/pi/finalagv_ros2_ws/build/agv/build/lib/agv/return_sub.py -> /home/pi/finalagv_ros2_ws/install/agv/lib/python3.8/site-packages/agv
[4.105s] byte-compiling /home/pi/finalagv_ros2_ws/install/agv/lib/python3.8/site-packages/agv/sub2.py to sub2.cpython-38.pyc
[4.118s] byte-compiling /home/pi/finalagv_ros2_ws/install/agv/lib/python3.8/site-packages/agv/return_sub.py to return_sub.cpython-38.pyc
[4.124s] running install_data
[4.125s] running install_egg_info
[4.132s] removing '/home/pi/finalagv_ros2_ws/install/agv/lib/python3.8/site-packages/agv-0.0.0-py3.8.egg-info' (and everything under it)
[4.134s] Copying ../../build/agv/agv.egg-info to /home/pi/finalagv_ros2_ws/install/agv/lib/python3.8/site-packages/agv-0.0.0-py3.8.egg-info
[4.140s] running install_scripts
[4.212s] Installing pub script to /home/pi/finalagv_ros2_ws/install/agv/lib/agv
[4.212s] Installing pub2 script to /home/pi/finalagv_ros2_ws/install/agv/lib/agv
[4.213s] Installing return script to /home/pi/finalagv_ros2_ws/install/agv/lib/agv
[4.214s] Installing sub script to /home/pi/finalagv_ros2_ws/install/agv/lib/agv
[4.215s] Installing sub2 script to /home/pi/finalagv_ros2_ws/install/agv/lib/agv
[4.216s] Installing tel script to /home/pi/finalagv_ros2_ws/install/agv/lib/agv
[4.216s] Installing udp script to /home/pi/finalagv_ros2_ws/install/agv/lib/agv
[4.219s] writing list of installed files to '/home/pi/finalagv_ros2_ws/build/agv/install.log'
[4.320s] Invoked command in '/home/pi/finalagv_ros2_ws/src/agv' returned '0': PYTHONPATH=/home/pi/finalagv_ros2_ws/build/agv/prefix_override:/usr/lib/python3/dist-packages/colcon_core/task/python/colcon_distutils_commands:/home/pi/finalagv_ros2_ws/install/agv/lib/python3.8/site-packages:${PYTHONPATH} /usr/bin/python3 -W ignore:setup.py install is deprecated setup.py egg_info --egg-base ../../build/agv build --build-base /home/pi/finalagv_ros2_ws/build/agv/build install --record /home/pi/finalagv_ros2_ws/build/agv/install.log --install-scripts $base/lib/agv --single-version-externally-managed install_data
