[3.009s] Invoking command in '/home/pi/finalagv_ros2_ws/src/agv': PYTHONPATH=/home/pi/finalagv_ros2_ws/build/agv/prefix_override:/usr/lib/python3/dist-packages/colcon_core/task/python/colcon_distutils_commands:/home/pi/finalagv_ros2_ws/install/agv/lib/python3.8/site-packages:${PYTHONPATH} /usr/bin/python3 -W ignore:setup.py install is deprecated setup.py egg_info --egg-base ../../build/agv build --build-base /home/pi/finalagv_ros2_ws/build/agv/build install --record /home/pi/finalagv_ros2_ws/build/agv/install.log --install-scripts $base/lib/agv --single-version-externally-managed install_data
[3.939s] running egg_info
[3.941s] writing ../../build/agv/agv.egg-info/PKG-INFO
[3.944s] writing dependency_links to ../../build/agv/agv.egg-info/dependency_links.txt
[3.945s] writing entry points to ../../build/agv/agv.egg-info/entry_points.txt
[3.946s] writing requirements to ../../build/agv/agv.egg-info/requires.txt
[3.947s] writing top-level names to ../../build/agv/agv.egg-info/top_level.txt
[4.091s] reading manifest file '../../build/agv/agv.egg-info/SOURCES.txt'
[4.095s] writing manifest file '../../build/agv/agv.egg-info/SOURCES.txt'
[4.096s] running build
[4.096s] running build_py
[4.097s] copying agv/sub2.py -> /home/pi/finalagv_ros2_ws/build/agv/build/lib/agv
[4.102s] running install
[4.105s] running install_lib
[4.109s] copying /home/pi/finalagv_ros2_ws/build/agv/build/lib/agv/sub2.py -> /home/pi/finalagv_ros2_ws/install/agv/lib/python3.8/site-packages/agv
[4.114s] byte-compiling /home/pi/finalagv_ros2_ws/install/agv/lib/python3.8/site-packages/agv/sub2.py to sub2.cpython-38.pyc
[4.124s] running install_data
[4.128s] running install_egg_info
[4.135s] removing '/home/pi/finalagv_ros2_ws/install/agv/lib/python3.8/site-packages/agv-0.0.0-py3.8.egg-info' (and everything under it)
[4.138s] Copying ../../build/agv/agv.egg-info to /home/pi/finalagv_ros2_ws/install/agv/lib/python3.8/site-packages/agv-0.0.0-py3.8.egg-info
[4.144s] running install_scripts
[4.214s] Installing pub script to /home/pi/finalagv_ros2_ws/install/agv/lib/agv
[4.215s] Installing pub2 script to /home/pi/finalagv_ros2_ws/install/agv/lib/agv
[4.216s] Installing pub4 script to /home/pi/finalagv_ros2_ws/install/agv/lib/agv
[4.217s] Installing return script to /home/pi/finalagv_ros2_ws/install/agv/lib/agv
[4.218s] Installing sub script to /home/pi/finalagv_ros2_ws/install/agv/lib/agv
[4.220s] Installing sub2 script to /home/pi/finalagv_ros2_ws/install/agv/lib/agv
[4.221s] Installing tel script to /home/pi/finalagv_ros2_ws/install/agv/lib/agv
[4.221s] Installing udp script to /home/pi/finalagv_ros2_ws/install/agv/lib/agv
[4.224s] writing list of installed files to '/home/pi/finalagv_ros2_ws/build/agv/install.log'
[4.336s] Invoked command in '/home/pi/finalagv_ros2_ws/src/agv' returned '0': PYTHONPATH=/home/pi/finalagv_ros2_ws/build/agv/prefix_override:/usr/lib/python3/dist-packages/colcon_core/task/python/colcon_distutils_commands:/home/pi/finalagv_ros2_ws/install/agv/lib/python3.8/site-packages:${PYTHONPATH} /usr/bin/python3 -W ignore:setup.py install is deprecated setup.py egg_info --egg-base ../../build/agv build --build-base /home/pi/finalagv_ros2_ws/build/agv/build install --record /home/pi/finalagv_ros2_ws/build/agv/install.log --install-scripts $base/lib/agv --single-version-externally-managed install_data
