[2.987s] Invoking command in '/home/pi/finalagv_ros2_ws/src/agv': PYTHONPATH=/home/pi/finalagv_ros2_ws/build/agv/prefix_override:/usr/lib/python3/dist-packages/colcon_core/task/python/colcon_distutils_commands:/home/pi/finalagv_ros2_ws/install/agv/lib/python3.8/site-packages:${PYTHONPATH} /usr/bin/python3 -W ignore:setup.py install is deprecated setup.py egg_info --egg-base ../../build/agv build --build-base /home/pi/finalagv_ros2_ws/build/agv/build install --record /home/pi/finalagv_ros2_ws/build/agv/install.log --install-scripts $base/lib/agv --single-version-externally-managed install_data
[4.046s] running egg_info
[4.049s] writing ../../build/agv/agv.egg-info/PKG-INFO
[4.052s] writing dependency_links to ../../build/agv/agv.egg-info/dependency_links.txt
[4.054s] writing entry points to ../../build/agv/agv.egg-info/entry_points.txt
[4.055s] writing requirements to ../../build/agv/agv.egg-info/requires.txt
[4.056s] writing top-level names to ../../build/agv/agv.egg-info/top_level.txt
[4.210s] reading manifest file '../../build/agv/agv.egg-info/SOURCES.txt'
[4.215s] writing manifest file '../../build/agv/agv.egg-info/SOURCES.txt'
[4.215s] running build
[4.216s] running build_py
[4.218s] copying agv/sub2.py -> /home/pi/finalagv_ros2_ws/build/agv/build/lib/agv
[4.223s] running install
[4.226s] running install_lib
[4.231s] copying /home/pi/finalagv_ros2_ws/build/agv/build/lib/agv/sub2.py -> /home/pi/finalagv_ros2_ws/install/agv/lib/python3.8/site-packages/agv
[4.236s] byte-compiling /home/pi/finalagv_ros2_ws/install/agv/lib/python3.8/site-packages/agv/sub2.py to sub2.cpython-38.pyc
[4.250s] running install_data
[4.258s] running install_egg_info
[4.266s] removing '/home/pi/finalagv_ros2_ws/install/agv/lib/python3.8/site-packages/agv-0.0.0-py3.8.egg-info' (and everything under it)
[4.268s] Copying ../../build/agv/agv.egg-info to /home/pi/finalagv_ros2_ws/install/agv/lib/python3.8/site-packages/agv-0.0.0-py3.8.egg-info
[4.275s] running install_scripts
[4.351s] Installing pub script to /home/pi/finalagv_ros2_ws/install/agv/lib/agv
[4.355s] Installing pub2 script to /home/pi/finalagv_ros2_ws/install/agv/lib/agv
[4.356s] Installing sub script to /home/pi/finalagv_ros2_ws/install/agv/lib/agv
[4.358s] Installing sub2 script to /home/pi/finalagv_ros2_ws/install/agv/lib/agv
[4.359s] Installing tel script to /home/pi/finalagv_ros2_ws/install/agv/lib/agv
[4.360s] Installing udp script to /home/pi/finalagv_ros2_ws/install/agv/lib/agv
[4.362s] writing list of installed files to '/home/pi/finalagv_ros2_ws/build/agv/install.log'
[4.463s] Invoked command in '/home/pi/finalagv_ros2_ws/src/agv' returned '0': PYTHONPATH=/home/pi/finalagv_ros2_ws/build/agv/prefix_override:/usr/lib/python3/dist-packages/colcon_core/task/python/colcon_distutils_commands:/home/pi/finalagv_ros2_ws/install/agv/lib/python3.8/site-packages:${PYTHONPATH} /usr/bin/python3 -W ignore:setup.py install is deprecated setup.py egg_info --egg-base ../../build/agv build --build-base /home/pi/finalagv_ros2_ws/build/agv/build install --record /home/pi/finalagv_ros2_ws/build/agv/install.log --install-scripts $base/lib/agv --single-version-externally-managed install_data
